Input args:
Dim: 2
seed: 41
seed_data: 10
/home/samwiq/spa/seq-posterior-approx-w-nf-dev/mv_gaussian/low_dim_w_five_obs/lunarc
/home/samwiq/spa/seq-posterior-approx-w-nf-dev
tensor(2.6370e+13, grad_fn=<MeanBackward0>)
tensor(5.5615e+09, grad_fn=<MeanBackward0>)
tensor([ 5.4090e+10, -1.4371e+09, -1.2418e+07,  6.3304e+02,  8.1071e+05,
         9.3852e+05,  8.3573e+04, -1.2685e+04,  5.3631e+03, -3.9781e+02],
       grad_fn=<MeanBackward1>)
tensor([8.0003e+11, 2.2045e+10, 9.4552e+08, 1.3729e+04, 1.3734e+07, 1.5244e+07,
        2.6512e+06, 1.9790e+05, 2.0868e+05, 7.6114e+03],
       grad_fn=<StdBackward1>)
tensor([ 2.6986, -0.7122,  1.9632, -1.1754,  0.0476, -2.9716,  2.3556, -0.7990,
         3.3505, -0.0272])
start full training
Iteration: 1
start update likelihood model
Epoch: 0, loss: 19.486779308319093, eval loss: [NA]
Epoch: 1, loss: 13.434621276855468, eval loss: [NA]
Epoch: 2, loss: 11.099746236801147, eval loss: [NA]
Epoch: 3, loss: 10.556519994735718, eval loss: [NA]
Epoch: 4, loss: 10.458087306022644, eval loss: [NA]
Epoch: 5, loss: 10.389685788154601, eval loss: [NA]
Epoch: 6, loss: 10.360418992042542, eval loss: [NA]
Epoch: 7, loss: 10.333121256828308, eval loss: [NA]
Epoch: 8, loss: 10.31003429889679, eval loss: [NA]
Epoch: 9, loss: 10.269000239372254, eval loss: [NA]
Epoch: 10, loss: 10.275207643508912, eval loss: [NA]
Epoch: 11, loss: 10.283691668510437, eval loss: [NA]
Epoch: 12, loss: 10.295454106330872, eval loss: [NA]
Epoch: 13, loss: 10.266912026405334, eval loss: [NA]
Epoch: 14, loss: 10.246432662010193, eval loss: [NA]
Epoch: 15, loss: 10.225155234336853, eval loss: [NA]
Epoch: 16, loss: 10.22407825946808, eval loss: [NA]
Epoch: 17, loss: 10.235310077667236, eval loss: [NA]
Epoch: 18, loss: 10.216777024269105, eval loss: [NA]
Epoch: 19, loss: 10.22335599899292, eval loss: [NA]
Epoch: 20, loss: 10.193190002441407, eval loss: [NA]
Epoch: 21, loss: 10.213700127601623, eval loss: [NA]
Epoch: 22, loss: 10.196886019706726, eval loss: [NA]
Epoch: 23, loss: 10.200717825889587, eval loss: [NA]
Epoch: 24, loss: 10.205791811943055, eval loss: [NA]
start update posterior model from prior pred - hot start
Epoch: 0, loss: 2.114365139305592, eval loss: [NA]
Epoch: 1, loss: 0.876574848741293, eval loss: [NA]
Epoch: 2, loss: 0.6477709354460239, eval loss: [NA]
Epoch: 3, loss: 0.5998955377936364, eval loss: [NA]
Epoch: 4, loss: 0.5637859595566987, eval loss: [NA]
start update posterior model
Epoch: 0, loss: 13.14457839012146, eval loss: [NA]
Epoch: 1, loss: 13.100225939750672, eval loss: [NA]
Epoch: 2, loss: 13.092550954818726, eval loss: [NA]
Epoch: 3, loss: 13.091072053909302, eval loss: [NA]
Epoch: 4, loss: 13.09034481525421, eval loss: [NA]
Epoch: 5, loss: 13.09146695137024, eval loss: [NA]
Epoch: 6, loss: 13.083412337303162, eval loss: [NA]
Epoch: 7, loss: 13.106315741539001, eval loss: [NA]
Epoch: 8, loss: 13.093284306526185, eval loss: [NA]
Epoch: 9, loss: 13.091888165473938, eval loss: [NA]
Epoch: 10, loss: 13.086866216659546, eval loss: [NA]
Epoch: 11, loss: 13.071508445739745, eval loss: [NA]
Epoch: 12, loss: 13.07583113193512, eval loss: [NA]
Epoch: 13, loss: 13.07312910079956, eval loss: [NA]
Epoch: 14, loss: 13.076103959083557, eval loss: [NA]
Epoch: 15, loss: 13.069287061691284, eval loss: [NA]
Epoch: 16, loss: 13.073411765098571, eval loss: [NA]
Epoch: 17, loss: 13.076149320602417, eval loss: [NA]
Epoch: 18, loss: 13.076148414611817, eval loss: [NA]
Epoch: 19, loss: 13.06683539867401, eval loss: [NA]
Epoch: 20, loss: 13.078612957000733, eval loss: [NA]
Epoch: 21, loss: 13.071431341171264, eval loss: [NA]
Epoch: 22, loss: 13.083571572303772, eval loss: [NA]
Epoch: 23, loss: 13.069157843589783, eval loss: [NA]
Epoch: 24, loss: 13.074539642333985, eval loss: [NA]
Epoch: 25, loss: 13.080238099098205, eval loss: [NA]
Epoch: 26, loss: 13.06860233783722, eval loss: [NA]
Epoch: 27, loss: 13.074647798538209, eval loss: [NA]
Epoch: 28, loss: 13.089976587295531, eval loss: [NA]
Epoch: 29, loss: 13.078058099746704, eval loss: [NA]
Iteration: 2
start update likelihood model
Epoch: 0, loss: 10.157740001678468, eval loss: [NA]
Epoch: 1, loss: 10.15660889148712, eval loss: [NA]
Epoch: 2, loss: 10.133767213821411, eval loss: [NA]
Epoch: 3, loss: 10.120492548942567, eval loss: [NA]
Epoch: 4, loss: 10.115933527946472, eval loss: [NA]
Epoch: 5, loss: 10.10569848060608, eval loss: [NA]
Epoch: 6, loss: 10.128026986122132, eval loss: [NA]
Epoch: 7, loss: 10.122402319908142, eval loss: [NA]
Epoch: 8, loss: 10.11761095046997, eval loss: [NA]
Epoch: 9, loss: 10.116347112655639, eval loss: [NA]
Epoch: 10, loss: 10.134070444107056, eval loss: [NA]
Epoch: 11, loss: 10.109573016166687, eval loss: [NA]
Epoch: 12, loss: 10.114904103279114, eval loss: [NA]
Epoch: 13, loss: 10.09878487586975, eval loss: [NA]
Epoch: 14, loss: 10.097572660446167, eval loss: [NA]
Epoch: 15, loss: 10.107017846107484, eval loss: [NA]
Epoch: 16, loss: 10.100022311210632, eval loss: [NA]
Epoch: 17, loss: 10.119562101364135, eval loss: [NA]
Epoch: 18, loss: 10.090798778533935, eval loss: [NA]
Epoch: 19, loss: 10.089847869873047, eval loss: [NA]
Epoch: 20, loss: 10.106592350006103, eval loss: [NA]
Epoch: 21, loss: 10.08961905002594, eval loss: [NA]
Epoch: 22, loss: 10.107803025245666, eval loss: [NA]
Epoch: 23, loss: 10.098750524520874, eval loss: [NA]
Epoch: 24, loss: 10.081307845115662, eval loss: [NA]
Epoch: 25, loss: 10.08427625656128, eval loss: [NA]
Epoch: 26, loss: 10.090474848747254, eval loss: [NA]
Epoch: 27, loss: 10.08151713848114, eval loss: [NA]
Epoch: 28, loss: 10.08229404449463, eval loss: [NA]
Epoch: 29, loss: 10.093635802268983, eval loss: [NA]
start update posterior model
Epoch: 0, loss: 12.686615552902222, eval loss: [NA]
Epoch: 1, loss: 12.688230867385863, eval loss: [NA]
Epoch: 2, loss: 12.685376596450805, eval loss: [NA]
Epoch: 3, loss: 12.679736824035645, eval loss: [NA]
Epoch: 4, loss: 12.679506025314332, eval loss: [NA]
Epoch: 5, loss: 12.678975110054017, eval loss: [NA]
Epoch: 6, loss: 12.691125674247742, eval loss: [NA]
Epoch: 7, loss: 12.677553434371948, eval loss: [NA]
Epoch: 8, loss: 12.683054075241088, eval loss: [NA]
Epoch: 9, loss: 12.68716992378235, eval loss: [NA]
Epoch: 10, loss: 12.677859392166138, eval loss: [NA]
Epoch: 11, loss: 12.686106772422791, eval loss: [NA]
Epoch: 12, loss: 12.683500027656555, eval loss: [NA]
Epoch: 13, loss: 12.67801950454712, eval loss: [NA]
Epoch: 14, loss: 12.678666729927063, eval loss: [NA]
Epoch: 15, loss: 12.681034626960754, eval loss: [NA]
Epoch: 16, loss: 12.677868762016296, eval loss: [NA]
Epoch: 17, loss: 12.676648850440978, eval loss: [NA]
Epoch: 18, loss: 12.68439094543457, eval loss: [NA]
Epoch: 19, loss: 12.684156675338745, eval loss: [NA]
Epoch: 20, loss: 12.681258211135864, eval loss: [NA]
Epoch: 21, loss: 12.6792227268219, eval loss: [NA]
Epoch: 22, loss: 12.682271394729614, eval loss: [NA]
Epoch: 23, loss: 12.677698063850404, eval loss: [NA]
Epoch: 24, loss: 12.689432249069213, eval loss: [NA]
Epoch: 25, loss: 12.68213752746582, eval loss: [NA]
Epoch: 26, loss: 12.676945385932923, eval loss: [NA]
Epoch: 27, loss: 12.674557251930237, eval loss: [NA]
Epoch: 28, loss: 12.684342279434205, eval loss: [NA]
Epoch: 29, loss: 12.68230923652649, eval loss: [NA]
Iteration: 3
start update likelihood model
Epoch: 0, loss: 10.15294846057892, eval loss: [NA]
Epoch: 1, loss: 10.139746327400207, eval loss: [NA]
Epoch: 2, loss: 10.135469422340392, eval loss: [NA]
Epoch: 3, loss: 10.139041576385498, eval loss: [NA]
Epoch: 4, loss: 10.127431778907775, eval loss: [NA]
Epoch: 5, loss: 10.11339714050293, eval loss: [NA]
Epoch: 6, loss: 10.115122838020325, eval loss: [NA]
Epoch: 7, loss: 10.11785596370697, eval loss: [NA]
Epoch: 8, loss: 10.107900352478028, eval loss: [NA]
Epoch: 9, loss: 10.109618215560912, eval loss: [NA]
Epoch: 10, loss: 10.101412043571472, eval loss: [NA]
Epoch: 11, loss: 10.102331171035766, eval loss: [NA]
Epoch: 12, loss: 10.103987488746643, eval loss: [NA]
Epoch: 13, loss: 10.095470852851868, eval loss: [NA]
Epoch: 14, loss: 10.099830222129821, eval loss: [NA]
Epoch: 15, loss: 10.099205470085144, eval loss: [NA]
Epoch: 16, loss: 10.100970182418823, eval loss: [NA]
Epoch: 17, loss: 10.094876642227172, eval loss: [NA]
Epoch: 18, loss: 10.090965571403503, eval loss: [NA]
Epoch: 19, loss: 10.099144177436829, eval loss: [NA]
Epoch: 20, loss: 10.084665517807007, eval loss: [NA]
Epoch: 21, loss: 10.098508954048157, eval loss: [NA]
Epoch: 22, loss: 10.088078694343567, eval loss: [NA]
Epoch: 23, loss: 10.08354513168335, eval loss: [NA]
Epoch: 24, loss: 10.099514575004578, eval loss: [NA]
Epoch: 25, loss: 10.096018929481506, eval loss: [NA]
Epoch: 26, loss: 10.088410058021545, eval loss: [NA]
Epoch: 27, loss: 10.087462997436523, eval loss: [NA]
Epoch: 28, loss: 10.080304684638977, eval loss: [NA]
Epoch: 29, loss: 10.074377255439758, eval loss: [NA]
start update posterior model
Epoch: 0, loss: 12.291091737747193, eval loss: [NA]
Epoch: 1, loss: 12.288270092010498, eval loss: [NA]
Epoch: 2, loss: 12.28513337135315, eval loss: [NA]
Epoch: 3, loss: 12.286357188224793, eval loss: [NA]
Epoch: 4, loss: 12.283469614982605, eval loss: [NA]
Epoch: 5, loss: 12.289165754318237, eval loss: [NA]
Epoch: 6, loss: 12.287319016456603, eval loss: [NA]
Epoch: 7, loss: 12.283206133842468, eval loss: [NA]
Epoch: 8, loss: 12.281067280769348, eval loss: [NA]
Epoch: 9, loss: 12.285393104553222, eval loss: [NA]
Epoch: 10, loss: 12.284939913749694, eval loss: [NA]
Epoch: 11, loss: 12.291151056289673, eval loss: [NA]
Epoch: 12, loss: 12.292907137870788, eval loss: [NA]
Epoch: 13, loss: 12.2831920003891, eval loss: [NA]
Epoch: 14, loss: 12.285171360969544, eval loss: [NA]
Epoch: 15, loss: 12.28746817111969, eval loss: [NA]
Epoch: 16, loss: 12.286732726097107, eval loss: [NA]
Epoch: 17, loss: 12.292116026878357, eval loss: [NA]
Epoch: 18, loss: 12.286341972351075, eval loss: [NA]
Epoch: 19, loss: 12.289682431221008, eval loss: [NA]
Epoch: 20, loss: 12.285135459899902, eval loss: [NA]
Epoch: 21, loss: 12.287495045661926, eval loss: [NA]
Epoch: 22, loss: 12.28752254486084, eval loss: [NA]
Epoch: 23, loss: 12.285506329536439, eval loss: [NA]
Epoch: 24, loss: 12.288029670715332, eval loss: [NA]
Epoch: 25, loss: 12.282004828453063, eval loss: [NA]
Epoch: 26, loss: 12.283658585548402, eval loss: [NA]
Epoch: 27, loss: 12.290373015403748, eval loss: [NA]
Epoch: 28, loss: 12.28341811656952, eval loss: [NA]
Epoch: 29, loss: 12.28353015422821, eval loss: [NA]
Iteration: 4
start update likelihood model
Epoch: 0, loss: 10.108998222351074, eval loss: [NA]
Epoch: 1, loss: 10.10121332168579, eval loss: [NA]
Epoch: 2, loss: 10.100835471153259, eval loss: [NA]
Epoch: 3, loss: 10.09609146118164, eval loss: [NA]
Epoch: 4, loss: 10.081078219413758, eval loss: [NA]
Epoch: 5, loss: 10.080886287689209, eval loss: [NA]
Epoch: 6, loss: 10.090280027389527, eval loss: [NA]
Epoch: 7, loss: 10.080234899520875, eval loss: [NA]
Epoch: 8, loss: 10.077807154655456, eval loss: [NA]
Epoch: 9, loss: 10.076929678916931, eval loss: [NA]
Epoch: 10, loss: 10.085829286575317, eval loss: [NA]
Epoch: 11, loss: 10.07321253299713, eval loss: [NA]
Epoch: 12, loss: 10.081582145690918, eval loss: [NA]
Epoch: 13, loss: 10.070552434921265, eval loss: [NA]
Epoch: 14, loss: 10.089342999458314, eval loss: [NA]
Epoch: 15, loss: 10.068469376564027, eval loss: [NA]
Epoch: 16, loss: 10.075063281059265, eval loss: [NA]
Epoch: 17, loss: 10.063783388137818, eval loss: [NA]
Epoch: 18, loss: 10.07213231086731, eval loss: [NA]
Epoch: 19, loss: 10.063450536727906, eval loss: [NA]
Epoch: 20, loss: 10.070141491889954, eval loss: [NA]
Epoch: 21, loss: 10.06179015159607, eval loss: [NA]
Epoch: 22, loss: 10.055802340507507, eval loss: [NA]
Epoch: 23, loss: 10.062023882865907, eval loss: [NA]
Epoch: 24, loss: 10.063183999061584, eval loss: [NA]
Epoch: 25, loss: 10.063129062652587, eval loss: [NA]
Epoch: 26, loss: 10.066930661201477, eval loss: [NA]
Epoch: 27, loss: 10.05675018787384, eval loss: [NA]
Epoch: 28, loss: 10.059029097557067, eval loss: [NA]
Epoch: 29, loss: 10.058005423545838, eval loss: [NA]
start update posterior model
Epoch: 0, loss: 12.214553966522217, eval loss: [NA]
Epoch: 1, loss: 12.207273211479187, eval loss: [NA]
Epoch: 2, loss: 12.212172303199768, eval loss: [NA]
Epoch: 3, loss: 12.208956303596496, eval loss: [NA]
Epoch: 4, loss: 12.216051411628722, eval loss: [NA]
Epoch: 5, loss: 12.206399879455567, eval loss: [NA]
Epoch: 6, loss: 12.209997925758362, eval loss: [NA]
Epoch: 7, loss: 12.207894721031188, eval loss: [NA]
Epoch: 8, loss: 12.204508180618285, eval loss: [NA]
Epoch: 9, loss: 12.206885347366333, eval loss: [NA]
Epoch: 10, loss: 12.206696739196778, eval loss: [NA]
Epoch: 11, loss: 12.204141869544983, eval loss: [NA]
Epoch: 12, loss: 12.202502570152284, eval loss: [NA]
Epoch: 13, loss: 12.21069498538971, eval loss: [NA]
Epoch: 14, loss: 12.209205026626586, eval loss: [NA]
Epoch: 15, loss: 12.208689122200012, eval loss: [NA]
Epoch: 16, loss: 12.201215195655823, eval loss: [NA]
Epoch: 17, loss: 12.204562397003174, eval loss: [NA]
Epoch: 18, loss: 12.207829842567444, eval loss: [NA]
Epoch: 19, loss: 12.20601963043213, eval loss: [NA]
Epoch: 20, loss: 12.20576072216034, eval loss: [NA]
Epoch: 21, loss: 12.208009366989137, eval loss: [NA]
Epoch: 22, loss: 12.211028027534486, eval loss: [NA]
Epoch: 23, loss: 12.206752667427063, eval loss: [NA]
Epoch: 24, loss: 12.20114333152771, eval loss: [NA]
Epoch: 25, loss: 12.203676443099976, eval loss: [NA]
Epoch: 26, loss: 12.206067247390747, eval loss: [NA]
Epoch: 27, loss: 12.20859679222107, eval loss: [NA]
Epoch: 28, loss: 12.208802647590637, eval loss: [NA]
Epoch: 29, loss: 12.20513373374939, eval loss: [NA]

Runtime:627.06
[4610400186052047.0, 0.0108, 0.0066, 0.0067]
[5561480192.0, 1.3521, 1.3076, 1.3311]
[26369698299904.0, 1.3463, 1.4007, 1.4204]
KL div untrained: 6675437767023865.0
KL div trained: 0.0171
