Input args:
Dim: 2
seed: 4
seed_data: 10
/home/samwiq/snpla/seq-posterior-approx-w-nf-dev/mv_gaussian/low_dim_w_five_obs/lunarc
/home/samwiq/snpla/seq-posterior-approx-w-nf-dev
tensor(2.5968e+13, grad_fn=<MeanBackward0>)
tensor(9.6813e+08, grad_fn=<MeanBackward0>)
tensor([ 9.4353e+09, -1.9191e+08,  3.9459e+07,  5.0382e+02,  9.3384e+04,
         1.2223e+06,  2.1925e+04, -1.5928e+04,  2.0467e+02,  4.2432e+00],
       grad_fn=<MeanBackward1>)
tensor([1.4111e+11, 3.7165e+09, 7.9454e+08, 1.5159e+04, 2.2568e+06, 2.0884e+07,
        5.8886e+05, 2.7139e+05, 5.2937e+04, 1.3006e+03],
       grad_fn=<StdBackward1>)
tensor([-5.4795, -1.3369, -0.9523,  3.5409, -2.1759,  1.8250, -5.2685, -0.8735,
        -2.5820,  1.8081])
start full training
Iteration: 1
start update likelihood model
Epoch: 0, loss: 19.985989265441894, eval loss: [NA]
Epoch: 1, loss: 13.755656428337097, eval loss: [NA]
Epoch: 2, loss: 11.389429960250855, eval loss: [NA]
Epoch: 3, loss: 10.626819891929626, eval loss: [NA]
Epoch: 4, loss: 10.433566598892211, eval loss: [NA]
Epoch: 5, loss: 10.372530183792115, eval loss: [NA]
Epoch: 6, loss: 10.32684383392334, eval loss: [NA]
Epoch: 7, loss: 10.300010881423951, eval loss: [NA]
Epoch: 8, loss: 10.284493474960327, eval loss: [NA]
Epoch: 9, loss: 10.251861052513123, eval loss: [NA]
Epoch: 10, loss: 10.262422595024109, eval loss: [NA]
Epoch: 11, loss: 10.219489469528199, eval loss: [NA]
Epoch: 12, loss: 10.246648302078247, eval loss: [NA]
Epoch: 13, loss: 10.218754739761353, eval loss: [NA]
Epoch: 14, loss: 10.211931767463684, eval loss: [NA]
Epoch: 15, loss: 10.207033624649048, eval loss: [NA]
Epoch: 16, loss: 10.21322027206421, eval loss: [NA]
Epoch: 17, loss: 10.175516257286072, eval loss: [NA]
Epoch: 18, loss: 10.160260524749756, eval loss: [NA]
Epoch: 19, loss: 10.170205674171449, eval loss: [NA]
Epoch: 20, loss: 10.171003470420837, eval loss: [NA]
Epoch: 21, loss: 10.16126358985901, eval loss: [NA]
Epoch: 22, loss: 10.15981840610504, eval loss: [NA]
Epoch: 23, loss: 10.180241074562073, eval loss: [NA]
Epoch: 24, loss: 10.16072726726532, eval loss: [NA]
start update posterior model from prior pred - hot start
Epoch: 0, loss: 2.2945280531048775, eval loss: [NA]
Epoch: 1, loss: 0.8948344227671623, eval loss: [NA]
Epoch: 2, loss: 0.6732921475917101, eval loss: [NA]
Epoch: 3, loss: 0.626935134679079, eval loss: [NA]
Epoch: 4, loss: 0.5715909403562546, eval loss: [NA]
start update posterior model
Epoch: 0, loss: 17.817926445007323, eval loss: [NA]
Epoch: 1, loss: 17.669479932785034, eval loss: [NA]
Epoch: 2, loss: 17.67009895324707, eval loss: [NA]
Epoch: 3, loss: 17.657177324295045, eval loss: [NA]
Epoch: 4, loss: 17.647016258239745, eval loss: [NA]
Epoch: 5, loss: 17.654874658584596, eval loss: [NA]
Epoch: 6, loss: 17.644739713668823, eval loss: [NA]
Epoch: 7, loss: 17.63519944190979, eval loss: [NA]
Epoch: 8, loss: 17.633593292236327, eval loss: [NA]
Epoch: 9, loss: 17.65057451248169, eval loss: [NA]
Epoch: 10, loss: 17.62479832649231, eval loss: [NA]
Epoch: 11, loss: 17.63825390815735, eval loss: [NA]
Epoch: 12, loss: 17.644362478256227, eval loss: [NA]
Epoch: 13, loss: 17.629454984664918, eval loss: [NA]
Epoch: 14, loss: 17.6344575214386, eval loss: [NA]
Epoch: 15, loss: 17.62215350151062, eval loss: [NA]
Epoch: 16, loss: 17.631100521087646, eval loss: [NA]
Epoch: 17, loss: 17.63004238128662, eval loss: [NA]
Epoch: 18, loss: 17.642459125518798, eval loss: [NA]
Epoch: 19, loss: 17.62096615791321, eval loss: [NA]
Epoch: 20, loss: 17.62958749771118, eval loss: [NA]
Epoch: 21, loss: 17.614473304748536, eval loss: [NA]
Epoch: 22, loss: 17.637701120376587, eval loss: [NA]
Epoch: 23, loss: 17.643877182006836, eval loss: [NA]
Epoch: 24, loss: 17.624368104934693, eval loss: [NA]
Epoch: 25, loss: 17.613126125335693, eval loss: [NA]
Epoch: 26, loss: 17.62330719947815, eval loss: [NA]
Epoch: 27, loss: 17.630886516571046, eval loss: [NA]
Epoch: 28, loss: 17.629360971450804, eval loss: [NA]
Epoch: 29, loss: 17.6409361743927, eval loss: [NA]
Iteration: 2
start update likelihood model
Epoch: 0, loss: 10.187310953140258, eval loss: [NA]
Epoch: 1, loss: 10.175342574119568, eval loss: [NA]
Epoch: 2, loss: 10.16465913772583, eval loss: [NA]
Epoch: 3, loss: 10.151930599212646, eval loss: [NA]
Epoch: 4, loss: 10.134360551834106, eval loss: [NA]
Epoch: 5, loss: 10.119370574951171, eval loss: [NA]
Epoch: 6, loss: 10.130163497924805, eval loss: [NA]
Epoch: 7, loss: 10.120980362892151, eval loss: [NA]
Epoch: 8, loss: 10.127963895797729, eval loss: [NA]
Epoch: 9, loss: 10.124175090789794, eval loss: [NA]
Epoch: 10, loss: 10.10627769947052, eval loss: [NA]
Epoch: 11, loss: 10.103354420661926, eval loss: [NA]
Epoch: 12, loss: 10.12213152885437, eval loss: [NA]
Epoch: 13, loss: 10.128473114967345, eval loss: [NA]
Epoch: 14, loss: 10.116299166679383, eval loss: [NA]
Epoch: 15, loss: 10.113424415588378, eval loss: [NA]
Epoch: 16, loss: 10.117853035926819, eval loss: [NA]
Epoch: 17, loss: 10.106588892936706, eval loss: [NA]
Epoch: 18, loss: 10.10975835800171, eval loss: [NA]
Epoch: 19, loss: 10.088864212036134, eval loss: [NA]
Epoch: 20, loss: 10.098289122581482, eval loss: [NA]
Epoch: 21, loss: 10.09360782623291, eval loss: [NA]
Epoch: 22, loss: 10.107614841461181, eval loss: [NA]
Epoch: 23, loss: 10.088991703987121, eval loss: [NA]
Epoch: 24, loss: 10.095200877189637, eval loss: [NA]
Epoch: 25, loss: 10.085260920524597, eval loss: [NA]
Epoch: 26, loss: 10.076989407539367, eval loss: [NA]
Epoch: 27, loss: 10.076684918403625, eval loss: [NA]
Epoch: 28, loss: 10.091199412345887, eval loss: [NA]
Epoch: 29, loss: 10.07156759738922, eval loss: [NA]
start update posterior model
Epoch: 0, loss: 16.92342472076416, eval loss: [NA]
Epoch: 1, loss: 16.91745228767395, eval loss: [NA]
Epoch: 2, loss: 16.896415147781372, eval loss: [NA]
Epoch: 3, loss: 16.904401063919067, eval loss: [NA]
Epoch: 4, loss: 16.897950086593628, eval loss: [NA]
Epoch: 5, loss: 16.906130800247194, eval loss: [NA]
Epoch: 6, loss: 16.90834035873413, eval loss: [NA]
Epoch: 7, loss: 16.905754060745238, eval loss: [NA]
Epoch: 8, loss: 16.906143102645874, eval loss: [NA]
Epoch: 9, loss: 16.904027614593506, eval loss: [NA]
Epoch: 10, loss: 16.90797710418701, eval loss: [NA]
Epoch: 11, loss: 16.902973031997682, eval loss: [NA]
Epoch: 12, loss: 16.898912620544433, eval loss: [NA]
Epoch: 13, loss: 16.90232530593872, eval loss: [NA]
Epoch: 14, loss: 16.89571604728699, eval loss: [NA]
Epoch: 15, loss: 16.89172915458679, eval loss: [NA]
Epoch: 16, loss: 16.904168815612792, eval loss: [NA]
Epoch: 17, loss: 16.90134783744812, eval loss: [NA]
Epoch: 18, loss: 16.902901382446288, eval loss: [NA]
Epoch: 19, loss: 16.904281578063966, eval loss: [NA]
Epoch: 20, loss: 16.896386518478394, eval loss: [NA]
Epoch: 21, loss: 16.902104358673096, eval loss: [NA]
Epoch: 22, loss: 16.899833536148073, eval loss: [NA]
Epoch: 23, loss: 16.898873567581177, eval loss: [NA]
Epoch: 24, loss: 16.894996795654297, eval loss: [NA]
Epoch: 25, loss: 16.910827560424806, eval loss: [NA]
Epoch: 26, loss: 16.903777141571044, eval loss: [NA]
Epoch: 27, loss: 16.89561954498291, eval loss: [NA]
Epoch: 28, loss: 16.907932777404785, eval loss: [NA]
Epoch: 29, loss: 16.90659472465515, eval loss: [NA]
Iteration: 3
start update likelihood model
Epoch: 0, loss: 10.162694997787476, eval loss: [NA]
Epoch: 1, loss: 10.121268019676208, eval loss: [NA]
Epoch: 2, loss: 10.113784523010255, eval loss: [NA]
Epoch: 3, loss: 10.135500373840332, eval loss: [NA]
Epoch: 4, loss: 10.110239133834838, eval loss: [NA]
Epoch: 5, loss: 10.120876688957214, eval loss: [NA]
Epoch: 6, loss: 10.12948160648346, eval loss: [NA]
Epoch: 7, loss: 10.100086402893066, eval loss: [NA]
Epoch: 8, loss: 10.109589796066285, eval loss: [NA]
Epoch: 9, loss: 10.100604882240296, eval loss: [NA]
Epoch: 10, loss: 10.100260372161864, eval loss: [NA]
Epoch: 11, loss: 10.116776881217957, eval loss: [NA]
Epoch: 12, loss: 10.104566526412963, eval loss: [NA]
Epoch: 13, loss: 10.09797869682312, eval loss: [NA]
Epoch: 14, loss: 10.112906680107116, eval loss: [NA]
Epoch: 15, loss: 10.08839686870575, eval loss: [NA]
Epoch: 16, loss: 10.0829456615448, eval loss: [NA]
Epoch: 17, loss: 10.094950046539306, eval loss: [NA]
Epoch: 18, loss: 10.089523830413818, eval loss: [NA]
Epoch: 19, loss: 10.087318630218506, eval loss: [NA]
Epoch: 20, loss: 10.090787081718444, eval loss: [NA]
Epoch: 21, loss: 10.107676043510438, eval loss: [NA]
Epoch: 22, loss: 10.095147976875305, eval loss: [NA]
Epoch: 23, loss: 10.078010888099671, eval loss: [NA]
Epoch: 24, loss: 10.084559917449951, eval loss: [NA]
Epoch: 25, loss: 10.077745862007141, eval loss: [NA]
Epoch: 26, loss: 10.082734994888305, eval loss: [NA]
Epoch: 27, loss: 10.070480313301086, eval loss: [NA]
Epoch: 28, loss: 10.069519181251525, eval loss: [NA]
Epoch: 29, loss: 10.085252423286438, eval loss: [NA]
start update posterior model
Epoch: 0, loss: 17.050764150619507, eval loss: [NA]
Epoch: 1, loss: 17.04605520248413, eval loss: [NA]
Epoch: 2, loss: 17.051237592697145, eval loss: [NA]
Epoch: 3, loss: 17.04967939376831, eval loss: [NA]
Epoch: 4, loss: 17.048691158294677, eval loss: [NA]
Epoch: 5, loss: 17.05016646385193, eval loss: [NA]
Epoch: 6, loss: 17.051436595916748, eval loss: [NA]
Epoch: 7, loss: 17.051981344223023, eval loss: [NA]
Epoch: 8, loss: 17.03833755493164, eval loss: [NA]
Epoch: 9, loss: 17.04665189743042, eval loss: [NA]
Epoch: 10, loss: 17.046401767730714, eval loss: [NA]
Epoch: 11, loss: 17.054323425292967, eval loss: [NA]
Epoch: 12, loss: 17.04134545326233, eval loss: [NA]
Epoch: 13, loss: 17.0456272315979, eval loss: [NA]
Epoch: 14, loss: 17.045073976516722, eval loss: [NA]
Epoch: 15, loss: 17.04454822540283, eval loss: [NA]
Epoch: 16, loss: 17.049130535125734, eval loss: [NA]
Epoch: 17, loss: 17.051702709197997, eval loss: [NA]
Epoch: 18, loss: 17.048081378936768, eval loss: [NA]
Epoch: 19, loss: 17.04015959739685, eval loss: [NA]
Epoch: 20, loss: 17.044184656143187, eval loss: [NA]
Epoch: 21, loss: 17.040335512161256, eval loss: [NA]
Epoch: 22, loss: 17.042475128173827, eval loss: [NA]
Epoch: 23, loss: 17.040974922180176, eval loss: [NA]
Epoch: 24, loss: 17.04096594810486, eval loss: [NA]
Epoch: 25, loss: 17.043062744140624, eval loss: [NA]
Epoch: 26, loss: 17.038322801589967, eval loss: [NA]
Epoch: 27, loss: 17.047948122024536, eval loss: [NA]
Epoch: 28, loss: 17.043408708572386, eval loss: [NA]
Epoch: 29, loss: 17.041857290267945, eval loss: [NA]
Iteration: 4
start update likelihood model
Epoch: 0, loss: 10.128011088371277, eval loss: [NA]
Epoch: 1, loss: 10.126176061630249, eval loss: [NA]
Epoch: 2, loss: 10.108682861328125, eval loss: [NA]
Epoch: 3, loss: 10.102889313697816, eval loss: [NA]
Epoch: 4, loss: 10.092187070846558, eval loss: [NA]
Epoch: 5, loss: 10.093542847633362, eval loss: [NA]
Epoch: 6, loss: 10.101054906845093, eval loss: [NA]
Epoch: 7, loss: 10.084782834053039, eval loss: [NA]
Epoch: 8, loss: 10.089792747497558, eval loss: [NA]
Epoch: 9, loss: 10.08030194759369, eval loss: [NA]
Epoch: 10, loss: 10.091452693939209, eval loss: [NA]
Epoch: 11, loss: 10.092970790863037, eval loss: [NA]
Epoch: 12, loss: 10.095294556617738, eval loss: [NA]
Epoch: 13, loss: 10.079305195808411, eval loss: [NA]
Epoch: 14, loss: 10.074174246788026, eval loss: [NA]
Epoch: 15, loss: 10.071807556152343, eval loss: [NA]
Epoch: 16, loss: 10.074764246940612, eval loss: [NA]
Epoch: 17, loss: 10.070731196403504, eval loss: [NA]
Epoch: 18, loss: 10.076293234825135, eval loss: [NA]
Epoch: 19, loss: 10.084744997024536, eval loss: [NA]
Epoch: 20, loss: 10.06518654346466, eval loss: [NA]
Epoch: 21, loss: 10.072751879692078, eval loss: [NA]
Epoch: 22, loss: 10.075316743850708, eval loss: [NA]
Epoch: 23, loss: 10.06840229511261, eval loss: [NA]
Epoch: 24, loss: 10.070579948425292, eval loss: [NA]
Epoch: 25, loss: 10.060944967269897, eval loss: [NA]
Epoch: 26, loss: 10.063262643814086, eval loss: [NA]
Epoch: 27, loss: 10.056399097442627, eval loss: [NA]
Epoch: 28, loss: 10.06213812828064, eval loss: [NA]
Epoch: 29, loss: 10.061756482124329, eval loss: [NA]
start update posterior model
Epoch: 0, loss: 17.145019149780275, eval loss: [NA]
Epoch: 1, loss: 17.15578701019287, eval loss: [NA]
Epoch: 2, loss: 17.149449558258056, eval loss: [NA]
Epoch: 3, loss: 17.145520610809328, eval loss: [NA]
Epoch: 4, loss: 17.147570114135743, eval loss: [NA]
Epoch: 5, loss: 17.144858808517455, eval loss: [NA]
Epoch: 6, loss: 17.14942331314087, eval loss: [NA]
Epoch: 7, loss: 17.14298861503601, eval loss: [NA]
Epoch: 8, loss: 17.141212997436522, eval loss: [NA]
Epoch: 9, loss: 17.147554140090943, eval loss: [NA]
Epoch: 10, loss: 17.14175150871277, eval loss: [NA]
Epoch: 11, loss: 17.138381147384642, eval loss: [NA]
Epoch: 12, loss: 17.147736978530883, eval loss: [NA]
Epoch: 13, loss: 17.14391372680664, eval loss: [NA]
Epoch: 14, loss: 17.14335141181946, eval loss: [NA]
Epoch: 15, loss: 17.14878628730774, eval loss: [NA]
Epoch: 16, loss: 17.151402225494383, eval loss: [NA]
Epoch: 17, loss: 17.141408452987672, eval loss: [NA]
Epoch: 18, loss: 17.142490043640137, eval loss: [NA]
Epoch: 19, loss: 17.14307439804077, eval loss: [NA]
Epoch: 20, loss: 17.14726529121399, eval loss: [NA]
Epoch: 21, loss: 17.14113544464111, eval loss: [NA]
Epoch: 22, loss: 17.146825218200682, eval loss: [NA]
Epoch: 23, loss: 17.143366870880126, eval loss: [NA]
Epoch: 24, loss: 17.14362699508667, eval loss: [NA]
Epoch: 25, loss: 17.148108406066896, eval loss: [NA]
Epoch: 26, loss: 17.14711332321167, eval loss: [NA]
Epoch: 27, loss: 17.134223699569702, eval loss: [NA]
Epoch: 28, loss: 17.137810287475585, eval loss: [NA]
Epoch: 29, loss: 17.144653253555298, eval loss: [NA]

Runtime:596.71
[9985617184275.182, 0.0159, 0.0049, 0.0065]
[968125184.0, 1.8521, 1.8668, 1.8598]
[25967672164352.0, 1.4028, 1.4077, 1.3865]
KL div untrained: 8026199957813.498
KL div trained: 0.0083
