Input args:
Dim: 2
seed: 36
seed_data: 10
/home/samwiq/spa/seq-posterior-approx-w-nf-dev/mv_gaussian/low_dim_w_five_obs/lunarc
/home/samwiq/spa/seq-posterior-approx-w-nf-dev
tensor(9.8565e+12, grad_fn=<MeanBackward0>)
tensor(2.4332e+08, grad_fn=<MeanBackward0>)
tensor([ 2.3657e+09, -6.5219e+07, -2.2139e+06,  1.6999e+02,  4.2026e+04,
        -1.9695e+03,  3.6545e+00,  8.5080e-01,  1.5772e+00, -1.9569e+01],
       grad_fn=<MeanBackward1>)
tensor([7.4799e+10, 2.0621e+09, 6.9997e+07, 4.8182e+03, 1.3291e+06, 6.2326e+04,
        1.5100e+02, 5.0267e+00, 5.5788e+00, 7.3554e+02],
       grad_fn=<StdBackward1>)
tensor([ 1.6057,  0.4357,  1.8099,  0.7685, -1.2603, -2.3599,  2.8133,  1.9470,
         1.0886, -0.6347])
start full training
Iteration: 1
start update likelihood model
Epoch: 0, loss: 19.14777379512787, eval loss: [NA]
Epoch: 1, loss: 12.942086982727051, eval loss: [NA]
Epoch: 2, loss: 11.049892153739929, eval loss: [NA]
Epoch: 3, loss: 10.53684741973877, eval loss: [NA]
Epoch: 4, loss: 10.389348168373107, eval loss: [NA]
Epoch: 5, loss: 10.35936637878418, eval loss: [NA]
Epoch: 6, loss: 10.323748936653137, eval loss: [NA]
Epoch: 7, loss: 10.300684423446656, eval loss: [NA]
Epoch: 8, loss: 10.27652892112732, eval loss: [NA]
Epoch: 9, loss: 10.28333613395691, eval loss: [NA]
Epoch: 10, loss: 10.252663335800172, eval loss: [NA]
Epoch: 11, loss: 10.257041721343994, eval loss: [NA]
Epoch: 12, loss: 10.234771347045898, eval loss: [NA]
Epoch: 13, loss: 10.220906352996826, eval loss: [NA]
Epoch: 14, loss: 10.225195932388306, eval loss: [NA]
Epoch: 15, loss: 10.226751203536987, eval loss: [NA]
Epoch: 16, loss: 10.239877614974976, eval loss: [NA]
Epoch: 17, loss: 10.189438390731812, eval loss: [NA]
Epoch: 18, loss: 10.205646848678589, eval loss: [NA]
Epoch: 19, loss: 10.198328523635864, eval loss: [NA]
Epoch: 20, loss: 10.217264308929444, eval loss: [NA]
Epoch: 21, loss: 10.183398404121398, eval loss: [NA]
Epoch: 22, loss: 10.185703253746032, eval loss: [NA]
Epoch: 23, loss: 10.186504087448121, eval loss: [NA]
Epoch: 24, loss: 10.174106912612915, eval loss: [NA]
start update posterior model from prior pred - hot start
Epoch: 0, loss: 2.1348420506715775, eval loss: [NA]
Epoch: 1, loss: 0.9117310813069344, eval loss: [NA]
Epoch: 2, loss: 0.7033629663288593, eval loss: [NA]
Epoch: 3, loss: 0.5836250882595777, eval loss: [NA]
Epoch: 4, loss: 0.5196377197653055, eval loss: [NA]
start update posterior model
Epoch: 0, loss: 14.34846378326416, eval loss: [NA]
Epoch: 1, loss: 14.328676834106446, eval loss: [NA]
Epoch: 2, loss: 14.34871284008026, eval loss: [NA]
Epoch: 3, loss: 14.332464733123778, eval loss: [NA]
Epoch: 4, loss: 14.333006472587586, eval loss: [NA]
Epoch: 5, loss: 14.344309124946594, eval loss: [NA]
Epoch: 6, loss: 14.334720649719237, eval loss: [NA]
Epoch: 7, loss: 14.33396884918213, eval loss: [NA]
Epoch: 8, loss: 14.333142099380494, eval loss: [NA]
Epoch: 9, loss: 14.322735166549682, eval loss: [NA]
Epoch: 10, loss: 14.332032003402709, eval loss: [NA]
Epoch: 11, loss: 14.326083908081054, eval loss: [NA]
Epoch: 12, loss: 14.325988192558288, eval loss: [NA]
Epoch: 13, loss: 14.333341760635376, eval loss: [NA]
Epoch: 14, loss: 14.333866720199586, eval loss: [NA]
Epoch: 15, loss: 14.329135580062866, eval loss: [NA]
Epoch: 16, loss: 14.321051630973816, eval loss: [NA]
Epoch: 17, loss: 14.33499053478241, eval loss: [NA]
Epoch: 18, loss: 14.32226390838623, eval loss: [NA]
Epoch: 19, loss: 14.326771416664123, eval loss: [NA]
Epoch: 20, loss: 14.332896575927734, eval loss: [NA]
Epoch: 21, loss: 14.322088918685914, eval loss: [NA]
Epoch: 22, loss: 14.330290546417237, eval loss: [NA]
Epoch: 23, loss: 14.320574684143066, eval loss: [NA]
Epoch: 24, loss: 14.322314848899842, eval loss: [NA]
Epoch: 25, loss: 14.326019821166993, eval loss: [NA]
Epoch: 26, loss: 14.322382583618165, eval loss: [NA]
Epoch: 27, loss: 14.325436687469482, eval loss: [NA]
Epoch: 28, loss: 14.319844064712525, eval loss: [NA]
Epoch: 29, loss: 14.326701331138612, eval loss: [NA]
Iteration: 2
start update likelihood model
Epoch: 0, loss: 10.125317482948303, eval loss: [NA]
Epoch: 1, loss: 10.098609857559204, eval loss: [NA]
Epoch: 2, loss: 10.10260109424591, eval loss: [NA]
Epoch: 3, loss: 10.097315416336059, eval loss: [NA]
Epoch: 4, loss: 10.089563512802124, eval loss: [NA]
Epoch: 5, loss: 10.098219094276429, eval loss: [NA]
Epoch: 6, loss: 10.093800082206727, eval loss: [NA]
Epoch: 7, loss: 10.101512336730957, eval loss: [NA]
Epoch: 8, loss: 10.097877917289734, eval loss: [NA]
Epoch: 9, loss: 10.093099598884583, eval loss: [NA]
Epoch: 10, loss: 10.097349910736083, eval loss: [NA]
Epoch: 11, loss: 10.092710647583008, eval loss: [NA]
Epoch: 12, loss: 10.089471516609192, eval loss: [NA]
Epoch: 13, loss: 10.090354762077332, eval loss: [NA]
Epoch: 14, loss: 10.0815109872818, eval loss: [NA]
Epoch: 15, loss: 10.093818521499633, eval loss: [NA]
Epoch: 16, loss: 10.077578063011169, eval loss: [NA]
Epoch: 17, loss: 10.084613337516785, eval loss: [NA]
Epoch: 18, loss: 10.082966146469117, eval loss: [NA]
Epoch: 19, loss: 10.073877248764038, eval loss: [NA]
Epoch: 20, loss: 10.076213912963867, eval loss: [NA]
Epoch: 21, loss: 10.089373888969421, eval loss: [NA]
Epoch: 22, loss: 10.083563122749329, eval loss: [NA]
Epoch: 23, loss: 10.079014072418213, eval loss: [NA]
Epoch: 24, loss: 10.083475646972657, eval loss: [NA]
Epoch: 25, loss: 10.07842297077179, eval loss: [NA]
Epoch: 26, loss: 10.081359815597533, eval loss: [NA]
Epoch: 27, loss: 10.076984419822693, eval loss: [NA]
Epoch: 28, loss: 10.073539075851441, eval loss: [NA]
Epoch: 29, loss: 10.06977686405182, eval loss: [NA]
start update posterior model
Epoch: 0, loss: 14.039234013557435, eval loss: [NA]
Epoch: 1, loss: 14.03935950756073, eval loss: [NA]
Epoch: 2, loss: 14.030876231193542, eval loss: [NA]
Epoch: 3, loss: 14.034436149597168, eval loss: [NA]
Epoch: 4, loss: 14.032206974029542, eval loss: [NA]
Epoch: 5, loss: 14.036403694152831, eval loss: [NA]
Epoch: 6, loss: 14.031390075683595, eval loss: [NA]
Epoch: 7, loss: 14.029289774894714, eval loss: [NA]
Epoch: 8, loss: 14.033560876846314, eval loss: [NA]
Epoch: 9, loss: 14.030442733764648, eval loss: [NA]
Epoch: 10, loss: 14.03047273159027, eval loss: [NA]
Epoch: 11, loss: 14.03082848072052, eval loss: [NA]
Epoch: 12, loss: 14.027971849441528, eval loss: [NA]
Epoch: 13, loss: 14.029163398742675, eval loss: [NA]
Epoch: 14, loss: 14.026400775909424, eval loss: [NA]
Epoch: 15, loss: 14.02743106842041, eval loss: [NA]
Epoch: 16, loss: 14.030104475021362, eval loss: [NA]
Epoch: 17, loss: 14.03212040901184, eval loss: [NA]
Epoch: 18, loss: 14.035413265228271, eval loss: [NA]
Epoch: 19, loss: 14.034117560386658, eval loss: [NA]
Epoch: 20, loss: 14.026660761833192, eval loss: [NA]
Epoch: 21, loss: 14.028938698768616, eval loss: [NA]
Epoch: 22, loss: 14.036188454627991, eval loss: [NA]
Epoch: 23, loss: 14.033058094978333, eval loss: [NA]
Epoch: 24, loss: 14.029343795776366, eval loss: [NA]
Epoch: 25, loss: 14.028894453048705, eval loss: [NA]
Epoch: 26, loss: 14.028731989860535, eval loss: [NA]
Epoch: 27, loss: 14.026785883903504, eval loss: [NA]
Epoch: 28, loss: 14.030009069442748, eval loss: [NA]
Epoch: 29, loss: 14.027862725257874, eval loss: [NA]
Iteration: 3
start update likelihood model
Epoch: 0, loss: 10.097193021774292, eval loss: [NA]
Epoch: 1, loss: 10.09187861442566, eval loss: [NA]
Epoch: 2, loss: 10.072686576843262, eval loss: [NA]
Epoch: 3, loss: 10.080193977355957, eval loss: [NA]
Epoch: 4, loss: 10.066764717102052, eval loss: [NA]
Epoch: 5, loss: 10.076561336517335, eval loss: [NA]
Epoch: 6, loss: 10.068046021461488, eval loss: [NA]
Epoch: 7, loss: 10.065745735168457, eval loss: [NA]
Epoch: 8, loss: 10.068619952201843, eval loss: [NA]
Epoch: 9, loss: 10.056056108474731, eval loss: [NA]
Epoch: 10, loss: 10.05710701942444, eval loss: [NA]
Epoch: 11, loss: 10.05811279296875, eval loss: [NA]
Epoch: 12, loss: 10.055389800071715, eval loss: [NA]
Epoch: 13, loss: 10.047218642234803, eval loss: [NA]
Epoch: 14, loss: 10.065457048416137, eval loss: [NA]
Epoch: 15, loss: 10.051207389831543, eval loss: [NA]
Epoch: 16, loss: 10.045538010597229, eval loss: [NA]
Epoch: 17, loss: 10.04690345287323, eval loss: [NA]
Epoch: 18, loss: 10.049434065818787, eval loss: [NA]
Epoch: 19, loss: 10.041578679084777, eval loss: [NA]
Epoch: 20, loss: 10.047494745254516, eval loss: [NA]
Epoch: 21, loss: 10.03953950881958, eval loss: [NA]
Epoch: 22, loss: 10.034108476638794, eval loss: [NA]
Epoch: 23, loss: 10.040251541137696, eval loss: [NA]
Epoch: 24, loss: 10.029999437332153, eval loss: [NA]
Epoch: 25, loss: 10.039953980445862, eval loss: [NA]
Epoch: 26, loss: 10.03722113609314, eval loss: [NA]
Epoch: 27, loss: 10.02698709011078, eval loss: [NA]
Epoch: 28, loss: 10.029089770317078, eval loss: [NA]
Epoch: 29, loss: 10.039096393585204, eval loss: [NA]
start update posterior model
Epoch: 0, loss: 14.058861246109009, eval loss: [NA]
Epoch: 1, loss: 14.05939586162567, eval loss: [NA]
Epoch: 2, loss: 14.055161113739013, eval loss: [NA]
Epoch: 3, loss: 14.055373392105103, eval loss: [NA]
Epoch: 4, loss: 14.051619033813477, eval loss: [NA]
Epoch: 5, loss: 14.05400002002716, eval loss: [NA]
Epoch: 6, loss: 14.052272915840149, eval loss: [NA]
Epoch: 7, loss: 14.052539825439453, eval loss: [NA]
Epoch: 8, loss: 14.051265387535095, eval loss: [NA]
Epoch: 9, loss: 14.054833245277404, eval loss: [NA]
Epoch: 10, loss: 14.05611023426056, eval loss: [NA]
Epoch: 11, loss: 14.056765584945678, eval loss: [NA]
Epoch: 12, loss: 14.049762516021728, eval loss: [NA]
Epoch: 13, loss: 14.051656002998351, eval loss: [NA]
Epoch: 14, loss: 14.051612167358398, eval loss: [NA]
Epoch: 15, loss: 14.05443142414093, eval loss: [NA]
Epoch: 16, loss: 14.059314393997193, eval loss: [NA]
Epoch: 17, loss: 14.05114354610443, eval loss: [NA]
Epoch: 18, loss: 14.050148248672485, eval loss: [NA]
Epoch: 19, loss: 14.052640342712403, eval loss: [NA]
Epoch: 20, loss: 14.053159279823303, eval loss: [NA]
Epoch: 21, loss: 14.049635834693909, eval loss: [NA]
Epoch: 22, loss: 14.054375925064086, eval loss: [NA]
Epoch: 23, loss: 14.050719070434571, eval loss: [NA]
Epoch: 24, loss: 14.051212120056153, eval loss: [NA]
Epoch: 25, loss: 14.054202318191528, eval loss: [NA]
Epoch: 26, loss: 14.051875257492066, eval loss: [NA]
Epoch: 27, loss: 14.0505238199234, eval loss: [NA]
Epoch: 28, loss: 14.05226613998413, eval loss: [NA]
Epoch: 29, loss: 14.052096791267395, eval loss: [NA]
Iteration: 4
start update likelihood model
Epoch: 0, loss: 10.04747609615326, eval loss: [NA]
Epoch: 1, loss: 10.03854868888855, eval loss: [NA]
Epoch: 2, loss: 10.029934210777283, eval loss: [NA]
Epoch: 3, loss: 10.021798582077027, eval loss: [NA]
Epoch: 4, loss: 10.025147881507873, eval loss: [NA]
Epoch: 5, loss: 10.02642252922058, eval loss: [NA]
Epoch: 6, loss: 10.01662317752838, eval loss: [NA]
Epoch: 7, loss: 10.027840585708619, eval loss: [NA]
Epoch: 8, loss: 10.016540870666503, eval loss: [NA]
Epoch: 9, loss: 10.013391237258912, eval loss: [NA]
Epoch: 10, loss: 10.017350554466248, eval loss: [NA]
Epoch: 11, loss: 10.020070729255677, eval loss: [NA]
Epoch: 12, loss: 10.013114471435546, eval loss: [NA]
Epoch: 13, loss: 10.006024627685546, eval loss: [NA]
Epoch: 14, loss: 9.99974609375, eval loss: [NA]
Epoch: 15, loss: 10.004918398857116, eval loss: [NA]
Epoch: 16, loss: 9.999539680480957, eval loss: [NA]
Epoch: 17, loss: 10.011709489822387, eval loss: [NA]
Epoch: 18, loss: 10.002620329856873, eval loss: [NA]
Epoch: 19, loss: 10.00984118938446, eval loss: [NA]
Epoch: 20, loss: 9.99248453617096, eval loss: [NA]
Epoch: 21, loss: 10.001643915176391, eval loss: [NA]
Epoch: 22, loss: 10.00170654296875, eval loss: [NA]
Epoch: 23, loss: 9.996305837631226, eval loss: [NA]
Epoch: 24, loss: 9.991960644721985, eval loss: [NA]
Epoch: 25, loss: 9.991665897369385, eval loss: [NA]
Epoch: 26, loss: 9.986862173080445, eval loss: [NA]
Epoch: 27, loss: 9.987115778923034, eval loss: [NA]
Epoch: 28, loss: 9.983458733558654, eval loss: [NA]
Epoch: 29, loss: 9.989362988471985, eval loss: [NA]
start update posterior model
Epoch: 0, loss: 14.614093208312989, eval loss: [NA]
Epoch: 1, loss: 14.613874945640564, eval loss: [NA]
Epoch: 2, loss: 14.614956197738648, eval loss: [NA]
Epoch: 3, loss: 14.615101161003112, eval loss: [NA]
Epoch: 4, loss: 14.615915951728821, eval loss: [NA]
Epoch: 5, loss: 14.614361824989318, eval loss: [NA]
Epoch: 6, loss: 14.61651119709015, eval loss: [NA]
Epoch: 7, loss: 14.614341397285461, eval loss: [NA]
Epoch: 8, loss: 14.615595984458924, eval loss: [NA]
Epoch: 9, loss: 14.613548831939697, eval loss: [NA]
Epoch: 10, loss: 14.610071501731873, eval loss: [NA]
Epoch: 11, loss: 14.612934389114379, eval loss: [NA]
Epoch: 12, loss: 14.614074206352234, eval loss: [NA]
Epoch: 13, loss: 14.616440806388855, eval loss: [NA]
Epoch: 14, loss: 14.616227316856385, eval loss: [NA]
Epoch: 15, loss: 14.613882141113281, eval loss: [NA]
Epoch: 16, loss: 14.614546794891357, eval loss: [NA]
Epoch: 17, loss: 14.613973603248596, eval loss: [NA]
Epoch: 18, loss: 14.615913171768188, eval loss: [NA]
Epoch: 19, loss: 14.614072861671447, eval loss: [NA]
Epoch: 20, loss: 14.615871005058288, eval loss: [NA]
Epoch: 21, loss: 14.615303115844727, eval loss: [NA]
Epoch: 22, loss: 14.613672080039978, eval loss: [NA]
Epoch: 23, loss: 14.614291567802429, eval loss: [NA]
Epoch: 24, loss: 14.614854969978332, eval loss: [NA]
Epoch: 25, loss: 14.616074328422547, eval loss: [NA]
Epoch: 26, loss: 14.613986048698425, eval loss: [NA]
Epoch: 27, loss: 14.612878308296203, eval loss: [NA]
Epoch: 28, loss: 14.613648157119751, eval loss: [NA]
Epoch: 29, loss: 14.61570460319519, eval loss: [NA]

Runtime:621.91
[4305813491146.844, 0.0092, 0.0083, 0.0072]
[243321696.0, 1.5442, 1.5144, 1.4849]
[9856501153792.0, 1.3831, 1.406, 1.4143]
KL div untrained: 1742910381336.9614
KL div trained: 0.041
