Input args:
Dim: 2
seed: 32
seed_data: 10
/home/samwiq/snpla/seq-posterior-approx-w-nf-dev/mv_gaussian/low_dim_w_five_obs/lunarc
/home/samwiq/snpla/seq-posterior-approx-w-nf-dev
tensor(1.1235e+11, grad_fn=<MeanBackward0>)
tensor(3.2467e+10, grad_fn=<MeanBackward0>)
tensor([ 3.1582e+11, -8.1880e+09,  6.6324e+07,  3.1289e+02,  1.7208e+03,
         9.5287e+06,  3.8137e+06, -1.2397e+05,  2.8711e+05,  1.0960e+02],
       grad_fn=<MeanBackward1>)
tensor([5.2569e+12, 1.4440e+11, 1.1235e+10, 6.4852e+03, 5.4513e+04, 2.6586e+08,
        6.7281e+07, 3.4594e+06, 5.2840e+06, 2.4568e+03],
       grad_fn=<StdBackward1>)
tensor([ 2.9530,  1.1207,  2.5532,  0.5660,  1.4436, -0.9053,  3.3905,  1.6325,
         0.0729, -1.6828])
start full training
Iteration: 1
start update likelihood model
Epoch: 0, loss: 19.54072781085968, eval loss: [NA]
Epoch: 1, loss: 13.284585084915161, eval loss: [NA]
Epoch: 2, loss: 11.096349892616272, eval loss: [NA]
Epoch: 3, loss: 10.570372505187988, eval loss: [NA]
Epoch: 4, loss: 10.415259127616883, eval loss: [NA]
Epoch: 5, loss: 10.361066784858703, eval loss: [NA]
Epoch: 6, loss: 10.332623629570007, eval loss: [NA]
Epoch: 7, loss: 10.276181182861329, eval loss: [NA]
Epoch: 8, loss: 10.31553143978119, eval loss: [NA]
Epoch: 9, loss: 10.276057715415954, eval loss: [NA]
Epoch: 10, loss: 10.290475935935975, eval loss: [NA]
Epoch: 11, loss: 10.231071524620056, eval loss: [NA]
Epoch: 12, loss: 10.257101802825927, eval loss: [NA]
Epoch: 13, loss: 10.22461145401001, eval loss: [NA]
Epoch: 14, loss: 10.222374324798585, eval loss: [NA]
Epoch: 15, loss: 10.215756030082703, eval loss: [NA]
Epoch: 16, loss: 10.184330639839173, eval loss: [NA]
Epoch: 17, loss: 10.186208796501159, eval loss: [NA]
Epoch: 18, loss: 10.194629383087157, eval loss: [NA]
Epoch: 19, loss: 10.18576958179474, eval loss: [NA]
Epoch: 20, loss: 10.197097148895264, eval loss: [NA]
Epoch: 21, loss: 10.18423849105835, eval loss: [NA]
Epoch: 22, loss: 10.205886397361756, eval loss: [NA]
Epoch: 23, loss: 10.175682048797608, eval loss: [NA]
Epoch: 24, loss: 10.194938702583313, eval loss: [NA]
start update posterior model from prior pred - hot start
Epoch: 0, loss: 2.0925491032004357, eval loss: [NA]
Epoch: 1, loss: 0.9631209644675255, eval loss: [NA]
Epoch: 2, loss: 0.654381545484066, eval loss: [NA]
Epoch: 3, loss: 0.5883399152010679, eval loss: [NA]
Epoch: 4, loss: 0.5351205802708864, eval loss: [NA]
start update posterior model
Epoch: 0, loss: 13.40632918357849, eval loss: [NA]
Epoch: 1, loss: 13.396721544265747, eval loss: [NA]
Epoch: 2, loss: 13.405142912864685, eval loss: [NA]
Epoch: 3, loss: 13.381802506446839, eval loss: [NA]
Epoch: 4, loss: 13.399498505592346, eval loss: [NA]
Epoch: 5, loss: 13.39004240512848, eval loss: [NA]
Epoch: 6, loss: 13.390363063812256, eval loss: [NA]
Epoch: 7, loss: 13.378013639450073, eval loss: [NA]
Epoch: 8, loss: 13.385503797531127, eval loss: [NA]
Epoch: 9, loss: 13.379441285133362, eval loss: [NA]
Epoch: 10, loss: 13.38036343574524, eval loss: [NA]
Epoch: 11, loss: 13.377995738983154, eval loss: [NA]
Epoch: 12, loss: 13.374264240264893, eval loss: [NA]
Epoch: 13, loss: 13.381167182922363, eval loss: [NA]
Epoch: 14, loss: 13.37763412475586, eval loss: [NA]
Epoch: 15, loss: 13.38199206352234, eval loss: [NA]
Epoch: 16, loss: 13.38362913608551, eval loss: [NA]
Epoch: 17, loss: 13.382223649024963, eval loss: [NA]
Epoch: 18, loss: 13.371707558631897, eval loss: [NA]
Epoch: 19, loss: 13.37389347076416, eval loss: [NA]
Epoch: 20, loss: 13.374703769683839, eval loss: [NA]
Epoch: 21, loss: 13.374128150939942, eval loss: [NA]
Epoch: 22, loss: 13.369491753578187, eval loss: [NA]
Epoch: 23, loss: 13.381967797279358, eval loss: [NA]
Epoch: 24, loss: 13.381584224700928, eval loss: [NA]
Epoch: 25, loss: 13.378701720237732, eval loss: [NA]
Epoch: 26, loss: 13.372215542793274, eval loss: [NA]
Epoch: 27, loss: 13.37178457736969, eval loss: [NA]
Epoch: 28, loss: 13.372595257759095, eval loss: [NA]
Epoch: 29, loss: 13.372352352142334, eval loss: [NA]
Iteration: 2
start update likelihood model
Epoch: 0, loss: 10.115725626945496, eval loss: [NA]
Epoch: 1, loss: 10.097246451377869, eval loss: [NA]
Epoch: 2, loss: 10.094531335830688, eval loss: [NA]
Epoch: 3, loss: 10.091468143463135, eval loss: [NA]
Epoch: 4, loss: 10.09707727909088, eval loss: [NA]
Epoch: 5, loss: 10.0970268201828, eval loss: [NA]
Epoch: 6, loss: 10.096471891403198, eval loss: [NA]
Epoch: 7, loss: 10.088427982330323, eval loss: [NA]
Epoch: 8, loss: 10.111222200393676, eval loss: [NA]
Epoch: 9, loss: 10.086473712921142, eval loss: [NA]
Epoch: 10, loss: 10.083224658966065, eval loss: [NA]
Epoch: 11, loss: 10.089812483787536, eval loss: [NA]
Epoch: 12, loss: 10.088417048454284, eval loss: [NA]
Epoch: 13, loss: 10.083812747001648, eval loss: [NA]
Epoch: 14, loss: 10.088680644035339, eval loss: [NA]
Epoch: 15, loss: 10.077475838661194, eval loss: [NA]
Epoch: 16, loss: 10.099150495529175, eval loss: [NA]
Epoch: 17, loss: 10.094514784812928, eval loss: [NA]
Epoch: 18, loss: 10.077158336639405, eval loss: [NA]
Epoch: 19, loss: 10.090116991996766, eval loss: [NA]
Epoch: 20, loss: 10.067428350448608, eval loss: [NA]
Epoch: 21, loss: 10.08130054950714, eval loss: [NA]
Epoch: 22, loss: 10.067879428863526, eval loss: [NA]
Epoch: 23, loss: 10.055373678207397, eval loss: [NA]
Epoch: 24, loss: 10.066756072044372, eval loss: [NA]
Epoch: 25, loss: 10.053931226730347, eval loss: [NA]
Epoch: 26, loss: 10.055095829963683, eval loss: [NA]
Epoch: 27, loss: 10.06466564655304, eval loss: [NA]
Epoch: 28, loss: 10.057614860534668, eval loss: [NA]
Epoch: 29, loss: 10.060075087547302, eval loss: [NA]
start update posterior model
Epoch: 0, loss: 13.252587232589722, eval loss: [NA]
Epoch: 1, loss: 13.257820401191712, eval loss: [NA]
Epoch: 2, loss: 13.256347646713257, eval loss: [NA]
Epoch: 3, loss: 13.250134363174439, eval loss: [NA]
Epoch: 4, loss: 13.248399443626404, eval loss: [NA]
Epoch: 5, loss: 13.255371203422547, eval loss: [NA]
Epoch: 6, loss: 13.255374836921693, eval loss: [NA]
Epoch: 7, loss: 13.251481728553772, eval loss: [NA]
Epoch: 8, loss: 13.252912521362305, eval loss: [NA]
Epoch: 9, loss: 13.245662131309508, eval loss: [NA]
Epoch: 10, loss: 13.24493251800537, eval loss: [NA]
Epoch: 11, loss: 13.248484168052673, eval loss: [NA]
Epoch: 12, loss: 13.24559977531433, eval loss: [NA]
Epoch: 13, loss: 13.25080144405365, eval loss: [NA]
Epoch: 14, loss: 13.247463555336, eval loss: [NA]
Epoch: 15, loss: 13.253241739273072, eval loss: [NA]
Epoch: 16, loss: 13.246068639755249, eval loss: [NA]
Epoch: 17, loss: 13.253097395896912, eval loss: [NA]
Epoch: 18, loss: 13.24475956916809, eval loss: [NA]
Epoch: 19, loss: 13.245254397392273, eval loss: [NA]
Epoch: 20, loss: 13.245146913528442, eval loss: [NA]
Epoch: 21, loss: 13.246352453231811, eval loss: [NA]
Epoch: 22, loss: 13.248597903251648, eval loss: [NA]
Epoch: 23, loss: 13.24551562309265, eval loss: [NA]
Epoch: 24, loss: 13.246586394309997, eval loss: [NA]
Epoch: 25, loss: 13.249868440628052, eval loss: [NA]
Epoch: 26, loss: 13.248592867851258, eval loss: [NA]
Epoch: 27, loss: 13.248238935470582, eval loss: [NA]
Epoch: 28, loss: 13.244439535140991, eval loss: [NA]
Epoch: 29, loss: 13.243706789016723, eval loss: [NA]
Iteration: 3
start update likelihood model
Epoch: 0, loss: 10.134113397598266, eval loss: [NA]
Epoch: 1, loss: 10.125273451805114, eval loss: [NA]
Epoch: 2, loss: 10.124790868759156, eval loss: [NA]
Epoch: 3, loss: 10.111166195869446, eval loss: [NA]
Epoch: 4, loss: 10.111349263191222, eval loss: [NA]
Epoch: 5, loss: 10.101543650627136, eval loss: [NA]
Epoch: 6, loss: 10.099092345237732, eval loss: [NA]
Epoch: 7, loss: 10.104530639648438, eval loss: [NA]
Epoch: 8, loss: 10.104255423545837, eval loss: [NA]
Epoch: 9, loss: 10.095943732261658, eval loss: [NA]
Epoch: 10, loss: 10.087821750640869, eval loss: [NA]
Epoch: 11, loss: 10.092715826034546, eval loss: [NA]
Epoch: 12, loss: 10.088934421539307, eval loss: [NA]
Epoch: 13, loss: 10.089633560180664, eval loss: [NA]
Epoch: 14, loss: 10.081071252822875, eval loss: [NA]
Epoch: 15, loss: 10.09106737613678, eval loss: [NA]
Epoch: 16, loss: 10.083134036064148, eval loss: [NA]
Epoch: 17, loss: 10.087188634872437, eval loss: [NA]
Epoch: 18, loss: 10.078134069442749, eval loss: [NA]
Epoch: 19, loss: 10.079499807357788, eval loss: [NA]
Epoch: 20, loss: 10.07846333026886, eval loss: [NA]
Epoch: 21, loss: 10.068391671180725, eval loss: [NA]
Epoch: 22, loss: 10.075354347229004, eval loss: [NA]
Epoch: 23, loss: 10.081410946846008, eval loss: [NA]
Epoch: 24, loss: 10.07629723072052, eval loss: [NA]
Epoch: 25, loss: 10.072987370491028, eval loss: [NA]
Epoch: 26, loss: 10.071941652297973, eval loss: [NA]
Epoch: 27, loss: 10.062584300041198, eval loss: [NA]
Epoch: 28, loss: 10.069114589691162, eval loss: [NA]
Epoch: 29, loss: 10.057393383979797, eval loss: [NA]
start update posterior model
Epoch: 0, loss: 12.844822916984558, eval loss: [NA]
Epoch: 1, loss: 12.832172994613648, eval loss: [NA]
Epoch: 2, loss: 12.837077174186707, eval loss: [NA]
Epoch: 3, loss: 12.838360390663148, eval loss: [NA]
Epoch: 4, loss: 12.83271194934845, eval loss: [NA]
Epoch: 5, loss: 12.833116703033447, eval loss: [NA]
Epoch: 6, loss: 12.830862836837769, eval loss: [NA]
Epoch: 7, loss: 12.829925508499146, eval loss: [NA]
Epoch: 8, loss: 12.836197776794434, eval loss: [NA]
Epoch: 9, loss: 12.831937017440795, eval loss: [NA]
Epoch: 10, loss: 12.827291073799133, eval loss: [NA]
Epoch: 11, loss: 12.830467872619629, eval loss: [NA]
Epoch: 12, loss: 12.830863919258118, eval loss: [NA]
Epoch: 13, loss: 12.834179491996766, eval loss: [NA]
Epoch: 14, loss: 12.833268089294434, eval loss: [NA]
Epoch: 15, loss: 12.834068036079406, eval loss: [NA]
Epoch: 16, loss: 12.830354065895081, eval loss: [NA]
Epoch: 17, loss: 12.828357605934142, eval loss: [NA]
Epoch: 18, loss: 12.829336457252502, eval loss: [NA]
Epoch: 19, loss: 12.831828317642213, eval loss: [NA]
Epoch: 20, loss: 12.833229699134826, eval loss: [NA]
Epoch: 21, loss: 12.833083939552306, eval loss: [NA]
Epoch: 22, loss: 12.829619240760803, eval loss: [NA]
Epoch: 23, loss: 12.826930360794067, eval loss: [NA]
Epoch: 24, loss: 12.825276088714599, eval loss: [NA]
Epoch: 25, loss: 12.831247062683106, eval loss: [NA]
Epoch: 26, loss: 12.832581653594971, eval loss: [NA]
Epoch: 27, loss: 12.830467381477355, eval loss: [NA]
Epoch: 28, loss: 12.833279581069947, eval loss: [NA]
Epoch: 29, loss: 12.831760549545288, eval loss: [NA]
Iteration: 4
start update likelihood model
Epoch: 0, loss: 10.07318561553955, eval loss: [NA]
Epoch: 1, loss: 10.059039974212647, eval loss: [NA]
Epoch: 2, loss: 10.049154162406921, eval loss: [NA]
Epoch: 3, loss: 10.056439561843872, eval loss: [NA]
Epoch: 4, loss: 10.048573050498963, eval loss: [NA]
Epoch: 5, loss: 10.043421373367309, eval loss: [NA]
Epoch: 6, loss: 10.039337840080261, eval loss: [NA]
Epoch: 7, loss: 10.032715044021607, eval loss: [NA]
Epoch: 8, loss: 10.03439859867096, eval loss: [NA]
Epoch: 9, loss: 10.03074384689331, eval loss: [NA]
Epoch: 10, loss: 10.025603985786438, eval loss: [NA]
Epoch: 11, loss: 10.029679279327393, eval loss: [NA]
Epoch: 12, loss: 10.04567892551422, eval loss: [NA]
Epoch: 13, loss: 10.022257089614868, eval loss: [NA]
Epoch: 14, loss: 10.031591367721557, eval loss: [NA]
Epoch: 15, loss: 10.029284286499024, eval loss: [NA]
Epoch: 16, loss: 10.035233297348022, eval loss: [NA]
Epoch: 17, loss: 10.0259188747406, eval loss: [NA]
Epoch: 18, loss: 10.020271182060242, eval loss: [NA]
Epoch: 19, loss: 10.029022722244262, eval loss: [NA]
Epoch: 20, loss: 10.021805205345153, eval loss: [NA]
Epoch: 21, loss: 10.02462239742279, eval loss: [NA]
Epoch: 22, loss: 10.016741766929627, eval loss: [NA]
Epoch: 23, loss: 10.014508981704711, eval loss: [NA]
Epoch: 24, loss: 10.018798575401306, eval loss: [NA]
Epoch: 25, loss: 10.008931226730347, eval loss: [NA]
Epoch: 26, loss: 10.014048919677734, eval loss: [NA]
Epoch: 27, loss: 10.014169759750366, eval loss: [NA]
Epoch: 28, loss: 10.008236083984375, eval loss: [NA]
Epoch: 29, loss: 10.014081201553346, eval loss: [NA]
start update posterior model
Epoch: 0, loss: 12.800525498390197, eval loss: [NA]
Epoch: 1, loss: 12.79336594581604, eval loss: [NA]
Epoch: 2, loss: 12.795571722984313, eval loss: [NA]
Epoch: 3, loss: 12.793710865974425, eval loss: [NA]
Epoch: 4, loss: 12.79599108695984, eval loss: [NA]
Epoch: 5, loss: 12.792316989898682, eval loss: [NA]
Epoch: 6, loss: 12.799180178642272, eval loss: [NA]
Epoch: 7, loss: 12.790915899276733, eval loss: [NA]
Epoch: 8, loss: 12.796063885688781, eval loss: [NA]
Epoch: 9, loss: 12.793508849143983, eval loss: [NA]
Epoch: 10, loss: 12.789753742218018, eval loss: [NA]
Epoch: 11, loss: 12.790156798362732, eval loss: [NA]
Epoch: 12, loss: 12.79222927570343, eval loss: [NA]
Epoch: 13, loss: 12.791896767616272, eval loss: [NA]
Epoch: 14, loss: 12.789077315330506, eval loss: [NA]
Epoch: 15, loss: 12.791778454780578, eval loss: [NA]
Epoch: 16, loss: 12.793757271766662, eval loss: [NA]
Epoch: 17, loss: 12.787998480796814, eval loss: [NA]
Epoch: 18, loss: 12.793216767311096, eval loss: [NA]
Epoch: 19, loss: 12.791662492752074, eval loss: [NA]
Epoch: 20, loss: 12.795421857833862, eval loss: [NA]
Epoch: 21, loss: 12.79227089881897, eval loss: [NA]
Epoch: 22, loss: 12.79215452194214, eval loss: [NA]
Epoch: 23, loss: 12.78931703567505, eval loss: [NA]
Epoch: 24, loss: 12.789237356185913, eval loss: [NA]
Epoch: 25, loss: 12.795897932052613, eval loss: [NA]
Epoch: 26, loss: 12.790488381385803, eval loss: [NA]
Epoch: 27, loss: 12.787447719573974, eval loss: [NA]
Epoch: 28, loss: 12.789103603363037, eval loss: [NA]
Epoch: 29, loss: 12.789630875587463, eval loss: [NA]

Runtime:637.76
[2.388141203099837e+16, 0.02, 0.0226, 0.0134]
[32466982912.0, 1.4652, 1.4588, 1.3926]
[112352329728.0, 1.3908, 1.3964, 1.3706]
KL div untrained: 2.19239692324178e+16
KL div trained: 0.0105
