Input args:
Dim: 2
seed: 3
seed_data: 10
/home/samwiq/snpla/seq-posterior-approx-w-nf-dev/mv_gaussian/low_dim_w_five_obs/lunarc
/home/samwiq/snpla/seq-posterior-approx-w-nf-dev
tensor(2.1471e+13, grad_fn=<MeanBackward0>)
tensor(6.9535e+10, grad_fn=<MeanBackward0>)
tensor([ 6.7602e+11, -1.8659e+10, -6.6070e+08,  1.2057e+03,  1.0136e+05,
         7.5879e+04,  8.6202e+06, -1.0426e+03,  6.7551e+05, -3.3769e+01],
       grad_fn=<MeanBackward1>)
tensor([1.2381e+13, 3.4182e+11, 1.2164e+10, 3.2567e+04, 2.4086e+06, 1.7997e+06,
        1.5925e+08, 2.3324e+04, 1.2481e+07, 1.2425e+03],
       grad_fn=<StdBackward1>)
tensor([ 2.7419,  1.4270,  1.9009,  0.2732,  1.8506, -0.0556,  2.1935,  1.1706,
         0.1064, -0.9865])
start full training
Iteration: 1
start update likelihood model
Epoch: 0, loss: 19.167204513549805, eval loss: [NA]
Epoch: 1, loss: 13.010486040115357, eval loss: [NA]
Epoch: 2, loss: 11.072946076393128, eval loss: [NA]
Epoch: 3, loss: 10.59534451007843, eval loss: [NA]
Epoch: 4, loss: 10.471836438179016, eval loss: [NA]
Epoch: 5, loss: 10.3719509267807, eval loss: [NA]
Epoch: 6, loss: 10.35070918560028, eval loss: [NA]
Epoch: 7, loss: 10.336651315689087, eval loss: [NA]
Epoch: 8, loss: 10.355447726249695, eval loss: [NA]
Epoch: 9, loss: 10.300674271583556, eval loss: [NA]
Epoch: 10, loss: 10.27259038925171, eval loss: [NA]
Epoch: 11, loss: 10.282078995704651, eval loss: [NA]
Epoch: 12, loss: 10.259182348251343, eval loss: [NA]
Epoch: 13, loss: 10.231985750198364, eval loss: [NA]
Epoch: 14, loss: 10.25275255203247, eval loss: [NA]
Epoch: 15, loss: 10.243327131271363, eval loss: [NA]
Epoch: 16, loss: 10.221067762374878, eval loss: [NA]
Epoch: 17, loss: 10.225083599090576, eval loss: [NA]
Epoch: 18, loss: 10.232568368911743, eval loss: [NA]
Epoch: 19, loss: 10.208032488822937, eval loss: [NA]
Epoch: 20, loss: 10.208207216262817, eval loss: [NA]
Epoch: 21, loss: 10.217032837867738, eval loss: [NA]
Epoch: 22, loss: 10.209973559379577, eval loss: [NA]
Epoch: 23, loss: 10.214608163833619, eval loss: [NA]
Epoch: 24, loss: 10.206227712631225, eval loss: [NA]
start update posterior model from prior pred - hot start
Epoch: 0, loss: 2.1245881950855257, eval loss: [NA]
Epoch: 1, loss: 0.8027748163044452, eval loss: [NA]
Epoch: 2, loss: 0.7353325850516558, eval loss: [NA]
Epoch: 3, loss: 0.6177240931242705, eval loss: [NA]
Epoch: 4, loss: 0.5221750619262457, eval loss: [NA]
start update posterior model
Epoch: 0, loss: 12.881205883026123, eval loss: [NA]
Epoch: 1, loss: 12.881423540115357, eval loss: [NA]
Epoch: 2, loss: 12.860734286308288, eval loss: [NA]
Epoch: 3, loss: 12.85887218952179, eval loss: [NA]
Epoch: 4, loss: 12.855091352462768, eval loss: [NA]
Epoch: 5, loss: 12.861869192123413, eval loss: [NA]
Epoch: 6, loss: 12.866288685798645, eval loss: [NA]
Epoch: 7, loss: 12.874264183044433, eval loss: [NA]
Epoch: 8, loss: 12.855246253013611, eval loss: [NA]
Epoch: 9, loss: 12.8552729845047, eval loss: [NA]
Epoch: 10, loss: 12.858818407058715, eval loss: [NA]
Epoch: 11, loss: 12.86171757698059, eval loss: [NA]
Epoch: 12, loss: 12.858845806121826, eval loss: [NA]
Epoch: 13, loss: 12.864980783462524, eval loss: [NA]
Epoch: 14, loss: 12.859280877113342, eval loss: [NA]
Epoch: 15, loss: 12.854294762611389, eval loss: [NA]
Epoch: 16, loss: 12.850287027359009, eval loss: [NA]
Epoch: 17, loss: 12.851667160987853, eval loss: [NA]
Epoch: 18, loss: 12.858877143859864, eval loss: [NA]
Epoch: 19, loss: 12.856050968170166, eval loss: [NA]
Epoch: 20, loss: 12.85367015838623, eval loss: [NA]
Epoch: 21, loss: 12.856572318077088, eval loss: [NA]
Epoch: 22, loss: 12.86025128364563, eval loss: [NA]
Epoch: 23, loss: 12.866040978431702, eval loss: [NA]
Epoch: 24, loss: 12.858408846855163, eval loss: [NA]
Epoch: 25, loss: 12.847267866134644, eval loss: [NA]
Epoch: 26, loss: 12.854538569450378, eval loss: [NA]
Epoch: 27, loss: 12.856700487136841, eval loss: [NA]
Epoch: 28, loss: 12.85138370037079, eval loss: [NA]
Epoch: 29, loss: 12.847467865943909, eval loss: [NA]
Iteration: 2
start update likelihood model
Epoch: 0, loss: 10.120601181983949, eval loss: [NA]
Epoch: 1, loss: 10.116788821220398, eval loss: [NA]
Epoch: 2, loss: 10.110282354354858, eval loss: [NA]
Epoch: 3, loss: 10.111328010559083, eval loss: [NA]
Epoch: 4, loss: 10.116992468833923, eval loss: [NA]
Epoch: 5, loss: 10.106802096366883, eval loss: [NA]
Epoch: 6, loss: 10.12327968597412, eval loss: [NA]
Epoch: 7, loss: 10.110384764671325, eval loss: [NA]
Epoch: 8, loss: 10.11039159297943, eval loss: [NA]
Epoch: 9, loss: 10.114861135482789, eval loss: [NA]
Epoch: 10, loss: 10.09916075706482, eval loss: [NA]
Epoch: 11, loss: 10.12419198513031, eval loss: [NA]
Epoch: 12, loss: 10.112085256576538, eval loss: [NA]
Epoch: 13, loss: 10.105944437980652, eval loss: [NA]
Epoch: 14, loss: 10.110363636016846, eval loss: [NA]
Epoch: 15, loss: 10.103568110466004, eval loss: [NA]
Epoch: 16, loss: 10.111924085617066, eval loss: [NA]
Epoch: 17, loss: 10.105846982002259, eval loss: [NA]
Epoch: 18, loss: 10.101099276542664, eval loss: [NA]
Epoch: 19, loss: 10.094729099273682, eval loss: [NA]
Epoch: 20, loss: 10.101258673667907, eval loss: [NA]
Epoch: 21, loss: 10.092160887718201, eval loss: [NA]
Epoch: 22, loss: 10.098510880470275, eval loss: [NA]
Epoch: 23, loss: 10.086069288253784, eval loss: [NA]
Epoch: 24, loss: 10.095991611480713, eval loss: [NA]
Epoch: 25, loss: 10.093437671661377, eval loss: [NA]
Epoch: 26, loss: 10.083153190612792, eval loss: [NA]
Epoch: 27, loss: 10.084540433883667, eval loss: [NA]
Epoch: 28, loss: 10.075990929603577, eval loss: [NA]
Epoch: 29, loss: 10.081688084602355, eval loss: [NA]
start update posterior model
Epoch: 0, loss: 12.635965728759766, eval loss: [NA]
Epoch: 1, loss: 12.63087332725525, eval loss: [NA]
Epoch: 2, loss: 12.630311827659607, eval loss: [NA]
Epoch: 3, loss: 12.63674153327942, eval loss: [NA]
Epoch: 4, loss: 12.63236481666565, eval loss: [NA]
Epoch: 5, loss: 12.629047737121581, eval loss: [NA]
Epoch: 6, loss: 12.632222261428833, eval loss: [NA]
Epoch: 7, loss: 12.629277238845825, eval loss: [NA]
Epoch: 8, loss: 12.63132894039154, eval loss: [NA]
Epoch: 9, loss: 12.628354325294495, eval loss: [NA]
Epoch: 10, loss: 12.628009691238404, eval loss: [NA]
Epoch: 11, loss: 12.628617515563965, eval loss: [NA]
Epoch: 12, loss: 12.625867142677308, eval loss: [NA]
Epoch: 13, loss: 12.630751523971558, eval loss: [NA]
Epoch: 14, loss: 12.630364637374878, eval loss: [NA]
Epoch: 15, loss: 12.629681696891785, eval loss: [NA]
Epoch: 16, loss: 12.627185177803039, eval loss: [NA]
Epoch: 17, loss: 12.627918701171875, eval loss: [NA]
Epoch: 18, loss: 12.630148415565492, eval loss: [NA]
Epoch: 19, loss: 12.62427399635315, eval loss: [NA]
Epoch: 20, loss: 12.625704374313354, eval loss: [NA]
Epoch: 21, loss: 12.628473262786866, eval loss: [NA]
Epoch: 22, loss: 12.628120574951172, eval loss: [NA]
Epoch: 23, loss: 12.623082542419434, eval loss: [NA]
Epoch: 24, loss: 12.626894345283509, eval loss: [NA]
Epoch: 25, loss: 12.627070350646973, eval loss: [NA]
Epoch: 26, loss: 12.6338889169693, eval loss: [NA]
Epoch: 27, loss: 12.626968388557435, eval loss: [NA]
Epoch: 28, loss: 12.627406635284423, eval loss: [NA]
Epoch: 29, loss: 12.628729276657104, eval loss: [NA]
Iteration: 3
start update likelihood model
Epoch: 0, loss: 10.105176186561584, eval loss: [NA]
Epoch: 1, loss: 10.0946444272995, eval loss: [NA]
Epoch: 2, loss: 10.100693106651306, eval loss: [NA]
Epoch: 3, loss: 10.087388019561768, eval loss: [NA]
Epoch: 4, loss: 10.075534119606019, eval loss: [NA]
Epoch: 5, loss: 10.085567321777344, eval loss: [NA]
Epoch: 6, loss: 10.074022035598755, eval loss: [NA]
Epoch: 7, loss: 10.07605052471161, eval loss: [NA]
Epoch: 8, loss: 10.065937666893005, eval loss: [NA]
Epoch: 9, loss: 10.064516129493713, eval loss: [NA]
Epoch: 10, loss: 10.07163957118988, eval loss: [NA]
Epoch: 11, loss: 10.053542652130126, eval loss: [NA]
Epoch: 12, loss: 10.049405407905578, eval loss: [NA]
Epoch: 13, loss: 10.053235988616944, eval loss: [NA]
Epoch: 14, loss: 10.0604336977005, eval loss: [NA]
Epoch: 15, loss: 10.058394780158997, eval loss: [NA]
Epoch: 16, loss: 10.060896482467651, eval loss: [NA]
Epoch: 17, loss: 10.042658591270447, eval loss: [NA]
Epoch: 18, loss: 10.051356925964356, eval loss: [NA]
Epoch: 19, loss: 10.055333242416381, eval loss: [NA]
Epoch: 20, loss: 10.040186624526978, eval loss: [NA]
Epoch: 21, loss: 10.050117964744567, eval loss: [NA]
Epoch: 22, loss: 10.045116729736328, eval loss: [NA]
Epoch: 23, loss: 10.040523290634155, eval loss: [NA]
Epoch: 24, loss: 10.04231014728546, eval loss: [NA]
Epoch: 25, loss: 10.037337384223939, eval loss: [NA]
Epoch: 26, loss: 10.038928775787353, eval loss: [NA]
Epoch: 27, loss: 10.035506048202514, eval loss: [NA]
Epoch: 28, loss: 10.033361887931823, eval loss: [NA]
Epoch: 29, loss: 10.037049050331115, eval loss: [NA]
start update posterior model
Epoch: 0, loss: 13.403328762054443, eval loss: [NA]
Epoch: 1, loss: 13.399013214111328, eval loss: [NA]
Epoch: 2, loss: 13.39850685596466, eval loss: [NA]
Epoch: 3, loss: 13.400469951629638, eval loss: [NA]
Epoch: 4, loss: 13.398134441375733, eval loss: [NA]
Epoch: 5, loss: 13.402792348861695, eval loss: [NA]
Epoch: 6, loss: 13.399498310089111, eval loss: [NA]
Epoch: 7, loss: 13.397429275512696, eval loss: [NA]
Epoch: 8, loss: 13.400111222267151, eval loss: [NA]
Epoch: 9, loss: 13.397932620048524, eval loss: [NA]
Epoch: 10, loss: 13.397300252914428, eval loss: [NA]
Epoch: 11, loss: 13.397380366325379, eval loss: [NA]
Epoch: 12, loss: 13.396141982078552, eval loss: [NA]
Epoch: 13, loss: 13.401336207389832, eval loss: [NA]
Epoch: 14, loss: 13.39881573677063, eval loss: [NA]
Epoch: 15, loss: 13.396465601921081, eval loss: [NA]
Epoch: 16, loss: 13.39876989364624, eval loss: [NA]
Epoch: 17, loss: 13.396810078620911, eval loss: [NA]
Epoch: 18, loss: 13.394802622795105, eval loss: [NA]
Epoch: 19, loss: 13.398196449279785, eval loss: [NA]
Epoch: 20, loss: 13.402727618217469, eval loss: [NA]
Epoch: 21, loss: 13.400437240600587, eval loss: [NA]
Epoch: 22, loss: 13.400268864631652, eval loss: [NA]
Epoch: 23, loss: 13.396856083869935, eval loss: [NA]
Epoch: 24, loss: 13.397014951705932, eval loss: [NA]
Epoch: 25, loss: 13.394935765266418, eval loss: [NA]
Epoch: 26, loss: 13.39884904384613, eval loss: [NA]
Epoch: 27, loss: 13.401155748367309, eval loss: [NA]
Epoch: 28, loss: 13.399793238639832, eval loss: [NA]
Epoch: 29, loss: 13.399652338027954, eval loss: [NA]
Iteration: 4
start update likelihood model
Epoch: 0, loss: 10.07453182220459, eval loss: [NA]
Epoch: 1, loss: 10.057190866470338, eval loss: [NA]
Epoch: 2, loss: 10.051339402198792, eval loss: [NA]
Epoch: 3, loss: 10.059230303764343, eval loss: [NA]
Epoch: 4, loss: 10.058212771415711, eval loss: [NA]
Epoch: 5, loss: 10.042488932609558, eval loss: [NA]
Epoch: 6, loss: 10.054093594551086, eval loss: [NA]
Epoch: 7, loss: 10.045247287750245, eval loss: [NA]
Epoch: 8, loss: 10.040509643554687, eval loss: [NA]
Epoch: 9, loss: 10.040562391281128, eval loss: [NA]
Epoch: 10, loss: 10.037737035751343, eval loss: [NA]
Epoch: 11, loss: 10.0327503490448, eval loss: [NA]
Epoch: 12, loss: 10.03436161518097, eval loss: [NA]
Epoch: 13, loss: 10.034627327919006, eval loss: [NA]
Epoch: 14, loss: 10.033242125511169, eval loss: [NA]
Epoch: 15, loss: 10.029512801170348, eval loss: [NA]
Epoch: 16, loss: 10.032978873252869, eval loss: [NA]
Epoch: 17, loss: 10.044544668197632, eval loss: [NA]
Epoch: 18, loss: 10.02443221092224, eval loss: [NA]
Epoch: 19, loss: 10.021216378211975, eval loss: [NA]
Epoch: 20, loss: 10.020210337638854, eval loss: [NA]
Epoch: 21, loss: 10.019798240661622, eval loss: [NA]
Epoch: 22, loss: 10.026732287406922, eval loss: [NA]
Epoch: 23, loss: 10.020596103668213, eval loss: [NA]
Epoch: 24, loss: 10.016339235305786, eval loss: [NA]
Epoch: 25, loss: 10.018403539657593, eval loss: [NA]
Epoch: 26, loss: 10.019010496139526, eval loss: [NA]
Epoch: 27, loss: 10.01339550971985, eval loss: [NA]
Epoch: 28, loss: 10.011620273590088, eval loss: [NA]
Epoch: 29, loss: 10.01387011051178, eval loss: [NA]
start update posterior model
Epoch: 0, loss: 13.05811987876892, eval loss: [NA]
Epoch: 1, loss: 13.053056364059449, eval loss: [NA]
Epoch: 2, loss: 13.054662909507751, eval loss: [NA]
Epoch: 3, loss: 13.05355339050293, eval loss: [NA]
Epoch: 4, loss: 13.052934527397156, eval loss: [NA]
Epoch: 5, loss: 13.053663353919983, eval loss: [NA]
Epoch: 6, loss: 13.051392412185669, eval loss: [NA]
Epoch: 7, loss: 13.05363464832306, eval loss: [NA]
Epoch: 8, loss: 13.054556698799134, eval loss: [NA]
Epoch: 9, loss: 13.050244755744934, eval loss: [NA]
Epoch: 10, loss: 13.051528754234313, eval loss: [NA]
Epoch: 11, loss: 13.055162734985352, eval loss: [NA]
Epoch: 12, loss: 13.055701880455016, eval loss: [NA]
Epoch: 13, loss: 13.053546018600464, eval loss: [NA]
Epoch: 14, loss: 13.052796673774719, eval loss: [NA]
Epoch: 15, loss: 13.0545343875885, eval loss: [NA]
Epoch: 16, loss: 13.051098628044128, eval loss: [NA]
Epoch: 17, loss: 13.056460123062134, eval loss: [NA]
Epoch: 18, loss: 13.055571813583374, eval loss: [NA]
Epoch: 19, loss: 13.051616458892822, eval loss: [NA]
Epoch: 20, loss: 13.052389845848083, eval loss: [NA]
Epoch: 21, loss: 13.055614757537843, eval loss: [NA]
Epoch: 22, loss: 13.054746084213257, eval loss: [NA]
Epoch: 23, loss: 13.05364950656891, eval loss: [NA]
Epoch: 24, loss: 13.057146549224854, eval loss: [NA]
Epoch: 25, loss: 13.050577125549317, eval loss: [NA]
Epoch: 26, loss: 13.04821792602539, eval loss: [NA]
Epoch: 27, loss: 13.056777687072755, eval loss: [NA]
Epoch: 28, loss: 13.052537121772765, eval loss: [NA]
Epoch: 29, loss: 13.05329894065857, eval loss: [NA]

Runtime:589.7
[5620815427367967.0, 0.0197, 0.011, 0.0148]
[69535481856.0, 1.2148, 1.1857, 1.248]
[21471002886144.0, 1.3856, 1.3864, 1.3924]
KL div untrained: 4621065528343529.0
KL div trained: 0.0123
