Input args:
Dim: 2
seed: 24
seed_data: 10
/home/samwiq/spa/seq-posterior-approx-w-nf-dev/mv_gaussian/low_dim_w_five_obs/lunarc
/home/samwiq/spa/seq-posterior-approx-w-nf-dev
tensor(9.4277e+12, grad_fn=<MeanBackward0>)
tensor(5.3441e+09, grad_fn=<MeanBackward0>)
tensor([ 5.1965e+10, -1.4069e+09, -3.1362e+07,  2.0265e+02,  2.4900e+04,
         4.9537e+05,  6.3752e+05, -6.4453e+03,  4.9364e+04,  2.0438e+01],
       grad_fn=<MeanBackward1>)
tensor([1.5115e+12, 4.1727e+10, 1.5203e+09, 3.5597e+03, 3.9002e+05, 8.6110e+06,
        1.9440e+07, 1.1184e+05, 1.5237e+06, 2.3862e+02],
       grad_fn=<StdBackward1>)
tensor([3.4610, 3.5666, 2.0187, 1.1917, 1.5416, 1.3483, 2.1354, 1.1214, 1.5386,
        0.9745])
start full training
Iteration: 1
start update likelihood model
Epoch: 0, loss: 19.613259148597717, eval loss: [NA]
Epoch: 1, loss: 13.513296175003052, eval loss: [NA]
Epoch: 2, loss: 11.272163982391357, eval loss: [NA]
Epoch: 3, loss: 10.62266523361206, eval loss: [NA]
Epoch: 4, loss: 10.481058292388916, eval loss: [NA]
Epoch: 5, loss: 10.38080078125, eval loss: [NA]
Epoch: 6, loss: 10.33832495212555, eval loss: [NA]
Epoch: 7, loss: 10.33815716266632, eval loss: [NA]
Epoch: 8, loss: 10.321623344421386, eval loss: [NA]
Epoch: 9, loss: 10.27606023311615, eval loss: [NA]
Epoch: 10, loss: 10.289386339187622, eval loss: [NA]
Epoch: 11, loss: 10.269615240097046, eval loss: [NA]
Epoch: 12, loss: 10.254051609039307, eval loss: [NA]
Epoch: 13, loss: 10.25483639717102, eval loss: [NA]
Epoch: 14, loss: 10.252930393218994, eval loss: [NA]
Epoch: 15, loss: 10.230399842262267, eval loss: [NA]
Epoch: 16, loss: 10.231520018577577, eval loss: [NA]
Epoch: 17, loss: 10.221878457069398, eval loss: [NA]
Epoch: 18, loss: 10.269321494102478, eval loss: [NA]
Epoch: 19, loss: 10.23947214126587, eval loss: [NA]
Epoch: 20, loss: 10.220983715057374, eval loss: [NA]
Epoch: 21, loss: 10.206675791740418, eval loss: [NA]
Epoch: 22, loss: 10.221006302833556, eval loss: [NA]
Epoch: 23, loss: 10.216647095680237, eval loss: [NA]
Epoch: 24, loss: 10.193717484474183, eval loss: [NA]
start update posterior model from prior pred - hot start
Epoch: 0, loss: 2.049526184797287, eval loss: [NA]
Epoch: 1, loss: 0.8715435606241226, eval loss: [NA]
Epoch: 2, loss: 0.6664748732745648, eval loss: [NA]
Epoch: 3, loss: 0.5783706097304822, eval loss: [NA]
Epoch: 4, loss: 0.568683395832777, eval loss: [NA]
start update posterior model
Epoch: 0, loss: 14.67377378463745, eval loss: [NA]
Epoch: 1, loss: 14.643444108963013, eval loss: [NA]
Epoch: 2, loss: 14.642252597808838, eval loss: [NA]
Epoch: 3, loss: 14.653827266693115, eval loss: [NA]
Epoch: 4, loss: 14.63933708190918, eval loss: [NA]
Epoch: 5, loss: 14.63488350868225, eval loss: [NA]
Epoch: 6, loss: 14.643148498535156, eval loss: [NA]
Epoch: 7, loss: 14.631252784729003, eval loss: [NA]
Epoch: 8, loss: 14.638912806510925, eval loss: [NA]
Epoch: 9, loss: 14.645675468444825, eval loss: [NA]
Epoch: 10, loss: 14.640341744422912, eval loss: [NA]
Epoch: 11, loss: 14.62976637840271, eval loss: [NA]
Epoch: 12, loss: 14.638694362640381, eval loss: [NA]
Epoch: 13, loss: 14.625134372711182, eval loss: [NA]
Epoch: 14, loss: 14.628583288192749, eval loss: [NA]
Epoch: 15, loss: 14.632161440849304, eval loss: [NA]
Epoch: 16, loss: 14.629710025787354, eval loss: [NA]
Epoch: 17, loss: 14.63016269683838, eval loss: [NA]
Epoch: 18, loss: 14.63080735206604, eval loss: [NA]
Epoch: 19, loss: 14.636161541938781, eval loss: [NA]
Epoch: 20, loss: 14.621167016029357, eval loss: [NA]
Epoch: 21, loss: 14.634049024581909, eval loss: [NA]
Epoch: 22, loss: 14.62785035610199, eval loss: [NA]
Epoch: 23, loss: 14.628888583183288, eval loss: [NA]
Epoch: 24, loss: 14.632024178504944, eval loss: [NA]
Epoch: 25, loss: 14.625034260749818, eval loss: [NA]
Epoch: 26, loss: 14.627413387298583, eval loss: [NA]
Epoch: 27, loss: 14.6299152135849, eval loss: [NA]
Epoch: 28, loss: 14.632928552627563, eval loss: [NA]
Epoch: 29, loss: 14.63870322227478, eval loss: [NA]
Iteration: 2
start update likelihood model
Epoch: 0, loss: 10.124992175102234, eval loss: [NA]
Epoch: 1, loss: 10.098948788642883, eval loss: [NA]
Epoch: 2, loss: 10.09513068675995, eval loss: [NA]
Epoch: 3, loss: 10.094848251342773, eval loss: [NA]
Epoch: 4, loss: 10.106933946609496, eval loss: [NA]
Epoch: 5, loss: 10.09513343334198, eval loss: [NA]
Epoch: 6, loss: 10.098836979866029, eval loss: [NA]
Epoch: 7, loss: 10.090734434127807, eval loss: [NA]
Epoch: 8, loss: 10.090921525955201, eval loss: [NA]
Epoch: 9, loss: 10.0926558303833, eval loss: [NA]
Epoch: 10, loss: 10.081859164237976, eval loss: [NA]
Epoch: 11, loss: 10.089189023971558, eval loss: [NA]
Epoch: 12, loss: 10.085981311798095, eval loss: [NA]
Epoch: 13, loss: 10.066086311340332, eval loss: [NA]
Epoch: 14, loss: 10.06350610256195, eval loss: [NA]
Epoch: 15, loss: 10.097398180961608, eval loss: [NA]
Epoch: 16, loss: 10.063033838272094, eval loss: [NA]
Epoch: 17, loss: 10.073285174369811, eval loss: [NA]
Epoch: 18, loss: 10.073882284164428, eval loss: [NA]
Epoch: 19, loss: 10.065029430389405, eval loss: [NA]
Epoch: 20, loss: 10.0703964138031, eval loss: [NA]
Epoch: 21, loss: 10.069022541046143, eval loss: [NA]
Epoch: 22, loss: 10.067756590843201, eval loss: [NA]
Epoch: 23, loss: 10.065250782966613, eval loss: [NA]
Epoch: 24, loss: 10.06125551700592, eval loss: [NA]
Epoch: 25, loss: 10.06567389011383, eval loss: [NA]
Epoch: 26, loss: 10.071189546585083, eval loss: [NA]
Epoch: 27, loss: 10.060695714950562, eval loss: [NA]
Epoch: 28, loss: 10.06215250492096, eval loss: [NA]
Epoch: 29, loss: 10.061908001899718, eval loss: [NA]
start update posterior model
Epoch: 0, loss: 14.25534390449524, eval loss: [NA]
Epoch: 1, loss: 14.251980333328246, eval loss: [NA]
Epoch: 2, loss: 14.243247594833374, eval loss: [NA]
Epoch: 3, loss: 14.24320415019989, eval loss: [NA]
Epoch: 4, loss: 14.243661770820617, eval loss: [NA]
Epoch: 5, loss: 14.252862615585327, eval loss: [NA]
Epoch: 6, loss: 14.249449453353883, eval loss: [NA]
Epoch: 7, loss: 14.24663676261902, eval loss: [NA]
Epoch: 8, loss: 14.246155543327331, eval loss: [NA]
Epoch: 9, loss: 14.243840770721436, eval loss: [NA]
Epoch: 10, loss: 14.249576721191406, eval loss: [NA]
Epoch: 11, loss: 14.242647609710694, eval loss: [NA]
Epoch: 12, loss: 14.253223385810852, eval loss: [NA]
Epoch: 13, loss: 14.240648813247681, eval loss: [NA]
Epoch: 14, loss: 14.241526865959168, eval loss: [NA]
Epoch: 15, loss: 14.243696899414063, eval loss: [NA]
Epoch: 16, loss: 14.241784987449646, eval loss: [NA]
Epoch: 17, loss: 14.246461362838746, eval loss: [NA]
Epoch: 18, loss: 14.239243326187134, eval loss: [NA]
Epoch: 19, loss: 14.242499032020568, eval loss: [NA]
Epoch: 20, loss: 14.243202352523804, eval loss: [NA]
Epoch: 21, loss: 14.235527515411377, eval loss: [NA]
Epoch: 22, loss: 14.247144341468811, eval loss: [NA]
Epoch: 23, loss: 14.24417396068573, eval loss: [NA]
Epoch: 24, loss: 14.247884945869446, eval loss: [NA]
Epoch: 25, loss: 14.244424824714661, eval loss: [NA]
Epoch: 26, loss: 14.244651565551758, eval loss: [NA]
Epoch: 27, loss: 14.248985252380372, eval loss: [NA]
Epoch: 28, loss: 14.238132839202882, eval loss: [NA]
Epoch: 29, loss: 14.241466736793518, eval loss: [NA]
Iteration: 3
start update likelihood model
Epoch: 0, loss: 10.168900303840637, eval loss: [NA]
Epoch: 1, loss: 10.128660488128663, eval loss: [NA]
Epoch: 2, loss: 10.118989300727844, eval loss: [NA]
Epoch: 3, loss: 10.121329317092895, eval loss: [NA]
Epoch: 4, loss: 10.132770857810975, eval loss: [NA]
Epoch: 5, loss: 10.125926837921142, eval loss: [NA]
Epoch: 6, loss: 10.116456165313721, eval loss: [NA]
Epoch: 7, loss: 10.121133460998536, eval loss: [NA]
Epoch: 8, loss: 10.124306035041808, eval loss: [NA]
Epoch: 9, loss: 10.116569695472718, eval loss: [NA]
Epoch: 10, loss: 10.12256272315979, eval loss: [NA]
Epoch: 11, loss: 10.116206831932068, eval loss: [NA]
Epoch: 12, loss: 10.115041766166687, eval loss: [NA]
Epoch: 13, loss: 10.101716146469116, eval loss: [NA]
Epoch: 14, loss: 10.105437874794006, eval loss: [NA]
Epoch: 15, loss: 10.103554406166076, eval loss: [NA]
Epoch: 16, loss: 10.105652737617493, eval loss: [NA]
Epoch: 17, loss: 10.084238057136536, eval loss: [NA]
Epoch: 18, loss: 10.099466981887817, eval loss: [NA]
Epoch: 19, loss: 10.092827315330505, eval loss: [NA]
Epoch: 20, loss: 10.098620982170106, eval loss: [NA]
Epoch: 21, loss: 10.100660347938538, eval loss: [NA]
Epoch: 22, loss: 10.099658341407777, eval loss: [NA]
Epoch: 23, loss: 10.097607688903809, eval loss: [NA]
Epoch: 24, loss: 10.09526336669922, eval loss: [NA]
Epoch: 25, loss: 10.086303744316101, eval loss: [NA]
Epoch: 26, loss: 10.08401032924652, eval loss: [NA]
Epoch: 27, loss: 10.08447907447815, eval loss: [NA]
Epoch: 28, loss: 10.080309176445008, eval loss: [NA]
Epoch: 29, loss: 10.090133237838746, eval loss: [NA]
start update posterior model
Epoch: 0, loss: 13.386313409805298, eval loss: [NA]
Epoch: 1, loss: 13.379233722686768, eval loss: [NA]
Epoch: 2, loss: 13.376898646354675, eval loss: [NA]
Epoch: 3, loss: 13.385334830284119, eval loss: [NA]
Epoch: 4, loss: 13.37732006072998, eval loss: [NA]
Epoch: 5, loss: 13.377726559638978, eval loss: [NA]
Epoch: 6, loss: 13.37834837436676, eval loss: [NA]
Epoch: 7, loss: 13.384372520446778, eval loss: [NA]
Epoch: 8, loss: 13.376175074577331, eval loss: [NA]
Epoch: 9, loss: 13.379388785362243, eval loss: [NA]
Epoch: 10, loss: 13.376771945953369, eval loss: [NA]
Epoch: 11, loss: 13.378529105186463, eval loss: [NA]
Epoch: 12, loss: 13.380009441375732, eval loss: [NA]
Epoch: 13, loss: 13.377883887290954, eval loss: [NA]
Epoch: 14, loss: 13.376788249015808, eval loss: [NA]
Epoch: 15, loss: 13.38613823890686, eval loss: [NA]
Epoch: 16, loss: 13.381433787345886, eval loss: [NA]
Epoch: 17, loss: 13.376041975021362, eval loss: [NA]
Epoch: 18, loss: 13.376803908348084, eval loss: [NA]
Epoch: 19, loss: 13.375255727767945, eval loss: [NA]
Epoch: 20, loss: 13.37975971698761, eval loss: [NA]
Epoch: 21, loss: 13.38024019241333, eval loss: [NA]
Epoch: 22, loss: 13.376578063964844, eval loss: [NA]
Epoch: 23, loss: 13.376828093528747, eval loss: [NA]
Epoch: 24, loss: 13.375783343315124, eval loss: [NA]
Epoch: 25, loss: 13.377481975555419, eval loss: [NA]
Epoch: 26, loss: 13.38112648010254, eval loss: [NA]
Epoch: 27, loss: 13.375500373840332, eval loss: [NA]
Epoch: 28, loss: 13.3761736869812, eval loss: [NA]
Epoch: 29, loss: 13.373719291687012, eval loss: [NA]
Iteration: 4
start update likelihood model
Epoch: 0, loss: 10.086469521522522, eval loss: [NA]
Epoch: 1, loss: 10.08496461868286, eval loss: [NA]
Epoch: 2, loss: 10.078112182617188, eval loss: [NA]
Epoch: 3, loss: 10.074813346862793, eval loss: [NA]
Epoch: 4, loss: 10.067925343513489, eval loss: [NA]
Epoch: 5, loss: 10.065473599433899, eval loss: [NA]
Epoch: 6, loss: 10.056505694389344, eval loss: [NA]
Epoch: 7, loss: 10.072118496894836, eval loss: [NA]
Epoch: 8, loss: 10.076291942596436, eval loss: [NA]
Epoch: 9, loss: 10.064634256362915, eval loss: [NA]
Epoch: 10, loss: 10.057138724327087, eval loss: [NA]
Epoch: 11, loss: 10.057380719184875, eval loss: [NA]
Epoch: 12, loss: 10.04878143787384, eval loss: [NA]
Epoch: 13, loss: 10.055766305923463, eval loss: [NA]
Epoch: 14, loss: 10.052769622802735, eval loss: [NA]
Epoch: 15, loss: 10.049064917564392, eval loss: [NA]
Epoch: 16, loss: 10.0501052236557, eval loss: [NA]
Epoch: 17, loss: 10.052782931327819, eval loss: [NA]
Epoch: 18, loss: 10.052397503852845, eval loss: [NA]
Epoch: 19, loss: 10.04586817741394, eval loss: [NA]
Epoch: 20, loss: 10.039769005775451, eval loss: [NA]
Epoch: 21, loss: 10.047759737968445, eval loss: [NA]
Epoch: 22, loss: 10.038759703636169, eval loss: [NA]
Epoch: 23, loss: 10.033525323867797, eval loss: [NA]
Epoch: 24, loss: 10.042169375419617, eval loss: [NA]
Epoch: 25, loss: 10.036907501220703, eval loss: [NA]
Epoch: 26, loss: 10.03176221370697, eval loss: [NA]
Epoch: 27, loss: 10.041279234886169, eval loss: [NA]
Epoch: 28, loss: 10.03080988407135, eval loss: [NA]
Epoch: 29, loss: 10.049385266304016, eval loss: [NA]
start update posterior model
Epoch: 0, loss: 13.680786180496217, eval loss: [NA]
Epoch: 1, loss: 13.672858972549438, eval loss: [NA]
Epoch: 2, loss: 13.666407675743104, eval loss: [NA]
Epoch: 3, loss: 13.667007513046265, eval loss: [NA]
Epoch: 4, loss: 13.668205909729004, eval loss: [NA]
Epoch: 5, loss: 13.663821749687195, eval loss: [NA]
Epoch: 6, loss: 13.66424497127533, eval loss: [NA]
Epoch: 7, loss: 13.670066442489624, eval loss: [NA]
Epoch: 8, loss: 13.673826069831849, eval loss: [NA]
Epoch: 9, loss: 13.662452716827392, eval loss: [NA]
Epoch: 10, loss: 13.66763542175293, eval loss: [NA]
Epoch: 11, loss: 13.670532445907593, eval loss: [NA]
Epoch: 12, loss: 13.66830620765686, eval loss: [NA]
Epoch: 13, loss: 13.666913251876831, eval loss: [NA]
Epoch: 14, loss: 13.661777262687684, eval loss: [NA]
Epoch: 15, loss: 13.665276474952698, eval loss: [NA]
Epoch: 16, loss: 13.665888938903809, eval loss: [NA]
Epoch: 17, loss: 13.668328986167907, eval loss: [NA]
Epoch: 18, loss: 13.665722126960754, eval loss: [NA]
Epoch: 19, loss: 13.669288377761841, eval loss: [NA]
Epoch: 20, loss: 13.667173676490783, eval loss: [NA]
Epoch: 21, loss: 13.66374165058136, eval loss: [NA]
Epoch: 22, loss: 13.663773560523987, eval loss: [NA]
Epoch: 23, loss: 13.668234848976136, eval loss: [NA]
Epoch: 24, loss: 13.66668387889862, eval loss: [NA]
Epoch: 25, loss: 13.664417729377746, eval loss: [NA]
Epoch: 26, loss: 13.668626751899719, eval loss: [NA]
Epoch: 27, loss: 13.663790130615235, eval loss: [NA]
Epoch: 28, loss: 13.664400687217713, eval loss: [NA]
Epoch: 29, loss: 13.663346881866454, eval loss: [NA]

Runtime:593.44
[245130855221432.53, 0.007, 0.0124, 0.0051]
[5344130048.0, 1.2236, 1.2168, 1.163]
[9427736330240.0, 1.4218, 1.3831, 1.4219]
KL div untrained: 300112400510864.44
KL div trained: 0.0161
