Input args:
Dim: 2
seed: 19
seed_data: 10
/home/samwiq/snpla/seq-posterior-approx-w-nf-dev/mv_gaussian/low_dim_w_five_obs/lunarc
/home/samwiq/snpla/seq-posterior-approx-w-nf-dev
tensor(4.7931e+11, grad_fn=<MeanBackward0>)
tensor(8.6667e+09, grad_fn=<MeanBackward0>)
tensor([ 8.4259e+10, -2.3250e+09, -8.1480e+07,  3.2770e+01,  4.5447e+05,
        -1.8619e+04,  7.5475e+05, -3.6913e+01,  5.9152e+04, -2.4846e+02],
       grad_fn=<MeanBackward1>)
tensor([1.5571e+12, 4.2971e+10, 1.5106e+09, 8.5230e+02, 1.4372e+07, 6.7588e+05,
        1.7129e+07, 6.3451e+02, 1.3425e+06, 7.9658e+03],
       grad_fn=<StdBackward1>)
tensor([-0.0072, -0.7409, -0.3332, -1.7425,  1.0863, -0.5056,  0.6439,  0.8013,
        -1.2521, -2.4919])
start full training
Iteration: 1
start update likelihood model
Epoch: 0, loss: 18.65439974784851, eval loss: [NA]
Epoch: 1, loss: 12.81692596912384, eval loss: [NA]
Epoch: 2, loss: 10.97747730255127, eval loss: [NA]
Epoch: 3, loss: 10.555203013420105, eval loss: [NA]
Epoch: 4, loss: 10.429052376747132, eval loss: [NA]
Epoch: 5, loss: 10.34785779953003, eval loss: [NA]
Epoch: 6, loss: 10.33471824645996, eval loss: [NA]
Epoch: 7, loss: 10.288400406837463, eval loss: [NA]
Epoch: 8, loss: 10.282334570884705, eval loss: [NA]
Epoch: 9, loss: 10.27255479812622, eval loss: [NA]
Epoch: 10, loss: 10.240659108161926, eval loss: [NA]
Epoch: 11, loss: 10.241157732009889, eval loss: [NA]
Epoch: 12, loss: 10.27718979358673, eval loss: [NA]
Epoch: 13, loss: 10.231551985740662, eval loss: [NA]
Epoch: 14, loss: 10.217062635421753, eval loss: [NA]
Epoch: 15, loss: 10.218179721832275, eval loss: [NA]
Epoch: 16, loss: 10.215728158950805, eval loss: [NA]
Epoch: 17, loss: 10.218244633674622, eval loss: [NA]
Epoch: 18, loss: 10.2146142578125, eval loss: [NA]
Epoch: 19, loss: 10.203073015213013, eval loss: [NA]
Epoch: 20, loss: 10.193179984092712, eval loss: [NA]
Epoch: 21, loss: 10.194906826019286, eval loss: [NA]
Epoch: 22, loss: 10.193809175491333, eval loss: [NA]
Epoch: 23, loss: 10.165622801780701, eval loss: [NA]
Epoch: 24, loss: 10.189123096466064, eval loss: [NA]
start update posterior model from prior pred - hot start
Epoch: 0, loss: 2.0460388377308845, eval loss: [NA]
Epoch: 1, loss: 0.846816527992487, eval loss: [NA]
Epoch: 2, loss: 0.6321732907742262, eval loss: [NA]
Epoch: 3, loss: 0.5982634026557208, eval loss: [NA]
Epoch: 4, loss: 0.5460852376744151, eval loss: [NA]
start update posterior model
Epoch: 0, loss: 18.273176527023317, eval loss: [NA]
Epoch: 1, loss: 18.27252088546753, eval loss: [NA]
Epoch: 2, loss: 18.25999535560608, eval loss: [NA]
Epoch: 3, loss: 18.27013560295105, eval loss: [NA]
Epoch: 4, loss: 18.26133484840393, eval loss: [NA]
Epoch: 5, loss: 18.264621801376343, eval loss: [NA]
Epoch: 6, loss: 18.263444347381594, eval loss: [NA]
Epoch: 7, loss: 18.269555826187133, eval loss: [NA]
Epoch: 8, loss: 18.262606973648072, eval loss: [NA]
Epoch: 9, loss: 18.26716100692749, eval loss: [NA]
Epoch: 10, loss: 18.254721775054932, eval loss: [NA]
Epoch: 11, loss: 18.26641664505005, eval loss: [NA]
Epoch: 12, loss: 18.26064908981323, eval loss: [NA]
Epoch: 13, loss: 18.26399787902832, eval loss: [NA]
Epoch: 14, loss: 18.257991828918456, eval loss: [NA]
Epoch: 15, loss: 18.257054872512818, eval loss: [NA]
Epoch: 16, loss: 18.259027013778688, eval loss: [NA]
Epoch: 17, loss: 18.26034785270691, eval loss: [NA]
Epoch: 18, loss: 18.26132502555847, eval loss: [NA]
Epoch: 19, loss: 18.258587265014647, eval loss: [NA]
Epoch: 20, loss: 18.256228036880493, eval loss: [NA]
Epoch: 21, loss: 18.257772369384767, eval loss: [NA]
Epoch: 22, loss: 18.25491762161255, eval loss: [NA]
Epoch: 23, loss: 18.249918203353882, eval loss: [NA]
Epoch: 24, loss: 18.25269275665283, eval loss: [NA]
Epoch: 25, loss: 18.253321018218994, eval loss: [NA]
Epoch: 26, loss: 18.259593200683593, eval loss: [NA]
Epoch: 27, loss: 18.255784702301025, eval loss: [NA]
Epoch: 28, loss: 18.254613971710206, eval loss: [NA]
Epoch: 29, loss: 18.25369833946228, eval loss: [NA]
Iteration: 2
start update likelihood model
Epoch: 0, loss: 10.155035610198974, eval loss: [NA]
Epoch: 1, loss: 10.141573047637939, eval loss: [NA]
Epoch: 2, loss: 10.135372242927552, eval loss: [NA]
Epoch: 3, loss: 10.127805800437928, eval loss: [NA]
Epoch: 4, loss: 10.144868144989013, eval loss: [NA]
Epoch: 5, loss: 10.139091501235962, eval loss: [NA]
Epoch: 6, loss: 10.147630200386047, eval loss: [NA]
Epoch: 7, loss: 10.135195579528808, eval loss: [NA]
Epoch: 8, loss: 10.123160638809203, eval loss: [NA]
Epoch: 9, loss: 10.13273108959198, eval loss: [NA]
Epoch: 10, loss: 10.129507222175597, eval loss: [NA]
Epoch: 11, loss: 10.137245292663573, eval loss: [NA]
Epoch: 12, loss: 10.139558300971984, eval loss: [NA]
Epoch: 13, loss: 10.125816264152526, eval loss: [NA]
Epoch: 14, loss: 10.152813467979431, eval loss: [NA]
Epoch: 15, loss: 10.121601386070251, eval loss: [NA]
Epoch: 16, loss: 10.12198323726654, eval loss: [NA]
Epoch: 17, loss: 10.121983695030213, eval loss: [NA]
Epoch: 18, loss: 10.125405149459839, eval loss: [NA]
Epoch: 19, loss: 10.118000817298888, eval loss: [NA]
Epoch: 20, loss: 10.114432506561279, eval loss: [NA]
Epoch: 21, loss: 10.117870759963989, eval loss: [NA]
Epoch: 22, loss: 10.121725935935974, eval loss: [NA]
Epoch: 23, loss: 10.104247636795044, eval loss: [NA]
Epoch: 24, loss: 10.115247340202332, eval loss: [NA]
Epoch: 25, loss: 10.109683418273926, eval loss: [NA]
Epoch: 26, loss: 10.107733659744262, eval loss: [NA]
Epoch: 27, loss: 10.111605854034424, eval loss: [NA]
Epoch: 28, loss: 10.11673089504242, eval loss: [NA]
Epoch: 29, loss: 10.099788336753845, eval loss: [NA]
start update posterior model
Epoch: 0, loss: 17.753573293685914, eval loss: [NA]
Epoch: 1, loss: 17.74692831993103, eval loss: [NA]
Epoch: 2, loss: 17.752713994979857, eval loss: [NA]
Epoch: 3, loss: 17.75257761001587, eval loss: [NA]
Epoch: 4, loss: 17.755579023361207, eval loss: [NA]
Epoch: 5, loss: 17.750530071258545, eval loss: [NA]
Epoch: 6, loss: 17.750157279968263, eval loss: [NA]
Epoch: 7, loss: 17.749128646850586, eval loss: [NA]
Epoch: 8, loss: 17.747658014297485, eval loss: [NA]
Epoch: 9, loss: 17.747352561950684, eval loss: [NA]
Epoch: 10, loss: 17.747979345321657, eval loss: [NA]
Epoch: 11, loss: 17.74972155570984, eval loss: [NA]
Epoch: 12, loss: 17.747995557785035, eval loss: [NA]
Epoch: 13, loss: 17.750441970825197, eval loss: [NA]
Epoch: 14, loss: 17.750301294326782, eval loss: [NA]
Epoch: 15, loss: 17.746986045837403, eval loss: [NA]
Epoch: 16, loss: 17.747414960861207, eval loss: [NA]
Epoch: 17, loss: 17.747361221313476, eval loss: [NA]
Epoch: 18, loss: 17.74940670967102, eval loss: [NA]
Epoch: 19, loss: 17.749309921264647, eval loss: [NA]
Epoch: 20, loss: 17.748914623260497, eval loss: [NA]
Epoch: 21, loss: 17.747918329238892, eval loss: [NA]
Epoch: 22, loss: 17.74678737640381, eval loss: [NA]
Epoch: 23, loss: 17.748876218795775, eval loss: [NA]
Epoch: 24, loss: 17.748708610534667, eval loss: [NA]
Epoch: 25, loss: 17.74760311126709, eval loss: [NA]
Epoch: 26, loss: 17.746293573379518, eval loss: [NA]
Epoch: 27, loss: 17.744875688552856, eval loss: [NA]
Epoch: 28, loss: 17.74808355331421, eval loss: [NA]
Epoch: 29, loss: 17.746864356994628, eval loss: [NA]
Iteration: 3
start update likelihood model
Epoch: 0, loss: 10.120784487724304, eval loss: [NA]
Epoch: 1, loss: 10.108586230278014, eval loss: [NA]
Epoch: 2, loss: 10.096341600418091, eval loss: [NA]
Epoch: 3, loss: 10.102034168243408, eval loss: [NA]
Epoch: 4, loss: 10.090610485076905, eval loss: [NA]
Epoch: 5, loss: 10.08885485649109, eval loss: [NA]
Epoch: 6, loss: 10.098620619773865, eval loss: [NA]
Epoch: 7, loss: 10.080154194831849, eval loss: [NA]
Epoch: 8, loss: 10.086716585159301, eval loss: [NA]
Epoch: 9, loss: 10.08548406124115, eval loss: [NA]
Epoch: 10, loss: 10.086963591575623, eval loss: [NA]
Epoch: 11, loss: 10.084115576744079, eval loss: [NA]
Epoch: 12, loss: 10.073628101348877, eval loss: [NA]
Epoch: 13, loss: 10.074641313552856, eval loss: [NA]
Epoch: 14, loss: 10.072474417686463, eval loss: [NA]
Epoch: 15, loss: 10.073147382736206, eval loss: [NA]
Epoch: 16, loss: 10.073508224487306, eval loss: [NA]
Epoch: 17, loss: 10.065015287399293, eval loss: [NA]
Epoch: 18, loss: 10.06821641921997, eval loss: [NA]
Epoch: 19, loss: 10.053548460006715, eval loss: [NA]
Epoch: 20, loss: 10.061035780906677, eval loss: [NA]
Epoch: 21, loss: 10.063263902664184, eval loss: [NA]
Epoch: 22, loss: 10.059576740264893, eval loss: [NA]
Epoch: 23, loss: 10.056285667419434, eval loss: [NA]
Epoch: 24, loss: 10.059027881622315, eval loss: [NA]
Epoch: 25, loss: 10.054822273254395, eval loss: [NA]
Epoch: 26, loss: 10.05626130104065, eval loss: [NA]
Epoch: 27, loss: 10.054051237106323, eval loss: [NA]
Epoch: 28, loss: 10.051420850753784, eval loss: [NA]
Epoch: 29, loss: 10.03903651714325, eval loss: [NA]
start update posterior model
Epoch: 0, loss: 17.529360303878786, eval loss: [NA]
Epoch: 1, loss: 17.530263690948487, eval loss: [NA]
Epoch: 2, loss: 17.527987947463988, eval loss: [NA]
Epoch: 3, loss: 17.528001594543458, eval loss: [NA]
Epoch: 4, loss: 17.53135042190552, eval loss: [NA]
Epoch: 5, loss: 17.529227752685546, eval loss: [NA]
Epoch: 6, loss: 17.52294292449951, eval loss: [NA]
Epoch: 7, loss: 17.53029317855835, eval loss: [NA]
Epoch: 8, loss: 17.52451376914978, eval loss: [NA]
Epoch: 9, loss: 17.527625408172607, eval loss: [NA]
Epoch: 10, loss: 17.52604679107666, eval loss: [NA]
Epoch: 11, loss: 17.527530603408813, eval loss: [NA]
Epoch: 12, loss: 17.52821316719055, eval loss: [NA]
Epoch: 13, loss: 17.523592224121092, eval loss: [NA]
Epoch: 14, loss: 17.525418243408204, eval loss: [NA]
Epoch: 15, loss: 17.526078872680664, eval loss: [NA]
Epoch: 16, loss: 17.523260231018067, eval loss: [NA]
Epoch: 17, loss: 17.529627084732056, eval loss: [NA]
Epoch: 18, loss: 17.52755660057068, eval loss: [NA]
Epoch: 19, loss: 17.523915929794313, eval loss: [NA]
Epoch: 20, loss: 17.523047275543213, eval loss: [NA]
Epoch: 21, loss: 17.52755802154541, eval loss: [NA]
Epoch: 22, loss: 17.52723214149475, eval loss: [NA]
Epoch: 23, loss: 17.526830863952636, eval loss: [NA]
Epoch: 24, loss: 17.52699481010437, eval loss: [NA]
Epoch: 25, loss: 17.525402994155883, eval loss: [NA]
Epoch: 26, loss: 17.525928630828858, eval loss: [NA]
Epoch: 27, loss: 17.52605260848999, eval loss: [NA]
Epoch: 28, loss: 17.524234685897827, eval loss: [NA]
Epoch: 29, loss: 17.52418183326721, eval loss: [NA]
Iteration: 4
start update likelihood model
Epoch: 0, loss: 10.0928946685791, eval loss: [NA]
Epoch: 1, loss: 10.076556630134583, eval loss: [NA]
Epoch: 2, loss: 10.069752736091614, eval loss: [NA]
Epoch: 3, loss: 10.065089983940124, eval loss: [NA]
Epoch: 4, loss: 10.062665963172913, eval loss: [NA]
Epoch: 5, loss: 10.062596850395202, eval loss: [NA]
Epoch: 6, loss: 10.0548313331604, eval loss: [NA]
Epoch: 7, loss: 10.057627649307252, eval loss: [NA]
Epoch: 8, loss: 10.051609020233155, eval loss: [NA]
Epoch: 9, loss: 10.054466972351074, eval loss: [NA]
Epoch: 10, loss: 10.049339628219604, eval loss: [NA]
Epoch: 11, loss: 10.05358272075653, eval loss: [NA]
Epoch: 12, loss: 10.04268904209137, eval loss: [NA]
Epoch: 13, loss: 10.049168071746827, eval loss: [NA]
Epoch: 14, loss: 10.045316801071166, eval loss: [NA]
Epoch: 15, loss: 10.04375198841095, eval loss: [NA]
Epoch: 16, loss: 10.039418482780457, eval loss: [NA]
Epoch: 17, loss: 10.039894824028016, eval loss: [NA]
Epoch: 18, loss: 10.042213630676269, eval loss: [NA]
Epoch: 19, loss: 10.032661209106445, eval loss: [NA]
Epoch: 20, loss: 10.03291642665863, eval loss: [NA]
Epoch: 21, loss: 10.033176035881043, eval loss: [NA]
Epoch: 22, loss: 10.026406297683716, eval loss: [NA]
Epoch: 23, loss: 10.027455568313599, eval loss: [NA]
Epoch: 24, loss: 10.023419981002808, eval loss: [NA]
Epoch: 25, loss: 10.027403531074524, eval loss: [NA]
Epoch: 26, loss: 10.022961697578431, eval loss: [NA]
Epoch: 27, loss: 10.017215728759766, eval loss: [NA]
Epoch: 28, loss: 10.02131941318512, eval loss: [NA]
Epoch: 29, loss: 10.017467012405396, eval loss: [NA]
start update posterior model
Epoch: 0, loss: 17.850347080230712, eval loss: [NA]
Epoch: 1, loss: 17.84214129447937, eval loss: [NA]
Epoch: 2, loss: 17.846321144104003, eval loss: [NA]
Epoch: 3, loss: 17.84494975090027, eval loss: [NA]
Epoch: 4, loss: 17.843340253829957, eval loss: [NA]
Epoch: 5, loss: 17.842904443740846, eval loss: [NA]
Epoch: 6, loss: 17.844023790359497, eval loss: [NA]
Epoch: 7, loss: 17.84167793273926, eval loss: [NA]
Epoch: 8, loss: 17.840914297103883, eval loss: [NA]
Epoch: 9, loss: 17.84250811576843, eval loss: [NA]
Epoch: 10, loss: 17.844005699157716, eval loss: [NA]
Epoch: 11, loss: 17.845238599777222, eval loss: [NA]
Epoch: 12, loss: 17.839656715393065, eval loss: [NA]
Epoch: 13, loss: 17.839634437561035, eval loss: [NA]
Epoch: 14, loss: 17.83959948539734, eval loss: [NA]
Epoch: 15, loss: 17.83947730064392, eval loss: [NA]
Epoch: 16, loss: 17.840107727050782, eval loss: [NA]
Epoch: 17, loss: 17.8394167804718, eval loss: [NA]
Epoch: 18, loss: 17.83969401359558, eval loss: [NA]
Epoch: 19, loss: 17.83896213531494, eval loss: [NA]
Epoch: 20, loss: 17.84089497566223, eval loss: [NA]
Epoch: 21, loss: 17.839793462753295, eval loss: [NA]
Epoch: 22, loss: 17.839433240890504, eval loss: [NA]
Epoch: 23, loss: 17.83957565307617, eval loss: [NA]
Epoch: 24, loss: 17.8370831489563, eval loss: [NA]
Epoch: 25, loss: 17.839024600982665, eval loss: [NA]
Epoch: 26, loss: 17.837906198501585, eval loss: [NA]
Epoch: 27, loss: 17.83935911178589, eval loss: [NA]
Epoch: 28, loss: 17.8393528175354, eval loss: [NA]
Epoch: 29, loss: 17.83724124908447, eval loss: [NA]

Runtime:620.21
[1.6995352376063698e+16, 0.035, 0.0102, 0.0057]
[8666676224.0, 1.2566, 1.2882, 1.2774]
[479309692928.0, 1.3867, 1.4006, 1.4136]
KL div untrained: 2.141443356901578e+16
KL div trained: 0.0091
