Input args:
Dim: 2
seed: 39
seed_data: 10
/home/samwiq/spa/seq-posterior-approx-w-nf-dev/mv_gaussian/low_dim_w_five_obs/lunarc
/home/samwiq/spa/seq-posterior-approx-w-nf-dev
tensor(1.0528e+14, grad_fn=<MeanBackward0>)
tensor(6.7379e+08, grad_fn=<MeanBackward0>)
tensor([ 6.5510e+09, -1.8009e+08, -5.8342e+06,  1.5688e+02,  5.2475e+04,
         9.2800e+03,  4.6023e+04, -1.4467e+02,  3.6226e+03,  2.9262e+00],
       grad_fn=<MeanBackward1>)
tensor([1.3155e+11, 3.6306e+09, 1.2850e+08, 2.9678e+03, 1.1816e+06, 3.7525e+05,
        1.4668e+06, 4.8006e+03, 1.1496e+05, 1.8928e+01],
       grad_fn=<StdBackward1>)
tensor([1.5180, 0.7513, 2.2055, 2.2721, 1.7238, 0.7676, 2.2264, 1.6746, 1.5599,
        0.1698])
start full training
Iteration: 1
start update likelihood model
Epoch: 0, loss: 18.947338128089903, eval loss: [NA]
Epoch: 1, loss: 12.890102767944336, eval loss: [NA]
Epoch: 2, loss: 10.957338886260986, eval loss: [NA]
Epoch: 3, loss: 10.499610133171082, eval loss: [NA]
Epoch: 4, loss: 10.390197072029114, eval loss: [NA]
Epoch: 5, loss: 10.36492841720581, eval loss: [NA]
Epoch: 6, loss: 10.307473454475403, eval loss: [NA]
Epoch: 7, loss: 10.294828810691833, eval loss: [NA]
Epoch: 8, loss: 10.278092460632324, eval loss: [NA]
Epoch: 9, loss: 10.278268685340882, eval loss: [NA]
Epoch: 10, loss: 10.264224672317505, eval loss: [NA]
Epoch: 11, loss: 10.269672088623047, eval loss: [NA]
Epoch: 12, loss: 10.238905310630798, eval loss: [NA]
Epoch: 13, loss: 10.222519731521606, eval loss: [NA]
Epoch: 14, loss: 10.230471200942993, eval loss: [NA]
Epoch: 15, loss: 10.194302406311035, eval loss: [NA]
Epoch: 16, loss: 10.215359663963318, eval loss: [NA]
Epoch: 17, loss: 10.217160930633545, eval loss: [NA]
Epoch: 18, loss: 10.17140697479248, eval loss: [NA]
Epoch: 19, loss: 10.193008489608765, eval loss: [NA]
Epoch: 20, loss: 10.189808659553528, eval loss: [NA]
Epoch: 21, loss: 10.181027121543885, eval loss: [NA]
Epoch: 22, loss: 10.193265686035156, eval loss: [NA]
Epoch: 23, loss: 10.170145592689515, eval loss: [NA]
Epoch: 24, loss: 10.165234723091125, eval loss: [NA]
start update posterior model from prior pred - hot start
Epoch: 0, loss: 2.1073782739043234, eval loss: [NA]
Epoch: 1, loss: 0.8283135005831719, eval loss: [NA]
Epoch: 2, loss: 0.6662352502346038, eval loss: [NA]
Epoch: 3, loss: 0.5796246804296971, eval loss: [NA]
Epoch: 4, loss: 0.537355481237173, eval loss: [NA]
start update posterior model
Epoch: 0, loss: 13.793488755226136, eval loss: [NA]
Epoch: 1, loss: 13.80325020313263, eval loss: [NA]
Epoch: 2, loss: 13.788680758476257, eval loss: [NA]
Epoch: 3, loss: 13.794169979095459, eval loss: [NA]
Epoch: 4, loss: 13.78646171092987, eval loss: [NA]
Epoch: 5, loss: 13.795023131370545, eval loss: [NA]
Epoch: 6, loss: 13.781730842590331, eval loss: [NA]
Epoch: 7, loss: 13.782544231414795, eval loss: [NA]
Epoch: 8, loss: 13.774773468971253, eval loss: [NA]
Epoch: 9, loss: 13.78326069831848, eval loss: [NA]
Epoch: 10, loss: 13.786866736412048, eval loss: [NA]
Epoch: 11, loss: 13.786320762634277, eval loss: [NA]
Epoch: 12, loss: 13.791946702003479, eval loss: [NA]
Epoch: 13, loss: 13.77755129814148, eval loss: [NA]
Epoch: 14, loss: 13.782412943840027, eval loss: [NA]
Epoch: 15, loss: 13.779973301887512, eval loss: [NA]
Epoch: 16, loss: 13.79424982070923, eval loss: [NA]
Epoch: 17, loss: 13.77750545501709, eval loss: [NA]
Epoch: 18, loss: 13.781599640846252, eval loss: [NA]
Epoch: 19, loss: 13.77908522605896, eval loss: [NA]
Epoch: 20, loss: 13.775878839492798, eval loss: [NA]
Epoch: 21, loss: 13.779653816223144, eval loss: [NA]
Epoch: 22, loss: 13.781896376609803, eval loss: [NA]
Epoch: 23, loss: 13.775469841957092, eval loss: [NA]
Epoch: 24, loss: 13.779057202339173, eval loss: [NA]
Epoch: 25, loss: 13.782593388557434, eval loss: [NA]
Epoch: 26, loss: 13.775043983459472, eval loss: [NA]
Epoch: 27, loss: 13.771716966629029, eval loss: [NA]
Epoch: 28, loss: 13.776625390052795, eval loss: [NA]
Epoch: 29, loss: 13.775087814331055, eval loss: [NA]
Iteration: 2
start update likelihood model
Epoch: 0, loss: 10.136836457252503, eval loss: [NA]
Epoch: 1, loss: 10.113073210716248, eval loss: [NA]
Epoch: 2, loss: 10.114272522926331, eval loss: [NA]
Epoch: 3, loss: 10.107394404411316, eval loss: [NA]
Epoch: 4, loss: 10.112649884223938, eval loss: [NA]
Epoch: 5, loss: 10.107798781394958, eval loss: [NA]
Epoch: 6, loss: 10.105110573768616, eval loss: [NA]
Epoch: 7, loss: 10.101006426811217, eval loss: [NA]
Epoch: 8, loss: 10.100689024925233, eval loss: [NA]
Epoch: 9, loss: 10.10155701637268, eval loss: [NA]
Epoch: 10, loss: 10.09211314201355, eval loss: [NA]
Epoch: 11, loss: 10.096524004936219, eval loss: [NA]
Epoch: 12, loss: 10.100041165351868, eval loss: [NA]
Epoch: 13, loss: 10.096601567268372, eval loss: [NA]
Epoch: 14, loss: 10.099778361320496, eval loss: [NA]
Epoch: 15, loss: 10.093728632926942, eval loss: [NA]
Epoch: 16, loss: 10.095450243949891, eval loss: [NA]
Epoch: 17, loss: 10.088828601837157, eval loss: [NA]
Epoch: 18, loss: 10.108757081031799, eval loss: [NA]
Epoch: 19, loss: 10.101029114723206, eval loss: [NA]
Epoch: 20, loss: 10.077781767845154, eval loss: [NA]
Epoch: 21, loss: 10.079725861549377, eval loss: [NA]
Epoch: 22, loss: 10.083513870239258, eval loss: [NA]
Epoch: 23, loss: 10.080716490745544, eval loss: [NA]
Epoch: 24, loss: 10.08682572364807, eval loss: [NA]
Epoch: 25, loss: 10.072724347114564, eval loss: [NA]
Epoch: 26, loss: 10.089305353164672, eval loss: [NA]
Epoch: 27, loss: 10.077537455558776, eval loss: [NA]
Epoch: 28, loss: 10.077778573036193, eval loss: [NA]
Epoch: 29, loss: 10.083271889686584, eval loss: [NA]
start update posterior model
Epoch: 0, loss: 14.223942279815674, eval loss: [NA]
Epoch: 1, loss: 14.229599595069885, eval loss: [NA]
Epoch: 2, loss: 14.219586253166199, eval loss: [NA]
Epoch: 3, loss: 14.228873991966248, eval loss: [NA]
Epoch: 4, loss: 14.21740035533905, eval loss: [NA]
Epoch: 5, loss: 14.220757040977478, eval loss: [NA]
Epoch: 6, loss: 14.22184000492096, eval loss: [NA]
Epoch: 7, loss: 14.217194242477417, eval loss: [NA]
Epoch: 8, loss: 14.224851140975952, eval loss: [NA]
Epoch: 9, loss: 14.216450624465942, eval loss: [NA]
Epoch: 10, loss: 14.221474604606628, eval loss: [NA]
Epoch: 11, loss: 14.219809074401855, eval loss: [NA]
Epoch: 12, loss: 14.219026389122009, eval loss: [NA]
Epoch: 13, loss: 14.2201877450943, eval loss: [NA]
Epoch: 14, loss: 14.221652460098266, eval loss: [NA]
Epoch: 15, loss: 14.220460743904114, eval loss: [NA]
Epoch: 16, loss: 14.219409914016724, eval loss: [NA]
Epoch: 17, loss: 14.21910740852356, eval loss: [NA]
Epoch: 18, loss: 14.216991658210754, eval loss: [NA]
Epoch: 19, loss: 14.218793950080872, eval loss: [NA]
Epoch: 20, loss: 14.220566740036011, eval loss: [NA]
Epoch: 21, loss: 14.218107733726502, eval loss: [NA]
Epoch: 22, loss: 14.218832626342774, eval loss: [NA]
Epoch: 23, loss: 14.218602819442749, eval loss: [NA]
Epoch: 24, loss: 14.217699599266052, eval loss: [NA]
Epoch: 25, loss: 14.21536922454834, eval loss: [NA]
Epoch: 26, loss: 14.217812561988831, eval loss: [NA]
Epoch: 27, loss: 14.219359726905823, eval loss: [NA]
Epoch: 28, loss: 14.220806560516358, eval loss: [NA]
Epoch: 29, loss: 14.216140394210816, eval loss: [NA]
Iteration: 3
start update likelihood model
Epoch: 0, loss: 10.100196542739868, eval loss: [NA]
Epoch: 1, loss: 10.087770147323608, eval loss: [NA]
Epoch: 2, loss: 10.08166555404663, eval loss: [NA]
Epoch: 3, loss: 10.086413912773132, eval loss: [NA]
Epoch: 4, loss: 10.077379131317139, eval loss: [NA]
Epoch: 5, loss: 10.073812789916992, eval loss: [NA]
Epoch: 6, loss: 10.070075135231018, eval loss: [NA]
Epoch: 7, loss: 10.068066992759704, eval loss: [NA]
Epoch: 8, loss: 10.074069666862489, eval loss: [NA]
Epoch: 9, loss: 10.067526793479919, eval loss: [NA]
Epoch: 10, loss: 10.056868529319763, eval loss: [NA]
Epoch: 11, loss: 10.060595169067383, eval loss: [NA]
Epoch: 12, loss: 10.06093665599823, eval loss: [NA]
Epoch: 13, loss: 10.048495750427247, eval loss: [NA]
Epoch: 14, loss: 10.044307103157044, eval loss: [NA]
Epoch: 15, loss: 10.043507223129273, eval loss: [NA]
Epoch: 16, loss: 10.043193154335022, eval loss: [NA]
Epoch: 17, loss: 10.05244746208191, eval loss: [NA]
Epoch: 18, loss: 10.051631484031677, eval loss: [NA]
Epoch: 19, loss: 10.039310083389282, eval loss: [NA]
Epoch: 20, loss: 10.03693419456482, eval loss: [NA]
Epoch: 21, loss: 10.032407512664795, eval loss: [NA]
Epoch: 22, loss: 10.048000135421752, eval loss: [NA]
Epoch: 23, loss: 10.026546530723571, eval loss: [NA]
Epoch: 24, loss: 10.039754686355591, eval loss: [NA]
Epoch: 25, loss: 10.040154409408569, eval loss: [NA]
Epoch: 26, loss: 10.03335045337677, eval loss: [NA]
Epoch: 27, loss: 10.026083126068116, eval loss: [NA]
Epoch: 28, loss: 10.026215524673463, eval loss: [NA]
Epoch: 29, loss: 10.030404839515686, eval loss: [NA]
start update posterior model
Epoch: 0, loss: 13.968567161560058, eval loss: [NA]
Epoch: 1, loss: 13.969630794525147, eval loss: [NA]
Epoch: 2, loss: 13.968955640792847, eval loss: [NA]
Epoch: 3, loss: 13.966143612861634, eval loss: [NA]
Epoch: 4, loss: 13.964801530838013, eval loss: [NA]
Epoch: 5, loss: 13.963276896476746, eval loss: [NA]
Epoch: 6, loss: 13.968371357917786, eval loss: [NA]
Epoch: 7, loss: 13.978820371627808, eval loss: [NA]
Epoch: 8, loss: 13.961083774566651, eval loss: [NA]
Epoch: 9, loss: 13.96192831993103, eval loss: [NA]
Epoch: 10, loss: 13.965565462112426, eval loss: [NA]
Epoch: 11, loss: 13.963274168968201, eval loss: [NA]
Epoch: 12, loss: 13.965433168411256, eval loss: [NA]
Epoch: 13, loss: 13.965679936408996, eval loss: [NA]
Epoch: 14, loss: 13.9647252035141, eval loss: [NA]
Epoch: 15, loss: 13.969235739707948, eval loss: [NA]
Epoch: 16, loss: 13.96391722202301, eval loss: [NA]
Epoch: 17, loss: 13.963528752326965, eval loss: [NA]
Epoch: 18, loss: 13.966763606071472, eval loss: [NA]
Epoch: 19, loss: 13.961576881408691, eval loss: [NA]
Epoch: 20, loss: 13.967387642860412, eval loss: [NA]
Epoch: 21, loss: 13.967493348121643, eval loss: [NA]
Epoch: 22, loss: 13.966082701683044, eval loss: [NA]
Epoch: 23, loss: 13.968642640113831, eval loss: [NA]
Epoch: 24, loss: 13.965059490203858, eval loss: [NA]
Epoch: 25, loss: 13.961264772415161, eval loss: [NA]
Epoch: 26, loss: 13.961116275787354, eval loss: [NA]
Epoch: 27, loss: 13.96222454071045, eval loss: [NA]
Epoch: 28, loss: 13.963456010818481, eval loss: [NA]
Epoch: 29, loss: 13.966110515594483, eval loss: [NA]
Iteration: 4
start update likelihood model
Epoch: 0, loss: 10.057958898544312, eval loss: [NA]
Epoch: 1, loss: 10.030115523338317, eval loss: [NA]
Epoch: 2, loss: 10.029759969711304, eval loss: [NA]
Epoch: 3, loss: 10.02884973526001, eval loss: [NA]
Epoch: 4, loss: 10.035338778495788, eval loss: [NA]
Epoch: 5, loss: 10.01933159828186, eval loss: [NA]
Epoch: 6, loss: 10.032502446174622, eval loss: [NA]
Epoch: 7, loss: 10.024623999595642, eval loss: [NA]
Epoch: 8, loss: 10.022125606536866, eval loss: [NA]
Epoch: 9, loss: 10.014489483833312, eval loss: [NA]
Epoch: 10, loss: 10.018046607971192, eval loss: [NA]
Epoch: 11, loss: 10.014352025985717, eval loss: [NA]
Epoch: 12, loss: 10.008893628120422, eval loss: [NA]
Epoch: 13, loss: 10.0082483959198, eval loss: [NA]
Epoch: 14, loss: 10.008132219314575, eval loss: [NA]
Epoch: 15, loss: 10.00886730670929, eval loss: [NA]
Epoch: 16, loss: 10.00906973361969, eval loss: [NA]
Epoch: 17, loss: 10.007571420669557, eval loss: [NA]
Epoch: 18, loss: 10.00538369178772, eval loss: [NA]
Epoch: 19, loss: 9.998164601325989, eval loss: [NA]
Epoch: 20, loss: 10.001667857170105, eval loss: [NA]
Epoch: 21, loss: 10.00946964263916, eval loss: [NA]
Epoch: 22, loss: 10.000762658119202, eval loss: [NA]
Epoch: 23, loss: 9.997468671798707, eval loss: [NA]
Epoch: 24, loss: 9.99628837108612, eval loss: [NA]
Epoch: 25, loss: 9.99598072052002, eval loss: [NA]
Epoch: 26, loss: 9.992600769996644, eval loss: [NA]
Epoch: 27, loss: 9.986228394508363, eval loss: [NA]
Epoch: 28, loss: 9.989472384452819, eval loss: [NA]
Epoch: 29, loss: 9.980926356315614, eval loss: [NA]
start update posterior model
Epoch: 0, loss: 13.467981052398681, eval loss: [NA]
Epoch: 1, loss: 13.461299991607666, eval loss: [NA]
Epoch: 2, loss: 13.465322813987733, eval loss: [NA]
Epoch: 3, loss: 13.464084663391112, eval loss: [NA]
Epoch: 4, loss: 13.464709587097168, eval loss: [NA]
Epoch: 5, loss: 13.467536706924438, eval loss: [NA]
Epoch: 6, loss: 13.462536797523498, eval loss: [NA]
Epoch: 7, loss: 13.46078125, eval loss: [NA]
Epoch: 8, loss: 13.464753785133361, eval loss: [NA]
Epoch: 9, loss: 13.461868295669555, eval loss: [NA]
Epoch: 10, loss: 13.467404236793518, eval loss: [NA]
Epoch: 11, loss: 13.467384366989135, eval loss: [NA]
Epoch: 12, loss: 13.463391652107239, eval loss: [NA]
Epoch: 13, loss: 13.463554525375367, eval loss: [NA]
Epoch: 14, loss: 13.465306730270386, eval loss: [NA]
Epoch: 15, loss: 13.465720915794373, eval loss: [NA]
Epoch: 16, loss: 13.464202384948731, eval loss: [NA]
Epoch: 17, loss: 13.46545268535614, eval loss: [NA]
Epoch: 18, loss: 13.469488291740417, eval loss: [NA]
Epoch: 19, loss: 13.46064287662506, eval loss: [NA]
Epoch: 20, loss: 13.460889143943787, eval loss: [NA]
Epoch: 21, loss: 13.463993620872497, eval loss: [NA]
Epoch: 22, loss: 13.459650774002075, eval loss: [NA]
Epoch: 23, loss: 13.462156071662903, eval loss: [NA]
Epoch: 24, loss: 13.46002649784088, eval loss: [NA]
Epoch: 25, loss: 13.465406923294067, eval loss: [NA]
Epoch: 26, loss: 13.459382338523865, eval loss: [NA]
Epoch: 27, loss: 13.459942092895508, eval loss: [NA]
Epoch: 28, loss: 13.465072445869446, eval loss: [NA]
Epoch: 29, loss: 13.463867044448852, eval loss: [NA]

Runtime:599.14
[603916698376127.5, 0.0287, 0.0483, 0.0078]
[673789120.0, 1.3085, 1.2945, 1.3205]
[105282290057216.0, 1.382, 1.3792, 1.3747]
KL div untrained: 315028241403279.5
KL div trained: 0.0099
