Input args:
Dim: 2
seed: 6
seed_data: 10
/home/samwiq/spa/seq-posterior-approx-w-nf-dev/mv_gaussian/low_dim_w_five_obs/lunarc
/home/samwiq/spa/seq-posterior-approx-w-nf-dev
tensor(1.8374e+13, grad_fn=<MeanBackward0>)
tensor(2.2490e+10, grad_fn=<MeanBackward0>)
tensor([ 2.1866e+11, -5.9904e+09, -1.8166e+08,  3.7447e+01,  2.9383e+05,
         8.0585e+05,  2.5787e+06, -1.0625e+04,  2.0113e+05, -6.9165e+01],
       grad_fn=<MeanBackward1>)
tensor([6.3189e+12, 1.7445e+11, 6.2294e+09, 9.7299e+02, 6.1597e+06, 1.3689e+07,
        8.1164e+07, 1.7784e+05, 6.3612e+06, 3.2754e+03],
       grad_fn=<StdBackward1>)
tensor([-6.3982, -4.8545, -3.3454, -1.6092, -5.9239, -3.9370, -2.4774, -0.2256,
        -1.9124, -0.2989])
start full training
Iteration: 1
start update likelihood model
Epoch: 0, loss: 21.372908182144165, eval loss: [NA]
Epoch: 1, loss: 15.116378273963928, eval loss: [NA]
Epoch: 2, loss: 12.366159992218018, eval loss: [NA]
Epoch: 3, loss: 11.228098511695862, eval loss: [NA]
Epoch: 4, loss: 10.68851324558258, eval loss: [NA]
Epoch: 5, loss: 10.505296654701233, eval loss: [NA]
Epoch: 6, loss: 10.435694499015808, eval loss: [NA]
Epoch: 7, loss: 10.398200244903565, eval loss: [NA]
Epoch: 8, loss: 10.334442586898804, eval loss: [NA]
Epoch: 9, loss: 10.369955949783325, eval loss: [NA]
Epoch: 10, loss: 10.346366438865662, eval loss: [NA]
Epoch: 11, loss: 10.302343502044678, eval loss: [NA]
Epoch: 12, loss: 10.309861450195312, eval loss: [NA]
Epoch: 13, loss: 10.283210201263428, eval loss: [NA]
Epoch: 14, loss: 10.296398367881775, eval loss: [NA]
Epoch: 15, loss: 10.269190735816956, eval loss: [NA]
Epoch: 16, loss: 10.262032036781312, eval loss: [NA]
Epoch: 17, loss: 10.247052731513977, eval loss: [NA]
Epoch: 18, loss: 10.225774092674255, eval loss: [NA]
Epoch: 19, loss: 10.22835931301117, eval loss: [NA]
Epoch: 20, loss: 10.22539915561676, eval loss: [NA]
Epoch: 21, loss: 10.2253196144104, eval loss: [NA]
Epoch: 22, loss: 10.21523756980896, eval loss: [NA]
Epoch: 23, loss: 10.213687963485718, eval loss: [NA]
Epoch: 24, loss: 10.233603296279908, eval loss: [NA]
start update posterior model from prior pred - hot start
Epoch: 0, loss: 2.123742952346802, eval loss: [NA]
Epoch: 1, loss: 0.9382063549757004, eval loss: [NA]
Epoch: 2, loss: 0.6769767718017101, eval loss: [NA]
Epoch: 3, loss: 0.5999859998375178, eval loss: [NA]
Epoch: 4, loss: 0.5584652642160655, eval loss: [NA]
start update posterior model
Epoch: 0, loss: 18.177856731414796, eval loss: [NA]
Epoch: 1, loss: 17.975649509429932, eval loss: [NA]
Epoch: 2, loss: 17.949019031524656, eval loss: [NA]
Epoch: 3, loss: 17.942186679840088, eval loss: [NA]
Epoch: 4, loss: 17.93579793930054, eval loss: [NA]
Epoch: 5, loss: 17.943981962203978, eval loss: [NA]
Epoch: 6, loss: 17.926665706634523, eval loss: [NA]
Epoch: 7, loss: 17.922096643447876, eval loss: [NA]
Epoch: 8, loss: 17.936136541366576, eval loss: [NA]
Epoch: 9, loss: 17.92632758140564, eval loss: [NA]
Epoch: 10, loss: 17.930431871414186, eval loss: [NA]
Epoch: 11, loss: 17.907259645462037, eval loss: [NA]
Epoch: 12, loss: 17.919203090667725, eval loss: [NA]
Epoch: 13, loss: 17.91033715248108, eval loss: [NA]
Epoch: 14, loss: 17.925443029403688, eval loss: [NA]
Epoch: 15, loss: 17.90774718284607, eval loss: [NA]
Epoch: 16, loss: 17.912548351287843, eval loss: [NA]
Epoch: 17, loss: 17.97086156845093, eval loss: [NA]
Epoch: 18, loss: 17.908939599990845, eval loss: [NA]
Epoch: 19, loss: 17.924696578979493, eval loss: [NA]
Epoch: 20, loss: 17.91646644592285, eval loss: [NA]
Epoch: 21, loss: 17.905226907730103, eval loss: [NA]
Epoch: 22, loss: 17.91033369064331, eval loss: [NA]
Epoch: 23, loss: 17.906605072021485, eval loss: [NA]
Epoch: 24, loss: 17.909365243911743, eval loss: [NA]
Epoch: 25, loss: 17.90767113685608, eval loss: [NA]
Epoch: 26, loss: 17.897577505111695, eval loss: [NA]
Epoch: 27, loss: 17.915375814437866, eval loss: [NA]
Epoch: 28, loss: 17.90982675552368, eval loss: [NA]
Epoch: 29, loss: 17.90246762275696, eval loss: [NA]
Iteration: 2
start update likelihood model
Epoch: 0, loss: 10.295986714363098, eval loss: [NA]
Epoch: 1, loss: 10.23605260848999, eval loss: [NA]
Epoch: 2, loss: 10.18907820701599, eval loss: [NA]
Epoch: 3, loss: 10.184412055015564, eval loss: [NA]
Epoch: 4, loss: 10.162564587593078, eval loss: [NA]
Epoch: 5, loss: 10.163439111709595, eval loss: [NA]
Epoch: 6, loss: 10.156243119239807, eval loss: [NA]
Epoch: 7, loss: 10.164361114501952, eval loss: [NA]
Epoch: 8, loss: 10.134387612342834, eval loss: [NA]
Epoch: 9, loss: 10.15927635192871, eval loss: [NA]
Epoch: 10, loss: 10.152242226600647, eval loss: [NA]
Epoch: 11, loss: 10.153563628196716, eval loss: [NA]
Epoch: 12, loss: 10.159340715408325, eval loss: [NA]
Epoch: 13, loss: 10.1519762468338, eval loss: [NA]
Epoch: 14, loss: 10.17462212562561, eval loss: [NA]
Epoch: 15, loss: 10.118163924217225, eval loss: [NA]
Epoch: 16, loss: 10.148068280220032, eval loss: [NA]
Epoch: 17, loss: 10.168804836273193, eval loss: [NA]
Epoch: 18, loss: 10.115165238380433, eval loss: [NA]
Epoch: 19, loss: 10.114351019859313, eval loss: [NA]
Epoch: 20, loss: 10.103226919174194, eval loss: [NA]
Epoch: 21, loss: 10.121583361625671, eval loss: [NA]
Epoch: 22, loss: 10.138480830192567, eval loss: [NA]
Epoch: 23, loss: 10.107153401374816, eval loss: [NA]
Epoch: 24, loss: 10.139231839179992, eval loss: [NA]
Epoch: 25, loss: 10.108660998344421, eval loss: [NA]
Epoch: 26, loss: 10.124043688774108, eval loss: [NA]
Epoch: 27, loss: 10.120795378684997, eval loss: [NA]
Epoch: 28, loss: 10.111842131614685, eval loss: [NA]
Epoch: 29, loss: 10.113275651931763, eval loss: [NA]
start update posterior model
Epoch: 0, loss: 19.25964915275574, eval loss: [NA]
Epoch: 1, loss: 19.241262063980102, eval loss: [NA]
Epoch: 2, loss: 19.24006086349487, eval loss: [NA]
Epoch: 3, loss: 19.239039840698243, eval loss: [NA]
Epoch: 4, loss: 19.241473474502563, eval loss: [NA]
Epoch: 5, loss: 19.23577109336853, eval loss: [NA]
Epoch: 6, loss: 19.230426473617555, eval loss: [NA]
Epoch: 7, loss: 19.230258226394653, eval loss: [NA]
Epoch: 8, loss: 19.242178010940552, eval loss: [NA]
Epoch: 9, loss: 19.224980354309082, eval loss: [NA]
Epoch: 10, loss: 19.238127613067626, eval loss: [NA]
Epoch: 11, loss: 19.251936540603637, eval loss: [NA]
Epoch: 12, loss: 19.22648871421814, eval loss: [NA]
Epoch: 13, loss: 19.227608013153077, eval loss: [NA]
Epoch: 14, loss: 19.22877362251282, eval loss: [NA]
Epoch: 15, loss: 19.23160535812378, eval loss: [NA]
Epoch: 16, loss: 19.225992136001587, eval loss: [NA]
Epoch: 17, loss: 19.23953676223755, eval loss: [NA]
Epoch: 18, loss: 19.228938903808594, eval loss: [NA]
Epoch: 19, loss: 19.233143892288208, eval loss: [NA]
Epoch: 20, loss: 19.234961824417113, eval loss: [NA]
Epoch: 21, loss: 19.23547550201416, eval loss: [NA]
Epoch: 22, loss: 19.255806112289427, eval loss: [NA]
Epoch: 23, loss: 19.227061061859132, eval loss: [NA]
Epoch: 24, loss: 19.221485652923583, eval loss: [NA]
Epoch: 25, loss: 19.232196817398073, eval loss: [NA]
Epoch: 26, loss: 19.239798536300658, eval loss: [NA]
Epoch: 27, loss: 19.23263458251953, eval loss: [NA]
Epoch: 28, loss: 19.229814262390136, eval loss: [NA]
Epoch: 29, loss: 19.229756746292114, eval loss: [NA]
Iteration: 3
start update likelihood model
Epoch: 0, loss: 10.175635404586792, eval loss: [NA]
Epoch: 1, loss: 10.169345412254334, eval loss: [NA]
Epoch: 2, loss: 10.136840496063233, eval loss: [NA]
Epoch: 3, loss: 10.14498463153839, eval loss: [NA]
Epoch: 4, loss: 10.139057559967041, eval loss: [NA]
Epoch: 5, loss: 10.14511953830719, eval loss: [NA]
Epoch: 6, loss: 10.132220616340637, eval loss: [NA]
Epoch: 7, loss: 10.140344934463501, eval loss: [NA]
Epoch: 8, loss: 10.146889176368713, eval loss: [NA]
Epoch: 9, loss: 10.145053343772888, eval loss: [NA]
Epoch: 10, loss: 10.132756838798523, eval loss: [NA]
Epoch: 11, loss: 10.123628096580505, eval loss: [NA]
Epoch: 12, loss: 10.125875520706177, eval loss: [NA]
Epoch: 13, loss: 10.125100426673889, eval loss: [NA]
Epoch: 14, loss: 10.115336370468139, eval loss: [NA]
Epoch: 15, loss: 10.114610223770141, eval loss: [NA]
Epoch: 16, loss: 10.110928058624268, eval loss: [NA]
Epoch: 17, loss: 10.118649339675903, eval loss: [NA]
Epoch: 18, loss: 10.120802011489868, eval loss: [NA]
Epoch: 19, loss: 10.120808563232423, eval loss: [NA]
Epoch: 20, loss: 10.109525542259217, eval loss: [NA]
Epoch: 21, loss: 10.118011655807495, eval loss: [NA]
Epoch: 22, loss: 10.115463981628418, eval loss: [NA]
Epoch: 23, loss: 10.122824101448058, eval loss: [NA]
Epoch: 24, loss: 10.109764714241027, eval loss: [NA]
Epoch: 25, loss: 10.100210843086243, eval loss: [NA]
Epoch: 26, loss: 10.128808903694154, eval loss: [NA]
Epoch: 27, loss: 10.091472611427307, eval loss: [NA]
Epoch: 28, loss: 10.106615624427796, eval loss: [NA]
Epoch: 29, loss: 10.105736598968505, eval loss: [NA]
start update posterior model
Epoch: 0, loss: 18.394920234680175, eval loss: [NA]
Epoch: 1, loss: 18.408622999191284, eval loss: [NA]
Epoch: 2, loss: 18.39715389251709, eval loss: [NA]
Epoch: 3, loss: 18.38902310371399, eval loss: [NA]
Epoch: 4, loss: 18.396327629089356, eval loss: [NA]
Epoch: 5, loss: 18.41884446144104, eval loss: [NA]
Epoch: 6, loss: 18.403417778015136, eval loss: [NA]
Epoch: 7, loss: 18.393822774887084, eval loss: [NA]
Epoch: 8, loss: 18.39618112564087, eval loss: [NA]
Epoch: 9, loss: 18.396079196929932, eval loss: [NA]
Epoch: 10, loss: 18.408429746627807, eval loss: [NA]
Epoch: 11, loss: 18.403483819961547, eval loss: [NA]
Epoch: 12, loss: 18.398535928726197, eval loss: [NA]
Epoch: 13, loss: 18.4019078540802, eval loss: [NA]
Epoch: 14, loss: 18.3921178817749, eval loss: [NA]
Epoch: 15, loss: 18.39325510978699, eval loss: [NA]
Epoch: 16, loss: 18.40038338661194, eval loss: [NA]
Epoch: 17, loss: 18.393853216171266, eval loss: [NA]
Epoch: 18, loss: 18.393399181365968, eval loss: [NA]
Epoch: 19, loss: 18.39172480583191, eval loss: [NA]
Epoch: 20, loss: 18.394241199493408, eval loss: [NA]
Epoch: 21, loss: 18.392226066589355, eval loss: [NA]
Epoch: 22, loss: 18.39539174079895, eval loss: [NA]
Epoch: 23, loss: 18.393410940170288, eval loss: [NA]
Epoch: 24, loss: 18.39421157836914, eval loss: [NA]
Epoch: 25, loss: 18.395536460876464, eval loss: [NA]
Epoch: 26, loss: 18.41367889404297, eval loss: [NA]
Epoch: 27, loss: 18.40411799430847, eval loss: [NA]
Epoch: 28, loss: 18.397945203781127, eval loss: [NA]
Epoch: 29, loss: 18.396638679504395, eval loss: [NA]
Iteration: 4
start update likelihood model
Epoch: 0, loss: 10.099838500022889, eval loss: [NA]
Epoch: 1, loss: 10.102484917640686, eval loss: [NA]
Epoch: 2, loss: 10.099778885841369, eval loss: [NA]
Epoch: 3, loss: 10.0819238615036, eval loss: [NA]
Epoch: 4, loss: 10.10457311630249, eval loss: [NA]
Epoch: 5, loss: 10.088731660842896, eval loss: [NA]
Epoch: 6, loss: 10.074009747505189, eval loss: [NA]
Epoch: 7, loss: 10.085287327766418, eval loss: [NA]
Epoch: 8, loss: 10.066586594581604, eval loss: [NA]
Epoch: 9, loss: 10.07402991771698, eval loss: [NA]
Epoch: 10, loss: 10.067359733581544, eval loss: [NA]
Epoch: 11, loss: 10.081325721740722, eval loss: [NA]
Epoch: 12, loss: 10.076069350242614, eval loss: [NA]
Epoch: 13, loss: 10.068250675201416, eval loss: [NA]
Epoch: 14, loss: 10.074190320968627, eval loss: [NA]
Epoch: 15, loss: 10.073215689659119, eval loss: [NA]
Epoch: 16, loss: 10.076350688934326, eval loss: [NA]
Epoch: 17, loss: 10.063746948242187, eval loss: [NA]
Epoch: 18, loss: 10.057849731445312, eval loss: [NA]
Epoch: 19, loss: 10.074977707862853, eval loss: [NA]
Epoch: 20, loss: 10.069964361190795, eval loss: [NA]
Epoch: 21, loss: 10.054816508293152, eval loss: [NA]
Epoch: 22, loss: 10.055837597846985, eval loss: [NA]
Epoch: 23, loss: 10.063402042388915, eval loss: [NA]
Epoch: 24, loss: 10.05192533969879, eval loss: [NA]
Epoch: 25, loss: 10.057009444236755, eval loss: [NA]
Epoch: 26, loss: 10.06040557384491, eval loss: [NA]
Epoch: 27, loss: 10.075926146507264, eval loss: [NA]
Epoch: 28, loss: 10.047891683578491, eval loss: [NA]
Epoch: 29, loss: 10.04061019897461, eval loss: [NA]
start update posterior model
Epoch: 0, loss: 18.4865834236145, eval loss: [NA]
Epoch: 1, loss: 18.484276628494264, eval loss: [NA]
Epoch: 2, loss: 18.486796808242797, eval loss: [NA]
Epoch: 3, loss: 18.496488056182862, eval loss: [NA]
Epoch: 4, loss: 18.488652992248536, eval loss: [NA]
Epoch: 5, loss: 18.484833364486693, eval loss: [NA]
Epoch: 6, loss: 18.484222564697266, eval loss: [NA]
Epoch: 7, loss: 18.48600185394287, eval loss: [NA]
Epoch: 8, loss: 18.49663793563843, eval loss: [NA]
Epoch: 9, loss: 18.482404279708863, eval loss: [NA]
Epoch: 10, loss: 18.486686878204345, eval loss: [NA]
Epoch: 11, loss: 18.49675832748413, eval loss: [NA]
Epoch: 12, loss: 18.49212474822998, eval loss: [NA]
Epoch: 13, loss: 18.48557183265686, eval loss: [NA]
Epoch: 14, loss: 18.486955308914183, eval loss: [NA]
Epoch: 15, loss: 18.485497846603394, eval loss: [NA]
Epoch: 16, loss: 18.48860032081604, eval loss: [NA]
Epoch: 17, loss: 18.485221681594847, eval loss: [NA]
Epoch: 18, loss: 18.48703737258911, eval loss: [NA]
Epoch: 19, loss: 18.47990921020508, eval loss: [NA]
Epoch: 20, loss: 18.482534255981445, eval loss: [NA]
Epoch: 21, loss: 18.4803004360199, eval loss: [NA]
Epoch: 22, loss: 18.497093276977537, eval loss: [NA]
Epoch: 23, loss: 18.491697969436647, eval loss: [NA]
Epoch: 24, loss: 18.48904233932495, eval loss: [NA]
Epoch: 25, loss: 18.488882503509522, eval loss: [NA]
Epoch: 26, loss: 18.478220319747926, eval loss: [NA]
Epoch: 27, loss: 18.48262749671936, eval loss: [NA]
Epoch: 28, loss: 18.5023321723938, eval loss: [NA]
Epoch: 29, loss: 18.481108827590944, eval loss: [NA]

Runtime:654.02
[2204545151936419.8, 0.055, 0.0056, 0.007]
[22489708544.0, 1.9132, 1.9279, 1.9156]
[18373926715392.0, 1.3853, 1.3912, 1.3899]
KL div untrained: 1660906010175061.8
KL div trained: 0.0151
