Input args:
Dim: 2
seed: 2
seed_data: 10
/home/samwiq/spa/seq-posterior-approx-w-nf-dev/mv_gaussian/low_dim_w_five_obs/lunarc
/home/samwiq/spa/seq-posterior-approx-w-nf-dev
tensor(4.5071e+12, grad_fn=<MeanBackward0>)
tensor(2.0860e+11, grad_fn=<MeanBackward0>)
tensor([ 2.0280e+12, -5.5982e+10, -1.9877e+09,  5.0868e+02,  6.9305e+04,
         1.1127e+05,  2.6033e+07, -1.4850e+03,  2.0402e+06, -1.8566e+01],
       grad_fn=<MeanBackward1>)
tensor([4.4376e+13, 1.2251e+12, 4.3597e+10, 1.0022e+04, 1.6222e+06, 2.7340e+06,
        5.7081e+08, 3.5515e+04, 4.4736e+07, 8.2251e+02],
       grad_fn=<StdBackward1>)
tensor([ 1.3391, -0.1074,  0.5010, -1.3290,  2.1069,  0.5312,  1.5520,  0.3921,
         0.4158, -1.3569])
start full training
Iteration: 1
start update likelihood model
Epoch: 0, loss: 18.97342628955841, eval loss: [NA]
Epoch: 1, loss: 12.775870413780213, eval loss: [NA]
Epoch: 2, loss: 10.948023562431336, eval loss: [NA]
Epoch: 3, loss: 10.512181129455566, eval loss: [NA]
Epoch: 4, loss: 10.403167595863342, eval loss: [NA]
Epoch: 5, loss: 10.34527883529663, eval loss: [NA]
Epoch: 6, loss: 10.32715669631958, eval loss: [NA]
Epoch: 7, loss: 10.310633225440979, eval loss: [NA]
Epoch: 8, loss: 10.280591130256653, eval loss: [NA]
Epoch: 9, loss: 10.275414838790894, eval loss: [NA]
Epoch: 10, loss: 10.272042756080628, eval loss: [NA]
Epoch: 11, loss: 10.248217735290527, eval loss: [NA]
Epoch: 12, loss: 10.231272644996643, eval loss: [NA]
Epoch: 13, loss: 10.221365513801574, eval loss: [NA]
Epoch: 14, loss: 10.230092272758483, eval loss: [NA]
Epoch: 15, loss: 10.22175916671753, eval loss: [NA]
Epoch: 16, loss: 10.220170650482178, eval loss: [NA]
Epoch: 17, loss: 10.185146951675415, eval loss: [NA]
Epoch: 18, loss: 10.203834590911866, eval loss: [NA]
Epoch: 19, loss: 10.204824481010437, eval loss: [NA]
Epoch: 20, loss: 10.189334588050842, eval loss: [NA]
Epoch: 21, loss: 10.169234161376954, eval loss: [NA]
Epoch: 22, loss: 10.191806325912475, eval loss: [NA]
Epoch: 23, loss: 10.176156001091003, eval loss: [NA]
Epoch: 24, loss: 10.19521270275116, eval loss: [NA]
start update posterior model from prior pred - hot start
Epoch: 0, loss: 1.9576153779029846, eval loss: [NA]
Epoch: 1, loss: 0.7871141694486141, eval loss: [NA]
Epoch: 2, loss: 0.6926582557708025, eval loss: [NA]
Epoch: 3, loss: 0.6117824992537498, eval loss: [NA]
Epoch: 4, loss: 0.5232822595536709, eval loss: [NA]
start update posterior model
Epoch: 0, loss: 11.166160435676575, eval loss: [NA]
Epoch: 1, loss: 11.169798312187195, eval loss: [NA]
Epoch: 2, loss: 11.156829090118409, eval loss: [NA]
Epoch: 3, loss: 11.147470307350158, eval loss: [NA]
Epoch: 4, loss: 11.157451124191285, eval loss: [NA]
Epoch: 5, loss: 11.153289284706116, eval loss: [NA]
Epoch: 6, loss: 11.14843475818634, eval loss: [NA]
Epoch: 7, loss: 11.15485170841217, eval loss: [NA]
Epoch: 8, loss: 11.15656014919281, eval loss: [NA]
Epoch: 9, loss: 11.15399778842926, eval loss: [NA]
Epoch: 10, loss: 11.146712241172791, eval loss: [NA]
Epoch: 11, loss: 11.15151337146759, eval loss: [NA]
Epoch: 12, loss: 11.152213792800904, eval loss: [NA]
Epoch: 13, loss: 11.152415757179261, eval loss: [NA]
Epoch: 14, loss: 11.15433624267578, eval loss: [NA]
Epoch: 15, loss: 11.144082946777344, eval loss: [NA]
Epoch: 16, loss: 11.15554666519165, eval loss: [NA]
Epoch: 17, loss: 11.141534142494201, eval loss: [NA]
Epoch: 18, loss: 11.149685220718384, eval loss: [NA]
Epoch: 19, loss: 11.152002091407775, eval loss: [NA]
Epoch: 20, loss: 11.156492171287537, eval loss: [NA]
Epoch: 21, loss: 11.145506668090821, eval loss: [NA]
Epoch: 22, loss: 11.149663376808167, eval loss: [NA]
Epoch: 23, loss: 11.14662293434143, eval loss: [NA]
Epoch: 24, loss: 11.141866784095765, eval loss: [NA]
Epoch: 25, loss: 11.14352129459381, eval loss: [NA]
Epoch: 26, loss: 11.14979115486145, eval loss: [NA]
Epoch: 27, loss: 11.155629134178161, eval loss: [NA]
Epoch: 28, loss: 11.14231454849243, eval loss: [NA]
Epoch: 29, loss: 11.144603958129883, eval loss: [NA]
Iteration: 2
start update likelihood model
Epoch: 0, loss: 10.124280118942261, eval loss: [NA]
Epoch: 1, loss: 10.115112409591674, eval loss: [NA]
Epoch: 2, loss: 10.111660838127136, eval loss: [NA]
Epoch: 3, loss: 10.114843888282776, eval loss: [NA]
Epoch: 4, loss: 10.117716226577759, eval loss: [NA]
Epoch: 5, loss: 10.112042741775513, eval loss: [NA]
Epoch: 6, loss: 10.114490518569946, eval loss: [NA]
Epoch: 7, loss: 10.106997985839843, eval loss: [NA]
Epoch: 8, loss: 10.113089575767518, eval loss: [NA]
Epoch: 9, loss: 10.108543491363525, eval loss: [NA]
Epoch: 10, loss: 10.104889497756957, eval loss: [NA]
Epoch: 11, loss: 10.105102095603943, eval loss: [NA]
Epoch: 12, loss: 10.11464584350586, eval loss: [NA]
Epoch: 13, loss: 10.115751419067383, eval loss: [NA]
Epoch: 14, loss: 10.098944664001465, eval loss: [NA]
Epoch: 15, loss: 10.113063850402831, eval loss: [NA]
Epoch: 16, loss: 10.097580256462097, eval loss: [NA]
Epoch: 17, loss: 10.094496879577637, eval loss: [NA]
Epoch: 18, loss: 10.099337787628174, eval loss: [NA]
Epoch: 19, loss: 10.106050000190734, eval loss: [NA]
Epoch: 20, loss: 10.093766784667968, eval loss: [NA]
Epoch: 21, loss: 10.113390460014344, eval loss: [NA]
Epoch: 22, loss: 10.089373202323914, eval loss: [NA]
Epoch: 23, loss: 10.085561504364014, eval loss: [NA]
Epoch: 24, loss: 10.089434847831726, eval loss: [NA]
Epoch: 25, loss: 10.093416037559509, eval loss: [NA]
Epoch: 26, loss: 10.091116471290588, eval loss: [NA]
Epoch: 27, loss: 10.095551409721374, eval loss: [NA]
Epoch: 28, loss: 10.08214282989502, eval loss: [NA]
Epoch: 29, loss: 10.0830469083786, eval loss: [NA]
start update posterior model
Epoch: 0, loss: 10.863482370376587, eval loss: [NA]
Epoch: 1, loss: 10.862259378433228, eval loss: [NA]
Epoch: 2, loss: 10.864540753364563, eval loss: [NA]
Epoch: 3, loss: 10.86701874256134, eval loss: [NA]
Epoch: 4, loss: 10.864281516075135, eval loss: [NA]
Epoch: 5, loss: 10.857775864601136, eval loss: [NA]
Epoch: 6, loss: 10.862359547615052, eval loss: [NA]
Epoch: 7, loss: 10.858626146316528, eval loss: [NA]
Epoch: 8, loss: 10.866572661399841, eval loss: [NA]
Epoch: 9, loss: 10.86352906703949, eval loss: [NA]
Epoch: 10, loss: 10.861480379104615, eval loss: [NA]
Epoch: 11, loss: 10.85553608417511, eval loss: [NA]
Epoch: 12, loss: 10.867825117111206, eval loss: [NA]
Epoch: 13, loss: 10.861002049446107, eval loss: [NA]
Epoch: 14, loss: 10.8580020236969, eval loss: [NA]
Epoch: 15, loss: 10.858871903419494, eval loss: [NA]
Epoch: 16, loss: 10.856431188583374, eval loss: [NA]
Epoch: 17, loss: 10.857844080924988, eval loss: [NA]
Epoch: 18, loss: 10.856798024177552, eval loss: [NA]
Epoch: 19, loss: 10.858982124328612, eval loss: [NA]
Epoch: 20, loss: 10.858495125770569, eval loss: [NA]
Epoch: 21, loss: 10.855721688270568, eval loss: [NA]
Epoch: 22, loss: 10.861467781066894, eval loss: [NA]
Epoch: 23, loss: 10.859953556060791, eval loss: [NA]
Epoch: 24, loss: 10.85916473865509, eval loss: [NA]
Epoch: 25, loss: 10.855868396759034, eval loss: [NA]
Epoch: 26, loss: 10.863511509895325, eval loss: [NA]
Epoch: 27, loss: 10.857070894241334, eval loss: [NA]
Epoch: 28, loss: 10.861121425628662, eval loss: [NA]
Epoch: 29, loss: 10.856561813354492, eval loss: [NA]
Iteration: 3
start update likelihood model
Epoch: 0, loss: 10.11977957725525, eval loss: [NA]
Epoch: 1, loss: 10.101215314865112, eval loss: [NA]
Epoch: 2, loss: 10.096248445510865, eval loss: [NA]
Epoch: 3, loss: 10.07833731174469, eval loss: [NA]
Epoch: 4, loss: 10.09261981010437, eval loss: [NA]
Epoch: 5, loss: 10.096466960906982, eval loss: [NA]
Epoch: 6, loss: 10.075744724273681, eval loss: [NA]
Epoch: 7, loss: 10.083394098281861, eval loss: [NA]
Epoch: 8, loss: 10.069793367385865, eval loss: [NA]
Epoch: 9, loss: 10.072308802604676, eval loss: [NA]
Epoch: 10, loss: 10.070499849319457, eval loss: [NA]
Epoch: 11, loss: 10.077311668395996, eval loss: [NA]
Epoch: 12, loss: 10.069379959106445, eval loss: [NA]
Epoch: 13, loss: 10.061758193969727, eval loss: [NA]
Epoch: 14, loss: 10.071550798416137, eval loss: [NA]
Epoch: 15, loss: 10.072397885322571, eval loss: [NA]
Epoch: 16, loss: 10.058884615898132, eval loss: [NA]
Epoch: 17, loss: 10.066391592025758, eval loss: [NA]
Epoch: 18, loss: 10.059080657958985, eval loss: [NA]
Epoch: 19, loss: 10.055685577392579, eval loss: [NA]
Epoch: 20, loss: 10.049037823677063, eval loss: [NA]
Epoch: 21, loss: 10.044584574699401, eval loss: [NA]
Epoch: 22, loss: 10.048231587409973, eval loss: [NA]
Epoch: 23, loss: 10.049384512901305, eval loss: [NA]
Epoch: 24, loss: 10.054690270423889, eval loss: [NA]
Epoch: 25, loss: 10.041260876655578, eval loss: [NA]
Epoch: 26, loss: 10.04744619846344, eval loss: [NA]
Epoch: 27, loss: 10.048571972846984, eval loss: [NA]
Epoch: 28, loss: 10.040919132232666, eval loss: [NA]
Epoch: 29, loss: 10.043887162208557, eval loss: [NA]
start update posterior model
Epoch: 0, loss: 11.104699878692626, eval loss: [NA]
Epoch: 1, loss: 11.1084108543396, eval loss: [NA]
Epoch: 2, loss: 11.10551330089569, eval loss: [NA]
Epoch: 3, loss: 11.108103799819947, eval loss: [NA]
Epoch: 4, loss: 11.104829487800599, eval loss: [NA]
Epoch: 5, loss: 11.10561623096466, eval loss: [NA]
Epoch: 6, loss: 11.103079519271851, eval loss: [NA]
Epoch: 7, loss: 11.104025955200195, eval loss: [NA]
Epoch: 8, loss: 11.105604929924011, eval loss: [NA]
Epoch: 9, loss: 11.106712718009948, eval loss: [NA]
Epoch: 10, loss: 11.102394022941589, eval loss: [NA]
Epoch: 11, loss: 11.102574644088746, eval loss: [NA]
Epoch: 12, loss: 11.105294642448426, eval loss: [NA]
Epoch: 13, loss: 11.106712312698365, eval loss: [NA]
Epoch: 14, loss: 11.103982667922974, eval loss: [NA]
Epoch: 15, loss: 11.102323322296142, eval loss: [NA]
Epoch: 16, loss: 11.10774661064148, eval loss: [NA]
Epoch: 17, loss: 11.10252366065979, eval loss: [NA]
Epoch: 18, loss: 11.106644196510315, eval loss: [NA]
Epoch: 19, loss: 11.103873133659363, eval loss: [NA]
Epoch: 20, loss: 11.10376254081726, eval loss: [NA]
Epoch: 21, loss: 11.10347553730011, eval loss: [NA]
Epoch: 22, loss: 11.101680421829224, eval loss: [NA]
Epoch: 23, loss: 11.105465307235718, eval loss: [NA]
Epoch: 24, loss: 11.10481906414032, eval loss: [NA]
Epoch: 25, loss: 11.104016280174255, eval loss: [NA]
Epoch: 26, loss: 11.102226829528808, eval loss: [NA]
Epoch: 27, loss: 11.100279049873352, eval loss: [NA]
Epoch: 28, loss: 11.101551632881165, eval loss: [NA]
Epoch: 29, loss: 11.101413416862489, eval loss: [NA]
Iteration: 4
start update likelihood model
Epoch: 0, loss: 10.08789309501648, eval loss: [NA]
Epoch: 1, loss: 10.065253834724427, eval loss: [NA]
Epoch: 2, loss: 10.069000458717346, eval loss: [NA]
Epoch: 3, loss: 10.051998748779297, eval loss: [NA]
Epoch: 4, loss: 10.058246655464172, eval loss: [NA]
Epoch: 5, loss: 10.056968946456909, eval loss: [NA]
Epoch: 6, loss: 10.057789998054504, eval loss: [NA]
Epoch: 7, loss: 10.048669672012329, eval loss: [NA]
Epoch: 8, loss: 10.04719446659088, eval loss: [NA]
Epoch: 9, loss: 10.04563268661499, eval loss: [NA]
Epoch: 10, loss: 10.04219919681549, eval loss: [NA]
Epoch: 11, loss: 10.041760849952698, eval loss: [NA]
Epoch: 12, loss: 10.050010290145874, eval loss: [NA]
Epoch: 13, loss: 10.051915454864503, eval loss: [NA]
Epoch: 14, loss: 10.035862803459167, eval loss: [NA]
Epoch: 15, loss: 10.036696972846984, eval loss: [NA]
Epoch: 16, loss: 10.0406072473526, eval loss: [NA]
Epoch: 17, loss: 10.035439372062683, eval loss: [NA]
Epoch: 18, loss: 10.027979946136474, eval loss: [NA]
Epoch: 19, loss: 10.036768984794616, eval loss: [NA]
Epoch: 20, loss: 10.031744451522828, eval loss: [NA]
Epoch: 21, loss: 10.032226433753967, eval loss: [NA]
Epoch: 22, loss: 10.025258193016052, eval loss: [NA]
Epoch: 23, loss: 10.025631957054138, eval loss: [NA]
Epoch: 24, loss: 10.020607442855836, eval loss: [NA]
Epoch: 25, loss: 10.020542283058166, eval loss: [NA]
Epoch: 26, loss: 10.02311496257782, eval loss: [NA]
Epoch: 27, loss: 10.024892764091492, eval loss: [NA]
Epoch: 28, loss: 10.018278222084046, eval loss: [NA]
Epoch: 29, loss: 10.011358079910279, eval loss: [NA]
start update posterior model
Epoch: 0, loss: 11.09373420715332, eval loss: [NA]
Epoch: 1, loss: 11.093021669387817, eval loss: [NA]
Epoch: 2, loss: 11.09151801109314, eval loss: [NA]
Epoch: 3, loss: 11.093794832229614, eval loss: [NA]
Epoch: 4, loss: 11.0981902217865, eval loss: [NA]
Epoch: 5, loss: 11.095223979949951, eval loss: [NA]
Epoch: 6, loss: 11.095458598136902, eval loss: [NA]
Epoch: 7, loss: 11.092626328468322, eval loss: [NA]
Epoch: 8, loss: 11.093158330917358, eval loss: [NA]
Epoch: 9, loss: 11.097446584701538, eval loss: [NA]
Epoch: 10, loss: 11.093145985603332, eval loss: [NA]
Epoch: 11, loss: 11.09350082397461, eval loss: [NA]
Epoch: 12, loss: 11.092935485839844, eval loss: [NA]
Epoch: 13, loss: 11.090776505470275, eval loss: [NA]
Epoch: 14, loss: 11.09363420009613, eval loss: [NA]
Epoch: 15, loss: 11.093286528587342, eval loss: [NA]
Epoch: 16, loss: 11.094091110229492, eval loss: [NA]
Epoch: 17, loss: 11.0947784948349, eval loss: [NA]
Epoch: 18, loss: 11.093115210533142, eval loss: [NA]
Epoch: 19, loss: 11.096841826438904, eval loss: [NA]
Epoch: 20, loss: 11.096005339622497, eval loss: [NA]
Epoch: 21, loss: 11.093609051704407, eval loss: [NA]
Epoch: 22, loss: 11.092009210586548, eval loss: [NA]
Epoch: 23, loss: 11.092695169448852, eval loss: [NA]
Epoch: 24, loss: 11.091892256736756, eval loss: [NA]
Epoch: 25, loss: 11.092757201194763, eval loss: [NA]
Epoch: 26, loss: 11.093300452232361, eval loss: [NA]
Epoch: 27, loss: 11.092791175842285, eval loss: [NA]
Epoch: 28, loss: 11.089965410232544, eval loss: [NA]
Epoch: 29, loss: 11.093537902832031, eval loss: [NA]

Runtime:604.08
[3.849797298862082e+16, 0.0057, 0.0041, 0.025]
[208599777280.0, 1.1896, 1.1502, 1.1458]
[4507058044928.0, 1.393, 1.3804, 1.4037]
KL div untrained: 3.171226828591334e+16
KL div trained: 0.0049
