Input args:
Dim: 2
seed: 37
seed_data: 10
/home/samwiq/spa/seq-posterior-approx-w-nf-dev/mv_gaussian/low_dim_w_five_obs/lunarc
/home/samwiq/spa/seq-posterior-approx-w-nf-dev
tensor(2.4221e+13, grad_fn=<MeanBackward0>)
tensor(4.1588e+10, grad_fn=<MeanBackward0>)
tensor([ 4.0433e+11, -1.1127e+10, -3.7188e+08,  5.1923e+01,  2.9916e+05,
         6.0736e+05,  4.9682e+06, -8.0593e+03,  3.8864e+05, -1.0116e+02],
       grad_fn=<MeanBackward1>)
tensor([7.1540e+12, 1.9751e+11, 7.0417e+09, 1.2114e+03, 7.3796e+06, 1.1383e+07,
        9.1880e+07, 1.4777e+05, 7.2010e+06, 4.0198e+03],
       grad_fn=<StdBackward1>)
tensor([-1.8412,  1.9382, -0.1567,  2.8169, -0.3167,  3.0139, -0.1776,  2.7775,
        -1.4004,  2.0282])
start full training
Iteration: 1
start update likelihood model
Epoch: 0, loss: 19.664845848083495, eval loss: [NA]
Epoch: 1, loss: 13.354862484931946, eval loss: [NA]
Epoch: 2, loss: 11.186558833122254, eval loss: [NA]
Epoch: 3, loss: 10.568393125534058, eval loss: [NA]
Epoch: 4, loss: 10.434060187339783, eval loss: [NA]
Epoch: 5, loss: 10.362975149154662, eval loss: [NA]
Epoch: 6, loss: 10.319525160789489, eval loss: [NA]
Epoch: 7, loss: 10.310566534996033, eval loss: [NA]
Epoch: 8, loss: 10.262266583442688, eval loss: [NA]
Epoch: 9, loss: 10.265106034278869, eval loss: [NA]
Epoch: 10, loss: 10.250469102859498, eval loss: [NA]
Epoch: 11, loss: 10.254190349578858, eval loss: [NA]
Epoch: 12, loss: 10.245265431404114, eval loss: [NA]
Epoch: 13, loss: 10.213466258049012, eval loss: [NA]
Epoch: 14, loss: 10.218933033943177, eval loss: [NA]
Epoch: 15, loss: 10.203469638824464, eval loss: [NA]
Epoch: 16, loss: 10.222564787864686, eval loss: [NA]
Epoch: 17, loss: 10.205873289108276, eval loss: [NA]
Epoch: 18, loss: 10.2046368932724, eval loss: [NA]
Epoch: 19, loss: 10.203720860481262, eval loss: [NA]
Epoch: 20, loss: 10.186868567466735, eval loss: [NA]
Epoch: 21, loss: 10.185320339202882, eval loss: [NA]
Epoch: 22, loss: 10.1888756275177, eval loss: [NA]
Epoch: 23, loss: 10.179232325553894, eval loss: [NA]
Epoch: 24, loss: 10.155075693130494, eval loss: [NA]
start update posterior model from prior pred - hot start
Epoch: 0, loss: 2.173300801217556, eval loss: [NA]
Epoch: 1, loss: 0.8263162870705127, eval loss: [NA]
Epoch: 2, loss: 0.6849900338053704, eval loss: [NA]
Epoch: 3, loss: 0.6162621422111988, eval loss: [NA]
Epoch: 4, loss: 0.5432017563655972, eval loss: [NA]
start update posterior model
Epoch: 0, loss: 12.769036421775818, eval loss: [NA]
Epoch: 1, loss: 12.746643390655517, eval loss: [NA]
Epoch: 2, loss: 12.752015590667725, eval loss: [NA]
Epoch: 3, loss: 12.738368425369263, eval loss: [NA]
Epoch: 4, loss: 12.75609893798828, eval loss: [NA]
Epoch: 5, loss: 12.739001426696777, eval loss: [NA]
Epoch: 6, loss: 12.740648880004883, eval loss: [NA]
Epoch: 7, loss: 12.74172613143921, eval loss: [NA]
Epoch: 8, loss: 12.74906877040863, eval loss: [NA]
Epoch: 9, loss: 12.741359915733337, eval loss: [NA]
Epoch: 10, loss: 12.758152151107788, eval loss: [NA]
Epoch: 11, loss: 12.73404932498932, eval loss: [NA]
Epoch: 12, loss: 12.740211668014526, eval loss: [NA]
Epoch: 13, loss: 12.75188127040863, eval loss: [NA]
Epoch: 14, loss: 12.733191418647767, eval loss: [NA]
Epoch: 15, loss: 12.737052874565125, eval loss: [NA]
Epoch: 16, loss: 12.735604448318481, eval loss: [NA]
Epoch: 17, loss: 12.73747058391571, eval loss: [NA]
Epoch: 18, loss: 12.735722370147705, eval loss: [NA]
Epoch: 19, loss: 12.733130340576173, eval loss: [NA]
Epoch: 20, loss: 12.739042682647705, eval loss: [NA]
Epoch: 21, loss: 12.745108504295349, eval loss: [NA]
Epoch: 22, loss: 12.739290928840637, eval loss: [NA]
Epoch: 23, loss: 12.734947686195374, eval loss: [NA]
Epoch: 24, loss: 12.737488117218017, eval loss: [NA]
Epoch: 25, loss: 12.731363286972046, eval loss: [NA]
Epoch: 26, loss: 12.729905018806457, eval loss: [NA]
Epoch: 27, loss: 12.73579264640808, eval loss: [NA]
Epoch: 28, loss: 12.73779200553894, eval loss: [NA]
Epoch: 29, loss: 12.731573243141174, eval loss: [NA]
Iteration: 2
start update likelihood model
Epoch: 0, loss: 10.190934343338013, eval loss: [NA]
Epoch: 1, loss: 10.187377610206603, eval loss: [NA]
Epoch: 2, loss: 10.171173720359802, eval loss: [NA]
Epoch: 3, loss: 10.163886103630066, eval loss: [NA]
Epoch: 4, loss: 10.164813895225524, eval loss: [NA]
Epoch: 5, loss: 10.148268284797668, eval loss: [NA]
Epoch: 6, loss: 10.158351435661316, eval loss: [NA]
Epoch: 7, loss: 10.15983627319336, eval loss: [NA]
Epoch: 8, loss: 10.145945734977722, eval loss: [NA]
Epoch: 9, loss: 10.155132532119751, eval loss: [NA]
Epoch: 10, loss: 10.157285318374633, eval loss: [NA]
Epoch: 11, loss: 10.151250076293945, eval loss: [NA]
Epoch: 12, loss: 10.14449275970459, eval loss: [NA]
Epoch: 13, loss: 10.150510230064391, eval loss: [NA]
Epoch: 14, loss: 10.1436297416687, eval loss: [NA]
Epoch: 15, loss: 10.147224144935608, eval loss: [NA]
Epoch: 16, loss: 10.130079998970032, eval loss: [NA]
Epoch: 17, loss: 10.147366909980773, eval loss: [NA]
Epoch: 18, loss: 10.143628721237183, eval loss: [NA]
Epoch: 19, loss: 10.132111234664917, eval loss: [NA]
Epoch: 20, loss: 10.13876708984375, eval loss: [NA]
Epoch: 21, loss: 10.132414889335632, eval loss: [NA]
Epoch: 22, loss: 10.131692085266113, eval loss: [NA]
Epoch: 23, loss: 10.12766384601593, eval loss: [NA]
Epoch: 24, loss: 10.133436055183411, eval loss: [NA]
Epoch: 25, loss: 10.114993076324463, eval loss: [NA]
Epoch: 26, loss: 10.134156675338746, eval loss: [NA]
Epoch: 27, loss: 10.136440925598144, eval loss: [NA]
Epoch: 28, loss: 10.127962927818299, eval loss: [NA]
Epoch: 29, loss: 10.12848648071289, eval loss: [NA]
start update posterior model
Epoch: 0, loss: 13.232181239128114, eval loss: [NA]
Epoch: 1, loss: 13.232195959091186, eval loss: [NA]
Epoch: 2, loss: 13.237526125907898, eval loss: [NA]
Epoch: 3, loss: 13.23063316822052, eval loss: [NA]
Epoch: 4, loss: 13.231603183746337, eval loss: [NA]
Epoch: 5, loss: 13.235728116035462, eval loss: [NA]
Epoch: 6, loss: 13.232927546501159, eval loss: [NA]
Epoch: 7, loss: 13.226309413909911, eval loss: [NA]
Epoch: 8, loss: 13.23086896419525, eval loss: [NA]
Epoch: 9, loss: 13.231087489128113, eval loss: [NA]
Epoch: 10, loss: 13.228105001449585, eval loss: [NA]
Epoch: 11, loss: 13.233769764900208, eval loss: [NA]
Epoch: 12, loss: 13.23488802909851, eval loss: [NA]
Epoch: 13, loss: 13.226130132675172, eval loss: [NA]
Epoch: 14, loss: 13.227254524230958, eval loss: [NA]
Epoch: 15, loss: 13.234006881713867, eval loss: [NA]
Epoch: 16, loss: 13.2358447265625, eval loss: [NA]
Epoch: 17, loss: 13.232503027915955, eval loss: [NA]
Epoch: 18, loss: 13.233156342506408, eval loss: [NA]
Epoch: 19, loss: 13.224417352676392, eval loss: [NA]
Epoch: 20, loss: 13.230596599578858, eval loss: [NA]
Epoch: 21, loss: 13.227912859916687, eval loss: [NA]
Epoch: 22, loss: 13.225789017677307, eval loss: [NA]
Epoch: 23, loss: 13.23769552707672, eval loss: [NA]
Epoch: 24, loss: 13.228457460403442, eval loss: [NA]
Epoch: 25, loss: 13.225399470329284, eval loss: [NA]
Epoch: 26, loss: 13.228343920707703, eval loss: [NA]
Epoch: 27, loss: 13.227877335548401, eval loss: [NA]
Epoch: 28, loss: 13.224613738059997, eval loss: [NA]
Epoch: 29, loss: 13.229159340858459, eval loss: [NA]
Iteration: 3
start update likelihood model
Epoch: 0, loss: 10.165012192726135, eval loss: [NA]
Epoch: 1, loss: 10.126074571609497, eval loss: [NA]
Epoch: 2, loss: 10.129652371406555, eval loss: [NA]
Epoch: 3, loss: 10.125475034713745, eval loss: [NA]
Epoch: 4, loss: 10.121561570167541, eval loss: [NA]
Epoch: 5, loss: 10.12919400215149, eval loss: [NA]
Epoch: 6, loss: 10.11970025062561, eval loss: [NA]
Epoch: 7, loss: 10.11967767238617, eval loss: [NA]
Epoch: 8, loss: 10.11035888195038, eval loss: [NA]
Epoch: 9, loss: 10.101677494049072, eval loss: [NA]
Epoch: 10, loss: 10.10777235031128, eval loss: [NA]
Epoch: 11, loss: 10.10220160484314, eval loss: [NA]
Epoch: 12, loss: 10.114820156097412, eval loss: [NA]
Epoch: 13, loss: 10.109567918777465, eval loss: [NA]
Epoch: 14, loss: 10.1078710603714, eval loss: [NA]
Epoch: 15, loss: 10.096071434020995, eval loss: [NA]
Epoch: 16, loss: 10.134712042808532, eval loss: [NA]
Epoch: 17, loss: 10.101911215782165, eval loss: [NA]
Epoch: 18, loss: 10.096584515571594, eval loss: [NA]
Epoch: 19, loss: 10.084827952384948, eval loss: [NA]
Epoch: 20, loss: 10.094653782844544, eval loss: [NA]
Epoch: 21, loss: 10.085657296180726, eval loss: [NA]
Epoch: 22, loss: 10.09904052734375, eval loss: [NA]
Epoch: 23, loss: 10.094252004623414, eval loss: [NA]
Epoch: 24, loss: 10.081215353012086, eval loss: [NA]
Epoch: 25, loss: 10.08572585582733, eval loss: [NA]
Epoch: 26, loss: 10.08423180103302, eval loss: [NA]
Epoch: 27, loss: 10.08796907901764, eval loss: [NA]
Epoch: 28, loss: 10.084694981575012, eval loss: [NA]
Epoch: 29, loss: 10.079315028190614, eval loss: [NA]
start update posterior model
Epoch: 0, loss: 12.871697335243224, eval loss: [NA]
Epoch: 1, loss: 12.86460078716278, eval loss: [NA]
Epoch: 2, loss: 12.862940354347229, eval loss: [NA]
Epoch: 3, loss: 12.85338234424591, eval loss: [NA]
Epoch: 4, loss: 12.856811237335204, eval loss: [NA]
Epoch: 5, loss: 12.856933040618896, eval loss: [NA]
Epoch: 6, loss: 12.856600036621094, eval loss: [NA]
Epoch: 7, loss: 12.85498743057251, eval loss: [NA]
Epoch: 8, loss: 12.8583038520813, eval loss: [NA]
Epoch: 9, loss: 12.855863637924195, eval loss: [NA]
Epoch: 10, loss: 12.85620436668396, eval loss: [NA]
Epoch: 11, loss: 12.861154413223266, eval loss: [NA]
Epoch: 12, loss: 12.856380491256713, eval loss: [NA]
Epoch: 13, loss: 12.861072092056274, eval loss: [NA]
Epoch: 14, loss: 12.85401737689972, eval loss: [NA]
Epoch: 15, loss: 12.856117105484008, eval loss: [NA]
Epoch: 16, loss: 12.851283645629882, eval loss: [NA]
Epoch: 17, loss: 12.857726511955262, eval loss: [NA]
Epoch: 18, loss: 12.853325958251952, eval loss: [NA]
Epoch: 19, loss: 12.853790073394775, eval loss: [NA]
Epoch: 20, loss: 12.85820369720459, eval loss: [NA]
Epoch: 21, loss: 12.851064424514771, eval loss: [NA]
Epoch: 22, loss: 12.855030145645141, eval loss: [NA]
Epoch: 23, loss: 12.854865798950195, eval loss: [NA]
Epoch: 24, loss: 12.85103657245636, eval loss: [NA]
Epoch: 25, loss: 12.855640707015992, eval loss: [NA]
Epoch: 26, loss: 12.855705409049987, eval loss: [NA]
Epoch: 27, loss: 12.852264046669006, eval loss: [NA]
Epoch: 28, loss: 12.855415782928468, eval loss: [NA]
Epoch: 29, loss: 12.853812613487243, eval loss: [NA]
Iteration: 4
start update likelihood model
Epoch: 0, loss: 10.104902930259705, eval loss: [NA]
Epoch: 1, loss: 10.087111959457397, eval loss: [NA]
Epoch: 2, loss: 10.071493644714355, eval loss: [NA]
Epoch: 3, loss: 10.06608048915863, eval loss: [NA]
Epoch: 4, loss: 10.065771751403808, eval loss: [NA]
Epoch: 5, loss: 10.062268681526184, eval loss: [NA]
Epoch: 6, loss: 10.059949650764466, eval loss: [NA]
Epoch: 7, loss: 10.060584754943848, eval loss: [NA]
Epoch: 8, loss: 10.05150686264038, eval loss: [NA]
Epoch: 9, loss: 10.055171408653258, eval loss: [NA]
Epoch: 10, loss: 10.052544231414794, eval loss: [NA]
Epoch: 11, loss: 10.049353837966919, eval loss: [NA]
Epoch: 12, loss: 10.054772939682007, eval loss: [NA]
Epoch: 13, loss: 10.056655898094178, eval loss: [NA]
Epoch: 14, loss: 10.049557752609253, eval loss: [NA]
Epoch: 15, loss: 10.049086470603942, eval loss: [NA]
Epoch: 16, loss: 10.054072532653809, eval loss: [NA]
Epoch: 17, loss: 10.048479385375977, eval loss: [NA]
Epoch: 18, loss: 10.05194972038269, eval loss: [NA]
Epoch: 19, loss: 10.039161128997803, eval loss: [NA]
Epoch: 20, loss: 10.047085723876954, eval loss: [NA]
Epoch: 21, loss: 10.037494649887085, eval loss: [NA]
Epoch: 22, loss: 10.043148608207703, eval loss: [NA]
Epoch: 23, loss: 10.041867914199829, eval loss: [NA]
Epoch: 24, loss: 10.03753457069397, eval loss: [NA]
Epoch: 25, loss: 10.030746035575866, eval loss: [NA]
Epoch: 26, loss: 10.036686205863953, eval loss: [NA]
Epoch: 27, loss: 10.043593869209289, eval loss: [NA]
Epoch: 28, loss: 10.024392824172974, eval loss: [NA]
Epoch: 29, loss: 10.030985898971558, eval loss: [NA]
start update posterior model
Epoch: 0, loss: 12.734513874053954, eval loss: [NA]
Epoch: 1, loss: 12.732339181900024, eval loss: [NA]
Epoch: 2, loss: 12.731825394630432, eval loss: [NA]
Epoch: 3, loss: 12.729241709709168, eval loss: [NA]
Epoch: 4, loss: 12.736252093315125, eval loss: [NA]
Epoch: 5, loss: 12.726800842285156, eval loss: [NA]
Epoch: 6, loss: 12.73073941707611, eval loss: [NA]
Epoch: 7, loss: 12.72995975971222, eval loss: [NA]
Epoch: 8, loss: 12.726014289855957, eval loss: [NA]
Epoch: 9, loss: 12.725504932403565, eval loss: [NA]
Epoch: 10, loss: 12.724420013427734, eval loss: [NA]
Epoch: 11, loss: 12.72654625415802, eval loss: [NA]
Epoch: 12, loss: 12.73451443195343, eval loss: [NA]
Epoch: 13, loss: 12.727255797386169, eval loss: [NA]
Epoch: 14, loss: 12.726413092613221, eval loss: [NA]
Epoch: 15, loss: 12.725058555603027, eval loss: [NA]
Epoch: 16, loss: 12.726469926834106, eval loss: [NA]
Epoch: 17, loss: 12.732805218696594, eval loss: [NA]
Epoch: 18, loss: 12.726571025848388, eval loss: [NA]
Epoch: 19, loss: 12.733558397293091, eval loss: [NA]
Epoch: 20, loss: 12.728036794662476, eval loss: [NA]
Epoch: 21, loss: 12.726776680946351, eval loss: [NA]
Epoch: 22, loss: 12.72831069946289, eval loss: [NA]
Epoch: 23, loss: 12.731187310218811, eval loss: [NA]
Epoch: 24, loss: 12.730592937469483, eval loss: [NA]
Epoch: 25, loss: 12.72562891960144, eval loss: [NA]
Epoch: 26, loss: 12.727575368881226, eval loss: [NA]
Epoch: 27, loss: 12.726962447166443, eval loss: [NA]
Epoch: 28, loss: 12.726608991622925, eval loss: [NA]
Epoch: 29, loss: 12.727133889198303, eval loss: [NA]

Runtime:621.31
[866031965.4556, 0.0138, 0.0229, 0.0121]
[41587798016.0, 1.1593, 1.1702, 1.1046]
[24221373693952.0, 1.3891, 1.4206, 1.3726]
KL div untrained: 1239212991.5898
KL div trained: 0.0053
