Input args:
Dim: 2
seed: 23
seed_data: 10
/home/samwiq/spa/seq-posterior-approx-w-nf-dev/mv_gaussian/low_dim_w_five_obs/lunarc
/home/samwiq/spa/seq-posterior-approx-w-nf-dev
tensor(1.4341e+13, grad_fn=<MeanBackward0>)
tensor(1.5495e+09, grad_fn=<MeanBackward0>)
tensor([ 1.5093e+10, -3.3017e+08,  4.6742e+07,  4.4848e+03,  2.0200e+05,
         1.5350e+06,  7.8399e+03, -2.0067e+04, -1.2529e+03, -2.7675e+01],
       grad_fn=<MeanBackward1>)
tensor([2.3962e+11, 6.3458e+09, 1.2674e+09, 1.4172e+05, 4.0920e+06, 3.3257e+07,
        2.3055e+05, 4.3270e+05, 4.4945e+04, 1.9329e+03],
       grad_fn=<StdBackward1>)
tensor([-2.9810,  0.0827, -2.5257,  0.1019, -2.3040,  0.2739, -2.5474,  0.9252,
        -1.7314,  0.6908])
start full training
Iteration: 1
start update likelihood model
Epoch: 0, loss: 20.40572252750397, eval loss: [NA]
Epoch: 1, loss: 13.964708294868469, eval loss: [NA]
Epoch: 2, loss: 11.242388019561767, eval loss: [NA]
Epoch: 3, loss: 10.649953384399414, eval loss: [NA]
Epoch: 4, loss: 10.444201407432557, eval loss: [NA]
Epoch: 5, loss: 10.397325448989868, eval loss: [NA]
Epoch: 6, loss: 10.354928617477418, eval loss: [NA]
Epoch: 7, loss: 10.339074506759644, eval loss: [NA]
Epoch: 8, loss: 10.310616993904114, eval loss: [NA]
Epoch: 9, loss: 10.276721534729004, eval loss: [NA]
Epoch: 10, loss: 10.26644591808319, eval loss: [NA]
Epoch: 11, loss: 10.257469291687011, eval loss: [NA]
Epoch: 12, loss: 10.244670572280883, eval loss: [NA]
Epoch: 13, loss: 10.247592453956605, eval loss: [NA]
Epoch: 14, loss: 10.24542450428009, eval loss: [NA]
Epoch: 15, loss: 10.242697858810425, eval loss: [NA]
Epoch: 16, loss: 10.252857689857484, eval loss: [NA]
Epoch: 17, loss: 10.23500919342041, eval loss: [NA]
Epoch: 18, loss: 10.213618369102479, eval loss: [NA]
Epoch: 19, loss: 10.212512636184693, eval loss: [NA]
Epoch: 20, loss: 10.229991159439088, eval loss: [NA]
Epoch: 21, loss: 10.196900753974914, eval loss: [NA]
Epoch: 22, loss: 10.20536717414856, eval loss: [NA]
Epoch: 23, loss: 10.163490262031555, eval loss: [NA]
Epoch: 24, loss: 10.201288933753967, eval loss: [NA]
start update posterior model from prior pred - hot start
Epoch: 0, loss: 2.057660084962845, eval loss: [NA]
Epoch: 1, loss: 0.9193535457551479, eval loss: [NA]
Epoch: 2, loss: 0.6807580298185348, eval loss: [NA]
Epoch: 3, loss: 0.5864000125229358, eval loss: [NA]
Epoch: 4, loss: 0.5645084593445062, eval loss: [NA]
start update posterior model
Epoch: 0, loss: 12.534297127723693, eval loss: [NA]
Epoch: 1, loss: 12.51454704284668, eval loss: [NA]
Epoch: 2, loss: 12.514498224258423, eval loss: [NA]
Epoch: 3, loss: 12.503619055747986, eval loss: [NA]
Epoch: 4, loss: 12.501516394615173, eval loss: [NA]
Epoch: 5, loss: 12.518239941596985, eval loss: [NA]
Epoch: 6, loss: 12.50350224494934, eval loss: [NA]
Epoch: 7, loss: 12.50158754825592, eval loss: [NA]
Epoch: 8, loss: 12.501320533752441, eval loss: [NA]
Epoch: 9, loss: 12.489305295944213, eval loss: [NA]
Epoch: 10, loss: 12.494146947860719, eval loss: [NA]
Epoch: 11, loss: 12.517849674224854, eval loss: [NA]
Epoch: 12, loss: 12.502993369102478, eval loss: [NA]
Epoch: 13, loss: 12.49814787864685, eval loss: [NA]
Epoch: 14, loss: 12.485494513511657, eval loss: [NA]
Epoch: 15, loss: 12.502705874443054, eval loss: [NA]
Epoch: 16, loss: 12.49925344467163, eval loss: [NA]
Epoch: 17, loss: 12.485741662979127, eval loss: [NA]
Epoch: 18, loss: 12.49028447151184, eval loss: [NA]
Epoch: 19, loss: 12.491579570770263, eval loss: [NA]
Epoch: 20, loss: 12.494400553703308, eval loss: [NA]
Epoch: 21, loss: 12.496527352333068, eval loss: [NA]
Epoch: 22, loss: 12.494854230880737, eval loss: [NA]
Epoch: 23, loss: 12.493570828437806, eval loss: [NA]
Epoch: 24, loss: 12.507263259887695, eval loss: [NA]
Epoch: 25, loss: 12.486777639389038, eval loss: [NA]
Epoch: 26, loss: 12.492101650238038, eval loss: [NA]
Epoch: 27, loss: 12.491641416549683, eval loss: [NA]
Epoch: 28, loss: 12.49959981918335, eval loss: [NA]
Epoch: 29, loss: 12.492995667457581, eval loss: [NA]
Iteration: 2
start update likelihood model
Epoch: 0, loss: 10.123040490150451, eval loss: [NA]
Epoch: 1, loss: 10.113487215042115, eval loss: [NA]
Epoch: 2, loss: 10.102587294578552, eval loss: [NA]
Epoch: 3, loss: 10.098080143928527, eval loss: [NA]
Epoch: 4, loss: 10.1036878490448, eval loss: [NA]
Epoch: 5, loss: 10.111378755569458, eval loss: [NA]
Epoch: 6, loss: 10.096449131965636, eval loss: [NA]
Epoch: 7, loss: 10.086353526115417, eval loss: [NA]
Epoch: 8, loss: 10.094079046249389, eval loss: [NA]
Epoch: 9, loss: 10.08389931678772, eval loss: [NA]
Epoch: 10, loss: 10.083790760040284, eval loss: [NA]
Epoch: 11, loss: 10.093417820930481, eval loss: [NA]
Epoch: 12, loss: 10.079977145195008, eval loss: [NA]
Epoch: 13, loss: 10.076237301826477, eval loss: [NA]
Epoch: 14, loss: 10.069098873138428, eval loss: [NA]
Epoch: 15, loss: 10.092622933387757, eval loss: [NA]
Epoch: 16, loss: 10.06710934638977, eval loss: [NA]
Epoch: 17, loss: 10.072782545089721, eval loss: [NA]
Epoch: 18, loss: 10.06778962135315, eval loss: [NA]
Epoch: 19, loss: 10.059947142601013, eval loss: [NA]
Epoch: 20, loss: 10.063081107139588, eval loss: [NA]
Epoch: 21, loss: 10.07285503387451, eval loss: [NA]
Epoch: 22, loss: 10.067961473464965, eval loss: [NA]
Epoch: 23, loss: 10.057744865417481, eval loss: [NA]
Epoch: 24, loss: 10.064611086845398, eval loss: [NA]
Epoch: 25, loss: 10.065057764053345, eval loss: [NA]
Epoch: 26, loss: 10.06675145626068, eval loss: [NA]
Epoch: 27, loss: 10.05857671737671, eval loss: [NA]
Epoch: 28, loss: 10.065014266967774, eval loss: [NA]
Epoch: 29, loss: 10.050927309989929, eval loss: [NA]
start update posterior model
Epoch: 0, loss: 13.113460640907288, eval loss: [NA]
Epoch: 1, loss: 13.088464736938477, eval loss: [NA]
Epoch: 2, loss: 13.097100176811217, eval loss: [NA]
Epoch: 3, loss: 13.090496664047242, eval loss: [NA]
Epoch: 4, loss: 13.088513679504395, eval loss: [NA]
Epoch: 5, loss: 13.091205387115478, eval loss: [NA]
Epoch: 6, loss: 13.086851525306702, eval loss: [NA]
Epoch: 7, loss: 13.091111588478089, eval loss: [NA]
Epoch: 8, loss: 13.086259956359862, eval loss: [NA]
Epoch: 9, loss: 13.085784845352173, eval loss: [NA]
Epoch: 10, loss: 13.082470474243165, eval loss: [NA]
Epoch: 11, loss: 13.091046109199524, eval loss: [NA]
Epoch: 12, loss: 13.083927993774415, eval loss: [NA]
Epoch: 13, loss: 13.093834714889526, eval loss: [NA]
Epoch: 14, loss: 13.087506351470948, eval loss: [NA]
Epoch: 15, loss: 13.080938467979431, eval loss: [NA]
Epoch: 16, loss: 13.084633769989013, eval loss: [NA]
Epoch: 17, loss: 13.083178815841675, eval loss: [NA]
Epoch: 18, loss: 13.088367748260499, eval loss: [NA]
Epoch: 19, loss: 13.080974254608154, eval loss: [NA]
Epoch: 20, loss: 13.096561398506164, eval loss: [NA]
Epoch: 21, loss: 13.079341025352479, eval loss: [NA]
Epoch: 22, loss: 13.084092855453491, eval loss: [NA]
Epoch: 23, loss: 13.080671520233155, eval loss: [NA]
Epoch: 24, loss: 13.08276925086975, eval loss: [NA]
Epoch: 25, loss: 13.087071619033814, eval loss: [NA]
Epoch: 26, loss: 13.083329215049744, eval loss: [NA]
Epoch: 27, loss: 13.085639934539795, eval loss: [NA]
Epoch: 28, loss: 13.08104651927948, eval loss: [NA]
Epoch: 29, loss: 13.084953322410584, eval loss: [NA]
Iteration: 3
start update likelihood model
Epoch: 0, loss: 10.120805416107178, eval loss: [NA]
Epoch: 1, loss: 10.106962361335754, eval loss: [NA]
Epoch: 2, loss: 10.111707720756531, eval loss: [NA]
Epoch: 3, loss: 10.100285801887512, eval loss: [NA]
Epoch: 4, loss: 10.096706929206848, eval loss: [NA]
Epoch: 5, loss: 10.102507266998291, eval loss: [NA]
Epoch: 6, loss: 10.092105693817139, eval loss: [NA]
Epoch: 7, loss: 10.086017537117005, eval loss: [NA]
Epoch: 8, loss: 10.099135885238647, eval loss: [NA]
Epoch: 9, loss: 10.080949654579163, eval loss: [NA]
Epoch: 10, loss: 10.100456767082214, eval loss: [NA]
Epoch: 11, loss: 10.081038293838501, eval loss: [NA]
Epoch: 12, loss: 10.08789722442627, eval loss: [NA]
Epoch: 13, loss: 10.082026810646058, eval loss: [NA]
Epoch: 14, loss: 10.077982120513916, eval loss: [NA]
Epoch: 15, loss: 10.083941531181335, eval loss: [NA]
Epoch: 16, loss: 10.074910540580749, eval loss: [NA]
Epoch: 17, loss: 10.067865877151489, eval loss: [NA]
Epoch: 18, loss: 10.082229633331298, eval loss: [NA]
Epoch: 19, loss: 10.077255525588988, eval loss: [NA]
Epoch: 20, loss: 10.070887875556945, eval loss: [NA]
Epoch: 21, loss: 10.066087732315063, eval loss: [NA]
Epoch: 22, loss: 10.073924088478089, eval loss: [NA]
Epoch: 23, loss: 10.07640667438507, eval loss: [NA]
Epoch: 24, loss: 10.061087975502014, eval loss: [NA]
Epoch: 25, loss: 10.07680419921875, eval loss: [NA]
Epoch: 26, loss: 10.055938744544983, eval loss: [NA]
Epoch: 27, loss: 10.065869741439819, eval loss: [NA]
Epoch: 28, loss: 10.070249557495117, eval loss: [NA]
Epoch: 29, loss: 10.063441691398621, eval loss: [NA]
start update posterior model
Epoch: 0, loss: 13.15424020767212, eval loss: [NA]
Epoch: 1, loss: 13.144712677001953, eval loss: [NA]
Epoch: 2, loss: 13.135130410194398, eval loss: [NA]
Epoch: 3, loss: 13.138246760368347, eval loss: [NA]
Epoch: 4, loss: 13.134895973205566, eval loss: [NA]
Epoch: 5, loss: 13.137041749954223, eval loss: [NA]
Epoch: 6, loss: 13.138175139427185, eval loss: [NA]
Epoch: 7, loss: 13.138545079231262, eval loss: [NA]
Epoch: 8, loss: 13.141121978759765, eval loss: [NA]
Epoch: 9, loss: 13.142746024131775, eval loss: [NA]
Epoch: 10, loss: 13.135513653755188, eval loss: [NA]
Epoch: 11, loss: 13.1419770860672, eval loss: [NA]
Epoch: 12, loss: 13.143498334884644, eval loss: [NA]
Epoch: 13, loss: 13.13389895439148, eval loss: [NA]
Epoch: 14, loss: 13.136560063362122, eval loss: [NA]
Epoch: 15, loss: 13.142107548713684, eval loss: [NA]
Epoch: 16, loss: 13.139039597511292, eval loss: [NA]
Epoch: 17, loss: 13.142335233688355, eval loss: [NA]
Epoch: 18, loss: 13.13481737613678, eval loss: [NA]
Epoch: 19, loss: 13.136899523735046, eval loss: [NA]
Epoch: 20, loss: 13.140019984245301, eval loss: [NA]
Epoch: 21, loss: 13.136345119476319, eval loss: [NA]
Epoch: 22, loss: 13.139155068397521, eval loss: [NA]
Epoch: 23, loss: 13.139017324447632, eval loss: [NA]
Epoch: 24, loss: 13.137247695922852, eval loss: [NA]
Epoch: 25, loss: 13.13838348865509, eval loss: [NA]
Epoch: 26, loss: 13.139528379440307, eval loss: [NA]
Epoch: 27, loss: 13.138048644065856, eval loss: [NA]
Epoch: 28, loss: 13.135209083557129, eval loss: [NA]
Epoch: 29, loss: 13.133997902870178, eval loss: [NA]
Iteration: 4
start update likelihood model
Epoch: 0, loss: 10.073620700836182, eval loss: [NA]
Epoch: 1, loss: 10.064988164901733, eval loss: [NA]
Epoch: 2, loss: 10.05336515903473, eval loss: [NA]
Epoch: 3, loss: 10.05148374080658, eval loss: [NA]
Epoch: 4, loss: 10.044801559448242, eval loss: [NA]
Epoch: 5, loss: 10.052257661819459, eval loss: [NA]
Epoch: 6, loss: 10.04651385307312, eval loss: [NA]
Epoch: 7, loss: 10.054848852157592, eval loss: [NA]
Epoch: 8, loss: 10.054744515419006, eval loss: [NA]
Epoch: 9, loss: 10.04335383415222, eval loss: [NA]
Epoch: 10, loss: 10.043301138877869, eval loss: [NA]
Epoch: 11, loss: 10.03623963356018, eval loss: [NA]
Epoch: 12, loss: 10.032904529571534, eval loss: [NA]
Epoch: 13, loss: 10.032964606285095, eval loss: [NA]
Epoch: 14, loss: 10.035796551704406, eval loss: [NA]
Epoch: 15, loss: 10.03253001689911, eval loss: [NA]
Epoch: 16, loss: 10.035705547332764, eval loss: [NA]
Epoch: 17, loss: 10.033090252876281, eval loss: [NA]
Epoch: 18, loss: 10.031473145484924, eval loss: [NA]
Epoch: 19, loss: 10.026101078987121, eval loss: [NA]
Epoch: 20, loss: 10.026799097061158, eval loss: [NA]
Epoch: 21, loss: 10.019910464286804, eval loss: [NA]
Epoch: 22, loss: 10.024057297706603, eval loss: [NA]
Epoch: 23, loss: 10.025837411880493, eval loss: [NA]
Epoch: 24, loss: 10.025183506011963, eval loss: [NA]
Epoch: 25, loss: 10.020309376716614, eval loss: [NA]
Epoch: 26, loss: 10.018602375984193, eval loss: [NA]
Epoch: 27, loss: 10.00831642627716, eval loss: [NA]
Epoch: 28, loss: 10.016391310691834, eval loss: [NA]
Epoch: 29, loss: 10.012053937911988, eval loss: [NA]
start update posterior model
Epoch: 0, loss: 13.266945300102234, eval loss: [NA]
Epoch: 1, loss: 13.265051112174987, eval loss: [NA]
Epoch: 2, loss: 13.268268914222718, eval loss: [NA]
Epoch: 3, loss: 13.257921767234802, eval loss: [NA]
Epoch: 4, loss: 13.25832667350769, eval loss: [NA]
Epoch: 5, loss: 13.25937852859497, eval loss: [NA]
Epoch: 6, loss: 13.258819909095765, eval loss: [NA]
Epoch: 7, loss: 13.253634715080262, eval loss: [NA]
Epoch: 8, loss: 13.255030899047851, eval loss: [NA]
Epoch: 9, loss: 13.254599680900574, eval loss: [NA]
Epoch: 10, loss: 13.269486861228943, eval loss: [NA]
Epoch: 11, loss: 13.255293002128601, eval loss: [NA]
Epoch: 12, loss: 13.25534070968628, eval loss: [NA]
Epoch: 13, loss: 13.259388027191163, eval loss: [NA]
Epoch: 14, loss: 13.257939805984497, eval loss: [NA]
Epoch: 15, loss: 13.25378776550293, eval loss: [NA]
Epoch: 16, loss: 13.255807452201843, eval loss: [NA]
Epoch: 17, loss: 13.254402742385864, eval loss: [NA]
Epoch: 18, loss: 13.25357397556305, eval loss: [NA]
Epoch: 19, loss: 13.253784804344177, eval loss: [NA]
Epoch: 20, loss: 13.257114491462708, eval loss: [NA]
Epoch: 21, loss: 13.255938243865966, eval loss: [NA]
Epoch: 22, loss: 13.26108555316925, eval loss: [NA]
Epoch: 23, loss: 13.257867832183837, eval loss: [NA]
Epoch: 24, loss: 13.251993079185485, eval loss: [NA]
Epoch: 25, loss: 13.255873317718505, eval loss: [NA]
Epoch: 26, loss: 13.254894309043884, eval loss: [NA]
Epoch: 27, loss: 13.253407201766969, eval loss: [NA]
Epoch: 28, loss: 13.252378134727477, eval loss: [NA]
Epoch: 29, loss: 13.252311415672303, eval loss: [NA]

Runtime:592.13
[37811713339536.89, 0.0102, 0.0037, 0.0038]
[1549461504.0, 1.1118, 1.145, 1.1624]
[14341097127936.0, 1.3878, 1.3709, 1.4119]
KL div untrained: 9885912377275.918
KL div trained: 0.0024
