Input args:
Dim: 2
seed: 43
seed_data: 10
/home/samwiq/snpla/seq-posterior-approx-w-nf-dev/mv_gaussian/low_dim_w_five_obs/lunarc
/home/samwiq/snpla/seq-posterior-approx-w-nf-dev
tensor(2.0203e+12, grad_fn=<MeanBackward0>)
tensor(2.3270e+10, grad_fn=<MeanBackward0>)
tensor([ 2.2625e+11, -6.1968e+09, -1.8715e+08,  1.1976e+02,  1.9640e+03,
         8.8847e+05,  2.8858e+06, -1.1544e+04,  2.2507e+05,  2.6048e+01],
       grad_fn=<MeanBackward1>)
tensor([6.9214e+12, 1.9108e+11, 6.8234e+09, 2.3468e+03, 5.0072e+04, 1.4732e+07,
        8.9030e+07, 1.9145e+05, 6.9777e+06, 3.8723e+02],
       grad_fn=<StdBackward1>)
tensor([-2.2133, -2.6220, -0.6926, -0.2571, -0.0466, -0.1895, -0.8792, -0.7377,
        -3.0898, -2.9836])
start full training
Iteration: 1
start update likelihood model
Epoch: 0, loss: 20.61466059207916, eval loss: [NA]
Epoch: 1, loss: 14.147250247001647, eval loss: [NA]
Epoch: 2, loss: 11.465423464775085, eval loss: [NA]
Epoch: 3, loss: 10.62552101135254, eval loss: [NA]
Epoch: 4, loss: 10.39548837184906, eval loss: [NA]
Epoch: 5, loss: 10.333582773208619, eval loss: [NA]
Epoch: 6, loss: 10.296668033599854, eval loss: [NA]
Epoch: 7, loss: 10.278049144744873, eval loss: [NA]
Epoch: 8, loss: 10.244072580337525, eval loss: [NA]
Epoch: 9, loss: 10.223604669570923, eval loss: [NA]
Epoch: 10, loss: 10.191158862113953, eval loss: [NA]
Epoch: 11, loss: 10.204123992919921, eval loss: [NA]
Epoch: 12, loss: 10.186825852394104, eval loss: [NA]
Epoch: 13, loss: 10.174663043022155, eval loss: [NA]
Epoch: 14, loss: 10.163022847175599, eval loss: [NA]
Epoch: 15, loss: 10.164750280380249, eval loss: [NA]
Epoch: 16, loss: 10.1759037733078, eval loss: [NA]
Epoch: 17, loss: 10.149446229934693, eval loss: [NA]
Epoch: 18, loss: 10.15502745628357, eval loss: [NA]
Epoch: 19, loss: 10.126064281463623, eval loss: [NA]
Epoch: 20, loss: 10.13612781047821, eval loss: [NA]
Epoch: 21, loss: 10.131784772872924, eval loss: [NA]
Epoch: 22, loss: 10.132644681930541, eval loss: [NA]
Epoch: 23, loss: 10.113635125160217, eval loss: [NA]
Epoch: 24, loss: 10.125332565307618, eval loss: [NA]
start update posterior model from prior pred - hot start
Epoch: 0, loss: 1.989692456126213, eval loss: [NA]
Epoch: 1, loss: 0.8575688496232032, eval loss: [NA]
Epoch: 2, loss: 0.6476794511079789, eval loss: [NA]
Epoch: 3, loss: 0.559910347033292, eval loss: [NA]
Epoch: 4, loss: 0.5277110041677952, eval loss: [NA]
start update posterior model
Epoch: 0, loss: 13.086330556869507, eval loss: [NA]
Epoch: 1, loss: 13.100851202011109, eval loss: [NA]
Epoch: 2, loss: 13.081737427711486, eval loss: [NA]
Epoch: 3, loss: 13.085034608840942, eval loss: [NA]
Epoch: 4, loss: 13.06743535041809, eval loss: [NA]
Epoch: 5, loss: 13.079915990829468, eval loss: [NA]
Epoch: 6, loss: 13.065720095634461, eval loss: [NA]
Epoch: 7, loss: 13.074028792381286, eval loss: [NA]
Epoch: 8, loss: 13.072515859603882, eval loss: [NA]
Epoch: 9, loss: 13.068561878204346, eval loss: [NA]
Epoch: 10, loss: 13.074573473930359, eval loss: [NA]
Epoch: 11, loss: 13.066472682952881, eval loss: [NA]
Epoch: 12, loss: 13.074427509307862, eval loss: [NA]
Epoch: 13, loss: 13.072634801864623, eval loss: [NA]
Epoch: 14, loss: 13.072755513191224, eval loss: [NA]
Epoch: 15, loss: 13.076443104743957, eval loss: [NA]
Epoch: 16, loss: 13.078760061264038, eval loss: [NA]
Epoch: 17, loss: 13.073009967803955, eval loss: [NA]
Epoch: 18, loss: 13.067196950912475, eval loss: [NA]
Epoch: 19, loss: 13.062952957153321, eval loss: [NA]
Epoch: 20, loss: 13.06815836429596, eval loss: [NA]
Epoch: 21, loss: 13.062157487869262, eval loss: [NA]
Epoch: 22, loss: 13.073543205261231, eval loss: [NA]
Epoch: 23, loss: 13.064152359962463, eval loss: [NA]
Epoch: 24, loss: 13.06647973537445, eval loss: [NA]
Epoch: 25, loss: 13.065355110168458, eval loss: [NA]
Epoch: 26, loss: 13.06033812046051, eval loss: [NA]
Epoch: 27, loss: 13.069819264411926, eval loss: [NA]
Epoch: 28, loss: 13.075588998794556, eval loss: [NA]
Epoch: 29, loss: 13.064147319793701, eval loss: [NA]
Iteration: 2
start update likelihood model
Epoch: 0, loss: 10.127463970184326, eval loss: [NA]
Epoch: 1, loss: 10.108567852973938, eval loss: [NA]
Epoch: 2, loss: 10.123300304412842, eval loss: [NA]
Epoch: 3, loss: 10.103787550926208, eval loss: [NA]
Epoch: 4, loss: 10.101792597770691, eval loss: [NA]
Epoch: 5, loss: 10.101227693557739, eval loss: [NA]
Epoch: 6, loss: 10.10561767578125, eval loss: [NA]
Epoch: 7, loss: 10.114377574920654, eval loss: [NA]
Epoch: 8, loss: 10.102100391387939, eval loss: [NA]
Epoch: 9, loss: 10.10475314617157, eval loss: [NA]
Epoch: 10, loss: 10.103045973777771, eval loss: [NA]
Epoch: 11, loss: 10.104268021583557, eval loss: [NA]
Epoch: 12, loss: 10.103474354743957, eval loss: [NA]
Epoch: 13, loss: 10.097342991828919, eval loss: [NA]
Epoch: 14, loss: 10.097939500808716, eval loss: [NA]
Epoch: 15, loss: 10.101104474067688, eval loss: [NA]
Epoch: 16, loss: 10.108733835220336, eval loss: [NA]
Epoch: 17, loss: 10.090055441856384, eval loss: [NA]
Epoch: 18, loss: 10.095448188781738, eval loss: [NA]
Epoch: 19, loss: 10.087062602043153, eval loss: [NA]
Epoch: 20, loss: 10.103409509658814, eval loss: [NA]
Epoch: 21, loss: 10.08855302810669, eval loss: [NA]
Epoch: 22, loss: 10.078386211395264, eval loss: [NA]
Epoch: 23, loss: 10.092030644416809, eval loss: [NA]
Epoch: 24, loss: 10.086873879432678, eval loss: [NA]
Epoch: 25, loss: 10.07980125427246, eval loss: [NA]
Epoch: 26, loss: 10.075532188415528, eval loss: [NA]
Epoch: 27, loss: 10.096407375335694, eval loss: [NA]
Epoch: 28, loss: 10.071830730438233, eval loss: [NA]
Epoch: 29, loss: 10.070018811225891, eval loss: [NA]
start update posterior model
Epoch: 0, loss: 13.25211368560791, eval loss: [NA]
Epoch: 1, loss: 13.246754350662231, eval loss: [NA]
Epoch: 2, loss: 13.253940949440002, eval loss: [NA]
Epoch: 3, loss: 13.26814404964447, eval loss: [NA]
Epoch: 4, loss: 13.252241258621217, eval loss: [NA]
Epoch: 5, loss: 13.248125047683716, eval loss: [NA]
Epoch: 6, loss: 13.248707466125488, eval loss: [NA]
Epoch: 7, loss: 13.246409454345702, eval loss: [NA]
Epoch: 8, loss: 13.250390148162841, eval loss: [NA]
Epoch: 9, loss: 13.245028047561645, eval loss: [NA]
Epoch: 10, loss: 13.247074122428893, eval loss: [NA]
Epoch: 11, loss: 13.248904037475587, eval loss: [NA]
Epoch: 12, loss: 13.244513282775879, eval loss: [NA]
Epoch: 13, loss: 13.253252763748169, eval loss: [NA]
Epoch: 14, loss: 13.244812822341919, eval loss: [NA]
Epoch: 15, loss: 13.250632705688476, eval loss: [NA]
Epoch: 16, loss: 13.243854169845582, eval loss: [NA]
Epoch: 17, loss: 13.245156717300414, eval loss: [NA]
Epoch: 18, loss: 13.250251016616822, eval loss: [NA]
Epoch: 19, loss: 13.24218716621399, eval loss: [NA]
Epoch: 20, loss: 13.246600441932678, eval loss: [NA]
Epoch: 21, loss: 13.243572301864624, eval loss: [NA]
Epoch: 22, loss: 13.250511441230774, eval loss: [NA]
Epoch: 23, loss: 13.249931855201721, eval loss: [NA]
Epoch: 24, loss: 13.248098073005677, eval loss: [NA]
Epoch: 25, loss: 13.242159581184387, eval loss: [NA]
Epoch: 26, loss: 13.243616080284118, eval loss: [NA]
Epoch: 27, loss: 13.24502124786377, eval loss: [NA]
Epoch: 28, loss: 13.250543375015258, eval loss: [NA]
Epoch: 29, loss: 13.246704325675964, eval loss: [NA]
Iteration: 3
start update likelihood model
Epoch: 0, loss: 10.10812795162201, eval loss: [NA]
Epoch: 1, loss: 10.090263929367065, eval loss: [NA]
Epoch: 2, loss: 10.084678401947022, eval loss: [NA]
Epoch: 3, loss: 10.074014530181884, eval loss: [NA]
Epoch: 4, loss: 10.065010929107666, eval loss: [NA]
Epoch: 5, loss: 10.07408941745758, eval loss: [NA]
Epoch: 6, loss: 10.066308488845825, eval loss: [NA]
Epoch: 7, loss: 10.07310341835022, eval loss: [NA]
Epoch: 8, loss: 10.05365698337555, eval loss: [NA]
Epoch: 9, loss: 10.063610978126526, eval loss: [NA]
Epoch: 10, loss: 10.056318850517274, eval loss: [NA]
Epoch: 11, loss: 10.053232259750366, eval loss: [NA]
Epoch: 12, loss: 10.055931792259216, eval loss: [NA]
Epoch: 13, loss: 10.056874027252197, eval loss: [NA]
Epoch: 14, loss: 10.049651370048522, eval loss: [NA]
Epoch: 15, loss: 10.056025619506835, eval loss: [NA]
Epoch: 16, loss: 10.052524185180664, eval loss: [NA]
Epoch: 17, loss: 10.04939377784729, eval loss: [NA]
Epoch: 18, loss: 10.041882967948913, eval loss: [NA]
Epoch: 19, loss: 10.047607836723328, eval loss: [NA]
Epoch: 20, loss: 10.04779236316681, eval loss: [NA]
Epoch: 21, loss: 10.039145755767823, eval loss: [NA]
Epoch: 22, loss: 10.032637596130371, eval loss: [NA]
Epoch: 23, loss: 10.044730129241943, eval loss: [NA]
Epoch: 24, loss: 10.035839104652405, eval loss: [NA]
Epoch: 25, loss: 10.034314703941345, eval loss: [NA]
Epoch: 26, loss: 10.034129114151002, eval loss: [NA]
Epoch: 27, loss: 10.02989951133728, eval loss: [NA]
Epoch: 28, loss: 10.013811883926392, eval loss: [NA]
Epoch: 29, loss: 10.028282427787781, eval loss: [NA]
start update posterior model
Epoch: 0, loss: 13.379861288070678, eval loss: [NA]
Epoch: 1, loss: 13.375836329460144, eval loss: [NA]
Epoch: 2, loss: 13.375281867980958, eval loss: [NA]
Epoch: 3, loss: 13.379206867218018, eval loss: [NA]
Epoch: 4, loss: 13.370847702026367, eval loss: [NA]
Epoch: 5, loss: 13.36985176563263, eval loss: [NA]
Epoch: 6, loss: 13.377750611305236, eval loss: [NA]
Epoch: 7, loss: 13.37306839466095, eval loss: [NA]
Epoch: 8, loss: 13.370405735969543, eval loss: [NA]
Epoch: 9, loss: 13.371639857292175, eval loss: [NA]
Epoch: 10, loss: 13.368469610214234, eval loss: [NA]
Epoch: 11, loss: 13.372718572616577, eval loss: [NA]
Epoch: 12, loss: 13.371813445091247, eval loss: [NA]
Epoch: 13, loss: 13.372024931907653, eval loss: [NA]
Epoch: 14, loss: 13.370224423408509, eval loss: [NA]
Epoch: 15, loss: 13.374462156295776, eval loss: [NA]
Epoch: 16, loss: 13.368415575027466, eval loss: [NA]
Epoch: 17, loss: 13.375561861991882, eval loss: [NA]
Epoch: 18, loss: 13.371424655914307, eval loss: [NA]
Epoch: 19, loss: 13.371476292610168, eval loss: [NA]
Epoch: 20, loss: 13.37558506011963, eval loss: [NA]
Epoch: 21, loss: 13.37056917667389, eval loss: [NA]
Epoch: 22, loss: 13.371611986160278, eval loss: [NA]
Epoch: 23, loss: 13.367284336090087, eval loss: [NA]
Epoch: 24, loss: 13.37000874042511, eval loss: [NA]
Epoch: 25, loss: 13.37292474269867, eval loss: [NA]
Epoch: 26, loss: 13.373969826698303, eval loss: [NA]
Epoch: 27, loss: 13.37314253807068, eval loss: [NA]
Epoch: 28, loss: 13.372355704307557, eval loss: [NA]
Epoch: 29, loss: 13.374579248428345, eval loss: [NA]
Iteration: 4
start update likelihood model
Epoch: 0, loss: 10.103092722892761, eval loss: [NA]
Epoch: 1, loss: 10.085758285522461, eval loss: [NA]
Epoch: 2, loss: 10.075403671264649, eval loss: [NA]
Epoch: 3, loss: 10.069067974090576, eval loss: [NA]
Epoch: 4, loss: 10.078738856315614, eval loss: [NA]
Epoch: 5, loss: 10.06736300945282, eval loss: [NA]
Epoch: 6, loss: 10.06529543876648, eval loss: [NA]
Epoch: 7, loss: 10.065447964668273, eval loss: [NA]
Epoch: 8, loss: 10.059157133102417, eval loss: [NA]
Epoch: 9, loss: 10.049791369438172, eval loss: [NA]
Epoch: 10, loss: 10.06012746334076, eval loss: [NA]
Epoch: 11, loss: 10.058642129898072, eval loss: [NA]
Epoch: 12, loss: 10.048747119903565, eval loss: [NA]
Epoch: 13, loss: 10.053054990768432, eval loss: [NA]
Epoch: 14, loss: 10.06125440120697, eval loss: [NA]
Epoch: 15, loss: 10.050586128234864, eval loss: [NA]
Epoch: 16, loss: 10.049128484725951, eval loss: [NA]
Epoch: 17, loss: 10.048738150596618, eval loss: [NA]
Epoch: 18, loss: 10.050374431610107, eval loss: [NA]
Epoch: 19, loss: 10.03932792186737, eval loss: [NA]
Epoch: 20, loss: 10.041566743850709, eval loss: [NA]
Epoch: 21, loss: 10.04433717250824, eval loss: [NA]
Epoch: 22, loss: 10.045201668739319, eval loss: [NA]
Epoch: 23, loss: 10.03549437046051, eval loss: [NA]
Epoch: 24, loss: 10.044278321266175, eval loss: [NA]
Epoch: 25, loss: 10.036256370544434, eval loss: [NA]
Epoch: 26, loss: 10.034568428993225, eval loss: [NA]
Epoch: 27, loss: 10.03216079235077, eval loss: [NA]
Epoch: 28, loss: 10.029693875312805, eval loss: [NA]
Epoch: 29, loss: 10.026983666419984, eval loss: [NA]
start update posterior model
Epoch: 0, loss: 13.244482550621033, eval loss: [NA]
Epoch: 1, loss: 13.239372754096985, eval loss: [NA]
Epoch: 2, loss: 13.237014021873474, eval loss: [NA]
Epoch: 3, loss: 13.242920346260071, eval loss: [NA]
Epoch: 4, loss: 13.236973886489869, eval loss: [NA]
Epoch: 5, loss: 13.239429745674133, eval loss: [NA]
Epoch: 6, loss: 13.237127094268798, eval loss: [NA]
Epoch: 7, loss: 13.238441462516784, eval loss: [NA]
Epoch: 8, loss: 13.24076910495758, eval loss: [NA]
Epoch: 9, loss: 13.23775656223297, eval loss: [NA]
Epoch: 10, loss: 13.237238893508911, eval loss: [NA]
Epoch: 11, loss: 13.23860517501831, eval loss: [NA]
Epoch: 12, loss: 13.23863480091095, eval loss: [NA]
Epoch: 13, loss: 13.234947772026063, eval loss: [NA]
Epoch: 14, loss: 13.237009615898133, eval loss: [NA]
Epoch: 15, loss: 13.233415904045104, eval loss: [NA]
Epoch: 16, loss: 13.24539360523224, eval loss: [NA]
Epoch: 17, loss: 13.235631031990051, eval loss: [NA]
Epoch: 18, loss: 13.239717469215392, eval loss: [NA]
Epoch: 19, loss: 13.23609977722168, eval loss: [NA]
Epoch: 20, loss: 13.238664274215699, eval loss: [NA]
Epoch: 21, loss: 13.23728545665741, eval loss: [NA]
Epoch: 22, loss: 13.237615442276, eval loss: [NA]
Epoch: 23, loss: 13.236423978805542, eval loss: [NA]
Epoch: 24, loss: 13.234376125335693, eval loss: [NA]
Epoch: 25, loss: 13.23747712135315, eval loss: [NA]
Epoch: 26, loss: 13.23571994781494, eval loss: [NA]
Epoch: 27, loss: 13.237571134567261, eval loss: [NA]
Epoch: 28, loss: 13.237330250740051, eval loss: [NA]
Epoch: 29, loss: 13.234701709747315, eval loss: [NA]

Runtime:592.56
[1.3169419013555802e+17, 0.0112, 0.0211, 0.0092]
[23270477824.0, 1.3459, 1.3992, 1.3811]
[2020262805504.0, 1.3727, 1.3838, 1.3832]
KL div untrained: 1.0997189265805334e+17
KL div trained: 0.0108
