Input args:
Dim: 2
seed: 48
seed_data: 10
/home/samwiq/snpla/seq-posterior-approx-w-nf-dev/mv_gaussian/low_dim_w_five_obs/lunarc
/home/samwiq/snpla/seq-posterior-approx-w-nf-dev
tensor(1.2423e+13, grad_fn=<MeanBackward0>)
tensor(8.2851e+12, grad_fn=<MeanBackward0>)
tensor([ 8.0561e+13, -2.1978e+12, -5.9059e+10,  1.1907e+02,  1.3991e+09,
         3.4974e+08,  1.2661e+07, -5.4057e+06,  4.8818e+05, -7.7056e+05],
       grad_fn=<MeanBackward1>)
tensor([1.3002e+15, 3.5845e+13, 1.2331e+12, 2.4558e+03, 2.3100e+10, 5.2831e+09,
        3.3042e+08, 6.7229e+07, 2.6701e+07, 1.2756e+07],
       grad_fn=<StdBackward1>)
tensor([ 3.4720, -4.3903,  1.4804, -5.4535,  3.4897, -3.3514,  3.5274, -3.7338,
         2.4864, -5.0301])
start full training
Iteration: 1
start update likelihood model
Epoch: 0, loss: 21.072516241073608, eval loss: [NA]
Epoch: 1, loss: 14.555849084854126, eval loss: [NA]
Epoch: 2, loss: 11.694019799232484, eval loss: [NA]
Epoch: 3, loss: 10.749895486831665, eval loss: [NA]
Epoch: 4, loss: 10.536929321289062, eval loss: [NA]
Epoch: 5, loss: 10.406967134475709, eval loss: [NA]
Epoch: 6, loss: 10.396608419418335, eval loss: [NA]
Epoch: 7, loss: 10.342352619171143, eval loss: [NA]
Epoch: 8, loss: 10.326568922996522, eval loss: [NA]
Epoch: 9, loss: 10.285395007133484, eval loss: [NA]
Epoch: 10, loss: 10.274731950759888, eval loss: [NA]
Epoch: 11, loss: 10.262732601165771, eval loss: [NA]
Epoch: 12, loss: 10.266098690032958, eval loss: [NA]
Epoch: 13, loss: 10.220204463005066, eval loss: [NA]
Epoch: 14, loss: 10.21319462776184, eval loss: [NA]
Epoch: 15, loss: 10.231851105690003, eval loss: [NA]
Epoch: 16, loss: 10.211823945045472, eval loss: [NA]
Epoch: 17, loss: 10.202197585105896, eval loss: [NA]
Epoch: 18, loss: 10.188880758285523, eval loss: [NA]
Epoch: 19, loss: 10.23656931400299, eval loss: [NA]
Epoch: 20, loss: 10.207917790412903, eval loss: [NA]
Epoch: 21, loss: 10.182988228797912, eval loss: [NA]
Epoch: 22, loss: 10.204465837478638, eval loss: [NA]
Epoch: 23, loss: 10.191828346252441, eval loss: [NA]
Epoch: 24, loss: 10.197543292045593, eval loss: [NA]
start update posterior model from prior pred - hot start
Epoch: 0, loss: 2.0722229453921317, eval loss: [NA]
Epoch: 1, loss: 0.9183325955271721, eval loss: [NA]
Epoch: 2, loss: 0.655992990359664, eval loss: [NA]
Epoch: 3, loss: 0.5939734411239624, eval loss: [NA]
Epoch: 4, loss: 0.5365378569811583, eval loss: [NA]
start update posterior model
Epoch: 0, loss: 15.362508296966553, eval loss: [NA]
Epoch: 1, loss: 15.089844660758972, eval loss: [NA]
Epoch: 2, loss: 15.040705704689026, eval loss: [NA]
Epoch: 3, loss: 15.043259868621826, eval loss: [NA]
Epoch: 4, loss: 15.052080440521241, eval loss: [NA]
Epoch: 5, loss: 15.050093598365784, eval loss: [NA]
Epoch: 6, loss: 15.054591245651245, eval loss: [NA]
Epoch: 7, loss: 15.078315830230713, eval loss: [NA]
Epoch: 8, loss: 15.030959458351136, eval loss: [NA]
Epoch: 9, loss: 15.026272048950196, eval loss: [NA]
Epoch: 10, loss: 15.051205081939697, eval loss: [NA]
Epoch: 11, loss: 15.030126614570618, eval loss: [NA]
Epoch: 12, loss: 15.061884565353393, eval loss: [NA]
Epoch: 13, loss: 15.038432488441467, eval loss: [NA]
Epoch: 14, loss: 15.022175817489623, eval loss: [NA]
Epoch: 15, loss: 15.030362768173218, eval loss: [NA]
Epoch: 16, loss: 15.049474234580993, eval loss: [NA]
Epoch: 17, loss: 15.033614139556885, eval loss: [NA]
Epoch: 18, loss: 15.028218007087707, eval loss: [NA]
Epoch: 19, loss: 15.021126766204834, eval loss: [NA]
Epoch: 20, loss: 15.018269038200378, eval loss: [NA]
Epoch: 21, loss: 15.035465664863587, eval loss: [NA]
Epoch: 22, loss: 15.012862272262574, eval loss: [NA]
Epoch: 23, loss: 15.014673743247986, eval loss: [NA]
Epoch: 24, loss: 15.015580177307129, eval loss: [NA]
Epoch: 25, loss: 15.021815481185913, eval loss: [NA]
Epoch: 26, loss: 15.02487593650818, eval loss: [NA]
Epoch: 27, loss: 15.053175020217896, eval loss: [NA]
Epoch: 28, loss: 15.056403636932373, eval loss: [NA]
Epoch: 29, loss: 15.006675062179566, eval loss: [NA]
Iteration: 2
start update likelihood model
Epoch: 0, loss: 10.44019416809082, eval loss: [NA]
Epoch: 1, loss: 10.331394677162171, eval loss: [NA]
Epoch: 2, loss: 10.262653050422669, eval loss: [NA]
Epoch: 3, loss: 10.259604110717774, eval loss: [NA]
Epoch: 4, loss: 10.245059208869934, eval loss: [NA]
Epoch: 5, loss: 10.211707515716553, eval loss: [NA]
Epoch: 6, loss: 10.200639324188232, eval loss: [NA]
Epoch: 7, loss: 10.207914934158325, eval loss: [NA]
Epoch: 8, loss: 10.234923286437988, eval loss: [NA]
Epoch: 9, loss: 10.23113383769989, eval loss: [NA]
Epoch: 10, loss: 10.237411456108093, eval loss: [NA]
Epoch: 11, loss: 10.181823525428772, eval loss: [NA]
Epoch: 12, loss: 10.183409032821656, eval loss: [NA]
Epoch: 13, loss: 10.171860070228577, eval loss: [NA]
Epoch: 14, loss: 10.189788279533387, eval loss: [NA]
Epoch: 15, loss: 10.205068173408508, eval loss: [NA]
Epoch: 16, loss: 10.17680561542511, eval loss: [NA]
Epoch: 17, loss: 10.20238576412201, eval loss: [NA]
Epoch: 18, loss: 10.175188755989074, eval loss: [NA]
Epoch: 19, loss: 10.181809968948365, eval loss: [NA]
Epoch: 20, loss: 10.189596786499024, eval loss: [NA]
Epoch: 21, loss: 10.168322186470032, eval loss: [NA]
Epoch: 22, loss: 10.191608963012696, eval loss: [NA]
Epoch: 23, loss: 10.177288942337036, eval loss: [NA]
Epoch: 24, loss: 10.175507378578185, eval loss: [NA]
Epoch: 25, loss: 10.187554936408997, eval loss: [NA]
Epoch: 26, loss: 10.185734796524049, eval loss: [NA]
Epoch: 27, loss: 10.156188087463379, eval loss: [NA]
Epoch: 28, loss: 10.161734409332276, eval loss: [NA]
Epoch: 29, loss: 10.172210993766784, eval loss: [NA]
start update posterior model
Epoch: 0, loss: 16.350132169723512, eval loss: [NA]
Epoch: 1, loss: 16.343995180130005, eval loss: [NA]
Epoch: 2, loss: 16.33698178291321, eval loss: [NA]
Epoch: 3, loss: 16.345683612823485, eval loss: [NA]
Epoch: 4, loss: 16.369562215805054, eval loss: [NA]
Epoch: 5, loss: 16.33334885597229, eval loss: [NA]
Epoch: 6, loss: 16.336290855407714, eval loss: [NA]
Epoch: 7, loss: 16.3329522895813, eval loss: [NA]
Epoch: 8, loss: 16.3424151802063, eval loss: [NA]
Epoch: 9, loss: 16.33921414375305, eval loss: [NA]
Epoch: 10, loss: 16.35321455001831, eval loss: [NA]
Epoch: 11, loss: 16.341813735961914, eval loss: [NA]
Epoch: 12, loss: 16.333711042404175, eval loss: [NA]
Epoch: 13, loss: 16.34430874824524, eval loss: [NA]
Epoch: 14, loss: 16.344320735931397, eval loss: [NA]
Epoch: 15, loss: 16.35725058555603, eval loss: [NA]
Epoch: 16, loss: 16.34094425201416, eval loss: [NA]
Epoch: 17, loss: 16.33722267150879, eval loss: [NA]
Epoch: 18, loss: 16.336372785568237, eval loss: [NA]
Epoch: 19, loss: 16.34961869239807, eval loss: [NA]
Epoch: 20, loss: 16.34857045173645, eval loss: [NA]
Epoch: 21, loss: 16.333925352096557, eval loss: [NA]
Epoch: 22, loss: 16.326771745681764, eval loss: [NA]
Epoch: 23, loss: 16.34472798347473, eval loss: [NA]
Epoch: 24, loss: 16.33014281272888, eval loss: [NA]
Epoch: 25, loss: 16.3331880569458, eval loss: [NA]
Epoch: 26, loss: 16.351555395126343, eval loss: [NA]
Epoch: 27, loss: 16.345227031707765, eval loss: [NA]
Epoch: 28, loss: 16.33861939430237, eval loss: [NA]
Epoch: 29, loss: 16.331575498580932, eval loss: [NA]
Iteration: 3
start update likelihood model
Epoch: 0, loss: 10.228765969276429, eval loss: [NA]
Epoch: 1, loss: 10.21432897567749, eval loss: [NA]
Epoch: 2, loss: 10.186522746086121, eval loss: [NA]
Epoch: 3, loss: 10.196542501449585, eval loss: [NA]
Epoch: 4, loss: 10.194539771080017, eval loss: [NA]
Epoch: 5, loss: 10.178153009414673, eval loss: [NA]
Epoch: 6, loss: 10.181702136993408, eval loss: [NA]
Epoch: 7, loss: 10.193914742469788, eval loss: [NA]
Epoch: 8, loss: 10.173955936431884, eval loss: [NA]
Epoch: 9, loss: 10.19108615398407, eval loss: [NA]
Epoch: 10, loss: 10.1978045463562, eval loss: [NA]
Epoch: 11, loss: 10.172918076515197, eval loss: [NA]
Epoch: 12, loss: 10.173355741500854, eval loss: [NA]
Epoch: 13, loss: 10.17525194644928, eval loss: [NA]
Epoch: 14, loss: 10.176430802345276, eval loss: [NA]
Epoch: 15, loss: 10.18023290157318, eval loss: [NA]
Epoch: 16, loss: 10.181765871047974, eval loss: [NA]
Epoch: 17, loss: 10.162780990600586, eval loss: [NA]
Epoch: 18, loss: 10.157640013694763, eval loss: [NA]
Epoch: 19, loss: 10.162564840316772, eval loss: [NA]
Epoch: 20, loss: 10.162742376327515, eval loss: [NA]
Epoch: 21, loss: 10.141128287315368, eval loss: [NA]
Epoch: 22, loss: 10.163152084350585, eval loss: [NA]
Epoch: 23, loss: 10.144001660346985, eval loss: [NA]
Epoch: 24, loss: 10.150895562171936, eval loss: [NA]
Epoch: 25, loss: 10.138850646018982, eval loss: [NA]
Epoch: 26, loss: 10.14848469734192, eval loss: [NA]
Epoch: 27, loss: 10.151474285125733, eval loss: [NA]
Epoch: 28, loss: 10.14306001663208, eval loss: [NA]
Epoch: 29, loss: 10.164839816093444, eval loss: [NA]
start update posterior model
Epoch: 0, loss: 16.01238633155823, eval loss: [NA]
Epoch: 1, loss: 16.006134271621704, eval loss: [NA]
Epoch: 2, loss: 16.00683864593506, eval loss: [NA]
Epoch: 3, loss: 16.01431128025055, eval loss: [NA]
Epoch: 4, loss: 16.00742777824402, eval loss: [NA]
Epoch: 5, loss: 16.00942395210266, eval loss: [NA]
Epoch: 6, loss: 16.014994916915892, eval loss: [NA]
Epoch: 7, loss: 15.997580771446229, eval loss: [NA]
Epoch: 8, loss: 16.020217218399047, eval loss: [NA]
Epoch: 9, loss: 15.993205456733703, eval loss: [NA]
Epoch: 10, loss: 16.013217816352846, eval loss: [NA]
Epoch: 11, loss: 16.012122883796692, eval loss: [NA]
Epoch: 12, loss: 16.00644905090332, eval loss: [NA]
Epoch: 13, loss: 16.00150855064392, eval loss: [NA]
Epoch: 14, loss: 16.01584592819214, eval loss: [NA]
Epoch: 15, loss: 16.009386558532714, eval loss: [NA]
Epoch: 16, loss: 16.009462509155274, eval loss: [NA]
Epoch: 17, loss: 16.020120315551758, eval loss: [NA]
Epoch: 18, loss: 16.010294919013976, eval loss: [NA]
Epoch: 19, loss: 16.010045132637025, eval loss: [NA]
Epoch: 20, loss: 16.004037294387818, eval loss: [NA]
Epoch: 21, loss: 16.008058538436888, eval loss: [NA]
Epoch: 22, loss: 16.007564225196838, eval loss: [NA]
Epoch: 23, loss: 16.002630095481873, eval loss: [NA]
Epoch: 24, loss: 15.994229464530944, eval loss: [NA]
Epoch: 25, loss: 16.00663631439209, eval loss: [NA]
Epoch: 26, loss: 16.00053156375885, eval loss: [NA]
Epoch: 27, loss: 16.004100666046142, eval loss: [NA]
Epoch: 28, loss: 15.99978238582611, eval loss: [NA]
Epoch: 29, loss: 16.00826238155365, eval loss: [NA]
Iteration: 4
start update likelihood model
Epoch: 0, loss: 10.1153333234787, eval loss: [NA]
Epoch: 1, loss: 10.12147973060608, eval loss: [NA]
Epoch: 2, loss: 10.134802508354188, eval loss: [NA]
Epoch: 3, loss: 10.110637311935426, eval loss: [NA]
Epoch: 4, loss: 10.097905097007752, eval loss: [NA]
Epoch: 5, loss: 10.081947121620178, eval loss: [NA]
Epoch: 6, loss: 10.099035897254943, eval loss: [NA]
Epoch: 7, loss: 10.090487122535706, eval loss: [NA]
Epoch: 8, loss: 10.104779138565064, eval loss: [NA]
Epoch: 9, loss: 10.081785521507264, eval loss: [NA]
Epoch: 10, loss: 10.08699381351471, eval loss: [NA]
Epoch: 11, loss: 10.091390619277954, eval loss: [NA]
Epoch: 12, loss: 10.07053331375122, eval loss: [NA]
Epoch: 13, loss: 10.084504890441895, eval loss: [NA]
Epoch: 14, loss: 10.081772184371948, eval loss: [NA]
Epoch: 15, loss: 10.090453372001647, eval loss: [NA]
Epoch: 16, loss: 10.073201684951782, eval loss: [NA]
Epoch: 17, loss: 10.081105809211731, eval loss: [NA]
Epoch: 18, loss: 10.088638401031494, eval loss: [NA]
Epoch: 19, loss: 10.086661038398743, eval loss: [NA]
Epoch: 20, loss: 10.065299873352052, eval loss: [NA]
Epoch: 21, loss: 10.090556077957153, eval loss: [NA]
Epoch: 22, loss: 10.084621748924256, eval loss: [NA]
Epoch: 23, loss: 10.07698649406433, eval loss: [NA]
Epoch: 24, loss: 10.071582407951356, eval loss: [NA]
Epoch: 25, loss: 10.08106876373291, eval loss: [NA]
Epoch: 26, loss: 10.08309895992279, eval loss: [NA]
Epoch: 27, loss: 10.064224338531494, eval loss: [NA]
Epoch: 28, loss: 10.074004406929015, eval loss: [NA]
Epoch: 29, loss: 10.069315881729127, eval loss: [NA]
start update posterior model
Epoch: 0, loss: 15.504342861175537, eval loss: [NA]
Epoch: 1, loss: 15.495740909576416, eval loss: [NA]
Epoch: 2, loss: 15.512160058021545, eval loss: [NA]
Epoch: 3, loss: 15.501145796775818, eval loss: [NA]
Epoch: 4, loss: 15.492507061958314, eval loss: [NA]
Epoch: 5, loss: 15.495425190925598, eval loss: [NA]
Epoch: 6, loss: 15.500134568214417, eval loss: [NA]
Epoch: 7, loss: 15.499108562469482, eval loss: [NA]
Epoch: 8, loss: 15.50067099094391, eval loss: [NA]
Epoch: 9, loss: 15.491842832565307, eval loss: [NA]
Epoch: 10, loss: 15.492295269966126, eval loss: [NA]
Epoch: 11, loss: 15.49887981891632, eval loss: [NA]
Epoch: 12, loss: 15.500105504989625, eval loss: [NA]
Epoch: 13, loss: 15.491515574455262, eval loss: [NA]
Epoch: 14, loss: 15.50815052986145, eval loss: [NA]
Epoch: 15, loss: 15.498612136840821, eval loss: [NA]
Epoch: 16, loss: 15.49096317768097, eval loss: [NA]
Epoch: 17, loss: 15.505307145118714, eval loss: [NA]
Epoch: 18, loss: 15.497102971076965, eval loss: [NA]
Epoch: 19, loss: 15.494864583015442, eval loss: [NA]
Epoch: 20, loss: 15.490332741737365, eval loss: [NA]
Epoch: 21, loss: 15.491400938034058, eval loss: [NA]
Epoch: 22, loss: 15.491521878242493, eval loss: [NA]
Epoch: 23, loss: 15.510741443634034, eval loss: [NA]
Epoch: 24, loss: 15.498689942359924, eval loss: [NA]
Epoch: 25, loss: 15.492967610359193, eval loss: [NA]
Epoch: 26, loss: 15.50245011329651, eval loss: [NA]
Epoch: 27, loss: 15.493920340538025, eval loss: [NA]
Epoch: 28, loss: 15.499559750556946, eval loss: [NA]
Epoch: 29, loss: 15.490686416625977, eval loss: [NA]

Runtime:579.19
[1.1379551151769376e+23, 0.0202, 0.0226, 0.0298]
[8285120888832.0, 1.329, 1.2653, 1.2409]
[12423017791488.0, 1.4008, 1.398, 1.3695]
KL div untrained: 1.1462936323636011e+23
KL div trained: 0.0187
