Input args:
Dim: 2
seed: 16
seed_data: 10
/home/samwiq/spa/seq-posterior-approx-w-nf-dev/mv_gaussian/low_dim_w_five_obs/lunarc
/home/samwiq/spa/seq-posterior-approx-w-nf-dev
tensor(3.6189e+12, grad_fn=<MeanBackward0>)
tensor(4.5501e+10, grad_fn=<MeanBackward0>)
tensor([ 4.4259e+11, -1.1507e+10,  7.0192e+07,  1.1917e+02,  6.3605e+04,
         1.2771e+07,  5.3154e+06, -1.6625e+05,  4.0091e+05,  2.8513e+01],
       grad_fn=<MeanBackward1>)
tensor([9.2733e+12, 2.5530e+11, 1.6034e+10, 2.0406e+03, 1.2808e+06, 3.5156e+08,
        1.1895e+08, 4.5760e+06, 9.3329e+06, 8.4779e+02],
       grad_fn=<StdBackward1>)
tensor([-1.1362,  2.2568, -0.1356,  2.5959, -0.4070,  1.8970, -1.7796,  1.1977,
         0.0109,  3.0982])
start full training
Iteration: 1
start update likelihood model
Epoch: 0, loss: 19.945827317237853, eval loss: [NA]
Epoch: 1, loss: 13.686066842079162, eval loss: [NA]
Epoch: 2, loss: 11.465822763442993, eval loss: [NA]
Epoch: 3, loss: 10.633029670715333, eval loss: [NA]
Epoch: 4, loss: 10.53319866657257, eval loss: [NA]
Epoch: 5, loss: 10.471179099082947, eval loss: [NA]
Epoch: 6, loss: 10.38792315006256, eval loss: [NA]
Epoch: 7, loss: 10.366298112869263, eval loss: [NA]
Epoch: 8, loss: 10.3152885389328, eval loss: [NA]
Epoch: 9, loss: 10.336195087432861, eval loss: [NA]
Epoch: 10, loss: 10.32746880531311, eval loss: [NA]
Epoch: 11, loss: 10.295216708183288, eval loss: [NA]
Epoch: 12, loss: 10.286885991096497, eval loss: [NA]
Epoch: 13, loss: 10.293075928688049, eval loss: [NA]
Epoch: 14, loss: 10.270507531166077, eval loss: [NA]
Epoch: 15, loss: 10.264885630607605, eval loss: [NA]
Epoch: 16, loss: 10.252463126182557, eval loss: [NA]
Epoch: 17, loss: 10.262957916259765, eval loss: [NA]
Epoch: 18, loss: 10.257481679916381, eval loss: [NA]
Epoch: 19, loss: 10.249318852424622, eval loss: [NA]
Epoch: 20, loss: 10.249179124832153, eval loss: [NA]
Epoch: 21, loss: 10.240089359283447, eval loss: [NA]
Epoch: 22, loss: 10.235419001579285, eval loss: [NA]
Epoch: 23, loss: 10.21206913948059, eval loss: [NA]
Epoch: 24, loss: 10.224903202056884, eval loss: [NA]
start update posterior model from prior pred - hot start
Epoch: 0, loss: 2.189578337967396, eval loss: [NA]
Epoch: 1, loss: 0.9082291381061077, eval loss: [NA]
Epoch: 2, loss: 0.6723212622106075, eval loss: [NA]
Epoch: 3, loss: 0.581065828576684, eval loss: [NA]
Epoch: 4, loss: 0.559605291634798, eval loss: [NA]
start update posterior model
Epoch: 0, loss: 13.127606768608093, eval loss: [NA]
Epoch: 1, loss: 13.158639154434205, eval loss: [NA]
Epoch: 2, loss: 13.124717683792115, eval loss: [NA]
Epoch: 3, loss: 13.123602361679078, eval loss: [NA]
Epoch: 4, loss: 13.140870323181153, eval loss: [NA]
Epoch: 5, loss: 13.13068850517273, eval loss: [NA]
Epoch: 6, loss: 13.138240118026733, eval loss: [NA]
Epoch: 7, loss: 13.118892107009888, eval loss: [NA]
Epoch: 8, loss: 13.119146347045898, eval loss: [NA]
Epoch: 9, loss: 13.119818148612977, eval loss: [NA]
Epoch: 10, loss: 13.119948916435241, eval loss: [NA]
Epoch: 11, loss: 13.117431073188781, eval loss: [NA]
Epoch: 12, loss: 13.123463768959045, eval loss: [NA]
Epoch: 13, loss: 13.121726083755494, eval loss: [NA]
Epoch: 14, loss: 13.116788992881775, eval loss: [NA]
Epoch: 15, loss: 13.125087413787842, eval loss: [NA]
Epoch: 16, loss: 13.122201685905457, eval loss: [NA]
Epoch: 17, loss: 13.11824074268341, eval loss: [NA]
Epoch: 18, loss: 13.122193508148193, eval loss: [NA]
Epoch: 19, loss: 13.119641151428223, eval loss: [NA]
Epoch: 20, loss: 13.119360098838806, eval loss: [NA]
Epoch: 21, loss: 13.113108706474303, eval loss: [NA]
Epoch: 22, loss: 13.119999275207519, eval loss: [NA]
Epoch: 23, loss: 13.116664881706237, eval loss: [NA]
Epoch: 24, loss: 13.114748606681824, eval loss: [NA]
Epoch: 25, loss: 13.126852746009826, eval loss: [NA]
Epoch: 26, loss: 13.11266212940216, eval loss: [NA]
Epoch: 27, loss: 13.11787052154541, eval loss: [NA]
Epoch: 28, loss: 13.11875654220581, eval loss: [NA]
Epoch: 29, loss: 13.107984113693238, eval loss: [NA]
Iteration: 2
start update likelihood model
Epoch: 0, loss: 10.171749539375305, eval loss: [NA]
Epoch: 1, loss: 10.136938381195069, eval loss: [NA]
Epoch: 2, loss: 10.132562098503113, eval loss: [NA]
Epoch: 3, loss: 10.13380756855011, eval loss: [NA]
Epoch: 4, loss: 10.139798645973206, eval loss: [NA]
Epoch: 5, loss: 10.126540451049804, eval loss: [NA]
Epoch: 6, loss: 10.129566707611083, eval loss: [NA]
Epoch: 7, loss: 10.128046827316284, eval loss: [NA]
Epoch: 8, loss: 10.131818151473999, eval loss: [NA]
Epoch: 9, loss: 10.141885323524475, eval loss: [NA]
Epoch: 10, loss: 10.125761332511901, eval loss: [NA]
Epoch: 11, loss: 10.109043884277344, eval loss: [NA]
Epoch: 12, loss: 10.134740576744079, eval loss: [NA]
Epoch: 13, loss: 10.11185667514801, eval loss: [NA]
Epoch: 14, loss: 10.11939437866211, eval loss: [NA]
Epoch: 15, loss: 10.124107446670532, eval loss: [NA]
Epoch: 16, loss: 10.112493076324462, eval loss: [NA]
Epoch: 17, loss: 10.117806901931763, eval loss: [NA]
Epoch: 18, loss: 10.116752562522889, eval loss: [NA]
Epoch: 19, loss: 10.103781447410583, eval loss: [NA]
Epoch: 20, loss: 10.117899255752564, eval loss: [NA]
Epoch: 21, loss: 10.115552597045898, eval loss: [NA]
Epoch: 22, loss: 10.11408826828003, eval loss: [NA]
Epoch: 23, loss: 10.107289180755615, eval loss: [NA]
Epoch: 24, loss: 10.105338702201843, eval loss: [NA]
Epoch: 25, loss: 10.103471031188965, eval loss: [NA]
Epoch: 26, loss: 10.105723037719727, eval loss: [NA]
Epoch: 27, loss: 10.098813791275024, eval loss: [NA]
Epoch: 28, loss: 10.106195731163025, eval loss: [NA]
Epoch: 29, loss: 10.102285823822022, eval loss: [NA]
start update posterior model
Epoch: 0, loss: 13.067864909172059, eval loss: [NA]
Epoch: 1, loss: 13.056250877380371, eval loss: [NA]
Epoch: 2, loss: 13.062459392547607, eval loss: [NA]
Epoch: 3, loss: 13.054534077644348, eval loss: [NA]
Epoch: 4, loss: 13.054039540290832, eval loss: [NA]
Epoch: 5, loss: 13.05517788887024, eval loss: [NA]
Epoch: 6, loss: 13.061579613685607, eval loss: [NA]
Epoch: 7, loss: 13.06725772380829, eval loss: [NA]
Epoch: 8, loss: 13.05320170879364, eval loss: [NA]
Epoch: 9, loss: 13.056855564117432, eval loss: [NA]
Epoch: 10, loss: 13.055992369651795, eval loss: [NA]
Epoch: 11, loss: 13.06424304485321, eval loss: [NA]
Epoch: 12, loss: 13.052025589942932, eval loss: [NA]
Epoch: 13, loss: 13.060162606239318, eval loss: [NA]
Epoch: 14, loss: 13.058845453262329, eval loss: [NA]
Epoch: 15, loss: 13.05362235546112, eval loss: [NA]
Epoch: 16, loss: 13.05539963722229, eval loss: [NA]
Epoch: 17, loss: 13.053122968673707, eval loss: [NA]
Epoch: 18, loss: 13.055650486946107, eval loss: [NA]
Epoch: 19, loss: 13.062187294960022, eval loss: [NA]
Epoch: 20, loss: 13.05615415096283, eval loss: [NA]
Epoch: 21, loss: 13.058934483528137, eval loss: [NA]
Epoch: 22, loss: 13.060042581558228, eval loss: [NA]
Epoch: 23, loss: 13.056114950180053, eval loss: [NA]
Epoch: 24, loss: 13.056268200874328, eval loss: [NA]
Epoch: 25, loss: 13.056238446235657, eval loss: [NA]
Epoch: 26, loss: 13.054914498329163, eval loss: [NA]
Epoch: 27, loss: 13.050668630599976, eval loss: [NA]
Epoch: 28, loss: 13.052646441459656, eval loss: [NA]
Epoch: 29, loss: 13.053290429115295, eval loss: [NA]
Iteration: 3
start update likelihood model
Epoch: 0, loss: 10.125367517471313, eval loss: [NA]
Epoch: 1, loss: 10.112160787582397, eval loss: [NA]
Epoch: 2, loss: 10.104723677635192, eval loss: [NA]
Epoch: 3, loss: 10.090359182357789, eval loss: [NA]
Epoch: 4, loss: 10.101226124763489, eval loss: [NA]
Epoch: 5, loss: 10.09917971611023, eval loss: [NA]
Epoch: 6, loss: 10.082964248657227, eval loss: [NA]
Epoch: 7, loss: 10.073522515296936, eval loss: [NA]
Epoch: 8, loss: 10.077005486488343, eval loss: [NA]
Epoch: 9, loss: 10.08314691066742, eval loss: [NA]
Epoch: 10, loss: 10.074540791511536, eval loss: [NA]
Epoch: 11, loss: 10.080679011344909, eval loss: [NA]
Epoch: 12, loss: 10.078760604858399, eval loss: [NA]
Epoch: 13, loss: 10.061834077835083, eval loss: [NA]
Epoch: 14, loss: 10.06955286026001, eval loss: [NA]
Epoch: 15, loss: 10.062624640464783, eval loss: [NA]
Epoch: 16, loss: 10.071770958900451, eval loss: [NA]
Epoch: 17, loss: 10.069305396080017, eval loss: [NA]
Epoch: 18, loss: 10.057797574996949, eval loss: [NA]
Epoch: 19, loss: 10.059340653419495, eval loss: [NA]
Epoch: 20, loss: 10.055115008354187, eval loss: [NA]
Epoch: 21, loss: 10.051759114265442, eval loss: [NA]
Epoch: 22, loss: 10.051806092262268, eval loss: [NA]
Epoch: 23, loss: 10.060114254951477, eval loss: [NA]
Epoch: 24, loss: 10.06342574119568, eval loss: [NA]
Epoch: 25, loss: 10.049181137084961, eval loss: [NA]
Epoch: 26, loss: 10.054903316497803, eval loss: [NA]
Epoch: 27, loss: 10.047137494087218, eval loss: [NA]
Epoch: 28, loss: 10.05887418270111, eval loss: [NA]
Epoch: 29, loss: 10.044328970909119, eval loss: [NA]
start update posterior model
Epoch: 0, loss: 13.331608104705811, eval loss: [NA]
Epoch: 1, loss: 13.324589533805847, eval loss: [NA]
Epoch: 2, loss: 13.323214268684387, eval loss: [NA]
Epoch: 3, loss: 13.32593035697937, eval loss: [NA]
Epoch: 4, loss: 13.325826869010925, eval loss: [NA]
Epoch: 5, loss: 13.328175430297852, eval loss: [NA]
Epoch: 6, loss: 13.323995685577392, eval loss: [NA]
Epoch: 7, loss: 13.327309336662292, eval loss: [NA]
Epoch: 8, loss: 13.326251392364503, eval loss: [NA]
Epoch: 9, loss: 13.321467871665954, eval loss: [NA]
Epoch: 10, loss: 13.323443551063537, eval loss: [NA]
Epoch: 11, loss: 13.326906123161315, eval loss: [NA]
Epoch: 12, loss: 13.32077615737915, eval loss: [NA]
Epoch: 13, loss: 13.325985383987426, eval loss: [NA]
Epoch: 14, loss: 13.322146654129028, eval loss: [NA]
Epoch: 15, loss: 13.32350067615509, eval loss: [NA]
Epoch: 16, loss: 13.320003089904786, eval loss: [NA]
Epoch: 17, loss: 13.325628957748414, eval loss: [NA]
Epoch: 18, loss: 13.326142692565918, eval loss: [NA]
Epoch: 19, loss: 13.322429366111756, eval loss: [NA]
Epoch: 20, loss: 13.323619241714477, eval loss: [NA]
Epoch: 21, loss: 13.324196462631226, eval loss: [NA]
Epoch: 22, loss: 13.322047967910766, eval loss: [NA]
Epoch: 23, loss: 13.317899112701417, eval loss: [NA]
Epoch: 24, loss: 13.318140654563903, eval loss: [NA]
Epoch: 25, loss: 13.326519284248352, eval loss: [NA]
Epoch: 26, loss: 13.317064208984375, eval loss: [NA]
Epoch: 27, loss: 13.316169981956483, eval loss: [NA]
Epoch: 28, loss: 13.323981471061707, eval loss: [NA]
Epoch: 29, loss: 13.320844902992249, eval loss: [NA]
Iteration: 4
start update likelihood model
Epoch: 0, loss: 10.083320083618164, eval loss: [NA]
Epoch: 1, loss: 10.06128074169159, eval loss: [NA]
Epoch: 2, loss: 10.05921052455902, eval loss: [NA]
Epoch: 3, loss: 10.054330172538757, eval loss: [NA]
Epoch: 4, loss: 10.049545512199401, eval loss: [NA]
Epoch: 5, loss: 10.051626625061035, eval loss: [NA]
Epoch: 6, loss: 10.050691165924071, eval loss: [NA]
Epoch: 7, loss: 10.042240076065063, eval loss: [NA]
Epoch: 8, loss: 10.039341173171998, eval loss: [NA]
Epoch: 9, loss: 10.043532762527466, eval loss: [NA]
Epoch: 10, loss: 10.044980182647706, eval loss: [NA]
Epoch: 11, loss: 10.035104713439942, eval loss: [NA]
Epoch: 12, loss: 10.038849062919617, eval loss: [NA]
Epoch: 13, loss: 10.034790496826172, eval loss: [NA]
Epoch: 14, loss: 10.0443883228302, eval loss: [NA]
Epoch: 15, loss: 10.038456892967224, eval loss: [NA]
Epoch: 16, loss: 10.031939177513122, eval loss: [NA]
Epoch: 17, loss: 10.031292762756348, eval loss: [NA]
Epoch: 18, loss: 10.043668308258056, eval loss: [NA]
Epoch: 19, loss: 10.028882575035095, eval loss: [NA]
Epoch: 20, loss: 10.027553067207336, eval loss: [NA]
Epoch: 21, loss: 10.027907681465148, eval loss: [NA]
Epoch: 22, loss: 10.042213368415833, eval loss: [NA]
Epoch: 23, loss: 10.024578609466552, eval loss: [NA]
Epoch: 24, loss: 10.02402205467224, eval loss: [NA]
Epoch: 25, loss: 10.025157446861266, eval loss: [NA]
Epoch: 26, loss: 10.018015637397767, eval loss: [NA]
Epoch: 27, loss: 10.02118703365326, eval loss: [NA]
Epoch: 28, loss: 10.031164698600769, eval loss: [NA]
Epoch: 29, loss: 10.021301379203797, eval loss: [NA]
start update posterior model
Epoch: 0, loss: 13.509411273002625, eval loss: [NA]
Epoch: 1, loss: 13.507633657455445, eval loss: [NA]
Epoch: 2, loss: 13.512513179779052, eval loss: [NA]
Epoch: 3, loss: 13.507503261566162, eval loss: [NA]
Epoch: 4, loss: 13.50966148376465, eval loss: [NA]
Epoch: 5, loss: 13.504462413787842, eval loss: [NA]
Epoch: 6, loss: 13.508757410049439, eval loss: [NA]
Epoch: 7, loss: 13.510646719932556, eval loss: [NA]
Epoch: 8, loss: 13.50839409351349, eval loss: [NA]
Epoch: 9, loss: 13.50598747253418, eval loss: [NA]
Epoch: 10, loss: 13.504946875572205, eval loss: [NA]
Epoch: 11, loss: 13.505784916877747, eval loss: [NA]
Epoch: 12, loss: 13.505714902877807, eval loss: [NA]
Epoch: 13, loss: 13.51243456363678, eval loss: [NA]
Epoch: 14, loss: 13.508251280784608, eval loss: [NA]
Epoch: 15, loss: 13.510148148536683, eval loss: [NA]
Epoch: 16, loss: 13.510546860694886, eval loss: [NA]
Epoch: 17, loss: 13.502652730941772, eval loss: [NA]
Epoch: 18, loss: 13.503987154960633, eval loss: [NA]
Epoch: 19, loss: 13.50438760280609, eval loss: [NA]
Epoch: 20, loss: 13.505834836959838, eval loss: [NA]
Epoch: 21, loss: 13.506607704162597, eval loss: [NA]
Epoch: 22, loss: 13.508772139549256, eval loss: [NA]
Epoch: 23, loss: 13.504185137748719, eval loss: [NA]
Epoch: 24, loss: 13.505239357948303, eval loss: [NA]
Epoch: 25, loss: 13.503187909126282, eval loss: [NA]
Epoch: 26, loss: 13.505023036003113, eval loss: [NA]
Epoch: 27, loss: 13.504670848846436, eval loss: [NA]
Epoch: 28, loss: 13.503664426803589, eval loss: [NA]
Epoch: 29, loss: 13.50609534740448, eval loss: [NA]

Runtime:604.37
[53661759194.0535, 0.0103, 0.0093, 0.0068]
[45500694528.0, 1.1736, 1.1212, 1.1236]
[3618868035584.0, 1.3975, 1.3451, 1.3809]
KL div untrained: 51856678343.7454
KL div trained: 0.0057
