Input args:
Dim: 2
seed: 25
seed_data: 10
/home/samwiq/spa/seq-posterior-approx-w-nf-dev/mv_gaussian/low_dim_w_five_obs/lunarc
/home/samwiq/spa/seq-posterior-approx-w-nf-dev
tensor(2.5711e+13, grad_fn=<MeanBackward0>)
tensor(1.9082e+10, grad_fn=<MeanBackward0>)
tensor([ 1.8555e+11, -5.0158e+09, -1.0606e+08,  1.3329e+02,  4.9987e+05,
         1.8722e+06,  1.9757e+06, -2.4639e+04,  1.5252e+05, -2.0306e+02],
       grad_fn=<MeanBackward1>)
tensor([3.1873e+12, 8.7969e+10, 3.5037e+09, 2.8800e+03, 7.8558e+06, 4.1847e+07,
        4.0609e+07, 5.4398e+05, 3.1832e+06, 4.3859e+03],
       grad_fn=<StdBackward1>)
tensor([4.0212, 1.7001, 4.4372, 2.3203, 3.6942, 1.1774, 2.9750, 0.3447, 3.7581,
        1.9258])
start full training
Iteration: 1
start update likelihood model
Epoch: 0, loss: 21.09884567737579, eval loss: [NA]
Epoch: 1, loss: 14.562496457099915, eval loss: [NA]
Epoch: 2, loss: 11.778745965957642, eval loss: [NA]
Epoch: 3, loss: 10.796294765472412, eval loss: [NA]
Epoch: 4, loss: 10.485625476837159, eval loss: [NA]
Epoch: 5, loss: 10.356079225540162, eval loss: [NA]
Epoch: 6, loss: 10.360255527496339, eval loss: [NA]
Epoch: 7, loss: 10.326003646850586, eval loss: [NA]
Epoch: 8, loss: 10.298091015815736, eval loss: [NA]
Epoch: 9, loss: 10.291993741989137, eval loss: [NA]
Epoch: 10, loss: 10.233521814346313, eval loss: [NA]
Epoch: 11, loss: 10.241666970252991, eval loss: [NA]
Epoch: 12, loss: 10.249393906593323, eval loss: [NA]
Epoch: 13, loss: 10.209244027137757, eval loss: [NA]
Epoch: 14, loss: 10.206086611747741, eval loss: [NA]
Epoch: 15, loss: 10.252428712844848, eval loss: [NA]
Epoch: 16, loss: 10.238406910896302, eval loss: [NA]
Epoch: 17, loss: 10.198113942146302, eval loss: [NA]
Epoch: 18, loss: 10.196105308532715, eval loss: [NA]
Epoch: 19, loss: 10.190827898979187, eval loss: [NA]
Epoch: 20, loss: 10.188254284858704, eval loss: [NA]
Epoch: 21, loss: 10.174249453544617, eval loss: [NA]
Epoch: 22, loss: 10.193339810371398, eval loss: [NA]
Epoch: 23, loss: 10.166668000221252, eval loss: [NA]
Epoch: 24, loss: 10.186536464691162, eval loss: [NA]
start update posterior model from prior pred - hot start
Epoch: 0, loss: 2.101781479418278, eval loss: [NA]
Epoch: 1, loss: 0.8267971229553223, eval loss: [NA]
Epoch: 2, loss: 0.6314874701201916, eval loss: [NA]
Epoch: 3, loss: 0.5979183902591467, eval loss: [NA]
Epoch: 4, loss: 0.5505369336903095, eval loss: [NA]
start update posterior model
Epoch: 0, loss: 12.4007870054245, eval loss: [NA]
Epoch: 1, loss: 12.393162765502929, eval loss: [NA]
Epoch: 2, loss: 12.346999073028565, eval loss: [NA]
Epoch: 3, loss: 12.35956253528595, eval loss: [NA]
Epoch: 4, loss: 12.380712089538575, eval loss: [NA]
Epoch: 5, loss: 12.33854703426361, eval loss: [NA]
Epoch: 6, loss: 12.355506825447083, eval loss: [NA]
Epoch: 7, loss: 12.340914545059205, eval loss: [NA]
Epoch: 8, loss: 12.33613173007965, eval loss: [NA]
Epoch: 9, loss: 12.355066604614258, eval loss: [NA]
Epoch: 10, loss: 12.330917463302612, eval loss: [NA]
Epoch: 11, loss: 12.369317889213562, eval loss: [NA]
Epoch: 12, loss: 12.333766951560975, eval loss: [NA]
Epoch: 13, loss: 12.337971911430358, eval loss: [NA]
Epoch: 14, loss: 12.336481337547303, eval loss: [NA]
Epoch: 15, loss: 12.3407169008255, eval loss: [NA]
Epoch: 16, loss: 12.336963424682617, eval loss: [NA]
Epoch: 17, loss: 12.348788847923279, eval loss: [NA]
Epoch: 18, loss: 12.327006182670594, eval loss: [NA]
Epoch: 19, loss: 12.335315165519715, eval loss: [NA]
Epoch: 20, loss: 12.354810523986817, eval loss: [NA]
Epoch: 21, loss: 12.337380409240723, eval loss: [NA]
Epoch: 22, loss: 12.331376628875732, eval loss: [NA]
Epoch: 23, loss: 12.33586745262146, eval loss: [NA]
Epoch: 24, loss: 12.325494198799133, eval loss: [NA]
Epoch: 25, loss: 12.319803495407104, eval loss: [NA]
Epoch: 26, loss: 12.330284118652344, eval loss: [NA]
Epoch: 27, loss: 12.329957804679871, eval loss: [NA]
Epoch: 28, loss: 12.346342997550964, eval loss: [NA]
Epoch: 29, loss: 12.325733885765075, eval loss: [NA]
Iteration: 2
start update likelihood model
Epoch: 0, loss: 10.202395210266113, eval loss: [NA]
Epoch: 1, loss: 10.193298997879028, eval loss: [NA]
Epoch: 2, loss: 10.182820820808411, eval loss: [NA]
Epoch: 3, loss: 10.138570265769959, eval loss: [NA]
Epoch: 4, loss: 10.180237016677857, eval loss: [NA]
Epoch: 5, loss: 10.155805106163024, eval loss: [NA]
Epoch: 6, loss: 10.171514382362366, eval loss: [NA]
Epoch: 7, loss: 10.13398986339569, eval loss: [NA]
Epoch: 8, loss: 10.149822545051574, eval loss: [NA]
Epoch: 9, loss: 10.145056567192078, eval loss: [NA]
Epoch: 10, loss: 10.140912890434265, eval loss: [NA]
Epoch: 11, loss: 10.134860253334045, eval loss: [NA]
Epoch: 12, loss: 10.139563245773315, eval loss: [NA]
Epoch: 13, loss: 10.149452404975891, eval loss: [NA]
Epoch: 14, loss: 10.128716087341308, eval loss: [NA]
Epoch: 15, loss: 10.132777338027955, eval loss: [NA]
Epoch: 16, loss: 10.126125106811523, eval loss: [NA]
Epoch: 17, loss: 10.123960094451904, eval loss: [NA]
Epoch: 18, loss: 10.125533428192139, eval loss: [NA]
Epoch: 19, loss: 10.11728605747223, eval loss: [NA]
Epoch: 20, loss: 10.11740442276001, eval loss: [NA]
Epoch: 21, loss: 10.137834000587464, eval loss: [NA]
Epoch: 22, loss: 10.116802687644958, eval loss: [NA]
Epoch: 23, loss: 10.130893678665162, eval loss: [NA]
Epoch: 24, loss: 10.104527611732482, eval loss: [NA]
Epoch: 25, loss: 10.110169882774352, eval loss: [NA]
Epoch: 26, loss: 10.11351450920105, eval loss: [NA]
Epoch: 27, loss: 10.106114974021912, eval loss: [NA]
Epoch: 28, loss: 10.118296332359314, eval loss: [NA]
Epoch: 29, loss: 10.098668360710144, eval loss: [NA]
start update posterior model
Epoch: 0, loss: 12.643002243041993, eval loss: [NA]
Epoch: 1, loss: 12.639911170005798, eval loss: [NA]
Epoch: 2, loss: 12.620816287994385, eval loss: [NA]
Epoch: 3, loss: 12.626341252326965, eval loss: [NA]
Epoch: 4, loss: 12.618097400665283, eval loss: [NA]
Epoch: 5, loss: 12.642307500839234, eval loss: [NA]
Epoch: 6, loss: 12.625313620567322, eval loss: [NA]
Epoch: 7, loss: 12.631640768051147, eval loss: [NA]
Epoch: 8, loss: 12.620927748680115, eval loss: [NA]
Epoch: 9, loss: 12.637630248069764, eval loss: [NA]
Epoch: 10, loss: 12.633650465011597, eval loss: [NA]
Epoch: 11, loss: 12.62157919883728, eval loss: [NA]
Epoch: 12, loss: 12.622261590957642, eval loss: [NA]
Epoch: 13, loss: 12.62609694480896, eval loss: [NA]
Epoch: 14, loss: 12.622632365226746, eval loss: [NA]
Epoch: 15, loss: 12.6160058259964, eval loss: [NA]
Epoch: 16, loss: 12.635581569671631, eval loss: [NA]
Epoch: 17, loss: 12.625525302886963, eval loss: [NA]
Epoch: 18, loss: 12.620228633880615, eval loss: [NA]
Epoch: 19, loss: 12.62731167793274, eval loss: [NA]
Epoch: 20, loss: 12.631617827415466, eval loss: [NA]
Epoch: 21, loss: 12.621680326461792, eval loss: [NA]
Epoch: 22, loss: 12.619394907951355, eval loss: [NA]
Epoch: 23, loss: 12.620445408821105, eval loss: [NA]
Epoch: 24, loss: 12.624305653572083, eval loss: [NA]
Epoch: 25, loss: 12.619697394371032, eval loss: [NA]
Epoch: 26, loss: 12.618103857040404, eval loss: [NA]
Epoch: 27, loss: 12.618345136642455, eval loss: [NA]
Epoch: 28, loss: 12.61400622844696, eval loss: [NA]
Epoch: 29, loss: 12.625346612930297, eval loss: [NA]
Iteration: 3
start update likelihood model
Epoch: 0, loss: 10.189463958740234, eval loss: [NA]
Epoch: 1, loss: 10.174038686752318, eval loss: [NA]
Epoch: 2, loss: 10.162313342094421, eval loss: [NA]
Epoch: 3, loss: 10.161713814735412, eval loss: [NA]
Epoch: 4, loss: 10.142763233184814, eval loss: [NA]
Epoch: 5, loss: 10.1387855052948, eval loss: [NA]
Epoch: 6, loss: 10.14888491153717, eval loss: [NA]
Epoch: 7, loss: 10.158627552986145, eval loss: [NA]
Epoch: 8, loss: 10.141644587516785, eval loss: [NA]
Epoch: 9, loss: 10.14675443649292, eval loss: [NA]
Epoch: 10, loss: 10.145348377227783, eval loss: [NA]
Epoch: 11, loss: 10.1362934923172, eval loss: [NA]
Epoch: 12, loss: 10.1296129322052, eval loss: [NA]
Epoch: 13, loss: 10.142879824638367, eval loss: [NA]
Epoch: 14, loss: 10.141588129997253, eval loss: [NA]
Epoch: 15, loss: 10.132183785438537, eval loss: [NA]
Epoch: 16, loss: 10.122370834350585, eval loss: [NA]
Epoch: 17, loss: 10.130215125083923, eval loss: [NA]
Epoch: 18, loss: 10.129202580451965, eval loss: [NA]
Epoch: 19, loss: 10.125240592956542, eval loss: [NA]
Epoch: 20, loss: 10.12516170501709, eval loss: [NA]
Epoch: 21, loss: 10.131251282691956, eval loss: [NA]
Epoch: 22, loss: 10.115827279090881, eval loss: [NA]
Epoch: 23, loss: 10.127870273590087, eval loss: [NA]
Epoch: 24, loss: 10.11948182106018, eval loss: [NA]
Epoch: 25, loss: 10.119629716873169, eval loss: [NA]
Epoch: 26, loss: 10.121881680488586, eval loss: [NA]
Epoch: 27, loss: 10.121230268478394, eval loss: [NA]
Epoch: 28, loss: 10.100469126701356, eval loss: [NA]
Epoch: 29, loss: 10.10529860019684, eval loss: [NA]
start update posterior model
Epoch: 0, loss: 12.579686741828919, eval loss: [NA]
Epoch: 1, loss: 12.577797083854675, eval loss: [NA]
Epoch: 2, loss: 12.574871134757995, eval loss: [NA]
Epoch: 3, loss: 12.57533908367157, eval loss: [NA]
Epoch: 4, loss: 12.578711385726928, eval loss: [NA]
Epoch: 5, loss: 12.586612963676453, eval loss: [NA]
Epoch: 6, loss: 12.57036024570465, eval loss: [NA]
Epoch: 7, loss: 12.568356819152832, eval loss: [NA]
Epoch: 8, loss: 12.568459215164184, eval loss: [NA]
Epoch: 9, loss: 12.579685788154602, eval loss: [NA]
Epoch: 10, loss: 12.588271899223328, eval loss: [NA]
Epoch: 11, loss: 12.573478775024414, eval loss: [NA]
Epoch: 12, loss: 12.576516966819764, eval loss: [NA]
Epoch: 13, loss: 12.58437931060791, eval loss: [NA]
Epoch: 14, loss: 12.57380702972412, eval loss: [NA]
Epoch: 15, loss: 12.57275724887848, eval loss: [NA]
Epoch: 16, loss: 12.57160011291504, eval loss: [NA]
Epoch: 17, loss: 12.576635575294494, eval loss: [NA]
Epoch: 18, loss: 12.578809614181518, eval loss: [NA]
Epoch: 19, loss: 12.575741605758667, eval loss: [NA]
Epoch: 20, loss: 12.571453995704651, eval loss: [NA]
Epoch: 21, loss: 12.576507968902588, eval loss: [NA]
Epoch: 22, loss: 12.568253350257873, eval loss: [NA]
Epoch: 23, loss: 12.567099857330323, eval loss: [NA]
Epoch: 24, loss: 12.572601342201233, eval loss: [NA]
Epoch: 25, loss: 12.567790870666505, eval loss: [NA]
Epoch: 26, loss: 12.582564787864685, eval loss: [NA]
Epoch: 27, loss: 12.5739968252182, eval loss: [NA]
Epoch: 28, loss: 12.5710840177536, eval loss: [NA]
Epoch: 29, loss: 12.571130533218383, eval loss: [NA]
Iteration: 4
start update likelihood model
Epoch: 0, loss: 10.083574767112731, eval loss: [NA]
Epoch: 1, loss: 10.075427012443543, eval loss: [NA]
Epoch: 2, loss: 10.068916358947753, eval loss: [NA]
Epoch: 3, loss: 10.068437390327453, eval loss: [NA]
Epoch: 4, loss: 10.068445806503297, eval loss: [NA]
Epoch: 5, loss: 10.059634184837341, eval loss: [NA]
Epoch: 6, loss: 10.061511249542237, eval loss: [NA]
Epoch: 7, loss: 10.049706478118896, eval loss: [NA]
Epoch: 8, loss: 10.059257726669312, eval loss: [NA]
Epoch: 9, loss: 10.057514991760254, eval loss: [NA]
Epoch: 10, loss: 10.05393313407898, eval loss: [NA]
Epoch: 11, loss: 10.051508116722108, eval loss: [NA]
Epoch: 12, loss: 10.044865927696229, eval loss: [NA]
Epoch: 13, loss: 10.055081377029419, eval loss: [NA]
Epoch: 14, loss: 10.0518927526474, eval loss: [NA]
Epoch: 15, loss: 10.05159131526947, eval loss: [NA]
Epoch: 16, loss: 10.059692368507385, eval loss: [NA]
Epoch: 17, loss: 10.046672811508179, eval loss: [NA]
Epoch: 18, loss: 10.045798258781433, eval loss: [NA]
Epoch: 19, loss: 10.045472917556763, eval loss: [NA]
Epoch: 20, loss: 10.05122878074646, eval loss: [NA]
Epoch: 21, loss: 10.049365811347961, eval loss: [NA]
Epoch: 22, loss: 10.039073901176453, eval loss: [NA]
Epoch: 23, loss: 10.029824242591857, eval loss: [NA]
Epoch: 24, loss: 10.058582034111023, eval loss: [NA]
Epoch: 25, loss: 10.029080128669738, eval loss: [NA]
Epoch: 26, loss: 10.030452828407288, eval loss: [NA]
Epoch: 27, loss: 10.028503856658936, eval loss: [NA]
Epoch: 28, loss: 10.033827147483827, eval loss: [NA]
Epoch: 29, loss: 10.034534616470337, eval loss: [NA]
start update posterior model
Epoch: 0, loss: 13.146965818405151, eval loss: [NA]
Epoch: 1, loss: 13.149186754226685, eval loss: [NA]
Epoch: 2, loss: 13.147164568901061, eval loss: [NA]
Epoch: 3, loss: 13.146077260971069, eval loss: [NA]
Epoch: 4, loss: 13.137279038429261, eval loss: [NA]
Epoch: 5, loss: 13.140804252624513, eval loss: [NA]
Epoch: 6, loss: 13.149061741828918, eval loss: [NA]
Epoch: 7, loss: 13.154421730041504, eval loss: [NA]
Epoch: 8, loss: 13.148116517066956, eval loss: [NA]
Epoch: 9, loss: 13.147879400253295, eval loss: [NA]
Epoch: 10, loss: 13.135453953742982, eval loss: [NA]
Epoch: 11, loss: 13.14159264087677, eval loss: [NA]
Epoch: 12, loss: 13.14519248008728, eval loss: [NA]
Epoch: 13, loss: 13.139799022674561, eval loss: [NA]
Epoch: 14, loss: 13.147791361808777, eval loss: [NA]
Epoch: 15, loss: 13.136884512901306, eval loss: [NA]
Epoch: 16, loss: 13.146140155792237, eval loss: [NA]
Epoch: 17, loss: 13.139955196380615, eval loss: [NA]
Epoch: 18, loss: 13.146182494163513, eval loss: [NA]
Epoch: 19, loss: 13.148956260681153, eval loss: [NA]
Epoch: 20, loss: 13.14372265815735, eval loss: [NA]
Epoch: 21, loss: 13.135210127830506, eval loss: [NA]
Epoch: 22, loss: 13.1440492105484, eval loss: [NA]
Epoch: 23, loss: 13.14536271572113, eval loss: [NA]
Epoch: 24, loss: 13.140951371192932, eval loss: [NA]
Epoch: 25, loss: 13.13746524810791, eval loss: [NA]
Epoch: 26, loss: 13.144245233535766, eval loss: [NA]
Epoch: 27, loss: 13.144175643920898, eval loss: [NA]
Epoch: 28, loss: 13.14458957195282, eval loss: [NA]
Epoch: 29, loss: 13.141176962852478, eval loss: [NA]

Runtime:606.27
[5.314706823861823e+17, 0.0181, 0.0158, 0.0262]
[19081684992.0, 1.4554, 1.4599, 1.4892]
[25710760558592.0, 1.3673, 1.3812, 1.3499]
KL div untrained: 3.435309805890523e+17
KL div trained: 0.0264
