Input args:
Dim: 2
seed: 11
seed_data: 10
/home/samwiq/spa/seq-posterior-approx-w-nf-dev/mv_gaussian/low_dim_w_five_obs/lunarc
/home/samwiq/spa/seq-posterior-approx-w-nf-dev
tensor(1.7689e+13, grad_fn=<MeanBackward0>)
tensor(1.2662e+15, grad_fn=<MeanBackward0>)
tensor([ 1.2311e+16, -3.3938e+14, -1.1509e+13,  4.2688e+03,  2.1867e+11,
        -9.9626e+09,  5.0805e+07, -3.8132e+06,  3.6186e+06, -1.2066e+08],
       grad_fn=<MeanBackward1>)
tensor([3.8765e+17, 1.0687e+16, 3.6277e+14, 7.1028e+04, 6.8881e+12, 3.2307e+11,
        6.3384e+08, 3.2298e+07, 4.9800e+07, 3.8010e+09],
       grad_fn=<StdBackward1>)
tensor([2.5179, 5.9582, 0.8258, 3.0267, 1.0451, 3.6313, 1.9392, 4.8268, 2.1797,
        4.5448])
start full training
Iteration: 1
start update likelihood model
Epoch: 0, loss: 20.345323967933655, eval loss: [NA]
Epoch: 1, loss: 14.100937986373902, eval loss: [NA]
Epoch: 2, loss: 11.606952486038209, eval loss: [NA]
Epoch: 3, loss: 10.70952335357666, eval loss: [NA]
Epoch: 4, loss: 10.467922139167786, eval loss: [NA]
Epoch: 5, loss: 10.391934533119201, eval loss: [NA]
Epoch: 6, loss: 10.35777925491333, eval loss: [NA]
Epoch: 7, loss: 10.28349416732788, eval loss: [NA]
Epoch: 8, loss: 10.267889652252197, eval loss: [NA]
Epoch: 9, loss: 10.257811479568481, eval loss: [NA]
Epoch: 10, loss: 10.265568990707397, eval loss: [NA]
Epoch: 11, loss: 10.236267719268799, eval loss: [NA]
Epoch: 12, loss: 10.199380388259888, eval loss: [NA]
Epoch: 13, loss: 10.231867170333862, eval loss: [NA]
Epoch: 14, loss: 10.20422742843628, eval loss: [NA]
Epoch: 15, loss: 10.207860069274902, eval loss: [NA]
Epoch: 16, loss: 10.192886667251587, eval loss: [NA]
Epoch: 17, loss: 10.186532053947449, eval loss: [NA]
Epoch: 18, loss: 10.186688122749329, eval loss: [NA]
Epoch: 19, loss: 10.185443992614745, eval loss: [NA]
Epoch: 20, loss: 10.184298915863037, eval loss: [NA]
Epoch: 21, loss: 10.191344509124756, eval loss: [NA]
Epoch: 22, loss: 10.179433841705322, eval loss: [NA]
Epoch: 23, loss: 10.16402855873108, eval loss: [NA]
Epoch: 24, loss: 10.150090065002441, eval loss: [NA]
start update posterior model from prior pred - hot start
Epoch: 0, loss: 2.146954645216465, eval loss: [NA]
Epoch: 1, loss: 0.8825797414779664, eval loss: [NA]
Epoch: 2, loss: 0.71434013530612, eval loss: [NA]
Epoch: 3, loss: 0.5875200565904379, eval loss: [NA]
Epoch: 4, loss: 0.598409807011485, eval loss: [NA]
start update posterior model
Epoch: 0, loss: 17.179344253540037, eval loss: [NA]
Epoch: 1, loss: 17.14268627166748, eval loss: [NA]
Epoch: 2, loss: 17.154128665924073, eval loss: [NA]
Epoch: 3, loss: 17.136877546310426, eval loss: [NA]
Epoch: 4, loss: 17.115986757278442, eval loss: [NA]
Epoch: 5, loss: 17.135932693481447, eval loss: [NA]
Epoch: 6, loss: 17.113730697631837, eval loss: [NA]
Epoch: 7, loss: 17.115734157562255, eval loss: [NA]
Epoch: 8, loss: 17.112020006179808, eval loss: [NA]
Epoch: 9, loss: 17.119240350723267, eval loss: [NA]
Epoch: 10, loss: 17.106911640167237, eval loss: [NA]
Epoch: 11, loss: 17.103361511230467, eval loss: [NA]
Epoch: 12, loss: 17.11103702545166, eval loss: [NA]
Epoch: 13, loss: 17.108202476501464, eval loss: [NA]
Epoch: 14, loss: 17.118232736587526, eval loss: [NA]
Epoch: 15, loss: 17.104794645309447, eval loss: [NA]
Epoch: 16, loss: 17.115235118865968, eval loss: [NA]
Epoch: 17, loss: 17.121471376419066, eval loss: [NA]
Epoch: 18, loss: 17.1215629196167, eval loss: [NA]
Epoch: 19, loss: 17.10368854522705, eval loss: [NA]
Epoch: 20, loss: 17.102068967819214, eval loss: [NA]
Epoch: 21, loss: 17.106791381835937, eval loss: [NA]
Epoch: 22, loss: 17.1047257232666, eval loss: [NA]
Epoch: 23, loss: 17.09734769821167, eval loss: [NA]
Epoch: 24, loss: 17.119567584991454, eval loss: [NA]
Epoch: 25, loss: 17.108316535949708, eval loss: [NA]
Epoch: 26, loss: 17.102485446929933, eval loss: [NA]
Epoch: 27, loss: 17.106074352264404, eval loss: [NA]
Epoch: 28, loss: 17.10423066139221, eval loss: [NA]
Epoch: 29, loss: 17.107186613082884, eval loss: [NA]
Iteration: 2
start update likelihood model
Epoch: 0, loss: 10.255258932113648, eval loss: [NA]
Epoch: 1, loss: 10.201372003555297, eval loss: [NA]
Epoch: 2, loss: 10.15319465637207, eval loss: [NA]
Epoch: 3, loss: 10.15591998577118, eval loss: [NA]
Epoch: 4, loss: 10.149773349761963, eval loss: [NA]
Epoch: 5, loss: 10.157212657928467, eval loss: [NA]
Epoch: 6, loss: 10.145085020065308, eval loss: [NA]
Epoch: 7, loss: 10.133136806488038, eval loss: [NA]
Epoch: 8, loss: 10.126302599906921, eval loss: [NA]
Epoch: 9, loss: 10.122020807266235, eval loss: [NA]
Epoch: 10, loss: 10.132594962120056, eval loss: [NA]
Epoch: 11, loss: 10.114111866950989, eval loss: [NA]
Epoch: 12, loss: 10.110566420555115, eval loss: [NA]
Epoch: 13, loss: 10.132141108512878, eval loss: [NA]
Epoch: 14, loss: 10.132295451164246, eval loss: [NA]
Epoch: 15, loss: 10.118296461105347, eval loss: [NA]
Epoch: 16, loss: 10.10898241519928, eval loss: [NA]
Epoch: 17, loss: 10.123420691490173, eval loss: [NA]
Epoch: 18, loss: 10.119886045455933, eval loss: [NA]
Epoch: 19, loss: 10.115466170310974, eval loss: [NA]
Epoch: 20, loss: 10.126445016860963, eval loss: [NA]
Epoch: 21, loss: 10.104015021324157, eval loss: [NA]
Epoch: 22, loss: 10.108351583480834, eval loss: [NA]
Epoch: 23, loss: 10.106695523262024, eval loss: [NA]
Epoch: 24, loss: 10.103966403007508, eval loss: [NA]
Epoch: 25, loss: 10.111253981590272, eval loss: [NA]
Epoch: 26, loss: 10.09033637046814, eval loss: [NA]
Epoch: 27, loss: 10.09629053592682, eval loss: [NA]
Epoch: 28, loss: 10.108807301521301, eval loss: [NA]
Epoch: 29, loss: 10.094814820289612, eval loss: [NA]
start update posterior model
Epoch: 0, loss: 15.1346298122406, eval loss: [NA]
Epoch: 1, loss: 15.135482382774352, eval loss: [NA]
Epoch: 2, loss: 15.138341436386108, eval loss: [NA]
Epoch: 3, loss: 15.13310498714447, eval loss: [NA]
Epoch: 4, loss: 15.135956435203552, eval loss: [NA]
Epoch: 5, loss: 15.136469931602479, eval loss: [NA]
Epoch: 6, loss: 15.134814395904542, eval loss: [NA]
Epoch: 7, loss: 15.138132648468018, eval loss: [NA]
Epoch: 8, loss: 15.13589273929596, eval loss: [NA]
Epoch: 9, loss: 15.132009453773499, eval loss: [NA]
Epoch: 10, loss: 15.134696221351623, eval loss: [NA]
Epoch: 11, loss: 15.132294650077819, eval loss: [NA]
Epoch: 12, loss: 15.131949710845948, eval loss: [NA]
Epoch: 13, loss: 15.13668550491333, eval loss: [NA]
Epoch: 14, loss: 15.136637482643128, eval loss: [NA]
Epoch: 15, loss: 15.134970388412476, eval loss: [NA]
Epoch: 16, loss: 15.138262457847595, eval loss: [NA]
Epoch: 17, loss: 15.126251039505005, eval loss: [NA]
Epoch: 18, loss: 15.13373239517212, eval loss: [NA]
Epoch: 19, loss: 15.140828375816346, eval loss: [NA]
Epoch: 20, loss: 15.1328781747818, eval loss: [NA]
Epoch: 21, loss: 15.129820818901061, eval loss: [NA]
Epoch: 22, loss: 15.13320915222168, eval loss: [NA]
Epoch: 23, loss: 15.138924980163575, eval loss: [NA]
Epoch: 24, loss: 15.131228346824646, eval loss: [NA]
Epoch: 25, loss: 15.133089380264282, eval loss: [NA]
Epoch: 26, loss: 15.132994771003723, eval loss: [NA]
Epoch: 27, loss: 15.1368940782547, eval loss: [NA]
Epoch: 28, loss: 15.133880391120911, eval loss: [NA]
Epoch: 29, loss: 15.140647611618043, eval loss: [NA]
Iteration: 3
start update likelihood model
Epoch: 0, loss: 10.200530366897583, eval loss: [NA]
Epoch: 1, loss: 10.174869809150696, eval loss: [NA]
Epoch: 2, loss: 10.166425542831421, eval loss: [NA]
Epoch: 3, loss: 10.165640439987182, eval loss: [NA]
Epoch: 4, loss: 10.165960645675659, eval loss: [NA]
Epoch: 5, loss: 10.158085432052612, eval loss: [NA]
Epoch: 6, loss: 10.162871856689453, eval loss: [NA]
Epoch: 7, loss: 10.156257367134094, eval loss: [NA]
Epoch: 8, loss: 10.150292148590088, eval loss: [NA]
Epoch: 9, loss: 10.15584611415863, eval loss: [NA]
Epoch: 10, loss: 10.165600266456604, eval loss: [NA]
Epoch: 11, loss: 10.164998879432678, eval loss: [NA]
Epoch: 12, loss: 10.162614598274232, eval loss: [NA]
Epoch: 13, loss: 10.151924204826354, eval loss: [NA]
Epoch: 14, loss: 10.160214385986329, eval loss: [NA]
Epoch: 15, loss: 10.143614134788514, eval loss: [NA]
Epoch: 16, loss: 10.151451997756958, eval loss: [NA]
Epoch: 17, loss: 10.141169896125794, eval loss: [NA]
Epoch: 18, loss: 10.146121807098389, eval loss: [NA]
Epoch: 19, loss: 10.157214946746826, eval loss: [NA]
Epoch: 20, loss: 10.137961826324464, eval loss: [NA]
Epoch: 21, loss: 10.131938133239746, eval loss: [NA]
Epoch: 22, loss: 10.13496510028839, eval loss: [NA]
Epoch: 23, loss: 10.138275980949402, eval loss: [NA]
Epoch: 24, loss: 10.140477647781372, eval loss: [NA]
Epoch: 25, loss: 10.119205174446106, eval loss: [NA]
Epoch: 26, loss: 10.139713649749757, eval loss: [NA]
Epoch: 27, loss: 10.13284990787506, eval loss: [NA]
Epoch: 28, loss: 10.124965124130249, eval loss: [NA]
Epoch: 29, loss: 10.13444128036499, eval loss: [NA]
start update posterior model
Epoch: 0, loss: 15.5035373544693, eval loss: [NA]
Epoch: 1, loss: 15.501942720413208, eval loss: [NA]
Epoch: 2, loss: 15.51603768825531, eval loss: [NA]
Epoch: 3, loss: 15.509440588951112, eval loss: [NA]
Epoch: 4, loss: 15.50735929965973, eval loss: [NA]
Epoch: 5, loss: 15.513182196617127, eval loss: [NA]
Epoch: 6, loss: 15.51478446006775, eval loss: [NA]
Epoch: 7, loss: 15.505471987724304, eval loss: [NA]
Epoch: 8, loss: 15.503516392707825, eval loss: [NA]
Epoch: 9, loss: 15.506486959457398, eval loss: [NA]
Epoch: 10, loss: 15.501505570411682, eval loss: [NA]
Epoch: 11, loss: 15.504907469749451, eval loss: [NA]
Epoch: 12, loss: 15.50470886707306, eval loss: [NA]
Epoch: 13, loss: 15.506756262779236, eval loss: [NA]
Epoch: 14, loss: 15.50246446609497, eval loss: [NA]
Epoch: 15, loss: 15.504957280158997, eval loss: [NA]
Epoch: 16, loss: 15.501194896697998, eval loss: [NA]
Epoch: 17, loss: 15.50246434211731, eval loss: [NA]
Epoch: 18, loss: 15.503924622535706, eval loss: [NA]
Epoch: 19, loss: 15.50222815990448, eval loss: [NA]
Epoch: 20, loss: 15.502827129364015, eval loss: [NA]
Epoch: 21, loss: 15.50209894657135, eval loss: [NA]
Epoch: 22, loss: 15.507088327407837, eval loss: [NA]
Epoch: 23, loss: 15.5096235704422, eval loss: [NA]
Epoch: 24, loss: 15.506039185523987, eval loss: [NA]
Epoch: 25, loss: 15.50181390285492, eval loss: [NA]
Epoch: 26, loss: 15.500837812423706, eval loss: [NA]
Epoch: 27, loss: 15.509037265777588, eval loss: [NA]
Epoch: 28, loss: 15.496831736564637, eval loss: [NA]
Epoch: 29, loss: 15.512109293937684, eval loss: [NA]
Iteration: 4
start update likelihood model
Epoch: 0, loss: 10.097255053520202, eval loss: [NA]
Epoch: 1, loss: 10.080416460037231, eval loss: [NA]
Epoch: 2, loss: 10.094573578834535, eval loss: [NA]
Epoch: 3, loss: 10.073029866218567, eval loss: [NA]
Epoch: 4, loss: 10.074449653625487, eval loss: [NA]
Epoch: 5, loss: 10.091362671852112, eval loss: [NA]
Epoch: 6, loss: 10.081777210235595, eval loss: [NA]
Epoch: 7, loss: 10.067885594367981, eval loss: [NA]
Epoch: 8, loss: 10.072495923042297, eval loss: [NA]
Epoch: 9, loss: 10.070039157867432, eval loss: [NA]
Epoch: 10, loss: 10.075004868507385, eval loss: [NA]
Epoch: 11, loss: 10.064359822273254, eval loss: [NA]
Epoch: 12, loss: 10.066619505882263, eval loss: [NA]
Epoch: 13, loss: 10.065105743408203, eval loss: [NA]
Epoch: 14, loss: 10.068731141090392, eval loss: [NA]
Epoch: 15, loss: 10.072426509857177, eval loss: [NA]
Epoch: 16, loss: 10.058579850196839, eval loss: [NA]
Epoch: 17, loss: 10.060171284675597, eval loss: [NA]
Epoch: 18, loss: 10.06129298210144, eval loss: [NA]
Epoch: 19, loss: 10.059344277381896, eval loss: [NA]
Epoch: 20, loss: 10.05617527961731, eval loss: [NA]
Epoch: 21, loss: 10.05476863861084, eval loss: [NA]
Epoch: 22, loss: 10.062954816818237, eval loss: [NA]
Epoch: 23, loss: 10.040900044441223, eval loss: [NA]
Epoch: 24, loss: 10.038488249778748, eval loss: [NA]
Epoch: 25, loss: 10.053888301849366, eval loss: [NA]
Epoch: 26, loss: 10.044252724647523, eval loss: [NA]
Epoch: 27, loss: 10.047932500839233, eval loss: [NA]
Epoch: 28, loss: 10.046871390342712, eval loss: [NA]
Epoch: 29, loss: 10.057002081871033, eval loss: [NA]
start update posterior model
Epoch: 0, loss: 15.031498432159424, eval loss: [NA]
Epoch: 1, loss: 15.035972285270692, eval loss: [NA]
Epoch: 2, loss: 15.034037518501282, eval loss: [NA]
Epoch: 3, loss: 15.029906358718872, eval loss: [NA]
Epoch: 4, loss: 15.027073049545288, eval loss: [NA]
Epoch: 5, loss: 15.032451152801514, eval loss: [NA]
Epoch: 6, loss: 15.042932891845703, eval loss: [NA]
Epoch: 7, loss: 15.031907815933227, eval loss: [NA]
Epoch: 8, loss: 15.033649864196777, eval loss: [NA]
Epoch: 9, loss: 15.032896828651428, eval loss: [NA]
Epoch: 10, loss: 15.03761137008667, eval loss: [NA]
Epoch: 11, loss: 15.030358157157899, eval loss: [NA]
Epoch: 12, loss: 15.034051113128662, eval loss: [NA]
Epoch: 13, loss: 15.034669432640076, eval loss: [NA]
Epoch: 14, loss: 15.029925575256348, eval loss: [NA]
Epoch: 15, loss: 15.02773849964142, eval loss: [NA]
Epoch: 16, loss: 15.029527673721313, eval loss: [NA]
Epoch: 17, loss: 15.039505434036254, eval loss: [NA]
Epoch: 18, loss: 15.033888382911682, eval loss: [NA]
Epoch: 19, loss: 15.040833549499512, eval loss: [NA]
Epoch: 20, loss: 15.038440141677857, eval loss: [NA]
Epoch: 21, loss: 15.029833035469055, eval loss: [NA]
Epoch: 22, loss: 15.03083233833313, eval loss: [NA]
Epoch: 23, loss: 15.027456831932067, eval loss: [NA]
Epoch: 24, loss: 15.032344632148742, eval loss: [NA]
Epoch: 25, loss: 15.02983229637146, eval loss: [NA]
Epoch: 26, loss: 15.028503341674805, eval loss: [NA]
Epoch: 27, loss: 15.029675641059875, eval loss: [NA]
Epoch: 28, loss: 15.026281933784485, eval loss: [NA]
Epoch: 29, loss: 15.032672657966614, eval loss: [NA]

Runtime:615.31
[82967645122.367, 0.0068, 0.0124, 0.0165]
[1266220380717056.0, 1.193, 1.1808, 1.2264]
[17688946540544.0, 1.3807, 1.3622, 1.397]
KL div untrained: 228302528808.7786
KL div trained: 0.0114
