Input args:
Dim: 2
seed: 48
seed_data: 10
/home/samwiq/snpla/seq-posterior-approx-w-nf-dev/mv_gaussian/low_dim_w_five_obs/lunarc
/home/samwiq/snpla/seq-posterior-approx-w-nf-dev
tensor(2.1449, grad_fn=<MeanBackward0>)
tensor(3.6086, grad_fn=<MeanBackward0>)
tensor([ 1.4481e-01, -6.7170e-02,  1.5263e-01,  1.9947e-02, -1.7842e-01,
        -2.5630e-01,  9.3819e-02, -1.3976e-04,  1.2164e-01,  2.2902e-01],
       grad_fn=<MeanBackward1>)
tensor([0.9406, 0.8755, 0.9595, 1.0003, 0.9483, 0.9676, 0.9709, 0.9550, 1.0723,
        1.0324], grad_fn=<StdBackward1>)
tensor([ 3.4720, -4.3903,  1.4804, -5.4535,  3.4897, -3.3514,  3.5274, -3.7338,
         2.4864, -5.0301])
start full training
Iteration: 1
start update likelihood model
Epoch: 0, loss: 11.73105825805664, eval loss: [NA]
Epoch: 1, loss: 7.139035983276367, eval loss: [NA]
Epoch: 2, loss: 7.02792141418457, eval loss: [NA]
Epoch: 3, loss: 6.941150228881836, eval loss: [NA]
Epoch: 4, loss: 6.940000009155273, eval loss: [NA]
Epoch: 5, loss: 6.9244554901123045, eval loss: [NA]
Epoch: 6, loss: 6.904869659423828, eval loss: [NA]
Epoch: 7, loss: 6.91787041015625, eval loss: [NA]
Epoch: 8, loss: 6.859867211914063, eval loss: [NA]
Epoch: 9, loss: 6.646215731811523, eval loss: [NA]
Epoch: 10, loss: 6.243682711791992, eval loss: [NA]
Epoch: 11, loss: 6.018342778015136, eval loss: [NA]
Epoch: 12, loss: 5.898884211730957, eval loss: [NA]
Epoch: 13, loss: 5.834196578979492, eval loss: [NA]
Epoch: 14, loss: 5.826964677429199, eval loss: [NA]
Epoch: 15, loss: 5.833324005126953, eval loss: [NA]
Epoch: 16, loss: 5.838593437194824, eval loss: [NA]
Epoch: 17, loss: 5.819335627746582, eval loss: [NA]
Epoch: 18, loss: 5.813950041198731, eval loss: [NA]
Epoch: 19, loss: 5.792956649780273, eval loss: [NA]
Epoch: 20, loss: 5.7802810302734375, eval loss: [NA]
Epoch: 21, loss: 5.810095512390137, eval loss: [NA]
Epoch: 22, loss: 5.772461613464356, eval loss: [NA]
Epoch: 23, loss: 5.765356797790528, eval loss: [NA]
Epoch: 24, loss: 5.759631619262695, eval loss: [NA]
start update posterior model from prior pred - hot start
Epoch: 0, loss: 2.1282544577121736, eval loss: [NA]
Epoch: 1, loss: 0.8710989120602608, eval loss: [NA]
Epoch: 2, loss: 0.6858493837714196, eval loss: [NA]
Epoch: 3, loss: 0.6184775273501874, eval loss: [NA]
Epoch: 4, loss: 0.5240220109373331, eval loss: [NA]
start update posterior model
Epoch: 0, loss: 8.825745339393615, eval loss: [NA]
Epoch: 1, loss: 8.781845784187317, eval loss: [NA]
Epoch: 2, loss: 8.763117489814759, eval loss: [NA]
Epoch: 3, loss: 8.738113903999329, eval loss: [NA]
Epoch: 4, loss: 8.764942722320557, eval loss: [NA]
Epoch: 5, loss: 8.7445809841156, eval loss: [NA]
Epoch: 6, loss: 8.726643500328064, eval loss: [NA]
Epoch: 7, loss: 8.719784665107728, eval loss: [NA]
Epoch: 8, loss: 8.751578798294068, eval loss: [NA]
Epoch: 9, loss: 8.75826699733734, eval loss: [NA]
Epoch: 10, loss: 8.72903657913208, eval loss: [NA]
Epoch: 11, loss: 8.725057034492492, eval loss: [NA]
Epoch: 12, loss: 8.717001423835754, eval loss: [NA]
Epoch: 13, loss: 8.750479769706725, eval loss: [NA]
Epoch: 14, loss: 8.73316836833954, eval loss: [NA]
Epoch: 15, loss: 8.736685433387755, eval loss: [NA]
Epoch: 16, loss: 8.727649025917053, eval loss: [NA]
Epoch: 17, loss: 8.72204936504364, eval loss: [NA]
Epoch: 18, loss: 8.72433424472809, eval loss: [NA]
Epoch: 19, loss: 8.709273929595946, eval loss: [NA]
Epoch: 20, loss: 8.711366424560547, eval loss: [NA]
Epoch: 21, loss: 8.706224193572998, eval loss: [NA]
Epoch: 22, loss: 8.702103691101074, eval loss: [NA]
Epoch: 23, loss: 8.724836783409119, eval loss: [NA]
Epoch: 24, loss: 8.717763013839722, eval loss: [NA]
Iteration: 2
start update likelihood model
Epoch: 0, loss: 5.790554493713379, eval loss: [NA]
Epoch: 1, loss: 5.708761671447754, eval loss: [NA]
Epoch: 2, loss: 5.725097074890137, eval loss: [NA]
Epoch: 3, loss: 5.683156091308594, eval loss: [NA]
Epoch: 4, loss: 5.685697468566895, eval loss: [NA]
Epoch: 5, loss: 5.692898890686035, eval loss: [NA]
Epoch: 6, loss: 5.677002317810058, eval loss: [NA]
Epoch: 7, loss: 5.644477604675293, eval loss: [NA]
Epoch: 8, loss: 5.669500736999511, eval loss: [NA]
Epoch: 9, loss: 5.681045185852051, eval loss: [NA]
Epoch: 10, loss: 5.667916624450684, eval loss: [NA]
Epoch: 11, loss: 5.679536276245117, eval loss: [NA]
Epoch: 12, loss: 5.659511221313476, eval loss: [NA]
Epoch: 13, loss: 5.680788459777832, eval loss: [NA]
Epoch: 14, loss: 5.684297415161133, eval loss: [NA]
Epoch: 15, loss: 5.657339810180664, eval loss: [NA]
Epoch: 16, loss: 5.668747932434082, eval loss: [NA]
Epoch: 17, loss: 5.679453300476074, eval loss: [NA]
Epoch: 18, loss: 5.640172375488281, eval loss: [NA]
Epoch: 19, loss: 5.646010902404785, eval loss: [NA]
Epoch: 20, loss: 5.6405620223999025, eval loss: [NA]
Epoch: 21, loss: 5.659613070678711, eval loss: [NA]
Epoch: 22, loss: 5.6639126098632815, eval loss: [NA]
Epoch: 23, loss: 5.651122468566895, eval loss: [NA]
Epoch: 24, loss: 5.6745819702148435, eval loss: [NA]
start update posterior model
Epoch: 0, loss: 9.394527096748352, eval loss: [NA]
Epoch: 1, loss: 9.401599178314209, eval loss: [NA]
Epoch: 2, loss: 9.379758234024047, eval loss: [NA]
Epoch: 3, loss: 9.41803068637848, eval loss: [NA]
Epoch: 4, loss: 9.396900067329407, eval loss: [NA]
Epoch: 5, loss: 9.387597060203552, eval loss: [NA]
Epoch: 6, loss: 9.385464353561401, eval loss: [NA]
Epoch: 7, loss: 9.381225719451905, eval loss: [NA]
Epoch: 8, loss: 9.398427991867065, eval loss: [NA]
Epoch: 9, loss: 9.375411067008972, eval loss: [NA]
Epoch: 10, loss: 9.38810378074646, eval loss: [NA]
Epoch: 11, loss: 9.423053436279297, eval loss: [NA]
Epoch: 12, loss: 9.413464140892028, eval loss: [NA]
Epoch: 13, loss: 9.394739656448364, eval loss: [NA]
Epoch: 14, loss: 9.406994786262512, eval loss: [NA]
Epoch: 15, loss: 9.382614221572876, eval loss: [NA]
Epoch: 16, loss: 9.394115943908691, eval loss: [NA]
Epoch: 17, loss: 9.381426663398743, eval loss: [NA]
Epoch: 18, loss: 9.39585789680481, eval loss: [NA]
Epoch: 19, loss: 9.363346033096313, eval loss: [NA]
Epoch: 20, loss: 9.389057374000549, eval loss: [NA]
Epoch: 21, loss: 9.395818252563476, eval loss: [NA]
Epoch: 22, loss: 9.406395606994629, eval loss: [NA]
Epoch: 23, loss: 9.38222264289856, eval loss: [NA]
Epoch: 24, loss: 9.383116054534913, eval loss: [NA]
Iteration: 3
start update likelihood model
Epoch: 0, loss: 5.7570773788452145, eval loss: [NA]
Epoch: 1, loss: 5.726821946716308, eval loss: [NA]
Epoch: 2, loss: 5.741750741577149, eval loss: [NA]
Epoch: 3, loss: 5.747981773376464, eval loss: [NA]
Epoch: 4, loss: 5.733305470275879, eval loss: [NA]
Epoch: 5, loss: 5.728063348388672, eval loss: [NA]
Epoch: 6, loss: 5.714357818603515, eval loss: [NA]
Epoch: 7, loss: 5.735478916931152, eval loss: [NA]
Epoch: 8, loss: 5.72316926574707, eval loss: [NA]
Epoch: 9, loss: 5.728813995361328, eval loss: [NA]
Epoch: 10, loss: 5.728222624206543, eval loss: [NA]
Epoch: 11, loss: 5.710736996459961, eval loss: [NA]
Epoch: 12, loss: 5.735664071655274, eval loss: [NA]
Epoch: 13, loss: 5.703795796203614, eval loss: [NA]
Epoch: 14, loss: 5.734417897033691, eval loss: [NA]
Epoch: 15, loss: 5.706336148071289, eval loss: [NA]
Epoch: 16, loss: 5.70513497467041, eval loss: [NA]
Epoch: 17, loss: 5.693700123596192, eval loss: [NA]
Epoch: 18, loss: 5.709205912780762, eval loss: [NA]
Epoch: 19, loss: 5.701761390686035, eval loss: [NA]
Epoch: 20, loss: 5.692632272338868, eval loss: [NA]
Epoch: 21, loss: 5.726899337768555, eval loss: [NA]
Epoch: 22, loss: 5.735453382873535, eval loss: [NA]
Epoch: 23, loss: 5.701047775268555, eval loss: [NA]
Epoch: 24, loss: 5.699145928955078, eval loss: [NA]
start update posterior model
Epoch: 0, loss: 9.484106311798095, eval loss: [NA]
Epoch: 1, loss: 9.46244652748108, eval loss: [NA]
Epoch: 2, loss: 9.457215642929077, eval loss: [NA]
Epoch: 3, loss: 9.43972969532013, eval loss: [NA]
Epoch: 4, loss: 9.465620894432067, eval loss: [NA]
Epoch: 5, loss: 9.468354225158691, eval loss: [NA]
Epoch: 6, loss: 9.451568322181702, eval loss: [NA]
Epoch: 7, loss: 9.462056107521057, eval loss: [NA]
Epoch: 8, loss: 9.473197803497314, eval loss: [NA]
Epoch: 9, loss: 9.473365721702576, eval loss: [NA]
Epoch: 10, loss: 9.457478175163269, eval loss: [NA]
Epoch: 11, loss: 9.441701493263245, eval loss: [NA]
Epoch: 12, loss: 9.44466450691223, eval loss: [NA]
Epoch: 13, loss: 9.492409892082215, eval loss: [NA]
Epoch: 14, loss: 9.460572037696839, eval loss: [NA]
Epoch: 15, loss: 9.46334153175354, eval loss: [NA]
Epoch: 16, loss: 9.458993768692016, eval loss: [NA]
Epoch: 17, loss: 9.473526339530945, eval loss: [NA]
Epoch: 18, loss: 9.463039150238037, eval loss: [NA]
Epoch: 19, loss: 9.468063945770263, eval loss: [NA]
Epoch: 20, loss: 9.472063875198364, eval loss: [NA]
Epoch: 21, loss: 9.463477034568786, eval loss: [NA]
Epoch: 22, loss: 9.479751935005188, eval loss: [NA]
Epoch: 23, loss: 9.454368672370911, eval loss: [NA]
Epoch: 24, loss: 9.487118906974793, eval loss: [NA]
Iteration: 4
start update likelihood model
Epoch: 0, loss: 5.713818969726563, eval loss: [NA]
Epoch: 1, loss: 5.697914981079101, eval loss: [NA]
Epoch: 2, loss: 5.716225106811524, eval loss: [NA]
Epoch: 3, loss: 5.7135726165771485, eval loss: [NA]
Epoch: 4, loss: 5.708723921203613, eval loss: [NA]
Epoch: 5, loss: 5.703998280334472, eval loss: [NA]
Epoch: 6, loss: 5.701093214416504, eval loss: [NA]
Epoch: 7, loss: 5.694201136779785, eval loss: [NA]
Epoch: 8, loss: 5.696646113586426, eval loss: [NA]
Epoch: 9, loss: 5.677226377868652, eval loss: [NA]
Epoch: 10, loss: 5.703547505187989, eval loss: [NA]
Epoch: 11, loss: 5.694912615966797, eval loss: [NA]
Epoch: 12, loss: 5.6967746505737304, eval loss: [NA]
Epoch: 13, loss: 5.702188638305664, eval loss: [NA]
Epoch: 14, loss: 5.701033015441895, eval loss: [NA]
Epoch: 15, loss: 5.705538754272461, eval loss: [NA]
Epoch: 16, loss: 5.685899215698242, eval loss: [NA]
Epoch: 17, loss: 5.6822654876708985, eval loss: [NA]
Epoch: 18, loss: 5.680632304382324, eval loss: [NA]
Epoch: 19, loss: 5.696070928955078, eval loss: [NA]
Epoch: 20, loss: 5.68928470916748, eval loss: [NA]
Epoch: 21, loss: 5.6739832931518555, eval loss: [NA]
Epoch: 22, loss: 5.671108508300781, eval loss: [NA]
Epoch: 23, loss: 5.653941839599609, eval loss: [NA]
Epoch: 24, loss: 5.7046375045776365, eval loss: [NA]
start update posterior model
Epoch: 0, loss: 9.143166284561158, eval loss: [NA]
Epoch: 1, loss: 9.179946274757386, eval loss: [NA]
Epoch: 2, loss: 9.167400612831116, eval loss: [NA]
Epoch: 3, loss: 9.167976651191712, eval loss: [NA]
Epoch: 4, loss: 9.160320444107056, eval loss: [NA]
Epoch: 5, loss: 9.181744346618652, eval loss: [NA]
Epoch: 6, loss: 9.159276661872864, eval loss: [NA]
Epoch: 7, loss: 9.143494129180908, eval loss: [NA]
Epoch: 8, loss: 9.152391843795776, eval loss: [NA]
Epoch: 9, loss: 9.158447003364563, eval loss: [NA]
Epoch: 10, loss: 9.151560821533202, eval loss: [NA]
Epoch: 11, loss: 9.167599267959595, eval loss: [NA]
Epoch: 12, loss: 9.16084680557251, eval loss: [NA]
Epoch: 13, loss: 9.152457699775695, eval loss: [NA]
Epoch: 14, loss: 9.156222524642944, eval loss: [NA]
Epoch: 15, loss: 9.15274242401123, eval loss: [NA]
Epoch: 16, loss: 9.133644824028016, eval loss: [NA]
Epoch: 17, loss: 9.173352303504943, eval loss: [NA]
Epoch: 18, loss: 9.14379867553711, eval loss: [NA]
Epoch: 19, loss: 9.151718435287476, eval loss: [NA]
Epoch: 20, loss: 9.15248342037201, eval loss: [NA]
Epoch: 21, loss: 9.161867060661315, eval loss: [NA]
Epoch: 22, loss: 9.146902723312378, eval loss: [NA]
Epoch: 23, loss: 9.164903383255005, eval loss: [NA]
Epoch: 24, loss: 9.150619564056397, eval loss: [NA]

Runtime:386.82
[1.1950069325895161e+23, 1.0934, 1.0739, 1.1719]
[3.6086, 0.9729, 1.0457, 1.0491]
[2.1449, 1.0979, 1.1007, 1.0816]
tensor(1.0881, grad_fn=<MeanBackward0>)
tensor(1.0031, grad_fn=<MeanBackward0>)
tensor([ 2.6814, -4.3875,  2.5468, -4.4757,  2.6067, -4.4495,  2.5771, -4.5070,
         2.2892, -4.8081], grad_fn=<MeanBackward1>)
tensor([1.0977, 1.1752, 1.1153, 1.1793, 1.1787, 1.2448, 1.1122, 1.1768, 0.3187,
        0.3538], grad_fn=<StdBackward1>)
tensor([ 3.4720, -4.3903,  1.4804, -5.4535,  3.4897, -3.3514,  3.5274, -3.7338,
         2.4864, -5.0301])
KL div untrained: 1.1462936323636011e+23
KL div trained: 1.5243
