Input args:
Dim: 2
seed: 44
seed_data: 10
/home/samwiq/snpla/seq-posterior-approx-w-nf-dev/mv_gaussian/low_dim_w_five_obs/lunarc
/home/samwiq/snpla/seq-posterior-approx-w-nf-dev
tensor(9.9539e+13, grad_fn=<MeanBackward0>)
tensor(1.3787e+12, grad_fn=<MeanBackward0>)
tensor([ 1.3404e+13, -3.7000e+11, -1.3136e+10,  9.4341e-01,  1.0449e+06,
         6.8755e+05,  1.7164e+08, -9.5494e+03,  1.3451e+07, -4.9368e+02],
       grad_fn=<MeanBackward1>)
tensor([2.0682e+14, 5.7099e+12, 2.0319e+11, 8.2722e+00, 2.0280e+07, 1.2422e+07,
        2.6603e+09, 1.6090e+05, 2.0850e+08, 1.1216e+04],
       grad_fn=<StdBackward1>)
tensor([ 0.2012, -3.5589,  1.1264, -2.0495,  1.4060, -2.2395, -1.8565, -5.0042,
        -0.0859, -2.9873])
start full training
Iteration: 1
start update likelihood model
Epoch: 0, loss: 20.40365301132202, eval loss: [NA]
Epoch: 1, loss: 14.37515709400177, eval loss: [NA]
Epoch: 2, loss: 11.392970113754272, eval loss: [NA]
Epoch: 3, loss: 10.6687833070755, eval loss: [NA]
Epoch: 4, loss: 10.470582847595216, eval loss: [NA]
Epoch: 5, loss: 10.425060477256775, eval loss: [NA]
Epoch: 6, loss: 10.362011437416077, eval loss: [NA]
Epoch: 7, loss: 10.300596008300781, eval loss: [NA]
Epoch: 8, loss: 10.316834292411805, eval loss: [NA]
Epoch: 9, loss: 10.296506643295288, eval loss: [NA]
Epoch: 10, loss: 10.275207324028015, eval loss: [NA]
Epoch: 11, loss: 10.260617895126343, eval loss: [NA]
Epoch: 12, loss: 10.250927324295043, eval loss: [NA]
Epoch: 13, loss: 10.242884736061097, eval loss: [NA]
Epoch: 14, loss: 10.266467289924622, eval loss: [NA]
Epoch: 15, loss: 10.233738870620728, eval loss: [NA]
Epoch: 16, loss: 10.215419669151306, eval loss: [NA]
Epoch: 17, loss: 10.205782055854797, eval loss: [NA]
Epoch: 18, loss: 10.223075075149536, eval loss: [NA]
Epoch: 19, loss: 10.220814752578736, eval loss: [NA]
Epoch: 20, loss: 10.20752848148346, eval loss: [NA]
Epoch: 21, loss: 10.207721304893493, eval loss: [NA]
Epoch: 22, loss: 10.176233525276183, eval loss: [NA]
Epoch: 23, loss: 10.2040585231781, eval loss: [NA]
Epoch: 24, loss: 10.173438558578491, eval loss: [NA]
start update posterior model from prior pred - hot start
Epoch: 0, loss: 2.0443425312638284, eval loss: [NA]
Epoch: 1, loss: 0.8467508158087731, eval loss: [NA]
Epoch: 2, loss: 0.6853396452963352, eval loss: [NA]
Epoch: 3, loss: 0.589443072527647, eval loss: [NA]
Epoch: 4, loss: 0.5169341184943914, eval loss: [NA]
start update posterior model
Epoch: 0, loss: 15.058711767196655, eval loss: [NA]
Epoch: 1, loss: 15.025380363464356, eval loss: [NA]
Epoch: 2, loss: 15.024279141426087, eval loss: [NA]
Epoch: 3, loss: 15.017555274963378, eval loss: [NA]
Epoch: 4, loss: 15.0252463722229, eval loss: [NA]
Epoch: 5, loss: 15.01316086769104, eval loss: [NA]
Epoch: 6, loss: 14.997819595336914, eval loss: [NA]
Epoch: 7, loss: 15.001793622970581, eval loss: [NA]
Epoch: 8, loss: 15.004435377120972, eval loss: [NA]
Epoch: 9, loss: 14.997422208786011, eval loss: [NA]
Epoch: 10, loss: 14.993518047332763, eval loss: [NA]
Epoch: 11, loss: 15.011954917907715, eval loss: [NA]
Epoch: 12, loss: 14.998067951202392, eval loss: [NA]
Epoch: 13, loss: 14.9972784948349, eval loss: [NA]
Epoch: 14, loss: 15.006233758926392, eval loss: [NA]
Epoch: 15, loss: 15.004559068679809, eval loss: [NA]
Epoch: 16, loss: 14.994544329643249, eval loss: [NA]
Epoch: 17, loss: 14.998584294319153, eval loss: [NA]
Epoch: 18, loss: 15.002107405662537, eval loss: [NA]
Epoch: 19, loss: 15.001513271331786, eval loss: [NA]
Epoch: 20, loss: 14.998903141021728, eval loss: [NA]
Epoch: 21, loss: 14.990459661483765, eval loss: [NA]
Epoch: 22, loss: 14.993727931976318, eval loss: [NA]
Epoch: 23, loss: 14.995077857971191, eval loss: [NA]
Epoch: 24, loss: 14.996381039619445, eval loss: [NA]
Epoch: 25, loss: 14.992839412689209, eval loss: [NA]
Epoch: 26, loss: 14.996429743766784, eval loss: [NA]
Epoch: 27, loss: 15.000598731040954, eval loss: [NA]
Epoch: 28, loss: 14.986955046653748, eval loss: [NA]
Epoch: 29, loss: 14.987275104522706, eval loss: [NA]
Iteration: 2
start update likelihood model
Epoch: 0, loss: 10.215198478698731, eval loss: [NA]
Epoch: 1, loss: 10.197683134078979, eval loss: [NA]
Epoch: 2, loss: 10.163689041137696, eval loss: [NA]
Epoch: 3, loss: 10.145934138298035, eval loss: [NA]
Epoch: 4, loss: 10.156081748008727, eval loss: [NA]
Epoch: 5, loss: 10.173950004577637, eval loss: [NA]
Epoch: 6, loss: 10.142028031349183, eval loss: [NA]
Epoch: 7, loss: 10.154851660728454, eval loss: [NA]
Epoch: 8, loss: 10.16166063785553, eval loss: [NA]
Epoch: 9, loss: 10.13102617740631, eval loss: [NA]
Epoch: 10, loss: 10.149216070175171, eval loss: [NA]
Epoch: 11, loss: 10.144694271087646, eval loss: [NA]
Epoch: 12, loss: 10.14335906982422, eval loss: [NA]
Epoch: 13, loss: 10.148784322738647, eval loss: [NA]
Epoch: 14, loss: 10.126526069641113, eval loss: [NA]
Epoch: 15, loss: 10.137256803512573, eval loss: [NA]
Epoch: 16, loss: 10.14761025905609, eval loss: [NA]
Epoch: 17, loss: 10.132172894477844, eval loss: [NA]
Epoch: 18, loss: 10.14440625667572, eval loss: [NA]
Epoch: 19, loss: 10.113783068656922, eval loss: [NA]
Epoch: 20, loss: 10.126156902313232, eval loss: [NA]
Epoch: 21, loss: 10.12118793964386, eval loss: [NA]
Epoch: 22, loss: 10.124841566085815, eval loss: [NA]
Epoch: 23, loss: 10.125593872070313, eval loss: [NA]
Epoch: 24, loss: 10.121714482307434, eval loss: [NA]
Epoch: 25, loss: 10.108660836219787, eval loss: [NA]
Epoch: 26, loss: 10.09946228981018, eval loss: [NA]
Epoch: 27, loss: 10.13430950641632, eval loss: [NA]
Epoch: 28, loss: 10.110330862998962, eval loss: [NA]
Epoch: 29, loss: 10.109449706077577, eval loss: [NA]
start update posterior model
Epoch: 0, loss: 14.386620197296143, eval loss: [NA]
Epoch: 1, loss: 14.37384877204895, eval loss: [NA]
Epoch: 2, loss: 14.37307822227478, eval loss: [NA]
Epoch: 3, loss: 14.375334606170654, eval loss: [NA]
Epoch: 4, loss: 14.371762700080872, eval loss: [NA]
Epoch: 5, loss: 14.375309686660767, eval loss: [NA]
Epoch: 6, loss: 14.373696184158325, eval loss: [NA]
Epoch: 7, loss: 14.371306366920471, eval loss: [NA]
Epoch: 8, loss: 14.36568452835083, eval loss: [NA]
Epoch: 9, loss: 14.369964838027954, eval loss: [NA]
Epoch: 10, loss: 14.373273229598999, eval loss: [NA]
Epoch: 11, loss: 14.372107434272767, eval loss: [NA]
Epoch: 12, loss: 14.373046293258668, eval loss: [NA]
Epoch: 13, loss: 14.372589693069457, eval loss: [NA]
Epoch: 14, loss: 14.369494576454162, eval loss: [NA]
Epoch: 15, loss: 14.374127960205078, eval loss: [NA]
Epoch: 16, loss: 14.374072780609131, eval loss: [NA]
Epoch: 17, loss: 14.370893363952638, eval loss: [NA]
Epoch: 18, loss: 14.370860104560853, eval loss: [NA]
Epoch: 19, loss: 14.379386200904847, eval loss: [NA]
Epoch: 20, loss: 14.366457285881042, eval loss: [NA]
Epoch: 21, loss: 14.36808036327362, eval loss: [NA]
Epoch: 22, loss: 14.366364789009094, eval loss: [NA]
Epoch: 23, loss: 14.36936017036438, eval loss: [NA]
Epoch: 24, loss: 14.369760570526124, eval loss: [NA]
Epoch: 25, loss: 14.371276383399964, eval loss: [NA]
Epoch: 26, loss: 14.369424996376038, eval loss: [NA]
Epoch: 27, loss: 14.366517906188966, eval loss: [NA]
Epoch: 28, loss: 14.374451937675476, eval loss: [NA]
Epoch: 29, loss: 14.365424323081971, eval loss: [NA]
Iteration: 3
start update likelihood model
Epoch: 0, loss: 10.167993912696838, eval loss: [NA]
Epoch: 1, loss: 10.147655568122865, eval loss: [NA]
Epoch: 2, loss: 10.135756239891052, eval loss: [NA]
Epoch: 3, loss: 10.13921404838562, eval loss: [NA]
Epoch: 4, loss: 10.14473648071289, eval loss: [NA]
Epoch: 5, loss: 10.134833402633667, eval loss: [NA]
Epoch: 6, loss: 10.139785079956054, eval loss: [NA]
Epoch: 7, loss: 10.131188173294067, eval loss: [NA]
Epoch: 8, loss: 10.129053869247436, eval loss: [NA]
Epoch: 9, loss: 10.130569496154784, eval loss: [NA]
Epoch: 10, loss: 10.133634948730469, eval loss: [NA]
Epoch: 11, loss: 10.138288159370422, eval loss: [NA]
Epoch: 12, loss: 10.130122556686402, eval loss: [NA]
Epoch: 13, loss: 10.122539591789245, eval loss: [NA]
Epoch: 14, loss: 10.117105631828307, eval loss: [NA]
Epoch: 15, loss: 10.118968958854675, eval loss: [NA]
Epoch: 16, loss: 10.126572575569153, eval loss: [NA]
Epoch: 17, loss: 10.12604232788086, eval loss: [NA]
Epoch: 18, loss: 10.13256467819214, eval loss: [NA]
Epoch: 19, loss: 10.110076851844788, eval loss: [NA]
Epoch: 20, loss: 10.105560941696167, eval loss: [NA]
Epoch: 21, loss: 10.106052360534669, eval loss: [NA]
Epoch: 22, loss: 10.112314777374268, eval loss: [NA]
Epoch: 23, loss: 10.116858196258544, eval loss: [NA]
Epoch: 24, loss: 10.113261995315552, eval loss: [NA]
Epoch: 25, loss: 10.105340781211853, eval loss: [NA]
Epoch: 26, loss: 10.101296677589417, eval loss: [NA]
Epoch: 27, loss: 10.101716585159302, eval loss: [NA]
Epoch: 28, loss: 10.102661590576172, eval loss: [NA]
Epoch: 29, loss: 10.10865574836731, eval loss: [NA]
start update posterior model
Epoch: 0, loss: 14.656880917549133, eval loss: [NA]
Epoch: 1, loss: 14.653434867858886, eval loss: [NA]
Epoch: 2, loss: 14.65248640537262, eval loss: [NA]
Epoch: 3, loss: 14.663243470191956, eval loss: [NA]
Epoch: 4, loss: 14.650924406051637, eval loss: [NA]
Epoch: 5, loss: 14.653224592208863, eval loss: [NA]
Epoch: 6, loss: 14.650654792785645, eval loss: [NA]
Epoch: 7, loss: 14.651946897506713, eval loss: [NA]
Epoch: 8, loss: 14.648277091979981, eval loss: [NA]
Epoch: 9, loss: 14.6504035282135, eval loss: [NA]
Epoch: 10, loss: 14.649282884597778, eval loss: [NA]
Epoch: 11, loss: 14.648250994682313, eval loss: [NA]
Epoch: 12, loss: 14.657082023620605, eval loss: [NA]
Epoch: 13, loss: 14.651245470046996, eval loss: [NA]
Epoch: 14, loss: 14.657331075668335, eval loss: [NA]
Epoch: 15, loss: 14.649728722572327, eval loss: [NA]
Epoch: 16, loss: 14.659354710578919, eval loss: [NA]
Epoch: 17, loss: 14.65165738582611, eval loss: [NA]
Epoch: 18, loss: 14.652175598144531, eval loss: [NA]
Epoch: 19, loss: 14.649741549491882, eval loss: [NA]
Epoch: 20, loss: 14.645262851715088, eval loss: [NA]
Epoch: 21, loss: 14.653102622032165, eval loss: [NA]
Epoch: 22, loss: 14.653038883209229, eval loss: [NA]
Epoch: 23, loss: 14.653239731788636, eval loss: [NA]
Epoch: 24, loss: 14.649044361114502, eval loss: [NA]
Epoch: 25, loss: 14.655023632049561, eval loss: [NA]
Epoch: 26, loss: 14.644666838645936, eval loss: [NA]
Epoch: 27, loss: 14.650132994651795, eval loss: [NA]
Epoch: 28, loss: 14.649302353858948, eval loss: [NA]
Epoch: 29, loss: 14.647345309257508, eval loss: [NA]
Iteration: 4
start update likelihood model
Epoch: 0, loss: 10.109212965965272, eval loss: [NA]
Epoch: 1, loss: 10.082708854675293, eval loss: [NA]
Epoch: 2, loss: 10.079865884780883, eval loss: [NA]
Epoch: 3, loss: 10.077402720451355, eval loss: [NA]
Epoch: 4, loss: 10.080252099037171, eval loss: [NA]
Epoch: 5, loss: 10.07306487083435, eval loss: [NA]
Epoch: 6, loss: 10.08093713760376, eval loss: [NA]
Epoch: 7, loss: 10.077276153564453, eval loss: [NA]
Epoch: 8, loss: 10.072621126174926, eval loss: [NA]
Epoch: 9, loss: 10.071210074424744, eval loss: [NA]
Epoch: 10, loss: 10.067902112007141, eval loss: [NA]
Epoch: 11, loss: 10.065532875061034, eval loss: [NA]
Epoch: 12, loss: 10.067039232254029, eval loss: [NA]
Epoch: 13, loss: 10.065700755119323, eval loss: [NA]
Epoch: 14, loss: 10.049618816375732, eval loss: [NA]
Epoch: 15, loss: 10.069500584602356, eval loss: [NA]
Epoch: 16, loss: 10.067610144615173, eval loss: [NA]
Epoch: 17, loss: 10.07053662776947, eval loss: [NA]
Epoch: 18, loss: 10.049963192939758, eval loss: [NA]
Epoch: 19, loss: 10.057943234443664, eval loss: [NA]
Epoch: 20, loss: 10.04858193397522, eval loss: [NA]
Epoch: 21, loss: 10.051713690757751, eval loss: [NA]
Epoch: 22, loss: 10.047663655281067, eval loss: [NA]
Epoch: 23, loss: 10.067683215141296, eval loss: [NA]
Epoch: 24, loss: 10.051715397834778, eval loss: [NA]
Epoch: 25, loss: 10.053728327751159, eval loss: [NA]
Epoch: 26, loss: 10.056356587409972, eval loss: [NA]
Epoch: 27, loss: 10.043931078910827, eval loss: [NA]
Epoch: 28, loss: 10.052643594741822, eval loss: [NA]
Epoch: 29, loss: 10.053220925331116, eval loss: [NA]
start update posterior model
Epoch: 0, loss: 14.703643708229064, eval loss: [NA]
Epoch: 1, loss: 14.707501344680786, eval loss: [NA]
Epoch: 2, loss: 14.70197684764862, eval loss: [NA]
Epoch: 3, loss: 14.706735372543335, eval loss: [NA]
Epoch: 4, loss: 14.701192030906677, eval loss: [NA]
Epoch: 5, loss: 14.701173248291015, eval loss: [NA]
Epoch: 6, loss: 14.705331683158875, eval loss: [NA]
Epoch: 7, loss: 14.700145506858826, eval loss: [NA]
Epoch: 8, loss: 14.700910663604736, eval loss: [NA]
Epoch: 9, loss: 14.706777958869933, eval loss: [NA]
Epoch: 10, loss: 14.699714732170104, eval loss: [NA]
Epoch: 11, loss: 14.700897130966187, eval loss: [NA]
Epoch: 12, loss: 14.704811248779297, eval loss: [NA]
Epoch: 13, loss: 14.704708061218263, eval loss: [NA]
Epoch: 14, loss: 14.710596671104431, eval loss: [NA]
Epoch: 15, loss: 14.702060575485229, eval loss: [NA]
Epoch: 16, loss: 14.70404784679413, eval loss: [NA]
Epoch: 17, loss: 14.704503989219665, eval loss: [NA]
Epoch: 18, loss: 14.70342348575592, eval loss: [NA]
Epoch: 19, loss: 14.701728258132935, eval loss: [NA]
Epoch: 20, loss: 14.704210896492004, eval loss: [NA]
Epoch: 21, loss: 14.70404185295105, eval loss: [NA]
Epoch: 22, loss: 14.701935548782348, eval loss: [NA]
Epoch: 23, loss: 14.70528561592102, eval loss: [NA]
Epoch: 24, loss: 14.700707459449768, eval loss: [NA]
Epoch: 25, loss: 14.70301152229309, eval loss: [NA]
Epoch: 26, loss: 14.703480525016785, eval loss: [NA]
Epoch: 27, loss: 14.701162252426148, eval loss: [NA]
Epoch: 28, loss: 14.701426672935487, eval loss: [NA]
Epoch: 29, loss: 14.704761300086975, eval loss: [NA]

Runtime:581.45
[1.3352195663718054e+19, 0.0463, 0.0115, 0.0071]
[1378694725632.0, 1.3554, 1.2911, 1.3377]
[99539029590016.0, 1.3639, 1.3969, 1.4102]
KL div untrained: 9.603350649301725e+18
KL div trained: 0.0174
