Input args:
Dim: 2
seed: 40
seed_data: 10
/home/samwiq/spa/seq-posterior-approx-w-nf-dev/mv_gaussian/low_dim_w_five_obs/lunarc
/home/samwiq/spa/seq-posterior-approx-w-nf-dev
tensor(2.1766, grad_fn=<MeanBackward0>)
tensor(1.8208, grad_fn=<MeanBackward0>)
tensor([ 0.1048,  0.0201,  0.1318, -0.3065,  0.0978, -0.0298,  0.0182,  0.1568,
         0.0966, -0.1618], grad_fn=<MeanBackward1>)
tensor([1.0195, 0.9387, 1.0567, 0.9054, 0.9979, 0.9104, 1.0458, 1.0724, 1.1175,
        1.0069], grad_fn=<StdBackward1>)
tensor([ 3.1770,  0.2196,  3.1237,  0.1125,  1.5780, -0.9509,  3.4752,  0.8462,
         2.7172, -0.4549])
start full training
Iteration: 1
start update likelihood model
Epoch: 0, loss: 11.798649029541016, eval loss: [NA]
Epoch: 1, loss: 7.1065413177490235, eval loss: [NA]
Epoch: 2, loss: 7.012199700927734, eval loss: [NA]
Epoch: 3, loss: 6.961558859252929, eval loss: [NA]
Epoch: 4, loss: 6.955246160888672, eval loss: [NA]
Epoch: 5, loss: 6.929597821044922, eval loss: [NA]
Epoch: 6, loss: 6.935789770507813, eval loss: [NA]
Epoch: 7, loss: 6.922073526000976, eval loss: [NA]
Epoch: 8, loss: 6.789693569946289, eval loss: [NA]
Epoch: 9, loss: 6.5029107879638675, eval loss: [NA]
Epoch: 10, loss: 6.196524002075195, eval loss: [NA]
Epoch: 11, loss: 5.980012510681152, eval loss: [NA]
Epoch: 12, loss: 5.508095230102539, eval loss: [NA]
Epoch: 13, loss: 5.02954541015625, eval loss: [NA]
Epoch: 14, loss: 4.921624002075196, eval loss: [NA]
Epoch: 15, loss: 4.788932652282715, eval loss: [NA]
Epoch: 16, loss: 4.774107632446289, eval loss: [NA]
Epoch: 17, loss: 4.72937645111084, eval loss: [NA]
Epoch: 18, loss: 4.78533522644043, eval loss: [NA]
Epoch: 19, loss: 4.720633761596679, eval loss: [NA]
Epoch: 20, loss: 4.6939277160644535, eval loss: [NA]
Epoch: 21, loss: 4.731102806091308, eval loss: [NA]
Epoch: 22, loss: 4.678166694641114, eval loss: [NA]
Epoch: 23, loss: 4.683176058959961, eval loss: [NA]
Epoch: 24, loss: 4.644512811279297, eval loss: [NA]
start update posterior model from prior pred - hot start
Epoch: 0, loss: 2.0494516769051554, eval loss: [NA]
Epoch: 1, loss: 0.8614615719020366, eval loss: [NA]
Epoch: 2, loss: 0.6680532543361187, eval loss: [NA]
Epoch: 3, loss: 0.6003441692143678, eval loss: [NA]
Epoch: 4, loss: 0.546804022602737, eval loss: [NA]
start update posterior model
Epoch: 0, loss: 5.1497365307807925, eval loss: [NA]
Epoch: 1, loss: 5.169586687088013, eval loss: [NA]
Epoch: 2, loss: 5.134617147445678, eval loss: [NA]
Epoch: 3, loss: 5.127716012001038, eval loss: [NA]
Epoch: 4, loss: 5.158641331195831, eval loss: [NA]
Epoch: 5, loss: 5.152134459018708, eval loss: [NA]
Epoch: 6, loss: 5.1239991593360905, eval loss: [NA]
Epoch: 7, loss: 5.144152746200562, eval loss: [NA]
Epoch: 8, loss: 5.115722706317902, eval loss: [NA]
Epoch: 9, loss: 5.144106769561768, eval loss: [NA]
Epoch: 10, loss: 5.127910358905792, eval loss: [NA]
Epoch: 11, loss: 5.131685090065003, eval loss: [NA]
Epoch: 12, loss: 5.117296392917633, eval loss: [NA]
Epoch: 13, loss: 5.114715001583099, eval loss: [NA]
Epoch: 14, loss: 5.137834250926971, eval loss: [NA]
Epoch: 15, loss: 5.130198423862457, eval loss: [NA]
Epoch: 16, loss: 5.133871719837189, eval loss: [NA]
Epoch: 17, loss: 5.114077925682068, eval loss: [NA]
Epoch: 18, loss: 5.123283009529114, eval loss: [NA]
Epoch: 19, loss: 5.100284519195557, eval loss: [NA]
Epoch: 20, loss: 5.128416218757629, eval loss: [NA]
Epoch: 21, loss: 5.119475440979004, eval loss: [NA]
Epoch: 22, loss: 5.120603425502777, eval loss: [NA]
Epoch: 23, loss: 5.118422327041626, eval loss: [NA]
Epoch: 24, loss: 5.151455821990967, eval loss: [NA]
Iteration: 2
start update likelihood model
Epoch: 0, loss: 4.591360954284668, eval loss: [NA]
Epoch: 1, loss: 4.575611805725098, eval loss: [NA]
Epoch: 2, loss: 4.575975421142578, eval loss: [NA]
Epoch: 3, loss: 4.542715473937989, eval loss: [NA]
Epoch: 4, loss: 4.5434827117919925, eval loss: [NA]
Epoch: 5, loss: 4.55913299407959, eval loss: [NA]
Epoch: 6, loss: 4.570742961120605, eval loss: [NA]
Epoch: 7, loss: 4.502393865966797, eval loss: [NA]
Epoch: 8, loss: 4.418847737121582, eval loss: [NA]
Epoch: 9, loss: 4.02808623046875, eval loss: [NA]
Epoch: 10, loss: 3.833353260803223, eval loss: [NA]
Epoch: 11, loss: 3.739827667236328, eval loss: [NA]
Epoch: 12, loss: 3.7215762939453123, eval loss: [NA]
Epoch: 13, loss: 3.6345052795410155, eval loss: [NA]
Epoch: 14, loss: 3.6609155731201173, eval loss: [NA]
Epoch: 15, loss: 3.6301243530273437, eval loss: [NA]
Epoch: 16, loss: 3.642118119812012, eval loss: [NA]
Epoch: 17, loss: 3.6533560958862306, eval loss: [NA]
Epoch: 18, loss: 3.630740293884277, eval loss: [NA]
Epoch: 19, loss: 3.616843785095215, eval loss: [NA]
Epoch: 20, loss: 3.605400733947754, eval loss: [NA]
Epoch: 21, loss: 3.57689157409668, eval loss: [NA]
Epoch: 22, loss: 3.5940294845581056, eval loss: [NA]
Epoch: 23, loss: 3.6152252914428713, eval loss: [NA]
Epoch: 24, loss: 3.6139918884277344, eval loss: [NA]
start update posterior model
Epoch: 0, loss: 5.106900289058685, eval loss: [NA]
Epoch: 1, loss: 5.0664011359214784, eval loss: [NA]
Epoch: 2, loss: 5.0884548163414, eval loss: [NA]
Epoch: 3, loss: 5.116125299930572, eval loss: [NA]
Epoch: 4, loss: 5.0873514795303345, eval loss: [NA]
Epoch: 5, loss: 5.097049269676209, eval loss: [NA]
Epoch: 6, loss: 5.086545691490174, eval loss: [NA]
Epoch: 7, loss: 5.0962720656394955, eval loss: [NA]
Epoch: 8, loss: 5.05700667142868, eval loss: [NA]
Epoch: 9, loss: 5.085475146770477, eval loss: [NA]
Epoch: 10, loss: 5.093474524021149, eval loss: [NA]
Epoch: 11, loss: 5.0924050545692445, eval loss: [NA]
Epoch: 12, loss: 5.07352112531662, eval loss: [NA]
Epoch: 13, loss: 5.089570825099945, eval loss: [NA]
Epoch: 14, loss: 5.0684309005737305, eval loss: [NA]
Epoch: 15, loss: 5.073271224498749, eval loss: [NA]
Epoch: 16, loss: 5.075834634304047, eval loss: [NA]
Epoch: 17, loss: 5.079505441188812, eval loss: [NA]
Epoch: 18, loss: 5.079970409870148, eval loss: [NA]
Epoch: 19, loss: 5.0912913846969605, eval loss: [NA]
Epoch: 20, loss: 5.084283020496368, eval loss: [NA]
Epoch: 21, loss: 5.0690081548690795, eval loss: [NA]
Epoch: 22, loss: 5.109203183650971, eval loss: [NA]
Epoch: 23, loss: 5.0785911083221436, eval loss: [NA]
Epoch: 24, loss: 5.071394603252411, eval loss: [NA]
Iteration: 3
start update likelihood model
Epoch: 0, loss: 3.559294221496582, eval loss: [NA]
Epoch: 1, loss: 3.565319876098633, eval loss: [NA]
Epoch: 2, loss: 3.5449281845092773, eval loss: [NA]
Epoch: 3, loss: 3.592511674499512, eval loss: [NA]
Epoch: 4, loss: 3.531742723083496, eval loss: [NA]
Epoch: 5, loss: 3.5442291885375976, eval loss: [NA]
Epoch: 6, loss: 3.5496155746459963, eval loss: [NA]
Epoch: 7, loss: 3.4973245239257813, eval loss: [NA]
Epoch: 8, loss: 3.50383184967041, eval loss: [NA]
Epoch: 9, loss: 3.518113684082031, eval loss: [NA]
Epoch: 10, loss: 3.516179917907715, eval loss: [NA]
Epoch: 11, loss: 3.538907341003418, eval loss: [NA]
Epoch: 12, loss: 3.507390773010254, eval loss: [NA]
Epoch: 13, loss: 3.530901916503906, eval loss: [NA]
Epoch: 14, loss: 3.524483331298828, eval loss: [NA]
Epoch: 15, loss: 3.5295503799438475, eval loss: [NA]
Epoch: 16, loss: 3.50051354675293, eval loss: [NA]
Epoch: 17, loss: 3.517077210998535, eval loss: [NA]
Epoch: 18, loss: 3.5003584548950197, eval loss: [NA]
Epoch: 19, loss: 3.48975107421875, eval loss: [NA]
Epoch: 20, loss: 3.5111014450073244, eval loss: [NA]
Epoch: 21, loss: 3.535631784057617, eval loss: [NA]
Epoch: 22, loss: 3.503003988647461, eval loss: [NA]
Epoch: 23, loss: 3.5061353775024413, eval loss: [NA]
Epoch: 24, loss: 3.5044775283813476, eval loss: [NA]
start update posterior model
Epoch: 0, loss: 4.682591581344605, eval loss: [NA]
Epoch: 1, loss: 4.663981204032898, eval loss: [NA]
Epoch: 2, loss: 4.6799448347091674, eval loss: [NA]
Epoch: 3, loss: 4.670660746097565, eval loss: [NA]
Epoch: 4, loss: 4.674333095550537, eval loss: [NA]
Epoch: 5, loss: 4.660355081558228, eval loss: [NA]
Epoch: 6, loss: 4.664441618919373, eval loss: [NA]
Epoch: 7, loss: 4.660264730453491, eval loss: [NA]
Epoch: 8, loss: 4.674274492263794, eval loss: [NA]
Epoch: 9, loss: 4.692483067512512, eval loss: [NA]
Epoch: 10, loss: 4.6745851969718935, eval loss: [NA]
Epoch: 11, loss: 4.6725586318969725, eval loss: [NA]
Epoch: 12, loss: 4.690504503250122, eval loss: [NA]
Epoch: 13, loss: 4.656511466503144, eval loss: [NA]
Epoch: 14, loss: 4.656474416255951, eval loss: [NA]
Epoch: 15, loss: 4.676504368782044, eval loss: [NA]
Epoch: 16, loss: 4.653118007183075, eval loss: [NA]
Epoch: 17, loss: 4.66845068693161, eval loss: [NA]
Epoch: 18, loss: 4.686334617137909, eval loss: [NA]
Epoch: 19, loss: 4.659230480194092, eval loss: [NA]
Epoch: 20, loss: 4.650923547744751, eval loss: [NA]
Epoch: 21, loss: 4.663747732639313, eval loss: [NA]
Epoch: 22, loss: 4.65684588432312, eval loss: [NA]
Epoch: 23, loss: 4.662775609493256, eval loss: [NA]
Epoch: 24, loss: 4.698611373901367, eval loss: [NA]
Iteration: 4
start update likelihood model
Epoch: 0, loss: 3.519154379272461, eval loss: [NA]
Epoch: 1, loss: 3.5008369033813476, eval loss: [NA]
Epoch: 2, loss: 3.5335742584228518, eval loss: [NA]
Epoch: 3, loss: 3.5214581451416014, eval loss: [NA]
Epoch: 4, loss: 3.5189804244995115, eval loss: [NA]
Epoch: 5, loss: 3.4818098190307616, eval loss: [NA]
Epoch: 6, loss: 3.5024599349975585, eval loss: [NA]
Epoch: 7, loss: 3.516733674621582, eval loss: [NA]
Epoch: 8, loss: 3.4957340393066407, eval loss: [NA]
Epoch: 9, loss: 3.5020762817382813, eval loss: [NA]
Epoch: 10, loss: 3.5169707702636717, eval loss: [NA]
Epoch: 11, loss: 3.511009201049805, eval loss: [NA]
Epoch: 12, loss: 3.491559088134766, eval loss: [NA]
Epoch: 13, loss: 3.5020887405395507, eval loss: [NA]
Epoch: 14, loss: 3.5041398773193357, eval loss: [NA]
Epoch: 15, loss: 3.4793570983886717, eval loss: [NA]
Epoch: 16, loss: 3.501059573364258, eval loss: [NA]
Epoch: 17, loss: 3.4845586364746093, eval loss: [NA]
Epoch: 18, loss: 3.4799513244628906, eval loss: [NA]
Epoch: 19, loss: 3.4683369171142577, eval loss: [NA]
Epoch: 20, loss: 3.4973649642944338, eval loss: [NA]
Epoch: 21, loss: 3.5011393508911133, eval loss: [NA]
Epoch: 22, loss: 3.4961090728759765, eval loss: [NA]
Epoch: 23, loss: 3.5123837295532225, eval loss: [NA]
Epoch: 24, loss: 3.480496353149414, eval loss: [NA]
start update posterior model
Epoch: 0, loss: 4.629871127605438, eval loss: [NA]
Epoch: 1, loss: 4.624964270591736, eval loss: [NA]
Epoch: 2, loss: 4.6314758205413815, eval loss: [NA]
Epoch: 3, loss: 4.61183886051178, eval loss: [NA]
Epoch: 4, loss: 4.612462177276611, eval loss: [NA]
Epoch: 5, loss: 4.652337684631347, eval loss: [NA]
Epoch: 6, loss: 4.6363292813301085, eval loss: [NA]
Epoch: 7, loss: 4.642532963752746, eval loss: [NA]
Epoch: 8, loss: 4.645180335044861, eval loss: [NA]
Epoch: 9, loss: 4.643925168514252, eval loss: [NA]
Epoch: 10, loss: 4.636279735565186, eval loss: [NA]
Epoch: 11, loss: 4.634046115875244, eval loss: [NA]
Epoch: 12, loss: 4.665047731399536, eval loss: [NA]
Epoch: 13, loss: 4.650160505771637, eval loss: [NA]
Epoch: 14, loss: 4.638714900016785, eval loss: [NA]
Epoch: 15, loss: 4.6388652348518375, eval loss: [NA]
Epoch: 16, loss: 4.620520689487457, eval loss: [NA]
Epoch: 17, loss: 4.657179634571076, eval loss: [NA]
Epoch: 18, loss: 4.623409693241119, eval loss: [NA]
Epoch: 19, loss: 4.643869678974152, eval loss: [NA]
Epoch: 20, loss: 4.635909049510956, eval loss: [NA]
Epoch: 21, loss: 4.626316230297089, eval loss: [NA]
Epoch: 22, loss: 4.62327271938324, eval loss: [NA]
Epoch: 23, loss: 4.662784848213196, eval loss: [NA]
Epoch: 24, loss: 4.629954509735107, eval loss: [NA]

Runtime:413.42
[6.898498504490382e+16, 0.4517, 0.2365, 0.1028]
[1.8208, 0.7394, 0.6515, 0.6373]
[2.1766, 0.8869, 0.7522, 0.7426]
tensor(0.7588, grad_fn=<MeanBackward0>)
tensor(0.6227, grad_fn=<MeanBackward0>)
tensor([ 3.0938,  0.2660,  2.0292, -0.7857,  2.1088, -0.7925,  3.5540,  0.8410,
         2.5463, -0.2536], grad_fn=<MeanBackward1>)
tensor([0.3401, 0.3350, 1.1516, 1.2159, 1.2153, 1.2117, 0.3269, 0.3232, 0.3206,
        0.3328], grad_fn=<StdBackward1>)
tensor([ 3.1770,  0.2196,  3.1237,  0.1125,  1.5780, -0.9509,  3.4752,  0.8462,
         2.7172, -0.4549])
KL div untrained: 4.087798844869097e+16
KL div trained: 0.1494
