Input args:
Dim: 2
seed: 15
seed_data: 10
/home/samwiq/snpla/seq-posterior-approx-w-nf-dev/mv_gaussian/low_dim_w_five_obs/lunarc
/home/samwiq/snpla/seq-posterior-approx-w-nf-dev
tensor(3.7725e+12, grad_fn=<MeanBackward0>)
tensor(7.2728e+08, grad_fn=<MeanBackward0>)
tensor([ 7.0758e+09, -1.7988e+08,  4.0461e+06,  3.2120e+01,  2.9051e+04,
         2.7497e+05,  6.2835e+04, -3.5846e+03,  4.5921e+03,  7.8533e+00],
       grad_fn=<MeanBackward1>)
tensor([1.5963e+11, 4.3972e+09, 2.5507e+08, 7.0150e+02, 6.7971e+05, 5.3656e+06,
        1.9907e+06, 6.9693e+04, 1.5617e+05, 2.2741e+02],
       grad_fn=<StdBackward1>)
tensor([-2.4087,  0.9012, -2.2200,  1.1820, -0.3202,  2.8520, -3.0795, -0.1006,
        -0.3906,  2.1908])
start full training
Iteration: 1
start update likelihood model
Epoch: 0, loss: 19.07563961982727, eval loss: [NA]
Epoch: 1, loss: 12.862949509620666, eval loss: [NA]
Epoch: 2, loss: 10.938546557426452, eval loss: [NA]
Epoch: 3, loss: 10.522636556625367, eval loss: [NA]
Epoch: 4, loss: 10.41078462600708, eval loss: [NA]
Epoch: 5, loss: 10.348686742782593, eval loss: [NA]
Epoch: 6, loss: 10.314232759475708, eval loss: [NA]
Epoch: 7, loss: 10.379052724838257, eval loss: [NA]
Epoch: 8, loss: 10.283575320243836, eval loss: [NA]
Epoch: 9, loss: 10.25328206539154, eval loss: [NA]
Epoch: 10, loss: 10.251317329406739, eval loss: [NA]
Epoch: 11, loss: 10.218264508247376, eval loss: [NA]
Epoch: 12, loss: 10.229525775909424, eval loss: [NA]
Epoch: 13, loss: 10.21949465751648, eval loss: [NA]
Epoch: 14, loss: 10.221525344848633, eval loss: [NA]
Epoch: 15, loss: 10.223600449562072, eval loss: [NA]
Epoch: 16, loss: 10.208457832336427, eval loss: [NA]
Epoch: 17, loss: 10.223234634399414, eval loss: [NA]
Epoch: 18, loss: 10.178962078094482, eval loss: [NA]
Epoch: 19, loss: 10.202789635658265, eval loss: [NA]
Epoch: 20, loss: 10.173178324699402, eval loss: [NA]
Epoch: 21, loss: 10.172589330673217, eval loss: [NA]
Epoch: 22, loss: 10.182655882835387, eval loss: [NA]
Epoch: 23, loss: 10.177729678153991, eval loss: [NA]
Epoch: 24, loss: 10.162995386123658, eval loss: [NA]
start update posterior model from prior pred - hot start
Epoch: 0, loss: 2.0115991497039794, eval loss: [NA]
Epoch: 1, loss: 0.8816791641712188, eval loss: [NA]
Epoch: 2, loss: 0.6738297601789236, eval loss: [NA]
Epoch: 3, loss: 0.6039824567735195, eval loss: [NA]
Epoch: 4, loss: 0.5485815678536892, eval loss: [NA]
start update posterior model
Epoch: 0, loss: 13.827391691207886, eval loss: [NA]
Epoch: 1, loss: 13.810818729400635, eval loss: [NA]
Epoch: 2, loss: 13.805122089385986, eval loss: [NA]
Epoch: 3, loss: 13.804892497062683, eval loss: [NA]
Epoch: 4, loss: 13.80739739894867, eval loss: [NA]
Epoch: 5, loss: 13.807081456184386, eval loss: [NA]
Epoch: 6, loss: 13.805819830894471, eval loss: [NA]
Epoch: 7, loss: 13.810088024139404, eval loss: [NA]
Epoch: 8, loss: 13.790594215393066, eval loss: [NA]
Epoch: 9, loss: 13.802637557983399, eval loss: [NA]
Epoch: 10, loss: 13.801948804855346, eval loss: [NA]
Epoch: 11, loss: 13.790615663528442, eval loss: [NA]
Epoch: 12, loss: 13.800903744697571, eval loss: [NA]
Epoch: 13, loss: 13.795570831298829, eval loss: [NA]
Epoch: 14, loss: 13.785745177268982, eval loss: [NA]
Epoch: 15, loss: 13.78982177734375, eval loss: [NA]
Epoch: 16, loss: 13.787876472473144, eval loss: [NA]
Epoch: 17, loss: 13.787652101516723, eval loss: [NA]
Epoch: 18, loss: 13.794572486877442, eval loss: [NA]
Epoch: 19, loss: 13.795361590385436, eval loss: [NA]
Epoch: 20, loss: 13.789545774459839, eval loss: [NA]
Epoch: 21, loss: 13.8011257314682, eval loss: [NA]
Epoch: 22, loss: 13.792566609382629, eval loss: [NA]
Epoch: 23, loss: 13.79390392780304, eval loss: [NA]
Epoch: 24, loss: 13.788790912628174, eval loss: [NA]
Epoch: 25, loss: 13.793232998847962, eval loss: [NA]
Epoch: 26, loss: 13.796128520965576, eval loss: [NA]
Epoch: 27, loss: 13.788226175308228, eval loss: [NA]
Epoch: 28, loss: 13.791138911247254, eval loss: [NA]
Epoch: 29, loss: 13.790128412246704, eval loss: [NA]
Iteration: 2
start update likelihood model
Epoch: 0, loss: 10.096659054756165, eval loss: [NA]
Epoch: 1, loss: 10.11179467201233, eval loss: [NA]
Epoch: 2, loss: 10.086703572273255, eval loss: [NA]
Epoch: 3, loss: 10.083010716438293, eval loss: [NA]
Epoch: 4, loss: 10.096491117477417, eval loss: [NA]
Epoch: 5, loss: 10.070298190116882, eval loss: [NA]
Epoch: 6, loss: 10.082792491912842, eval loss: [NA]
Epoch: 7, loss: 10.087572083473205, eval loss: [NA]
Epoch: 8, loss: 10.066514053344726, eval loss: [NA]
Epoch: 9, loss: 10.085396070480346, eval loss: [NA]
Epoch: 10, loss: 10.082257599830628, eval loss: [NA]
Epoch: 11, loss: 10.070909819602967, eval loss: [NA]
Epoch: 12, loss: 10.075236434936523, eval loss: [NA]
Epoch: 13, loss: 10.061744804382323, eval loss: [NA]
Epoch: 14, loss: 10.082179594039918, eval loss: [NA]
Epoch: 15, loss: 10.066001710891724, eval loss: [NA]
Epoch: 16, loss: 10.08017870426178, eval loss: [NA]
Epoch: 17, loss: 10.056263360977173, eval loss: [NA]
Epoch: 18, loss: 10.075390362739563, eval loss: [NA]
Epoch: 19, loss: 10.052744135856628, eval loss: [NA]
Epoch: 20, loss: 10.05740794658661, eval loss: [NA]
Epoch: 21, loss: 10.061099195480347, eval loss: [NA]
Epoch: 22, loss: 10.050979466438294, eval loss: [NA]
Epoch: 23, loss: 10.070824966430663, eval loss: [NA]
Epoch: 24, loss: 10.057610774040223, eval loss: [NA]
Epoch: 25, loss: 10.046179904937745, eval loss: [NA]
Epoch: 26, loss: 10.044634275436401, eval loss: [NA]
Epoch: 27, loss: 10.060082297325135, eval loss: [NA]
Epoch: 28, loss: 10.042265462875367, eval loss: [NA]
Epoch: 29, loss: 10.051871519088746, eval loss: [NA]
start update posterior model
Epoch: 0, loss: 13.467068219184876, eval loss: [NA]
Epoch: 1, loss: 13.475726847648621, eval loss: [NA]
Epoch: 2, loss: 13.474189176559449, eval loss: [NA]
Epoch: 3, loss: 13.471535601615905, eval loss: [NA]
Epoch: 4, loss: 13.471494879722595, eval loss: [NA]
Epoch: 5, loss: 13.463436498641968, eval loss: [NA]
Epoch: 6, loss: 13.468778586387634, eval loss: [NA]
Epoch: 7, loss: 13.469091982841492, eval loss: [NA]
Epoch: 8, loss: 13.466730580329894, eval loss: [NA]
Epoch: 9, loss: 13.469191126823425, eval loss: [NA]
Epoch: 10, loss: 13.47080861568451, eval loss: [NA]
Epoch: 11, loss: 13.470952143669129, eval loss: [NA]
Epoch: 12, loss: 13.469902338981628, eval loss: [NA]
Epoch: 13, loss: 13.476054673194886, eval loss: [NA]
Epoch: 14, loss: 13.462862358093261, eval loss: [NA]
Epoch: 15, loss: 13.467578253746034, eval loss: [NA]
Epoch: 16, loss: 13.462727313041688, eval loss: [NA]
Epoch: 17, loss: 13.46405662059784, eval loss: [NA]
Epoch: 18, loss: 13.485083646774292, eval loss: [NA]
Epoch: 19, loss: 13.469732680320739, eval loss: [NA]
Epoch: 20, loss: 13.461707787513733, eval loss: [NA]
Epoch: 21, loss: 13.463827633857727, eval loss: [NA]
Epoch: 22, loss: 13.468033480644227, eval loss: [NA]
Epoch: 23, loss: 13.462582445144653, eval loss: [NA]
Epoch: 24, loss: 13.463921942710876, eval loss: [NA]
Epoch: 25, loss: 13.46614710330963, eval loss: [NA]
Epoch: 26, loss: 13.463128852844239, eval loss: [NA]
Epoch: 27, loss: 13.468019542694092, eval loss: [NA]
Epoch: 28, loss: 13.462543988227845, eval loss: [NA]
Epoch: 29, loss: 13.469338698387146, eval loss: [NA]
Iteration: 3
start update likelihood model
Epoch: 0, loss: 10.132019996643066, eval loss: [NA]
Epoch: 1, loss: 10.115651750564576, eval loss: [NA]
Epoch: 2, loss: 10.103866033554077, eval loss: [NA]
Epoch: 3, loss: 10.10932014465332, eval loss: [NA]
Epoch: 4, loss: 10.108689341545105, eval loss: [NA]
Epoch: 5, loss: 10.108673477172852, eval loss: [NA]
Epoch: 6, loss: 10.09256534576416, eval loss: [NA]
Epoch: 7, loss: 10.100217323303223, eval loss: [NA]
Epoch: 8, loss: 10.099514193534851, eval loss: [NA]
Epoch: 9, loss: 10.086524043083191, eval loss: [NA]
Epoch: 10, loss: 10.095527448654174, eval loss: [NA]
Epoch: 11, loss: 10.091211528778077, eval loss: [NA]
Epoch: 12, loss: 10.090388855934144, eval loss: [NA]
Epoch: 13, loss: 10.100138821601867, eval loss: [NA]
Epoch: 14, loss: 10.085493626594543, eval loss: [NA]
Epoch: 15, loss: 10.076426696777343, eval loss: [NA]
Epoch: 16, loss: 10.078040256500245, eval loss: [NA]
Epoch: 17, loss: 10.081072549819947, eval loss: [NA]
Epoch: 18, loss: 10.081599645614624, eval loss: [NA]
Epoch: 19, loss: 10.083300790786744, eval loss: [NA]
Epoch: 20, loss: 10.069740958213806, eval loss: [NA]
Epoch: 21, loss: 10.080217256546021, eval loss: [NA]
Epoch: 22, loss: 10.072085137367248, eval loss: [NA]
Epoch: 23, loss: 10.08679389476776, eval loss: [NA]
Epoch: 24, loss: 10.072632536888122, eval loss: [NA]
Epoch: 25, loss: 10.070535807609557, eval loss: [NA]
Epoch: 26, loss: 10.062602229118347, eval loss: [NA]
Epoch: 27, loss: 10.070663199424743, eval loss: [NA]
Epoch: 28, loss: 10.063629078865052, eval loss: [NA]
Epoch: 29, loss: 10.064598379135132, eval loss: [NA]
start update posterior model
Epoch: 0, loss: 12.935914959907532, eval loss: [NA]
Epoch: 1, loss: 12.926969623565673, eval loss: [NA]
Epoch: 2, loss: 12.931082553863526, eval loss: [NA]
Epoch: 3, loss: 12.93087933063507, eval loss: [NA]
Epoch: 4, loss: 12.930949234962464, eval loss: [NA]
Epoch: 5, loss: 12.927117857933045, eval loss: [NA]
Epoch: 6, loss: 12.927360610961914, eval loss: [NA]
Epoch: 7, loss: 12.931226634979248, eval loss: [NA]
Epoch: 8, loss: 12.940519819259643, eval loss: [NA]
Epoch: 9, loss: 12.935551962852479, eval loss: [NA]
Epoch: 10, loss: 12.929106063842774, eval loss: [NA]
Epoch: 11, loss: 12.926955151557923, eval loss: [NA]
Epoch: 12, loss: 12.930212121009827, eval loss: [NA]
Epoch: 13, loss: 12.931504106521606, eval loss: [NA]
Epoch: 14, loss: 12.933050317764282, eval loss: [NA]
Epoch: 15, loss: 12.92671314716339, eval loss: [NA]
Epoch: 16, loss: 12.927196521759033, eval loss: [NA]
Epoch: 17, loss: 12.927130465507508, eval loss: [NA]
Epoch: 18, loss: 12.932761778831482, eval loss: [NA]
Epoch: 19, loss: 12.930203371047973, eval loss: [NA]
Epoch: 20, loss: 12.927093238830567, eval loss: [NA]
Epoch: 21, loss: 12.929324169158935, eval loss: [NA]
Epoch: 22, loss: 12.929311938285828, eval loss: [NA]
Epoch: 23, loss: 12.931965780258178, eval loss: [NA]
Epoch: 24, loss: 12.926324644088744, eval loss: [NA]
Epoch: 25, loss: 12.929770278930665, eval loss: [NA]
Epoch: 26, loss: 12.929650549888612, eval loss: [NA]
Epoch: 27, loss: 12.927268962860108, eval loss: [NA]
Epoch: 28, loss: 12.927960515022278, eval loss: [NA]
Epoch: 29, loss: 12.926593437194825, eval loss: [NA]
Iteration: 4
start update likelihood model
Epoch: 0, loss: 10.103080515861512, eval loss: [NA]
Epoch: 1, loss: 10.095576448440552, eval loss: [NA]
Epoch: 2, loss: 10.076958928108215, eval loss: [NA]
Epoch: 3, loss: 10.074878005981445, eval loss: [NA]
Epoch: 4, loss: 10.080916795730591, eval loss: [NA]
Epoch: 5, loss: 10.073899545669555, eval loss: [NA]
Epoch: 6, loss: 10.063699240684508, eval loss: [NA]
Epoch: 7, loss: 10.078081865310669, eval loss: [NA]
Epoch: 8, loss: 10.071927604675293, eval loss: [NA]
Epoch: 9, loss: 10.068508095741272, eval loss: [NA]
Epoch: 10, loss: 10.056008338928223, eval loss: [NA]
Epoch: 11, loss: 10.063067378997802, eval loss: [NA]
Epoch: 12, loss: 10.054060349464416, eval loss: [NA]
Epoch: 13, loss: 10.051506714820862, eval loss: [NA]
Epoch: 14, loss: 10.05419732093811, eval loss: [NA]
Epoch: 15, loss: 10.059643864631653, eval loss: [NA]
Epoch: 16, loss: 10.053608565330505, eval loss: [NA]
Epoch: 17, loss: 10.051610188484192, eval loss: [NA]
Epoch: 18, loss: 10.045483741760254, eval loss: [NA]
Epoch: 19, loss: 10.047673807144164, eval loss: [NA]
Epoch: 20, loss: 10.054954643249511, eval loss: [NA]
Epoch: 21, loss: 10.053552465438843, eval loss: [NA]
Epoch: 22, loss: 10.049800133705139, eval loss: [NA]
Epoch: 23, loss: 10.034910616874695, eval loss: [NA]
Epoch: 24, loss: 10.038131618499756, eval loss: [NA]
Epoch: 25, loss: 10.046497144699096, eval loss: [NA]
Epoch: 26, loss: 10.039847960472107, eval loss: [NA]
Epoch: 27, loss: 10.042026329040528, eval loss: [NA]
Epoch: 28, loss: 10.052164468765259, eval loss: [NA]
Epoch: 29, loss: 10.031934452056884, eval loss: [NA]
start update posterior model
Epoch: 0, loss: 13.346205959320068, eval loss: [NA]
Epoch: 1, loss: 13.348371000289918, eval loss: [NA]
Epoch: 2, loss: 13.345682587623596, eval loss: [NA]
Epoch: 3, loss: 13.340662317276001, eval loss: [NA]
Epoch: 4, loss: 13.342246947288514, eval loss: [NA]
Epoch: 5, loss: 13.341171383857727, eval loss: [NA]
Epoch: 6, loss: 13.345548806190491, eval loss: [NA]
Epoch: 7, loss: 13.342086296081543, eval loss: [NA]
Epoch: 8, loss: 13.343719425201416, eval loss: [NA]
Epoch: 9, loss: 13.346367478370667, eval loss: [NA]
Epoch: 10, loss: 13.339080548286438, eval loss: [NA]
Epoch: 11, loss: 13.338913073539734, eval loss: [NA]
Epoch: 12, loss: 13.337445440292358, eval loss: [NA]
Epoch: 13, loss: 13.342211065292359, eval loss: [NA]
Epoch: 14, loss: 13.351288290023804, eval loss: [NA]
Epoch: 15, loss: 13.341567931175232, eval loss: [NA]
Epoch: 16, loss: 13.340229692459106, eval loss: [NA]
Epoch: 17, loss: 13.343568396568298, eval loss: [NA]
Epoch: 18, loss: 13.34458930015564, eval loss: [NA]
Epoch: 19, loss: 13.340875744819641, eval loss: [NA]
Epoch: 20, loss: 13.341820039749145, eval loss: [NA]
Epoch: 21, loss: 13.341853799819946, eval loss: [NA]
Epoch: 22, loss: 13.341134943962096, eval loss: [NA]
Epoch: 23, loss: 13.34813747882843, eval loss: [NA]
Epoch: 24, loss: 13.340716581344605, eval loss: [NA]
Epoch: 25, loss: 13.338485760688782, eval loss: [NA]
Epoch: 26, loss: 13.34983169555664, eval loss: [NA]
Epoch: 27, loss: 13.340945258140565, eval loss: [NA]
Epoch: 28, loss: 13.339556193351745, eval loss: [NA]
Epoch: 29, loss: 13.344833221435547, eval loss: [NA]

Runtime:617.93
[779637070736.2888, 0.0114, 0.0198, 0.0197]
[727280768.0, 1.3214, 1.3174, 1.3]
[3772493070336.0, 1.3726, 1.3921, 1.3914]
KL div untrained: 473802522380.7914
KL div trained: 0.0173
