Input args:
Dim: 2
seed: 47
seed_data: 10
/home/samwiq/snpla/seq-posterior-approx-w-nf-dev/mv_gaussian/low_dim_w_five_obs/lunarc
/home/samwiq/snpla/seq-posterior-approx-w-nf-dev
tensor(4.7903e+12, grad_fn=<MeanBackward0>)
tensor(1.4516e+09, grad_fn=<MeanBackward0>)
tensor([ 1.4143e+10, -2.9970e+08,  5.0644e+07,  9.4017e+02,  1.7250e+05,
         1.6134e+06,  1.4979e+04, -2.1065e+04, -8.5351e+02, -1.0833e+01],
       grad_fn=<MeanBackward1>)
tensor([2.0583e+11, 5.5457e+09, 8.4774e+08, 1.8600e+04, 3.5613e+06, 2.2000e+07,
        2.9335e+05, 2.8618e+05, 3.4916e+04, 1.7918e+03],
       grad_fn=<StdBackward1>)
tensor([-4.9919,  0.1892, -5.2920, -0.1840, -2.5589,  2.8505, -2.8551,  2.2167,
        -2.6582,  2.2511])
start full training
Iteration: 1
start update likelihood model
Epoch: 0, loss: 19.77286460876465, eval loss: [NA]
Epoch: 1, loss: 13.352045187950134, eval loss: [NA]
Epoch: 2, loss: 11.116166505813599, eval loss: [NA]
Epoch: 3, loss: 10.536158995628357, eval loss: [NA]
Epoch: 4, loss: 10.45292763710022, eval loss: [NA]
Epoch: 5, loss: 10.38393551826477, eval loss: [NA]
Epoch: 6, loss: 10.333931379318237, eval loss: [NA]
Epoch: 7, loss: 10.312854795455932, eval loss: [NA]
Epoch: 8, loss: 10.2972922372818, eval loss: [NA]
Epoch: 9, loss: 10.298415021896362, eval loss: [NA]
Epoch: 10, loss: 10.261277422904968, eval loss: [NA]
Epoch: 11, loss: 10.2662762260437, eval loss: [NA]
Epoch: 12, loss: 10.267346296310425, eval loss: [NA]
Epoch: 13, loss: 10.226392488479615, eval loss: [NA]
Epoch: 14, loss: 10.242024974822998, eval loss: [NA]
Epoch: 15, loss: 10.222594389915466, eval loss: [NA]
Epoch: 16, loss: 10.238308916091919, eval loss: [NA]
Epoch: 17, loss: 10.208005905151367, eval loss: [NA]
Epoch: 18, loss: 10.214608025550842, eval loss: [NA]
Epoch: 19, loss: 10.214516324996948, eval loss: [NA]
Epoch: 20, loss: 10.19920081615448, eval loss: [NA]
Epoch: 21, loss: 10.190153698921204, eval loss: [NA]
Epoch: 22, loss: 10.198076963424683, eval loss: [NA]
Epoch: 23, loss: 10.175221848487855, eval loss: [NA]
Epoch: 24, loss: 10.175250420570373, eval loss: [NA]
start update posterior model from prior pred - hot start
Epoch: 0, loss: 1.9900923243165016, eval loss: [NA]
Epoch: 1, loss: 0.8670467051863671, eval loss: [NA]
Epoch: 2, loss: 0.6075828501582146, eval loss: [NA]
Epoch: 3, loss: 0.6062247135490179, eval loss: [NA]
Epoch: 4, loss: 0.5773311407119036, eval loss: [NA]
start update posterior model
Epoch: 0, loss: 15.649657216072082, eval loss: [NA]
Epoch: 1, loss: 15.520945234298706, eval loss: [NA]
Epoch: 2, loss: 15.517879638671875, eval loss: [NA]
Epoch: 3, loss: 15.519991860389709, eval loss: [NA]
Epoch: 4, loss: 15.512081441879273, eval loss: [NA]
Epoch: 5, loss: 15.490919127464295, eval loss: [NA]
Epoch: 6, loss: 15.483597779273987, eval loss: [NA]
Epoch: 7, loss: 15.488805222511292, eval loss: [NA]
Epoch: 8, loss: 15.495409531593323, eval loss: [NA]
Epoch: 9, loss: 15.493864235877991, eval loss: [NA]
Epoch: 10, loss: 15.485270342826844, eval loss: [NA]
Epoch: 11, loss: 15.49254937171936, eval loss: [NA]
Epoch: 12, loss: 15.492954521179199, eval loss: [NA]
Epoch: 13, loss: 15.486870312690735, eval loss: [NA]
Epoch: 14, loss: 15.481639566421508, eval loss: [NA]
Epoch: 15, loss: 15.491427779197693, eval loss: [NA]
Epoch: 16, loss: 15.479938950538635, eval loss: [NA]
Epoch: 17, loss: 15.469303545951844, eval loss: [NA]
Epoch: 18, loss: 15.479744682312012, eval loss: [NA]
Epoch: 19, loss: 15.483909754753112, eval loss: [NA]
Epoch: 20, loss: 15.481107654571533, eval loss: [NA]
Epoch: 21, loss: 15.488782811164857, eval loss: [NA]
Epoch: 22, loss: 15.47422504901886, eval loss: [NA]
Epoch: 23, loss: 15.478192796707154, eval loss: [NA]
Epoch: 24, loss: 15.488336730003358, eval loss: [NA]
Epoch: 25, loss: 15.472227387428283, eval loss: [NA]
Epoch: 26, loss: 15.48118812084198, eval loss: [NA]
Epoch: 27, loss: 15.469012651443482, eval loss: [NA]
Epoch: 28, loss: 15.47385729789734, eval loss: [NA]
Epoch: 29, loss: 15.485720152854919, eval loss: [NA]
Iteration: 2
start update likelihood model
Epoch: 0, loss: 10.224576625823975, eval loss: [NA]
Epoch: 1, loss: 10.175545058250428, eval loss: [NA]
Epoch: 2, loss: 10.141361122131348, eval loss: [NA]
Epoch: 3, loss: 10.15394865512848, eval loss: [NA]
Epoch: 4, loss: 10.160118279457093, eval loss: [NA]
Epoch: 5, loss: 10.142914943695068, eval loss: [NA]
Epoch: 6, loss: 10.118927545547486, eval loss: [NA]
Epoch: 7, loss: 10.12248701095581, eval loss: [NA]
Epoch: 8, loss: 10.109205260276795, eval loss: [NA]
Epoch: 9, loss: 10.12653431892395, eval loss: [NA]
Epoch: 10, loss: 10.129669351577759, eval loss: [NA]
Epoch: 11, loss: 10.11242947101593, eval loss: [NA]
Epoch: 12, loss: 10.099624271392821, eval loss: [NA]
Epoch: 13, loss: 10.13362846851349, eval loss: [NA]
Epoch: 14, loss: 10.110779948234558, eval loss: [NA]
Epoch: 15, loss: 10.115105638504028, eval loss: [NA]
Epoch: 16, loss: 10.110570635795593, eval loss: [NA]
Epoch: 17, loss: 10.113378200531006, eval loss: [NA]
Epoch: 18, loss: 10.115416002273559, eval loss: [NA]
Epoch: 19, loss: 10.097543268203735, eval loss: [NA]
Epoch: 20, loss: 10.102737460136414, eval loss: [NA]
Epoch: 21, loss: 10.110140266418457, eval loss: [NA]
Epoch: 22, loss: 10.103809833526611, eval loss: [NA]
Epoch: 23, loss: 10.10258976459503, eval loss: [NA]
Epoch: 24, loss: 10.08866548538208, eval loss: [NA]
Epoch: 25, loss: 10.076677217483521, eval loss: [NA]
Epoch: 26, loss: 10.103098483085633, eval loss: [NA]
Epoch: 27, loss: 10.071495652198792, eval loss: [NA]
Epoch: 28, loss: 10.103569641113282, eval loss: [NA]
Epoch: 29, loss: 10.091618838310241, eval loss: [NA]
start update posterior model
Epoch: 0, loss: 14.196281495094299, eval loss: [NA]
Epoch: 1, loss: 14.18637110710144, eval loss: [NA]
Epoch: 2, loss: 14.201659960746765, eval loss: [NA]
Epoch: 3, loss: 14.208683409690856, eval loss: [NA]
Epoch: 4, loss: 14.186948037147522, eval loss: [NA]
Epoch: 5, loss: 14.180138683319091, eval loss: [NA]
Epoch: 6, loss: 14.183203620910644, eval loss: [NA]
Epoch: 7, loss: 14.192840805053711, eval loss: [NA]
Epoch: 8, loss: 14.182928490638734, eval loss: [NA]
Epoch: 9, loss: 14.183715772628783, eval loss: [NA]
Epoch: 10, loss: 14.19112597465515, eval loss: [NA]
Epoch: 11, loss: 14.210878834724426, eval loss: [NA]
Epoch: 12, loss: 14.185348615646362, eval loss: [NA]
Epoch: 13, loss: 14.197064552307129, eval loss: [NA]
Epoch: 14, loss: 14.19497817993164, eval loss: [NA]
Epoch: 15, loss: 14.183144826889038, eval loss: [NA]
Epoch: 16, loss: 14.195659198760985, eval loss: [NA]
Epoch: 17, loss: 14.181831884384156, eval loss: [NA]
Epoch: 18, loss: 14.187404460906983, eval loss: [NA]
Epoch: 19, loss: 14.174601888656616, eval loss: [NA]
Epoch: 20, loss: 14.185890855789184, eval loss: [NA]
Epoch: 21, loss: 14.185895857810975, eval loss: [NA]
Epoch: 22, loss: 14.188234672546386, eval loss: [NA]
Epoch: 23, loss: 14.187805275917054, eval loss: [NA]
Epoch: 24, loss: 14.181989121437073, eval loss: [NA]
Epoch: 25, loss: 14.180768733024598, eval loss: [NA]
Epoch: 26, loss: 14.197224588394166, eval loss: [NA]
Epoch: 27, loss: 14.188666448593139, eval loss: [NA]
Epoch: 28, loss: 14.179825577735901, eval loss: [NA]
Epoch: 29, loss: 14.172251892089843, eval loss: [NA]
Iteration: 3
start update likelihood model
Epoch: 0, loss: 10.130881867408753, eval loss: [NA]
Epoch: 1, loss: 10.11958396434784, eval loss: [NA]
Epoch: 2, loss: 10.126461701393128, eval loss: [NA]
Epoch: 3, loss: 10.111201148033143, eval loss: [NA]
Epoch: 4, loss: 10.10111135005951, eval loss: [NA]
Epoch: 5, loss: 10.104862461090088, eval loss: [NA]
Epoch: 6, loss: 10.125206956863403, eval loss: [NA]
Epoch: 7, loss: 10.087474541664124, eval loss: [NA]
Epoch: 8, loss: 10.11507182121277, eval loss: [NA]
Epoch: 9, loss: 10.109989943504333, eval loss: [NA]
Epoch: 10, loss: 10.091193852424622, eval loss: [NA]
Epoch: 11, loss: 10.0998925447464, eval loss: [NA]
Epoch: 12, loss: 10.09603533744812, eval loss: [NA]
Epoch: 13, loss: 10.087996644973755, eval loss: [NA]
Epoch: 14, loss: 10.092932205200196, eval loss: [NA]
Epoch: 15, loss: 10.101695528030396, eval loss: [NA]
Epoch: 16, loss: 10.07646692276001, eval loss: [NA]
Epoch: 17, loss: 10.082951579093933, eval loss: [NA]
Epoch: 18, loss: 10.086177201271058, eval loss: [NA]
Epoch: 19, loss: 10.090423064231873, eval loss: [NA]
Epoch: 20, loss: 10.09103503227234, eval loss: [NA]
Epoch: 21, loss: 10.090914239883423, eval loss: [NA]
Epoch: 22, loss: 10.08162576675415, eval loss: [NA]
Epoch: 23, loss: 10.078979687690735, eval loss: [NA]
Epoch: 24, loss: 10.078319973945618, eval loss: [NA]
Epoch: 25, loss: 10.071025276184082, eval loss: [NA]
Epoch: 26, loss: 10.062142343521119, eval loss: [NA]
Epoch: 27, loss: 10.054771795272828, eval loss: [NA]
Epoch: 28, loss: 10.086650533676147, eval loss: [NA]
Epoch: 29, loss: 10.074612398147583, eval loss: [NA]
start update posterior model
Epoch: 0, loss: 14.272717785835265, eval loss: [NA]
Epoch: 1, loss: 14.285797810554504, eval loss: [NA]
Epoch: 2, loss: 14.273333830833435, eval loss: [NA]
Epoch: 3, loss: 14.272018480300904, eval loss: [NA]
Epoch: 4, loss: 14.276337299346924, eval loss: [NA]
Epoch: 5, loss: 14.2697362947464, eval loss: [NA]
Epoch: 6, loss: 14.29192684173584, eval loss: [NA]
Epoch: 7, loss: 14.272085466384887, eval loss: [NA]
Epoch: 8, loss: 14.274137005805969, eval loss: [NA]
Epoch: 9, loss: 14.28777395248413, eval loss: [NA]
Epoch: 10, loss: 14.268519792556763, eval loss: [NA]
Epoch: 11, loss: 14.284385638237, eval loss: [NA]
Epoch: 12, loss: 14.278694124221802, eval loss: [NA]
Epoch: 13, loss: 14.274392042160034, eval loss: [NA]
Epoch: 14, loss: 14.272577500343322, eval loss: [NA]
Epoch: 15, loss: 14.271168966293335, eval loss: [NA]
Epoch: 16, loss: 14.272437114715576, eval loss: [NA]
Epoch: 17, loss: 14.279345479011536, eval loss: [NA]
Epoch: 18, loss: 14.280638208389282, eval loss: [NA]
Epoch: 19, loss: 14.26303747177124, eval loss: [NA]
Epoch: 20, loss: 14.265346450805664, eval loss: [NA]
Epoch: 21, loss: 14.270427389144897, eval loss: [NA]
Epoch: 22, loss: 14.27260099887848, eval loss: [NA]
Epoch: 23, loss: 14.27728036403656, eval loss: [NA]
Epoch: 24, loss: 14.268603773117066, eval loss: [NA]
Epoch: 25, loss: 14.265959453582763, eval loss: [NA]
Epoch: 26, loss: 14.270236096382142, eval loss: [NA]
Epoch: 27, loss: 14.265179314613341, eval loss: [NA]
Epoch: 28, loss: 14.275078225135804, eval loss: [NA]
Epoch: 29, loss: 14.281397862434387, eval loss: [NA]
Iteration: 4
start update likelihood model
Epoch: 0, loss: 10.175426712036133, eval loss: [NA]
Epoch: 1, loss: 10.153248739242553, eval loss: [NA]
Epoch: 2, loss: 10.140637884140014, eval loss: [NA]
Epoch: 3, loss: 10.130231590270997, eval loss: [NA]
Epoch: 4, loss: 10.137164793014527, eval loss: [NA]
Epoch: 5, loss: 10.138001341819763, eval loss: [NA]
Epoch: 6, loss: 10.125366311073304, eval loss: [NA]
Epoch: 7, loss: 10.137597765922546, eval loss: [NA]
Epoch: 8, loss: 10.119632863998413, eval loss: [NA]
Epoch: 9, loss: 10.12778440952301, eval loss: [NA]
Epoch: 10, loss: 10.131388411521911, eval loss: [NA]
Epoch: 11, loss: 10.15807424545288, eval loss: [NA]
Epoch: 12, loss: 10.137501964569092, eval loss: [NA]
Epoch: 13, loss: 10.1273206615448, eval loss: [NA]
Epoch: 14, loss: 10.116954731941224, eval loss: [NA]
Epoch: 15, loss: 10.12292962551117, eval loss: [NA]
Epoch: 16, loss: 10.122196850776673, eval loss: [NA]
Epoch: 17, loss: 10.119431657791138, eval loss: [NA]
Epoch: 18, loss: 10.109368953704834, eval loss: [NA]
Epoch: 19, loss: 10.112164731025695, eval loss: [NA]
Epoch: 20, loss: 10.112223720550537, eval loss: [NA]
Epoch: 21, loss: 10.107769465446472, eval loss: [NA]
Epoch: 22, loss: 10.113689818382262, eval loss: [NA]
Epoch: 23, loss: 10.10541624546051, eval loss: [NA]
Epoch: 24, loss: 10.10712351322174, eval loss: [NA]
Epoch: 25, loss: 10.104044299125672, eval loss: [NA]
Epoch: 26, loss: 10.102842545509338, eval loss: [NA]
Epoch: 27, loss: 10.095700340270996, eval loss: [NA]
Epoch: 28, loss: 10.101132159233094, eval loss: [NA]
Epoch: 29, loss: 10.097127194404601, eval loss: [NA]
start update posterior model
Epoch: 0, loss: 13.591355581283569, eval loss: [NA]
Epoch: 1, loss: 13.592879757881164, eval loss: [NA]
Epoch: 2, loss: 13.603150992393493, eval loss: [NA]
Epoch: 3, loss: 13.59536521434784, eval loss: [NA]
Epoch: 4, loss: 13.587749490737915, eval loss: [NA]
Epoch: 5, loss: 13.592254614830017, eval loss: [NA]
Epoch: 6, loss: 13.592830605506897, eval loss: [NA]
Epoch: 7, loss: 13.589540491104126, eval loss: [NA]
Epoch: 8, loss: 13.589900465011597, eval loss: [NA]
Epoch: 9, loss: 13.593812179565429, eval loss: [NA]
Epoch: 10, loss: 13.601059737205505, eval loss: [NA]
Epoch: 11, loss: 13.592838740348816, eval loss: [NA]
Epoch: 12, loss: 13.589439239501953, eval loss: [NA]
Epoch: 13, loss: 13.589847626686096, eval loss: [NA]
Epoch: 14, loss: 13.590456323623657, eval loss: [NA]
Epoch: 15, loss: 13.58863838672638, eval loss: [NA]
Epoch: 16, loss: 13.581378092765808, eval loss: [NA]
Epoch: 17, loss: 13.596294164657593, eval loss: [NA]
Epoch: 18, loss: 13.583041338920593, eval loss: [NA]
Epoch: 19, loss: 13.58572033405304, eval loss: [NA]
Epoch: 20, loss: 13.585935382843017, eval loss: [NA]
Epoch: 21, loss: 13.585276794433593, eval loss: [NA]
Epoch: 22, loss: 13.587902946472168, eval loss: [NA]
Epoch: 23, loss: 13.587176418304443, eval loss: [NA]
Epoch: 24, loss: 13.589611830711364, eval loss: [NA]
Epoch: 25, loss: 13.58462827682495, eval loss: [NA]
Epoch: 26, loss: 13.589566473960877, eval loss: [NA]
Epoch: 27, loss: 13.590363945960998, eval loss: [NA]
Epoch: 28, loss: 13.585845494270325, eval loss: [NA]
Epoch: 29, loss: 13.582771677970886, eval loss: [NA]

Runtime:649.19
[98389041934085.97, 0.004, 0.0063, 0.0179]
[1451589376.0, 1.3835, 1.441, 1.4509]
[4790320889856.0, 1.3938, 1.3925, 1.3766]
KL div untrained: 85108392141479.73
KL div trained: 0.0148
