Input args:
Dim: 2
seed: 31
seed_data: 10
/home/samwiq/spa/seq-posterior-approx-w-nf-dev/mv_gaussian/low_dim_w_five_obs/lunarc
/home/samwiq/spa/seq-posterior-approx-w-nf-dev
tensor(2.2058, grad_fn=<MeanBackward0>)
tensor(1.2155, grad_fn=<MeanBackward0>)
tensor([ 0.1749,  0.0487, -0.1768,  0.0482,  0.1530, -0.1059, -0.1476, -0.1108,
         0.1215, -0.0955], grad_fn=<MeanBackward1>)
tensor([1.0344, 0.9084, 1.0249, 0.9574, 0.9801, 0.9784, 0.9836, 1.0656, 0.9949,
        0.9960], grad_fn=<StdBackward1>)
tensor([ 1.2011, -1.0538,  0.3293, -1.8458,  0.2555, -1.4805, -0.1108, -1.8055,
         0.6509, -1.1985])
start full training
Iteration: 1
start update likelihood model
Epoch: 0, loss: 12.131599014282227, eval loss: [NA]
Epoch: 1, loss: 7.177309237670898, eval loss: [NA]
Epoch: 2, loss: 7.113188607788086, eval loss: [NA]
Epoch: 3, loss: 7.0396145202636715, eval loss: [NA]
Epoch: 4, loss: 6.975330349731445, eval loss: [NA]
Epoch: 5, loss: 6.957166879272461, eval loss: [NA]
Epoch: 6, loss: 6.92348161315918, eval loss: [NA]
Epoch: 7, loss: 6.67834284362793, eval loss: [NA]
Epoch: 8, loss: 6.317906015014649, eval loss: [NA]
Epoch: 9, loss: 6.1143695205688475, eval loss: [NA]
Epoch: 10, loss: 5.971635137939453, eval loss: [NA]
Epoch: 11, loss: 5.734595365905761, eval loss: [NA]
Epoch: 12, loss: 5.202962484741211, eval loss: [NA]
Epoch: 13, loss: 5.076817680358887, eval loss: [NA]
Epoch: 14, loss: 5.00881798248291, eval loss: [NA]
Epoch: 15, loss: 4.976943132019043, eval loss: [NA]
Epoch: 16, loss: 4.968160011291504, eval loss: [NA]
Epoch: 17, loss: 4.920433689880371, eval loss: [NA]
Epoch: 18, loss: 4.946351753234863, eval loss: [NA]
Epoch: 19, loss: 4.861632804870606, eval loss: [NA]
Epoch: 20, loss: 4.8193469314575195, eval loss: [NA]
Epoch: 21, loss: 4.7831842224121095, eval loss: [NA]
Epoch: 22, loss: 4.746270683288574, eval loss: [NA]
Epoch: 23, loss: 4.738770776367187, eval loss: [NA]
Epoch: 24, loss: 4.723874237060547, eval loss: [NA]
start update posterior model from prior pred - hot start
Epoch: 0, loss: 2.0581180727481843, eval loss: [NA]
Epoch: 1, loss: 0.8740389549732208, eval loss: [NA]
Epoch: 2, loss: 0.6759867709130049, eval loss: [NA]
Epoch: 3, loss: 0.5726895755529404, eval loss: [NA]
Epoch: 4, loss: 0.5655739825963974, eval loss: [NA]
start update posterior model
Epoch: 0, loss: 4.120703003406525, eval loss: [NA]
Epoch: 1, loss: 4.101350975036621, eval loss: [NA]
Epoch: 2, loss: 4.088162524700165, eval loss: [NA]
Epoch: 3, loss: 4.127385346889496, eval loss: [NA]
Epoch: 4, loss: 4.1054045879840855, eval loss: [NA]
Epoch: 5, loss: 4.0975711941719055, eval loss: [NA]
Epoch: 6, loss: 4.099874681234359, eval loss: [NA]
Epoch: 7, loss: 4.117155766487121, eval loss: [NA]
Epoch: 8, loss: 4.113101580142975, eval loss: [NA]
Epoch: 9, loss: 4.104608438014984, eval loss: [NA]
Epoch: 10, loss: 4.102641470432282, eval loss: [NA]
Epoch: 11, loss: 4.107180042266846, eval loss: [NA]
Epoch: 12, loss: 4.117535028457642, eval loss: [NA]
Epoch: 13, loss: 4.112335677146912, eval loss: [NA]
Epoch: 14, loss: 4.109515421390533, eval loss: [NA]
Epoch: 15, loss: 4.105794485807419, eval loss: [NA]
Epoch: 16, loss: 4.102913080453873, eval loss: [NA]
Epoch: 17, loss: 4.107694453001022, eval loss: [NA]
Epoch: 18, loss: 4.085382041931152, eval loss: [NA]
Epoch: 19, loss: 4.097384448051453, eval loss: [NA]
Epoch: 20, loss: 4.086274067163467, eval loss: [NA]
Epoch: 21, loss: 4.075163012742996, eval loss: [NA]
Epoch: 22, loss: 4.089058576822281, eval loss: [NA]
Epoch: 23, loss: 4.078578587770462, eval loss: [NA]
Epoch: 24, loss: 4.101021686792373, eval loss: [NA]
Iteration: 2
start update likelihood model
Epoch: 0, loss: 4.59754243774414, eval loss: [NA]
Epoch: 1, loss: 4.577542280578613, eval loss: [NA]
Epoch: 2, loss: 4.533393772888184, eval loss: [NA]
Epoch: 3, loss: 4.532388780212402, eval loss: [NA]
Epoch: 4, loss: 4.532827172851563, eval loss: [NA]
Epoch: 5, loss: 4.522893197631836, eval loss: [NA]
Epoch: 6, loss: 4.507432377624512, eval loss: [NA]
Epoch: 7, loss: 4.566656594848633, eval loss: [NA]
Epoch: 8, loss: 4.541312232971191, eval loss: [NA]
Epoch: 9, loss: 4.498963510131836, eval loss: [NA]
Epoch: 10, loss: 4.52689874420166, eval loss: [NA]
Epoch: 11, loss: 4.541823751831054, eval loss: [NA]
Epoch: 12, loss: 4.50979076538086, eval loss: [NA]
Epoch: 13, loss: 4.515412496948242, eval loss: [NA]
Epoch: 14, loss: 4.505242535400391, eval loss: [NA]
Epoch: 15, loss: 4.51916141204834, eval loss: [NA]
Epoch: 16, loss: 4.518306649780273, eval loss: [NA]
Epoch: 17, loss: 4.475948783874512, eval loss: [NA]
Epoch: 18, loss: 4.467346903991699, eval loss: [NA]
Epoch: 19, loss: 4.187234963989257, eval loss: [NA]
Epoch: 20, loss: 3.8385445220947267, eval loss: [NA]
Epoch: 21, loss: 3.6965633850097657, eval loss: [NA]
Epoch: 22, loss: 3.6859722244262696, eval loss: [NA]
Epoch: 23, loss: 3.61145008392334, eval loss: [NA]
Epoch: 24, loss: 3.637777615356445, eval loss: [NA]
start update posterior model
Epoch: 0, loss: 3.710585825443268, eval loss: [NA]
Epoch: 1, loss: 3.696634200811386, eval loss: [NA]
Epoch: 2, loss: 3.677618659734726, eval loss: [NA]
Epoch: 3, loss: 3.6784963381290434, eval loss: [NA]
Epoch: 4, loss: 3.697320966720581, eval loss: [NA]
Epoch: 5, loss: 3.668837308883667, eval loss: [NA]
Epoch: 6, loss: 3.6767005026340485, eval loss: [NA]
Epoch: 7, loss: 3.68431467294693, eval loss: [NA]
Epoch: 8, loss: 3.6641329991817475, eval loss: [NA]
Epoch: 9, loss: 3.671335213184357, eval loss: [NA]
Epoch: 10, loss: 3.681641694307327, eval loss: [NA]
Epoch: 11, loss: 3.6791854894161222, eval loss: [NA]
Epoch: 12, loss: 3.6944524848461153, eval loss: [NA]
Epoch: 13, loss: 3.679851245880127, eval loss: [NA]
Epoch: 14, loss: 3.6909881925582884, eval loss: [NA]
Epoch: 15, loss: 3.674755086898804, eval loss: [NA]
Epoch: 16, loss: 3.680495471954346, eval loss: [NA]
Epoch: 17, loss: 3.689555585384369, eval loss: [NA]
Epoch: 18, loss: 3.716318361759186, eval loss: [NA]
Epoch: 19, loss: 3.6944878768920897, eval loss: [NA]
Epoch: 20, loss: 3.6899340653419497, eval loss: [NA]
Epoch: 21, loss: 3.674958312511444, eval loss: [NA]
Epoch: 22, loss: 3.705234373807907, eval loss: [NA]
Epoch: 23, loss: 3.6880705904960633, eval loss: [NA]
Epoch: 24, loss: 3.6619010198116304, eval loss: [NA]
Iteration: 3
start update likelihood model
Epoch: 0, loss: 3.5956756973266604, eval loss: [NA]
Epoch: 1, loss: 3.588323338317871, eval loss: [NA]
Epoch: 2, loss: 3.5717062240600588, eval loss: [NA]
Epoch: 3, loss: 3.54081435546875, eval loss: [NA]
Epoch: 4, loss: 3.566971974182129, eval loss: [NA]
Epoch: 5, loss: 3.5684593673706053, eval loss: [NA]
Epoch: 6, loss: 3.5351959838867186, eval loss: [NA]
Epoch: 7, loss: 3.537722999572754, eval loss: [NA]
Epoch: 8, loss: 3.5417747161865236, eval loss: [NA]
Epoch: 9, loss: 3.5339104553222658, eval loss: [NA]
Epoch: 10, loss: 3.5354685287475585, eval loss: [NA]
Epoch: 11, loss: 3.52944874420166, eval loss: [NA]
Epoch: 12, loss: 3.5379593353271486, eval loss: [NA]
Epoch: 13, loss: 3.5207249649047854, eval loss: [NA]
Epoch: 14, loss: 3.53177844543457, eval loss: [NA]
Epoch: 15, loss: 3.523168597412109, eval loss: [NA]
Epoch: 16, loss: 3.4989599746704103, eval loss: [NA]
Epoch: 17, loss: 3.532342088317871, eval loss: [NA]
Epoch: 18, loss: 3.5162919860839845, eval loss: [NA]
Epoch: 19, loss: 3.495782942199707, eval loss: [NA]
Epoch: 20, loss: 3.5271866653442383, eval loss: [NA]
Epoch: 21, loss: 3.539183024597168, eval loss: [NA]
Epoch: 22, loss: 3.5258649459838867, eval loss: [NA]
Epoch: 23, loss: 3.4988808044433592, eval loss: [NA]
Epoch: 24, loss: 3.517097100830078, eval loss: [NA]
start update posterior model
Epoch: 0, loss: 3.795471212863922, eval loss: [NA]
Epoch: 1, loss: 3.7835208916664125, eval loss: [NA]
Epoch: 2, loss: 3.81468972325325, eval loss: [NA]
Epoch: 3, loss: 3.806859735250473, eval loss: [NA]
Epoch: 4, loss: 3.814959796667099, eval loss: [NA]
Epoch: 5, loss: 3.798493217229843, eval loss: [NA]
Epoch: 6, loss: 3.839427649974823, eval loss: [NA]
Epoch: 7, loss: 3.8056973779201506, eval loss: [NA]
Epoch: 8, loss: 3.789272217750549, eval loss: [NA]
Epoch: 9, loss: 3.8201296758651733, eval loss: [NA]
Epoch: 10, loss: 3.7952905178070067, eval loss: [NA]
Epoch: 11, loss: 3.7980679798126222, eval loss: [NA]
Epoch: 12, loss: 3.798776438236237, eval loss: [NA]
Epoch: 13, loss: 3.8208085012435915, eval loss: [NA]
Epoch: 14, loss: 3.812205206155777, eval loss: [NA]
Epoch: 15, loss: 3.8174052381515504, eval loss: [NA]
Epoch: 16, loss: 3.809191677570343, eval loss: [NA]
Epoch: 17, loss: 3.8246787428855895, eval loss: [NA]
Epoch: 18, loss: 3.7992571663856505, eval loss: [NA]
Epoch: 19, loss: 3.8086852049827575, eval loss: [NA]
Epoch: 20, loss: 3.814149136543274, eval loss: [NA]
Epoch: 21, loss: 3.802876441478729, eval loss: [NA]
Epoch: 22, loss: 3.8124365067481993, eval loss: [NA]
Epoch: 23, loss: 3.817781274318695, eval loss: [NA]
Epoch: 24, loss: 3.8044485735893248, eval loss: [NA]
Iteration: 4
start update likelihood model
Epoch: 0, loss: 3.4423064895629882, eval loss: [NA]
Epoch: 1, loss: 3.4592188568115234, eval loss: [NA]
Epoch: 2, loss: 3.4716659088134767, eval loss: [NA]
Epoch: 3, loss: 3.4231992752075193, eval loss: [NA]
Epoch: 4, loss: 3.442205416870117, eval loss: [NA]
Epoch: 5, loss: 3.4556169189453123, eval loss: [NA]
Epoch: 6, loss: 3.4687312957763674, eval loss: [NA]
Epoch: 7, loss: 3.4483929107666014, eval loss: [NA]
Epoch: 8, loss: 3.4305474349975587, eval loss: [NA]
Epoch: 9, loss: 3.4376434997558594, eval loss: [NA]
Epoch: 10, loss: 3.437405610656738, eval loss: [NA]
Epoch: 11, loss: 3.436384603881836, eval loss: [NA]
Epoch: 12, loss: 3.44309249420166, eval loss: [NA]
Epoch: 13, loss: 3.411507078552246, eval loss: [NA]
Epoch: 14, loss: 3.4202498291015626, eval loss: [NA]
Epoch: 15, loss: 3.4039245040893555, eval loss: [NA]
Epoch: 16, loss: 3.433200405883789, eval loss: [NA]
Epoch: 17, loss: 3.4417975494384767, eval loss: [NA]
Epoch: 18, loss: 3.4148624603271482, eval loss: [NA]
Epoch: 19, loss: 3.4041046417236327, eval loss: [NA]
Epoch: 20, loss: 3.401511935424805, eval loss: [NA]
Epoch: 21, loss: 3.40785686340332, eval loss: [NA]
Epoch: 22, loss: 3.4247437927246094, eval loss: [NA]
Epoch: 23, loss: 3.389223257446289, eval loss: [NA]
Epoch: 24, loss: 3.426395097351074, eval loss: [NA]
start update posterior model
Epoch: 0, loss: 3.4855168664455416, eval loss: [NA]
Epoch: 1, loss: 3.467087333202362, eval loss: [NA]
Epoch: 2, loss: 3.473914119005203, eval loss: [NA]
Epoch: 3, loss: 3.481803773641586, eval loss: [NA]
Epoch: 4, loss: 3.4698054015636446, eval loss: [NA]
Epoch: 5, loss: 3.473166536092758, eval loss: [NA]
Epoch: 6, loss: 3.4581750237941744, eval loss: [NA]
Epoch: 7, loss: 3.4644957649707795, eval loss: [NA]
Epoch: 8, loss: 3.4790768098831175, eval loss: [NA]
Epoch: 9, loss: 3.463662827014923, eval loss: [NA]
Epoch: 10, loss: 3.458967672586441, eval loss: [NA]
Epoch: 11, loss: 3.473963997364044, eval loss: [NA]
Epoch: 12, loss: 3.4691450881958006, eval loss: [NA]
Epoch: 13, loss: 3.463860969543457, eval loss: [NA]
Epoch: 14, loss: 3.456563242673874, eval loss: [NA]
Epoch: 15, loss: 3.4560868775844575, eval loss: [NA]
Epoch: 16, loss: 3.4694678056240082, eval loss: [NA]
Epoch: 17, loss: 3.4604730343818666, eval loss: [NA]
Epoch: 18, loss: 3.457609773874283, eval loss: [NA]
Epoch: 19, loss: 3.48474699139595, eval loss: [NA]
Epoch: 20, loss: 3.4705984449386595, eval loss: [NA]
Epoch: 21, loss: 3.4656982481479646, eval loss: [NA]
Epoch: 22, loss: 3.452275230884552, eval loss: [NA]
Epoch: 23, loss: 3.4704523849487305, eval loss: [NA]
Epoch: 24, loss: 3.4852543795108795, eval loss: [NA]

Runtime:480.02
[5861906525503256.0, 0.4082, 0.1337, 0.0967]
[1.2155, 0.7216, 0.5894, 0.5878]
[2.2058, 0.8915, 0.7615, 0.7587]
tensor(0.7436, grad_fn=<MeanBackward0>)
tensor(0.5794, grad_fn=<MeanBackward0>)
tensor([ 1.0909, -0.9935,  0.7489, -1.2750,  0.7841, -1.2277,  0.0392, -2.0385,
         0.7022, -1.3666], grad_fn=<MeanBackward1>)
tensor([0.3028, 0.3261, 1.1588, 1.2790, 1.1882, 1.2341, 0.3113, 0.3328, 0.3071,
        0.3397], grad_fn=<StdBackward1>)
tensor([ 1.2011, -1.0538,  0.3293, -1.8458,  0.2555, -1.4805, -0.1108, -1.8055,
         0.6509, -1.1985])
KL div untrained: 6961657005853112.0
KL div trained: 0.1238
