Input args:
Dim: 2
seed: 31
seed_data: 10
/home/samwiq/spa/seq-posterior-approx-w-nf-dev/mv_gaussian/low_dim_w_five_obs/lunarc
/home/samwiq/spa/seq-posterior-approx-w-nf-dev
tensor(1.2737e+11, grad_fn=<MeanBackward0>)
tensor(3.1612e+08, grad_fn=<MeanBackward0>)
tensor([ 3.0786e+09, -6.9477e+07,  8.0114e+06,  4.4057e+01,  3.1112e+04,
         2.7569e+05,  9.9096e+03, -3.5945e+03,  4.5536e+02,  1.1370e+01],
       grad_fn=<MeanBackward1>)
tensor([5.4671e+10, 1.4758e+09, 2.1580e+08, 9.9026e+02, 8.7746e+05, 5.5860e+06,
        2.8258e+05, 7.2581e+04, 2.3212e+04, 1.4790e+02],
       grad_fn=<StdBackward1>)
tensor([ 1.2011, -1.0538,  0.3293, -1.8458,  0.2555, -1.4805, -0.1108, -1.8055,
         0.6509, -1.1985])
start full training
Iteration: 1
start update likelihood model
Epoch: 0, loss: 20.111658148765564, eval loss: [NA]
Epoch: 1, loss: 13.573879556655884, eval loss: [NA]
Epoch: 2, loss: 11.183422985076904, eval loss: [NA]
Epoch: 3, loss: 10.632183933258057, eval loss: [NA]
Epoch: 4, loss: 10.492972793579101, eval loss: [NA]
Epoch: 5, loss: 10.428869109153748, eval loss: [NA]
Epoch: 6, loss: 10.386187090873719, eval loss: [NA]
Epoch: 7, loss: 10.358206872940064, eval loss: [NA]
Epoch: 8, loss: 10.350116357803344, eval loss: [NA]
Epoch: 9, loss: 10.33754774093628, eval loss: [NA]
Epoch: 10, loss: 10.313685727119445, eval loss: [NA]
Epoch: 11, loss: 10.296332926750184, eval loss: [NA]
Epoch: 12, loss: 10.305862669944764, eval loss: [NA]
Epoch: 13, loss: 10.308640584945678, eval loss: [NA]
Epoch: 14, loss: 10.254461688995361, eval loss: [NA]
Epoch: 15, loss: 10.263964824676513, eval loss: [NA]
Epoch: 16, loss: 10.259831643104553, eval loss: [NA]
Epoch: 17, loss: 10.237558550834656, eval loss: [NA]
Epoch: 18, loss: 10.237834005355834, eval loss: [NA]
Epoch: 19, loss: 10.236705899238586, eval loss: [NA]
Epoch: 20, loss: 10.2484343624115, eval loss: [NA]
Epoch: 21, loss: 10.236404838562011, eval loss: [NA]
Epoch: 22, loss: 10.232351064682007, eval loss: [NA]
Epoch: 23, loss: 10.226663126945496, eval loss: [NA]
Epoch: 24, loss: 10.226574926376342, eval loss: [NA]
start update posterior model from prior pred - hot start
Epoch: 0, loss: 1.920196479856968, eval loss: [NA]
Epoch: 1, loss: 0.819126900434494, eval loss: [NA]
Epoch: 2, loss: 0.689076898097992, eval loss: [NA]
Epoch: 3, loss: 0.5644062895327806, eval loss: [NA]
Epoch: 4, loss: 0.5337708017975092, eval loss: [NA]
start update posterior model
Epoch: 0, loss: 10.850834879875183, eval loss: [NA]
Epoch: 1, loss: 10.841647582054138, eval loss: [NA]
Epoch: 2, loss: 10.838485732078553, eval loss: [NA]
Epoch: 3, loss: 10.850888376235963, eval loss: [NA]
Epoch: 4, loss: 10.844794921875, eval loss: [NA]
Epoch: 5, loss: 10.83869152545929, eval loss: [NA]
Epoch: 6, loss: 10.843474078178406, eval loss: [NA]
Epoch: 7, loss: 10.84063530921936, eval loss: [NA]
Epoch: 8, loss: 10.832967166900636, eval loss: [NA]
Epoch: 9, loss: 10.838917784690857, eval loss: [NA]
Epoch: 10, loss: 10.832690348625183, eval loss: [NA]
Epoch: 11, loss: 10.837895960807801, eval loss: [NA]
Epoch: 12, loss: 10.833505625724792, eval loss: [NA]
Epoch: 13, loss: 10.841401724815368, eval loss: [NA]
Epoch: 14, loss: 10.844503173828125, eval loss: [NA]
Epoch: 15, loss: 10.83736798286438, eval loss: [NA]
Epoch: 16, loss: 10.837593293190002, eval loss: [NA]
Epoch: 17, loss: 10.835573949813842, eval loss: [NA]
Epoch: 18, loss: 10.835602779388427, eval loss: [NA]
Epoch: 19, loss: 10.832355017662048, eval loss: [NA]
Epoch: 20, loss: 10.838920087814332, eval loss: [NA]
Epoch: 21, loss: 10.832921714782715, eval loss: [NA]
Epoch: 22, loss: 10.8318771982193, eval loss: [NA]
Epoch: 23, loss: 10.82943895816803, eval loss: [NA]
Epoch: 24, loss: 10.837136969566345, eval loss: [NA]
Epoch: 25, loss: 10.827618083953858, eval loss: [NA]
Epoch: 26, loss: 10.839477005004882, eval loss: [NA]
Epoch: 27, loss: 10.830086579322815, eval loss: [NA]
Epoch: 28, loss: 10.835449523925782, eval loss: [NA]
Epoch: 29, loss: 10.836855177879334, eval loss: [NA]
Iteration: 2
start update likelihood model
Epoch: 0, loss: 10.122737474441529, eval loss: [NA]
Epoch: 1, loss: 10.10776734828949, eval loss: [NA]
Epoch: 2, loss: 10.101335921287536, eval loss: [NA]
Epoch: 3, loss: 10.09788833618164, eval loss: [NA]
Epoch: 4, loss: 10.09269374370575, eval loss: [NA]
Epoch: 5, loss: 10.105571007728576, eval loss: [NA]
Epoch: 6, loss: 10.101684460639953, eval loss: [NA]
Epoch: 7, loss: 10.099967193603515, eval loss: [NA]
Epoch: 8, loss: 10.108494324684143, eval loss: [NA]
Epoch: 9, loss: 10.089163069725037, eval loss: [NA]
Epoch: 10, loss: 10.091969366073608, eval loss: [NA]
Epoch: 11, loss: 10.096013512611389, eval loss: [NA]
Epoch: 12, loss: 10.106212267875671, eval loss: [NA]
Epoch: 13, loss: 10.103103075027466, eval loss: [NA]
Epoch: 14, loss: 10.097786059379578, eval loss: [NA]
Epoch: 15, loss: 10.100497512817382, eval loss: [NA]
Epoch: 16, loss: 10.083648457527161, eval loss: [NA]
Epoch: 17, loss: 10.084963784217834, eval loss: [NA]
Epoch: 18, loss: 10.090104808807373, eval loss: [NA]
Epoch: 19, loss: 10.091743583679198, eval loss: [NA]
Epoch: 20, loss: 10.07916801929474, eval loss: [NA]
Epoch: 21, loss: 10.08821801662445, eval loss: [NA]
Epoch: 22, loss: 10.073393783569337, eval loss: [NA]
Epoch: 23, loss: 10.088287343978882, eval loss: [NA]
Epoch: 24, loss: 10.075187158584594, eval loss: [NA]
Epoch: 25, loss: 10.078371267318726, eval loss: [NA]
Epoch: 26, loss: 10.08052206993103, eval loss: [NA]
Epoch: 27, loss: 10.074994874000549, eval loss: [NA]
Epoch: 28, loss: 10.079318690299989, eval loss: [NA]
Epoch: 29, loss: 10.060993132591248, eval loss: [NA]
start update posterior model
Epoch: 0, loss: 11.050975246429443, eval loss: [NA]
Epoch: 1, loss: 11.043795137405395, eval loss: [NA]
Epoch: 2, loss: 11.046673655509949, eval loss: [NA]
Epoch: 3, loss: 11.041470217704774, eval loss: [NA]
Epoch: 4, loss: 11.042538518905639, eval loss: [NA]
Epoch: 5, loss: 11.037801556587219, eval loss: [NA]
Epoch: 6, loss: 11.045217909812926, eval loss: [NA]
Epoch: 7, loss: 11.044506340026855, eval loss: [NA]
Epoch: 8, loss: 11.047041006088257, eval loss: [NA]
Epoch: 9, loss: 11.043235383033753, eval loss: [NA]
Epoch: 10, loss: 11.042796788215638, eval loss: [NA]
Epoch: 11, loss: 11.04817639350891, eval loss: [NA]
Epoch: 12, loss: 11.041940994262696, eval loss: [NA]
Epoch: 13, loss: 11.05096646785736, eval loss: [NA]
Epoch: 14, loss: 11.040309195518494, eval loss: [NA]
Epoch: 15, loss: 11.040814204216003, eval loss: [NA]
Epoch: 16, loss: 11.035706658363342, eval loss: [NA]
Epoch: 17, loss: 11.0385537815094, eval loss: [NA]
Epoch: 18, loss: 11.040749073028564, eval loss: [NA]
Epoch: 19, loss: 11.042558445930482, eval loss: [NA]
Epoch: 20, loss: 11.038895416259766, eval loss: [NA]
Epoch: 21, loss: 11.037783398628235, eval loss: [NA]
Epoch: 22, loss: 11.040529069900513, eval loss: [NA]
Epoch: 23, loss: 11.039256672859192, eval loss: [NA]
Epoch: 24, loss: 11.047380399703979, eval loss: [NA]
Epoch: 25, loss: 11.038381705284118, eval loss: [NA]
Epoch: 26, loss: 11.0462966299057, eval loss: [NA]
Epoch: 27, loss: 11.038388018608094, eval loss: [NA]
Epoch: 28, loss: 11.037975835800172, eval loss: [NA]
Epoch: 29, loss: 11.041729493141174, eval loss: [NA]
Iteration: 3
start update likelihood model
Epoch: 0, loss: 10.118854041099548, eval loss: [NA]
Epoch: 1, loss: 10.107809062004089, eval loss: [NA]
Epoch: 2, loss: 10.10442183971405, eval loss: [NA]
Epoch: 3, loss: 10.098392724990845, eval loss: [NA]
Epoch: 4, loss: 10.087487664222717, eval loss: [NA]
Epoch: 5, loss: 10.088336901664734, eval loss: [NA]
Epoch: 6, loss: 10.085963425636292, eval loss: [NA]
Epoch: 7, loss: 10.086265983581542, eval loss: [NA]
Epoch: 8, loss: 10.077302341461182, eval loss: [NA]
Epoch: 9, loss: 10.090745553970336, eval loss: [NA]
Epoch: 10, loss: 10.071115112304687, eval loss: [NA]
Epoch: 11, loss: 10.077775554656982, eval loss: [NA]
Epoch: 12, loss: 10.073703527450562, eval loss: [NA]
Epoch: 13, loss: 10.074482364654541, eval loss: [NA]
Epoch: 14, loss: 10.066152920722962, eval loss: [NA]
Epoch: 15, loss: 10.069349479675292, eval loss: [NA]
Epoch: 16, loss: 10.066339817047119, eval loss: [NA]
Epoch: 17, loss: 10.071135363578797, eval loss: [NA]
Epoch: 18, loss: 10.06417380809784, eval loss: [NA]
Epoch: 19, loss: 10.06558687210083, eval loss: [NA]
Epoch: 20, loss: 10.06359606742859, eval loss: [NA]
Epoch: 21, loss: 10.062383885383605, eval loss: [NA]
Epoch: 22, loss: 10.057802081108093, eval loss: [NA]
Epoch: 23, loss: 10.05547960281372, eval loss: [NA]
Epoch: 24, loss: 10.06292477607727, eval loss: [NA]
Epoch: 25, loss: 10.052788629531861, eval loss: [NA]
Epoch: 26, loss: 10.04913170337677, eval loss: [NA]
Epoch: 27, loss: 10.050578866004944, eval loss: [NA]
Epoch: 28, loss: 10.043339638710021, eval loss: [NA]
Epoch: 29, loss: 10.046987204551696, eval loss: [NA]
start update posterior model
Epoch: 0, loss: 10.860844116210938, eval loss: [NA]
Epoch: 1, loss: 10.85938705444336, eval loss: [NA]
Epoch: 2, loss: 10.858925566673278, eval loss: [NA]
Epoch: 3, loss: 10.85703498840332, eval loss: [NA]
Epoch: 4, loss: 10.860219054222107, eval loss: [NA]
Epoch: 5, loss: 10.856241641044617, eval loss: [NA]
Epoch: 6, loss: 10.857080211639405, eval loss: [NA]
Epoch: 7, loss: 10.859420976638795, eval loss: [NA]
Epoch: 8, loss: 10.858031268119811, eval loss: [NA]
Epoch: 9, loss: 10.85785843849182, eval loss: [NA]
Epoch: 10, loss: 10.859206380844116, eval loss: [NA]
Epoch: 11, loss: 10.860818071365356, eval loss: [NA]
Epoch: 12, loss: 10.855347380638122, eval loss: [NA]
Epoch: 13, loss: 10.857783818244934, eval loss: [NA]
Epoch: 14, loss: 10.861584920883178, eval loss: [NA]
Epoch: 15, loss: 10.859155712127686, eval loss: [NA]
Epoch: 16, loss: 10.855562877655029, eval loss: [NA]
Epoch: 17, loss: 10.856090188026428, eval loss: [NA]
Epoch: 18, loss: 10.856156044006347, eval loss: [NA]
Epoch: 19, loss: 10.856264610290527, eval loss: [NA]
Epoch: 20, loss: 10.857766017913818, eval loss: [NA]
Epoch: 21, loss: 10.859689130783082, eval loss: [NA]
Epoch: 22, loss: 10.857811741828918, eval loss: [NA]
Epoch: 23, loss: 10.857274098396301, eval loss: [NA]
Epoch: 24, loss: 10.859130029678346, eval loss: [NA]
Epoch: 25, loss: 10.854678039550782, eval loss: [NA]
Epoch: 26, loss: 10.85533727645874, eval loss: [NA]
Epoch: 27, loss: 10.854196462631226, eval loss: [NA]
Epoch: 28, loss: 10.858218379020691, eval loss: [NA]
Epoch: 29, loss: 10.853836479187011, eval loss: [NA]
Iteration: 4
start update likelihood model
Epoch: 0, loss: 10.097994050979615, eval loss: [NA]
Epoch: 1, loss: 10.079299387931824, eval loss: [NA]
Epoch: 2, loss: 10.080928812026977, eval loss: [NA]
Epoch: 3, loss: 10.069756622314452, eval loss: [NA]
Epoch: 4, loss: 10.061703276634216, eval loss: [NA]
Epoch: 5, loss: 10.071649041175842, eval loss: [NA]
Epoch: 6, loss: 10.076587357521056, eval loss: [NA]
Epoch: 7, loss: 10.062988643646241, eval loss: [NA]
Epoch: 8, loss: 10.072985033988953, eval loss: [NA]
Epoch: 9, loss: 10.060075511932373, eval loss: [NA]
Epoch: 10, loss: 10.060499749183656, eval loss: [NA]
Epoch: 11, loss: 10.055375742912293, eval loss: [NA]
Epoch: 12, loss: 10.054280714988709, eval loss: [NA]
Epoch: 13, loss: 10.063040099143983, eval loss: [NA]
Epoch: 14, loss: 10.046425805091857, eval loss: [NA]
Epoch: 15, loss: 10.043686180114745, eval loss: [NA]
Epoch: 16, loss: 10.05551743030548, eval loss: [NA]
Epoch: 17, loss: 10.056542644500732, eval loss: [NA]
Epoch: 18, loss: 10.052065620422363, eval loss: [NA]
Epoch: 19, loss: 10.04773769378662, eval loss: [NA]
Epoch: 20, loss: 10.04130211353302, eval loss: [NA]
Epoch: 21, loss: 10.043385858535766, eval loss: [NA]
Epoch: 22, loss: 10.03981318950653, eval loss: [NA]
Epoch: 23, loss: 10.042048602104186, eval loss: [NA]
Epoch: 24, loss: 10.035978841781617, eval loss: [NA]
Epoch: 25, loss: 10.037987308502197, eval loss: [NA]
Epoch: 26, loss: 10.034404759407044, eval loss: [NA]
Epoch: 27, loss: 10.033644571304322, eval loss: [NA]
Epoch: 28, loss: 10.033514194488525, eval loss: [NA]
Epoch: 29, loss: 10.034654903411866, eval loss: [NA]
start update posterior model
Epoch: 0, loss: 11.114681267738343, eval loss: [NA]
Epoch: 1, loss: 11.114026293754577, eval loss: [NA]
Epoch: 2, loss: 11.108347935676575, eval loss: [NA]
Epoch: 3, loss: 11.112025952339172, eval loss: [NA]
Epoch: 4, loss: 11.108445358276366, eval loss: [NA]
Epoch: 5, loss: 11.108634505271912, eval loss: [NA]
Epoch: 6, loss: 11.110881342887879, eval loss: [NA]
Epoch: 7, loss: 11.110524234771729, eval loss: [NA]
Epoch: 8, loss: 11.108467545509338, eval loss: [NA]
Epoch: 9, loss: 11.108333082199097, eval loss: [NA]
Epoch: 10, loss: 11.10882227420807, eval loss: [NA]
Epoch: 11, loss: 11.107686352729797, eval loss: [NA]
Epoch: 12, loss: 11.110910205841064, eval loss: [NA]
Epoch: 13, loss: 11.108041963577271, eval loss: [NA]
Epoch: 14, loss: 11.109149298667909, eval loss: [NA]
Epoch: 15, loss: 11.108666615486145, eval loss: [NA]
Epoch: 16, loss: 11.108551487922668, eval loss: [NA]
Epoch: 17, loss: 11.107999238967896, eval loss: [NA]
Epoch: 18, loss: 11.111513104438782, eval loss: [NA]
Epoch: 19, loss: 11.109598479270936, eval loss: [NA]
Epoch: 20, loss: 11.106106300354003, eval loss: [NA]
Epoch: 21, loss: 11.105528993606567, eval loss: [NA]
Epoch: 22, loss: 11.106776185035706, eval loss: [NA]
Epoch: 23, loss: 11.108975448608398, eval loss: [NA]
Epoch: 24, loss: 11.111318974494933, eval loss: [NA]
Epoch: 25, loss: 11.110939931869506, eval loss: [NA]
Epoch: 26, loss: 11.106720728874206, eval loss: [NA]
Epoch: 27, loss: 11.108971948623656, eval loss: [NA]
Epoch: 28, loss: 11.109780521392823, eval loss: [NA]
Epoch: 29, loss: 11.10618761062622, eval loss: [NA]

Runtime:643.3
[5070974054399355.0, 0.0144, 0.0027, 0.0106]
[316122656.0, 1.0589, 1.0579, 1.0598]
[127367012352.0, 1.4012, 1.4125, 1.4217]
KL div untrained: 6961657005853112.0
KL div trained: 0.0311
