Input args:
Dim: 2
seed: 20
seed_data: 10
/home/samwiq/snpla/seq-posterior-approx-w-nf-dev/mv_gaussian/low_dim_w_five_obs/lunarc
/home/samwiq/snpla/seq-posterior-approx-w-nf-dev
tensor(2.4809e+13, grad_fn=<MeanBackward0>)
tensor(5.7011e+08, grad_fn=<MeanBackward0>)
tensor([ 5.5503e+09, -1.3095e+08,  1.0437e+07,  7.6759e+01,  8.3848e+04,
         3.9253e+05,  4.8156e+02, -5.1350e+03, -4.0979e+02,  1.6947e+01],
       grad_fn=<MeanBackward1>)
tensor([1.1876e+11, 3.2588e+09, 2.4487e+08, 1.1216e+03, 2.1235e+06, 5.8133e+06,
        3.1932e+04, 7.5496e+04, 7.5167e+03, 1.5675e+02],
       grad_fn=<StdBackward1>)
tensor([-4.1169, -1.2986, -1.3274,  0.9940, -4.5741, -1.7980, -5.2076, -2.6356,
        -2.8171,  0.0180])
start full training
Iteration: 1
start update likelihood model
Epoch: 0, loss: 19.79059175014496, eval loss: [NA]
Epoch: 1, loss: 13.287754106521607, eval loss: [NA]
Epoch: 2, loss: 11.148368735313415, eval loss: [NA]
Epoch: 3, loss: 10.658538870811462, eval loss: [NA]
Epoch: 4, loss: 10.455415492057801, eval loss: [NA]
Epoch: 5, loss: 10.389463543891907, eval loss: [NA]
Epoch: 6, loss: 10.33539683818817, eval loss: [NA]
Epoch: 7, loss: 10.339578566551209, eval loss: [NA]
Epoch: 8, loss: 10.324664549827576, eval loss: [NA]
Epoch: 9, loss: 10.311747760772706, eval loss: [NA]
Epoch: 10, loss: 10.277574310302734, eval loss: [NA]
Epoch: 11, loss: 10.29307340145111, eval loss: [NA]
Epoch: 12, loss: 10.24665647983551, eval loss: [NA]
Epoch: 13, loss: 10.26351953983307, eval loss: [NA]
Epoch: 14, loss: 10.23291223526001, eval loss: [NA]
Epoch: 15, loss: 10.247500953674317, eval loss: [NA]
Epoch: 16, loss: 10.22772988319397, eval loss: [NA]
Epoch: 17, loss: 10.241438341140746, eval loss: [NA]
Epoch: 18, loss: 10.235250277519226, eval loss: [NA]
Epoch: 19, loss: 10.22448724269867, eval loss: [NA]
Epoch: 20, loss: 10.218529152870179, eval loss: [NA]
Epoch: 21, loss: 10.222607669830323, eval loss: [NA]
Epoch: 22, loss: 10.201592102050782, eval loss: [NA]
Epoch: 23, loss: 10.204206295013428, eval loss: [NA]
Epoch: 24, loss: 10.199275527000427, eval loss: [NA]
start update posterior model from prior pred - hot start
Epoch: 0, loss: 1.915046676695347, eval loss: [NA]
Epoch: 1, loss: 0.8522992198169231, eval loss: [NA]
Epoch: 2, loss: 0.6447252508997917, eval loss: [NA]
Epoch: 3, loss: 0.5808090676367282, eval loss: [NA]
Epoch: 4, loss: 0.5556562800705432, eval loss: [NA]
start update posterior model
Epoch: 0, loss: 14.259212384223938, eval loss: [NA]
Epoch: 1, loss: 14.17315734386444, eval loss: [NA]
Epoch: 2, loss: 14.151589450836182, eval loss: [NA]
Epoch: 3, loss: 14.169497265815735, eval loss: [NA]
Epoch: 4, loss: 14.155829830169678, eval loss: [NA]
Epoch: 5, loss: 14.127544627189636, eval loss: [NA]
Epoch: 6, loss: 14.132664089202882, eval loss: [NA]
Epoch: 7, loss: 14.143997483253479, eval loss: [NA]
Epoch: 8, loss: 14.151803817749023, eval loss: [NA]
Epoch: 9, loss: 14.1453813123703, eval loss: [NA]
Epoch: 10, loss: 14.1168221282959, eval loss: [NA]
Epoch: 11, loss: 14.125816602706909, eval loss: [NA]
Epoch: 12, loss: 14.111724557876586, eval loss: [NA]
Epoch: 13, loss: 14.147640295028687, eval loss: [NA]
Epoch: 14, loss: 14.133307571411132, eval loss: [NA]
Epoch: 15, loss: 14.115117030143738, eval loss: [NA]
Epoch: 16, loss: 14.133289966583252, eval loss: [NA]
Epoch: 17, loss: 14.124086894989013, eval loss: [NA]
Epoch: 18, loss: 14.129315042495728, eval loss: [NA]
Epoch: 19, loss: 14.139166274070739, eval loss: [NA]
Epoch: 20, loss: 14.14142740726471, eval loss: [NA]
Epoch: 21, loss: 14.133046646118164, eval loss: [NA]
Epoch: 22, loss: 14.120277819633484, eval loss: [NA]
Epoch: 23, loss: 14.11846628189087, eval loss: [NA]
Epoch: 24, loss: 14.131072883605958, eval loss: [NA]
Epoch: 25, loss: 14.121074056625366, eval loss: [NA]
Epoch: 26, loss: 14.124477405548095, eval loss: [NA]
Epoch: 27, loss: 14.11632833480835, eval loss: [NA]
Epoch: 28, loss: 14.118718390464783, eval loss: [NA]
Epoch: 29, loss: 14.11586600780487, eval loss: [NA]
Iteration: 2
start update likelihood model
Epoch: 0, loss: 10.249304919242858, eval loss: [NA]
Epoch: 1, loss: 10.2300914812088, eval loss: [NA]
Epoch: 2, loss: 10.207327733039856, eval loss: [NA]
Epoch: 3, loss: 10.185311703681945, eval loss: [NA]
Epoch: 4, loss: 10.189088225364685, eval loss: [NA]
Epoch: 5, loss: 10.191220903396607, eval loss: [NA]
Epoch: 6, loss: 10.185682010650634, eval loss: [NA]
Epoch: 7, loss: 10.173989782333374, eval loss: [NA]
Epoch: 8, loss: 10.158156003952026, eval loss: [NA]
Epoch: 9, loss: 10.188838801383973, eval loss: [NA]
Epoch: 10, loss: 10.170761203765869, eval loss: [NA]
Epoch: 11, loss: 10.16680836200714, eval loss: [NA]
Epoch: 12, loss: 10.177994141578674, eval loss: [NA]
Epoch: 13, loss: 10.170228834152221, eval loss: [NA]
Epoch: 14, loss: 10.15948842048645, eval loss: [NA]
Epoch: 15, loss: 10.166006350517273, eval loss: [NA]
Epoch: 16, loss: 10.17459093093872, eval loss: [NA]
Epoch: 17, loss: 10.175725178718567, eval loss: [NA]
Epoch: 18, loss: 10.16846417427063, eval loss: [NA]
Epoch: 19, loss: 10.168634486198425, eval loss: [NA]
Epoch: 20, loss: 10.159087262153626, eval loss: [NA]
Epoch: 21, loss: 10.1561319065094, eval loss: [NA]
Epoch: 22, loss: 10.154806208610534, eval loss: [NA]
Epoch: 23, loss: 10.14918098449707, eval loss: [NA]
Epoch: 24, loss: 10.15804937839508, eval loss: [NA]
Epoch: 25, loss: 10.14775583744049, eval loss: [NA]
Epoch: 26, loss: 10.155962882041932, eval loss: [NA]
Epoch: 27, loss: 10.14454577445984, eval loss: [NA]
Epoch: 28, loss: 10.139091629981994, eval loss: [NA]
Epoch: 29, loss: 10.15568359375, eval loss: [NA]
start update posterior model
Epoch: 0, loss: 14.228998665809632, eval loss: [NA]
Epoch: 1, loss: 14.212876377105713, eval loss: [NA]
Epoch: 2, loss: 14.225513300895692, eval loss: [NA]
Epoch: 3, loss: 14.222881746292114, eval loss: [NA]
Epoch: 4, loss: 14.222615509033202, eval loss: [NA]
Epoch: 5, loss: 14.224517579078674, eval loss: [NA]
Epoch: 6, loss: 14.221312685012817, eval loss: [NA]
Epoch: 7, loss: 14.218554472923278, eval loss: [NA]
Epoch: 8, loss: 14.221304783821106, eval loss: [NA]
Epoch: 9, loss: 14.212946882247925, eval loss: [NA]
Epoch: 10, loss: 14.206823196411133, eval loss: [NA]
Epoch: 11, loss: 14.231951370239258, eval loss: [NA]
Epoch: 12, loss: 14.220384879112244, eval loss: [NA]
Epoch: 13, loss: 14.21903238773346, eval loss: [NA]
Epoch: 14, loss: 14.214496035575866, eval loss: [NA]
Epoch: 15, loss: 14.214531073570251, eval loss: [NA]
Epoch: 16, loss: 14.216319513320922, eval loss: [NA]
Epoch: 17, loss: 14.21655816078186, eval loss: [NA]
Epoch: 18, loss: 14.221541924476623, eval loss: [NA]
Epoch: 19, loss: 14.230535402297974, eval loss: [NA]
Epoch: 20, loss: 14.21391806125641, eval loss: [NA]
Epoch: 21, loss: 14.224300560951233, eval loss: [NA]
Epoch: 22, loss: 14.212675695419312, eval loss: [NA]
Epoch: 23, loss: 14.225487523078918, eval loss: [NA]
Epoch: 24, loss: 14.211732044219971, eval loss: [NA]
Epoch: 25, loss: 14.216962852478026, eval loss: [NA]
Epoch: 26, loss: 14.212724165916443, eval loss: [NA]
Epoch: 27, loss: 14.212272934913635, eval loss: [NA]
Epoch: 28, loss: 14.219946322441102, eval loss: [NA]
Epoch: 29, loss: 14.212935600280762, eval loss: [NA]
Iteration: 3
start update likelihood model
Epoch: 0, loss: 10.118639025688172, eval loss: [NA]
Epoch: 1, loss: 10.110931296348571, eval loss: [NA]
Epoch: 2, loss: 10.094240083694459, eval loss: [NA]
Epoch: 3, loss: 10.091885118484496, eval loss: [NA]
Epoch: 4, loss: 10.097853183746338, eval loss: [NA]
Epoch: 5, loss: 10.089932532310486, eval loss: [NA]
Epoch: 6, loss: 10.082837119102479, eval loss: [NA]
Epoch: 7, loss: 10.082924590110778, eval loss: [NA]
Epoch: 8, loss: 10.090267624855041, eval loss: [NA]
Epoch: 9, loss: 10.102925748825074, eval loss: [NA]
Epoch: 10, loss: 10.076353216171265, eval loss: [NA]
Epoch: 11, loss: 10.090703840255737, eval loss: [NA]
Epoch: 12, loss: 10.07842246055603, eval loss: [NA]
Epoch: 13, loss: 10.064047460556031, eval loss: [NA]
Epoch: 14, loss: 10.06244604587555, eval loss: [NA]
Epoch: 15, loss: 10.088611660003663, eval loss: [NA]
Epoch: 16, loss: 10.068712887763978, eval loss: [NA]
Epoch: 17, loss: 10.048782420158386, eval loss: [NA]
Epoch: 18, loss: 10.051954650878907, eval loss: [NA]
Epoch: 19, loss: 10.082016859054566, eval loss: [NA]
Epoch: 20, loss: 10.074051532745361, eval loss: [NA]
Epoch: 21, loss: 10.056746926307678, eval loss: [NA]
Epoch: 22, loss: 10.064830121994019, eval loss: [NA]
Epoch: 23, loss: 10.069143018722535, eval loss: [NA]
Epoch: 24, loss: 10.056579031944274, eval loss: [NA]
Epoch: 25, loss: 10.054070777893067, eval loss: [NA]
Epoch: 26, loss: 10.064384479522705, eval loss: [NA]
Epoch: 27, loss: 10.052713890075683, eval loss: [NA]
Epoch: 28, loss: 10.05399612903595, eval loss: [NA]
Epoch: 29, loss: 10.05019808292389, eval loss: [NA]
start update posterior model
Epoch: 0, loss: 15.042972888946533, eval loss: [NA]
Epoch: 1, loss: 15.029481492042542, eval loss: [NA]
Epoch: 2, loss: 15.018751497268676, eval loss: [NA]
Epoch: 3, loss: 15.02658429145813, eval loss: [NA]
Epoch: 4, loss: 15.024446763992309, eval loss: [NA]
Epoch: 5, loss: 15.01839207649231, eval loss: [NA]
Epoch: 6, loss: 15.04039918899536, eval loss: [NA]
Epoch: 7, loss: 15.033626379966735, eval loss: [NA]
Epoch: 8, loss: 15.033178548812867, eval loss: [NA]
Epoch: 9, loss: 15.023238587379456, eval loss: [NA]
Epoch: 10, loss: 15.032294244766236, eval loss: [NA]
Epoch: 11, loss: 15.023558640480042, eval loss: [NA]
Epoch: 12, loss: 15.018930826187134, eval loss: [NA]
Epoch: 13, loss: 15.023101253509521, eval loss: [NA]
Epoch: 14, loss: 15.021912279129028, eval loss: [NA]
Epoch: 15, loss: 15.02939995765686, eval loss: [NA]
Epoch: 16, loss: 15.024559273719788, eval loss: [NA]
Epoch: 17, loss: 15.023633704185485, eval loss: [NA]
Epoch: 18, loss: 15.019281497001648, eval loss: [NA]
Epoch: 19, loss: 15.023398008346557, eval loss: [NA]
Epoch: 20, loss: 15.023781056404113, eval loss: [NA]
Epoch: 21, loss: 15.018414158821106, eval loss: [NA]
Epoch: 22, loss: 15.018811087608338, eval loss: [NA]
Epoch: 23, loss: 15.021315865516662, eval loss: [NA]
Epoch: 24, loss: 15.031903619766235, eval loss: [NA]
Epoch: 25, loss: 15.031564445495606, eval loss: [NA]
Epoch: 26, loss: 15.019700231552124, eval loss: [NA]
Epoch: 27, loss: 15.026430268287658, eval loss: [NA]
Epoch: 28, loss: 15.021432242393495, eval loss: [NA]
Epoch: 29, loss: 15.02647020816803, eval loss: [NA]
Iteration: 4
start update likelihood model
Epoch: 0, loss: 10.12087106704712, eval loss: [NA]
Epoch: 1, loss: 10.111463289260865, eval loss: [NA]
Epoch: 2, loss: 10.09404372692108, eval loss: [NA]
Epoch: 3, loss: 10.093407049179078, eval loss: [NA]
Epoch: 4, loss: 10.101250553131104, eval loss: [NA]
Epoch: 5, loss: 10.099168047904968, eval loss: [NA]
Epoch: 6, loss: 10.088042979240418, eval loss: [NA]
Epoch: 7, loss: 10.083663458824157, eval loss: [NA]
Epoch: 8, loss: 10.082818932533264, eval loss: [NA]
Epoch: 9, loss: 10.08706220626831, eval loss: [NA]
Epoch: 10, loss: 10.081966710090636, eval loss: [NA]
Epoch: 11, loss: 10.090428128242493, eval loss: [NA]
Epoch: 12, loss: 10.076557025909423, eval loss: [NA]
Epoch: 13, loss: 10.071147332191467, eval loss: [NA]
Epoch: 14, loss: 10.07357521533966, eval loss: [NA]
Epoch: 15, loss: 10.078992137908935, eval loss: [NA]
Epoch: 16, loss: 10.088510999679565, eval loss: [NA]
Epoch: 17, loss: 10.076418905258178, eval loss: [NA]
Epoch: 18, loss: 10.06900372982025, eval loss: [NA]
Epoch: 19, loss: 10.071893944740296, eval loss: [NA]
Epoch: 20, loss: 10.07561137676239, eval loss: [NA]
Epoch: 21, loss: 10.071293683052064, eval loss: [NA]
Epoch: 22, loss: 10.073317742347717, eval loss: [NA]
Epoch: 23, loss: 10.095563659667969, eval loss: [NA]
Epoch: 24, loss: 10.066776132583618, eval loss: [NA]
Epoch: 25, loss: 10.069167251586913, eval loss: [NA]
Epoch: 26, loss: 10.059408593177796, eval loss: [NA]
Epoch: 27, loss: 10.06316999912262, eval loss: [NA]
Epoch: 28, loss: 10.056576313972473, eval loss: [NA]
Epoch: 29, loss: 10.05617868900299, eval loss: [NA]
start update posterior model
Epoch: 0, loss: 14.547013535499573, eval loss: [NA]
Epoch: 1, loss: 14.54729133605957, eval loss: [NA]
Epoch: 2, loss: 14.546720132827758, eval loss: [NA]
Epoch: 3, loss: 14.549750900268554, eval loss: [NA]
Epoch: 4, loss: 14.546419224739076, eval loss: [NA]
Epoch: 5, loss: 14.549666342735291, eval loss: [NA]
Epoch: 6, loss: 14.544309101104737, eval loss: [NA]
Epoch: 7, loss: 14.540533299446105, eval loss: [NA]
Epoch: 8, loss: 14.544997687339782, eval loss: [NA]
Epoch: 9, loss: 14.550691952705384, eval loss: [NA]
Epoch: 10, loss: 14.540313158035278, eval loss: [NA]
Epoch: 11, loss: 14.541277985572815, eval loss: [NA]
Epoch: 12, loss: 14.54769483089447, eval loss: [NA]
Epoch: 13, loss: 14.547935552597046, eval loss: [NA]
Epoch: 14, loss: 14.542357530593872, eval loss: [NA]
Epoch: 15, loss: 14.545017976760864, eval loss: [NA]
Epoch: 16, loss: 14.551080703735352, eval loss: [NA]
Epoch: 17, loss: 14.543216261863709, eval loss: [NA]
Epoch: 18, loss: 14.548339581489563, eval loss: [NA]
Epoch: 19, loss: 14.548662295341492, eval loss: [NA]
Epoch: 20, loss: 14.548183374404907, eval loss: [NA]
Epoch: 21, loss: 14.541733946800232, eval loss: [NA]
Epoch: 22, loss: 14.541239676475525, eval loss: [NA]
Epoch: 23, loss: 14.540328416824341, eval loss: [NA]
Epoch: 24, loss: 14.547824459075928, eval loss: [NA]
Epoch: 25, loss: 14.538339838981628, eval loss: [NA]
Epoch: 26, loss: 14.54398166656494, eval loss: [NA]
Epoch: 27, loss: 14.543291964530944, eval loss: [NA]
Epoch: 28, loss: 14.543407468795776, eval loss: [NA]
Epoch: 29, loss: 14.5491109085083, eval loss: [NA]

Runtime:616.71
[4347955540907246.5, 0.0137, 0.0115, 0.0312]
[570105920.0, 1.7, 1.7024, 1.6691]
[24808746123264.0, 1.4056, 1.3742, 1.3681]
KL div untrained: 2277481443431491.5
KL div trained: 0.0189
