Input args:
Dim: 2
seed: 5
seed_data: 10
/home/samwiq/spa/seq-posterior-approx-w-nf-dev/mv_gaussian/low_dim_w_five_obs/lunarc
/home/samwiq/spa/seq-posterior-approx-w-nf-dev
tensor(1.2062e+11, grad_fn=<MeanBackward0>)
tensor(7.2955e+09, grad_fn=<MeanBackward0>)
tensor([ 7.0946e+10, -1.9009e+09, -2.8715e+07,  1.3646e+01,  1.0378e+04,
         1.0358e+06,  8.7817e+05, -1.3464e+04,  6.7547e+04,  3.0582e+01],
       grad_fn=<MeanBackward1>)
tensor([1.7658e+12, 4.8725e+10, 2.0336e+09, 3.3563e+02, 3.2815e+05, 2.8239e+07,
        2.2701e+07, 3.6696e+05, 1.7796e+06, 7.4351e+02],
       grad_fn=<StdBackward1>)
tensor([-1.6616, -2.1609, -1.7456, -1.7803, -1.3209, -0.8756, -2.7388, -3.3261,
        -0.3453, -0.9167])
start full training
Iteration: 1
start update likelihood model
Epoch: 0, loss: 20.408066420555116, eval loss: [NA]
Epoch: 1, loss: 14.30779923915863, eval loss: [NA]
Epoch: 2, loss: 11.743099646568298, eval loss: [NA]
Epoch: 3, loss: 10.789365892410279, eval loss: [NA]
Epoch: 4, loss: 10.554537091255188, eval loss: [NA]
Epoch: 5, loss: 10.50060567855835, eval loss: [NA]
Epoch: 6, loss: 10.390263795852661, eval loss: [NA]
Epoch: 7, loss: 10.37808641910553, eval loss: [NA]
Epoch: 8, loss: 10.35864480495453, eval loss: [NA]
Epoch: 9, loss: 10.336495094299316, eval loss: [NA]
Epoch: 10, loss: 10.315793781280517, eval loss: [NA]
Epoch: 11, loss: 10.29252330303192, eval loss: [NA]
Epoch: 12, loss: 10.332938833236694, eval loss: [NA]
Epoch: 13, loss: 10.29594970703125, eval loss: [NA]
Epoch: 14, loss: 10.274064784049989, eval loss: [NA]
Epoch: 15, loss: 10.280982213020325, eval loss: [NA]
Epoch: 16, loss: 10.267335691452026, eval loss: [NA]
Epoch: 17, loss: 10.276768684387207, eval loss: [NA]
Epoch: 18, loss: 10.2611048412323, eval loss: [NA]
Epoch: 19, loss: 10.258963289260864, eval loss: [NA]
Epoch: 20, loss: 10.266525344848633, eval loss: [NA]
Epoch: 21, loss: 10.258451356887818, eval loss: [NA]
Epoch: 22, loss: 10.252323713302612, eval loss: [NA]
Epoch: 23, loss: 10.230610461235047, eval loss: [NA]
Epoch: 24, loss: 10.21920879840851, eval loss: [NA]
start update posterior model from prior pred - hot start
Epoch: 0, loss: 2.1502906730771065, eval loss: [NA]
Epoch: 1, loss: 0.9383535277843476, eval loss: [NA]
Epoch: 2, loss: 0.6915981125831604, eval loss: [NA]
Epoch: 3, loss: 0.6434162199497223, eval loss: [NA]
Epoch: 4, loss: 0.5660836263746023, eval loss: [NA]
start update posterior model
Epoch: 0, loss: 13.857406735420227, eval loss: [NA]
Epoch: 1, loss: 13.851570730209351, eval loss: [NA]
Epoch: 2, loss: 13.835725932121276, eval loss: [NA]
Epoch: 3, loss: 13.846950755119323, eval loss: [NA]
Epoch: 4, loss: 13.849872078895569, eval loss: [NA]
Epoch: 5, loss: 13.835000762939453, eval loss: [NA]
Epoch: 6, loss: 13.844841108322143, eval loss: [NA]
Epoch: 7, loss: 13.838521480560303, eval loss: [NA]
Epoch: 8, loss: 13.83943202495575, eval loss: [NA]
Epoch: 9, loss: 13.832579760551452, eval loss: [NA]
Epoch: 10, loss: 13.840031623840332, eval loss: [NA]
Epoch: 11, loss: 13.826104779243469, eval loss: [NA]
Epoch: 12, loss: 13.836775631904603, eval loss: [NA]
Epoch: 13, loss: 13.827991237640381, eval loss: [NA]
Epoch: 14, loss: 13.84056911945343, eval loss: [NA]
Epoch: 15, loss: 13.828554458618164, eval loss: [NA]
Epoch: 16, loss: 13.832150721549988, eval loss: [NA]
Epoch: 17, loss: 13.827249722480774, eval loss: [NA]
Epoch: 18, loss: 13.826319570541381, eval loss: [NA]
Epoch: 19, loss: 13.831613869667054, eval loss: [NA]
Epoch: 20, loss: 13.824390754699706, eval loss: [NA]
Epoch: 21, loss: 13.829256858825683, eval loss: [NA]
Epoch: 22, loss: 13.832905569076537, eval loss: [NA]
Epoch: 23, loss: 13.823518590927124, eval loss: [NA]
Epoch: 24, loss: 13.827058601379395, eval loss: [NA]
Epoch: 25, loss: 13.829988403320312, eval loss: [NA]
Epoch: 26, loss: 13.829051828384399, eval loss: [NA]
Epoch: 27, loss: 13.827345600128174, eval loss: [NA]
Epoch: 28, loss: 13.819470715522765, eval loss: [NA]
Epoch: 29, loss: 13.823702144622803, eval loss: [NA]
Iteration: 2
start update likelihood model
Epoch: 0, loss: 10.186524329185486, eval loss: [NA]
Epoch: 1, loss: 10.165467629432678, eval loss: [NA]
Epoch: 2, loss: 10.150540380477905, eval loss: [NA]
Epoch: 3, loss: 10.14614218711853, eval loss: [NA]
Epoch: 4, loss: 10.151728448867798, eval loss: [NA]
Epoch: 5, loss: 10.161324820518495, eval loss: [NA]
Epoch: 6, loss: 10.148006582260132, eval loss: [NA]
Epoch: 7, loss: 10.152466716766357, eval loss: [NA]
Epoch: 8, loss: 10.14062744140625, eval loss: [NA]
Epoch: 9, loss: 10.14571280479431, eval loss: [NA]
Epoch: 10, loss: 10.135993008613587, eval loss: [NA]
Epoch: 11, loss: 10.145407266616822, eval loss: [NA]
Epoch: 12, loss: 10.141046752929688, eval loss: [NA]
Epoch: 13, loss: 10.136475071907043, eval loss: [NA]
Epoch: 14, loss: 10.142148928642273, eval loss: [NA]
Epoch: 15, loss: 10.146351428031922, eval loss: [NA]
Epoch: 16, loss: 10.14249526500702, eval loss: [NA]
Epoch: 17, loss: 10.133578629493714, eval loss: [NA]
Epoch: 18, loss: 10.130377607345581, eval loss: [NA]
Epoch: 19, loss: 10.134591498374938, eval loss: [NA]
Epoch: 20, loss: 10.128028345108032, eval loss: [NA]
Epoch: 21, loss: 10.134176411628722, eval loss: [NA]
Epoch: 22, loss: 10.12041566848755, eval loss: [NA]
Epoch: 23, loss: 10.113643007278442, eval loss: [NA]
Epoch: 24, loss: 10.129855842590333, eval loss: [NA]
Epoch: 25, loss: 10.131381645202637, eval loss: [NA]
Epoch: 26, loss: 10.117869629859925, eval loss: [NA]
Epoch: 27, loss: 10.122490077018737, eval loss: [NA]
Epoch: 28, loss: 10.111255736351014, eval loss: [NA]
Epoch: 29, loss: 10.117901539802551, eval loss: [NA]
start update posterior model
Epoch: 0, loss: 14.42863694190979, eval loss: [NA]
Epoch: 1, loss: 14.430612525939942, eval loss: [NA]
Epoch: 2, loss: 14.433349695205688, eval loss: [NA]
Epoch: 3, loss: 14.431809468269348, eval loss: [NA]
Epoch: 4, loss: 14.438762273788452, eval loss: [NA]
Epoch: 5, loss: 14.427457361221313, eval loss: [NA]
Epoch: 6, loss: 14.421895027160645, eval loss: [NA]
Epoch: 7, loss: 14.423978085517883, eval loss: [NA]
Epoch: 8, loss: 14.422717671394349, eval loss: [NA]
Epoch: 9, loss: 14.424858393669128, eval loss: [NA]
Epoch: 10, loss: 14.421811966896056, eval loss: [NA]
Epoch: 11, loss: 14.425424885749816, eval loss: [NA]
Epoch: 12, loss: 14.428568406105041, eval loss: [NA]
Epoch: 13, loss: 14.420104012489318, eval loss: [NA]
Epoch: 14, loss: 14.429459691047668, eval loss: [NA]
Epoch: 15, loss: 14.425934286117554, eval loss: [NA]
Epoch: 16, loss: 14.421137428283691, eval loss: [NA]
Epoch: 17, loss: 14.418298501968383, eval loss: [NA]
Epoch: 18, loss: 14.417566041946412, eval loss: [NA]
Epoch: 19, loss: 14.421191401481629, eval loss: [NA]
Epoch: 20, loss: 14.42019365310669, eval loss: [NA]
Epoch: 21, loss: 14.420768370628357, eval loss: [NA]
Epoch: 22, loss: 14.420582098960876, eval loss: [NA]
Epoch: 23, loss: 14.427599325180054, eval loss: [NA]
Epoch: 24, loss: 14.42290120601654, eval loss: [NA]
Epoch: 25, loss: 14.421075868606568, eval loss: [NA]
Epoch: 26, loss: 14.42056031703949, eval loss: [NA]
Epoch: 27, loss: 14.420485491752624, eval loss: [NA]
Epoch: 28, loss: 14.425999164581299, eval loss: [NA]
Epoch: 29, loss: 14.420848469734192, eval loss: [NA]
Iteration: 3
start update likelihood model
Epoch: 0, loss: 10.114341859817506, eval loss: [NA]
Epoch: 1, loss: 10.107898573875428, eval loss: [NA]
Epoch: 2, loss: 10.100590200424195, eval loss: [NA]
Epoch: 3, loss: 10.10072940826416, eval loss: [NA]
Epoch: 4, loss: 10.083956990242005, eval loss: [NA]
Epoch: 5, loss: 10.095658082962036, eval loss: [NA]
Epoch: 6, loss: 10.08107144832611, eval loss: [NA]
Epoch: 7, loss: 10.086578373908997, eval loss: [NA]
Epoch: 8, loss: 10.090981674194335, eval loss: [NA]
Epoch: 9, loss: 10.079472270011902, eval loss: [NA]
Epoch: 10, loss: 10.073495683670044, eval loss: [NA]
Epoch: 11, loss: 10.080143785476684, eval loss: [NA]
Epoch: 12, loss: 10.087494378089906, eval loss: [NA]
Epoch: 13, loss: 10.066592803001404, eval loss: [NA]
Epoch: 14, loss: 10.065501217842103, eval loss: [NA]
Epoch: 15, loss: 10.083146677017211, eval loss: [NA]
Epoch: 16, loss: 10.066383242607117, eval loss: [NA]
Epoch: 17, loss: 10.074830598831177, eval loss: [NA]
Epoch: 18, loss: 10.060083985328674, eval loss: [NA]
Epoch: 19, loss: 10.064601082801818, eval loss: [NA]
Epoch: 20, loss: 10.063471865653991, eval loss: [NA]
Epoch: 21, loss: 10.066156196594239, eval loss: [NA]
Epoch: 22, loss: 10.068063855171204, eval loss: [NA]
Epoch: 23, loss: 10.062102670669555, eval loss: [NA]
Epoch: 24, loss: 10.058527426719666, eval loss: [NA]
Epoch: 25, loss: 10.055676674842834, eval loss: [NA]
Epoch: 26, loss: 10.054467244148254, eval loss: [NA]
Epoch: 27, loss: 10.051679716110229, eval loss: [NA]
Epoch: 28, loss: 10.058470468521119, eval loss: [NA]
Epoch: 29, loss: 10.04377890586853, eval loss: [NA]
start update posterior model
Epoch: 0, loss: 13.191673197746276, eval loss: [NA]
Epoch: 1, loss: 13.190313882827759, eval loss: [NA]
Epoch: 2, loss: 13.185830926895141, eval loss: [NA]
Epoch: 3, loss: 13.184468569755554, eval loss: [NA]
Epoch: 4, loss: 13.189923295974731, eval loss: [NA]
Epoch: 5, loss: 13.181770968437196, eval loss: [NA]
Epoch: 6, loss: 13.187424573898316, eval loss: [NA]
Epoch: 7, loss: 13.183643050193787, eval loss: [NA]
Epoch: 8, loss: 13.182058472633361, eval loss: [NA]
Epoch: 9, loss: 13.18885980129242, eval loss: [NA]
Epoch: 10, loss: 13.189321117401123, eval loss: [NA]
Epoch: 11, loss: 13.183203587532043, eval loss: [NA]
Epoch: 12, loss: 13.186829409599305, eval loss: [NA]
Epoch: 13, loss: 13.186001315116883, eval loss: [NA]
Epoch: 14, loss: 13.186488113403321, eval loss: [NA]
Epoch: 15, loss: 13.191625952720642, eval loss: [NA]
Epoch: 16, loss: 13.184852046966553, eval loss: [NA]
Epoch: 17, loss: 13.186005525588989, eval loss: [NA]
Epoch: 18, loss: 13.183849401474, eval loss: [NA]
Epoch: 19, loss: 13.181642947196961, eval loss: [NA]
Epoch: 20, loss: 13.182354545593261, eval loss: [NA]
Epoch: 21, loss: 13.184304904937743, eval loss: [NA]
Epoch: 22, loss: 13.18997540950775, eval loss: [NA]
Epoch: 23, loss: 13.18685272693634, eval loss: [NA]
Epoch: 24, loss: 13.189656887054444, eval loss: [NA]
Epoch: 25, loss: 13.180983119010925, eval loss: [NA]
Epoch: 26, loss: 13.184188208580018, eval loss: [NA]
Epoch: 27, loss: 13.186679949760437, eval loss: [NA]
Epoch: 28, loss: 13.180632181167603, eval loss: [NA]
Epoch: 29, loss: 13.187225503921509, eval loss: [NA]
Iteration: 4
start update likelihood model
Epoch: 0, loss: 10.084465341567993, eval loss: [NA]
Epoch: 1, loss: 10.070730829238892, eval loss: [NA]
Epoch: 2, loss: 10.063225026130675, eval loss: [NA]
Epoch: 3, loss: 10.066694011688233, eval loss: [NA]
Epoch: 4, loss: 10.058410530090333, eval loss: [NA]
Epoch: 5, loss: 10.055749802589416, eval loss: [NA]
Epoch: 6, loss: 10.052792782783508, eval loss: [NA]
Epoch: 7, loss: 10.046407246589661, eval loss: [NA]
Epoch: 8, loss: 10.054511981010437, eval loss: [NA]
Epoch: 9, loss: 10.049841842651368, eval loss: [NA]
Epoch: 10, loss: 10.047690358161926, eval loss: [NA]
Epoch: 11, loss: 10.048237709999084, eval loss: [NA]
Epoch: 12, loss: 10.054052958488464, eval loss: [NA]
Epoch: 13, loss: 10.042524576187134, eval loss: [NA]
Epoch: 14, loss: 10.04880226612091, eval loss: [NA]
Epoch: 15, loss: 10.043768782615661, eval loss: [NA]
Epoch: 16, loss: 10.044636836051941, eval loss: [NA]
Epoch: 17, loss: 10.050827970504761, eval loss: [NA]
Epoch: 18, loss: 10.03648624420166, eval loss: [NA]
Epoch: 19, loss: 10.033765807151795, eval loss: [NA]
Epoch: 20, loss: 10.034361763000488, eval loss: [NA]
Epoch: 21, loss: 10.03469259262085, eval loss: [NA]
Epoch: 22, loss: 10.024616236686706, eval loss: [NA]
Epoch: 23, loss: 10.032442307472229, eval loss: [NA]
Epoch: 24, loss: 10.030743250846863, eval loss: [NA]
Epoch: 25, loss: 10.022686491012573, eval loss: [NA]
Epoch: 26, loss: 10.041386094093323, eval loss: [NA]
Epoch: 27, loss: 10.021118302345275, eval loss: [NA]
Epoch: 28, loss: 10.020388417243957, eval loss: [NA]
Epoch: 29, loss: 10.015381417274476, eval loss: [NA]
start update posterior model
Epoch: 0, loss: 13.354483070373535, eval loss: [NA]
Epoch: 1, loss: 13.354346432685851, eval loss: [NA]
Epoch: 2, loss: 13.347437725067138, eval loss: [NA]
Epoch: 3, loss: 13.346864428520202, eval loss: [NA]
Epoch: 4, loss: 13.348552780151367, eval loss: [NA]
Epoch: 5, loss: 13.348096947669983, eval loss: [NA]
Epoch: 6, loss: 13.355692567825317, eval loss: [NA]
Epoch: 7, loss: 13.349494757652282, eval loss: [NA]
Epoch: 8, loss: 13.347059936523438, eval loss: [NA]
Epoch: 9, loss: 13.343332629203797, eval loss: [NA]
Epoch: 10, loss: 13.34918692111969, eval loss: [NA]
Epoch: 11, loss: 13.346779413223267, eval loss: [NA]
Epoch: 12, loss: 13.346539964675904, eval loss: [NA]
Epoch: 13, loss: 13.346131811141968, eval loss: [NA]
Epoch: 14, loss: 13.35578914642334, eval loss: [NA]
Epoch: 15, loss: 13.345659017562866, eval loss: [NA]
Epoch: 16, loss: 13.344486594200134, eval loss: [NA]
Epoch: 17, loss: 13.34799575805664, eval loss: [NA]
Epoch: 18, loss: 13.346856741905212, eval loss: [NA]
Epoch: 19, loss: 13.349432554244995, eval loss: [NA]
Epoch: 20, loss: 13.345932521820068, eval loss: [NA]
Epoch: 21, loss: 13.347883496284485, eval loss: [NA]
Epoch: 22, loss: 13.344936442375182, eval loss: [NA]
Epoch: 23, loss: 13.347078008651733, eval loss: [NA]
Epoch: 24, loss: 13.346023907661438, eval loss: [NA]
Epoch: 25, loss: 13.347428631782531, eval loss: [NA]
Epoch: 26, loss: 13.347202425003053, eval loss: [NA]
Epoch: 27, loss: 13.344507517814636, eval loss: [NA]
Epoch: 28, loss: 13.352511434555053, eval loss: [NA]
Epoch: 29, loss: 13.347612929344177, eval loss: [NA]

Runtime:654.95
[1046456997826407.9, 0.0184, 0.019, 0.0203]
[7295498752.0, 1.2517, 1.2419, 1.2107]
[120619032576.0, 1.3915, 1.4044, 1.3748]
KL div untrained: 775240134347057.1
KL div trained: 0.0186
