Input args:
Dim: 2
seed: 17
seed_data: 10
/home/samwiq/snpla/seq-posterior-approx-w-nf-dev/mv_gaussian/low_dim_w_five_obs/lunarc
/home/samwiq/snpla/seq-posterior-approx-w-nf-dev
tensor(1.7973e+13, grad_fn=<MeanBackward0>)
tensor(3.9312e+08, grad_fn=<MeanBackward0>)
tensor([ 3.8340e+09, -6.9509e+07,  2.2003e+07,  3.4283e+01,  3.3260e+02,
         6.5197e+05,  3.2148e+04, -8.4582e+03,  1.7098e+03,  2.8169e+01],
       grad_fn=<MeanBackward1>)
tensor([7.1838e+10, 1.9287e+09, 3.2245e+08, 5.4102e+02, 7.9632e+03, 8.3875e+06,
        8.9865e+05, 1.0891e+05, 7.1226e+04, 2.6672e+02],
       grad_fn=<StdBackward1>)
tensor([-4.8250, -1.1019, -3.1206,  0.6921, -3.1778,  0.2800, -4.5542, -1.4541,
        -1.0409,  2.7042])
start full training
Iteration: 1
start update likelihood model
Epoch: 0, loss: 20.778093509674072, eval loss: [NA]
Epoch: 1, loss: 14.387385387420654, eval loss: [NA]
Epoch: 2, loss: 11.799052700996398, eval loss: [NA]
Epoch: 3, loss: 10.73648720741272, eval loss: [NA]
Epoch: 4, loss: 10.490690331459046, eval loss: [NA]
Epoch: 5, loss: 10.396661195755005, eval loss: [NA]
Epoch: 6, loss: 10.361114048957825, eval loss: [NA]
Epoch: 7, loss: 10.285069131851197, eval loss: [NA]
Epoch: 8, loss: 10.271902871131896, eval loss: [NA]
Epoch: 9, loss: 10.262830200195312, eval loss: [NA]
Epoch: 10, loss: 10.241135816574097, eval loss: [NA]
Epoch: 11, loss: 10.226509346961976, eval loss: [NA]
Epoch: 12, loss: 10.23228171825409, eval loss: [NA]
Epoch: 13, loss: 10.217250084877014, eval loss: [NA]
Epoch: 14, loss: 10.207972569465637, eval loss: [NA]
Epoch: 15, loss: 10.198052501678466, eval loss: [NA]
Epoch: 16, loss: 10.19573203086853, eval loss: [NA]
Epoch: 17, loss: 10.171802129745483, eval loss: [NA]
Epoch: 18, loss: 10.189015445709229, eval loss: [NA]
Epoch: 19, loss: 10.180100178718567, eval loss: [NA]
Epoch: 20, loss: 10.159618515968322, eval loss: [NA]
Epoch: 21, loss: 10.168098549842835, eval loss: [NA]
Epoch: 22, loss: 10.169673438072204, eval loss: [NA]
Epoch: 23, loss: 10.162526893615723, eval loss: [NA]
Epoch: 24, loss: 10.151645379066467, eval loss: [NA]
start update posterior model from prior pred - hot start
Epoch: 0, loss: 2.035121904313564, eval loss: [NA]
Epoch: 1, loss: 0.9219863571226596, eval loss: [NA]
Epoch: 2, loss: 0.629618658721447, eval loss: [NA]
Epoch: 3, loss: 0.5754199583828449, eval loss: [NA]
Epoch: 4, loss: 0.557314383238554, eval loss: [NA]
start update posterior model
Epoch: 0, loss: 14.465352554321289, eval loss: [NA]
Epoch: 1, loss: 14.433255624771117, eval loss: [NA]
Epoch: 2, loss: 14.41499870300293, eval loss: [NA]
Epoch: 3, loss: 14.41289981842041, eval loss: [NA]
Epoch: 4, loss: 14.430381789207459, eval loss: [NA]
Epoch: 5, loss: 14.388411445617676, eval loss: [NA]
Epoch: 6, loss: 14.391326026916504, eval loss: [NA]
Epoch: 7, loss: 14.398067426681518, eval loss: [NA]
Epoch: 8, loss: 14.40115659713745, eval loss: [NA]
Epoch: 9, loss: 14.397599873542786, eval loss: [NA]
Epoch: 10, loss: 14.391927914619446, eval loss: [NA]
Epoch: 11, loss: 14.395613670349121, eval loss: [NA]
Epoch: 12, loss: 14.423303570747375, eval loss: [NA]
Epoch: 13, loss: 14.40079038143158, eval loss: [NA]
Epoch: 14, loss: 14.379344749450684, eval loss: [NA]
Epoch: 15, loss: 14.417383227348328, eval loss: [NA]
Epoch: 16, loss: 14.41699324131012, eval loss: [NA]
Epoch: 17, loss: 14.394324722290039, eval loss: [NA]
Epoch: 18, loss: 14.388437280654907, eval loss: [NA]
Epoch: 19, loss: 14.392545428276062, eval loss: [NA]
Epoch: 20, loss: 14.405744423866272, eval loss: [NA]
Epoch: 21, loss: 14.391856422424317, eval loss: [NA]
Epoch: 22, loss: 14.3962682056427, eval loss: [NA]
Epoch: 23, loss: 14.389945263862609, eval loss: [NA]
Epoch: 24, loss: 14.39473340034485, eval loss: [NA]
Epoch: 25, loss: 14.38075457572937, eval loss: [NA]
Epoch: 26, loss: 14.384909691810607, eval loss: [NA]
Epoch: 27, loss: 14.384737048149109, eval loss: [NA]
Epoch: 28, loss: 14.386641235351563, eval loss: [NA]
Epoch: 29, loss: 14.384794907569885, eval loss: [NA]
Iteration: 2
start update likelihood model
Epoch: 0, loss: 10.22323091506958, eval loss: [NA]
Epoch: 1, loss: 10.189053101539612, eval loss: [NA]
Epoch: 2, loss: 10.200952281951905, eval loss: [NA]
Epoch: 3, loss: 10.173020896911622, eval loss: [NA]
Epoch: 4, loss: 10.154104804992675, eval loss: [NA]
Epoch: 5, loss: 10.176630110740662, eval loss: [NA]
Epoch: 6, loss: 10.1596489238739, eval loss: [NA]
Epoch: 7, loss: 10.168524827957153, eval loss: [NA]
Epoch: 8, loss: 10.172544755935668, eval loss: [NA]
Epoch: 9, loss: 10.158923072814941, eval loss: [NA]
Epoch: 10, loss: 10.153527221679688, eval loss: [NA]
Epoch: 11, loss: 10.167678527832031, eval loss: [NA]
Epoch: 12, loss: 10.157834429740905, eval loss: [NA]
Epoch: 13, loss: 10.163536381721496, eval loss: [NA]
Epoch: 14, loss: 10.148093824386597, eval loss: [NA]
Epoch: 15, loss: 10.158883395195007, eval loss: [NA]
Epoch: 16, loss: 10.150525679588318, eval loss: [NA]
Epoch: 17, loss: 10.15933913230896, eval loss: [NA]
Epoch: 18, loss: 10.167245011329651, eval loss: [NA]
Epoch: 19, loss: 10.139447832107544, eval loss: [NA]
Epoch: 20, loss: 10.139816308021546, eval loss: [NA]
Epoch: 21, loss: 10.166436595916748, eval loss: [NA]
Epoch: 22, loss: 10.131663393974303, eval loss: [NA]
Epoch: 23, loss: 10.139677982330323, eval loss: [NA]
Epoch: 24, loss: 10.129842576980591, eval loss: [NA]
Epoch: 25, loss: 10.144795522689819, eval loss: [NA]
Epoch: 26, loss: 10.131316714286804, eval loss: [NA]
Epoch: 27, loss: 10.126040754318238, eval loss: [NA]
Epoch: 28, loss: 10.112263431549072, eval loss: [NA]
Epoch: 29, loss: 10.133198990821839, eval loss: [NA]
start update posterior model
Epoch: 0, loss: 14.646336269378661, eval loss: [NA]
Epoch: 1, loss: 14.6519984292984, eval loss: [NA]
Epoch: 2, loss: 14.654706239700317, eval loss: [NA]
Epoch: 3, loss: 14.645768237113952, eval loss: [NA]
Epoch: 4, loss: 14.651725764274596, eval loss: [NA]
Epoch: 5, loss: 14.643215155601501, eval loss: [NA]
Epoch: 6, loss: 14.646125931739807, eval loss: [NA]
Epoch: 7, loss: 14.662168679237366, eval loss: [NA]
Epoch: 8, loss: 14.656111726760864, eval loss: [NA]
Epoch: 9, loss: 14.651014475822448, eval loss: [NA]
Epoch: 10, loss: 14.648473625183106, eval loss: [NA]
Epoch: 11, loss: 14.640500683784484, eval loss: [NA]
Epoch: 12, loss: 14.643472189903258, eval loss: [NA]
Epoch: 13, loss: 14.644098987579346, eval loss: [NA]
Epoch: 14, loss: 14.648156275749207, eval loss: [NA]
Epoch: 15, loss: 14.650631256103516, eval loss: [NA]
Epoch: 16, loss: 14.65312479019165, eval loss: [NA]
Epoch: 17, loss: 14.654581384658814, eval loss: [NA]
Epoch: 18, loss: 14.640347938537598, eval loss: [NA]
Epoch: 19, loss: 14.64595417022705, eval loss: [NA]
Epoch: 20, loss: 14.661805844306945, eval loss: [NA]
Epoch: 21, loss: 14.642784385681152, eval loss: [NA]
Epoch: 22, loss: 14.64640323638916, eval loss: [NA]
Epoch: 23, loss: 14.640917148590088, eval loss: [NA]
Epoch: 24, loss: 14.650951361656189, eval loss: [NA]
Epoch: 25, loss: 14.65042172908783, eval loss: [NA]
Epoch: 26, loss: 14.647288827896118, eval loss: [NA]
Epoch: 27, loss: 14.63904550075531, eval loss: [NA]
Epoch: 28, loss: 14.648023705482483, eval loss: [NA]
Epoch: 29, loss: 14.643788847923279, eval loss: [NA]
Iteration: 3
start update likelihood model
Epoch: 0, loss: 10.13260555267334, eval loss: [NA]
Epoch: 1, loss: 10.114003438949585, eval loss: [NA]
Epoch: 2, loss: 10.10580584526062, eval loss: [NA]
Epoch: 3, loss: 10.093517770767212, eval loss: [NA]
Epoch: 4, loss: 10.106044578552247, eval loss: [NA]
Epoch: 5, loss: 10.098881936073303, eval loss: [NA]
Epoch: 6, loss: 10.093011145591737, eval loss: [NA]
Epoch: 7, loss: 10.07800838470459, eval loss: [NA]
Epoch: 8, loss: 10.085964455604554, eval loss: [NA]
Epoch: 9, loss: 10.079164752960205, eval loss: [NA]
Epoch: 10, loss: 10.089413604736329, eval loss: [NA]
Epoch: 11, loss: 10.078082199096679, eval loss: [NA]
Epoch: 12, loss: 10.084983506202697, eval loss: [NA]
Epoch: 13, loss: 10.077582564353943, eval loss: [NA]
Epoch: 14, loss: 10.062883758544922, eval loss: [NA]
Epoch: 15, loss: 10.070600757598877, eval loss: [NA]
Epoch: 16, loss: 10.07790201663971, eval loss: [NA]
Epoch: 17, loss: 10.066384000778198, eval loss: [NA]
Epoch: 18, loss: 10.074066081047057, eval loss: [NA]
Epoch: 19, loss: 10.07771047115326, eval loss: [NA]
Epoch: 20, loss: 10.081694984436036, eval loss: [NA]
Epoch: 21, loss: 10.072808876037598, eval loss: [NA]
Epoch: 22, loss: 10.061552996635436, eval loss: [NA]
Epoch: 23, loss: 10.072297420501709, eval loss: [NA]
Epoch: 24, loss: 10.05915509223938, eval loss: [NA]
Epoch: 25, loss: 10.083252182006836, eval loss: [NA]
Epoch: 26, loss: 10.0647003698349, eval loss: [NA]
Epoch: 27, loss: 10.05689220905304, eval loss: [NA]
Epoch: 28, loss: 10.059773836135864, eval loss: [NA]
Epoch: 29, loss: 10.049584536552429, eval loss: [NA]
start update posterior model
Epoch: 0, loss: 14.026719799041748, eval loss: [NA]
Epoch: 1, loss: 14.019669275283814, eval loss: [NA]
Epoch: 2, loss: 14.02327383518219, eval loss: [NA]
Epoch: 3, loss: 14.025787119865418, eval loss: [NA]
Epoch: 4, loss: 14.036140432357788, eval loss: [NA]
Epoch: 5, loss: 14.039893741607665, eval loss: [NA]
Epoch: 6, loss: 14.028778743743896, eval loss: [NA]
Epoch: 7, loss: 14.019012188911438, eval loss: [NA]
Epoch: 8, loss: 14.018418273925782, eval loss: [NA]
Epoch: 9, loss: 14.0212180185318, eval loss: [NA]
Epoch: 10, loss: 14.025387272834777, eval loss: [NA]
Epoch: 11, loss: 14.014364862442017, eval loss: [NA]
Epoch: 12, loss: 14.020118160247803, eval loss: [NA]
Epoch: 13, loss: 14.01595953464508, eval loss: [NA]
Epoch: 14, loss: 14.02271563053131, eval loss: [NA]
Epoch: 15, loss: 14.019136290550232, eval loss: [NA]
Epoch: 16, loss: 14.024902024269103, eval loss: [NA]
Epoch: 17, loss: 14.021309051513672, eval loss: [NA]
Epoch: 18, loss: 14.01615113735199, eval loss: [NA]
Epoch: 19, loss: 14.02199303150177, eval loss: [NA]
Epoch: 20, loss: 14.02559986114502, eval loss: [NA]
Epoch: 21, loss: 14.027001743316651, eval loss: [NA]
Epoch: 22, loss: 14.015882844924926, eval loss: [NA]
Epoch: 23, loss: 14.018960065841675, eval loss: [NA]
Epoch: 24, loss: 14.018986520767212, eval loss: [NA]
Epoch: 25, loss: 14.016906447410584, eval loss: [NA]
Epoch: 26, loss: 14.021099920272826, eval loss: [NA]
Epoch: 27, loss: 14.02787582397461, eval loss: [NA]
Epoch: 28, loss: 14.019732694625855, eval loss: [NA]
Epoch: 29, loss: 14.017906489372253, eval loss: [NA]
Iteration: 4
start update likelihood model
Epoch: 0, loss: 10.081596264839172, eval loss: [NA]
Epoch: 1, loss: 10.058845534324647, eval loss: [NA]
Epoch: 2, loss: 10.05817711353302, eval loss: [NA]
Epoch: 3, loss: 10.058227076530457, eval loss: [NA]
Epoch: 4, loss: 10.048397297859191, eval loss: [NA]
Epoch: 5, loss: 10.045787281990052, eval loss: [NA]
Epoch: 6, loss: 10.044289107322692, eval loss: [NA]
Epoch: 7, loss: 10.034601407051086, eval loss: [NA]
Epoch: 8, loss: 10.047233157157898, eval loss: [NA]
Epoch: 9, loss: 10.04616822719574, eval loss: [NA]
Epoch: 10, loss: 10.041516838073731, eval loss: [NA]
Epoch: 11, loss: 10.034550223350525, eval loss: [NA]
Epoch: 12, loss: 10.051359529495238, eval loss: [NA]
Epoch: 13, loss: 10.039622068405151, eval loss: [NA]
Epoch: 14, loss: 10.035059366226196, eval loss: [NA]
Epoch: 15, loss: 10.033548254966735, eval loss: [NA]
Epoch: 16, loss: 10.030012421607971, eval loss: [NA]
Epoch: 17, loss: 10.02816044807434, eval loss: [NA]
Epoch: 18, loss: 10.027466931343078, eval loss: [NA]
Epoch: 19, loss: 10.033673505783081, eval loss: [NA]
Epoch: 20, loss: 10.03905785560608, eval loss: [NA]
Epoch: 21, loss: 10.02565324306488, eval loss: [NA]
Epoch: 22, loss: 10.026936311721801, eval loss: [NA]
Epoch: 23, loss: 10.029663801193237, eval loss: [NA]
Epoch: 24, loss: 10.031508522033691, eval loss: [NA]
Epoch: 25, loss: 10.017648429870606, eval loss: [NA]
Epoch: 26, loss: 10.030780615806579, eval loss: [NA]
Epoch: 27, loss: 10.020599985122681, eval loss: [NA]
Epoch: 28, loss: 10.022977609634399, eval loss: [NA]
Epoch: 29, loss: 10.01802351951599, eval loss: [NA]
start update posterior model
Epoch: 0, loss: 14.565059328079224, eval loss: [NA]
Epoch: 1, loss: 14.557663297653198, eval loss: [NA]
Epoch: 2, loss: 14.55996554851532, eval loss: [NA]
Epoch: 3, loss: 14.556404790878297, eval loss: [NA]
Epoch: 4, loss: 14.555860557556151, eval loss: [NA]
Epoch: 5, loss: 14.560764255523681, eval loss: [NA]
Epoch: 6, loss: 14.554613795280456, eval loss: [NA]
Epoch: 7, loss: 14.557180352210999, eval loss: [NA]
Epoch: 8, loss: 14.558525147438049, eval loss: [NA]
Epoch: 9, loss: 14.552773079872132, eval loss: [NA]
Epoch: 10, loss: 14.55826578617096, eval loss: [NA]
Epoch: 11, loss: 14.559811158180237, eval loss: [NA]
Epoch: 12, loss: 14.553197660446166, eval loss: [NA]
Epoch: 13, loss: 14.55069655418396, eval loss: [NA]
Epoch: 14, loss: 14.55591022014618, eval loss: [NA]
Epoch: 15, loss: 14.555655436515808, eval loss: [NA]
Epoch: 16, loss: 14.563533267974854, eval loss: [NA]
Epoch: 17, loss: 14.553839044570923, eval loss: [NA]
Epoch: 18, loss: 14.559391222000123, eval loss: [NA]
Epoch: 19, loss: 14.551736540794373, eval loss: [NA]
Epoch: 20, loss: 14.554202036857605, eval loss: [NA]
Epoch: 21, loss: 14.554607529640197, eval loss: [NA]
Epoch: 22, loss: 14.557975749969483, eval loss: [NA]
Epoch: 23, loss: 14.555352029800416, eval loss: [NA]
Epoch: 24, loss: 14.567645049095153, eval loss: [NA]
Epoch: 25, loss: 14.551659049987792, eval loss: [NA]
Epoch: 26, loss: 14.551722984313965, eval loss: [NA]
Epoch: 27, loss: 14.560523452758789, eval loss: [NA]
Epoch: 28, loss: 14.561603622436524, eval loss: [NA]
Epoch: 29, loss: 14.551502404212952, eval loss: [NA]

Runtime:601.33
[30012578514224.62, 0.0105, 0.0113, 0.0047]
[393119744.0, 1.5503, 1.5314, 1.4798]
[17973205008384.0, 1.401, 1.4225, 1.4022]
KL div untrained: 47587443394594.805
KL div trained: 0.0116
