Input args:
Dim: 2
seed: 42
seed_data: 10
/home/samwiq/snpla/seq-posterior-approx-w-nf-dev/mv_gaussian/low_dim_w_five_obs/lunarc
/home/samwiq/snpla/seq-posterior-approx-w-nf-dev
tensor(6.7833e+13, grad_fn=<MeanBackward0>)
tensor(43754368., grad_fn=<MeanBackward0>)
tensor([ 4.2553e+08, -1.1299e+07, -9.9959e+04,  1.1555e+02,  1.9561e+01,
         8.0485e+03,  5.2488e+03, -1.0489e+02,  4.0209e+02,  3.5084e+00],
       grad_fn=<MeanBackward1>)
tensor([9.2724e+09, 2.5563e+08, 1.3054e+07, 1.6686e+03, 6.0279e+02, 2.4909e+05,
        1.1908e+05, 3.2403e+03, 9.3399e+03, 1.0676e+01],
       grad_fn=<StdBackward1>)
tensor([ 1.1493,  0.7427,  1.0289,  0.6563, -0.5692, -1.1389,  3.3528,  2.7253,
         1.2964,  0.9447])
start full training
Iteration: 1
start update likelihood model
Epoch: 0, loss: 19.407797470092774, eval loss: [NA]
Epoch: 1, loss: 12.979518299102784, eval loss: [NA]
Epoch: 2, loss: 11.111611309051513, eval loss: [NA]
Epoch: 3, loss: 10.652228794097901, eval loss: [NA]
Epoch: 4, loss: 10.45349549293518, eval loss: [NA]
Epoch: 5, loss: 10.398266110420227, eval loss: [NA]
Epoch: 6, loss: 10.359066743850708, eval loss: [NA]
Epoch: 7, loss: 10.34912691116333, eval loss: [NA]
Epoch: 8, loss: 10.336834654808044, eval loss: [NA]
Epoch: 9, loss: 10.295435457229614, eval loss: [NA]
Epoch: 10, loss: 10.27467282295227, eval loss: [NA]
Epoch: 11, loss: 10.26997266292572, eval loss: [NA]
Epoch: 12, loss: 10.267420129776001, eval loss: [NA]
Epoch: 13, loss: 10.269003472328187, eval loss: [NA]
Epoch: 14, loss: 10.252212662696838, eval loss: [NA]
Epoch: 15, loss: 10.239680247306824, eval loss: [NA]
Epoch: 16, loss: 10.247211661338806, eval loss: [NA]
Epoch: 17, loss: 10.254911308288575, eval loss: [NA]
Epoch: 18, loss: 10.22891785144806, eval loss: [NA]
Epoch: 19, loss: 10.248238277435302, eval loss: [NA]
Epoch: 20, loss: 10.219018907546998, eval loss: [NA]
Epoch: 21, loss: 10.208447012901306, eval loss: [NA]
Epoch: 22, loss: 10.214312906265258, eval loss: [NA]
Epoch: 23, loss: 10.22142683506012, eval loss: [NA]
Epoch: 24, loss: 10.186158213615418, eval loss: [NA]
start update posterior model from prior pred - hot start
Epoch: 0, loss: 2.0418730795383455, eval loss: [NA]
Epoch: 1, loss: 0.8943086233735085, eval loss: [NA]
Epoch: 2, loss: 0.6779715429246426, eval loss: [NA]
Epoch: 3, loss: 0.5783899280428887, eval loss: [NA]
Epoch: 4, loss: 0.555251647606492, eval loss: [NA]
start update posterior model
Epoch: 0, loss: 12.295583815574647, eval loss: [NA]
Epoch: 1, loss: 12.27777166366577, eval loss: [NA]
Epoch: 2, loss: 12.278857431411744, eval loss: [NA]
Epoch: 3, loss: 12.281019163131713, eval loss: [NA]
Epoch: 4, loss: 12.287740540504455, eval loss: [NA]
Epoch: 5, loss: 12.282429132461548, eval loss: [NA]
Epoch: 6, loss: 12.280839762687684, eval loss: [NA]
Epoch: 7, loss: 12.278827505111694, eval loss: [NA]
Epoch: 8, loss: 12.276139369010926, eval loss: [NA]
Epoch: 9, loss: 12.281771631240845, eval loss: [NA]
Epoch: 10, loss: 12.273877124786377, eval loss: [NA]
Epoch: 11, loss: 12.273099684715271, eval loss: [NA]
Epoch: 12, loss: 12.27283073425293, eval loss: [NA]
Epoch: 13, loss: 12.275097327232361, eval loss: [NA]
Epoch: 14, loss: 12.281621689796447, eval loss: [NA]
Epoch: 15, loss: 12.276533813476563, eval loss: [NA]
Epoch: 16, loss: 12.27250431060791, eval loss: [NA]
Epoch: 17, loss: 12.274682240486145, eval loss: [NA]
Epoch: 18, loss: 12.266360292434692, eval loss: [NA]
Epoch: 19, loss: 12.271883425712586, eval loss: [NA]
Epoch: 20, loss: 12.269858446121216, eval loss: [NA]
Epoch: 21, loss: 12.277462463378907, eval loss: [NA]
Epoch: 22, loss: 12.269522318840027, eval loss: [NA]
Epoch: 23, loss: 12.26588355064392, eval loss: [NA]
Epoch: 24, loss: 12.271984448432923, eval loss: [NA]
Epoch: 25, loss: 12.274168558120728, eval loss: [NA]
Epoch: 26, loss: 12.273175206184387, eval loss: [NA]
Epoch: 27, loss: 12.273550896644592, eval loss: [NA]
Epoch: 28, loss: 12.264983143806457, eval loss: [NA]
Epoch: 29, loss: 12.27301299571991, eval loss: [NA]
Iteration: 2
start update likelihood model
Epoch: 0, loss: 10.10336676120758, eval loss: [NA]
Epoch: 1, loss: 10.079016013145447, eval loss: [NA]
Epoch: 2, loss: 10.076498346328735, eval loss: [NA]
Epoch: 3, loss: 10.085273442268372, eval loss: [NA]
Epoch: 4, loss: 10.091075472831726, eval loss: [NA]
Epoch: 5, loss: 10.073959350585938, eval loss: [NA]
Epoch: 6, loss: 10.08464560508728, eval loss: [NA]
Epoch: 7, loss: 10.086609973907471, eval loss: [NA]
Epoch: 8, loss: 10.084273262023926, eval loss: [NA]
Epoch: 9, loss: 10.087495126724242, eval loss: [NA]
Epoch: 10, loss: 10.09121136188507, eval loss: [NA]
Epoch: 11, loss: 10.075045433044433, eval loss: [NA]
Epoch: 12, loss: 10.089153637886048, eval loss: [NA]
Epoch: 13, loss: 10.083003320693969, eval loss: [NA]
Epoch: 14, loss: 10.072756290435791, eval loss: [NA]
Epoch: 15, loss: 10.077601861953735, eval loss: [NA]
Epoch: 16, loss: 10.073371934890748, eval loss: [NA]
Epoch: 17, loss: 10.078331637382508, eval loss: [NA]
Epoch: 18, loss: 10.07122585296631, eval loss: [NA]
Epoch: 19, loss: 10.059279475212097, eval loss: [NA]
Epoch: 20, loss: 10.075869235992432, eval loss: [NA]
Epoch: 21, loss: 10.071849403381348, eval loss: [NA]
Epoch: 22, loss: 10.066801562309266, eval loss: [NA]
Epoch: 23, loss: 10.073569703102113, eval loss: [NA]
Epoch: 24, loss: 10.058587965965271, eval loss: [NA]
Epoch: 25, loss: 10.059065384864807, eval loss: [NA]
Epoch: 26, loss: 10.054688382148743, eval loss: [NA]
Epoch: 27, loss: 10.052498641014099, eval loss: [NA]
Epoch: 28, loss: 10.049051156044007, eval loss: [NA]
Epoch: 29, loss: 10.047771492004394, eval loss: [NA]
start update posterior model
Epoch: 0, loss: 12.438088493347168, eval loss: [NA]
Epoch: 1, loss: 12.434783987998962, eval loss: [NA]
Epoch: 2, loss: 12.425570759773255, eval loss: [NA]
Epoch: 3, loss: 12.42218894958496, eval loss: [NA]
Epoch: 4, loss: 12.426491641998291, eval loss: [NA]
Epoch: 5, loss: 12.426361179351806, eval loss: [NA]
Epoch: 6, loss: 12.424768686294556, eval loss: [NA]
Epoch: 7, loss: 12.423129119873046, eval loss: [NA]
Epoch: 8, loss: 12.433039216995239, eval loss: [NA]
Epoch: 9, loss: 12.423386487960816, eval loss: [NA]
Epoch: 10, loss: 12.424471158981323, eval loss: [NA]
Epoch: 11, loss: 12.421165733337402, eval loss: [NA]
Epoch: 12, loss: 12.419024124145508, eval loss: [NA]
Epoch: 13, loss: 12.421356706619262, eval loss: [NA]
Epoch: 14, loss: 12.423462882041932, eval loss: [NA]
Epoch: 15, loss: 12.42582413673401, eval loss: [NA]
Epoch: 16, loss: 12.421183252334595, eval loss: [NA]
Epoch: 17, loss: 12.423570675849914, eval loss: [NA]
Epoch: 18, loss: 12.418949432373047, eval loss: [NA]
Epoch: 19, loss: 12.424612846374512, eval loss: [NA]
Epoch: 20, loss: 12.425769553184509, eval loss: [NA]
Epoch: 21, loss: 12.421299862861634, eval loss: [NA]
Epoch: 22, loss: 12.422556810379028, eval loss: [NA]
Epoch: 23, loss: 12.427863483428956, eval loss: [NA]
Epoch: 24, loss: 12.42043918132782, eval loss: [NA]
Epoch: 25, loss: 12.421035833358765, eval loss: [NA]
Epoch: 26, loss: 12.422034029960633, eval loss: [NA]
Epoch: 27, loss: 12.421578483581543, eval loss: [NA]
Epoch: 28, loss: 12.421711440086364, eval loss: [NA]
Epoch: 29, loss: 12.424051785469056, eval loss: [NA]
Iteration: 3
start update likelihood model
Epoch: 0, loss: 10.124824533462524, eval loss: [NA]
Epoch: 1, loss: 10.095789465904236, eval loss: [NA]
Epoch: 2, loss: 10.103941535949707, eval loss: [NA]
Epoch: 3, loss: 10.088977365493774, eval loss: [NA]
Epoch: 4, loss: 10.077013912200927, eval loss: [NA]
Epoch: 5, loss: 10.087058472633363, eval loss: [NA]
Epoch: 6, loss: 10.07018500804901, eval loss: [NA]
Epoch: 7, loss: 10.074862866401672, eval loss: [NA]
Epoch: 8, loss: 10.064856715202332, eval loss: [NA]
Epoch: 9, loss: 10.071351795196533, eval loss: [NA]
Epoch: 10, loss: 10.065244507789611, eval loss: [NA]
Epoch: 11, loss: 10.072196416854858, eval loss: [NA]
Epoch: 12, loss: 10.064639039039612, eval loss: [NA]
Epoch: 13, loss: 10.069830603599549, eval loss: [NA]
Epoch: 14, loss: 10.061468439102173, eval loss: [NA]
Epoch: 15, loss: 10.060123124122619, eval loss: [NA]
Epoch: 16, loss: 10.050952081680299, eval loss: [NA]
Epoch: 17, loss: 10.059223890304565, eval loss: [NA]
Epoch: 18, loss: 10.050208554267883, eval loss: [NA]
Epoch: 19, loss: 10.053086829185485, eval loss: [NA]
Epoch: 20, loss: 10.046135149002076, eval loss: [NA]
Epoch: 21, loss: 10.060278210639954, eval loss: [NA]
Epoch: 22, loss: 10.059195914268493, eval loss: [NA]
Epoch: 23, loss: 10.045154676437377, eval loss: [NA]
Epoch: 24, loss: 10.052216248512268, eval loss: [NA]
Epoch: 25, loss: 10.049756870269775, eval loss: [NA]
Epoch: 26, loss: 10.040619826316833, eval loss: [NA]
Epoch: 27, loss: 10.043317837715149, eval loss: [NA]
Epoch: 28, loss: 10.0437251329422, eval loss: [NA]
Epoch: 29, loss: 10.037162809371948, eval loss: [NA]
start update posterior model
Epoch: 0, loss: 12.50264126777649, eval loss: [NA]
Epoch: 1, loss: 12.497421865463258, eval loss: [NA]
Epoch: 2, loss: 12.498407821655274, eval loss: [NA]
Epoch: 3, loss: 12.499189462661743, eval loss: [NA]
Epoch: 4, loss: 12.50085154056549, eval loss: [NA]
Epoch: 5, loss: 12.49824516773224, eval loss: [NA]
Epoch: 6, loss: 12.49694776058197, eval loss: [NA]
Epoch: 7, loss: 12.496826186180115, eval loss: [NA]
Epoch: 8, loss: 12.495805892944336, eval loss: [NA]
Epoch: 9, loss: 12.496552858352661, eval loss: [NA]
Epoch: 10, loss: 12.49877968788147, eval loss: [NA]
Epoch: 11, loss: 12.498630275726319, eval loss: [NA]
Epoch: 12, loss: 12.494536242485047, eval loss: [NA]
Epoch: 13, loss: 12.497860803604127, eval loss: [NA]
Epoch: 14, loss: 12.494960761070251, eval loss: [NA]
Epoch: 15, loss: 12.497410712242127, eval loss: [NA]
Epoch: 16, loss: 12.49520576953888, eval loss: [NA]
Epoch: 17, loss: 12.49556501865387, eval loss: [NA]
Epoch: 18, loss: 12.492866487503052, eval loss: [NA]
Epoch: 19, loss: 12.494206972122193, eval loss: [NA]
Epoch: 20, loss: 12.4960906791687, eval loss: [NA]
Epoch: 21, loss: 12.496040658950806, eval loss: [NA]
Epoch: 22, loss: 12.493878035545348, eval loss: [NA]
Epoch: 23, loss: 12.496361169815064, eval loss: [NA]
Epoch: 24, loss: 12.497008266448974, eval loss: [NA]
Epoch: 25, loss: 12.50230203151703, eval loss: [NA]
Epoch: 26, loss: 12.502700290679932, eval loss: [NA]
Epoch: 27, loss: 12.49489592552185, eval loss: [NA]
Epoch: 28, loss: 12.497469425201416, eval loss: [NA]
Epoch: 29, loss: 12.495336785316468, eval loss: [NA]
Iteration: 4
start update likelihood model
Epoch: 0, loss: 10.097054500579834, eval loss: [NA]
Epoch: 1, loss: 10.08046639442444, eval loss: [NA]
Epoch: 2, loss: 10.07606095790863, eval loss: [NA]
Epoch: 3, loss: 10.073064570426942, eval loss: [NA]
Epoch: 4, loss: 10.071234393119813, eval loss: [NA]
Epoch: 5, loss: 10.062599754333496, eval loss: [NA]
Epoch: 6, loss: 10.062049260139466, eval loss: [NA]
Epoch: 7, loss: 10.057425875663757, eval loss: [NA]
Epoch: 8, loss: 10.054105267524719, eval loss: [NA]
Epoch: 9, loss: 10.061336002349854, eval loss: [NA]
Epoch: 10, loss: 10.064420700073242, eval loss: [NA]
Epoch: 11, loss: 10.053146853446961, eval loss: [NA]
Epoch: 12, loss: 10.050116810798645, eval loss: [NA]
Epoch: 13, loss: 10.059451050758362, eval loss: [NA]
Epoch: 14, loss: 10.046206068992614, eval loss: [NA]
Epoch: 15, loss: 10.052254571914673, eval loss: [NA]
Epoch: 16, loss: 10.052644548416138, eval loss: [NA]
Epoch: 17, loss: 10.047686920166015, eval loss: [NA]
Epoch: 18, loss: 10.05243863105774, eval loss: [NA]
Epoch: 19, loss: 10.045597748756409, eval loss: [NA]
Epoch: 20, loss: 10.044506311416626, eval loss: [NA]
Epoch: 21, loss: 10.040407333374024, eval loss: [NA]
Epoch: 22, loss: 10.036414022445678, eval loss: [NA]
Epoch: 23, loss: 10.04188042640686, eval loss: [NA]
Epoch: 24, loss: 10.040917797088623, eval loss: [NA]
Epoch: 25, loss: 10.037880873680114, eval loss: [NA]
Epoch: 26, loss: 10.029542627334594, eval loss: [NA]
Epoch: 27, loss: 10.03766478061676, eval loss: [NA]
Epoch: 28, loss: 10.02841724872589, eval loss: [NA]
Epoch: 29, loss: 10.026876826286315, eval loss: [NA]
start update posterior model
Epoch: 0, loss: 12.262471151351928, eval loss: [NA]
Epoch: 1, loss: 12.261329736709595, eval loss: [NA]
Epoch: 2, loss: 12.264148211479187, eval loss: [NA]
Epoch: 3, loss: 12.263929023742676, eval loss: [NA]
Epoch: 4, loss: 12.259189429283142, eval loss: [NA]
Epoch: 5, loss: 12.259452352523803, eval loss: [NA]
Epoch: 6, loss: 12.264738612174988, eval loss: [NA]
Epoch: 7, loss: 12.260685253143311, eval loss: [NA]
Epoch: 8, loss: 12.263033194541931, eval loss: [NA]
Epoch: 9, loss: 12.259419527053833, eval loss: [NA]
Epoch: 10, loss: 12.259249687194824, eval loss: [NA]
Epoch: 11, loss: 12.260553798675538, eval loss: [NA]
Epoch: 12, loss: 12.260229640007019, eval loss: [NA]
Epoch: 13, loss: 12.260703930854797, eval loss: [NA]
Epoch: 14, loss: 12.259289484024048, eval loss: [NA]
Epoch: 15, loss: 12.262832870483399, eval loss: [NA]
Epoch: 16, loss: 12.26513554573059, eval loss: [NA]
Epoch: 17, loss: 12.26006621837616, eval loss: [NA]
Epoch: 18, loss: 12.261888480186462, eval loss: [NA]
Epoch: 19, loss: 12.263706645965577, eval loss: [NA]
Epoch: 20, loss: 12.262288427352905, eval loss: [NA]
Epoch: 21, loss: 12.25997917175293, eval loss: [NA]
Epoch: 22, loss: 12.26116777420044, eval loss: [NA]
Epoch: 23, loss: 12.259713549613952, eval loss: [NA]
Epoch: 24, loss: 12.261119079589843, eval loss: [NA]
Epoch: 25, loss: 12.258661432266235, eval loss: [NA]
Epoch: 26, loss: 12.259854021072387, eval loss: [NA]
Epoch: 27, loss: 12.25947988510132, eval loss: [NA]
Epoch: 28, loss: 12.261489944458008, eval loss: [NA]
Epoch: 29, loss: 12.261240305900573, eval loss: [NA]

Runtime:595.61
[977433017666.6124, 0.0053, 0.0093, 0.0133]
[43754368.0, 1.4493, 1.4537, 1.4472]
[67833010585600.0, 1.404, 1.385, 1.3533]
KL div untrained: 906072071668.6716
KL div trained: 0.0167
