Input args:
Dim: 2
seed: 50
seed_data: 10
/home/samwiq/snpla/seq-posterior-approx-w-nf-dev/mv_gaussian/low_dim_w_five_obs/lunarc
/home/samwiq/snpla/seq-posterior-approx-w-nf-dev
tensor(1.2173e+13, grad_fn=<MeanBackward0>)
tensor(1.6153e+11, grad_fn=<MeanBackward0>)
tensor([ 1.5704e+12, -4.3351e+10, -1.5402e+09,  7.3866e+00,  8.9953e+03,
         6.4378e+04,  2.0192e+07, -8.3934e+02,  1.5824e+06,  5.4613e+00],
       grad_fn=<MeanBackward1>)
tensor([4.9639e+13, 1.3704e+12, 4.8768e+10, 1.2434e+02, 2.8404e+05, 1.7037e+06,
        6.3851e+08, 2.2137e+04, 5.0043e+07, 4.5401e+01],
       grad_fn=<StdBackward1>)
tensor([ 1.5787,  0.1190,  1.4720,  0.6117,  0.8496, -1.6227,  3.2775,  1.8733,
        -1.1824, -3.0312])
start full training
Iteration: 1
start update likelihood model
Epoch: 0, loss: 19.661032280921937, eval loss: [NA]
Epoch: 1, loss: 13.492771234512329, eval loss: [NA]
Epoch: 2, loss: 11.145584325790406, eval loss: [NA]
Epoch: 3, loss: 10.574964923858643, eval loss: [NA]
Epoch: 4, loss: 10.46680564880371, eval loss: [NA]
Epoch: 5, loss: 10.3869477558136, eval loss: [NA]
Epoch: 6, loss: 10.336589598655701, eval loss: [NA]
Epoch: 7, loss: 10.318706760406494, eval loss: [NA]
Epoch: 8, loss: 10.318072729110717, eval loss: [NA]
Epoch: 9, loss: 10.305673685073852, eval loss: [NA]
Epoch: 10, loss: 10.287184762954713, eval loss: [NA]
Epoch: 11, loss: 10.267433171272279, eval loss: [NA]
Epoch: 12, loss: 10.243219833374024, eval loss: [NA]
Epoch: 13, loss: 10.249005990028381, eval loss: [NA]
Epoch: 14, loss: 10.24119448184967, eval loss: [NA]
Epoch: 15, loss: 10.23694127559662, eval loss: [NA]
Epoch: 16, loss: 10.234830904006959, eval loss: [NA]
Epoch: 17, loss: 10.218675050735474, eval loss: [NA]
Epoch: 18, loss: 10.236778135299682, eval loss: [NA]
Epoch: 19, loss: 10.212543740272523, eval loss: [NA]
Epoch: 20, loss: 10.210092482566834, eval loss: [NA]
Epoch: 21, loss: 10.223985204696655, eval loss: [NA]
Epoch: 22, loss: 10.200631518363952, eval loss: [NA]
Epoch: 23, loss: 10.21946473121643, eval loss: [NA]
Epoch: 24, loss: 10.17971869468689, eval loss: [NA]
start update posterior model from prior pred - hot start
Epoch: 0, loss: 1.9272488299012185, eval loss: [NA]
Epoch: 1, loss: 0.846708664149046, eval loss: [NA]
Epoch: 2, loss: 0.610420013666153, eval loss: [NA]
Epoch: 3, loss: 0.5808616746962071, eval loss: [NA]
Epoch: 4, loss: 0.5095696016401052, eval loss: [NA]
start update posterior model
Epoch: 0, loss: 18.027057332992555, eval loss: [NA]
Epoch: 1, loss: 18.024218254089355, eval loss: [NA]
Epoch: 2, loss: 18.00071394920349, eval loss: [NA]
Epoch: 3, loss: 18.012541475296022, eval loss: [NA]
Epoch: 4, loss: 17.99801248550415, eval loss: [NA]
Epoch: 5, loss: 17.994569625854492, eval loss: [NA]
Epoch: 6, loss: 17.993263149261473, eval loss: [NA]
Epoch: 7, loss: 18.002203750610352, eval loss: [NA]
Epoch: 8, loss: 17.99730028152466, eval loss: [NA]
Epoch: 9, loss: 18.002281923294067, eval loss: [NA]
Epoch: 10, loss: 17.998527631759643, eval loss: [NA]
Epoch: 11, loss: 17.992943124771116, eval loss: [NA]
Epoch: 12, loss: 17.994689235687257, eval loss: [NA]
Epoch: 13, loss: 17.99162612915039, eval loss: [NA]
Epoch: 14, loss: 17.997135744094848, eval loss: [NA]
Epoch: 15, loss: 17.994600133895872, eval loss: [NA]
Epoch: 16, loss: 17.9869828414917, eval loss: [NA]
Epoch: 17, loss: 17.99000541687012, eval loss: [NA]
Epoch: 18, loss: 17.99708046913147, eval loss: [NA]
Epoch: 19, loss: 17.992156782150268, eval loss: [NA]
Epoch: 20, loss: 17.99244278907776, eval loss: [NA]
Epoch: 21, loss: 17.987919359207154, eval loss: [NA]
Epoch: 22, loss: 17.99479775428772, eval loss: [NA]
Epoch: 23, loss: 17.988180408477785, eval loss: [NA]
Epoch: 24, loss: 17.99311517715454, eval loss: [NA]
Epoch: 25, loss: 17.99074252128601, eval loss: [NA]
Epoch: 26, loss: 17.984673013687132, eval loss: [NA]
Epoch: 27, loss: 17.98821563720703, eval loss: [NA]
Epoch: 28, loss: 17.990860633850097, eval loss: [NA]
Epoch: 29, loss: 17.989333667755126, eval loss: [NA]
Iteration: 2
start update likelihood model
Epoch: 0, loss: 10.117976694107055, eval loss: [NA]
Epoch: 1, loss: 10.095624084472655, eval loss: [NA]
Epoch: 2, loss: 10.093760795593262, eval loss: [NA]
Epoch: 3, loss: 10.109160676002503, eval loss: [NA]
Epoch: 4, loss: 10.093043584823608, eval loss: [NA]
Epoch: 5, loss: 10.091881160736085, eval loss: [NA]
Epoch: 6, loss: 10.091720490455627, eval loss: [NA]
Epoch: 7, loss: 10.09207775592804, eval loss: [NA]
Epoch: 8, loss: 10.084223318099976, eval loss: [NA]
Epoch: 9, loss: 10.09167570590973, eval loss: [NA]
Epoch: 10, loss: 10.087437839508057, eval loss: [NA]
Epoch: 11, loss: 10.111123056411744, eval loss: [NA]
Epoch: 12, loss: 10.095633678436279, eval loss: [NA]
Epoch: 13, loss: 10.094428644180297, eval loss: [NA]
Epoch: 14, loss: 10.085013065338135, eval loss: [NA]
Epoch: 15, loss: 10.088890352249145, eval loss: [NA]
Epoch: 16, loss: 10.087849159240722, eval loss: [NA]
Epoch: 17, loss: 10.07601667881012, eval loss: [NA]
Epoch: 18, loss: 10.081967940330506, eval loss: [NA]
Epoch: 19, loss: 10.07464328289032, eval loss: [NA]
Epoch: 20, loss: 10.083964695930481, eval loss: [NA]
Epoch: 21, loss: 10.075579528808595, eval loss: [NA]
Epoch: 22, loss: 10.070192399024963, eval loss: [NA]
Epoch: 23, loss: 10.076574168205262, eval loss: [NA]
Epoch: 24, loss: 10.083603558540345, eval loss: [NA]
Epoch: 25, loss: 10.0708713722229, eval loss: [NA]
Epoch: 26, loss: 10.078381218910216, eval loss: [NA]
Epoch: 27, loss: 10.083650550842286, eval loss: [NA]
Epoch: 28, loss: 10.069432377815247, eval loss: [NA]
Epoch: 29, loss: 10.062016878128052, eval loss: [NA]
start update posterior model
Epoch: 0, loss: 18.894229860305785, eval loss: [NA]
Epoch: 1, loss: 18.893825693130495, eval loss: [NA]
Epoch: 2, loss: 18.89018769264221, eval loss: [NA]
Epoch: 3, loss: 18.88694827079773, eval loss: [NA]
Epoch: 4, loss: 18.888173666000366, eval loss: [NA]
Epoch: 5, loss: 18.896815214157105, eval loss: [NA]
Epoch: 6, loss: 18.8897709274292, eval loss: [NA]
Epoch: 7, loss: 18.892759647369385, eval loss: [NA]
Epoch: 8, loss: 18.89259518623352, eval loss: [NA]
Epoch: 9, loss: 18.888835983276365, eval loss: [NA]
Epoch: 10, loss: 18.888932285308837, eval loss: [NA]
Epoch: 11, loss: 18.888471488952636, eval loss: [NA]
Epoch: 12, loss: 18.885732345581054, eval loss: [NA]
Epoch: 13, loss: 18.88928813934326, eval loss: [NA]
Epoch: 14, loss: 18.889497871398927, eval loss: [NA]
Epoch: 15, loss: 18.891083126068114, eval loss: [NA]
Epoch: 16, loss: 18.88777910232544, eval loss: [NA]
Epoch: 17, loss: 18.886064491271974, eval loss: [NA]
Epoch: 18, loss: 18.88844187736511, eval loss: [NA]
Epoch: 19, loss: 18.884841918945312, eval loss: [NA]
Epoch: 20, loss: 18.888273000717163, eval loss: [NA]
Epoch: 21, loss: 18.885991010665894, eval loss: [NA]
Epoch: 22, loss: 18.886241292953493, eval loss: [NA]
Epoch: 23, loss: 18.886456880569458, eval loss: [NA]
Epoch: 24, loss: 18.886677198410034, eval loss: [NA]
Epoch: 25, loss: 18.88778738975525, eval loss: [NA]
Epoch: 26, loss: 18.885594530105593, eval loss: [NA]
Epoch: 27, loss: 18.88774158477783, eval loss: [NA]
Epoch: 28, loss: 18.885344371795654, eval loss: [NA]
Epoch: 29, loss: 18.882939977645876, eval loss: [NA]
Iteration: 3
start update likelihood model
Epoch: 0, loss: 10.094268589019775, eval loss: [NA]
Epoch: 1, loss: 10.085430827140808, eval loss: [NA]
Epoch: 2, loss: 10.07713676929474, eval loss: [NA]
Epoch: 3, loss: 10.069004440307618, eval loss: [NA]
Epoch: 4, loss: 10.072368841171265, eval loss: [NA]
Epoch: 5, loss: 10.06958029270172, eval loss: [NA]
Epoch: 6, loss: 10.071776661872864, eval loss: [NA]
Epoch: 7, loss: 10.073272342681884, eval loss: [NA]
Epoch: 8, loss: 10.06582028388977, eval loss: [NA]
Epoch: 9, loss: 10.058836994171143, eval loss: [NA]
Epoch: 10, loss: 10.061069631576538, eval loss: [NA]
Epoch: 11, loss: 10.060757389068604, eval loss: [NA]
Epoch: 12, loss: 10.056436991691589, eval loss: [NA]
Epoch: 13, loss: 10.052937717437745, eval loss: [NA]
Epoch: 14, loss: 10.051995730400085, eval loss: [NA]
Epoch: 15, loss: 10.049563102722168, eval loss: [NA]
Epoch: 16, loss: 10.058644638061523, eval loss: [NA]
Epoch: 17, loss: 10.043873300552368, eval loss: [NA]
Epoch: 18, loss: 10.036258997917175, eval loss: [NA]
Epoch: 19, loss: 10.047610912322998, eval loss: [NA]
Epoch: 20, loss: 10.037081623077393, eval loss: [NA]
Epoch: 21, loss: 10.045151891708374, eval loss: [NA]
Epoch: 22, loss: 10.049092082977294, eval loss: [NA]
Epoch: 23, loss: 10.052953138351441, eval loss: [NA]
Epoch: 24, loss: 10.03205825805664, eval loss: [NA]
Epoch: 25, loss: 10.034891972541809, eval loss: [NA]
Epoch: 26, loss: 10.034212989807129, eval loss: [NA]
Epoch: 27, loss: 10.024884929656983, eval loss: [NA]
Epoch: 28, loss: 10.033751640319824, eval loss: [NA]
Epoch: 29, loss: 10.033825154304504, eval loss: [NA]
start update posterior model
Epoch: 0, loss: 18.400538358688355, eval loss: [NA]
Epoch: 1, loss: 18.394629192352294, eval loss: [NA]
Epoch: 2, loss: 18.388891468048097, eval loss: [NA]
Epoch: 3, loss: 18.39090690612793, eval loss: [NA]
Epoch: 4, loss: 18.38982657432556, eval loss: [NA]
Epoch: 5, loss: 18.38652370452881, eval loss: [NA]
Epoch: 6, loss: 18.385123262405397, eval loss: [NA]
Epoch: 7, loss: 18.38935920715332, eval loss: [NA]
Epoch: 8, loss: 18.386884326934815, eval loss: [NA]
Epoch: 9, loss: 18.386853971481322, eval loss: [NA]
Epoch: 10, loss: 18.38859892845154, eval loss: [NA]
Epoch: 11, loss: 18.38734049797058, eval loss: [NA]
Epoch: 12, loss: 18.390837450027465, eval loss: [NA]
Epoch: 13, loss: 18.39050419807434, eval loss: [NA]
Epoch: 14, loss: 18.391086416244505, eval loss: [NA]
Epoch: 15, loss: 18.38644045829773, eval loss: [NA]
Epoch: 16, loss: 18.38464849472046, eval loss: [NA]
Epoch: 17, loss: 18.386561651229858, eval loss: [NA]
Epoch: 18, loss: 18.38190260887146, eval loss: [NA]
Epoch: 19, loss: 18.384290237426757, eval loss: [NA]
Epoch: 20, loss: 18.38616849899292, eval loss: [NA]
Epoch: 21, loss: 18.38974012374878, eval loss: [NA]
Epoch: 22, loss: 18.384878177642822, eval loss: [NA]
Epoch: 23, loss: 18.384580698013306, eval loss: [NA]
Epoch: 24, loss: 18.383134717941285, eval loss: [NA]
Epoch: 25, loss: 18.384463605880736, eval loss: [NA]
Epoch: 26, loss: 18.38940574645996, eval loss: [NA]
Epoch: 27, loss: 18.38691168785095, eval loss: [NA]
Epoch: 28, loss: 18.386018915176393, eval loss: [NA]
Epoch: 29, loss: 18.3874160861969, eval loss: [NA]
Iteration: 4
start update likelihood model
Epoch: 0, loss: 10.07725923538208, eval loss: [NA]
Epoch: 1, loss: 10.075381989479064, eval loss: [NA]
Epoch: 2, loss: 10.053342804908752, eval loss: [NA]
Epoch: 3, loss: 10.050946531295777, eval loss: [NA]
Epoch: 4, loss: 10.04596067905426, eval loss: [NA]
Epoch: 5, loss: 10.039213743209839, eval loss: [NA]
Epoch: 6, loss: 10.053478207588196, eval loss: [NA]
Epoch: 7, loss: 10.039432706832885, eval loss: [NA]
Epoch: 8, loss: 10.03883734703064, eval loss: [NA]
Epoch: 9, loss: 10.035352849960328, eval loss: [NA]
Epoch: 10, loss: 10.03733983039856, eval loss: [NA]
Epoch: 11, loss: 10.02809187412262, eval loss: [NA]
Epoch: 12, loss: 10.036711983680725, eval loss: [NA]
Epoch: 13, loss: 10.03805739402771, eval loss: [NA]
Epoch: 14, loss: 10.030851588249206, eval loss: [NA]
Epoch: 15, loss: 10.024848136901856, eval loss: [NA]
Epoch: 16, loss: 10.030636100769042, eval loss: [NA]
Epoch: 17, loss: 10.02406265258789, eval loss: [NA]
Epoch: 18, loss: 10.023479900360108, eval loss: [NA]
Epoch: 19, loss: 10.019543452262878, eval loss: [NA]
Epoch: 20, loss: 10.030828552246094, eval loss: [NA]
Epoch: 21, loss: 10.027586998939514, eval loss: [NA]
Epoch: 22, loss: 10.010211777687072, eval loss: [NA]
Epoch: 23, loss: 10.011930532455445, eval loss: [NA]
Epoch: 24, loss: 10.011381006240844, eval loss: [NA]
Epoch: 25, loss: 10.010324568748475, eval loss: [NA]
Epoch: 26, loss: 10.015344004631043, eval loss: [NA]
Epoch: 27, loss: 10.012057075500488, eval loss: [NA]
Epoch: 28, loss: 10.009899392127991, eval loss: [NA]
Epoch: 29, loss: 10.010531826019287, eval loss: [NA]
start update posterior model
Epoch: 0, loss: 17.306734619140624, eval loss: [NA]
Epoch: 1, loss: 17.28947612762451, eval loss: [NA]
Epoch: 2, loss: 17.287174425125123, eval loss: [NA]
Epoch: 3, loss: 17.285889921188353, eval loss: [NA]
Epoch: 4, loss: 17.28461799621582, eval loss: [NA]
Epoch: 5, loss: 17.288000373840333, eval loss: [NA]
Epoch: 6, loss: 17.288264398574828, eval loss: [NA]
Epoch: 7, loss: 17.28463438987732, eval loss: [NA]
Epoch: 8, loss: 17.286664838790895, eval loss: [NA]
Epoch: 9, loss: 17.286100854873656, eval loss: [NA]
Epoch: 10, loss: 17.28533658027649, eval loss: [NA]
Epoch: 11, loss: 17.2863542842865, eval loss: [NA]
Epoch: 12, loss: 17.286352472305296, eval loss: [NA]
Epoch: 13, loss: 17.290410623550414, eval loss: [NA]
Epoch: 14, loss: 17.28897313117981, eval loss: [NA]
Epoch: 15, loss: 17.28725492477417, eval loss: [NA]
Epoch: 16, loss: 17.286139574050903, eval loss: [NA]
Epoch: 17, loss: 17.28694828033447, eval loss: [NA]
Epoch: 18, loss: 17.28759553909302, eval loss: [NA]
Epoch: 19, loss: 17.288472261428833, eval loss: [NA]
Epoch: 20, loss: 17.285667667388918, eval loss: [NA]
Epoch: 21, loss: 17.28429416656494, eval loss: [NA]
Epoch: 22, loss: 17.289292850494384, eval loss: [NA]
Epoch: 23, loss: 17.284077491760254, eval loss: [NA]
Epoch: 24, loss: 17.289030084609987, eval loss: [NA]
Epoch: 25, loss: 17.287094078063966, eval loss: [NA]
Epoch: 26, loss: 17.28727129936218, eval loss: [NA]
Epoch: 27, loss: 17.285500593185425, eval loss: [NA]
Epoch: 28, loss: 17.282560968399046, eval loss: [NA]
Epoch: 29, loss: 17.28430750846863, eval loss: [NA]

Runtime:622.98
[6861134842612301.0, 0.0314, 0.0317, 0.0409]
[161528594432.0, 1.6366, 1.6575, 1.6582]
[12173064536064.0, 1.408, 1.4102, 1.3857]
KL div untrained: 5944699405241189.0
KL div trained: 0.0062
