Input args:
Dim: 2
seed: 30
seed_data: 10
/home/samwiq/snpla/seq-posterior-approx-w-nf-dev/mv_gaussian/low_dim_w_five_obs/lunarc
/home/samwiq/snpla/seq-posterior-approx-w-nf-dev
tensor(2.1744, grad_fn=<MeanBackward0>)
tensor(2.5441, grad_fn=<MeanBackward0>)
tensor([ 6.1614e-02,  1.4055e-01, -1.2019e-01, -1.4163e-01, -8.1887e-02,
         8.9072e-02, -4.7463e-05, -2.0026e-01, -1.3676e-02,  1.6890e-02],
       grad_fn=<MeanBackward1>)
tensor([1.0118, 1.0103, 1.0022, 0.9222, 0.9506, 1.0368, 1.0098, 0.9988, 1.0943,
        1.0897], grad_fn=<StdBackward1>)
tensor([ 1.6060,  4.8812,  1.6588,  4.2263, -1.6095,  1.4197,  1.9855,  4.8917,
        -1.4817,  1.0908])
start full training
Iteration: 1
start update likelihood model
Epoch: 0, loss: 11.594658233642578, eval loss: [NA]
Epoch: 1, loss: 7.021330981445312, eval loss: [NA]
Epoch: 2, loss: 6.922449139404297, eval loss: [NA]
Epoch: 3, loss: 6.902188287353516, eval loss: [NA]
Epoch: 4, loss: 6.8796805450439455, eval loss: [NA]
Epoch: 5, loss: 6.860365362548828, eval loss: [NA]
Epoch: 6, loss: 6.866042367553711, eval loss: [NA]
Epoch: 7, loss: 6.832090689086914, eval loss: [NA]
Epoch: 8, loss: 6.694334286499023, eval loss: [NA]
Epoch: 9, loss: 6.283238702392578, eval loss: [NA]
Epoch: 10, loss: 5.3819026794433595, eval loss: [NA]
Epoch: 11, loss: 5.139324479675293, eval loss: [NA]
Epoch: 12, loss: 5.004146768188477, eval loss: [NA]
Epoch: 13, loss: 4.938879019165039, eval loss: [NA]
Epoch: 14, loss: 4.890022787475586, eval loss: [NA]
Epoch: 15, loss: 4.851632913208007, eval loss: [NA]
Epoch: 16, loss: 4.841131111145019, eval loss: [NA]
Epoch: 17, loss: 4.774322624206543, eval loss: [NA]
Epoch: 18, loss: 4.823316162109375, eval loss: [NA]
Epoch: 19, loss: 4.7975227020263675, eval loss: [NA]
Epoch: 20, loss: 4.784236706542969, eval loss: [NA]
Epoch: 21, loss: 4.790252490234375, eval loss: [NA]
Epoch: 22, loss: 4.776455610656738, eval loss: [NA]
Epoch: 23, loss: 4.764303669738769, eval loss: [NA]
Epoch: 24, loss: 4.7537863800048825, eval loss: [NA]
start update posterior model from prior pred - hot start
Epoch: 0, loss: 2.018513303399086, eval loss: [NA]
Epoch: 1, loss: 0.7929211783409119, eval loss: [NA]
Epoch: 2, loss: 0.6495200208574533, eval loss: [NA]
Epoch: 3, loss: 0.567148737385869, eval loss: [NA]
Epoch: 4, loss: 0.5504936956614256, eval loss: [NA]
start update posterior model
Epoch: 0, loss: 13.467100973129272, eval loss: [NA]
Epoch: 1, loss: 13.41478904724121, eval loss: [NA]
Epoch: 2, loss: 13.394765877723694, eval loss: [NA]
Epoch: 3, loss: 13.380640726089478, eval loss: [NA]
Epoch: 4, loss: 13.38732563495636, eval loss: [NA]
Epoch: 5, loss: 13.3826495885849, eval loss: [NA]
Epoch: 6, loss: 13.391266355514526, eval loss: [NA]
Epoch: 7, loss: 13.38845503807068, eval loss: [NA]
Epoch: 8, loss: 13.366410937309265, eval loss: [NA]
Epoch: 9, loss: 13.385194582939148, eval loss: [NA]
Epoch: 10, loss: 13.403037281036378, eval loss: [NA]
Epoch: 11, loss: 13.395957899093627, eval loss: [NA]
Epoch: 12, loss: 13.388719663619995, eval loss: [NA]
Epoch: 13, loss: 13.383134217262269, eval loss: [NA]
Epoch: 14, loss: 13.38026108264923, eval loss: [NA]
Epoch: 15, loss: 13.370816907882691, eval loss: [NA]
Epoch: 16, loss: 13.369341893196106, eval loss: [NA]
Epoch: 17, loss: 13.380411109924317, eval loss: [NA]
Epoch: 18, loss: 13.403076419830322, eval loss: [NA]
Epoch: 19, loss: 13.384117922782899, eval loss: [NA]
Epoch: 20, loss: 13.375030860900878, eval loss: [NA]
Epoch: 21, loss: 13.390378727912903, eval loss: [NA]
Epoch: 22, loss: 13.378626246452331, eval loss: [NA]
Epoch: 23, loss: 13.356840443611144, eval loss: [NA]
Epoch: 24, loss: 13.379092330932616, eval loss: [NA]
Iteration: 2
start update likelihood model
Epoch: 0, loss: 4.77679266204834, eval loss: [NA]
Epoch: 1, loss: 4.700556330871582, eval loss: [NA]
Epoch: 2, loss: 4.734036849975586, eval loss: [NA]
Epoch: 3, loss: 4.711021769714355, eval loss: [NA]
Epoch: 4, loss: 4.733672506713867, eval loss: [NA]
Epoch: 5, loss: 4.755367028808593, eval loss: [NA]
Epoch: 6, loss: 4.724002146911621, eval loss: [NA]
Epoch: 7, loss: 4.700147537231445, eval loss: [NA]
Epoch: 8, loss: 4.69612329864502, eval loss: [NA]
Epoch: 9, loss: 4.696020230102539, eval loss: [NA]
Epoch: 10, loss: 4.686757820129395, eval loss: [NA]
Epoch: 11, loss: 4.698419836425781, eval loss: [NA]
Epoch: 12, loss: 4.71262112121582, eval loss: [NA]
Epoch: 13, loss: 4.683728446960449, eval loss: [NA]
Epoch: 14, loss: 4.705149569702148, eval loss: [NA]
Epoch: 15, loss: 4.6259548919677735, eval loss: [NA]
Epoch: 16, loss: 4.592469747924805, eval loss: [NA]
Epoch: 17, loss: 4.537950894165039, eval loss: [NA]
Epoch: 18, loss: 4.516722087097168, eval loss: [NA]
Epoch: 19, loss: 4.4835630157470705, eval loss: [NA]
Epoch: 20, loss: 4.506500627136231, eval loss: [NA]
Epoch: 21, loss: 4.524881378173828, eval loss: [NA]
Epoch: 22, loss: 4.510256880187988, eval loss: [NA]
Epoch: 23, loss: 4.503120007324219, eval loss: [NA]
Epoch: 24, loss: 4.512082092285156, eval loss: [NA]
start update posterior model
Epoch: 0, loss: 14.067384858131408, eval loss: [NA]
Epoch: 1, loss: 14.037701263427735, eval loss: [NA]
Epoch: 2, loss: 14.04387734413147, eval loss: [NA]
Epoch: 3, loss: 14.057125921249389, eval loss: [NA]
Epoch: 4, loss: 14.023538727760315, eval loss: [NA]
Epoch: 5, loss: 14.04093825340271, eval loss: [NA]
Epoch: 6, loss: 14.0541601896286, eval loss: [NA]
Epoch: 7, loss: 14.02798668384552, eval loss: [NA]
Epoch: 8, loss: 14.046574153900146, eval loss: [NA]
Epoch: 9, loss: 14.049160976409912, eval loss: [NA]
Epoch: 10, loss: 14.052919979095458, eval loss: [NA]
Epoch: 11, loss: 14.049821314811707, eval loss: [NA]
Epoch: 12, loss: 14.039863367080688, eval loss: [NA]
Epoch: 13, loss: 14.032470107078552, eval loss: [NA]
Epoch: 14, loss: 14.044873366355896, eval loss: [NA]
Epoch: 15, loss: 14.06403453350067, eval loss: [NA]
Epoch: 16, loss: 14.048300499916076, eval loss: [NA]
Epoch: 17, loss: 14.04418737411499, eval loss: [NA]
Epoch: 18, loss: 14.018000345230103, eval loss: [NA]
Epoch: 19, loss: 14.03715633869171, eval loss: [NA]
Epoch: 20, loss: 14.044097700119018, eval loss: [NA]
Epoch: 21, loss: 14.051490006446839, eval loss: [NA]
Epoch: 22, loss: 14.034669837951661, eval loss: [NA]
Epoch: 23, loss: 14.040606422424316, eval loss: [NA]
Epoch: 24, loss: 14.050265402793885, eval loss: [NA]
Iteration: 3
start update likelihood model
Epoch: 0, loss: 4.5182534606933595, eval loss: [NA]
Epoch: 1, loss: 4.481358755493164, eval loss: [NA]
Epoch: 2, loss: 4.464588571166992, eval loss: [NA]
Epoch: 3, loss: 4.48450545501709, eval loss: [NA]
Epoch: 4, loss: 4.466477256774902, eval loss: [NA]
Epoch: 5, loss: 4.48850365447998, eval loss: [NA]
Epoch: 6, loss: 4.491412954711914, eval loss: [NA]
Epoch: 7, loss: 4.47778094329834, eval loss: [NA]
Epoch: 8, loss: 4.468889183044434, eval loss: [NA]
Epoch: 9, loss: 4.462762292480469, eval loss: [NA]
Epoch: 10, loss: 4.461721691894531, eval loss: [NA]
Epoch: 11, loss: 4.478022206115723, eval loss: [NA]
Epoch: 12, loss: 4.454123217773438, eval loss: [NA]
Epoch: 13, loss: 4.471316157531739, eval loss: [NA]
Epoch: 14, loss: 4.450441136169434, eval loss: [NA]
Epoch: 15, loss: 4.451049984741211, eval loss: [NA]
Epoch: 16, loss: 4.470915084838867, eval loss: [NA]
Epoch: 17, loss: 4.480662118530273, eval loss: [NA]
Epoch: 18, loss: 4.449443389892578, eval loss: [NA]
Epoch: 19, loss: 4.462279885864258, eval loss: [NA]
Epoch: 20, loss: 4.434151110839844, eval loss: [NA]
Epoch: 21, loss: 4.478443179321289, eval loss: [NA]
Epoch: 22, loss: 4.458398538208008, eval loss: [NA]
Epoch: 23, loss: 4.437400369262695, eval loss: [NA]
Epoch: 24, loss: 4.445164849853516, eval loss: [NA]
start update posterior model
Epoch: 0, loss: 13.477684826850892, eval loss: [NA]
Epoch: 1, loss: 13.470819077491761, eval loss: [NA]
Epoch: 2, loss: 13.461438517570496, eval loss: [NA]
Epoch: 3, loss: 13.459207739830017, eval loss: [NA]
Epoch: 4, loss: 13.487237672805787, eval loss: [NA]
Epoch: 5, loss: 13.47135118484497, eval loss: [NA]
Epoch: 6, loss: 13.448824801445006, eval loss: [NA]
Epoch: 7, loss: 13.463633942604066, eval loss: [NA]
Epoch: 8, loss: 13.447542190551758, eval loss: [NA]
Epoch: 9, loss: 13.477605700492859, eval loss: [NA]
Epoch: 10, loss: 13.429916515350342, eval loss: [NA]
Epoch: 11, loss: 13.466091175079345, eval loss: [NA]
Epoch: 12, loss: 13.471501750946045, eval loss: [NA]
Epoch: 13, loss: 13.467832007408141, eval loss: [NA]
Epoch: 14, loss: 13.452731504440308, eval loss: [NA]
Epoch: 15, loss: 13.454582324028015, eval loss: [NA]
Epoch: 16, loss: 13.472172150611877, eval loss: [NA]
Epoch: 17, loss: 13.465650472640991, eval loss: [NA]
Epoch: 18, loss: 13.469560642242431, eval loss: [NA]
Epoch: 19, loss: 13.449271049499512, eval loss: [NA]
Epoch: 20, loss: 13.469889459609986, eval loss: [NA]
Epoch: 21, loss: 13.44612500190735, eval loss: [NA]
Epoch: 22, loss: 13.440202565193177, eval loss: [NA]
Epoch: 23, loss: 13.463295211791992, eval loss: [NA]
Epoch: 24, loss: 13.483672280311584, eval loss: [NA]
Iteration: 4
start update likelihood model
Epoch: 0, loss: 4.565079510498047, eval loss: [NA]
Epoch: 1, loss: 4.532969006347656, eval loss: [NA]
Epoch: 2, loss: 4.5113719390869145, eval loss: [NA]
Epoch: 3, loss: 4.50475199584961, eval loss: [NA]
Epoch: 4, loss: 4.258158793640137, eval loss: [NA]
Epoch: 5, loss: 3.9396345916748046, eval loss: [NA]
Epoch: 6, loss: 3.8765310516357423, eval loss: [NA]
Epoch: 7, loss: 3.8353326461791992, eval loss: [NA]
Epoch: 8, loss: 3.7888156829833983, eval loss: [NA]
Epoch: 9, loss: 3.7110309982299805, eval loss: [NA]
Epoch: 10, loss: 3.6653114974975587, eval loss: [NA]
Epoch: 11, loss: 3.614249481201172, eval loss: [NA]
Epoch: 12, loss: 3.6343512252807617, eval loss: [NA]
Epoch: 13, loss: 3.6177946823120117, eval loss: [NA]
Epoch: 14, loss: 3.626978260803223, eval loss: [NA]
Epoch: 15, loss: 3.5927694427490233, eval loss: [NA]
Epoch: 16, loss: 3.5683399688720705, eval loss: [NA]
Epoch: 17, loss: 3.594990084838867, eval loss: [NA]
Epoch: 18, loss: 3.627523989868164, eval loss: [NA]
Epoch: 19, loss: 3.5665239593505857, eval loss: [NA]
Epoch: 20, loss: 3.586454473876953, eval loss: [NA]
Epoch: 21, loss: 3.571773124694824, eval loss: [NA]
Epoch: 22, loss: 3.5452911514282226, eval loss: [NA]
Epoch: 23, loss: 3.5571148025512693, eval loss: [NA]
Epoch: 24, loss: 3.5603915084838866, eval loss: [NA]
start update posterior model
Epoch: 0, loss: 11.450223979949952, eval loss: [NA]
Epoch: 1, loss: 11.458118829727173, eval loss: [NA]
Epoch: 2, loss: 11.439042210578918, eval loss: [NA]
Epoch: 3, loss: 11.422642226219176, eval loss: [NA]
Epoch: 4, loss: 11.419776015281677, eval loss: [NA]
Epoch: 5, loss: 11.445993008613586, eval loss: [NA]
Epoch: 6, loss: 11.44132839679718, eval loss: [NA]
Epoch: 7, loss: 11.403812737464905, eval loss: [NA]
Epoch: 8, loss: 11.403091006278991, eval loss: [NA]
Epoch: 9, loss: 11.42167363166809, eval loss: [NA]
Epoch: 10, loss: 11.441446313858032, eval loss: [NA]
Epoch: 11, loss: 11.420491285324097, eval loss: [NA]
Epoch: 12, loss: 11.403895387649536, eval loss: [NA]
Epoch: 13, loss: 11.425542483329773, eval loss: [NA]
Epoch: 14, loss: 11.415064783096314, eval loss: [NA]
Epoch: 15, loss: 11.415479488372803, eval loss: [NA]
Epoch: 16, loss: 11.409872798919677, eval loss: [NA]
Epoch: 17, loss: 11.42282530784607, eval loss: [NA]
Epoch: 18, loss: 11.412754125595093, eval loss: [NA]
Epoch: 19, loss: 11.429135317802428, eval loss: [NA]
Epoch: 20, loss: 11.412604637145996, eval loss: [NA]
Epoch: 21, loss: 11.417707715034485, eval loss: [NA]
Epoch: 22, loss: 11.408201279640197, eval loss: [NA]
Epoch: 23, loss: 11.43873499393463, eval loss: [NA]
Epoch: 24, loss: 11.408704652786255, eval loss: [NA]

Runtime:434.12
[3941047.8601, 0.549, 0.3613, 0.3972]
[2.5441, 1.1697, 1.1382, 1.1441]
[2.1744, 0.9611, 0.8695, 0.8868]
tensor(0.7849, grad_fn=<MeanBackward0>)
tensor(1.0021, grad_fn=<MeanBackward0>)
tensor([ 1.9129,  4.5633,  1.6077,  4.2554, -1.2531,  1.1738,  0.9485,  3.6633,
         1.0888,  3.6385], grad_fn=<MeanBackward1>)
tensor([0.3655, 0.4037, 0.3167, 0.3382, 0.3549, 0.3446, 1.2400, 1.2832, 1.2091,
        1.3372], grad_fn=<StdBackward1>)
tensor([ 1.6060,  4.8812,  1.6588,  4.2263, -1.6095,  1.4197,  1.9855,  4.8917,
        -1.4817,  1.0908])
KL div untrained: 293317688.7181
KL div trained: 0.1726
