Input args:
Dim: 2
seed: 13
seed_data: 10
/home/samwiq/snpla/seq-posterior-approx-w-nf-dev/mv_gaussian/low_dim_w_five_obs/lunarc
/home/samwiq/snpla/seq-posterior-approx-w-nf-dev
tensor(5.4477e+12, grad_fn=<MeanBackward0>)
tensor(3.5899e+11, grad_fn=<MeanBackward0>)
tensor([ 3.4901e+12, -9.6188e+10, -3.3104e+09,  6.9773e+01,  1.7769e+04,
         2.9945e+06,  4.4803e+07, -3.8926e+04,  3.5077e+06,  8.2318e+01],
       grad_fn=<MeanBackward1>)
tensor([8.5677e+13, 2.3654e+12, 8.4203e+10, 1.1053e+03, 3.8294e+05, 5.5953e+07,
        1.1021e+09, 7.2722e+05, 8.6373e+07, 1.4568e+03],
       grad_fn=<StdBackward1>)
tensor([-0.3811, -3.1174,  1.4108, -0.3540,  1.0697, -1.5593, -0.6489, -2.7028,
         1.5398, -0.6375])
start full training
Iteration: 1
start update likelihood model
Epoch: 0, loss: 20.922856950759886, eval loss: [NA]
Epoch: 1, loss: 14.419045915603638, eval loss: [NA]
Epoch: 2, loss: 11.6497048330307, eval loss: [NA]
Epoch: 3, loss: 10.743407077789307, eval loss: [NA]
Epoch: 4, loss: 10.558441329002381, eval loss: [NA]
Epoch: 5, loss: 10.442264633178711, eval loss: [NA]
Epoch: 6, loss: 10.390425834655762, eval loss: [NA]
Epoch: 7, loss: 10.388610725402833, eval loss: [NA]
Epoch: 8, loss: 10.364729108810424, eval loss: [NA]
Epoch: 9, loss: 10.36843735218048, eval loss: [NA]
Epoch: 10, loss: 10.34010703086853, eval loss: [NA]
Epoch: 11, loss: 10.29613829612732, eval loss: [NA]
Epoch: 12, loss: 10.295369696617126, eval loss: [NA]
Epoch: 13, loss: 10.288712501525879, eval loss: [NA]
Epoch: 14, loss: 10.290288228988647, eval loss: [NA]
Epoch: 15, loss: 10.29382791519165, eval loss: [NA]
Epoch: 16, loss: 10.27770438671112, eval loss: [NA]
Epoch: 17, loss: 10.240900983810425, eval loss: [NA]
Epoch: 18, loss: 10.25912802219391, eval loss: [NA]
Epoch: 19, loss: 10.269502487182617, eval loss: [NA]
Epoch: 20, loss: 10.240108613967896, eval loss: [NA]
Epoch: 21, loss: 10.22172308921814, eval loss: [NA]
Epoch: 22, loss: 10.252858915328979, eval loss: [NA]
Epoch: 23, loss: 10.255279183387756, eval loss: [NA]
Epoch: 24, loss: 10.240554909706116, eval loss: [NA]
start update posterior model from prior pred - hot start
Epoch: 0, loss: 2.0527185878157614, eval loss: [NA]
Epoch: 1, loss: 0.8279150108993053, eval loss: [NA]
Epoch: 2, loss: 0.6891339164972305, eval loss: [NA]
Epoch: 3, loss: 0.5969089391082525, eval loss: [NA]
Epoch: 4, loss: 0.562187504246831, eval loss: [NA]
start update posterior model
Epoch: 0, loss: 13.421102390289306, eval loss: [NA]
Epoch: 1, loss: 13.403093795776368, eval loss: [NA]
Epoch: 2, loss: 13.404528498649597, eval loss: [NA]
Epoch: 3, loss: 13.406555042266845, eval loss: [NA]
Epoch: 4, loss: 13.400212864875794, eval loss: [NA]
Epoch: 5, loss: 13.402478504180909, eval loss: [NA]
Epoch: 6, loss: 13.400090899467468, eval loss: [NA]
Epoch: 7, loss: 13.396159181594848, eval loss: [NA]
Epoch: 8, loss: 13.396257758140564, eval loss: [NA]
Epoch: 9, loss: 13.395443286895752, eval loss: [NA]
Epoch: 10, loss: 13.387854018211364, eval loss: [NA]
Epoch: 11, loss: 13.390445146560669, eval loss: [NA]
Epoch: 12, loss: 13.399077415466309, eval loss: [NA]
Epoch: 13, loss: 13.39005139350891, eval loss: [NA]
Epoch: 14, loss: 13.393106217384338, eval loss: [NA]
Epoch: 15, loss: 13.385642266273498, eval loss: [NA]
Epoch: 16, loss: 13.39443133354187, eval loss: [NA]
Epoch: 17, loss: 13.390759224891662, eval loss: [NA]
Epoch: 18, loss: 13.386487870216369, eval loss: [NA]
Epoch: 19, loss: 13.390799160003661, eval loss: [NA]
Epoch: 20, loss: 13.393505749702454, eval loss: [NA]
Epoch: 21, loss: 13.39309501171112, eval loss: [NA]
Epoch: 22, loss: 13.386731300354004, eval loss: [NA]
Epoch: 23, loss: 13.39019082069397, eval loss: [NA]
Epoch: 24, loss: 13.392175931930542, eval loss: [NA]
Epoch: 25, loss: 13.388289651870728, eval loss: [NA]
Epoch: 26, loss: 13.386472296714782, eval loss: [NA]
Epoch: 27, loss: 13.381695709228516, eval loss: [NA]
Epoch: 28, loss: 13.391153864860534, eval loss: [NA]
Epoch: 29, loss: 13.386360278129578, eval loss: [NA]
Iteration: 2
start update likelihood model
Epoch: 0, loss: 10.1498548746109, eval loss: [NA]
Epoch: 1, loss: 10.148198509216309, eval loss: [NA]
Epoch: 2, loss: 10.141614184379577, eval loss: [NA]
Epoch: 3, loss: 10.141853551864624, eval loss: [NA]
Epoch: 4, loss: 10.133577609062195, eval loss: [NA]
Epoch: 5, loss: 10.123605952262878, eval loss: [NA]
Epoch: 6, loss: 10.132594604492187, eval loss: [NA]
Epoch: 7, loss: 10.115505175590515, eval loss: [NA]
Epoch: 8, loss: 10.133701572418213, eval loss: [NA]
Epoch: 9, loss: 10.151983466148376, eval loss: [NA]
Epoch: 10, loss: 10.129452562332153, eval loss: [NA]
Epoch: 11, loss: 10.122801055908203, eval loss: [NA]
Epoch: 12, loss: 10.121587691307068, eval loss: [NA]
Epoch: 13, loss: 10.135285773277282, eval loss: [NA]
Epoch: 14, loss: 10.130437984466553, eval loss: [NA]
Epoch: 15, loss: 10.119664459228515, eval loss: [NA]
Epoch: 16, loss: 10.11593020439148, eval loss: [NA]
Epoch: 17, loss: 10.136260685920716, eval loss: [NA]
Epoch: 18, loss: 10.110124082565308, eval loss: [NA]
Epoch: 19, loss: 10.11832257270813, eval loss: [NA]
Epoch: 20, loss: 10.10109784603119, eval loss: [NA]
Epoch: 21, loss: 10.11545751094818, eval loss: [NA]
Epoch: 22, loss: 10.098233647346497, eval loss: [NA]
Epoch: 23, loss: 10.105620903968811, eval loss: [NA]
Epoch: 24, loss: 10.09158851146698, eval loss: [NA]
Epoch: 25, loss: 10.10680405139923, eval loss: [NA]
Epoch: 26, loss: 10.09371533870697, eval loss: [NA]
Epoch: 27, loss: 10.08912474155426, eval loss: [NA]
Epoch: 28, loss: 10.113549695014953, eval loss: [NA]
Epoch: 29, loss: 10.100408434867859, eval loss: [NA]
start update posterior model
Epoch: 0, loss: 13.831986174583434, eval loss: [NA]
Epoch: 1, loss: 13.83505039691925, eval loss: [NA]
Epoch: 2, loss: 13.830167880058289, eval loss: [NA]
Epoch: 3, loss: 13.831938643455505, eval loss: [NA]
Epoch: 4, loss: 13.82609654903412, eval loss: [NA]
Epoch: 5, loss: 13.830379738807679, eval loss: [NA]
Epoch: 6, loss: 13.828523516654968, eval loss: [NA]
Epoch: 7, loss: 13.828785490989684, eval loss: [NA]
Epoch: 8, loss: 13.824659457206726, eval loss: [NA]
Epoch: 9, loss: 13.826676959991454, eval loss: [NA]
Epoch: 10, loss: 13.823463907241822, eval loss: [NA]
Epoch: 11, loss: 13.826511435508728, eval loss: [NA]
Epoch: 12, loss: 13.8363698720932, eval loss: [NA]
Epoch: 13, loss: 13.832937021255493, eval loss: [NA]
Epoch: 14, loss: 13.829463257789612, eval loss: [NA]
Epoch: 15, loss: 13.828209700584411, eval loss: [NA]
Epoch: 16, loss: 13.825981154441834, eval loss: [NA]
Epoch: 17, loss: 13.822971711158752, eval loss: [NA]
Epoch: 18, loss: 13.823611030578613, eval loss: [NA]
Epoch: 19, loss: 13.823464789390563, eval loss: [NA]
Epoch: 20, loss: 13.823441519737244, eval loss: [NA]
Epoch: 21, loss: 13.824558296203612, eval loss: [NA]
Epoch: 22, loss: 13.82525363445282, eval loss: [NA]
Epoch: 23, loss: 13.827598361968994, eval loss: [NA]
Epoch: 24, loss: 13.822208814620971, eval loss: [NA]
Epoch: 25, loss: 13.828228635787964, eval loss: [NA]
Epoch: 26, loss: 13.827700781822205, eval loss: [NA]
Epoch: 27, loss: 13.82555862903595, eval loss: [NA]
Epoch: 28, loss: 13.824247102737427, eval loss: [NA]
Epoch: 29, loss: 13.826293258666992, eval loss: [NA]
Iteration: 3
start update likelihood model
Epoch: 0, loss: 10.141926007270813, eval loss: [NA]
Epoch: 1, loss: 10.118416314125062, eval loss: [NA]
Epoch: 2, loss: 10.119059453010559, eval loss: [NA]
Epoch: 3, loss: 10.10853072166443, eval loss: [NA]
Epoch: 4, loss: 10.106414527893067, eval loss: [NA]
Epoch: 5, loss: 10.098927240371705, eval loss: [NA]
Epoch: 6, loss: 10.094408087730407, eval loss: [NA]
Epoch: 7, loss: 10.10126552581787, eval loss: [NA]
Epoch: 8, loss: 10.095569128990173, eval loss: [NA]
Epoch: 9, loss: 10.094676280021668, eval loss: [NA]
Epoch: 10, loss: 10.09657503604889, eval loss: [NA]
Epoch: 11, loss: 10.09119234085083, eval loss: [NA]
Epoch: 12, loss: 10.095662231445312, eval loss: [NA]
Epoch: 13, loss: 10.086672186851501, eval loss: [NA]
Epoch: 14, loss: 10.088834929466248, eval loss: [NA]
Epoch: 15, loss: 10.085958003997803, eval loss: [NA]
Epoch: 16, loss: 10.078459210395813, eval loss: [NA]
Epoch: 17, loss: 10.083973922729491, eval loss: [NA]
Epoch: 18, loss: 10.07793336391449, eval loss: [NA]
Epoch: 19, loss: 10.080347318649292, eval loss: [NA]
Epoch: 20, loss: 10.072926926612855, eval loss: [NA]
Epoch: 21, loss: 10.07532871246338, eval loss: [NA]
Epoch: 22, loss: 10.0750266122818, eval loss: [NA]
Epoch: 23, loss: 10.063546509742737, eval loss: [NA]
Epoch: 24, loss: 10.069693636894225, eval loss: [NA]
Epoch: 25, loss: 10.06364023208618, eval loss: [NA]
Epoch: 26, loss: 10.067679710388184, eval loss: [NA]
Epoch: 27, loss: 10.060240550041199, eval loss: [NA]
Epoch: 28, loss: 10.066441650390624, eval loss: [NA]
Epoch: 29, loss: 10.068376498222351, eval loss: [NA]
start update posterior model
Epoch: 0, loss: 13.426552667617798, eval loss: [NA]
Epoch: 1, loss: 13.422236828804015, eval loss: [NA]
Epoch: 2, loss: 13.4236669921875, eval loss: [NA]
Epoch: 3, loss: 13.430144844055176, eval loss: [NA]
Epoch: 4, loss: 13.425531206130982, eval loss: [NA]
Epoch: 5, loss: 13.420847325325012, eval loss: [NA]
Epoch: 6, loss: 13.427495980262757, eval loss: [NA]
Epoch: 7, loss: 13.423240308761597, eval loss: [NA]
Epoch: 8, loss: 13.421544485092163, eval loss: [NA]
Epoch: 9, loss: 13.421148600578308, eval loss: [NA]
Epoch: 10, loss: 13.419286608695984, eval loss: [NA]
Epoch: 11, loss: 13.421107506752014, eval loss: [NA]
Epoch: 12, loss: 13.423544912338256, eval loss: [NA]
Epoch: 13, loss: 13.421272511482238, eval loss: [NA]
Epoch: 14, loss: 13.42322331905365, eval loss: [NA]
Epoch: 15, loss: 13.423366665840149, eval loss: [NA]
Epoch: 16, loss: 13.420347728729247, eval loss: [NA]
Epoch: 17, loss: 13.421535716056823, eval loss: [NA]
Epoch: 18, loss: 13.423634362220763, eval loss: [NA]
Epoch: 19, loss: 13.425249876976013, eval loss: [NA]
Epoch: 20, loss: 13.421117238998413, eval loss: [NA]
Epoch: 21, loss: 13.420325241088868, eval loss: [NA]
Epoch: 22, loss: 13.416173887252807, eval loss: [NA]
Epoch: 23, loss: 13.41870967388153, eval loss: [NA]
Epoch: 24, loss: 13.419518513679504, eval loss: [NA]
Epoch: 25, loss: 13.419818763732911, eval loss: [NA]
Epoch: 26, loss: 13.421603932380677, eval loss: [NA]
Epoch: 27, loss: 13.419635767936706, eval loss: [NA]
Epoch: 28, loss: 13.41951446056366, eval loss: [NA]
Epoch: 29, loss: 13.422622184753418, eval loss: [NA]
Iteration: 4
start update likelihood model
Epoch: 0, loss: 10.101545066833497, eval loss: [NA]
Epoch: 1, loss: 10.082876491546632, eval loss: [NA]
Epoch: 2, loss: 10.07987072467804, eval loss: [NA]
Epoch: 3, loss: 10.076518869400024, eval loss: [NA]
Epoch: 4, loss: 10.071701741218567, eval loss: [NA]
Epoch: 5, loss: 10.065211486816406, eval loss: [NA]
Epoch: 6, loss: 10.071884093284607, eval loss: [NA]
Epoch: 7, loss: 10.066055059432983, eval loss: [NA]
Epoch: 8, loss: 10.060002827644348, eval loss: [NA]
Epoch: 9, loss: 10.066055431365967, eval loss: [NA]
Epoch: 10, loss: 10.068448605537414, eval loss: [NA]
Epoch: 11, loss: 10.055769577026368, eval loss: [NA]
Epoch: 12, loss: 10.05386908531189, eval loss: [NA]
Epoch: 13, loss: 10.049065108299255, eval loss: [NA]
Epoch: 14, loss: 10.052184910774232, eval loss: [NA]
Epoch: 15, loss: 10.053073449134827, eval loss: [NA]
Epoch: 16, loss: 10.051290402412414, eval loss: [NA]
Epoch: 17, loss: 10.053188490867615, eval loss: [NA]
Epoch: 18, loss: 10.047209959030152, eval loss: [NA]
Epoch: 19, loss: 10.044253220558167, eval loss: [NA]
Epoch: 20, loss: 10.047394013404846, eval loss: [NA]
Epoch: 21, loss: 10.042340936660766, eval loss: [NA]
Epoch: 22, loss: 10.050466690063477, eval loss: [NA]
Epoch: 23, loss: 10.042591438293456, eval loss: [NA]
Epoch: 24, loss: 10.03169897556305, eval loss: [NA]
Epoch: 25, loss: 10.036776504516602, eval loss: [NA]
Epoch: 26, loss: 10.035950808525085, eval loss: [NA]
Epoch: 27, loss: 10.040020923614502, eval loss: [NA]
Epoch: 28, loss: 10.034934697151185, eval loss: [NA]
Epoch: 29, loss: 10.03078263759613, eval loss: [NA]
start update posterior model
Epoch: 0, loss: 13.14364604473114, eval loss: [NA]
Epoch: 1, loss: 13.143076305389405, eval loss: [NA]
Epoch: 2, loss: 13.140743975639344, eval loss: [NA]
Epoch: 3, loss: 13.14047794342041, eval loss: [NA]
Epoch: 4, loss: 13.138639960289002, eval loss: [NA]
Epoch: 5, loss: 13.140170693397522, eval loss: [NA]
Epoch: 6, loss: 13.13957049369812, eval loss: [NA]
Epoch: 7, loss: 13.138075470924377, eval loss: [NA]
Epoch: 8, loss: 13.141850576400756, eval loss: [NA]
Epoch: 9, loss: 13.141443185806274, eval loss: [NA]
Epoch: 10, loss: 13.137823667526245, eval loss: [NA]
Epoch: 11, loss: 13.137716965675354, eval loss: [NA]
Epoch: 12, loss: 13.141184825897216, eval loss: [NA]
Epoch: 13, loss: 13.138183622360229, eval loss: [NA]
Epoch: 14, loss: 13.143265228271485, eval loss: [NA]
Epoch: 15, loss: 13.141713137626647, eval loss: [NA]
Epoch: 16, loss: 13.139109873771668, eval loss: [NA]
Epoch: 17, loss: 13.137484850883483, eval loss: [NA]
Epoch: 18, loss: 13.136729922294617, eval loss: [NA]
Epoch: 19, loss: 13.142665457725524, eval loss: [NA]
Epoch: 20, loss: 13.136624021530151, eval loss: [NA]
Epoch: 21, loss: 13.140887141227722, eval loss: [NA]
Epoch: 22, loss: 13.139496941566467, eval loss: [NA]
Epoch: 23, loss: 13.141261615753173, eval loss: [NA]
Epoch: 24, loss: 13.139725942611694, eval loss: [NA]
Epoch: 25, loss: 13.13721818447113, eval loss: [NA]
Epoch: 26, loss: 13.138801383972169, eval loss: [NA]
Epoch: 27, loss: 13.137889494895935, eval loss: [NA]
Epoch: 28, loss: 13.134721875190735, eval loss: [NA]
Epoch: 29, loss: 13.135807337760925, eval loss: [NA]

Runtime:624.78
[2152043320424873.2, 0.0235, 0.03, 0.044]
[358991527936.0, 1.4878, 1.4907, 1.5163]
[5447696777216.0, 1.3978, 1.4116, 1.4101]
KL div untrained: 4260277848081590.5
KL div trained: 0.0305
