Input args:
Dim: 2
seed: 18
seed_data: 10
/home/samwiq/snpla/seq-posterior-approx-w-nf-dev/mv_gaussian/low_dim_w_five_obs/lunarc
/home/samwiq/snpla/seq-posterior-approx-w-nf-dev
tensor(5.4134e+12, grad_fn=<MeanBackward0>)
tensor(1.0519e+09, grad_fn=<MeanBackward0>)
tensor([ 1.0266e+10, -1.6820e+08,  7.1724e+07,  5.4919e+02,  1.0843e+05,
         2.0576e+06, -1.2858e+01, -2.6807e+04, -2.5616e+03, -1.2739e+00],
       grad_fn=<MeanBackward1>)
tensor([2.2373e+11, 5.2235e+09, 2.2234e+09, 1.4234e+04, 3.3668e+06, 5.9036e+07,
        4.6930e+02, 7.6727e+05, 7.3353e+04, 2.4171e+03],
       grad_fn=<StdBackward1>)
tensor([ 2.0278,  0.3878,  0.4704, -0.9010,  0.6620, -0.7568,  1.6898,  0.3126,
         0.9107,  0.2527])
start full training
Iteration: 1
start update likelihood model
Epoch: 0, loss: 19.431705408096313, eval loss: [NA]
Epoch: 1, loss: 13.182546644210815, eval loss: [NA]
Epoch: 2, loss: 11.059686331748962, eval loss: [NA]
Epoch: 3, loss: 10.635364084243774, eval loss: [NA]
Epoch: 4, loss: 10.497721991539002, eval loss: [NA]
Epoch: 5, loss: 10.419436769485474, eval loss: [NA]
Epoch: 6, loss: 10.366101546287537, eval loss: [NA]
Epoch: 7, loss: 10.393304200172425, eval loss: [NA]
Epoch: 8, loss: 10.31469792842865, eval loss: [NA]
Epoch: 9, loss: 10.296355772018433, eval loss: [NA]
Epoch: 10, loss: 10.304035067558289, eval loss: [NA]
Epoch: 11, loss: 10.295228071212769, eval loss: [NA]
Epoch: 12, loss: 10.293393483161926, eval loss: [NA]
Epoch: 13, loss: 10.287082166671754, eval loss: [NA]
Epoch: 14, loss: 10.284520654678344, eval loss: [NA]
Epoch: 15, loss: 10.274580845832824, eval loss: [NA]
Epoch: 16, loss: 10.26248914718628, eval loss: [NA]
Epoch: 17, loss: 10.254106979370118, eval loss: [NA]
Epoch: 18, loss: 10.251214752197265, eval loss: [NA]
Epoch: 19, loss: 10.249688119888306, eval loss: [NA]
Epoch: 20, loss: 10.241471438407897, eval loss: [NA]
Epoch: 21, loss: 10.244128379821777, eval loss: [NA]
Epoch: 22, loss: 10.245351948738097, eval loss: [NA]
Epoch: 23, loss: 10.229974584579468, eval loss: [NA]
Epoch: 24, loss: 10.213978934288026, eval loss: [NA]
start update posterior model from prior pred - hot start
Epoch: 0, loss: 2.1413272333145144, eval loss: [NA]
Epoch: 1, loss: 0.9347128090262413, eval loss: [NA]
Epoch: 2, loss: 0.6686362960934639, eval loss: [NA]
Epoch: 3, loss: 0.6150181566923857, eval loss: [NA]
Epoch: 4, loss: 0.5813574074208736, eval loss: [NA]
start update posterior model
Epoch: 0, loss: 11.700663223266602, eval loss: [NA]
Epoch: 1, loss: 11.70620768070221, eval loss: [NA]
Epoch: 2, loss: 11.69660282611847, eval loss: [NA]
Epoch: 3, loss: 11.693756837844848, eval loss: [NA]
Epoch: 4, loss: 11.697076406478882, eval loss: [NA]
Epoch: 5, loss: 11.699079627990722, eval loss: [NA]
Epoch: 6, loss: 11.699576649665833, eval loss: [NA]
Epoch: 7, loss: 11.697135796546936, eval loss: [NA]
Epoch: 8, loss: 11.700911026000977, eval loss: [NA]
Epoch: 9, loss: 11.71322003364563, eval loss: [NA]
Epoch: 10, loss: 11.700340762138367, eval loss: [NA]
Epoch: 11, loss: 11.694055948257446, eval loss: [NA]
Epoch: 12, loss: 11.691838784217834, eval loss: [NA]
Epoch: 13, loss: 11.689759316444396, eval loss: [NA]
Epoch: 14, loss: 11.691018323898316, eval loss: [NA]
Epoch: 15, loss: 11.694333119392395, eval loss: [NA]
Epoch: 16, loss: 11.70028314113617, eval loss: [NA]
Epoch: 17, loss: 11.691230335235595, eval loss: [NA]
Epoch: 18, loss: 11.695128140449524, eval loss: [NA]
Epoch: 19, loss: 11.685667276382446, eval loss: [NA]
Epoch: 20, loss: 11.687431979179383, eval loss: [NA]
Epoch: 21, loss: 11.699466876983642, eval loss: [NA]
Epoch: 22, loss: 11.693262219429016, eval loss: [NA]
Epoch: 23, loss: 11.692111668586731, eval loss: [NA]
Epoch: 24, loss: 11.687843251228333, eval loss: [NA]
Epoch: 25, loss: 11.688574390411377, eval loss: [NA]
Epoch: 26, loss: 11.690084891319275, eval loss: [NA]
Epoch: 27, loss: 11.689053735733033, eval loss: [NA]
Epoch: 28, loss: 11.695830736160278, eval loss: [NA]
Epoch: 29, loss: 11.690094137191773, eval loss: [NA]
Iteration: 2
start update likelihood model
Epoch: 0, loss: 10.139147772789002, eval loss: [NA]
Epoch: 1, loss: 10.134860153198241, eval loss: [NA]
Epoch: 2, loss: 10.124565973281861, eval loss: [NA]
Epoch: 3, loss: 10.127344794273377, eval loss: [NA]
Epoch: 4, loss: 10.132112879753112, eval loss: [NA]
Epoch: 5, loss: 10.128292665481567, eval loss: [NA]
Epoch: 6, loss: 10.124607982635498, eval loss: [NA]
Epoch: 7, loss: 10.126919641494752, eval loss: [NA]
Epoch: 8, loss: 10.125420465469361, eval loss: [NA]
Epoch: 9, loss: 10.122521934509278, eval loss: [NA]
Epoch: 10, loss: 10.119713196754455, eval loss: [NA]
Epoch: 11, loss: 10.130718331336976, eval loss: [NA]
Epoch: 12, loss: 10.128341035842896, eval loss: [NA]
Epoch: 13, loss: 10.12026487827301, eval loss: [NA]
Epoch: 14, loss: 10.133201174736023, eval loss: [NA]
Epoch: 15, loss: 10.113590860366822, eval loss: [NA]
Epoch: 16, loss: 10.104389629364015, eval loss: [NA]
Epoch: 17, loss: 10.118200750350953, eval loss: [NA]
Epoch: 18, loss: 10.12274338722229, eval loss: [NA]
Epoch: 19, loss: 10.11462362766266, eval loss: [NA]
Epoch: 20, loss: 10.109289011955262, eval loss: [NA]
Epoch: 21, loss: 10.106709923744202, eval loss: [NA]
Epoch: 22, loss: 10.11552089214325, eval loss: [NA]
Epoch: 23, loss: 10.1073894739151, eval loss: [NA]
Epoch: 24, loss: 10.101977949142457, eval loss: [NA]
Epoch: 25, loss: 10.105692663192748, eval loss: [NA]
Epoch: 26, loss: 10.09459270477295, eval loss: [NA]
Epoch: 27, loss: 10.092297410964965, eval loss: [NA]
Epoch: 28, loss: 10.099002060890198, eval loss: [NA]
Epoch: 29, loss: 10.091561617851257, eval loss: [NA]
start update posterior model
Epoch: 0, loss: 11.809391679763793, eval loss: [NA]
Epoch: 1, loss: 11.812919244766235, eval loss: [NA]
Epoch: 2, loss: 11.809835171699524, eval loss: [NA]
Epoch: 3, loss: 11.812427644729615, eval loss: [NA]
Epoch: 4, loss: 11.810185794830323, eval loss: [NA]
Epoch: 5, loss: 11.808512020111085, eval loss: [NA]
Epoch: 6, loss: 11.803526616096496, eval loss: [NA]
Epoch: 7, loss: 11.805880188941956, eval loss: [NA]
Epoch: 8, loss: 11.805689125061035, eval loss: [NA]
Epoch: 9, loss: 11.811112427711487, eval loss: [NA]
Epoch: 10, loss: 11.806605887413024, eval loss: [NA]
Epoch: 11, loss: 11.804440712928772, eval loss: [NA]
Epoch: 12, loss: 11.806771755218506, eval loss: [NA]
Epoch: 13, loss: 11.803929567337036, eval loss: [NA]
Epoch: 14, loss: 11.803677005767822, eval loss: [NA]
Epoch: 15, loss: 11.807917275428771, eval loss: [NA]
Epoch: 16, loss: 11.812980861663819, eval loss: [NA]
Epoch: 17, loss: 11.806354532241821, eval loss: [NA]
Epoch: 18, loss: 11.809477167129517, eval loss: [NA]
Epoch: 19, loss: 11.806568694114684, eval loss: [NA]
Epoch: 20, loss: 11.804059791564942, eval loss: [NA]
Epoch: 21, loss: 11.803740968704224, eval loss: [NA]
Epoch: 22, loss: 11.805183606147766, eval loss: [NA]
Epoch: 23, loss: 11.803530344963074, eval loss: [NA]
Epoch: 24, loss: 11.805441913604737, eval loss: [NA]
Epoch: 25, loss: 11.801658124923707, eval loss: [NA]
Epoch: 26, loss: 11.805339393615723, eval loss: [NA]
Epoch: 27, loss: 11.800750694274903, eval loss: [NA]
Epoch: 28, loss: 11.805824513435363, eval loss: [NA]
Epoch: 29, loss: 11.80444655418396, eval loss: [NA]
Iteration: 3
start update likelihood model
Epoch: 0, loss: 10.107037978172302, eval loss: [NA]
Epoch: 1, loss: 10.09524444103241, eval loss: [NA]
Epoch: 2, loss: 10.09728355884552, eval loss: [NA]
Epoch: 3, loss: 10.089298238754273, eval loss: [NA]
Epoch: 4, loss: 10.079933977127075, eval loss: [NA]
Epoch: 5, loss: 10.082299876213074, eval loss: [NA]
Epoch: 6, loss: 10.08261736392975, eval loss: [NA]
Epoch: 7, loss: 10.077173542976379, eval loss: [NA]
Epoch: 8, loss: 10.07369824886322, eval loss: [NA]
Epoch: 9, loss: 10.07384187221527, eval loss: [NA]
Epoch: 10, loss: 10.077411322593688, eval loss: [NA]
Epoch: 11, loss: 10.068660283088684, eval loss: [NA]
Epoch: 12, loss: 10.05973729133606, eval loss: [NA]
Epoch: 13, loss: 10.069814291000366, eval loss: [NA]
Epoch: 14, loss: 10.06300509929657, eval loss: [NA]
Epoch: 15, loss: 10.066360306739806, eval loss: [NA]
Epoch: 16, loss: 10.06052593231201, eval loss: [NA]
Epoch: 17, loss: 10.060520091056823, eval loss: [NA]
Epoch: 18, loss: 10.046808037757874, eval loss: [NA]
Epoch: 19, loss: 10.055354356765747, eval loss: [NA]
Epoch: 20, loss: 10.053816909790038, eval loss: [NA]
Epoch: 21, loss: 10.052754368782043, eval loss: [NA]
Epoch: 22, loss: 10.049634895324708, eval loss: [NA]
Epoch: 23, loss: 10.049155554771424, eval loss: [NA]
Epoch: 24, loss: 10.053024053573608, eval loss: [NA]
Epoch: 25, loss: 10.045747194290161, eval loss: [NA]
Epoch: 26, loss: 10.039049806594848, eval loss: [NA]
Epoch: 27, loss: 10.041891961097717, eval loss: [NA]
Epoch: 28, loss: 10.046085166931153, eval loss: [NA]
Epoch: 29, loss: 10.03783748626709, eval loss: [NA]
start update posterior model
Epoch: 0, loss: 11.952423429489135, eval loss: [NA]
Epoch: 1, loss: 11.955473160743713, eval loss: [NA]
Epoch: 2, loss: 11.949220814704894, eval loss: [NA]
Epoch: 3, loss: 11.94767560005188, eval loss: [NA]
Epoch: 4, loss: 11.949290895462036, eval loss: [NA]
Epoch: 5, loss: 11.948800244331359, eval loss: [NA]
Epoch: 6, loss: 11.951531119346619, eval loss: [NA]
Epoch: 7, loss: 11.951832685470581, eval loss: [NA]
Epoch: 8, loss: 11.949592847824096, eval loss: [NA]
Epoch: 9, loss: 11.948825569152833, eval loss: [NA]
Epoch: 10, loss: 11.948875131607055, eval loss: [NA]
Epoch: 11, loss: 11.947857522964478, eval loss: [NA]
Epoch: 12, loss: 11.950714588165283, eval loss: [NA]
Epoch: 13, loss: 11.949610624313355, eval loss: [NA]
Epoch: 14, loss: 11.949257421493531, eval loss: [NA]
Epoch: 15, loss: 11.947234454154968, eval loss: [NA]
Epoch: 16, loss: 11.94971827507019, eval loss: [NA]
Epoch: 17, loss: 11.948099479675292, eval loss: [NA]
Epoch: 18, loss: 11.946155743598938, eval loss: [NA]
Epoch: 19, loss: 11.950614151954651, eval loss: [NA]
Epoch: 20, loss: 11.949031882286071, eval loss: [NA]
Epoch: 21, loss: 11.94812765598297, eval loss: [NA]
Epoch: 22, loss: 11.947036447525024, eval loss: [NA]
Epoch: 23, loss: 11.945691189765931, eval loss: [NA]
Epoch: 24, loss: 11.946723265647888, eval loss: [NA]
Epoch: 25, loss: 11.948402953147887, eval loss: [NA]
Epoch: 26, loss: 11.948954582214355, eval loss: [NA]
Epoch: 27, loss: 11.947969870567322, eval loss: [NA]
Epoch: 28, loss: 11.946199407577515, eval loss: [NA]
Epoch: 29, loss: 11.948098106384277, eval loss: [NA]
Iteration: 4
start update likelihood model
Epoch: 0, loss: 10.110831871032715, eval loss: [NA]
Epoch: 1, loss: 10.099941697120666, eval loss: [NA]
Epoch: 2, loss: 10.094959778785705, eval loss: [NA]
Epoch: 3, loss: 10.085986938476562, eval loss: [NA]
Epoch: 4, loss: 10.087750310897826, eval loss: [NA]
Epoch: 5, loss: 10.085859580039978, eval loss: [NA]
Epoch: 6, loss: 10.084046025276184, eval loss: [NA]
Epoch: 7, loss: 10.078605184555053, eval loss: [NA]
Epoch: 8, loss: 10.080619478225708, eval loss: [NA]
Epoch: 9, loss: 10.075310025215149, eval loss: [NA]
Epoch: 10, loss: 10.075639238357544, eval loss: [NA]
Epoch: 11, loss: 10.073098750114442, eval loss: [NA]
Epoch: 12, loss: 10.075826935768127, eval loss: [NA]
Epoch: 13, loss: 10.071897931098938, eval loss: [NA]
Epoch: 14, loss: 10.073799495697022, eval loss: [NA]
Epoch: 15, loss: 10.066590614318848, eval loss: [NA]
Epoch: 16, loss: 10.066788907051086, eval loss: [NA]
Epoch: 17, loss: 10.067738647460937, eval loss: [NA]
Epoch: 18, loss: 10.054921560287475, eval loss: [NA]
Epoch: 19, loss: 10.05816945552826, eval loss: [NA]
Epoch: 20, loss: 10.063885416984558, eval loss: [NA]
Epoch: 21, loss: 10.070116481781007, eval loss: [NA]
Epoch: 22, loss: 10.070403728485108, eval loss: [NA]
Epoch: 23, loss: 10.056199388504028, eval loss: [NA]
Epoch: 24, loss: 10.04911337852478, eval loss: [NA]
Epoch: 25, loss: 10.051583633422851, eval loss: [NA]
Epoch: 26, loss: 10.049758987426758, eval loss: [NA]
Epoch: 27, loss: 10.049611930847169, eval loss: [NA]
Epoch: 28, loss: 10.049100599288941, eval loss: [NA]
Epoch: 29, loss: 10.04707097530365, eval loss: [NA]
start update posterior model
Epoch: 0, loss: 12.149784049987794, eval loss: [NA]
Epoch: 1, loss: 12.147982697486878, eval loss: [NA]
Epoch: 2, loss: 12.14750623703003, eval loss: [NA]
Epoch: 3, loss: 12.147530188560486, eval loss: [NA]
Epoch: 4, loss: 12.145047864913941, eval loss: [NA]
Epoch: 5, loss: 12.141434125900268, eval loss: [NA]
Epoch: 6, loss: 12.144628214836121, eval loss: [NA]
Epoch: 7, loss: 12.145689778327942, eval loss: [NA]
Epoch: 8, loss: 12.141719136238098, eval loss: [NA]
Epoch: 9, loss: 12.1446719789505, eval loss: [NA]
Epoch: 10, loss: 12.14320240020752, eval loss: [NA]
Epoch: 11, loss: 12.143889431953431, eval loss: [NA]
Epoch: 12, loss: 12.143701629638672, eval loss: [NA]
Epoch: 13, loss: 12.144958910942078, eval loss: [NA]
Epoch: 14, loss: 12.144268679618836, eval loss: [NA]
Epoch: 15, loss: 12.146486415863038, eval loss: [NA]
Epoch: 16, loss: 12.139926691055297, eval loss: [NA]
Epoch: 17, loss: 12.140352306365967, eval loss: [NA]
Epoch: 18, loss: 12.140457601547242, eval loss: [NA]
Epoch: 19, loss: 12.146051602363586, eval loss: [NA]
Epoch: 20, loss: 12.142569980621339, eval loss: [NA]
Epoch: 21, loss: 12.142994112968445, eval loss: [NA]
Epoch: 22, loss: 12.140093717575073, eval loss: [NA]
Epoch: 23, loss: 12.142138886451722, eval loss: [NA]
Epoch: 24, loss: 12.141112170219422, eval loss: [NA]
Epoch: 25, loss: 12.142501034736632, eval loss: [NA]
Epoch: 26, loss: 12.141294250488281, eval loss: [NA]
Epoch: 27, loss: 12.141855888366699, eval loss: [NA]
Epoch: 28, loss: 12.141666779518127, eval loss: [NA]
Epoch: 29, loss: 12.143479146957397, eval loss: [NA]

Runtime:588.73
[458660253816237.3, 0.0082, 0.0105, 0.0208]
[1051925440.0, 1.1255, 1.1037, 1.0805]
[5413413060608.0, 1.3659, 1.3808, 1.3646]
KL div untrained: 429119793128516.3
KL div trained: 0.0075
