Input args:
Dim: 2
seed: 10
seed_data: 10
/home/samwiq/snpla/seq-posterior-approx-w-nf-dev/mv_gaussian/low_dim_w_five_obs/lunarc
/home/samwiq/snpla/seq-posterior-approx-w-nf-dev
tensor(1.0443e+11, grad_fn=<MeanBackward0>)
tensor(3.5496e+10, grad_fn=<MeanBackward0>)
tensor([ 3.4515e+11, -9.3505e+09, -2.1215e+08,  1.0366e+02,  3.9277e+05,
         3.1673e+06,  4.0727e+06, -4.1421e+04,  3.1525e+05, -1.4870e+02],
       grad_fn=<MeanBackward1>)
tensor([9.8032e+12, 2.7063e+11, 9.8611e+09, 2.2772e+03, 1.2110e+07, 5.6210e+07,
        1.2580e+08, 7.3096e+05, 9.8596e+06, 6.7953e+03],
       grad_fn=<StdBackward1>)
tensor([-2.0528, -3.3627, -1.7006, -3.0799, -0.2618, -1.2785, -2.3681, -3.6668,
        -2.7483, -3.0060])
start full training
Iteration: 1
start update likelihood model
Epoch: 0, loss: 19.43262975215912, eval loss: [NA]
Epoch: 1, loss: 13.068328776359557, eval loss: [NA]
Epoch: 2, loss: 11.024863061904908, eval loss: [NA]
Epoch: 3, loss: 10.58957694530487, eval loss: [NA]
Epoch: 4, loss: 10.50751922607422, eval loss: [NA]
Epoch: 5, loss: 10.397910475730896, eval loss: [NA]
Epoch: 6, loss: 10.37533639907837, eval loss: [NA]
Epoch: 7, loss: 10.340280876159667, eval loss: [NA]
Epoch: 8, loss: 10.329460291862487, eval loss: [NA]
Epoch: 9, loss: 10.334902992248535, eval loss: [NA]
Epoch: 10, loss: 10.28862060546875, eval loss: [NA]
Epoch: 11, loss: 10.313411140441895, eval loss: [NA]
Epoch: 12, loss: 10.284841632843017, eval loss: [NA]
Epoch: 13, loss: 10.258841366767884, eval loss: [NA]
Epoch: 14, loss: 10.262317662239075, eval loss: [NA]
Epoch: 15, loss: 10.27924711227417, eval loss: [NA]
Epoch: 16, loss: 10.250407152175903, eval loss: [NA]
Epoch: 17, loss: 10.254925236701965, eval loss: [NA]
Epoch: 18, loss: 10.2415673828125, eval loss: [NA]
Epoch: 19, loss: 10.240829634666444, eval loss: [NA]
Epoch: 20, loss: 10.231326460838318, eval loss: [NA]
Epoch: 21, loss: 10.248045659065246, eval loss: [NA]
Epoch: 22, loss: 10.22488655090332, eval loss: [NA]
Epoch: 23, loss: 10.218024039268494, eval loss: [NA]
Epoch: 24, loss: 10.232774658203125, eval loss: [NA]
start update posterior model from prior pred - hot start
Epoch: 0, loss: 2.046690033078194, eval loss: [NA]
Epoch: 1, loss: 1.0601937925815583, eval loss: [NA]
Epoch: 2, loss: 0.6643606016039848, eval loss: [NA]
Epoch: 3, loss: 0.6055414106696844, eval loss: [NA]
Epoch: 4, loss: 0.5489278948307037, eval loss: [NA]
start update posterior model
Epoch: 0, loss: 14.48813627243042, eval loss: [NA]
Epoch: 1, loss: 14.447283778190613, eval loss: [NA]
Epoch: 2, loss: 14.471953907012939, eval loss: [NA]
Epoch: 3, loss: 14.443415179252625, eval loss: [NA]
Epoch: 4, loss: 14.43659803390503, eval loss: [NA]
Epoch: 5, loss: 14.449114403724671, eval loss: [NA]
Epoch: 6, loss: 14.432666640281678, eval loss: [NA]
Epoch: 7, loss: 14.442850008010865, eval loss: [NA]
Epoch: 8, loss: 14.43788552761078, eval loss: [NA]
Epoch: 9, loss: 14.43283217906952, eval loss: [NA]
Epoch: 10, loss: 14.42594440460205, eval loss: [NA]
Epoch: 11, loss: 14.441749687194823, eval loss: [NA]
Epoch: 12, loss: 14.437874274253845, eval loss: [NA]
Epoch: 13, loss: 14.431449193954467, eval loss: [NA]
Epoch: 14, loss: 14.441324372291565, eval loss: [NA]
Epoch: 15, loss: 14.43588987827301, eval loss: [NA]
Epoch: 16, loss: 14.443315553665162, eval loss: [NA]
Epoch: 17, loss: 14.430813069343566, eval loss: [NA]
Epoch: 18, loss: 14.427678227424622, eval loss: [NA]
Epoch: 19, loss: 14.42238443851471, eval loss: [NA]
Epoch: 20, loss: 14.439831881523132, eval loss: [NA]
Epoch: 21, loss: 14.429206128120422, eval loss: [NA]
Epoch: 22, loss: 14.420803208351135, eval loss: [NA]
Epoch: 23, loss: 14.424019541740417, eval loss: [NA]
Epoch: 24, loss: 14.42719820022583, eval loss: [NA]
Epoch: 25, loss: 14.42967749595642, eval loss: [NA]
Epoch: 26, loss: 14.421381740570068, eval loss: [NA]
Epoch: 27, loss: 14.427286939620972, eval loss: [NA]
Epoch: 28, loss: 14.42274100780487, eval loss: [NA]
Epoch: 29, loss: 14.426900815963744, eval loss: [NA]
Iteration: 2
start update likelihood model
Epoch: 0, loss: 10.231088366508484, eval loss: [NA]
Epoch: 1, loss: 10.16941644668579, eval loss: [NA]
Epoch: 2, loss: 10.163934888839721, eval loss: [NA]
Epoch: 3, loss: 10.18430567264557, eval loss: [NA]
Epoch: 4, loss: 10.154080114364625, eval loss: [NA]
Epoch: 5, loss: 10.156201438903809, eval loss: [NA]
Epoch: 6, loss: 10.157819013595581, eval loss: [NA]
Epoch: 7, loss: 10.147645554542542, eval loss: [NA]
Epoch: 8, loss: 10.166979260444641, eval loss: [NA]
Epoch: 9, loss: 10.146881170272827, eval loss: [NA]
Epoch: 10, loss: 10.148043904304505, eval loss: [NA]
Epoch: 11, loss: 10.140085458755493, eval loss: [NA]
Epoch: 12, loss: 10.161651349067688, eval loss: [NA]
Epoch: 13, loss: 10.1420379114151, eval loss: [NA]
Epoch: 14, loss: 10.13889121055603, eval loss: [NA]
Epoch: 15, loss: 10.149966468811035, eval loss: [NA]
Epoch: 16, loss: 10.147982115745544, eval loss: [NA]
Epoch: 17, loss: 10.129459629058838, eval loss: [NA]
Epoch: 18, loss: 10.13162085056305, eval loss: [NA]
Epoch: 19, loss: 10.146965928077698, eval loss: [NA]
Epoch: 20, loss: 10.137829041481018, eval loss: [NA]
Epoch: 21, loss: 10.139104900360108, eval loss: [NA]
Epoch: 22, loss: 10.1280730676651, eval loss: [NA]
Epoch: 23, loss: 10.13418372631073, eval loss: [NA]
Epoch: 24, loss: 10.122695326805115, eval loss: [NA]
Epoch: 25, loss: 10.127752914428712, eval loss: [NA]
Epoch: 26, loss: 10.1160218334198, eval loss: [NA]
Epoch: 27, loss: 10.12703996181488, eval loss: [NA]
Epoch: 28, loss: 10.128518705368043, eval loss: [NA]
Epoch: 29, loss: 10.120000200271607, eval loss: [NA]
start update posterior model
Epoch: 0, loss: 14.629793338775634, eval loss: [NA]
Epoch: 1, loss: 14.624729542732238, eval loss: [NA]
Epoch: 2, loss: 14.621430983543396, eval loss: [NA]
Epoch: 3, loss: 14.62017068386078, eval loss: [NA]
Epoch: 4, loss: 14.627477588653564, eval loss: [NA]
Epoch: 5, loss: 14.628922300338745, eval loss: [NA]
Epoch: 6, loss: 14.619675798416138, eval loss: [NA]
Epoch: 7, loss: 14.634353523254395, eval loss: [NA]
Epoch: 8, loss: 14.635007219314575, eval loss: [NA]
Epoch: 9, loss: 14.628864750862121, eval loss: [NA]
Epoch: 10, loss: 14.618602776527405, eval loss: [NA]
Epoch: 11, loss: 14.626001348495484, eval loss: [NA]
Epoch: 12, loss: 14.61950577735901, eval loss: [NA]
Epoch: 13, loss: 14.630897517204284, eval loss: [NA]
Epoch: 14, loss: 14.616712861061096, eval loss: [NA]
Epoch: 15, loss: 14.621336464881898, eval loss: [NA]
Epoch: 16, loss: 14.6166002702713, eval loss: [NA]
Epoch: 17, loss: 14.619217877388001, eval loss: [NA]
Epoch: 18, loss: 14.617489008903503, eval loss: [NA]
Epoch: 19, loss: 14.618345484733581, eval loss: [NA]
Epoch: 20, loss: 14.623598427772523, eval loss: [NA]
Epoch: 21, loss: 14.623457565307618, eval loss: [NA]
Epoch: 22, loss: 14.621554069519043, eval loss: [NA]
Epoch: 23, loss: 14.633392653465272, eval loss: [NA]
Epoch: 24, loss: 14.621756210327149, eval loss: [NA]
Epoch: 25, loss: 14.621093778610229, eval loss: [NA]
Epoch: 26, loss: 14.614487209320068, eval loss: [NA]
Epoch: 27, loss: 14.621139435768127, eval loss: [NA]
Epoch: 28, loss: 14.616749949455262, eval loss: [NA]
Epoch: 29, loss: 14.617011294364929, eval loss: [NA]
Iteration: 3
start update likelihood model
Epoch: 0, loss: 10.151220116615296, eval loss: [NA]
Epoch: 1, loss: 10.121860027313232, eval loss: [NA]
Epoch: 2, loss: 10.120029616355897, eval loss: [NA]
Epoch: 3, loss: 10.110355815887452, eval loss: [NA]
Epoch: 4, loss: 10.10851185798645, eval loss: [NA]
Epoch: 5, loss: 10.117454676628112, eval loss: [NA]
Epoch: 6, loss: 10.107010145187378, eval loss: [NA]
Epoch: 7, loss: 10.093492579460143, eval loss: [NA]
Epoch: 8, loss: 10.105525617599488, eval loss: [NA]
Epoch: 9, loss: 10.104339280128478, eval loss: [NA]
Epoch: 10, loss: 10.110241355895996, eval loss: [NA]
Epoch: 11, loss: 10.116618208885193, eval loss: [NA]
Epoch: 12, loss: 10.100669202804566, eval loss: [NA]
Epoch: 13, loss: 10.100086240768432, eval loss: [NA]
Epoch: 14, loss: 10.09731680393219, eval loss: [NA]
Epoch: 15, loss: 10.090237560272216, eval loss: [NA]
Epoch: 16, loss: 10.081555886268616, eval loss: [NA]
Epoch: 17, loss: 10.087176332473755, eval loss: [NA]
Epoch: 18, loss: 10.095059809684754, eval loss: [NA]
Epoch: 19, loss: 10.080271067619323, eval loss: [NA]
Epoch: 20, loss: 10.092480072975158, eval loss: [NA]
Epoch: 21, loss: 10.089860138893128, eval loss: [NA]
Epoch: 22, loss: 10.079051513671875, eval loss: [NA]
Epoch: 23, loss: 10.06910581111908, eval loss: [NA]
Epoch: 24, loss: 10.072021536827087, eval loss: [NA]
Epoch: 25, loss: 10.082994961738587, eval loss: [NA]
Epoch: 26, loss: 10.067621850967408, eval loss: [NA]
Epoch: 27, loss: 10.072973046302796, eval loss: [NA]
Epoch: 28, loss: 10.069327754974365, eval loss: [NA]
Epoch: 29, loss: 10.072046637535095, eval loss: [NA]
start update posterior model
Epoch: 0, loss: 15.056334795951843, eval loss: [NA]
Epoch: 1, loss: 15.069434552192687, eval loss: [NA]
Epoch: 2, loss: 15.058340244293213, eval loss: [NA]
Epoch: 3, loss: 15.059329280853271, eval loss: [NA]
Epoch: 4, loss: 15.05945161819458, eval loss: [NA]
Epoch: 5, loss: 15.062274131774902, eval loss: [NA]
Epoch: 6, loss: 15.06722930431366, eval loss: [NA]
Epoch: 7, loss: 15.062899174690246, eval loss: [NA]
Epoch: 8, loss: 15.059487185478211, eval loss: [NA]
Epoch: 9, loss: 15.059627718925476, eval loss: [NA]
Epoch: 10, loss: 15.056641664505005, eval loss: [NA]
Epoch: 11, loss: 15.058329606056214, eval loss: [NA]
Epoch: 12, loss: 15.061174488067627, eval loss: [NA]
Epoch: 13, loss: 15.057219076156617, eval loss: [NA]
Epoch: 14, loss: 15.062161231040955, eval loss: [NA]
Epoch: 15, loss: 15.059441680908202, eval loss: [NA]
Epoch: 16, loss: 15.05415385723114, eval loss: [NA]
Epoch: 17, loss: 15.06018991947174, eval loss: [NA]
Epoch: 18, loss: 15.063515491485596, eval loss: [NA]
Epoch: 19, loss: 15.05937168598175, eval loss: [NA]
Epoch: 20, loss: 15.05545422077179, eval loss: [NA]
Epoch: 21, loss: 15.058298902511597, eval loss: [NA]
Epoch: 22, loss: 15.057582955360413, eval loss: [NA]
Epoch: 23, loss: 15.069181823730469, eval loss: [NA]
Epoch: 24, loss: 15.056430511474609, eval loss: [NA]
Epoch: 25, loss: 15.059279985427857, eval loss: [NA]
Epoch: 26, loss: 15.064884142875671, eval loss: [NA]
Epoch: 27, loss: 15.055778408050537, eval loss: [NA]
Epoch: 28, loss: 15.058682079315185, eval loss: [NA]
Epoch: 29, loss: 15.056079721450805, eval loss: [NA]
Iteration: 4
start update likelihood model
Epoch: 0, loss: 10.08454092502594, eval loss: [NA]
Epoch: 1, loss: 10.058703045845032, eval loss: [NA]
Epoch: 2, loss: 10.06434317111969, eval loss: [NA]
Epoch: 3, loss: 10.053494524955749, eval loss: [NA]
Epoch: 4, loss: 10.047600870132447, eval loss: [NA]
Epoch: 5, loss: 10.045905513763428, eval loss: [NA]
Epoch: 6, loss: 10.048568396568298, eval loss: [NA]
Epoch: 7, loss: 10.040272469520568, eval loss: [NA]
Epoch: 8, loss: 10.044773564338684, eval loss: [NA]
Epoch: 9, loss: 10.031779198646545, eval loss: [NA]
Epoch: 10, loss: 10.040084466934204, eval loss: [NA]
Epoch: 11, loss: 10.036961498260498, eval loss: [NA]
Epoch: 12, loss: 10.046774950027466, eval loss: [NA]
Epoch: 13, loss: 10.045997829437256, eval loss: [NA]
Epoch: 14, loss: 10.027636218070985, eval loss: [NA]
Epoch: 15, loss: 10.02816276550293, eval loss: [NA]
Epoch: 16, loss: 10.0376727104187, eval loss: [NA]
Epoch: 17, loss: 10.031583032608033, eval loss: [NA]
Epoch: 18, loss: 10.04095920085907, eval loss: [NA]
Epoch: 19, loss: 10.024416484832763, eval loss: [NA]
Epoch: 20, loss: 10.022061357498169, eval loss: [NA]
Epoch: 21, loss: 10.024340486526489, eval loss: [NA]
Epoch: 22, loss: 10.021541757583618, eval loss: [NA]
Epoch: 23, loss: 10.02494354724884, eval loss: [NA]
Epoch: 24, loss: 10.030769610404969, eval loss: [NA]
Epoch: 25, loss: 10.017650847434998, eval loss: [NA]
Epoch: 26, loss: 10.014547839164734, eval loss: [NA]
Epoch: 27, loss: 10.02679075241089, eval loss: [NA]
Epoch: 28, loss: 10.023264312744141, eval loss: [NA]
Epoch: 29, loss: 10.016119842529298, eval loss: [NA]
start update posterior model
Epoch: 0, loss: 14.96023859500885, eval loss: [NA]
Epoch: 1, loss: 14.965430278778076, eval loss: [NA]
Epoch: 2, loss: 14.95545639514923, eval loss: [NA]
Epoch: 3, loss: 14.95689305305481, eval loss: [NA]
Epoch: 4, loss: 14.954340739250183, eval loss: [NA]
Epoch: 5, loss: 14.956277055740356, eval loss: [NA]
Epoch: 6, loss: 14.959418025016785, eval loss: [NA]
Epoch: 7, loss: 14.957089548110963, eval loss: [NA]
Epoch: 8, loss: 14.958602108955382, eval loss: [NA]
Epoch: 9, loss: 14.96269317150116, eval loss: [NA]
Epoch: 10, loss: 14.960843958854674, eval loss: [NA]
Epoch: 11, loss: 14.954287371635438, eval loss: [NA]
Epoch: 12, loss: 14.956743583679199, eval loss: [NA]
Epoch: 13, loss: 14.95400230884552, eval loss: [NA]
Epoch: 14, loss: 14.957662830352783, eval loss: [NA]
Epoch: 15, loss: 14.954462733268738, eval loss: [NA]
Epoch: 16, loss: 14.956168789863586, eval loss: [NA]
Epoch: 17, loss: 14.956290526390076, eval loss: [NA]
Epoch: 18, loss: 14.956342611312866, eval loss: [NA]
Epoch: 19, loss: 14.95500850200653, eval loss: [NA]
Epoch: 20, loss: 14.956869921684266, eval loss: [NA]
Epoch: 21, loss: 14.952458167076111, eval loss: [NA]
Epoch: 22, loss: 14.955428094863892, eval loss: [NA]
Epoch: 23, loss: 14.955518884658813, eval loss: [NA]
Epoch: 24, loss: 14.959955158233642, eval loss: [NA]
Epoch: 25, loss: 14.955233483314514, eval loss: [NA]
Epoch: 26, loss: 14.956245102882384, eval loss: [NA]
Epoch: 27, loss: 14.954804472923279, eval loss: [NA]
Epoch: 28, loss: 14.957538986206055, eval loss: [NA]
Epoch: 29, loss: 14.952380294799804, eval loss: [NA]

Runtime:603.89
[2.6456189255341676e+18, 0.0361, 0.0059, 0.049]
[35496235008.0, 1.255, 1.2699, 1.2814]
[104433901568.0, 1.3987, 1.3847, 1.3991]
KL div untrained: 4.221587174900417e+18
KL div trained: 0.046
