Input args:
Dim: 2
seed: 45
seed_data: 10
/home/samwiq/spa/seq-posterior-approx-w-nf-dev/mv_gaussian/low_dim_w_five_obs/lunarc
/home/samwiq/spa/seq-posterior-approx-w-nf-dev
tensor(7.0253e+12, grad_fn=<MeanBackward0>)
tensor(1.1008e+08, grad_fn=<MeanBackward0>)
tensor([ 1.0774e+09, -8.1950e+06,  1.4223e+07,  2.0102e+02, -1.4668e+00,
         3.8663e+05,  3.8074e+03, -5.0169e+03, -2.1539e+02,  2.3806e+01],
       grad_fn=<MeanBackward1>)
tensor([1.3874e+10, 1.5477e+08, 2.3640e+08, 4.2689e+03, 6.2455e+01, 6.2951e+06,
        7.1845e+04, 8.1733e+04, 9.1909e+03, 2.9379e+02],
       grad_fn=<StdBackward1>)
tensor([-3.8312, -1.2767, -3.3108, -0.5815, -2.6592,  0.2294, -3.4618, -0.6044,
        -4.9727, -2.2999])
start full training
Iteration: 1
start update likelihood model
Epoch: 0, loss: 20.428732752799988, eval loss: [NA]
Epoch: 1, loss: 14.418495693206786, eval loss: [NA]
Epoch: 2, loss: 11.860834941864013, eval loss: [NA]
Epoch: 3, loss: 10.74420009613037, eval loss: [NA]
Epoch: 4, loss: 10.502275042533874, eval loss: [NA]
Epoch: 5, loss: 10.426099066734315, eval loss: [NA]
Epoch: 6, loss: 10.351068444252014, eval loss: [NA]
Epoch: 7, loss: 10.326862592697143, eval loss: [NA]
Epoch: 8, loss: 10.30033200263977, eval loss: [NA]
Epoch: 9, loss: 10.259640684127808, eval loss: [NA]
Epoch: 10, loss: 10.266150441169739, eval loss: [NA]
Epoch: 11, loss: 10.239798994064332, eval loss: [NA]
Epoch: 12, loss: 10.232686204910278, eval loss: [NA]
Epoch: 13, loss: 10.208692045211793, eval loss: [NA]
Epoch: 14, loss: 10.215508508682252, eval loss: [NA]
Epoch: 15, loss: 10.215626840591431, eval loss: [NA]
Epoch: 16, loss: 10.211461634635926, eval loss: [NA]
Epoch: 17, loss: 10.211157546043395, eval loss: [NA]
Epoch: 18, loss: 10.187965154647827, eval loss: [NA]
Epoch: 19, loss: 10.181053247451782, eval loss: [NA]
Epoch: 20, loss: 10.184824719429017, eval loss: [NA]
Epoch: 21, loss: 10.167642526626587, eval loss: [NA]
Epoch: 22, loss: 10.173422856330872, eval loss: [NA]
Epoch: 23, loss: 10.165349674224853, eval loss: [NA]
Epoch: 24, loss: 10.17873779296875, eval loss: [NA]
start update posterior model from prior pred - hot start
Epoch: 0, loss: 2.136062984764576, eval loss: [NA]
Epoch: 1, loss: 0.8973277673125267, eval loss: [NA]
Epoch: 2, loss: 0.6553297413885594, eval loss: [NA]
Epoch: 3, loss: 0.6100723717361689, eval loss: [NA]
Epoch: 4, loss: 0.5802298855781555, eval loss: [NA]
start update posterior model
Epoch: 0, loss: 12.502922277450562, eval loss: [NA]
Epoch: 1, loss: 12.390619378089905, eval loss: [NA]
Epoch: 2, loss: 12.404249305725097, eval loss: [NA]
Epoch: 3, loss: 12.372158875465393, eval loss: [NA]
Epoch: 4, loss: 12.37933599948883, eval loss: [NA]
Epoch: 5, loss: 12.376381845474244, eval loss: [NA]
Epoch: 6, loss: 12.36605480670929, eval loss: [NA]
Epoch: 7, loss: 12.377813682556152, eval loss: [NA]
Epoch: 8, loss: 12.37603843688965, eval loss: [NA]
Epoch: 9, loss: 12.357814841270446, eval loss: [NA]
Epoch: 10, loss: 12.371591634750366, eval loss: [NA]
Epoch: 11, loss: 12.365548887252807, eval loss: [NA]
Epoch: 12, loss: 12.379355401992798, eval loss: [NA]
Epoch: 13, loss: 12.37404456615448, eval loss: [NA]
Epoch: 14, loss: 12.36523120880127, eval loss: [NA]
Epoch: 15, loss: 12.370753598213195, eval loss: [NA]
Epoch: 16, loss: 12.351647458076478, eval loss: [NA]
Epoch: 17, loss: 12.356136226654053, eval loss: [NA]
Epoch: 18, loss: 12.35802770614624, eval loss: [NA]
Epoch: 19, loss: 12.36275209903717, eval loss: [NA]
Epoch: 20, loss: 12.364599118232727, eval loss: [NA]
Epoch: 21, loss: 12.36294129371643, eval loss: [NA]
Epoch: 22, loss: 12.384852199554443, eval loss: [NA]
Epoch: 23, loss: 12.35844868183136, eval loss: [NA]
Epoch: 24, loss: 12.3513228225708, eval loss: [NA]
Epoch: 25, loss: 12.353764963150024, eval loss: [NA]
Epoch: 26, loss: 12.361438355445863, eval loss: [NA]
Epoch: 27, loss: 12.35268479347229, eval loss: [NA]
Epoch: 28, loss: 12.348869647979736, eval loss: [NA]
Epoch: 29, loss: 12.354523873329162, eval loss: [NA]
Iteration: 2
start update likelihood model
Epoch: 0, loss: 10.191348652839661, eval loss: [NA]
Epoch: 1, loss: 10.190731382369995, eval loss: [NA]
Epoch: 2, loss: 10.152508602142333, eval loss: [NA]
Epoch: 3, loss: 10.129621949195862, eval loss: [NA]
Epoch: 4, loss: 10.12724365234375, eval loss: [NA]
Epoch: 5, loss: 10.134389100074769, eval loss: [NA]
Epoch: 6, loss: 10.116375522613525, eval loss: [NA]
Epoch: 7, loss: 10.141869688034058, eval loss: [NA]
Epoch: 8, loss: 10.106372785568237, eval loss: [NA]
Epoch: 9, loss: 10.106111741065979, eval loss: [NA]
Epoch: 10, loss: 10.109333000183106, eval loss: [NA]
Epoch: 11, loss: 10.104889616966247, eval loss: [NA]
Epoch: 12, loss: 10.098833355903626, eval loss: [NA]
Epoch: 13, loss: 10.11230167388916, eval loss: [NA]
Epoch: 14, loss: 10.102274146080017, eval loss: [NA]
Epoch: 15, loss: 10.095695714950562, eval loss: [NA]
Epoch: 16, loss: 10.086448345184326, eval loss: [NA]
Epoch: 17, loss: 10.097763690948486, eval loss: [NA]
Epoch: 18, loss: 10.084933800697327, eval loss: [NA]
Epoch: 19, loss: 10.1036883354187, eval loss: [NA]
Epoch: 20, loss: 10.106619653701783, eval loss: [NA]
Epoch: 21, loss: 10.081944508552551, eval loss: [NA]
Epoch: 22, loss: 10.089321436882019, eval loss: [NA]
Epoch: 23, loss: 10.084957046508789, eval loss: [NA]
Epoch: 24, loss: 10.078592720031738, eval loss: [NA]
Epoch: 25, loss: 10.086703867912293, eval loss: [NA]
Epoch: 26, loss: 10.087339282035828, eval loss: [NA]
Epoch: 27, loss: 10.0961097574234, eval loss: [NA]
Epoch: 28, loss: 10.075837607383727, eval loss: [NA]
Epoch: 29, loss: 10.084742636680604, eval loss: [NA]
start update posterior model
Epoch: 0, loss: 12.435337271690369, eval loss: [NA]
Epoch: 1, loss: 12.424340076446533, eval loss: [NA]
Epoch: 2, loss: 12.417956562042237, eval loss: [NA]
Epoch: 3, loss: 12.408719592094421, eval loss: [NA]
Epoch: 4, loss: 12.425572624206543, eval loss: [NA]
Epoch: 5, loss: 12.416676549911498, eval loss: [NA]
Epoch: 6, loss: 12.41998342514038, eval loss: [NA]
Epoch: 7, loss: 12.426041841506958, eval loss: [NA]
Epoch: 8, loss: 12.410381035804749, eval loss: [NA]
Epoch: 9, loss: 12.4096168756485, eval loss: [NA]
Epoch: 10, loss: 12.4118443441391, eval loss: [NA]
Epoch: 11, loss: 12.411377844810486, eval loss: [NA]
Epoch: 12, loss: 12.407886757850648, eval loss: [NA]
Epoch: 13, loss: 12.421554918289184, eval loss: [NA]
Epoch: 14, loss: 12.424476132392883, eval loss: [NA]
Epoch: 15, loss: 12.413260283470153, eval loss: [NA]
Epoch: 16, loss: 12.41639253616333, eval loss: [NA]
Epoch: 17, loss: 12.417955369949341, eval loss: [NA]
Epoch: 18, loss: 12.420618815422058, eval loss: [NA]
Epoch: 19, loss: 12.41279200553894, eval loss: [NA]
Epoch: 20, loss: 12.420551319122314, eval loss: [NA]
Epoch: 21, loss: 12.409793691635132, eval loss: [NA]
Epoch: 22, loss: 12.415243253707885, eval loss: [NA]
Epoch: 23, loss: 12.414325761795045, eval loss: [NA]
Epoch: 24, loss: 12.40855698108673, eval loss: [NA]
Epoch: 25, loss: 12.413155097961425, eval loss: [NA]
Epoch: 26, loss: 12.412022604942322, eval loss: [NA]
Epoch: 27, loss: 12.414580407142639, eval loss: [NA]
Epoch: 28, loss: 12.41243899822235, eval loss: [NA]
Epoch: 29, loss: 12.4106036567688, eval loss: [NA]
Iteration: 3
start update likelihood model
Epoch: 0, loss: 10.137417063713073, eval loss: [NA]
Epoch: 1, loss: 10.116908445358277, eval loss: [NA]
Epoch: 2, loss: 10.12422116279602, eval loss: [NA]
Epoch: 3, loss: 10.125245184898377, eval loss: [NA]
Epoch: 4, loss: 10.110214991569519, eval loss: [NA]
Epoch: 5, loss: 10.090163588523865, eval loss: [NA]
Epoch: 6, loss: 10.108802270889282, eval loss: [NA]
Epoch: 7, loss: 10.105263710021973, eval loss: [NA]
Epoch: 8, loss: 10.104631705284119, eval loss: [NA]
Epoch: 9, loss: 10.093638224601746, eval loss: [NA]
Epoch: 10, loss: 10.106571283340454, eval loss: [NA]
Epoch: 11, loss: 10.09835153579712, eval loss: [NA]
Epoch: 12, loss: 10.092323303222656, eval loss: [NA]
Epoch: 13, loss: 10.089349999427796, eval loss: [NA]
Epoch: 14, loss: 10.106524834632873, eval loss: [NA]
Epoch: 15, loss: 10.086353182792664, eval loss: [NA]
Epoch: 16, loss: 10.089594316482543, eval loss: [NA]
Epoch: 17, loss: 10.086719436645508, eval loss: [NA]
Epoch: 18, loss: 10.089273834228516, eval loss: [NA]
Epoch: 19, loss: 10.075817356109619, eval loss: [NA]
Epoch: 20, loss: 10.079372124671936, eval loss: [NA]
Epoch: 21, loss: 10.081081771850586, eval loss: [NA]
Epoch: 22, loss: 10.088816618919372, eval loss: [NA]
Epoch: 23, loss: 10.071516275405884, eval loss: [NA]
Epoch: 24, loss: 10.080532488822938, eval loss: [NA]
Epoch: 25, loss: 10.068308916091919, eval loss: [NA]
Epoch: 26, loss: 10.057155108451843, eval loss: [NA]
Epoch: 27, loss: 10.074306244850158, eval loss: [NA]
Epoch: 28, loss: 10.06209732055664, eval loss: [NA]
Epoch: 29, loss: 10.067699990272523, eval loss: [NA]
start update posterior model
Epoch: 0, loss: 11.677934932708741, eval loss: [NA]
Epoch: 1, loss: 11.670908198356628, eval loss: [NA]
Epoch: 2, loss: 11.667537207603454, eval loss: [NA]
Epoch: 3, loss: 11.670792436599731, eval loss: [NA]
Epoch: 4, loss: 11.677267107963562, eval loss: [NA]
Epoch: 5, loss: 11.667554740905763, eval loss: [NA]
Epoch: 6, loss: 11.67087131023407, eval loss: [NA]
Epoch: 7, loss: 11.674600324630738, eval loss: [NA]
Epoch: 8, loss: 11.680357308387757, eval loss: [NA]
Epoch: 9, loss: 11.697176861763001, eval loss: [NA]
Epoch: 10, loss: 11.670238103866577, eval loss: [NA]
Epoch: 11, loss: 11.671919808387756, eval loss: [NA]
Epoch: 12, loss: 11.66923849105835, eval loss: [NA]
Epoch: 13, loss: 11.667902102470398, eval loss: [NA]
Epoch: 14, loss: 11.681550931930541, eval loss: [NA]
Epoch: 15, loss: 11.675274472236634, eval loss: [NA]
Epoch: 16, loss: 11.672639565467835, eval loss: [NA]
Epoch: 17, loss: 11.667625193595887, eval loss: [NA]
Epoch: 18, loss: 11.675964856147766, eval loss: [NA]
Epoch: 19, loss: 11.668751339912415, eval loss: [NA]
Epoch: 20, loss: 11.672093405723572, eval loss: [NA]
Epoch: 21, loss: 11.66522316455841, eval loss: [NA]
Epoch: 22, loss: 11.67823205947876, eval loss: [NA]
Epoch: 23, loss: 11.66839660167694, eval loss: [NA]
Epoch: 24, loss: 11.667325773239135, eval loss: [NA]
Epoch: 25, loss: 11.675203185081482, eval loss: [NA]
Epoch: 26, loss: 11.674985141754151, eval loss: [NA]
Epoch: 27, loss: 11.666595153808593, eval loss: [NA]
Epoch: 28, loss: 11.666014714241028, eval loss: [NA]
Epoch: 29, loss: 11.671815204620362, eval loss: [NA]
Iteration: 4
start update likelihood model
Epoch: 0, loss: 10.111669673919678, eval loss: [NA]
Epoch: 1, loss: 10.091632003784179, eval loss: [NA]
Epoch: 2, loss: 10.09779589176178, eval loss: [NA]
Epoch: 3, loss: 10.082968039512634, eval loss: [NA]
Epoch: 4, loss: 10.1132137966156, eval loss: [NA]
Epoch: 5, loss: 10.092040677070617, eval loss: [NA]
Epoch: 6, loss: 10.096002674102783, eval loss: [NA]
Epoch: 7, loss: 10.077281537055969, eval loss: [NA]
Epoch: 8, loss: 10.092718086242677, eval loss: [NA]
Epoch: 9, loss: 10.093538393974304, eval loss: [NA]
Epoch: 10, loss: 10.083247380256653, eval loss: [NA]
Epoch: 11, loss: 10.086770429611207, eval loss: [NA]
Epoch: 12, loss: 10.075250859260558, eval loss: [NA]
Epoch: 13, loss: 10.080821976661682, eval loss: [NA]
Epoch: 14, loss: 10.076291160583496, eval loss: [NA]
Epoch: 15, loss: 10.077221941947936, eval loss: [NA]
Epoch: 16, loss: 10.07701358318329, eval loss: [NA]
Epoch: 17, loss: 10.069683570861816, eval loss: [NA]
Epoch: 18, loss: 10.063560914993285, eval loss: [NA]
Epoch: 19, loss: 10.078070168495179, eval loss: [NA]
Epoch: 20, loss: 10.05822437286377, eval loss: [NA]
Epoch: 21, loss: 10.064319491386414, eval loss: [NA]
Epoch: 22, loss: 10.070806350708008, eval loss: [NA]
Epoch: 23, loss: 10.074274129867554, eval loss: [NA]
Epoch: 24, loss: 10.063185744285583, eval loss: [NA]
Epoch: 25, loss: 10.065242705345154, eval loss: [NA]
Epoch: 26, loss: 10.0554341506958, eval loss: [NA]
Epoch: 27, loss: 10.059675569534301, eval loss: [NA]
Epoch: 28, loss: 10.058880715370178, eval loss: [NA]
Epoch: 29, loss: 10.05392276763916, eval loss: [NA]
start update posterior model
Epoch: 0, loss: 11.951461763381959, eval loss: [NA]
Epoch: 1, loss: 11.948651819229125, eval loss: [NA]
Epoch: 2, loss: 11.951225910186768, eval loss: [NA]
Epoch: 3, loss: 11.957349352836609, eval loss: [NA]
Epoch: 4, loss: 11.953433256149292, eval loss: [NA]
Epoch: 5, loss: 11.956854972839356, eval loss: [NA]
Epoch: 6, loss: 11.954363961219787, eval loss: [NA]
Epoch: 7, loss: 11.949149823188781, eval loss: [NA]
Epoch: 8, loss: 11.950293011665345, eval loss: [NA]
Epoch: 9, loss: 11.949615154266358, eval loss: [NA]
Epoch: 10, loss: 11.949367485046388, eval loss: [NA]
Epoch: 11, loss: 11.9557772731781, eval loss: [NA]
Epoch: 12, loss: 11.95598237991333, eval loss: [NA]
Epoch: 13, loss: 11.94871741771698, eval loss: [NA]
Epoch: 14, loss: 11.955456328392028, eval loss: [NA]
Epoch: 15, loss: 11.947392449378967, eval loss: [NA]
Epoch: 16, loss: 11.952450842857361, eval loss: [NA]
Epoch: 17, loss: 11.957516779899597, eval loss: [NA]
Epoch: 18, loss: 11.951576056480407, eval loss: [NA]
Epoch: 19, loss: 11.94958278656006, eval loss: [NA]
Epoch: 20, loss: 11.950515613555908, eval loss: [NA]
Epoch: 21, loss: 11.948897247314454, eval loss: [NA]
Epoch: 22, loss: 11.950071659088135, eval loss: [NA]
Epoch: 23, loss: 11.954198508262634, eval loss: [NA]
Epoch: 24, loss: 11.954517755508423, eval loss: [NA]
Epoch: 25, loss: 11.954011917114258, eval loss: [NA]
Epoch: 26, loss: 11.9466459608078, eval loss: [NA]
Epoch: 27, loss: 11.955600666999818, eval loss: [NA]
Epoch: 28, loss: 11.947555651664734, eval loss: [NA]
Epoch: 29, loss: 11.962246704101563, eval loss: [NA]

Runtime:599.19
[6.3332658786608424e+16, 0.0255, 0.0068, 0.0051]
[110079728.0, 1.5122, 1.4722, 1.4545]
[7025340186624.0, 1.3984, 1.3848, 1.388]
KL div untrained: 5.485068041979446e+16
KL div trained: 0.009
