Input args:
Dim: 2
seed: 28
seed_data: 10
/home/samwiq/spa/seq-posterior-approx-w-nf-dev/mv_gaussian/low_dim_w_five_obs/lunarc
/home/samwiq/spa/seq-posterior-approx-w-nf-dev
tensor(6.1803e+12, grad_fn=<MeanBackward0>)
tensor(2.6944e+10, grad_fn=<MeanBackward0>)
tensor([ 2.6198e+11, -7.1411e+09, -1.9238e+08,  6.6526e+02,  2.5338e+02,
         1.6448e+06,  3.3270e+06, -2.1378e+04,  2.5871e+05,  4.7309e+01],
       grad_fn=<MeanBackward1>)
tensor([7.3348e+12, 2.0248e+11, 7.4674e+09, 1.8726e+04, 7.9356e+03, 5.2013e+07,
        9.4340e+07, 6.7602e+05, 7.3941e+06, 1.3537e+03],
       grad_fn=<StdBackward1>)
tensor([ 3.5271,  1.5924,  3.1606,  1.0480,  3.3458,  1.6581,  4.4204,  3.4435,
         0.9044, -1.4765])
start full training
Iteration: 1
start update likelihood model
Epoch: 0, loss: 20.384401578903198, eval loss: [NA]
Epoch: 1, loss: 14.17383913040161, eval loss: [NA]
Epoch: 2, loss: 11.66518440246582, eval loss: [NA]
Epoch: 3, loss: 10.730244841575622, eval loss: [NA]
Epoch: 4, loss: 10.5160311460495, eval loss: [NA]
Epoch: 5, loss: 10.409730777740478, eval loss: [NA]
Epoch: 6, loss: 10.404016194343567, eval loss: [NA]
Epoch: 7, loss: 10.332330617904663, eval loss: [NA]
Epoch: 8, loss: 10.323428406715394, eval loss: [NA]
Epoch: 9, loss: 10.294200654029845, eval loss: [NA]
Epoch: 10, loss: 10.276179628372192, eval loss: [NA]
Epoch: 11, loss: 10.260225348472595, eval loss: [NA]
Epoch: 12, loss: 10.249853496551514, eval loss: [NA]
Epoch: 13, loss: 10.255109629631043, eval loss: [NA]
Epoch: 14, loss: 10.236722512245178, eval loss: [NA]
Epoch: 15, loss: 10.242131304740905, eval loss: [NA]
Epoch: 16, loss: 10.242220973968506, eval loss: [NA]
Epoch: 17, loss: 10.221531043052673, eval loss: [NA]
Epoch: 18, loss: 10.22985818386078, eval loss: [NA]
Epoch: 19, loss: 10.198483819961547, eval loss: [NA]
Epoch: 20, loss: 10.23162925720215, eval loss: [NA]
Epoch: 21, loss: 10.20692582130432, eval loss: [NA]
Epoch: 22, loss: 10.218983244895934, eval loss: [NA]
Epoch: 23, loss: 10.207093524932862, eval loss: [NA]
Epoch: 24, loss: 10.200490293502808, eval loss: [NA]
start update posterior model from prior pred - hot start
Epoch: 0, loss: 2.033295369744301, eval loss: [NA]
Epoch: 1, loss: 0.8600598631799221, eval loss: [NA]
Epoch: 2, loss: 0.647264359742403, eval loss: [NA]
Epoch: 3, loss: 0.5839157946407795, eval loss: [NA]
Epoch: 4, loss: 0.5349724395573139, eval loss: [NA]
start update posterior model
Epoch: 0, loss: 17.616250848770143, eval loss: [NA]
Epoch: 1, loss: 17.594957427978514, eval loss: [NA]
Epoch: 2, loss: 17.586409873962403, eval loss: [NA]
Epoch: 3, loss: 17.59805827140808, eval loss: [NA]
Epoch: 4, loss: 17.58379868507385, eval loss: [NA]
Epoch: 5, loss: 17.560565252304077, eval loss: [NA]
Epoch: 6, loss: 17.574756622314453, eval loss: [NA]
Epoch: 7, loss: 17.572348413467406, eval loss: [NA]
Epoch: 8, loss: 17.559391212463378, eval loss: [NA]
Epoch: 9, loss: 17.579298219680787, eval loss: [NA]
Epoch: 10, loss: 17.59161456108093, eval loss: [NA]
Epoch: 11, loss: 17.564957275390626, eval loss: [NA]
Epoch: 12, loss: 17.551547050476074, eval loss: [NA]
Epoch: 13, loss: 17.565621767044068, eval loss: [NA]
Epoch: 14, loss: 17.555205593109132, eval loss: [NA]
Epoch: 15, loss: 17.55693742752075, eval loss: [NA]
Epoch: 16, loss: 17.558387413024903, eval loss: [NA]
Epoch: 17, loss: 17.56181685447693, eval loss: [NA]
Epoch: 18, loss: 17.566782484054567, eval loss: [NA]
Epoch: 19, loss: 17.56153576850891, eval loss: [NA]
Epoch: 20, loss: 17.56046329498291, eval loss: [NA]
Epoch: 21, loss: 17.561608180999755, eval loss: [NA]
Epoch: 22, loss: 17.563418350219727, eval loss: [NA]
Epoch: 23, loss: 17.56717173576355, eval loss: [NA]
Epoch: 24, loss: 17.559319686889648, eval loss: [NA]
Epoch: 25, loss: 17.565085735321045, eval loss: [NA]
Epoch: 26, loss: 17.5553254032135, eval loss: [NA]
Epoch: 27, loss: 17.561448402404785, eval loss: [NA]
Epoch: 28, loss: 17.55463942527771, eval loss: [NA]
Epoch: 29, loss: 17.555216693878172, eval loss: [NA]
Iteration: 2
start update likelihood model
Epoch: 0, loss: 10.176701555252075, eval loss: [NA]
Epoch: 1, loss: 10.14649528503418, eval loss: [NA]
Epoch: 2, loss: 10.153409290313721, eval loss: [NA]
Epoch: 3, loss: 10.129364686012268, eval loss: [NA]
Epoch: 4, loss: 10.131000080108642, eval loss: [NA]
Epoch: 5, loss: 10.128048572540283, eval loss: [NA]
Epoch: 6, loss: 10.142006850242614, eval loss: [NA]
Epoch: 7, loss: 10.138442831039429, eval loss: [NA]
Epoch: 8, loss: 10.124050130844116, eval loss: [NA]
Epoch: 9, loss: 10.115518088340758, eval loss: [NA]
Epoch: 10, loss: 10.11367437362671, eval loss: [NA]
Epoch: 11, loss: 10.118562188148498, eval loss: [NA]
Epoch: 12, loss: 10.125069966316223, eval loss: [NA]
Epoch: 13, loss: 10.116694002151489, eval loss: [NA]
Epoch: 14, loss: 10.11492037296295, eval loss: [NA]
Epoch: 15, loss: 10.113437237739562, eval loss: [NA]
Epoch: 16, loss: 10.115972962379455, eval loss: [NA]
Epoch: 17, loss: 10.104887614250183, eval loss: [NA]
Epoch: 18, loss: 10.102662467956543, eval loss: [NA]
Epoch: 19, loss: 10.122240118980407, eval loss: [NA]
Epoch: 20, loss: 10.109728779792786, eval loss: [NA]
Epoch: 21, loss: 10.10869864463806, eval loss: [NA]
Epoch: 22, loss: 10.097162127494812, eval loss: [NA]
Epoch: 23, loss: 10.096208777427673, eval loss: [NA]
Epoch: 24, loss: 10.083634700775146, eval loss: [NA]
Epoch: 25, loss: 10.09690764427185, eval loss: [NA]
Epoch: 26, loss: 10.096059846878052, eval loss: [NA]
Epoch: 27, loss: 10.10147532939911, eval loss: [NA]
Epoch: 28, loss: 10.0815584897995, eval loss: [NA]
Epoch: 29, loss: 10.099618797302247, eval loss: [NA]
start update posterior model
Epoch: 0, loss: 16.41154909133911, eval loss: [NA]
Epoch: 1, loss: 16.410449228286744, eval loss: [NA]
Epoch: 2, loss: 16.40437334060669, eval loss: [NA]
Epoch: 3, loss: 16.407806816101075, eval loss: [NA]
Epoch: 4, loss: 16.40259611129761, eval loss: [NA]
Epoch: 5, loss: 16.40475034713745, eval loss: [NA]
Epoch: 6, loss: 16.395559196472167, eval loss: [NA]
Epoch: 7, loss: 16.39643219947815, eval loss: [NA]
Epoch: 8, loss: 16.40846061706543, eval loss: [NA]
Epoch: 9, loss: 16.40233158111572, eval loss: [NA]
Epoch: 10, loss: 16.39951738357544, eval loss: [NA]
Epoch: 11, loss: 16.396424856185913, eval loss: [NA]
Epoch: 12, loss: 16.404854097366332, eval loss: [NA]
Epoch: 13, loss: 16.399607763290405, eval loss: [NA]
Epoch: 14, loss: 16.408572292327882, eval loss: [NA]
Epoch: 15, loss: 16.402533922195435, eval loss: [NA]
Epoch: 16, loss: 16.397053203582765, eval loss: [NA]
Epoch: 17, loss: 16.405567836761474, eval loss: [NA]
Epoch: 18, loss: 16.397383041381836, eval loss: [NA]
Epoch: 19, loss: 16.40252125740051, eval loss: [NA]
Epoch: 20, loss: 16.40370277404785, eval loss: [NA]
Epoch: 21, loss: 16.398754920959473, eval loss: [NA]
Epoch: 22, loss: 16.396911058425903, eval loss: [NA]
Epoch: 23, loss: 16.399647483825685, eval loss: [NA]
Epoch: 24, loss: 16.40174674987793, eval loss: [NA]
Epoch: 25, loss: 16.39481616973877, eval loss: [NA]
Epoch: 26, loss: 16.393835849761963, eval loss: [NA]
Epoch: 27, loss: 16.39277382850647, eval loss: [NA]
Epoch: 28, loss: 16.3967338848114, eval loss: [NA]
Epoch: 29, loss: 16.400558738708497, eval loss: [NA]
Iteration: 3
start update likelihood model
Epoch: 0, loss: 10.122098097801208, eval loss: [NA]
Epoch: 1, loss: 10.105006966590881, eval loss: [NA]
Epoch: 2, loss: 10.098147625923156, eval loss: [NA]
Epoch: 3, loss: 10.073877034187317, eval loss: [NA]
Epoch: 4, loss: 10.079342551231385, eval loss: [NA]
Epoch: 5, loss: 10.076109189987182, eval loss: [NA]
Epoch: 6, loss: 10.076840920448303, eval loss: [NA]
Epoch: 7, loss: 10.077600593566894, eval loss: [NA]
Epoch: 8, loss: 10.060983119010926, eval loss: [NA]
Epoch: 9, loss: 10.063145112991332, eval loss: [NA]
Epoch: 10, loss: 10.072387495040893, eval loss: [NA]
Epoch: 11, loss: 10.068143563270569, eval loss: [NA]
Epoch: 12, loss: 10.063993577957154, eval loss: [NA]
Epoch: 13, loss: 10.058374977111816, eval loss: [NA]
Epoch: 14, loss: 10.064497694969177, eval loss: [NA]
Epoch: 15, loss: 10.052265000343322, eval loss: [NA]
Epoch: 16, loss: 10.048915185928344, eval loss: [NA]
Epoch: 17, loss: 10.05832296848297, eval loss: [NA]
Epoch: 18, loss: 10.0448429107666, eval loss: [NA]
Epoch: 19, loss: 10.04036663532257, eval loss: [NA]
Epoch: 20, loss: 10.04607521533966, eval loss: [NA]
Epoch: 21, loss: 10.059330315589905, eval loss: [NA]
Epoch: 22, loss: 10.044328856468201, eval loss: [NA]
Epoch: 23, loss: 10.04975245475769, eval loss: [NA]
Epoch: 24, loss: 10.036722483634948, eval loss: [NA]
Epoch: 25, loss: 10.051990885734558, eval loss: [NA]
Epoch: 26, loss: 10.04211922645569, eval loss: [NA]
Epoch: 27, loss: 10.0354647397995, eval loss: [NA]
Epoch: 28, loss: 10.040080003738403, eval loss: [NA]
Epoch: 29, loss: 10.046931281089783, eval loss: [NA]
start update posterior model
Epoch: 0, loss: 15.86722587108612, eval loss: [NA]
Epoch: 1, loss: 15.896570463180542, eval loss: [NA]
Epoch: 2, loss: 15.870015931129455, eval loss: [NA]
Epoch: 3, loss: 15.87539095401764, eval loss: [NA]
Epoch: 4, loss: 15.86999653339386, eval loss: [NA]
Epoch: 5, loss: 15.87836769580841, eval loss: [NA]
Epoch: 6, loss: 15.86572599887848, eval loss: [NA]
Epoch: 7, loss: 15.865665826797485, eval loss: [NA]
Epoch: 8, loss: 15.865772233009338, eval loss: [NA]
Epoch: 9, loss: 15.863032622337341, eval loss: [NA]
Epoch: 10, loss: 15.867920336723328, eval loss: [NA]
Epoch: 11, loss: 15.865918927192688, eval loss: [NA]
Epoch: 12, loss: 15.87056972026825, eval loss: [NA]
Epoch: 13, loss: 15.869036765098572, eval loss: [NA]
Epoch: 14, loss: 15.875619673728943, eval loss: [NA]
Epoch: 15, loss: 15.871364359855653, eval loss: [NA]
Epoch: 16, loss: 15.86579357624054, eval loss: [NA]
Epoch: 17, loss: 15.868763833045959, eval loss: [NA]
Epoch: 18, loss: 15.867428855895996, eval loss: [NA]
Epoch: 19, loss: 15.863351745605469, eval loss: [NA]
Epoch: 20, loss: 15.875565209388732, eval loss: [NA]
Epoch: 21, loss: 15.872826480865479, eval loss: [NA]
Epoch: 22, loss: 15.869751348495484, eval loss: [NA]
Epoch: 23, loss: 15.865900979042053, eval loss: [NA]
Epoch: 24, loss: 15.86586588859558, eval loss: [NA]
Epoch: 25, loss: 15.86921926021576, eval loss: [NA]
Epoch: 26, loss: 15.86761118888855, eval loss: [NA]
Epoch: 27, loss: 15.866598114967346, eval loss: [NA]
Epoch: 28, loss: 15.877225542068482, eval loss: [NA]
Epoch: 29, loss: 15.867705364227294, eval loss: [NA]
Iteration: 4
start update likelihood model
Epoch: 0, loss: 10.045057601928711, eval loss: [NA]
Epoch: 1, loss: 10.030556478500365, eval loss: [NA]
Epoch: 2, loss: 10.027305760383605, eval loss: [NA]
Epoch: 3, loss: 10.020121550559997, eval loss: [NA]
Epoch: 4, loss: 10.03176155090332, eval loss: [NA]
Epoch: 5, loss: 10.01769941329956, eval loss: [NA]
Epoch: 6, loss: 10.015963931083679, eval loss: [NA]
Epoch: 7, loss: 10.023592133522033, eval loss: [NA]
Epoch: 8, loss: 10.016101083755494, eval loss: [NA]
Epoch: 9, loss: 10.014336481094361, eval loss: [NA]
Epoch: 10, loss: 10.009213166236878, eval loss: [NA]
Epoch: 11, loss: 10.010182189941407, eval loss: [NA]
Epoch: 12, loss: 10.012246112823487, eval loss: [NA]
Epoch: 13, loss: 10.016538920402526, eval loss: [NA]
Epoch: 14, loss: 10.01373526096344, eval loss: [NA]
Epoch: 15, loss: 9.996363396644592, eval loss: [NA]
Epoch: 16, loss: 10.001934633255004, eval loss: [NA]
Epoch: 17, loss: 10.002531061172485, eval loss: [NA]
Epoch: 18, loss: 10.012032866477966, eval loss: [NA]
Epoch: 19, loss: 10.000553193092346, eval loss: [NA]
Epoch: 20, loss: 9.998719725608826, eval loss: [NA]
Epoch: 21, loss: 10.002414269447327, eval loss: [NA]
Epoch: 22, loss: 9.991667799949646, eval loss: [NA]
Epoch: 23, loss: 10.000301179885865, eval loss: [NA]
Epoch: 24, loss: 9.997007446289063, eval loss: [NA]
Epoch: 25, loss: 9.989596209526063, eval loss: [NA]
Epoch: 26, loss: 9.99781210899353, eval loss: [NA]
Epoch: 27, loss: 9.997379474639892, eval loss: [NA]
Epoch: 28, loss: 9.986343545913696, eval loss: [NA]
Epoch: 29, loss: 9.990957002639771, eval loss: [NA]
start update posterior model
Epoch: 0, loss: 17.07910348892212, eval loss: [NA]
Epoch: 1, loss: 17.069418506622313, eval loss: [NA]
Epoch: 2, loss: 17.076272354125976, eval loss: [NA]
Epoch: 3, loss: 17.070685691833496, eval loss: [NA]
Epoch: 4, loss: 17.066467533111574, eval loss: [NA]
Epoch: 5, loss: 17.072745056152343, eval loss: [NA]
Epoch: 6, loss: 17.06811441421509, eval loss: [NA]
Epoch: 7, loss: 17.075846042633056, eval loss: [NA]
Epoch: 8, loss: 17.072591381072996, eval loss: [NA]
Epoch: 9, loss: 17.07573534011841, eval loss: [NA]
Epoch: 10, loss: 17.067645883560182, eval loss: [NA]
Epoch: 11, loss: 17.073184928894044, eval loss: [NA]
Epoch: 12, loss: 17.064301776885987, eval loss: [NA]
Epoch: 13, loss: 17.07393482208252, eval loss: [NA]
Epoch: 14, loss: 17.06481028556824, eval loss: [NA]
Epoch: 15, loss: 17.066731176376344, eval loss: [NA]
Epoch: 16, loss: 17.066690893173217, eval loss: [NA]
Epoch: 17, loss: 17.06845548629761, eval loss: [NA]
Epoch: 18, loss: 17.074042434692384, eval loss: [NA]
Epoch: 19, loss: 17.069761962890624, eval loss: [NA]
Epoch: 20, loss: 17.070714025497438, eval loss: [NA]
Epoch: 21, loss: 17.06570240974426, eval loss: [NA]
Epoch: 22, loss: 17.064770851135254, eval loss: [NA]
Epoch: 23, loss: 17.066903982162476, eval loss: [NA]
Epoch: 24, loss: 17.069070777893067, eval loss: [NA]
Epoch: 25, loss: 17.070733385086058, eval loss: [NA]
Epoch: 26, loss: 17.065360250473024, eval loss: [NA]
Epoch: 27, loss: 17.064771451950072, eval loss: [NA]
Epoch: 28, loss: 17.074335412979124, eval loss: [NA]
Epoch: 29, loss: 17.06672031402588, eval loss: [NA]

Runtime:605.77
[1.7767992409032662e+16, 0.0219, 0.0323, 0.0099]
[26944450560.0, 1.6753, 1.697, 1.6769]
[6180294885376.0, 1.376, 1.4086, 1.3774]
KL div untrained: 1.9399370838318764e+16
KL div trained: 0.0016
