Input args:
Dim: 2
seed: 22
seed_data: 10
/home/samwiq/spa/seq-posterior-approx-w-nf-dev/mv_gaussian/low_dim_w_five_obs/lunarc
/home/samwiq/spa/seq-posterior-approx-w-nf-dev
tensor(7.8707e+12, grad_fn=<MeanBackward0>)
tensor(1.4525e+10, grad_fn=<MeanBackward0>)
tensor([ 1.4122e+11, -3.8950e+09, -1.3455e+08,  4.3977e+02,  1.4847e+06,
        -6.2391e+04,  7.4147e+05, -9.4456e+01,  5.8107e+04, -8.1707e+02],
       grad_fn=<MeanBackward1>)
tensor([2.4287e+12, 6.6994e+10, 2.3201e+09, 9.5475e+03, 3.3119e+07, 1.5660e+06,
        2.0068e+07, 2.5254e+03, 1.5728e+06, 1.8364e+04],
       grad_fn=<StdBackward1>)
tensor([ 3.5166, -0.0742,  2.1839, -0.7584, -1.3162, -5.1352,  3.1561, -0.1696,
         0.4669, -2.5383])
start full training
Iteration: 1
start update likelihood model
Epoch: 0, loss: 20.167186126708984, eval loss: [NA]
Epoch: 1, loss: 13.710442514419556, eval loss: [NA]
Epoch: 2, loss: 11.323560166358948, eval loss: [NA]
Epoch: 3, loss: 10.66260670185089, eval loss: [NA]
Epoch: 4, loss: 10.52268699169159, eval loss: [NA]
Epoch: 5, loss: 10.423827195167542, eval loss: [NA]
Epoch: 6, loss: 10.378326134681702, eval loss: [NA]
Epoch: 7, loss: 10.360956249237061, eval loss: [NA]
Epoch: 8, loss: 10.340842700004577, eval loss: [NA]
Epoch: 9, loss: 10.314867930412293, eval loss: [NA]
Epoch: 10, loss: 10.306820721626282, eval loss: [NA]
Epoch: 11, loss: 10.275644955635071, eval loss: [NA]
Epoch: 12, loss: 10.286824460029601, eval loss: [NA]
Epoch: 13, loss: 10.271848320960999, eval loss: [NA]
Epoch: 14, loss: 10.258533573150634, eval loss: [NA]
Epoch: 15, loss: 10.248514690399169, eval loss: [NA]
Epoch: 16, loss: 10.26268491268158, eval loss: [NA]
Epoch: 17, loss: 10.229486784934998, eval loss: [NA]
Epoch: 18, loss: 10.261784958839417, eval loss: [NA]
Epoch: 19, loss: 10.222727456092834, eval loss: [NA]
Epoch: 20, loss: 10.236224679946899, eval loss: [NA]
Epoch: 21, loss: 10.227320690155029, eval loss: [NA]
Epoch: 22, loss: 10.201685590744018, eval loss: [NA]
Epoch: 23, loss: 10.228823451995849, eval loss: [NA]
Epoch: 24, loss: 10.225471415519714, eval loss: [NA]
start update posterior model from prior pred - hot start
Epoch: 0, loss: 2.0131781125068664, eval loss: [NA]
Epoch: 1, loss: 0.8855352015793323, eval loss: [NA]
Epoch: 2, loss: 0.6672866283357144, eval loss: [NA]
Epoch: 3, loss: 0.6192598220705986, eval loss: [NA]
Epoch: 4, loss: 0.5824659676849842, eval loss: [NA]
start update posterior model
Epoch: 0, loss: 17.90296917915344, eval loss: [NA]
Epoch: 1, loss: 17.862410163879396, eval loss: [NA]
Epoch: 2, loss: 17.8736248588562, eval loss: [NA]
Epoch: 3, loss: 17.85186517715454, eval loss: [NA]
Epoch: 4, loss: 17.841159601211547, eval loss: [NA]
Epoch: 5, loss: 17.837384424209596, eval loss: [NA]
Epoch: 6, loss: 17.83972981452942, eval loss: [NA]
Epoch: 7, loss: 17.850270719528197, eval loss: [NA]
Epoch: 8, loss: 17.837584619522094, eval loss: [NA]
Epoch: 9, loss: 17.837585258483887, eval loss: [NA]
Epoch: 10, loss: 17.827384910583497, eval loss: [NA]
Epoch: 11, loss: 17.8427076625824, eval loss: [NA]
Epoch: 12, loss: 17.83427176475525, eval loss: [NA]
Epoch: 13, loss: 17.826714200973512, eval loss: [NA]
Epoch: 14, loss: 17.834170656204222, eval loss: [NA]
Epoch: 15, loss: 17.83553186416626, eval loss: [NA]
Epoch: 16, loss: 17.84153660774231, eval loss: [NA]
Epoch: 17, loss: 17.828948268890382, eval loss: [NA]
Epoch: 18, loss: 17.832018737792968, eval loss: [NA]
Epoch: 19, loss: 17.848638830184935, eval loss: [NA]
Epoch: 20, loss: 17.82799409866333, eval loss: [NA]
Epoch: 21, loss: 17.829404497146605, eval loss: [NA]
Epoch: 22, loss: 17.82452342033386, eval loss: [NA]
Epoch: 23, loss: 17.828273439407347, eval loss: [NA]
Epoch: 24, loss: 17.830003690719604, eval loss: [NA]
Epoch: 25, loss: 17.8239652633667, eval loss: [NA]
Epoch: 26, loss: 17.826108665466307, eval loss: [NA]
Epoch: 27, loss: 17.830100746154784, eval loss: [NA]
Epoch: 28, loss: 17.823722305297853, eval loss: [NA]
Epoch: 29, loss: 17.827955102920534, eval loss: [NA]
Iteration: 2
start update likelihood model
Epoch: 0, loss: 10.180599203109741, eval loss: [NA]
Epoch: 1, loss: 10.183235750198364, eval loss: [NA]
Epoch: 2, loss: 10.151701669692994, eval loss: [NA]
Epoch: 3, loss: 10.163318133354187, eval loss: [NA]
Epoch: 4, loss: 10.160691208839417, eval loss: [NA]
Epoch: 5, loss: 10.14453366279602, eval loss: [NA]
Epoch: 6, loss: 10.14154420375824, eval loss: [NA]
Epoch: 7, loss: 10.162800621986388, eval loss: [NA]
Epoch: 8, loss: 10.148586626052856, eval loss: [NA]
Epoch: 9, loss: 10.15837920665741, eval loss: [NA]
Epoch: 10, loss: 10.143275799751281, eval loss: [NA]
Epoch: 11, loss: 10.146243047714233, eval loss: [NA]
Epoch: 12, loss: 10.146421585083008, eval loss: [NA]
Epoch: 13, loss: 10.133934016227721, eval loss: [NA]
Epoch: 14, loss: 10.136905975341797, eval loss: [NA]
Epoch: 15, loss: 10.135046105384827, eval loss: [NA]
Epoch: 16, loss: 10.135258913040161, eval loss: [NA]
Epoch: 17, loss: 10.13824592113495, eval loss: [NA]
Epoch: 18, loss: 10.131745157241822, eval loss: [NA]
Epoch: 19, loss: 10.12212694644928, eval loss: [NA]
Epoch: 20, loss: 10.133335127830506, eval loss: [NA]
Epoch: 21, loss: 10.124671368598937, eval loss: [NA]
Epoch: 22, loss: 10.133589806556701, eval loss: [NA]
Epoch: 23, loss: 10.13288212299347, eval loss: [NA]
Epoch: 24, loss: 10.11288948059082, eval loss: [NA]
Epoch: 25, loss: 10.122739262580872, eval loss: [NA]
Epoch: 26, loss: 10.112272448539734, eval loss: [NA]
Epoch: 27, loss: 10.116885743141175, eval loss: [NA]
Epoch: 28, loss: 10.109997034072876, eval loss: [NA]
Epoch: 29, loss: 10.106817560195923, eval loss: [NA]
start update posterior model
Epoch: 0, loss: 17.75761509895325, eval loss: [NA]
Epoch: 1, loss: 17.756860218048097, eval loss: [NA]
Epoch: 2, loss: 17.75684638977051, eval loss: [NA]
Epoch: 3, loss: 17.759402914047243, eval loss: [NA]
Epoch: 4, loss: 17.757339735031128, eval loss: [NA]
Epoch: 5, loss: 17.75892367362976, eval loss: [NA]
Epoch: 6, loss: 17.75378028869629, eval loss: [NA]
Epoch: 7, loss: 17.754113101959227, eval loss: [NA]
Epoch: 8, loss: 17.758199396133424, eval loss: [NA]
Epoch: 9, loss: 17.76378094673157, eval loss: [NA]
Epoch: 10, loss: 17.749888706207276, eval loss: [NA]
Epoch: 11, loss: 17.751135606765747, eval loss: [NA]
Epoch: 12, loss: 17.753617906570433, eval loss: [NA]
Epoch: 13, loss: 17.753806266784668, eval loss: [NA]
Epoch: 14, loss: 17.754026794433592, eval loss: [NA]
Epoch: 15, loss: 17.742834072113038, eval loss: [NA]
Epoch: 16, loss: 17.746701259613037, eval loss: [NA]
Epoch: 17, loss: 17.74728967666626, eval loss: [NA]
Epoch: 18, loss: 17.743004627227783, eval loss: [NA]
Epoch: 19, loss: 17.749236822128296, eval loss: [NA]
Epoch: 20, loss: 17.75151882171631, eval loss: [NA]
Epoch: 21, loss: 17.751235046386718, eval loss: [NA]
Epoch: 22, loss: 17.758775854110716, eval loss: [NA]
Epoch: 23, loss: 17.749967451095582, eval loss: [NA]
Epoch: 24, loss: 17.751787300109864, eval loss: [NA]
Epoch: 25, loss: 17.758027849197386, eval loss: [NA]
Epoch: 26, loss: 17.749576101303102, eval loss: [NA]
Epoch: 27, loss: 17.74994954109192, eval loss: [NA]
Epoch: 28, loss: 17.7511727809906, eval loss: [NA]
Epoch: 29, loss: 17.75711049079895, eval loss: [NA]
Iteration: 3
start update likelihood model
Epoch: 0, loss: 10.144136099815368, eval loss: [NA]
Epoch: 1, loss: 10.131882786750793, eval loss: [NA]
Epoch: 2, loss: 10.128733625411988, eval loss: [NA]
Epoch: 3, loss: 10.13050630569458, eval loss: [NA]
Epoch: 4, loss: 10.116805400848389, eval loss: [NA]
Epoch: 5, loss: 10.135689382553101, eval loss: [NA]
Epoch: 6, loss: 10.114466228485107, eval loss: [NA]
Epoch: 7, loss: 10.117351212501525, eval loss: [NA]
Epoch: 8, loss: 10.108472127914428, eval loss: [NA]
Epoch: 9, loss: 10.10571479320526, eval loss: [NA]
Epoch: 10, loss: 10.106153273582459, eval loss: [NA]
Epoch: 11, loss: 10.104835200309754, eval loss: [NA]
Epoch: 12, loss: 10.103159942626952, eval loss: [NA]
Epoch: 13, loss: 10.101965479850769, eval loss: [NA]
Epoch: 14, loss: 10.090663232803344, eval loss: [NA]
Epoch: 15, loss: 10.10963209629059, eval loss: [NA]
Epoch: 16, loss: 10.103022046089173, eval loss: [NA]
Epoch: 17, loss: 10.107590498924255, eval loss: [NA]
Epoch: 18, loss: 10.100436482429505, eval loss: [NA]
Epoch: 19, loss: 10.105971264839173, eval loss: [NA]
Epoch: 20, loss: 10.081695489883423, eval loss: [NA]
Epoch: 21, loss: 10.086884741783143, eval loss: [NA]
Epoch: 22, loss: 10.083126692771911, eval loss: [NA]
Epoch: 23, loss: 10.084669699668884, eval loss: [NA]
Epoch: 24, loss: 10.08395486831665, eval loss: [NA]
Epoch: 25, loss: 10.086112356185913, eval loss: [NA]
Epoch: 26, loss: 10.079064388275146, eval loss: [NA]
Epoch: 27, loss: 10.08649652004242, eval loss: [NA]
Epoch: 28, loss: 10.073775329589843, eval loss: [NA]
Epoch: 29, loss: 10.093505811691283, eval loss: [NA]
start update posterior model
Epoch: 0, loss: 18.24120078086853, eval loss: [NA]
Epoch: 1, loss: 18.23764892578125, eval loss: [NA]
Epoch: 2, loss: 18.238468608856202, eval loss: [NA]
Epoch: 3, loss: 18.243116569519042, eval loss: [NA]
Epoch: 4, loss: 18.23559030532837, eval loss: [NA]
Epoch: 5, loss: 18.237792949676514, eval loss: [NA]
Epoch: 6, loss: 18.238510637283326, eval loss: [NA]
Epoch: 7, loss: 18.23713851928711, eval loss: [NA]
Epoch: 8, loss: 18.239995193481445, eval loss: [NA]
Epoch: 9, loss: 18.239119634628295, eval loss: [NA]
Epoch: 10, loss: 18.245930995941162, eval loss: [NA]
Epoch: 11, loss: 18.248208265304566, eval loss: [NA]
Epoch: 12, loss: 18.23324778556824, eval loss: [NA]
Epoch: 13, loss: 18.24117154121399, eval loss: [NA]
Epoch: 14, loss: 18.243389205932615, eval loss: [NA]
Epoch: 15, loss: 18.238656558990478, eval loss: [NA]
Epoch: 16, loss: 18.234982004165648, eval loss: [NA]
Epoch: 17, loss: 18.23890082359314, eval loss: [NA]
Epoch: 18, loss: 18.236251106262205, eval loss: [NA]
Epoch: 19, loss: 18.239345951080324, eval loss: [NA]
Epoch: 20, loss: 18.23618063926697, eval loss: [NA]
Epoch: 21, loss: 18.23551791191101, eval loss: [NA]
Epoch: 22, loss: 18.23466694831848, eval loss: [NA]
Epoch: 23, loss: 18.24016653060913, eval loss: [NA]
Epoch: 24, loss: 18.237313594818115, eval loss: [NA]
Epoch: 25, loss: 18.240873489379883, eval loss: [NA]
Epoch: 26, loss: 18.237138395309447, eval loss: [NA]
Epoch: 27, loss: 18.245430335998535, eval loss: [NA]
Epoch: 28, loss: 18.23804717063904, eval loss: [NA]
Epoch: 29, loss: 18.235077514648438, eval loss: [NA]
Iteration: 4
start update likelihood model
Epoch: 0, loss: 10.066456174850464, eval loss: [NA]
Epoch: 1, loss: 10.047134399414062, eval loss: [NA]
Epoch: 2, loss: 10.052951378822327, eval loss: [NA]
Epoch: 3, loss: 10.038230090141296, eval loss: [NA]
Epoch: 4, loss: 10.040352292060852, eval loss: [NA]
Epoch: 5, loss: 10.041430892944335, eval loss: [NA]
Epoch: 6, loss: 10.040412063598632, eval loss: [NA]
Epoch: 7, loss: 10.04644672870636, eval loss: [NA]
Epoch: 8, loss: 10.040665292739869, eval loss: [NA]
Epoch: 9, loss: 10.030707478523254, eval loss: [NA]
Epoch: 10, loss: 10.035807538032532, eval loss: [NA]
Epoch: 11, loss: 10.034992160797119, eval loss: [NA]
Epoch: 12, loss: 10.029898748397827, eval loss: [NA]
Epoch: 13, loss: 10.030862927436829, eval loss: [NA]
Epoch: 14, loss: 10.039416637420654, eval loss: [NA]
Epoch: 15, loss: 10.034854187965394, eval loss: [NA]
Epoch: 16, loss: 10.023051567077637, eval loss: [NA]
Epoch: 17, loss: 10.033509674072265, eval loss: [NA]
Epoch: 18, loss: 10.023952169418335, eval loss: [NA]
Epoch: 19, loss: 10.032109889984131, eval loss: [NA]
Epoch: 20, loss: 10.023810997009278, eval loss: [NA]
Epoch: 21, loss: 10.015783019065857, eval loss: [NA]
Epoch: 22, loss: 10.02462067604065, eval loss: [NA]
Epoch: 23, loss: 10.019240374565124, eval loss: [NA]
Epoch: 24, loss: 10.025052456855773, eval loss: [NA]
Epoch: 25, loss: 10.023717474937438, eval loss: [NA]
Epoch: 26, loss: 10.024308648109436, eval loss: [NA]
Epoch: 27, loss: 10.016528930664062, eval loss: [NA]
Epoch: 28, loss: 10.008410663604737, eval loss: [NA]
Epoch: 29, loss: 10.015910515785217, eval loss: [NA]
start update posterior model
Epoch: 0, loss: 16.466144189834594, eval loss: [NA]
Epoch: 1, loss: 16.458392972946168, eval loss: [NA]
Epoch: 2, loss: 16.451763191223144, eval loss: [NA]
Epoch: 3, loss: 16.45184143066406, eval loss: [NA]
Epoch: 4, loss: 16.452292461395263, eval loss: [NA]
Epoch: 5, loss: 16.456174993515013, eval loss: [NA]
Epoch: 6, loss: 16.455850076675414, eval loss: [NA]
Epoch: 7, loss: 16.452707681655884, eval loss: [NA]
Epoch: 8, loss: 16.451179971694945, eval loss: [NA]
Epoch: 9, loss: 16.455377712249756, eval loss: [NA]
Epoch: 10, loss: 16.450957975387574, eval loss: [NA]
Epoch: 11, loss: 16.455206165313722, eval loss: [NA]
Epoch: 12, loss: 16.45035514831543, eval loss: [NA]
Epoch: 13, loss: 16.45408064842224, eval loss: [NA]
Epoch: 14, loss: 16.45071886062622, eval loss: [NA]
Epoch: 15, loss: 16.455767660140992, eval loss: [NA]
Epoch: 16, loss: 16.4505518245697, eval loss: [NA]
Epoch: 17, loss: 16.45195014953613, eval loss: [NA]
Epoch: 18, loss: 16.45311429977417, eval loss: [NA]
Epoch: 19, loss: 16.452968997955324, eval loss: [NA]
Epoch: 20, loss: 16.4533295917511, eval loss: [NA]
Epoch: 21, loss: 16.449824495315553, eval loss: [NA]
Epoch: 22, loss: 16.454944486618043, eval loss: [NA]
Epoch: 23, loss: 16.453871994018556, eval loss: [NA]
Epoch: 24, loss: 16.448235359191894, eval loss: [NA]
Epoch: 25, loss: 16.452592267990113, eval loss: [NA]
Epoch: 26, loss: 16.452256546020507, eval loss: [NA]
Epoch: 27, loss: 16.453719272613526, eval loss: [NA]
Epoch: 28, loss: 16.459949836730956, eval loss: [NA]
Epoch: 29, loss: 16.449808797836305, eval loss: [NA]

Runtime:623.76
[2.401575051015312e+17, 0.0368, 0.0108, 0.0404]
[14525059072.0, 1.7831, 1.8316, 1.8204]
[7870724177920.0, 1.3597, 1.3858, 1.3697]
KL div untrained: 2.0411140994433043e+17
KL div trained: 0.0101
