Input args:
Dim: 2
seed: 30
seed_data: 10
/home/samwiq/spa/seq-posterior-approx-w-nf-dev/mv_gaussian/low_dim_w_five_obs/lunarc
/home/samwiq/spa/seq-posterior-approx-w-nf-dev
tensor(3.9822e+10, grad_fn=<MeanBackward0>)
tensor(1.0800e+13, grad_fn=<MeanBackward0>)
tensor([ 1.0594e+14, -1.1356e+11,  1.8894e+12,  1.4263e+03,  4.6674e+05,
         5.0441e+10,  5.2573e+07, -6.5647e+08, -5.7991e+07,  2.4594e+05],
       grad_fn=<MeanBackward1>)
tensor([3.2182e+15, 2.8496e+12, 5.9814e+13, 2.4534e+04, 5.4927e+06, 1.5934e+12,
        1.3277e+09, 2.0737e+10, 1.9649e+09, 7.7660e+06],
       grad_fn=<StdBackward1>)
tensor([ 1.6060,  4.8812,  1.6588,  4.2263, -1.6095,  1.4197,  1.9855,  4.8917,
        -1.4817,  1.0908])
start full training
Iteration: 1
start update likelihood model
Epoch: 0, loss: 20.569359021186827, eval loss: [NA]
Epoch: 1, loss: 13.934242124557494, eval loss: [NA]
Epoch: 2, loss: 11.27388466835022, eval loss: [NA]
Epoch: 3, loss: 10.608362183570861, eval loss: [NA]
Epoch: 4, loss: 10.434597425460815, eval loss: [NA]
Epoch: 5, loss: 10.365211548805236, eval loss: [NA]
Epoch: 6, loss: 10.337453289031982, eval loss: [NA]
Epoch: 7, loss: 10.296516032218934, eval loss: [NA]
Epoch: 8, loss: 10.26221127986908, eval loss: [NA]
Epoch: 9, loss: 10.249793519973755, eval loss: [NA]
Epoch: 10, loss: 10.234741554260253, eval loss: [NA]
Epoch: 11, loss: 10.233070979118347, eval loss: [NA]
Epoch: 12, loss: 10.23628619670868, eval loss: [NA]
Epoch: 13, loss: 10.239620594978332, eval loss: [NA]
Epoch: 14, loss: 10.18968843460083, eval loss: [NA]
Epoch: 15, loss: 10.205189599990845, eval loss: [NA]
Epoch: 16, loss: 10.170833220481873, eval loss: [NA]
Epoch: 17, loss: 10.195698709487916, eval loss: [NA]
Epoch: 18, loss: 10.199283938407898, eval loss: [NA]
Epoch: 19, loss: 10.201208233833313, eval loss: [NA]
Epoch: 20, loss: 10.170475673675536, eval loss: [NA]
Epoch: 21, loss: 10.185147404670715, eval loss: [NA]
Epoch: 22, loss: 10.165847325325013, eval loss: [NA]
Epoch: 23, loss: 10.158962478637696, eval loss: [NA]
Epoch: 24, loss: 10.165345482826233, eval loss: [NA]
start update posterior model from prior pred - hot start
Epoch: 0, loss: 2.0430482441186903, eval loss: [NA]
Epoch: 1, loss: 0.8585610789060593, eval loss: [NA]
Epoch: 2, loss: 0.6212926810234785, eval loss: [NA]
Epoch: 3, loss: 0.5964005332440138, eval loss: [NA]
Epoch: 4, loss: 0.5624344620108604, eval loss: [NA]
start update posterior model
Epoch: 0, loss: 16.621431741714478, eval loss: [NA]
Epoch: 1, loss: 16.564619283676148, eval loss: [NA]
Epoch: 2, loss: 16.542801418304443, eval loss: [NA]
Epoch: 3, loss: 16.53652690887451, eval loss: [NA]
Epoch: 4, loss: 16.54900426864624, eval loss: [NA]
Epoch: 5, loss: 16.545929384231567, eval loss: [NA]
Epoch: 6, loss: 16.535170469284058, eval loss: [NA]
Epoch: 7, loss: 16.544900560379027, eval loss: [NA]
Epoch: 8, loss: 16.54913981437683, eval loss: [NA]
Epoch: 9, loss: 16.535575160980226, eval loss: [NA]
Epoch: 10, loss: 16.53410834312439, eval loss: [NA]
Epoch: 11, loss: 16.529539432525635, eval loss: [NA]
Epoch: 12, loss: 16.535716772079468, eval loss: [NA]
Epoch: 13, loss: 16.53820909500122, eval loss: [NA]
Epoch: 14, loss: 16.52910511016846, eval loss: [NA]
Epoch: 15, loss: 16.53065224647522, eval loss: [NA]
Epoch: 16, loss: 16.532835807800293, eval loss: [NA]
Epoch: 17, loss: 16.534064903259278, eval loss: [NA]
Epoch: 18, loss: 16.53708921432495, eval loss: [NA]
Epoch: 19, loss: 16.535125541687012, eval loss: [NA]
Epoch: 20, loss: 16.550470104217528, eval loss: [NA]
Epoch: 21, loss: 16.53347128868103, eval loss: [NA]
Epoch: 22, loss: 16.52903956413269, eval loss: [NA]
Epoch: 23, loss: 16.526095190048217, eval loss: [NA]
Epoch: 24, loss: 16.528606824874878, eval loss: [NA]
Epoch: 25, loss: 16.529756946563722, eval loss: [NA]
Epoch: 26, loss: 16.527796058654786, eval loss: [NA]
Epoch: 27, loss: 16.53595785140991, eval loss: [NA]
Epoch: 28, loss: 16.534363946914674, eval loss: [NA]
Epoch: 29, loss: 16.53023726463318, eval loss: [NA]
Iteration: 2
start update likelihood model
Epoch: 0, loss: 10.205157389640808, eval loss: [NA]
Epoch: 1, loss: 10.172434949874878, eval loss: [NA]
Epoch: 2, loss: 10.161647853851319, eval loss: [NA]
Epoch: 3, loss: 10.157066931724549, eval loss: [NA]
Epoch: 4, loss: 10.156529335975646, eval loss: [NA]
Epoch: 5, loss: 10.151842207908631, eval loss: [NA]
Epoch: 6, loss: 10.137614617347717, eval loss: [NA]
Epoch: 7, loss: 10.1534951543808, eval loss: [NA]
Epoch: 8, loss: 10.13228585243225, eval loss: [NA]
Epoch: 9, loss: 10.13340901851654, eval loss: [NA]
Epoch: 10, loss: 10.129547505378723, eval loss: [NA]
Epoch: 11, loss: 10.130263018608094, eval loss: [NA]
Epoch: 12, loss: 10.132375683784485, eval loss: [NA]
Epoch: 13, loss: 10.131336193084717, eval loss: [NA]
Epoch: 14, loss: 10.142569899559021, eval loss: [NA]
Epoch: 15, loss: 10.123056592941284, eval loss: [NA]
Epoch: 16, loss: 10.141929998397828, eval loss: [NA]
Epoch: 17, loss: 10.115905237197875, eval loss: [NA]
Epoch: 18, loss: 10.125387172698975, eval loss: [NA]
Epoch: 19, loss: 10.111497325897217, eval loss: [NA]
Epoch: 20, loss: 10.119265723228455, eval loss: [NA]
Epoch: 21, loss: 10.120483384132385, eval loss: [NA]
Epoch: 22, loss: 10.106580376625061, eval loss: [NA]
Epoch: 23, loss: 10.117062993049622, eval loss: [NA]
Epoch: 24, loss: 10.115464644432068, eval loss: [NA]
Epoch: 25, loss: 10.114221711158752, eval loss: [NA]
Epoch: 26, loss: 10.111272077560425, eval loss: [NA]
Epoch: 27, loss: 10.106628522872924, eval loss: [NA]
Epoch: 28, loss: 10.116006984710694, eval loss: [NA]
Epoch: 29, loss: 10.117298378944398, eval loss: [NA]
start update posterior model
Epoch: 0, loss: 16.347859573364257, eval loss: [NA]
Epoch: 1, loss: 16.347068672180175, eval loss: [NA]
Epoch: 2, loss: 16.347827548980714, eval loss: [NA]
Epoch: 3, loss: 16.342730293273927, eval loss: [NA]
Epoch: 4, loss: 16.340777864456175, eval loss: [NA]
Epoch: 5, loss: 16.34312720298767, eval loss: [NA]
Epoch: 6, loss: 16.33928750038147, eval loss: [NA]
Epoch: 7, loss: 16.345264110565186, eval loss: [NA]
Epoch: 8, loss: 16.341368312835694, eval loss: [NA]
Epoch: 9, loss: 16.356464834213256, eval loss: [NA]
Epoch: 10, loss: 16.351460523605347, eval loss: [NA]
Epoch: 11, loss: 16.34408966064453, eval loss: [NA]
Epoch: 12, loss: 16.344156322479247, eval loss: [NA]
Epoch: 13, loss: 16.336462936401368, eval loss: [NA]
Epoch: 14, loss: 16.337930612564087, eval loss: [NA]
Epoch: 15, loss: 16.34425971031189, eval loss: [NA]
Epoch: 16, loss: 16.337825746536254, eval loss: [NA]
Epoch: 17, loss: 16.344697942733763, eval loss: [NA]
Epoch: 18, loss: 16.343363332748414, eval loss: [NA]
Epoch: 19, loss: 16.341697607040405, eval loss: [NA]
Epoch: 20, loss: 16.338629484176636, eval loss: [NA]
Epoch: 21, loss: 16.346894836425783, eval loss: [NA]
Epoch: 22, loss: 16.340714302062988, eval loss: [NA]
Epoch: 23, loss: 16.3391219329834, eval loss: [NA]
Epoch: 24, loss: 16.33532871246338, eval loss: [NA]
Epoch: 25, loss: 16.33913603782654, eval loss: [NA]
Epoch: 26, loss: 16.33960959434509, eval loss: [NA]
Epoch: 27, loss: 16.343250274658203, eval loss: [NA]
Epoch: 28, loss: 16.339222049713136, eval loss: [NA]
Epoch: 29, loss: 16.33933183670044, eval loss: [NA]
Iteration: 3
start update likelihood model
Epoch: 0, loss: 10.10874620437622, eval loss: [NA]
Epoch: 1, loss: 10.097183756828308, eval loss: [NA]
Epoch: 2, loss: 10.097521638870239, eval loss: [NA]
Epoch: 3, loss: 10.09940282344818, eval loss: [NA]
Epoch: 4, loss: 10.088331475257874, eval loss: [NA]
Epoch: 5, loss: 10.081719231605529, eval loss: [NA]
Epoch: 6, loss: 10.08625, eval loss: [NA]
Epoch: 7, loss: 10.082352051734924, eval loss: [NA]
Epoch: 8, loss: 10.08238847732544, eval loss: [NA]
Epoch: 9, loss: 10.079481196403503, eval loss: [NA]
Epoch: 10, loss: 10.072366585731507, eval loss: [NA]
Epoch: 11, loss: 10.076316270828247, eval loss: [NA]
Epoch: 12, loss: 10.077474570274353, eval loss: [NA]
Epoch: 13, loss: 10.072992815971375, eval loss: [NA]
Epoch: 14, loss: 10.071984596252442, eval loss: [NA]
Epoch: 15, loss: 10.071522326469422, eval loss: [NA]
Epoch: 16, loss: 10.059047379493713, eval loss: [NA]
Epoch: 17, loss: 10.059864268302917, eval loss: [NA]
Epoch: 18, loss: 10.061582698822022, eval loss: [NA]
Epoch: 19, loss: 10.06047031879425, eval loss: [NA]
Epoch: 20, loss: 10.068880252838134, eval loss: [NA]
Epoch: 21, loss: 10.063027420043944, eval loss: [NA]
Epoch: 22, loss: 10.056155438423156, eval loss: [NA]
Epoch: 23, loss: 10.07089837551117, eval loss: [NA]
Epoch: 24, loss: 10.06536865234375, eval loss: [NA]
Epoch: 25, loss: 10.050621123313904, eval loss: [NA]
Epoch: 26, loss: 10.047473139762879, eval loss: [NA]
Epoch: 27, loss: 10.04707914352417, eval loss: [NA]
Epoch: 28, loss: 10.046975469589233, eval loss: [NA]
Epoch: 29, loss: 10.049272165298461, eval loss: [NA]
start update posterior model
Epoch: 0, loss: 16.020238394737245, eval loss: [NA]
Epoch: 1, loss: 16.006672077178955, eval loss: [NA]
Epoch: 2, loss: 16.00679389476776, eval loss: [NA]
Epoch: 3, loss: 16.00216175079346, eval loss: [NA]
Epoch: 4, loss: 16.00464913368225, eval loss: [NA]
Epoch: 5, loss: 16.006526379585267, eval loss: [NA]
Epoch: 6, loss: 16.01171889781952, eval loss: [NA]
Epoch: 7, loss: 16.002615804672242, eval loss: [NA]
Epoch: 8, loss: 16.008519968986512, eval loss: [NA]
Epoch: 9, loss: 16.006446595191957, eval loss: [NA]
Epoch: 10, loss: 16.00366660118103, eval loss: [NA]
Epoch: 11, loss: 16.007497820854187, eval loss: [NA]
Epoch: 12, loss: 16.00408924102783, eval loss: [NA]
Epoch: 13, loss: 16.002123618125914, eval loss: [NA]
Epoch: 14, loss: 16.00306380748749, eval loss: [NA]
Epoch: 15, loss: 16.00880690574646, eval loss: [NA]
Epoch: 16, loss: 16.005726909637453, eval loss: [NA]
Epoch: 17, loss: 16.00705364704132, eval loss: [NA]
Epoch: 18, loss: 16.009285926818848, eval loss: [NA]
Epoch: 19, loss: 16.00530156612396, eval loss: [NA]
Epoch: 20, loss: 16.00311910152435, eval loss: [NA]
Epoch: 21, loss: 16.005757327079774, eval loss: [NA]
Epoch: 22, loss: 16.000747709274293, eval loss: [NA]
Epoch: 23, loss: 16.00658734321594, eval loss: [NA]
Epoch: 24, loss: 16.000234532356263, eval loss: [NA]
Epoch: 25, loss: 16.008190875053405, eval loss: [NA]
Epoch: 26, loss: 16.001658225059508, eval loss: [NA]
Epoch: 27, loss: 16.00213346004486, eval loss: [NA]
Epoch: 28, loss: 16.001071820259096, eval loss: [NA]
Epoch: 29, loss: 16.00110737323761, eval loss: [NA]
Iteration: 4
start update likelihood model
Epoch: 0, loss: 10.11869987487793, eval loss: [NA]
Epoch: 1, loss: 10.106577014923095, eval loss: [NA]
Epoch: 2, loss: 10.099767842292785, eval loss: [NA]
Epoch: 3, loss: 10.099786014556885, eval loss: [NA]
Epoch: 4, loss: 10.098950939178467, eval loss: [NA]
Epoch: 5, loss: 10.098007297515869, eval loss: [NA]
Epoch: 6, loss: 10.097944068908692, eval loss: [NA]
Epoch: 7, loss: 10.093857383728027, eval loss: [NA]
Epoch: 8, loss: 10.09065273284912, eval loss: [NA]
Epoch: 9, loss: 10.088318576812744, eval loss: [NA]
Epoch: 10, loss: 10.088355584144592, eval loss: [NA]
Epoch: 11, loss: 10.085089421272277, eval loss: [NA]
Epoch: 12, loss: 10.078518114089967, eval loss: [NA]
Epoch: 13, loss: 10.092083778381348, eval loss: [NA]
Epoch: 14, loss: 10.078876895904541, eval loss: [NA]
Epoch: 15, loss: 10.083588762283325, eval loss: [NA]
Epoch: 16, loss: 10.078720993995667, eval loss: [NA]
Epoch: 17, loss: 10.085440535545349, eval loss: [NA]
Epoch: 18, loss: 10.07400957584381, eval loss: [NA]
Epoch: 19, loss: 10.077936840057372, eval loss: [NA]
Epoch: 20, loss: 10.080371794700623, eval loss: [NA]
Epoch: 21, loss: 10.076230373382568, eval loss: [NA]
Epoch: 22, loss: 10.074304599761962, eval loss: [NA]
Epoch: 23, loss: 10.074364404678345, eval loss: [NA]
Epoch: 24, loss: 10.06946246623993, eval loss: [NA]
Epoch: 25, loss: 10.07163179397583, eval loss: [NA]
Epoch: 26, loss: 10.067600450515748, eval loss: [NA]
Epoch: 27, loss: 10.072603607177735, eval loss: [NA]
Epoch: 28, loss: 10.075910606384276, eval loss: [NA]
Epoch: 29, loss: 10.06274721622467, eval loss: [NA]
start update posterior model
Epoch: 0, loss: 16.59336075782776, eval loss: [NA]
Epoch: 1, loss: 16.58826289176941, eval loss: [NA]
Epoch: 2, loss: 16.589251956939698, eval loss: [NA]
Epoch: 3, loss: 16.58447244644165, eval loss: [NA]
Epoch: 4, loss: 16.584564294815063, eval loss: [NA]
Epoch: 5, loss: 16.589720840454103, eval loss: [NA]
Epoch: 6, loss: 16.58595253944397, eval loss: [NA]
Epoch: 7, loss: 16.585319337844847, eval loss: [NA]
Epoch: 8, loss: 16.589092111587526, eval loss: [NA]
Epoch: 9, loss: 16.58321187019348, eval loss: [NA]
Epoch: 10, loss: 16.591972579956053, eval loss: [NA]
Epoch: 11, loss: 16.584156856536865, eval loss: [NA]
Epoch: 12, loss: 16.586604051589966, eval loss: [NA]
Epoch: 13, loss: 16.580108432769777, eval loss: [NA]
Epoch: 14, loss: 16.58442979812622, eval loss: [NA]
Epoch: 15, loss: 16.582448501586914, eval loss: [NA]
Epoch: 16, loss: 16.582455892562866, eval loss: [NA]
Epoch: 17, loss: 16.584183826446534, eval loss: [NA]
Epoch: 18, loss: 16.584099454879762, eval loss: [NA]
Epoch: 19, loss: 16.586538877487182, eval loss: [NA]
Epoch: 20, loss: 16.58291929244995, eval loss: [NA]
Epoch: 21, loss: 16.585646362304686, eval loss: [NA]
Epoch: 22, loss: 16.58374005317688, eval loss: [NA]
Epoch: 23, loss: 16.584188222885132, eval loss: [NA]
Epoch: 24, loss: 16.582349328994752, eval loss: [NA]
Epoch: 25, loss: 16.58197732925415, eval loss: [NA]
Epoch: 26, loss: 16.580633058547974, eval loss: [NA]
Epoch: 27, loss: 16.580589408874513, eval loss: [NA]
Epoch: 28, loss: 16.58560676574707, eval loss: [NA]
Epoch: 29, loss: 16.585009536743165, eval loss: [NA]

Runtime:590.59
[5502226.0978, 0.0252, 0.0108, 0.0036]
[10800486940672.0, 1.7316, 1.7532, 1.7262]
[39821656064.0, 1.3914, 1.4045, 1.3942]
KL div untrained: 293317688.7181
KL div trained: 0.0166
