Input args:
Dim: 2
seed: 35
seed_data: 10
/home/samwiq/snpla/seq-posterior-approx-w-nf-dev/mv_gaussian/low_dim_w_five_obs/lunarc
/home/samwiq/snpla/seq-posterior-approx-w-nf-dev
tensor(1.3637e+13, grad_fn=<MeanBackward0>)
tensor(1.3205e+09, grad_fn=<MeanBackward0>)
tensor([ 1.2867e+10, -2.6961e+08,  4.8185e+07,  1.0901e+03,  1.1714e+05,
         1.5258e+06,  4.0980e+04, -1.9912e+04,  1.3635e+03, -1.0069e+01],
       grad_fn=<MeanBackward1>)
tensor([1.5786e+11, 3.7026e+09, 1.5564e+09, 3.0491e+04, 2.0774e+06, 4.1313e+07,
        8.6996e+05, 5.3776e+05, 8.5203e+04, 8.0312e+02],
       grad_fn=<StdBackward1>)
tensor([3.3021, 2.9175, 2.7717, 2.2390, 2.0559, 1.2941, 4.3584, 3.5024, 3.3699,
        2.9921])
start full training
Iteration: 1
start update likelihood model
Epoch: 0, loss: 20.497927985191346, eval loss: [NA]
Epoch: 1, loss: 14.24024302482605, eval loss: [NA]
Epoch: 2, loss: 11.589766211509705, eval loss: [NA]
Epoch: 3, loss: 10.684681806564331, eval loss: [NA]
Epoch: 4, loss: 10.540770626068115, eval loss: [NA]
Epoch: 5, loss: 10.372349028587342, eval loss: [NA]
Epoch: 6, loss: 10.348219103813172, eval loss: [NA]
Epoch: 7, loss: 10.31074405193329, eval loss: [NA]
Epoch: 8, loss: 10.292418718338013, eval loss: [NA]
Epoch: 9, loss: 10.253477816581727, eval loss: [NA]
Epoch: 10, loss: 10.263061776161194, eval loss: [NA]
Epoch: 11, loss: 10.261895403861999, eval loss: [NA]
Epoch: 12, loss: 10.235961723327637, eval loss: [NA]
Epoch: 13, loss: 10.22099802494049, eval loss: [NA]
Epoch: 14, loss: 10.210298075675965, eval loss: [NA]
Epoch: 15, loss: 10.201255588531494, eval loss: [NA]
Epoch: 16, loss: 10.215018849372864, eval loss: [NA]
Epoch: 17, loss: 10.19853464126587, eval loss: [NA]
Epoch: 18, loss: 10.192470917701721, eval loss: [NA]
Epoch: 19, loss: 10.196837034225464, eval loss: [NA]
Epoch: 20, loss: 10.198731293678284, eval loss: [NA]
Epoch: 21, loss: 10.180611085891723, eval loss: [NA]
Epoch: 22, loss: 10.187614650726319, eval loss: [NA]
Epoch: 23, loss: 10.174309229850769, eval loss: [NA]
Epoch: 24, loss: 10.176861138343812, eval loss: [NA]
start update posterior model from prior pred - hot start
Epoch: 0, loss: 1.9446756413578987, eval loss: [NA]
Epoch: 1, loss: 0.8123599673807621, eval loss: [NA]
Epoch: 2, loss: 0.6238570980727672, eval loss: [NA]
Epoch: 3, loss: 0.5929593525826931, eval loss: [NA]
Epoch: 4, loss: 0.5479929667711257, eval loss: [NA]
start update posterior model
Epoch: 0, loss: 12.511561727523803, eval loss: [NA]
Epoch: 1, loss: 12.43027596473694, eval loss: [NA]
Epoch: 2, loss: 12.43010383605957, eval loss: [NA]
Epoch: 3, loss: 12.418393688201904, eval loss: [NA]
Epoch: 4, loss: 12.43620090007782, eval loss: [NA]
Epoch: 5, loss: 12.410119948387146, eval loss: [NA]
Epoch: 6, loss: 12.424638423919678, eval loss: [NA]
Epoch: 7, loss: 12.42180630683899, eval loss: [NA]
Epoch: 8, loss: 12.405682678222655, eval loss: [NA]
Epoch: 9, loss: 12.456951742172242, eval loss: [NA]
Epoch: 10, loss: 12.399794936180115, eval loss: [NA]
Epoch: 11, loss: 12.405943741798401, eval loss: [NA]
Epoch: 12, loss: 12.403766112327576, eval loss: [NA]
Epoch: 13, loss: 12.407415652275086, eval loss: [NA]
Epoch: 14, loss: 12.401840963363647, eval loss: [NA]
Epoch: 15, loss: 12.407886333465576, eval loss: [NA]
Epoch: 16, loss: 12.431140260696411, eval loss: [NA]
Epoch: 17, loss: 12.405664434432984, eval loss: [NA]
Epoch: 18, loss: 12.397852602005004, eval loss: [NA]
Epoch: 19, loss: 12.407581343650818, eval loss: [NA]
Epoch: 20, loss: 12.398191123008727, eval loss: [NA]
Epoch: 21, loss: 12.412860178947449, eval loss: [NA]
Epoch: 22, loss: 12.401301317214966, eval loss: [NA]
Epoch: 23, loss: 12.398673915863037, eval loss: [NA]
Epoch: 24, loss: 12.398917903900147, eval loss: [NA]
Epoch: 25, loss: 12.424764628410339, eval loss: [NA]
Epoch: 26, loss: 12.40006601333618, eval loss: [NA]
Epoch: 27, loss: 12.40568992137909, eval loss: [NA]
Epoch: 28, loss: 12.400092415809631, eval loss: [NA]
Epoch: 29, loss: 12.404809021949768, eval loss: [NA]
Iteration: 2
start update likelihood model
Epoch: 0, loss: 10.196516809463501, eval loss: [NA]
Epoch: 1, loss: 10.188701868057251, eval loss: [NA]
Epoch: 2, loss: 10.141511998176576, eval loss: [NA]
Epoch: 3, loss: 10.12389103412628, eval loss: [NA]
Epoch: 4, loss: 10.123354291915893, eval loss: [NA]
Epoch: 5, loss: 10.121912684440613, eval loss: [NA]
Epoch: 6, loss: 10.134324827194213, eval loss: [NA]
Epoch: 7, loss: 10.10749960422516, eval loss: [NA]
Epoch: 8, loss: 10.111301679611206, eval loss: [NA]
Epoch: 9, loss: 10.106646642684936, eval loss: [NA]
Epoch: 10, loss: 10.107665038108825, eval loss: [NA]
Epoch: 11, loss: 10.115719609260559, eval loss: [NA]
Epoch: 12, loss: 10.109807682037353, eval loss: [NA]
Epoch: 13, loss: 10.113185739517212, eval loss: [NA]
Epoch: 14, loss: 10.100846452713013, eval loss: [NA]
Epoch: 15, loss: 10.107159957885742, eval loss: [NA]
Epoch: 16, loss: 10.097900848388672, eval loss: [NA]
Epoch: 17, loss: 10.118169293403625, eval loss: [NA]
Epoch: 18, loss: 10.100342988967896, eval loss: [NA]
Epoch: 19, loss: 10.099052457809448, eval loss: [NA]
Epoch: 20, loss: 10.098349227905274, eval loss: [NA]
Epoch: 21, loss: 10.093710870742798, eval loss: [NA]
Epoch: 22, loss: 10.101023564338684, eval loss: [NA]
Epoch: 23, loss: 10.08581783771515, eval loss: [NA]
Epoch: 24, loss: 10.098742780685425, eval loss: [NA]
Epoch: 25, loss: 10.08587589263916, eval loss: [NA]
Epoch: 26, loss: 10.083073515892028, eval loss: [NA]
Epoch: 27, loss: 10.0693798828125, eval loss: [NA]
Epoch: 28, loss: 10.100173554420472, eval loss: [NA]
Epoch: 29, loss: 10.07703058719635, eval loss: [NA]
start update posterior model
Epoch: 0, loss: 12.16864336013794, eval loss: [NA]
Epoch: 1, loss: 12.15878839969635, eval loss: [NA]
Epoch: 2, loss: 12.168269996643067, eval loss: [NA]
Epoch: 3, loss: 12.15982771396637, eval loss: [NA]
Epoch: 4, loss: 12.163278498649596, eval loss: [NA]
Epoch: 5, loss: 12.186180453300477, eval loss: [NA]
Epoch: 6, loss: 12.173101377487182, eval loss: [NA]
Epoch: 7, loss: 12.172701678276063, eval loss: [NA]
Epoch: 8, loss: 12.155890226364136, eval loss: [NA]
Epoch: 9, loss: 12.161140928268432, eval loss: [NA]
Epoch: 10, loss: 12.156784420013429, eval loss: [NA]
Epoch: 11, loss: 12.16707862854004, eval loss: [NA]
Epoch: 12, loss: 12.161490783691406, eval loss: [NA]
Epoch: 13, loss: 12.15767324447632, eval loss: [NA]
Epoch: 14, loss: 12.159085755348206, eval loss: [NA]
Epoch: 15, loss: 12.156738185882569, eval loss: [NA]
Epoch: 16, loss: 12.159606533050537, eval loss: [NA]
Epoch: 17, loss: 12.174646301269531, eval loss: [NA]
Epoch: 18, loss: 12.151183471679687, eval loss: [NA]
Epoch: 19, loss: 12.157282404899597, eval loss: [NA]
Epoch: 20, loss: 12.154590530395508, eval loss: [NA]
Epoch: 21, loss: 12.16050244808197, eval loss: [NA]
Epoch: 22, loss: 12.158644604682923, eval loss: [NA]
Epoch: 23, loss: 12.158744912147522, eval loss: [NA]
Epoch: 24, loss: 12.165428676605224, eval loss: [NA]
Epoch: 25, loss: 12.164492626190185, eval loss: [NA]
Epoch: 26, loss: 12.157098827362061, eval loss: [NA]
Epoch: 27, loss: 12.162977828979493, eval loss: [NA]
Epoch: 28, loss: 12.166631059646607, eval loss: [NA]
Epoch: 29, loss: 12.15520363330841, eval loss: [NA]
Iteration: 3
start update likelihood model
Epoch: 0, loss: 10.146343560218812, eval loss: [NA]
Epoch: 1, loss: 10.144142112731934, eval loss: [NA]
Epoch: 2, loss: 10.116966938972473, eval loss: [NA]
Epoch: 3, loss: 10.120468258857727, eval loss: [NA]
Epoch: 4, loss: 10.103619990348816, eval loss: [NA]
Epoch: 5, loss: 10.108780250549316, eval loss: [NA]
Epoch: 6, loss: 10.095930743217469, eval loss: [NA]
Epoch: 7, loss: 10.108425660133362, eval loss: [NA]
Epoch: 8, loss: 10.093753142356872, eval loss: [NA]
Epoch: 9, loss: 10.107479462623596, eval loss: [NA]
Epoch: 10, loss: 10.09357057094574, eval loss: [NA]
Epoch: 11, loss: 10.086971135139466, eval loss: [NA]
Epoch: 12, loss: 10.100355052947998, eval loss: [NA]
Epoch: 13, loss: 10.098809652328491, eval loss: [NA]
Epoch: 14, loss: 10.085141229629517, eval loss: [NA]
Epoch: 15, loss: 10.095734663009644, eval loss: [NA]
Epoch: 16, loss: 10.092628107070922, eval loss: [NA]
Epoch: 17, loss: 10.097635955810548, eval loss: [NA]
Epoch: 18, loss: 10.08800651550293, eval loss: [NA]
Epoch: 19, loss: 10.09692129611969, eval loss: [NA]
Epoch: 20, loss: 10.079612002372741, eval loss: [NA]
Epoch: 21, loss: 10.08865873336792, eval loss: [NA]
Epoch: 22, loss: 10.087356777191163, eval loss: [NA]
Epoch: 23, loss: 10.083503398895264, eval loss: [NA]
Epoch: 24, loss: 10.066340351104737, eval loss: [NA]
Epoch: 25, loss: 10.068451409339906, eval loss: [NA]
Epoch: 26, loss: 10.079720125198364, eval loss: [NA]
Epoch: 27, loss: 10.057922401428222, eval loss: [NA]
Epoch: 28, loss: 10.070775351524354, eval loss: [NA]
Epoch: 29, loss: 10.064287667274476, eval loss: [NA]
start update posterior model
Epoch: 0, loss: 12.199244341850282, eval loss: [NA]
Epoch: 1, loss: 12.202695264816285, eval loss: [NA]
Epoch: 2, loss: 12.192249250411987, eval loss: [NA]
Epoch: 3, loss: 12.198746190071105, eval loss: [NA]
Epoch: 4, loss: 12.199876341819763, eval loss: [NA]
Epoch: 5, loss: 12.199913816452026, eval loss: [NA]
Epoch: 6, loss: 12.191304645538331, eval loss: [NA]
Epoch: 7, loss: 12.1929812002182, eval loss: [NA]
Epoch: 8, loss: 12.191061658859253, eval loss: [NA]
Epoch: 9, loss: 12.193603854179383, eval loss: [NA]
Epoch: 10, loss: 12.192221012115478, eval loss: [NA]
Epoch: 11, loss: 12.191761989593505, eval loss: [NA]
Epoch: 12, loss: 12.193349781036376, eval loss: [NA]
Epoch: 13, loss: 12.192612404823302, eval loss: [NA]
Epoch: 14, loss: 12.186398005485534, eval loss: [NA]
Epoch: 15, loss: 12.199251670837402, eval loss: [NA]
Epoch: 16, loss: 12.198060479164123, eval loss: [NA]
Epoch: 17, loss: 12.196661992073059, eval loss: [NA]
Epoch: 18, loss: 12.19123414516449, eval loss: [NA]
Epoch: 19, loss: 12.188933143615722, eval loss: [NA]
Epoch: 20, loss: 12.19012680530548, eval loss: [NA]
Epoch: 21, loss: 12.188413043022155, eval loss: [NA]
Epoch: 22, loss: 12.191418728828431, eval loss: [NA]
Epoch: 23, loss: 12.192022581100463, eval loss: [NA]
Epoch: 24, loss: 12.19517174243927, eval loss: [NA]
Epoch: 25, loss: 12.196197457313538, eval loss: [NA]
Epoch: 26, loss: 12.18928358078003, eval loss: [NA]
Epoch: 27, loss: 12.19073380947113, eval loss: [NA]
Epoch: 28, loss: 12.192636022567749, eval loss: [NA]
Epoch: 29, loss: 12.194796714782715, eval loss: [NA]
Iteration: 4
start update likelihood model
Epoch: 0, loss: 10.109517126083373, eval loss: [NA]
Epoch: 1, loss: 10.097992897033691, eval loss: [NA]
Epoch: 2, loss: 10.09229368686676, eval loss: [NA]
Epoch: 3, loss: 10.094521136283875, eval loss: [NA]
Epoch: 4, loss: 10.074184045791625, eval loss: [NA]
Epoch: 5, loss: 10.091885695457458, eval loss: [NA]
Epoch: 6, loss: 10.080421624183655, eval loss: [NA]
Epoch: 7, loss: 10.069363451004028, eval loss: [NA]
Epoch: 8, loss: 10.071502900123596, eval loss: [NA]
Epoch: 9, loss: 10.071199569702149, eval loss: [NA]
Epoch: 10, loss: 10.078763518333435, eval loss: [NA]
Epoch: 11, loss: 10.07458417892456, eval loss: [NA]
Epoch: 12, loss: 10.079890131950378, eval loss: [NA]
Epoch: 13, loss: 10.062659912109375, eval loss: [NA]
Epoch: 14, loss: 10.06537708759308, eval loss: [NA]
Epoch: 15, loss: 10.065009117126465, eval loss: [NA]
Epoch: 16, loss: 10.06315848827362, eval loss: [NA]
Epoch: 17, loss: 10.061971778869628, eval loss: [NA]
Epoch: 18, loss: 10.05209638118744, eval loss: [NA]
Epoch: 19, loss: 10.058404364585876, eval loss: [NA]
Epoch: 20, loss: 10.068551363945007, eval loss: [NA]
Epoch: 21, loss: 10.051621327400207, eval loss: [NA]
Epoch: 22, loss: 10.061209087371827, eval loss: [NA]
Epoch: 23, loss: 10.055246634483337, eval loss: [NA]
Epoch: 24, loss: 10.048346667289733, eval loss: [NA]
Epoch: 25, loss: 10.054455800056457, eval loss: [NA]
Epoch: 26, loss: 10.066157040596009, eval loss: [NA]
Epoch: 27, loss: 10.06070969581604, eval loss: [NA]
Epoch: 28, loss: 10.043017020225525, eval loss: [NA]
Epoch: 29, loss: 10.045188837051391, eval loss: [NA]
start update posterior model
Epoch: 0, loss: 12.815529384613036, eval loss: [NA]
Epoch: 1, loss: 12.815638065338135, eval loss: [NA]
Epoch: 2, loss: 12.819235587120057, eval loss: [NA]
Epoch: 3, loss: 12.819766902923584, eval loss: [NA]
Epoch: 4, loss: 12.810694675445557, eval loss: [NA]
Epoch: 5, loss: 12.820370154380798, eval loss: [NA]
Epoch: 6, loss: 12.819557595252991, eval loss: [NA]
Epoch: 7, loss: 12.818707876205444, eval loss: [NA]
Epoch: 8, loss: 12.818411431312562, eval loss: [NA]
Epoch: 9, loss: 12.814472212791443, eval loss: [NA]
Epoch: 10, loss: 12.810450749397278, eval loss: [NA]
Epoch: 11, loss: 12.808573484420776, eval loss: [NA]
Epoch: 12, loss: 12.809708342552184, eval loss: [NA]
Epoch: 13, loss: 12.810013656616212, eval loss: [NA]
Epoch: 14, loss: 12.809747381210327, eval loss: [NA]
Epoch: 15, loss: 12.811667804718018, eval loss: [NA]
Epoch: 16, loss: 12.817138686180115, eval loss: [NA]
Epoch: 17, loss: 12.817000708580018, eval loss: [NA]
Epoch: 18, loss: 12.819300556182862, eval loss: [NA]
Epoch: 19, loss: 12.814541268348695, eval loss: [NA]
Epoch: 20, loss: 12.812261819839478, eval loss: [NA]
Epoch: 21, loss: 12.814184556007385, eval loss: [NA]
Epoch: 22, loss: 12.811404347419739, eval loss: [NA]
Epoch: 23, loss: 12.814516029357911, eval loss: [NA]
Epoch: 24, loss: 12.816015839576721, eval loss: [NA]
Epoch: 25, loss: 12.81186475276947, eval loss: [NA]
Epoch: 26, loss: 12.809336857795715, eval loss: [NA]
Epoch: 27, loss: 12.80698290348053, eval loss: [NA]
Epoch: 28, loss: 12.811690926551819, eval loss: [NA]
Epoch: 29, loss: 12.811078910827638, eval loss: [NA]

Runtime:591.79
[450240727697561.6, 0.028, 0.006, 0.0086]
[1320473472.0, 1.4195, 1.4721, 1.4641]
[13636716199936.0, 1.3859, 1.3788, 1.4026]
KL div untrained: 378513652613551.9
KL div trained: 0.0238
