Input args:
Dim: 2
seed: 29
seed_data: 10
/home/samwiq/snpla/seq-posterior-approx-w-nf-dev/mv_gaussian/low_dim_w_five_obs/lunarc
/home/samwiq/snpla/seq-posterior-approx-w-nf-dev
tensor(3.2403e+13, grad_fn=<MeanBackward0>)
tensor(3.0289e+10, grad_fn=<MeanBackward0>)
tensor([ 2.9447e+11, -8.1134e+09, -2.7706e+08,  1.4028e+03,  6.3186e+05,
         2.3798e+05,  3.3234e+06, -3.4737e+03,  2.6014e+05, -3.3902e+02],
       grad_fn=<MeanBackward1>)
tensor([7.1153e+12, 1.9644e+11, 6.9897e+09, 4.2065e+04, 1.3093e+07, 4.7467e+06,
        9.1049e+07, 6.1130e+04, 7.1359e+06, 7.2588e+03],
       grad_fn=<StdBackward1>)
tensor([ 3.9166,  1.0194,  3.1240,  0.2892,  3.3714,  0.9591,  3.4490,  0.9705,
         2.3676, -0.1059])
start full training
Iteration: 1
start update likelihood model
Epoch: 0, loss: 20.838387908935548, eval loss: [NA]
Epoch: 1, loss: 14.824789490699768, eval loss: [NA]
Epoch: 2, loss: 12.336285729408264, eval loss: [NA]
Epoch: 3, loss: 11.102035160064696, eval loss: [NA]
Epoch: 4, loss: 10.638673791885376, eval loss: [NA]
Epoch: 5, loss: 10.490155296325684, eval loss: [NA]
Epoch: 6, loss: 10.430662779808044, eval loss: [NA]
Epoch: 7, loss: 10.418041253089905, eval loss: [NA]
Epoch: 8, loss: 10.345400681495667, eval loss: [NA]
Epoch: 9, loss: 10.317179980278015, eval loss: [NA]
Epoch: 10, loss: 10.273796458244323, eval loss: [NA]
Epoch: 11, loss: 10.305740256309509, eval loss: [NA]
Epoch: 12, loss: 10.316963739395142, eval loss: [NA]
Epoch: 13, loss: 10.282146725654602, eval loss: [NA]
Epoch: 14, loss: 10.248288459777832, eval loss: [NA]
Epoch: 15, loss: 10.261993298530578, eval loss: [NA]
Epoch: 16, loss: 10.233891263008118, eval loss: [NA]
Epoch: 17, loss: 10.232769856452942, eval loss: [NA]
Epoch: 18, loss: 10.212253007888794, eval loss: [NA]
Epoch: 19, loss: 10.2211696434021, eval loss: [NA]
Epoch: 20, loss: 10.196933598518372, eval loss: [NA]
Epoch: 21, loss: 10.225896515846252, eval loss: [NA]
Epoch: 22, loss: 10.215181288719178, eval loss: [NA]
Epoch: 23, loss: 10.223327078819274, eval loss: [NA]
Epoch: 24, loss: 10.19235535144806, eval loss: [NA]
start update posterior model from prior pred - hot start
Epoch: 0, loss: 1.9732801190018654, eval loss: [NA]
Epoch: 1, loss: 0.8625610774755478, eval loss: [NA]
Epoch: 2, loss: 0.6135875336825848, eval loss: [NA]
Epoch: 3, loss: 0.6172433054447174, eval loss: [NA]
Epoch: 4, loss: 0.5358889803290368, eval loss: [NA]
start update posterior model
Epoch: 0, loss: 11.291454257965087, eval loss: [NA]
Epoch: 1, loss: 11.261542024612426, eval loss: [NA]
Epoch: 2, loss: 11.273755440711975, eval loss: [NA]
Epoch: 3, loss: 11.238809518814087, eval loss: [NA]
Epoch: 4, loss: 11.247083358764648, eval loss: [NA]
Epoch: 5, loss: 11.238859024047851, eval loss: [NA]
Epoch: 6, loss: 11.23827868461609, eval loss: [NA]
Epoch: 7, loss: 11.24176706314087, eval loss: [NA]
Epoch: 8, loss: 11.278672823905945, eval loss: [NA]
Epoch: 9, loss: 11.241143589019776, eval loss: [NA]
Epoch: 10, loss: 11.25142273902893, eval loss: [NA]
Epoch: 11, loss: 11.246450686454773, eval loss: [NA]
Epoch: 12, loss: 11.236006217002869, eval loss: [NA]
Epoch: 13, loss: 11.24174992084503, eval loss: [NA]
Epoch: 14, loss: 11.234294419288636, eval loss: [NA]
Epoch: 15, loss: 11.242659230232238, eval loss: [NA]
Epoch: 16, loss: 11.25208484172821, eval loss: [NA]
Epoch: 17, loss: 11.235101971626282, eval loss: [NA]
Epoch: 18, loss: 11.231264123916626, eval loss: [NA]
Epoch: 19, loss: 11.247812633514405, eval loss: [NA]
Epoch: 20, loss: 11.239227604866027, eval loss: [NA]
Epoch: 21, loss: 11.23583453655243, eval loss: [NA]
Epoch: 22, loss: 11.226345963478089, eval loss: [NA]
Epoch: 23, loss: 11.246928114891052, eval loss: [NA]
Epoch: 24, loss: 11.234864525794983, eval loss: [NA]
Epoch: 25, loss: 11.223334145545959, eval loss: [NA]
Epoch: 26, loss: 11.231329493522644, eval loss: [NA]
Epoch: 27, loss: 11.231690139770508, eval loss: [NA]
Epoch: 28, loss: 11.22479157924652, eval loss: [NA]
Epoch: 29, loss: 11.235489230155945, eval loss: [NA]
Iteration: 2
start update likelihood model
Epoch: 0, loss: 10.164682502746581, eval loss: [NA]
Epoch: 1, loss: 10.179351902008056, eval loss: [NA]
Epoch: 2, loss: 10.142074952125549, eval loss: [NA]
Epoch: 3, loss: 10.134285826683044, eval loss: [NA]
Epoch: 4, loss: 10.110591797828674, eval loss: [NA]
Epoch: 5, loss: 10.11543752193451, eval loss: [NA]
Epoch: 6, loss: 10.113585224151612, eval loss: [NA]
Epoch: 7, loss: 10.113769288063049, eval loss: [NA]
Epoch: 8, loss: 10.125423469543456, eval loss: [NA]
Epoch: 9, loss: 10.120003600120544, eval loss: [NA]
Epoch: 10, loss: 10.092286400794983, eval loss: [NA]
Epoch: 11, loss: 10.106070194244385, eval loss: [NA]
Epoch: 12, loss: 10.110857791900635, eval loss: [NA]
Epoch: 13, loss: 10.126478085517883, eval loss: [NA]
Epoch: 14, loss: 10.082769279479981, eval loss: [NA]
Epoch: 15, loss: 10.084937405586242, eval loss: [NA]
Epoch: 16, loss: 10.091255745887757, eval loss: [NA]
Epoch: 17, loss: 10.089680452346801, eval loss: [NA]
Epoch: 18, loss: 10.08730318069458, eval loss: [NA]
Epoch: 19, loss: 10.11325963497162, eval loss: [NA]
Epoch: 20, loss: 10.090862746238708, eval loss: [NA]
Epoch: 21, loss: 10.08462354183197, eval loss: [NA]
Epoch: 22, loss: 10.08463125705719, eval loss: [NA]
Epoch: 23, loss: 10.08551215171814, eval loss: [NA]
Epoch: 24, loss: 10.089435105323792, eval loss: [NA]
Epoch: 25, loss: 10.077420816421508, eval loss: [NA]
Epoch: 26, loss: 10.085238428115845, eval loss: [NA]
Epoch: 27, loss: 10.090871353149414, eval loss: [NA]
Epoch: 28, loss: 10.06941921710968, eval loss: [NA]
Epoch: 29, loss: 10.082440333366394, eval loss: [NA]
start update posterior model
Epoch: 0, loss: 11.34657274723053, eval loss: [NA]
Epoch: 1, loss: 11.3335910987854, eval loss: [NA]
Epoch: 2, loss: 11.333845052719116, eval loss: [NA]
Epoch: 3, loss: 11.335976419448853, eval loss: [NA]
Epoch: 4, loss: 11.32892689228058, eval loss: [NA]
Epoch: 5, loss: 11.326582169532776, eval loss: [NA]
Epoch: 6, loss: 11.328160953521728, eval loss: [NA]
Epoch: 7, loss: 11.328301706314086, eval loss: [NA]
Epoch: 8, loss: 11.330498218536377, eval loss: [NA]
Epoch: 9, loss: 11.33037096977234, eval loss: [NA]
Epoch: 10, loss: 11.336689386367798, eval loss: [NA]
Epoch: 11, loss: 11.328460626602173, eval loss: [NA]
Epoch: 12, loss: 11.327591848373412, eval loss: [NA]
Epoch: 13, loss: 11.333681173324585, eval loss: [NA]
Epoch: 14, loss: 11.329389057159425, eval loss: [NA]
Epoch: 15, loss: 11.32801842212677, eval loss: [NA]
Epoch: 16, loss: 11.333735017776489, eval loss: [NA]
Epoch: 17, loss: 11.333122625350953, eval loss: [NA]
Epoch: 18, loss: 11.327755880355834, eval loss: [NA]
Epoch: 19, loss: 11.330353107452392, eval loss: [NA]
Epoch: 20, loss: 11.326742286682128, eval loss: [NA]
Epoch: 21, loss: 11.322728171348572, eval loss: [NA]
Epoch: 22, loss: 11.323462147712707, eval loss: [NA]
Epoch: 23, loss: 11.330522150993348, eval loss: [NA]
Epoch: 24, loss: 11.330298857688904, eval loss: [NA]
Epoch: 25, loss: 11.332522826194763, eval loss: [NA]
Epoch: 26, loss: 11.335724701881409, eval loss: [NA]
Epoch: 27, loss: 11.333855481147767, eval loss: [NA]
Epoch: 28, loss: 11.333871850967407, eval loss: [NA]
Epoch: 29, loss: 11.331128778457641, eval loss: [NA]
Iteration: 3
start update likelihood model
Epoch: 0, loss: 10.118522701263428, eval loss: [NA]
Epoch: 1, loss: 10.111213102340699, eval loss: [NA]
Epoch: 2, loss: 10.101451110839843, eval loss: [NA]
Epoch: 3, loss: 10.105580406188965, eval loss: [NA]
Epoch: 4, loss: 10.099336838722229, eval loss: [NA]
Epoch: 5, loss: 10.103754768371582, eval loss: [NA]
Epoch: 6, loss: 10.074528903961182, eval loss: [NA]
Epoch: 7, loss: 10.080585403442383, eval loss: [NA]
Epoch: 8, loss: 10.084023098945618, eval loss: [NA]
Epoch: 9, loss: 10.082573666572571, eval loss: [NA]
Epoch: 10, loss: 10.08062530040741, eval loss: [NA]
Epoch: 11, loss: 10.076469745635986, eval loss: [NA]
Epoch: 12, loss: 10.073127565383912, eval loss: [NA]
Epoch: 13, loss: 10.077035794258117, eval loss: [NA]
Epoch: 14, loss: 10.070466470718383, eval loss: [NA]
Epoch: 15, loss: 10.074799609184264, eval loss: [NA]
Epoch: 16, loss: 10.070789465904236, eval loss: [NA]
Epoch: 17, loss: 10.075396466255189, eval loss: [NA]
Epoch: 18, loss: 10.068715629577637, eval loss: [NA]
Epoch: 19, loss: 10.06019305229187, eval loss: [NA]
Epoch: 20, loss: 10.076282410621642, eval loss: [NA]
Epoch: 21, loss: 10.066383652687072, eval loss: [NA]
Epoch: 22, loss: 10.060027704238891, eval loss: [NA]
Epoch: 23, loss: 10.06010449886322, eval loss: [NA]
Epoch: 24, loss: 10.054147992134094, eval loss: [NA]
Epoch: 25, loss: 10.066222376823426, eval loss: [NA]
Epoch: 26, loss: 10.052019834518433, eval loss: [NA]
Epoch: 27, loss: 10.060361437797546, eval loss: [NA]
Epoch: 28, loss: 10.05710172176361, eval loss: [NA]
Epoch: 29, loss: 10.041881585121155, eval loss: [NA]
start update posterior model
Epoch: 0, loss: 11.506447148323058, eval loss: [NA]
Epoch: 1, loss: 11.507399406433105, eval loss: [NA]
Epoch: 2, loss: 11.497348718643188, eval loss: [NA]
Epoch: 3, loss: 11.502029986381531, eval loss: [NA]
Epoch: 4, loss: 11.499931006431579, eval loss: [NA]
Epoch: 5, loss: 11.503238129615784, eval loss: [NA]
Epoch: 6, loss: 11.499890599250794, eval loss: [NA]
Epoch: 7, loss: 11.496569509506225, eval loss: [NA]
Epoch: 8, loss: 11.500638723373413, eval loss: [NA]
Epoch: 9, loss: 11.506249613761902, eval loss: [NA]
Epoch: 10, loss: 11.494174785614014, eval loss: [NA]
Epoch: 11, loss: 11.49713632106781, eval loss: [NA]
Epoch: 12, loss: 11.49802052974701, eval loss: [NA]
Epoch: 13, loss: 11.490724401473999, eval loss: [NA]
Epoch: 14, loss: 11.500680990219116, eval loss: [NA]
Epoch: 15, loss: 11.4926939868927, eval loss: [NA]
Epoch: 16, loss: 11.499037923812866, eval loss: [NA]
Epoch: 17, loss: 11.499004588127136, eval loss: [NA]
Epoch: 18, loss: 11.499697461128235, eval loss: [NA]
Epoch: 19, loss: 11.492953186035157, eval loss: [NA]
Epoch: 20, loss: 11.495012202262878, eval loss: [NA]
Epoch: 21, loss: 11.50359525680542, eval loss: [NA]
Epoch: 22, loss: 11.497578444480895, eval loss: [NA]
Epoch: 23, loss: 11.495458369255067, eval loss: [NA]
Epoch: 24, loss: 11.49681885242462, eval loss: [NA]
Epoch: 25, loss: 11.500356578826905, eval loss: [NA]
Epoch: 26, loss: 11.498023223876952, eval loss: [NA]
Epoch: 27, loss: 11.495727758407593, eval loss: [NA]
Epoch: 28, loss: 11.49649661064148, eval loss: [NA]
Epoch: 29, loss: 11.494307608604432, eval loss: [NA]
Iteration: 4
start update likelihood model
Epoch: 0, loss: 10.129751234054565, eval loss: [NA]
Epoch: 1, loss: 10.116075720787048, eval loss: [NA]
Epoch: 2, loss: 10.110199642181396, eval loss: [NA]
Epoch: 3, loss: 10.10350935459137, eval loss: [NA]
Epoch: 4, loss: 10.110152387619019, eval loss: [NA]
Epoch: 5, loss: 10.10957525253296, eval loss: [NA]
Epoch: 6, loss: 10.10748860836029, eval loss: [NA]
Epoch: 7, loss: 10.102333407402039, eval loss: [NA]
Epoch: 8, loss: 10.093737497329712, eval loss: [NA]
Epoch: 9, loss: 10.096354503631591, eval loss: [NA]
Epoch: 10, loss: 10.10841908454895, eval loss: [NA]
Epoch: 11, loss: 10.094067287445068, eval loss: [NA]
Epoch: 12, loss: 10.099167051315307, eval loss: [NA]
Epoch: 13, loss: 10.084105467796325, eval loss: [NA]
Epoch: 14, loss: 10.083522334098816, eval loss: [NA]
Epoch: 15, loss: 10.09240945339203, eval loss: [NA]
Epoch: 16, loss: 10.098138403892516, eval loss: [NA]
Epoch: 17, loss: 10.086843423843384, eval loss: [NA]
Epoch: 18, loss: 10.086463007926941, eval loss: [NA]
Epoch: 19, loss: 10.084132862091064, eval loss: [NA]
Epoch: 20, loss: 10.08994487285614, eval loss: [NA]
Epoch: 21, loss: 10.093810091018677, eval loss: [NA]
Epoch: 22, loss: 10.08319923877716, eval loss: [NA]
Epoch: 23, loss: 10.087621841430664, eval loss: [NA]
Epoch: 24, loss: 10.074228134155273, eval loss: [NA]
Epoch: 25, loss: 10.092962794303894, eval loss: [NA]
Epoch: 26, loss: 10.081515173912049, eval loss: [NA]
Epoch: 27, loss: 10.07877718925476, eval loss: [NA]
Epoch: 28, loss: 10.063061904907226, eval loss: [NA]
Epoch: 29, loss: 10.080479445457458, eval loss: [NA]
start update posterior model
Epoch: 0, loss: 11.698403263092041, eval loss: [NA]
Epoch: 1, loss: 11.699215912818909, eval loss: [NA]
Epoch: 2, loss: 11.702271513938904, eval loss: [NA]
Epoch: 3, loss: 11.693480968475342, eval loss: [NA]
Epoch: 4, loss: 11.703106727600098, eval loss: [NA]
Epoch: 5, loss: 11.688578224182129, eval loss: [NA]
Epoch: 6, loss: 11.68792401790619, eval loss: [NA]
Epoch: 7, loss: 11.694527144432067, eval loss: [NA]
Epoch: 8, loss: 11.693976917266845, eval loss: [NA]
Epoch: 9, loss: 11.689273447990418, eval loss: [NA]
Epoch: 10, loss: 11.688114113807679, eval loss: [NA]
Epoch: 11, loss: 11.68927414894104, eval loss: [NA]
Epoch: 12, loss: 11.690717363357544, eval loss: [NA]
Epoch: 13, loss: 11.690595774650573, eval loss: [NA]
Epoch: 14, loss: 11.698622965812683, eval loss: [NA]
Epoch: 15, loss: 11.69383530139923, eval loss: [NA]
Epoch: 16, loss: 11.698272919654846, eval loss: [NA]
Epoch: 17, loss: 11.69389476776123, eval loss: [NA]
Epoch: 18, loss: 11.697192273139954, eval loss: [NA]
Epoch: 19, loss: 11.690047674179077, eval loss: [NA]
Epoch: 20, loss: 11.69160849571228, eval loss: [NA]
Epoch: 21, loss: 11.689047055244446, eval loss: [NA]
Epoch: 22, loss: 11.695092606544495, eval loss: [NA]
Epoch: 23, loss: 11.692188682556152, eval loss: [NA]
Epoch: 24, loss: 11.69032515525818, eval loss: [NA]
Epoch: 25, loss: 11.689000377655029, eval loss: [NA]
Epoch: 26, loss: 11.694109301567078, eval loss: [NA]
Epoch: 27, loss: 11.690339107513427, eval loss: [NA]
Epoch: 28, loss: 11.69493673324585, eval loss: [NA]
Epoch: 29, loss: 11.690152673721313, eval loss: [NA]

Runtime:596.44
[1.1898710539427533e+18, 0.0095, 0.0194, 0.0038]
[30288519168.0, 1.2156, 1.2499, 1.2511]
[32402929876992.0, 1.3605, 1.4162, 1.4122]
KL div untrained: 7.866672055101093e+17
KL div trained: 0.0178
