Input args:
Dim: 2
seed: 7
seed_data: 10
/home/samwiq/spa/seq-posterior-approx-w-nf-dev/mv_gaussian/low_dim_w_five_obs/lunarc
/home/samwiq/spa/seq-posterior-approx-w-nf-dev
[1.0, 0.4965853037914095, 0.2465969639416065, 0.12245642825298195, 0.06081006262521797, 0.0301973834223185, 0.014995576820477717, 0.007446583070924344, 0.003697863716482932, 0.0018363047770289071]
start full training
Iteration: 1
optimizer_post_lr: [0.002]
prob_prior: 1.0
start update likelihood model
Epoch: 0, loss (training): 26.303, loss (eval): 42.7197
Epoch: 1, loss (training): 19.8159, loss (eval): 21.6273
Epoch: 2, loss (training): 17.7345, loss (eval): 18.6967
Epoch: 3, loss (training): 16.4193, loss (eval): 17.1354
Epoch: 4, loss (training): 15.2906, loss (eval): 15.9919
Epoch: 5, loss (training): 14.4161, loss (eval): 14.8175
Epoch: 6, loss (training): 13.4292, loss (eval): 14.2031
Epoch: 7, loss (training): 12.6569, loss (eval): 13.2283
Epoch: 8, loss (training): 12.0294, loss (eval): 12.4923
Epoch: 9, loss (training): 11.5895, loss (eval): 11.9371
Epoch: 10, loss (training): 11.1508, loss (eval): 11.6618
Epoch: 11, loss (training): 10.8504, loss (eval): 11.0214
Epoch: 12, loss (training): 10.6505, loss (eval): 10.98
Epoch: 13, loss (training): 10.6381, loss (eval): 10.7983
Epoch: 14, loss (training): 10.4302, loss (eval): 10.7084
Epoch: 15, loss (training): 10.3696, loss (eval): 10.5605
Epoch: 16, loss (training): 10.3339, loss (eval): 10.5243
Epoch: 17, loss (training): 10.4001, loss (eval): 10.6769
Epoch: 18, loss (training): 10.2395, loss (eval): 10.6197
Epoch: 19, loss (training): 10.2187, loss (eval): 10.4411
Epoch: 20, loss (training): 10.2614, loss (eval): 10.3721
Epoch: 21, loss (training): 10.2156, loss (eval): 10.6395
Epoch: 22, loss (training): 10.1338, loss (eval): 10.4829
Epoch: 23, loss (training): 10.1917, loss (eval): 10.3497
Epoch: 24, loss (training): 10.2114, loss (eval): 10.6914
Epoch: 25, loss (training): 10.2162, loss (eval): 10.3376
Epoch: 26, loss (training): 10.2084, loss (eval): 10.408
Epoch: 27, loss (training): 10.1566, loss (eval): 10.3426
Epoch: 28, loss (training): 10.1826, loss (eval): 10.4829
Epoch: 29, loss (training): 10.1383, loss (eval): 10.4844
Epoch: 30, loss (training): 10.1832, loss (eval): 10.5283
Epoch: 31, loss (training): 10.1392, loss (eval): 10.3496
Epoch: 32, loss (training): 10.1201, loss (eval): 10.3397
Epoch: 33, loss (training): 10.0991, loss (eval): 10.3764
Epoch: 34, loss (training): 10.1323, loss (eval): 10.3086
Epoch: 35, loss (training): 10.1006, loss (eval): 10.4644
Epoch: 36, loss (training): 10.0614, loss (eval): 10.4167
Epoch: 37, loss (training): 10.1033, loss (eval): 10.3106
Epoch: 38, loss (training): 10.1193, loss (eval): 10.4624
Epoch: 39, loss (training): 10.0569, loss (eval): 10.3639
Epoch: 40, loss (training): 10.075, loss (eval): 10.3069
Epoch: 41, loss (training): 10.0912, loss (eval): 10.4268
Epoch: 42, loss (training): 10.0432, loss (eval): 10.3297
Epoch: 43, loss (training): 10.0504, loss (eval): 10.3951
Epoch: 44, loss (training): 10.026, loss (eval): 10.3324
Epoch: 45, loss (training): 10.0355, loss (eval): 10.3287
Epoch: 46, loss (training): 10.04, loss (eval): 10.4745
Epoch: 47, loss (training): 10.1332, loss (eval): 10.4982
Epoch: 48, loss (training): 10.0073, loss (eval): 10.3259
Epoch: 49, loss (training): 10.0397, loss (eval): 10.2399
Epoch: 50, loss (training): 10.0003, loss (eval): 10.4103
Epoch: 51, loss (training): 10.0541, loss (eval): 10.3392
Epoch: 52, loss (training): 10.0537, loss (eval): 10.2585
Epoch: 53, loss (training): 10.0031, loss (eval): 10.3279
Epoch: 54, loss (training): 10.0036, loss (eval): 10.3669
Epoch: 55, loss (training): 10.0471, loss (eval): 10.2914
Epoch: 56, loss (training): 10.1017, loss (eval): 10.3637
Epoch: 57, loss (training): 10.0207, loss (eval): 10.2725
Epoch: 58, loss (training): 9.9991, loss (eval): 10.413
Epoch: 59, loss (training): 9.9785, loss (eval): 10.3764
Epoch: 60, loss (training): 9.9964, loss (eval): 10.3094
Epoch: 61, loss (training): 10.0528, loss (eval): 10.3698
Epoch: 62, loss (training): 10.0271, loss (eval): 10.3456
Epoch: 63, loss (training): 10.0317, loss (eval): 10.4579
Epoch: 64, loss (training): 9.9877, loss (eval): 10.4922
Epoch: 65, loss (training): 9.9561, loss (eval): 10.3972
Epoch: 66, loss (training): 9.9955, loss (eval): 10.3841
Epoch: 67, loss (training): 9.9604, loss (eval): 10.2806
Epoch: 68, loss (training): 9.965, loss (eval): 10.3201
Early-stopping. Training converged after 69 epochs.
start update posterior model from prior pred - hot start
Epoch: 0, loss (training): 3.4565, loss (eval): 6.8881
Epoch: 1, loss (training): 1.8127, loss (eval): 2.2151
Epoch: 2, loss (training): 1.3772, loss (eval): 1.3623
Epoch: 3, loss (training): 1.1214, loss (eval): 1.2381
Epoch: 4, loss (training): 0.9258, loss (eval): 0.8398
Epoch: 5, loss (training): 1.0181, loss (eval): 0.8395
Epoch: 6, loss (training): 0.6902, loss (eval): 0.8898
Epoch: 7, loss (training): 0.6862, loss (eval): 0.7532
Epoch: 8, loss (training): 0.7183, loss (eval): 0.9529
Epoch: 9, loss (training): 0.5885, loss (eval): 0.6323
start update posterior model
Epoch: 0, loss (training): 15.7879, loss (eval): 15.9879
Epoch: 1, loss (training): 15.7632, loss (eval): 15.7697
Epoch: 2, loss (training): 15.7597, loss (eval): 15.7522
Epoch: 3, loss (training): 15.7486, loss (eval): 15.8351
Epoch: 4, loss (training): 15.7558, loss (eval): 15.7535
Epoch: 5, loss (training): 15.7433, loss (eval): 15.7797
Epoch: 6, loss (training): 15.7414, loss (eval): 15.7166
Epoch: 7, loss (training): 15.7493, loss (eval): 15.7502
Epoch: 8, loss (training): 15.7504, loss (eval): 15.7415
Epoch: 9, loss (training): 15.7454, loss (eval): 15.7381
Epoch: 10, loss (training): 15.7447, loss (eval): 15.7484
Epoch: 11, loss (training): 15.7456, loss (eval): 15.7656
Epoch: 12, loss (training): 15.7354, loss (eval): 15.7182
Epoch: 13, loss (training): 15.7447, loss (eval): 15.7388
Epoch: 14, loss (training): 15.7451, loss (eval): 15.8026
Epoch: 15, loss (training): 15.7478, loss (eval): 15.7332
Epoch: 16, loss (training): 15.7393, loss (eval): 15.7699
Epoch: 17, loss (training): 15.7402, loss (eval): 15.7199
Epoch: 18, loss (training): 15.7365, loss (eval): 15.7499
Epoch: 19, loss (training): 15.7316, loss (eval): 15.7201
Epoch: 20, loss (training): 15.7472, loss (eval): 15.7198
Epoch: 21, loss (training): 15.735, loss (eval): 15.7358
Epoch: 22, loss (training): 15.7349, loss (eval): 15.7201
Epoch: 23, loss (training): 15.7398, loss (eval): 15.7153
Epoch: 24, loss (training): 15.7364, loss (eval): 15.7182
Epoch: 25, loss (training): 15.7473, loss (eval): 15.7342
Epoch: 26, loss (training): 15.7412, loss (eval): 15.7943
Epoch: 27, loss (training): 15.7366, loss (eval): 15.731
Epoch: 28, loss (training): 15.7332, loss (eval): 15.7383
Epoch: 29, loss (training): 15.7368, loss (eval): 15.7204
Epoch: 30, loss (training): 15.7341, loss (eval): 15.729
Epoch: 31, loss (training): 15.7342, loss (eval): 15.7364
Epoch: 32, loss (training): 15.7375, loss (eval): 15.7872
Epoch: 33, loss (training): 15.7344, loss (eval): 15.7159
Epoch: 34, loss (training): 15.7345, loss (eval): 15.7246
Epoch: 35, loss (training): 15.7326, loss (eval): 15.727
Epoch: 36, loss (training): 15.7306, loss (eval): 15.739
Epoch: 37, loss (training): 15.7348, loss (eval): 15.7308
Epoch: 38, loss (training): 15.731, loss (eval): 15.7281
Epoch: 39, loss (training): 15.7351, loss (eval): 15.728
Epoch: 40, loss (training): 15.7297, loss (eval): 15.7344
Epoch: 41, loss (training): 15.7282, loss (eval): 15.72
Epoch: 42, loss (training): 15.7344, loss (eval): 15.7896
Early-stopping. Training converged after 43 epochs.
Iteration: 2
optimizer_post_lr: [0.0019]
prob_prior: 0.4965853037914095
start update likelihood model
Epoch: 0, loss (training): 10.3283, loss (eval): 10.428
Epoch: 1, loss (training): 10.1954, loss (eval): 10.3106
Epoch: 2, loss (training): 10.1565, loss (eval): 10.2875
Epoch: 3, loss (training): 10.159, loss (eval): 10.3681
Epoch: 4, loss (training): 10.1193, loss (eval): 10.2071
Epoch: 5, loss (training): 10.1221, loss (eval): 10.4139
Epoch: 6, loss (training): 10.1609, loss (eval): 10.3625
Epoch: 7, loss (training): 10.1061, loss (eval): 10.2365
Epoch: 8, loss (training): 10.1094, loss (eval): 10.2519
Epoch: 9, loss (training): 10.0742, loss (eval): 10.2278
Epoch: 10, loss (training): 10.0791, loss (eval): 10.3058
Epoch: 11, loss (training): 10.0973, loss (eval): 10.2694
Epoch: 12, loss (training): 10.0785, loss (eval): 10.3182
Epoch: 13, loss (training): 10.0485, loss (eval): 10.2425
Epoch: 14, loss (training): 10.0363, loss (eval): 10.3417
Epoch: 15, loss (training): 10.0548, loss (eval): 10.3104
Epoch: 16, loss (training): 10.0337, loss (eval): 10.4062
Epoch: 17, loss (training): 10.0687, loss (eval): 10.294
Epoch: 18, loss (training): 10.0461, loss (eval): 10.3004
Epoch: 19, loss (training): 10.0853, loss (eval): 10.268
Epoch: 20, loss (training): 10.0597, loss (eval): 10.3541
Epoch: 21, loss (training): 10.029, loss (eval): 10.3664
Epoch: 22, loss (training): 10.0279, loss (eval): 10.2834
Epoch: 23, loss (training): 10.0543, loss (eval): 10.3468
Early-stopping. Training converged after 24 epochs.
start update posterior model
Epoch: 0, loss (training): 14.1104, loss (eval): 14.349
Epoch: 1, loss (training): 14.1075, loss (eval): 14.0982
Epoch: 2, loss (training): 14.1022, loss (eval): 14.1039
Epoch: 3, loss (training): 14.1044, loss (eval): 14.096
Epoch: 4, loss (training): 14.103, loss (eval): 14.0987
Epoch: 5, loss (training): 14.1006, loss (eval): 14.1225
Epoch: 6, loss (training): 14.1036, loss (eval): 14.0949
Epoch: 7, loss (training): 14.1118, loss (eval): 14.1163
Epoch: 8, loss (training): 14.1049, loss (eval): 14.1608
Epoch: 9, loss (training): 14.1066, loss (eval): 14.1104
Epoch: 10, loss (training): 14.0989, loss (eval): 14.1029
Epoch: 11, loss (training): 14.1054, loss (eval): 14.0984
Epoch: 12, loss (training): 14.1045, loss (eval): 14.1001
Epoch: 13, loss (training): 14.1031, loss (eval): 14.092
Epoch: 14, loss (training): 14.1029, loss (eval): 14.099
Epoch: 15, loss (training): 14.1034, loss (eval): 14.0996
Epoch: 16, loss (training): 14.1056, loss (eval): 14.0912
Epoch: 17, loss (training): 14.1046, loss (eval): 14.0895
Epoch: 18, loss (training): 14.1055, loss (eval): 14.099
Epoch: 19, loss (training): 14.1045, loss (eval): 14.0946
Epoch: 20, loss (training): 14.1023, loss (eval): 14.1064
Epoch: 21, loss (training): 14.1068, loss (eval): 14.1024
Epoch: 22, loss (training): 14.1086, loss (eval): 14.1332
Epoch: 23, loss (training): 14.1047, loss (eval): 14.0872
Epoch: 24, loss (training): 14.1083, loss (eval): 14.0869
Epoch: 25, loss (training): 14.1081, loss (eval): 14.1233
Epoch: 26, loss (training): 14.1007, loss (eval): 14.0936
Epoch: 27, loss (training): 14.1034, loss (eval): 14.0971
Epoch: 28, loss (training): 14.1044, loss (eval): 14.1019
Epoch: 29, loss (training): 14.0992, loss (eval): 14.0881
Epoch: 30, loss (training): 14.1017, loss (eval): 14.0904
Epoch: 31, loss (training): 14.0982, loss (eval): 14.0978
Epoch: 32, loss (training): 14.1043, loss (eval): 14.1108
Epoch: 33, loss (training): 14.1058, loss (eval): 14.0933
Epoch: 34, loss (training): 14.1055, loss (eval): 14.1013
Epoch: 35, loss (training): 14.0993, loss (eval): 14.092
Epoch: 36, loss (training): 14.0985, loss (eval): 14.0904
Epoch: 37, loss (training): 14.1069, loss (eval): 14.1114
Epoch: 38, loss (training): 14.1, loss (eval): 14.1114
Epoch: 39, loss (training): 14.1008, loss (eval): 14.0899
Epoch: 40, loss (training): 14.0998, loss (eval): 14.0949
Epoch: 41, loss (training): 14.1002, loss (eval): 14.0897
Epoch: 42, loss (training): 14.1009, loss (eval): 14.1079
Epoch: 43, loss (training): 14.1002, loss (eval): 14.0939
Early-stopping. Training converged after 44 epochs.
Iteration: 3
optimizer_post_lr: [0.001805]
prob_prior: 0.2465969639416065
start update likelihood model
Epoch: 0, loss (training): 10.2062, loss (eval): 10.2319
Epoch: 1, loss (training): 10.1522, loss (eval): 10.1747
Epoch: 2, loss (training): 10.1718, loss (eval): 10.1976
Epoch: 3, loss (training): 10.1294, loss (eval): 10.1578
Epoch: 4, loss (training): 10.1307, loss (eval): 10.1877
Epoch: 5, loss (training): 10.1132, loss (eval): 10.1416
Epoch: 6, loss (training): 10.0897, loss (eval): 10.2817
Epoch: 7, loss (training): 10.0878, loss (eval): 10.1421
Epoch: 8, loss (training): 10.0714, loss (eval): 10.1243
Epoch: 9, loss (training): 10.0646, loss (eval): 10.1483
Epoch: 10, loss (training): 10.0894, loss (eval): 10.2
Epoch: 11, loss (training): 10.0966, loss (eval): 10.1043
Epoch: 12, loss (training): 10.0594, loss (eval): 10.228
Epoch: 13, loss (training): 10.0566, loss (eval): 10.1265
Epoch: 14, loss (training): 10.0553, loss (eval): 10.2441
Epoch: 15, loss (training): 10.0687, loss (eval): 10.0992
Epoch: 16, loss (training): 10.0347, loss (eval): 10.2222
Epoch: 17, loss (training): 10.0371, loss (eval): 10.1383
Epoch: 18, loss (training): 10.0542, loss (eval): 10.1623
Epoch: 19, loss (training): 10.0253, loss (eval): 10.2013
Epoch: 20, loss (training): 10.032, loss (eval): 10.1453
Epoch: 21, loss (training): 10.0766, loss (eval): 10.1899
Epoch: 22, loss (training): 10.096, loss (eval): 10.2718
Epoch: 23, loss (training): 10.0329, loss (eval): 10.227
Epoch: 24, loss (training): 10.0249, loss (eval): 10.1463
Epoch: 25, loss (training): 10.0173, loss (eval): 10.1461
Epoch: 26, loss (training): 10.0079, loss (eval): 10.2476
Epoch: 27, loss (training): 10.0188, loss (eval): 10.2354
Epoch: 28, loss (training): 10.0182, loss (eval): 10.1853
Epoch: 29, loss (training): 10.0024, loss (eval): 10.1199
Epoch: 30, loss (training): 10.0299, loss (eval): 10.2996
Epoch: 31, loss (training): 10.0364, loss (eval): 10.1764
Epoch: 32, loss (training): 10.0203, loss (eval): 10.169
Epoch: 33, loss (training): 10.0433, loss (eval): 10.1931
Epoch: 34, loss (training): 10.0083, loss (eval): 10.1607
Early-stopping. Training converged after 35 epochs.
start update posterior model
Epoch: 0, loss (training): 14.873, loss (eval): 14.9057
Epoch: 1, loss (training): 14.867, loss (eval): 14.8739
Epoch: 2, loss (training): 14.862, loss (eval): 14.8661
Epoch: 3, loss (training): 14.862, loss (eval): 14.8557
Epoch: 4, loss (training): 14.8619, loss (eval): 14.861
Epoch: 5, loss (training): 14.8593, loss (eval): 14.8662
Epoch: 6, loss (training): 14.8601, loss (eval): 14.8573
Epoch: 7, loss (training): 14.861, loss (eval): 14.8581
Epoch: 8, loss (training): 14.8633, loss (eval): 14.8572
Epoch: 9, loss (training): 14.8604, loss (eval): 14.8674
Epoch: 10, loss (training): 14.8607, loss (eval): 14.8525
Epoch: 11, loss (training): 14.8642, loss (eval): 14.875
Epoch: 12, loss (training): 14.865, loss (eval): 14.8596
Epoch: 13, loss (training): 14.8608, loss (eval): 14.8477
Epoch: 14, loss (training): 14.8639, loss (eval): 14.8502
Epoch: 15, loss (training): 14.8618, loss (eval): 14.8536
Epoch: 16, loss (training): 14.8632, loss (eval): 14.8696
Epoch: 17, loss (training): 14.861, loss (eval): 14.8923
Epoch: 18, loss (training): 14.8631, loss (eval): 14.8633
Epoch: 19, loss (training): 14.862, loss (eval): 14.8857
Epoch: 20, loss (training): 14.8628, loss (eval): 14.8554
Epoch: 21, loss (training): 14.862, loss (eval): 14.8522
Epoch: 22, loss (training): 14.865, loss (eval): 14.8576
Epoch: 23, loss (training): 14.8599, loss (eval): 14.8566
Epoch: 24, loss (training): 14.8632, loss (eval): 14.8611
Epoch: 25, loss (training): 14.8668, loss (eval): 14.8882
Epoch: 26, loss (training): 14.863, loss (eval): 14.867
Epoch: 27, loss (training): 14.8635, loss (eval): 14.8607
Epoch: 28, loss (training): 14.86, loss (eval): 14.8689
Epoch: 29, loss (training): 14.8617, loss (eval): 14.8657
Epoch: 30, loss (training): 14.8585, loss (eval): 14.8863
Epoch: 31, loss (training): 14.862, loss (eval): 14.8588
Epoch: 32, loss (training): 14.8598, loss (eval): 14.8554
Early-stopping. Training converged after 33 epochs.
Iteration: 4
optimizer_post_lr: [0.00171475]
prob_prior: 0.12245642825298195
start update likelihood model
Epoch: 0, loss (training): 10.1383, loss (eval): 10.2815
Epoch: 1, loss (training): 10.119, loss (eval): 10.2043
Epoch: 2, loss (training): 10.0693, loss (eval): 10.2475
Epoch: 3, loss (training): 10.0722, loss (eval): 10.2543
Epoch: 4, loss (training): 10.0712, loss (eval): 10.2629
Epoch: 5, loss (training): 10.0397, loss (eval): 10.2265
Epoch: 6, loss (training): 10.0424, loss (eval): 10.258
Epoch: 7, loss (training): 10.0531, loss (eval): 10.2202
Epoch: 8, loss (training): 10.0193, loss (eval): 10.2893
Epoch: 9, loss (training): 10.026, loss (eval): 10.2984
Epoch: 10, loss (training): 10.001, loss (eval): 10.3118
Epoch: 11, loss (training): 10.0021, loss (eval): 10.2668
Epoch: 12, loss (training): 9.9876, loss (eval): 10.2251
Epoch: 13, loss (training): 10.0089, loss (eval): 10.2756
Epoch: 14, loss (training): 10.0016, loss (eval): 10.2079
Epoch: 15, loss (training): 10.0008, loss (eval): 10.3124
Epoch: 16, loss (training): 10.0579, loss (eval): 10.2975
Epoch: 17, loss (training): 10.0028, loss (eval): 10.3297
Epoch: 18, loss (training): 9.9831, loss (eval): 10.2909
Epoch: 19, loss (training): 9.9935, loss (eval): 10.3111
Epoch: 20, loss (training): 9.9865, loss (eval): 10.2456
Early-stopping. Training converged after 21 epochs.
start update posterior model
Epoch: 0, loss (training): 14.1618, loss (eval): 14.1736
Epoch: 1, loss (training): 14.1595, loss (eval): 14.1574
Epoch: 2, loss (training): 14.1587, loss (eval): 14.1952
Epoch: 3, loss (training): 14.1604, loss (eval): 14.1563
Epoch: 4, loss (training): 14.1599, loss (eval): 14.1997
Epoch: 5, loss (training): 14.1578, loss (eval): 14.1522
Epoch: 6, loss (training): 14.1557, loss (eval): 14.1525
Epoch: 7, loss (training): 14.1596, loss (eval): 14.1572
Epoch: 8, loss (training): 14.1586, loss (eval): 14.1584
Epoch: 9, loss (training): 14.1562, loss (eval): 14.1579
Epoch: 10, loss (training): 14.1591, loss (eval): 14.1724
Epoch: 11, loss (training): 14.1636, loss (eval): 14.1611
Epoch: 12, loss (training): 14.1574, loss (eval): 14.1462
Epoch: 13, loss (training): 14.1563, loss (eval): 14.1484
Epoch: 14, loss (training): 14.1591, loss (eval): 14.151
Epoch: 15, loss (training): 14.1559, loss (eval): 14.1539
Epoch: 16, loss (training): 14.1608, loss (eval): 14.1583
Epoch: 17, loss (training): 14.1589, loss (eval): 14.1849
Epoch: 18, loss (training): 14.1571, loss (eval): 14.1528
Epoch: 19, loss (training): 14.1549, loss (eval): 14.1422
Epoch: 20, loss (training): 14.1627, loss (eval): 14.1658
Epoch: 21, loss (training): 14.1587, loss (eval): 14.1614
Epoch: 22, loss (training): 14.1553, loss (eval): 14.1519
Epoch: 23, loss (training): 14.1572, loss (eval): 14.1498
Epoch: 24, loss (training): 14.1581, loss (eval): 14.1579
Epoch: 25, loss (training): 14.1558, loss (eval): 14.163
Epoch: 26, loss (training): 14.1593, loss (eval): 14.1562
Epoch: 27, loss (training): 14.1582, loss (eval): 14.1506
Epoch: 28, loss (training): 14.1593, loss (eval): 14.1632
Epoch: 29, loss (training): 14.157, loss (eval): 14.1539
Epoch: 30, loss (training): 14.1576, loss (eval): 14.1503
Epoch: 31, loss (training): 14.157, loss (eval): 14.1569
Epoch: 32, loss (training): 14.1561, loss (eval): 14.1479
Epoch: 33, loss (training): 14.1573, loss (eval): 14.1483
Epoch: 34, loss (training): 14.1541, loss (eval): 14.1537
Epoch: 35, loss (training): 14.1557, loss (eval): 14.1553
Epoch: 36, loss (training): 14.1557, loss (eval): 14.1513
Epoch: 37, loss (training): 14.1581, loss (eval): 14.1582
Epoch: 38, loss (training): 14.1576, loss (eval): 14.1489
Early-stopping. Training converged after 39 epochs.
Iteration: 5
optimizer_post_lr: [0.0016290124999999997]
prob_prior: 0.06081006262521797
start update likelihood model
Epoch: 0, loss (training): 10.1126, loss (eval): 10.0461
Epoch: 1, loss (training): 10.0576, loss (eval): 9.9662
Epoch: 2, loss (training): 10.03, loss (eval): 10.0628
Epoch: 3, loss (training): 10.0233, loss (eval): 9.9372
Epoch: 4, loss (training): 10.0094, loss (eval): 10.0194
Epoch: 5, loss (training): 10.0119, loss (eval): 10.0284
Epoch: 6, loss (training): 9.9899, loss (eval): 9.9618
Epoch: 7, loss (training): 10.0155, loss (eval): 9.9887
Epoch: 8, loss (training): 10.01, loss (eval): 9.993
Epoch: 9, loss (training): 9.9925, loss (eval): 9.9651
Epoch: 10, loss (training): 9.9846, loss (eval): 10.0282
Epoch: 11, loss (training): 9.9519, loss (eval): 9.9255
Epoch: 12, loss (training): 9.9722, loss (eval): 10.0266
Epoch: 13, loss (training): 9.9747, loss (eval): 10.0739
Epoch: 14, loss (training): 9.9757, loss (eval): 10.0138
Epoch: 15, loss (training): 9.9803, loss (eval): 10.0067
Epoch: 16, loss (training): 9.9866, loss (eval): 9.9856
Epoch: 17, loss (training): 9.9833, loss (eval): 9.9668
Epoch: 18, loss (training): 9.9721, loss (eval): 10.0532
Epoch: 19, loss (training): 9.9542, loss (eval): 9.9769
Epoch: 20, loss (training): 9.9413, loss (eval): 9.9908
Epoch: 21, loss (training): 9.9384, loss (eval): 9.9405
Epoch: 22, loss (training): 9.9531, loss (eval): 9.9856
Epoch: 23, loss (training): 9.9515, loss (eval): 10.0453
Epoch: 24, loss (training): 9.9392, loss (eval): 9.9955
Epoch: 25, loss (training): 9.9801, loss (eval): 9.9983
Epoch: 26, loss (training): 9.9527, loss (eval): 10.0047
Epoch: 27, loss (training): 9.9437, loss (eval): 9.9703
Epoch: 28, loss (training): 9.9758, loss (eval): 10.0323
Epoch: 29, loss (training): 9.9581, loss (eval): 10.0088
Epoch: 30, loss (training): 9.9085, loss (eval): 10.0186
Early-stopping. Training converged after 31 epochs.
start update posterior model
Epoch: 0, loss (training): 14.5915, loss (eval): 14.6358
Epoch: 1, loss (training): 14.5911, loss (eval): 14.5828
Epoch: 2, loss (training): 14.5868, loss (eval): 14.5862
Epoch: 3, loss (training): 14.59, loss (eval): 14.5896
Epoch: 4, loss (training): 14.591, loss (eval): 14.5835
Epoch: 5, loss (training): 14.5897, loss (eval): 14.5968
Epoch: 6, loss (training): 14.587, loss (eval): 14.5899
Epoch: 7, loss (training): 14.5902, loss (eval): 14.5953
Epoch: 8, loss (training): 14.5891, loss (eval): 14.5885
Epoch: 9, loss (training): 14.589, loss (eval): 14.5765
Epoch: 10, loss (training): 14.5915, loss (eval): 14.5784
Epoch: 11, loss (training): 14.5863, loss (eval): 14.6031
Epoch: 12, loss (training): 14.5864, loss (eval): 14.5934
Epoch: 13, loss (training): 14.5915, loss (eval): 14.6008
Epoch: 14, loss (training): 14.5899, loss (eval): 14.5928
Epoch: 15, loss (training): 14.592, loss (eval): 14.5871
Epoch: 16, loss (training): 14.5909, loss (eval): 14.5884
Epoch: 17, loss (training): 14.5891, loss (eval): 14.5848
Epoch: 18, loss (training): 14.5891, loss (eval): 14.5902
Epoch: 19, loss (training): 14.5894, loss (eval): 14.5818
Epoch: 20, loss (training): 14.588, loss (eval): 14.5913
Epoch: 21, loss (training): 14.5864, loss (eval): 14.5894
Epoch: 22, loss (training): 14.5872, loss (eval): 14.5809
Epoch: 23, loss (training): 14.5893, loss (eval): 14.5813
Epoch: 24, loss (training): 14.5893, loss (eval): 14.5857
Epoch: 25, loss (training): 14.5903, loss (eval): 14.6197
Epoch: 26, loss (training): 14.589, loss (eval): 14.5827
Epoch: 27, loss (training): 14.5868, loss (eval): 14.5893
Epoch: 28, loss (training): 14.5899, loss (eval): 14.5858
Early-stopping. Training converged after 29 epochs.
Iteration: 6
optimizer_post_lr: [0.0015475618749999996]
prob_prior: 0.0301973834223185
start update likelihood model
Epoch: 0, loss (training): 10.2257, loss (eval): 9.9528
Epoch: 1, loss (training): 10.1435, loss (eval): 9.9859
Epoch: 2, loss (training): 10.1332, loss (eval): 10.012
Epoch: 3, loss (training): 10.1198, loss (eval): 10.0291
Epoch: 4, loss (training): 10.1296, loss (eval): 10.0316
Epoch: 5, loss (training): 10.1057, loss (eval): 9.97
Epoch: 6, loss (training): 10.0982, loss (eval): 9.9365
Epoch: 7, loss (training): 10.0886, loss (eval): 10.0022
Epoch: 8, loss (training): 10.0714, loss (eval): 9.9934
Epoch: 9, loss (training): 10.0612, loss (eval): 9.9859
Epoch: 10, loss (training): 10.0676, loss (eval): 9.9724
Epoch: 11, loss (training): 10.0654, loss (eval): 9.9929
Epoch: 12, loss (training): 10.0711, loss (eval): 9.9646
Epoch: 13, loss (training): 10.0545, loss (eval): 9.9814
Epoch: 14, loss (training): 10.0907, loss (eval): 9.946
Epoch: 15, loss (training): 10.0901, loss (eval): 9.9711
Epoch: 16, loss (training): 10.0674, loss (eval): 10.0323
Epoch: 17, loss (training): 10.0564, loss (eval): 10.0163
Epoch: 18, loss (training): 10.0404, loss (eval): 9.9528
Epoch: 19, loss (training): 10.038, loss (eval): 9.922
Epoch: 20, loss (training): 10.0561, loss (eval): 9.956
Epoch: 21, loss (training): 10.035, loss (eval): 9.9638
Epoch: 22, loss (training): 10.0542, loss (eval): 9.9792
Epoch: 23, loss (training): 10.0312, loss (eval): 10.0129
Epoch: 24, loss (training): 10.0183, loss (eval): 9.9803
Epoch: 25, loss (training): 10.0292, loss (eval): 9.9819
Epoch: 26, loss (training): 10.0284, loss (eval): 10.0398
Epoch: 27, loss (training): 10.046, loss (eval): 10.0046
Epoch: 28, loss (training): 10.0369, loss (eval): 9.9542
Epoch: 29, loss (training): 10.0367, loss (eval): 9.9819
Epoch: 30, loss (training): 10.0192, loss (eval): 9.9149
Epoch: 31, loss (training): 10.0204, loss (eval): 9.9725
Epoch: 32, loss (training): 9.9993, loss (eval): 9.9929
Epoch: 33, loss (training): 10.0118, loss (eval): 10.0436
Epoch: 34, loss (training): 10.0141, loss (eval): 9.9858
Epoch: 35, loss (training): 10.0161, loss (eval): 10.0427
Epoch: 36, loss (training): 10.0196, loss (eval): 10.0331
Epoch: 37, loss (training): 9.9941, loss (eval): 10.0068
Epoch: 38, loss (training): 9.9966, loss (eval): 9.9257
Epoch: 39, loss (training): 9.9876, loss (eval): 9.9675
Epoch: 40, loss (training): 9.9978, loss (eval): 10.0169
Epoch: 41, loss (training): 10.0099, loss (eval): 10.0283
Epoch: 42, loss (training): 9.9933, loss (eval): 9.9919
Epoch: 43, loss (training): 10.0107, loss (eval): 9.9804
Epoch: 44, loss (training): 10.0654, loss (eval): 10.0462
Epoch: 45, loss (training): 10.0101, loss (eval): 9.9989
Epoch: 46, loss (training): 9.983, loss (eval): 10.0511
Epoch: 47, loss (training): 9.973, loss (eval): 9.9786
Epoch: 48, loss (training): 10.0006, loss (eval): 10.023
Epoch: 49, loss (training): 9.9824, loss (eval): 9.9811
Early-stopping. Training converged after 50 epochs.
start update posterior model
Epoch: 0, loss (training): 15.0715, loss (eval): 15.292
Epoch: 1, loss (training): 15.0602, loss (eval): 15.0541
Epoch: 2, loss (training): 15.0592, loss (eval): 15.0527
Epoch: 3, loss (training): 15.0596, loss (eval): 15.0678
Epoch: 4, loss (training): 15.0585, loss (eval): 15.0667
Epoch: 5, loss (training): 15.0595, loss (eval): 15.048
Epoch: 6, loss (training): 15.0565, loss (eval): 15.0514
Epoch: 7, loss (training): 15.0566, loss (eval): 15.0485
Epoch: 8, loss (training): 15.0592, loss (eval): 15.059
Epoch: 9, loss (training): 15.0564, loss (eval): 15.0537
Epoch: 10, loss (training): 15.0579, loss (eval): 15.0518
Epoch: 11, loss (training): 15.0576, loss (eval): 15.0688
Epoch: 12, loss (training): 15.0593, loss (eval): 15.0475
Epoch: 13, loss (training): 15.0566, loss (eval): 15.0555
Epoch: 14, loss (training): 15.0559, loss (eval): 15.045
Epoch: 15, loss (training): 15.06, loss (eval): 15.0502
Epoch: 16, loss (training): 15.0542, loss (eval): 15.048
Epoch: 17, loss (training): 15.0594, loss (eval): 15.0689
Epoch: 18, loss (training): 15.0592, loss (eval): 15.0499
Epoch: 19, loss (training): 15.0599, loss (eval): 15.0633
Epoch: 20, loss (training): 15.0578, loss (eval): 15.0743
Epoch: 21, loss (training): 15.0567, loss (eval): 15.0603
Epoch: 22, loss (training): 15.0576, loss (eval): 15.0702
Epoch: 23, loss (training): 15.0584, loss (eval): 15.0634
Epoch: 24, loss (training): 15.0553, loss (eval): 15.0501
Epoch: 25, loss (training): 15.0559, loss (eval): 15.0558
Epoch: 26, loss (training): 15.0573, loss (eval): 15.061
Epoch: 27, loss (training): 15.0588, loss (eval): 15.058
Epoch: 28, loss (training): 15.0574, loss (eval): 15.0484
Epoch: 29, loss (training): 15.0599, loss (eval): 15.0506
Epoch: 30, loss (training): 15.0569, loss (eval): 15.0574
Epoch: 31, loss (training): 15.0548, loss (eval): 15.0452
Epoch: 32, loss (training): 15.0548, loss (eval): 15.0525
Epoch: 33, loss (training): 15.0568, loss (eval): 15.0729
Early-stopping. Training converged after 34 epochs.
Iteration: 7
optimizer_post_lr: [0.0014701837812499995]
prob_prior: 0.014995576820477717
start update likelihood model
Epoch: 0, loss (training): 10.1294, loss (eval): 10.0731
Epoch: 1, loss (training): 10.0818, loss (eval): 10.1079
Epoch: 2, loss (training): 10.0661, loss (eval): 10.0738
Epoch: 3, loss (training): 10.0302, loss (eval): 10.0784
Epoch: 4, loss (training): 10.01, loss (eval): 10.0405
Epoch: 5, loss (training): 10.0036, loss (eval): 10.0763
Epoch: 6, loss (training): 9.9874, loss (eval): 10.1494
Epoch: 7, loss (training): 9.9879, loss (eval): 10.0727
Epoch: 8, loss (training): 9.9948, loss (eval): 10.0484
Epoch: 9, loss (training): 9.9901, loss (eval): 10.1113
Epoch: 10, loss (training): 9.9856, loss (eval): 10.1557
Epoch: 11, loss (training): 9.9732, loss (eval): 10.1209
Epoch: 12, loss (training): 9.9682, loss (eval): 10.1078
Epoch: 13, loss (training): 9.9681, loss (eval): 10.0791
Epoch: 14, loss (training): 9.9534, loss (eval): 10.0852
Epoch: 15, loss (training): 9.9496, loss (eval): 10.0997
Epoch: 16, loss (training): 9.9672, loss (eval): 10.1184
Epoch: 17, loss (training): 9.9548, loss (eval): 10.1867
Epoch: 18, loss (training): 9.9372, loss (eval): 10.111
Epoch: 19, loss (training): 9.9295, loss (eval): 10.0904
Epoch: 20, loss (training): 9.9398, loss (eval): 10.1347
Epoch: 21, loss (training): 9.9639, loss (eval): 10.0714
Epoch: 22, loss (training): 9.955, loss (eval): 10.1996
Epoch: 23, loss (training): 9.9339, loss (eval): 10.1783
Early-stopping. Training converged after 24 epochs.
start update posterior model
Epoch: 0, loss (training): 14.3002, loss (eval): 14.4131
Epoch: 1, loss (training): 14.2976, loss (eval): 14.3055
Epoch: 2, loss (training): 14.2979, loss (eval): 14.303
Epoch: 3, loss (training): 14.2955, loss (eval): 14.2947
Epoch: 4, loss (training): 14.2969, loss (eval): 14.2984
Epoch: 5, loss (training): 14.2963, loss (eval): 14.2906
Epoch: 6, loss (training): 14.2957, loss (eval): 14.3012
Epoch: 7, loss (training): 14.2948, loss (eval): 14.2887
Epoch: 8, loss (training): 14.2966, loss (eval): 14.2948
Epoch: 9, loss (training): 14.2987, loss (eval): 14.2981
Epoch: 10, loss (training): 14.2996, loss (eval): 14.3051
Epoch: 11, loss (training): 14.2996, loss (eval): 14.3057
Epoch: 12, loss (training): 14.2964, loss (eval): 14.2986
Epoch: 13, loss (training): 14.2982, loss (eval): 14.2914
Epoch: 14, loss (training): 14.2981, loss (eval): 14.2948
Epoch: 15, loss (training): 14.2986, loss (eval): 14.2924
Epoch: 16, loss (training): 14.2976, loss (eval): 14.2855
Epoch: 17, loss (training): 14.2966, loss (eval): 14.2927
Epoch: 18, loss (training): 14.2975, loss (eval): 14.3005
Epoch: 19, loss (training): 14.2954, loss (eval): 14.2983
Epoch: 20, loss (training): 14.2965, loss (eval): 14.2893
Epoch: 21, loss (training): 14.2991, loss (eval): 14.2981
Epoch: 22, loss (training): 14.2971, loss (eval): 14.2995
Epoch: 23, loss (training): 14.2965, loss (eval): 14.309
Epoch: 24, loss (training): 14.2967, loss (eval): 14.295
Epoch: 25, loss (training): 14.2965, loss (eval): 14.293
Epoch: 26, loss (training): 14.2961, loss (eval): 14.3025
Epoch: 27, loss (training): 14.2969, loss (eval): 14.2961
Epoch: 28, loss (training): 14.2962, loss (eval): 14.2951
Epoch: 29, loss (training): 14.2973, loss (eval): 14.2968
Epoch: 30, loss (training): 14.296, loss (eval): 14.2991
Epoch: 31, loss (training): 14.2995, loss (eval): 14.3056
Epoch: 32, loss (training): 14.2966, loss (eval): 14.2974
Epoch: 33, loss (training): 14.298, loss (eval): 14.2973
Epoch: 34, loss (training): 14.2979, loss (eval): 14.2941
Epoch: 35, loss (training): 14.2967, loss (eval): 14.2931
Early-stopping. Training converged after 36 epochs.
Iteration: 8
optimizer_post_lr: [0.0013966745921874994]
prob_prior: 0.007446583070924344
start update likelihood model
Epoch: 0, loss (training): 10.1945, loss (eval): 10.3124
Epoch: 1, loss (training): 10.1539, loss (eval): 10.4634
Epoch: 2, loss (training): 10.063, loss (eval): 10.238
Epoch: 3, loss (training): 10.0162, loss (eval): 10.2162
Epoch: 4, loss (training): 10.0045, loss (eval): 10.246
Epoch: 5, loss (training): 9.9916, loss (eval): 10.2801
Epoch: 6, loss (training): 9.9896, loss (eval): 10.2509
Epoch: 7, loss (training): 9.977, loss (eval): 10.2784
Epoch: 8, loss (training): 9.9823, loss (eval): 10.2782
Epoch: 9, loss (training): 9.9754, loss (eval): 10.2507
Epoch: 10, loss (training): 9.9598, loss (eval): 10.2827
Epoch: 11, loss (training): 9.9766, loss (eval): 10.2697
Epoch: 12, loss (training): 9.9695, loss (eval): 10.3462
Epoch: 13, loss (training): 9.9623, loss (eval): 10.2979
Epoch: 14, loss (training): 9.9521, loss (eval): 10.2256
Epoch: 15, loss (training): 9.9404, loss (eval): 10.2544
Epoch: 16, loss (training): 9.9369, loss (eval): 10.2569
Epoch: 17, loss (training): 9.9561, loss (eval): 10.2865
Epoch: 18, loss (training): 9.9168, loss (eval): 10.3358
Epoch: 19, loss (training): 9.9279, loss (eval): 10.2502
Epoch: 20, loss (training): 9.9398, loss (eval): 10.3078
Epoch: 21, loss (training): 9.9491, loss (eval): 10.3684
Epoch: 22, loss (training): 9.9175, loss (eval): 10.278
Early-stopping. Training converged after 23 epochs.
start update posterior model
Epoch: 0, loss (training): 13.8585, loss (eval): 13.8869
Epoch: 1, loss (training): 13.8538, loss (eval): 13.8494
Epoch: 2, loss (training): 13.8541, loss (eval): 13.8542
Epoch: 3, loss (training): 13.853, loss (eval): 13.8486
Epoch: 4, loss (training): 13.8519, loss (eval): 13.8457
Epoch: 5, loss (training): 13.8537, loss (eval): 13.8493
Epoch: 6, loss (training): 13.8563, loss (eval): 13.86
Epoch: 7, loss (training): 13.856, loss (eval): 13.8435
Epoch: 8, loss (training): 13.8543, loss (eval): 13.8502
Epoch: 9, loss (training): 13.8502, loss (eval): 13.8474
Epoch: 10, loss (training): 13.8515, loss (eval): 13.8513
Epoch: 11, loss (training): 13.8532, loss (eval): 13.8541
Epoch: 12, loss (training): 13.8529, loss (eval): 13.8465
Epoch: 13, loss (training): 13.8532, loss (eval): 13.8582
Epoch: 14, loss (training): 13.8514, loss (eval): 13.8554
Epoch: 15, loss (training): 13.8557, loss (eval): 13.8502
Epoch: 16, loss (training): 13.8542, loss (eval): 13.8505
Epoch: 17, loss (training): 13.8553, loss (eval): 13.8526
Epoch: 18, loss (training): 13.8559, loss (eval): 13.8437
Epoch: 19, loss (training): 13.8524, loss (eval): 13.8557
Epoch: 20, loss (training): 13.8547, loss (eval): 13.8492
Epoch: 21, loss (training): 13.8537, loss (eval): 13.8459
Epoch: 22, loss (training): 13.8511, loss (eval): 13.8464
Epoch: 23, loss (training): 13.8533, loss (eval): 13.8512
Epoch: 24, loss (training): 13.8528, loss (eval): 13.8488
Epoch: 25, loss (training): 13.8555, loss (eval): 13.8527
Epoch: 26, loss (training): 13.8545, loss (eval): 13.8521
Early-stopping. Training converged after 27 epochs.
Iteration: 9
optimizer_post_lr: [0.0013268408625781243]
prob_prior: 0.003697863716482932
start update likelihood model
Epoch: 0, loss (training): 10.2057, loss (eval): 10.2376
Epoch: 1, loss (training): 10.1617, loss (eval): 10.2243
Epoch: 2, loss (training): 10.1572, loss (eval): 10.2606
Epoch: 3, loss (training): 10.1462, loss (eval): 10.3027
Epoch: 4, loss (training): 10.1184, loss (eval): 10.2176
Epoch: 5, loss (training): 10.12, loss (eval): 10.2731
Epoch: 6, loss (training): 10.1016, loss (eval): 10.2744
Epoch: 7, loss (training): 10.1112, loss (eval): 10.2438
Epoch: 8, loss (training): 10.1118, loss (eval): 10.2353
Epoch: 9, loss (training): 10.1031, loss (eval): 10.3184
Epoch: 10, loss (training): 10.0849, loss (eval): 10.2753
Epoch: 11, loss (training): 10.0869, loss (eval): 10.2257
Epoch: 12, loss (training): 10.0816, loss (eval): 10.2675
Epoch: 13, loss (training): 10.0902, loss (eval): 10.3222
Epoch: 14, loss (training): 10.0792, loss (eval): 10.2985
Epoch: 15, loss (training): 10.0694, loss (eval): 10.2677
Epoch: 16, loss (training): 10.0734, loss (eval): 10.3693
Epoch: 17, loss (training): 10.08, loss (eval): 10.3074
Epoch: 18, loss (training): 10.0812, loss (eval): 10.3066
Epoch: 19, loss (training): 10.0717, loss (eval): 10.3335
Epoch: 20, loss (training): 10.0487, loss (eval): 10.3087
Epoch: 21, loss (training): 10.0558, loss (eval): 10.3823
Epoch: 22, loss (training): 10.0466, loss (eval): 10.3369
Epoch: 23, loss (training): 10.0539, loss (eval): 10.3551
Early-stopping. Training converged after 24 epochs.
start update posterior model
Epoch: 0, loss (training): 14.2221, loss (eval): 14.2344
Epoch: 1, loss (training): 14.2264, loss (eval): 14.2177
Epoch: 2, loss (training): 14.2215, loss (eval): 14.2173
Epoch: 3, loss (training): 14.223, loss (eval): 14.2264
Epoch: 4, loss (training): 14.2201, loss (eval): 14.2181
Epoch: 5, loss (training): 14.2201, loss (eval): 14.2195
Epoch: 6, loss (training): 14.2209, loss (eval): 14.209
Epoch: 7, loss (training): 14.2189, loss (eval): 14.2231
Epoch: 8, loss (training): 14.2203, loss (eval): 14.2204
Epoch: 9, loss (training): 14.2256, loss (eval): 14.2231
Epoch: 10, loss (training): 14.2194, loss (eval): 14.229
Epoch: 11, loss (training): 14.2237, loss (eval): 14.2145
Epoch: 12, loss (training): 14.2207, loss (eval): 14.2512
Epoch: 13, loss (training): 14.222, loss (eval): 14.2279
Epoch: 14, loss (training): 14.2184, loss (eval): 14.2231
Epoch: 15, loss (training): 14.2189, loss (eval): 14.223
Epoch: 16, loss (training): 14.2193, loss (eval): 14.2184
Epoch: 17, loss (training): 14.2186, loss (eval): 14.2237
Epoch: 18, loss (training): 14.2192, loss (eval): 14.2202
Epoch: 19, loss (training): 14.2207, loss (eval): 14.2138
Epoch: 20, loss (training): 14.2218, loss (eval): 14.2127
Epoch: 21, loss (training): 14.2204, loss (eval): 14.2164
Epoch: 22, loss (training): 14.2222, loss (eval): 14.2163
Epoch: 23, loss (training): 14.2204, loss (eval): 14.214
Epoch: 24, loss (training): 14.2193, loss (eval): 14.2164
Epoch: 25, loss (training): 14.2184, loss (eval): 14.2208
Early-stopping. Training converged after 26 epochs.
Iteration: 10
optimizer_post_lr: [0.001260498819449218]
prob_prior: 0.0018363047770289071
start update likelihood model
Epoch: 0, loss (training): 10.1798, loss (eval): 10.0037
Epoch: 1, loss (training): 10.1233, loss (eval): 9.9995
Epoch: 2, loss (training): 10.094, loss (eval): 9.9496
Epoch: 3, loss (training): 10.0757, loss (eval): 9.9345
Epoch: 4, loss (training): 10.0686, loss (eval): 10.0211
Epoch: 5, loss (training): 10.0757, loss (eval): 10.0052
Epoch: 6, loss (training): 10.0706, loss (eval): 9.9486
Epoch: 7, loss (training): 10.0593, loss (eval): 9.9579
Epoch: 8, loss (training): 10.0433, loss (eval): 9.9365
Epoch: 9, loss (training): 10.0372, loss (eval): 9.9396
Epoch: 10, loss (training): 10.0399, loss (eval): 9.9647
Epoch: 11, loss (training): 10.0281, loss (eval): 9.9774
Epoch: 12, loss (training): 10.0328, loss (eval): 9.948
Epoch: 13, loss (training): 10.0229, loss (eval): 9.9113
Epoch: 14, loss (training): 10.0448, loss (eval): 9.9684
Epoch: 15, loss (training): 10.0241, loss (eval): 10.0618
Epoch: 16, loss (training): 10.0259, loss (eval): 9.9514
Epoch: 17, loss (training): 10.0242, loss (eval): 9.926
Epoch: 18, loss (training): 10.0026, loss (eval): 9.9784
Epoch: 19, loss (training): 10.011, loss (eval): 9.9937
Epoch: 20, loss (training): 10.0094, loss (eval): 9.9757
Epoch: 21, loss (training): 10.0369, loss (eval): 10.0092
Epoch: 22, loss (training): 9.9966, loss (eval): 10.0051
Epoch: 23, loss (training): 9.9918, loss (eval): 9.9644
Epoch: 24, loss (training): 9.9966, loss (eval): 10.0112
Epoch: 25, loss (training): 9.9726, loss (eval): 10.032
Epoch: 26, loss (training): 9.9884, loss (eval): 9.9641
Epoch: 27, loss (training): 9.9765, loss (eval): 10.0179
Epoch: 28, loss (training): 9.9955, loss (eval): 9.9985
Epoch: 29, loss (training): 9.9847, loss (eval): 9.9883
Epoch: 30, loss (training): 9.979, loss (eval): 9.9874
Epoch: 31, loss (training): 9.9567, loss (eval): 9.9942
Epoch: 32, loss (training): 9.9711, loss (eval): 10.047
Early-stopping. Training converged after 33 epochs.
start update posterior model
Epoch: 0, loss (training): 14.726, loss (eval): 14.921
Epoch: 1, loss (training): 14.7185, loss (eval): 14.7164
Epoch: 2, loss (training): 14.7143, loss (eval): 14.7086
Epoch: 3, loss (training): 14.7137, loss (eval): 14.7159
Epoch: 4, loss (training): 14.7102, loss (eval): 14.7097
Epoch: 5, loss (training): 14.7131, loss (eval): 14.7066
Epoch: 6, loss (training): 14.7159, loss (eval): 14.7109
Epoch: 7, loss (training): 14.7151, loss (eval): 14.7165
Epoch: 8, loss (training): 14.7119, loss (eval): 14.7076
Epoch: 9, loss (training): 14.7129, loss (eval): 14.7136
Epoch: 10, loss (training): 14.7131, loss (eval): 14.7139
Epoch: 11, loss (training): 14.7141, loss (eval): 14.7155
Epoch: 12, loss (training): 14.7145, loss (eval): 14.7165
Epoch: 13, loss (training): 14.7151, loss (eval): 14.709
Epoch: 14, loss (training): 14.7135, loss (eval): 14.7172
Epoch: 15, loss (training): 14.7125, loss (eval): 14.71
Epoch: 16, loss (training): 14.7148, loss (eval): 14.7152
Epoch: 17, loss (training): 14.7144, loss (eval): 14.7106
Epoch: 18, loss (training): 14.7125, loss (eval): 14.7109
Epoch: 19, loss (training): 14.7154, loss (eval): 14.7144
Epoch: 20, loss (training): 14.7138, loss (eval): 14.7141
Epoch: 21, loss (training): 14.7123, loss (eval): 14.7169
Epoch: 22, loss (training): 14.714, loss (eval): 14.7123
Epoch: 23, loss (training): 14.7149, loss (eval): 14.7122
Epoch: 24, loss (training): 14.715, loss (eval): 14.7114
Early-stopping. Training converged after 25 epochs.

Runtime:1432.12
0
1
2
3
4
5
6
7
8
9
