Input args:
Dim: 2
seed: 7
seed_data: 10
/home/samwiq/snpla/seq-posterior-approx-w-nf-dev/mv_gaussian/low_dim_w_five_obs/lunarc
/home/samwiq/snpla/seq-posterior-approx-w-nf-dev
tensor(5.3982e+13, grad_fn=<MeanBackward0>)
tensor(5.7195e+09, grad_fn=<MeanBackward0>)
tensor([ 5.5615e+10, -1.5059e+09, -3.3679e+07,  5.2784e+01,  1.5586e+04,
         5.2854e+05,  6.9036e+05, -6.8666e+03,  5.3455e+04,  2.3230e+01],
       grad_fn=<MeanBackward1>)
tensor([1.6686e+12, 4.6066e+10, 1.6782e+09, 1.3774e+03, 4.3971e+05, 9.4923e+06,
        2.1461e+07, 1.2330e+05, 1.6820e+06, 3.0438e+02],
       grad_fn=<StdBackward1>)
tensor([-0.5011,  1.8690,  0.7865,  2.4942,  1.6625,  3.4749, -0.7470,  1.7802,
        -0.1656,  1.3073])
start full training
Iteration: 1
start update likelihood model
Epoch: 0, loss: 20.634304752349852, eval loss: [NA]
Epoch: 1, loss: 14.455038414001464, eval loss: [NA]
Epoch: 2, loss: 11.936236205101013, eval loss: [NA]
Epoch: 3, loss: 10.792458438873291, eval loss: [NA]
Epoch: 4, loss: 10.567154307365417, eval loss: [NA]
Epoch: 5, loss: 10.433393931388855, eval loss: [NA]
Epoch: 6, loss: 10.352260389328002, eval loss: [NA]
Epoch: 7, loss: 10.326263179779053, eval loss: [NA]
Epoch: 8, loss: 10.318091731071473, eval loss: [NA]
Epoch: 9, loss: 10.278611836433411, eval loss: [NA]
Epoch: 10, loss: 10.273713717460632, eval loss: [NA]
Epoch: 11, loss: 10.27424485206604, eval loss: [NA]
Epoch: 12, loss: 10.239742350578307, eval loss: [NA]
Epoch: 13, loss: 10.249875936508179, eval loss: [NA]
Epoch: 14, loss: 10.22645697593689, eval loss: [NA]
Epoch: 15, loss: 10.233221821784973, eval loss: [NA]
Epoch: 16, loss: 10.218462748527527, eval loss: [NA]
Epoch: 17, loss: 10.198115406036377, eval loss: [NA]
Epoch: 18, loss: 10.198102097511292, eval loss: [NA]
Epoch: 19, loss: 10.228748002052306, eval loss: [NA]
Epoch: 20, loss: 10.191498279571533, eval loss: [NA]
Epoch: 21, loss: 10.201419339179992, eval loss: [NA]
Epoch: 22, loss: 10.189613537788391, eval loss: [NA]
Epoch: 23, loss: 10.189552817344666, eval loss: [NA]
Epoch: 24, loss: 10.201757082939148, eval loss: [NA]
start update posterior model from prior pred - hot start
Epoch: 0, loss: 2.1275331979990004, eval loss: [NA]
Epoch: 1, loss: 0.8949120071530342, eval loss: [NA]
Epoch: 2, loss: 0.6642801009863615, eval loss: [NA]
Epoch: 3, loss: 0.586799438893795, eval loss: [NA]
Epoch: 4, loss: 0.5808173730224371, eval loss: [NA]
start update posterior model
Epoch: 0, loss: 15.239337315559387, eval loss: [NA]
Epoch: 1, loss: 15.240752429962159, eval loss: [NA]
Epoch: 2, loss: 15.223767800331116, eval loss: [NA]
Epoch: 3, loss: 15.229095873832703, eval loss: [NA]
Epoch: 4, loss: 15.238896985054016, eval loss: [NA]
Epoch: 5, loss: 15.228027625083923, eval loss: [NA]
Epoch: 6, loss: 15.224003767967224, eval loss: [NA]
Epoch: 7, loss: 15.22561644077301, eval loss: [NA]
Epoch: 8, loss: 15.229084887504577, eval loss: [NA]
Epoch: 9, loss: 15.21718424320221, eval loss: [NA]
Epoch: 10, loss: 15.223441605567933, eval loss: [NA]
Epoch: 11, loss: 15.215129232406616, eval loss: [NA]
Epoch: 12, loss: 15.219227046966553, eval loss: [NA]
Epoch: 13, loss: 15.218048791885376, eval loss: [NA]
Epoch: 14, loss: 15.222333097457886, eval loss: [NA]
Epoch: 15, loss: 15.21761070728302, eval loss: [NA]
Epoch: 16, loss: 15.22080593109131, eval loss: [NA]
Epoch: 17, loss: 15.222821469306945, eval loss: [NA]
Epoch: 18, loss: 15.21605613708496, eval loss: [NA]
Epoch: 19, loss: 15.215174989700317, eval loss: [NA]
Epoch: 20, loss: 15.214922752380371, eval loss: [NA]
Epoch: 21, loss: 15.221719737052917, eval loss: [NA]
Epoch: 22, loss: 15.217784099578857, eval loss: [NA]
Epoch: 23, loss: 15.208122115135193, eval loss: [NA]
Epoch: 24, loss: 15.2121124792099, eval loss: [NA]
Epoch: 25, loss: 15.216790170669556, eval loss: [NA]
Epoch: 26, loss: 15.210670733451844, eval loss: [NA]
Epoch: 27, loss: 15.213111662864685, eval loss: [NA]
Epoch: 28, loss: 15.207021832466125, eval loss: [NA]
Epoch: 29, loss: 15.212453322410584, eval loss: [NA]
Iteration: 2
start update likelihood model
Epoch: 0, loss: 10.135404071807862, eval loss: [NA]
Epoch: 1, loss: 10.128592176437378, eval loss: [NA]
Epoch: 2, loss: 10.11710117340088, eval loss: [NA]
Epoch: 3, loss: 10.117678136825562, eval loss: [NA]
Epoch: 4, loss: 10.1182989692688, eval loss: [NA]
Epoch: 5, loss: 10.123627591133118, eval loss: [NA]
Epoch: 6, loss: 10.112786560058593, eval loss: [NA]
Epoch: 7, loss: 10.101301350593566, eval loss: [NA]
Epoch: 8, loss: 10.118696999549865, eval loss: [NA]
Epoch: 9, loss: 10.10561807155609, eval loss: [NA]
Epoch: 10, loss: 10.108896613121033, eval loss: [NA]
Epoch: 11, loss: 10.113343677520753, eval loss: [NA]
Epoch: 12, loss: 10.109179892539977, eval loss: [NA]
Epoch: 13, loss: 10.09628493785858, eval loss: [NA]
Epoch: 14, loss: 10.107127351760864, eval loss: [NA]
Epoch: 15, loss: 10.112628054618835, eval loss: [NA]
Epoch: 16, loss: 10.107387537956237, eval loss: [NA]
Epoch: 17, loss: 10.09964777469635, eval loss: [NA]
Epoch: 18, loss: 10.087450590133667, eval loss: [NA]
Epoch: 19, loss: 10.098364706039428, eval loss: [NA]
Epoch: 20, loss: 10.120744285583497, eval loss: [NA]
Epoch: 21, loss: 10.098412103652954, eval loss: [NA]
Epoch: 22, loss: 10.082992768287658, eval loss: [NA]
Epoch: 23, loss: 10.09371823310852, eval loss: [NA]
Epoch: 24, loss: 10.093632946014404, eval loss: [NA]
Epoch: 25, loss: 10.083652520179749, eval loss: [NA]
Epoch: 26, loss: 10.079016580581666, eval loss: [NA]
Epoch: 27, loss: 10.082710003852844, eval loss: [NA]
Epoch: 28, loss: 10.077360649108886, eval loss: [NA]
Epoch: 29, loss: 10.076759309768677, eval loss: [NA]
start update posterior model
Epoch: 0, loss: 13.827973093986511, eval loss: [NA]
Epoch: 1, loss: 13.818273620605469, eval loss: [NA]
Epoch: 2, loss: 13.81947175502777, eval loss: [NA]
Epoch: 3, loss: 13.825059161186218, eval loss: [NA]
Epoch: 4, loss: 13.819387378692626, eval loss: [NA]
Epoch: 5, loss: 13.820764851570129, eval loss: [NA]
Epoch: 6, loss: 13.827866716384888, eval loss: [NA]
Epoch: 7, loss: 13.8255410861969, eval loss: [NA]
Epoch: 8, loss: 13.818131313323974, eval loss: [NA]
Epoch: 9, loss: 13.821233386993407, eval loss: [NA]
Epoch: 10, loss: 13.81896107196808, eval loss: [NA]
Epoch: 11, loss: 13.816117873191834, eval loss: [NA]
Epoch: 12, loss: 13.819928607940675, eval loss: [NA]
Epoch: 13, loss: 13.817969689369201, eval loss: [NA]
Epoch: 14, loss: 13.821409449577331, eval loss: [NA]
Epoch: 15, loss: 13.822262268066407, eval loss: [NA]
Epoch: 16, loss: 13.815822367668153, eval loss: [NA]
Epoch: 17, loss: 13.81414716720581, eval loss: [NA]
Epoch: 18, loss: 13.821455249786377, eval loss: [NA]
Epoch: 19, loss: 13.82002559185028, eval loss: [NA]
Epoch: 20, loss: 13.819574847221375, eval loss: [NA]
Epoch: 21, loss: 13.826387610435486, eval loss: [NA]
Epoch: 22, loss: 13.817035746574401, eval loss: [NA]
Epoch: 23, loss: 13.818980374336242, eval loss: [NA]
Epoch: 24, loss: 13.819664282798767, eval loss: [NA]
Epoch: 25, loss: 13.817068018913268, eval loss: [NA]
Epoch: 26, loss: 13.822302598953247, eval loss: [NA]
Epoch: 27, loss: 13.820791993141174, eval loss: [NA]
Epoch: 28, loss: 13.818104000091553, eval loss: [NA]
Epoch: 29, loss: 13.816835179328919, eval loss: [NA]
Iteration: 3
start update likelihood model
Epoch: 0, loss: 10.123298835754394, eval loss: [NA]
Epoch: 1, loss: 10.106924662590027, eval loss: [NA]
Epoch: 2, loss: 10.104813265800477, eval loss: [NA]
Epoch: 3, loss: 10.101419630050659, eval loss: [NA]
Epoch: 4, loss: 10.10874463558197, eval loss: [NA]
Epoch: 5, loss: 10.100925717353821, eval loss: [NA]
Epoch: 6, loss: 10.096109972000122, eval loss: [NA]
Epoch: 7, loss: 10.0963148021698, eval loss: [NA]
Epoch: 8, loss: 10.084194555282593, eval loss: [NA]
Epoch: 9, loss: 10.082015385627747, eval loss: [NA]
Epoch: 10, loss: 10.080354256629944, eval loss: [NA]
Epoch: 11, loss: 10.075048379898071, eval loss: [NA]
Epoch: 12, loss: 10.076734108924866, eval loss: [NA]
Epoch: 13, loss: 10.072568244934082, eval loss: [NA]
Epoch: 14, loss: 10.083797240257264, eval loss: [NA]
Epoch: 15, loss: 10.07367383480072, eval loss: [NA]
Epoch: 16, loss: 10.070587549209595, eval loss: [NA]
Epoch: 17, loss: 10.086386151313782, eval loss: [NA]
Epoch: 18, loss: 10.067000818252563, eval loss: [NA]
Epoch: 19, loss: 10.065441908836364, eval loss: [NA]
Epoch: 20, loss: 10.074572520256043, eval loss: [NA]
Epoch: 21, loss: 10.064429364204408, eval loss: [NA]
Epoch: 22, loss: 10.064978580474854, eval loss: [NA]
Epoch: 23, loss: 10.065360550880433, eval loss: [NA]
Epoch: 24, loss: 10.058086142539977, eval loss: [NA]
Epoch: 25, loss: 10.06526852607727, eval loss: [NA]
Epoch: 26, loss: 10.062333040237426, eval loss: [NA]
Epoch: 27, loss: 10.056944317817688, eval loss: [NA]
Epoch: 28, loss: 10.059537234306335, eval loss: [NA]
Epoch: 29, loss: 10.056143698692322, eval loss: [NA]
start update posterior model
Epoch: 0, loss: 14.19251494884491, eval loss: [NA]
Epoch: 1, loss: 14.189037795066833, eval loss: [NA]
Epoch: 2, loss: 14.188011326789855, eval loss: [NA]
Epoch: 3, loss: 14.188366117477416, eval loss: [NA]
Epoch: 4, loss: 14.187985682487488, eval loss: [NA]
Epoch: 5, loss: 14.189984059333801, eval loss: [NA]
Epoch: 6, loss: 14.18834734916687, eval loss: [NA]
Epoch: 7, loss: 14.189277629852295, eval loss: [NA]
Epoch: 8, loss: 14.187187385559081, eval loss: [NA]
Epoch: 9, loss: 14.1855037689209, eval loss: [NA]
Epoch: 10, loss: 14.189709496498107, eval loss: [NA]
Epoch: 11, loss: 14.192712640762329, eval loss: [NA]
Epoch: 12, loss: 14.186017441749573, eval loss: [NA]
Epoch: 13, loss: 14.186600241661072, eval loss: [NA]
Epoch: 14, loss: 14.191528544425964, eval loss: [NA]
Epoch: 15, loss: 14.186264958381653, eval loss: [NA]
Epoch: 16, loss: 14.185918283462524, eval loss: [NA]
Epoch: 17, loss: 14.189127874374389, eval loss: [NA]
Epoch: 18, loss: 14.187095236778259, eval loss: [NA]
Epoch: 19, loss: 14.187910280227662, eval loss: [NA]
Epoch: 20, loss: 14.190725531578064, eval loss: [NA]
Epoch: 21, loss: 14.191714024543762, eval loss: [NA]
Epoch: 22, loss: 14.184118628501892, eval loss: [NA]
Epoch: 23, loss: 14.189008145332336, eval loss: [NA]
Epoch: 24, loss: 14.18879988193512, eval loss: [NA]
Epoch: 25, loss: 14.188008608818054, eval loss: [NA]
Epoch: 26, loss: 14.184962639808655, eval loss: [NA]
Epoch: 27, loss: 14.187414989471435, eval loss: [NA]
Epoch: 28, loss: 14.182752914428711, eval loss: [NA]
Epoch: 29, loss: 14.193609428405761, eval loss: [NA]
Iteration: 4
start update likelihood model
Epoch: 0, loss: 10.071087603569032, eval loss: [NA]
Epoch: 1, loss: 10.052484002113342, eval loss: [NA]
Epoch: 2, loss: 10.050960936546325, eval loss: [NA]
Epoch: 3, loss: 10.046859955787658, eval loss: [NA]
Epoch: 4, loss: 10.043422904014587, eval loss: [NA]
Epoch: 5, loss: 10.038717513084412, eval loss: [NA]
Epoch: 6, loss: 10.043224635124206, eval loss: [NA]
Epoch: 7, loss: 10.032937107086182, eval loss: [NA]
Epoch: 8, loss: 10.040318760871887, eval loss: [NA]
Epoch: 9, loss: 10.038499174118042, eval loss: [NA]
Epoch: 10, loss: 10.037478804588318, eval loss: [NA]
Epoch: 11, loss: 10.026128425598145, eval loss: [NA]
Epoch: 12, loss: 10.035526418685913, eval loss: [NA]
Epoch: 13, loss: 10.029563703536986, eval loss: [NA]
Epoch: 14, loss: 10.027191042900085, eval loss: [NA]
Epoch: 15, loss: 10.030918188095093, eval loss: [NA]
Epoch: 16, loss: 10.020194897651672, eval loss: [NA]
Epoch: 17, loss: 10.034022493362427, eval loss: [NA]
Epoch: 18, loss: 10.026652836799622, eval loss: [NA]
Epoch: 19, loss: 10.017270040512084, eval loss: [NA]
Epoch: 20, loss: 10.017052268981933, eval loss: [NA]
Epoch: 21, loss: 10.01509729385376, eval loss: [NA]
Epoch: 22, loss: 10.01912323474884, eval loss: [NA]
Epoch: 23, loss: 10.008711318969727, eval loss: [NA]
Epoch: 24, loss: 10.013306078910828, eval loss: [NA]
Epoch: 25, loss: 10.009376072883606, eval loss: [NA]
Epoch: 26, loss: 10.01469925880432, eval loss: [NA]
Epoch: 27, loss: 10.005856900215148, eval loss: [NA]
Epoch: 28, loss: 10.002752208709717, eval loss: [NA]
Epoch: 29, loss: 10.010483884811402, eval loss: [NA]
start update posterior model
Epoch: 0, loss: 14.64676326751709, eval loss: [NA]
Epoch: 1, loss: 14.645309100151062, eval loss: [NA]
Epoch: 2, loss: 14.640305943489075, eval loss: [NA]
Epoch: 3, loss: 14.642230620384217, eval loss: [NA]
Epoch: 4, loss: 14.645721988677979, eval loss: [NA]
Epoch: 5, loss: 14.646911187171936, eval loss: [NA]
Epoch: 6, loss: 14.646572937965393, eval loss: [NA]
Epoch: 7, loss: 14.642953066825866, eval loss: [NA]
Epoch: 8, loss: 14.643987293243407, eval loss: [NA]
Epoch: 9, loss: 14.641450710296631, eval loss: [NA]
Epoch: 10, loss: 14.640428099632263, eval loss: [NA]
Epoch: 11, loss: 14.639533205032349, eval loss: [NA]
Epoch: 12, loss: 14.641824746131897, eval loss: [NA]
Epoch: 13, loss: 14.645580925941466, eval loss: [NA]
Epoch: 14, loss: 14.64160966873169, eval loss: [NA]
Epoch: 15, loss: 14.639941906929016, eval loss: [NA]
Epoch: 16, loss: 14.639649972915649, eval loss: [NA]
Epoch: 17, loss: 14.648384895324707, eval loss: [NA]
Epoch: 18, loss: 14.6404838514328, eval loss: [NA]
Epoch: 19, loss: 14.638892669677734, eval loss: [NA]
Epoch: 20, loss: 14.63776801586151, eval loss: [NA]
Epoch: 21, loss: 14.639751534461976, eval loss: [NA]
Epoch: 22, loss: 14.638842511177064, eval loss: [NA]
Epoch: 23, loss: 14.641861701011658, eval loss: [NA]
Epoch: 24, loss: 14.637513718605042, eval loss: [NA]
Epoch: 25, loss: 14.635361623764037, eval loss: [NA]
Epoch: 26, loss: 14.644382886886596, eval loss: [NA]
Epoch: 27, loss: 14.64098669052124, eval loss: [NA]
Epoch: 28, loss: 14.639407138824463, eval loss: [NA]
Epoch: 29, loss: 14.639998936653138, eval loss: [NA]

Runtime:568.75
[168239041514.9137, 0.0041, 0.0136, 0.017]
[5719517184.0, 1.2304, 1.246, 1.2626]
[53982215012352.0, 1.368, 1.359, 1.353]
KL div untrained: 155990377371.4811
KL div trained: 0.0247
