Input args:
Dim: 2
seed: 27
seed_data: 10
/home/samwiq/snpla/seq-posterior-approx-w-nf-dev/mv_gaussian/low_dim_w_five_obs/lunarc
/home/samwiq/snpla/seq-posterior-approx-w-nf-dev
tensor(1.2559e+13, grad_fn=<MeanBackward0>)
tensor(6.3406e+08, grad_fn=<MeanBackward0>)
tensor([ 6.1879e+09, -1.0042e+08,  4.3859e+07,  5.3769e+01,  3.7782e+03,
         1.2631e+06,  4.4052e+04, -1.6415e+04,  1.8792e+03,  3.7029e+01],
       grad_fn=<MeanBackward1>)
tensor([1.0680e+11, 2.3839e+09, 1.1745e+09, 8.9404e+02, 1.1896e+05, 3.1201e+07,
        1.1075e+06, 4.0550e+05, 9.5071e+04, 8.1969e+02],
       grad_fn=<StdBackward1>)
tensor([ 1.9335, -0.7446,  2.7260,  0.5752,  2.6555,  0.9193,  1.1625, -0.9061,
         1.2185, -1.0946])
start full training
Iteration: 1
start update likelihood model
Epoch: 0, loss: 20.47079468727112, eval loss: [NA]
Epoch: 1, loss: 14.017342438697815, eval loss: [NA]
Epoch: 2, loss: 11.446538047790527, eval loss: [NA]
Epoch: 3, loss: 10.717944808006287, eval loss: [NA]
Epoch: 4, loss: 10.51198320865631, eval loss: [NA]
Epoch: 5, loss: 10.42313602924347, eval loss: [NA]
Epoch: 6, loss: 10.369146432876587, eval loss: [NA]
Epoch: 7, loss: 10.331791605949402, eval loss: [NA]
Epoch: 8, loss: 10.331029033660888, eval loss: [NA]
Epoch: 9, loss: 10.31564992904663, eval loss: [NA]
Epoch: 10, loss: 10.293452486991882, eval loss: [NA]
Epoch: 11, loss: 10.309582772254943, eval loss: [NA]
Epoch: 12, loss: 10.27300901889801, eval loss: [NA]
Epoch: 13, loss: 10.292372307777406, eval loss: [NA]
Epoch: 14, loss: 10.280215053558349, eval loss: [NA]
Epoch: 15, loss: 10.272496976852416, eval loss: [NA]
Epoch: 16, loss: 10.246088757514954, eval loss: [NA]
Epoch: 17, loss: 10.244117050170898, eval loss: [NA]
Epoch: 18, loss: 10.239435772895813, eval loss: [NA]
Epoch: 19, loss: 10.211938009262084, eval loss: [NA]
Epoch: 20, loss: 10.227311019897462, eval loss: [NA]
Epoch: 21, loss: 10.235183029174804, eval loss: [NA]
Epoch: 22, loss: 10.219578046798706, eval loss: [NA]
Epoch: 23, loss: 10.191856427192688, eval loss: [NA]
Epoch: 24, loss: 10.225202932357789, eval loss: [NA]
start update posterior model from prior pred - hot start
Epoch: 0, loss: 2.005386636555195, eval loss: [NA]
Epoch: 1, loss: 0.8106009984016418, eval loss: [NA]
Epoch: 2, loss: 0.6492160394787788, eval loss: [NA]
Epoch: 3, loss: 0.5677040088921785, eval loss: [NA]
Epoch: 4, loss: 0.5602696879953146, eval loss: [NA]
start update posterior model
Epoch: 0, loss: 11.858862180709838, eval loss: [NA]
Epoch: 1, loss: 11.878201513290405, eval loss: [NA]
Epoch: 2, loss: 11.837138090133667, eval loss: [NA]
Epoch: 3, loss: 11.836809010505677, eval loss: [NA]
Epoch: 4, loss: 11.83819456577301, eval loss: [NA]
Epoch: 5, loss: 11.838484902381897, eval loss: [NA]
Epoch: 6, loss: 11.830825252532959, eval loss: [NA]
Epoch: 7, loss: 11.827443203926087, eval loss: [NA]
Epoch: 8, loss: 11.843025250434875, eval loss: [NA]
Epoch: 9, loss: 11.837579102516175, eval loss: [NA]
Epoch: 10, loss: 11.837517828941346, eval loss: [NA]
Epoch: 11, loss: 11.839235529899597, eval loss: [NA]
Epoch: 12, loss: 11.83722930431366, eval loss: [NA]
Epoch: 13, loss: 11.83339976787567, eval loss: [NA]
Epoch: 14, loss: 11.835216150283813, eval loss: [NA]
Epoch: 15, loss: 11.831815948486328, eval loss: [NA]
Epoch: 16, loss: 11.830529084205628, eval loss: [NA]
Epoch: 17, loss: 11.831895623207092, eval loss: [NA]
Epoch: 18, loss: 11.832482328414917, eval loss: [NA]
Epoch: 19, loss: 11.831594967842102, eval loss: [NA]
Epoch: 20, loss: 11.828198080062867, eval loss: [NA]
Epoch: 21, loss: 11.826737008094788, eval loss: [NA]
Epoch: 22, loss: 11.827027740478515, eval loss: [NA]
Epoch: 23, loss: 11.8261283826828, eval loss: [NA]
Epoch: 24, loss: 11.829896535873413, eval loss: [NA]
Epoch: 25, loss: 11.824959282875062, eval loss: [NA]
Epoch: 26, loss: 11.828502521514892, eval loss: [NA]
Epoch: 27, loss: 11.82240997314453, eval loss: [NA]
Epoch: 28, loss: 11.823492136001587, eval loss: [NA]
Epoch: 29, loss: 11.82763279914856, eval loss: [NA]
Iteration: 2
start update likelihood model
Epoch: 0, loss: 10.126739649772643, eval loss: [NA]
Epoch: 1, loss: 10.118233132362366, eval loss: [NA]
Epoch: 2, loss: 10.107814702987671, eval loss: [NA]
Epoch: 3, loss: 10.093860487937928, eval loss: [NA]
Epoch: 4, loss: 10.09277783870697, eval loss: [NA]
Epoch: 5, loss: 10.10499806880951, eval loss: [NA]
Epoch: 6, loss: 10.104157700538636, eval loss: [NA]
Epoch: 7, loss: 10.089851894378661, eval loss: [NA]
Epoch: 8, loss: 10.109293766021729, eval loss: [NA]
Epoch: 9, loss: 10.120068817138671, eval loss: [NA]
Epoch: 10, loss: 10.094794707298279, eval loss: [NA]
Epoch: 11, loss: 10.091422181129456, eval loss: [NA]
Epoch: 12, loss: 10.083278737068177, eval loss: [NA]
Epoch: 13, loss: 10.09865348815918, eval loss: [NA]
Epoch: 14, loss: 10.106308822631837, eval loss: [NA]
Epoch: 15, loss: 10.09535924911499, eval loss: [NA]
Epoch: 16, loss: 10.095330696105957, eval loss: [NA]
Epoch: 17, loss: 10.092573671340942, eval loss: [NA]
Epoch: 18, loss: 10.083614950180054, eval loss: [NA]
Epoch: 19, loss: 10.074380717277528, eval loss: [NA]
Epoch: 20, loss: 10.0896320104599, eval loss: [NA]
Epoch: 21, loss: 10.097171235084534, eval loss: [NA]
Epoch: 22, loss: 10.07887243270874, eval loss: [NA]
Epoch: 23, loss: 10.082324934005737, eval loss: [NA]
Epoch: 24, loss: 10.08233027458191, eval loss: [NA]
Epoch: 25, loss: 10.084104433059693, eval loss: [NA]
Epoch: 26, loss: 10.082782473564148, eval loss: [NA]
Epoch: 27, loss: 10.089523410797119, eval loss: [NA]
Epoch: 28, loss: 10.078602576255799, eval loss: [NA]
Epoch: 29, loss: 10.06765655040741, eval loss: [NA]
start update posterior model
Epoch: 0, loss: 12.076884160041809, eval loss: [NA]
Epoch: 1, loss: 12.070681576728822, eval loss: [NA]
Epoch: 2, loss: 12.073623628616334, eval loss: [NA]
Epoch: 3, loss: 12.069553771018981, eval loss: [NA]
Epoch: 4, loss: 12.070823440551758, eval loss: [NA]
Epoch: 5, loss: 12.072673144340515, eval loss: [NA]
Epoch: 6, loss: 12.075912590026855, eval loss: [NA]
Epoch: 7, loss: 12.074526839256286, eval loss: [NA]
Epoch: 8, loss: 12.06653657913208, eval loss: [NA]
Epoch: 9, loss: 12.064762291908265, eval loss: [NA]
Epoch: 10, loss: 12.068814430236817, eval loss: [NA]
Epoch: 11, loss: 12.07143063545227, eval loss: [NA]
Epoch: 12, loss: 12.065152626037598, eval loss: [NA]
Epoch: 13, loss: 12.069309978485107, eval loss: [NA]
Epoch: 14, loss: 12.066031370162964, eval loss: [NA]
Epoch: 15, loss: 12.067708797454834, eval loss: [NA]
Epoch: 16, loss: 12.063573641777039, eval loss: [NA]
Epoch: 17, loss: 12.063461050987243, eval loss: [NA]
Epoch: 18, loss: 12.068442511558533, eval loss: [NA]
Epoch: 19, loss: 12.070867352485656, eval loss: [NA]
Epoch: 20, loss: 12.068808326721191, eval loss: [NA]
Epoch: 21, loss: 12.064296259880066, eval loss: [NA]
Epoch: 22, loss: 12.066490788459777, eval loss: [NA]
Epoch: 23, loss: 12.07172462463379, eval loss: [NA]
Epoch: 24, loss: 12.065641803741455, eval loss: [NA]
Epoch: 25, loss: 12.068600664138794, eval loss: [NA]
Epoch: 26, loss: 12.067026534080505, eval loss: [NA]
Epoch: 27, loss: 12.067897772789001, eval loss: [NA]
Epoch: 28, loss: 12.069991874694825, eval loss: [NA]
Epoch: 29, loss: 12.071711888313294, eval loss: [NA]
Iteration: 3
start update likelihood model
Epoch: 0, loss: 10.155953722000122, eval loss: [NA]
Epoch: 1, loss: 10.145361685752869, eval loss: [NA]
Epoch: 2, loss: 10.135560326576233, eval loss: [NA]
Epoch: 3, loss: 10.152190327644348, eval loss: [NA]
Epoch: 4, loss: 10.134357323646546, eval loss: [NA]
Epoch: 5, loss: 10.139497594833374, eval loss: [NA]
Epoch: 6, loss: 10.12392092704773, eval loss: [NA]
Epoch: 7, loss: 10.124836082458495, eval loss: [NA]
Epoch: 8, loss: 10.124678468704223, eval loss: [NA]
Epoch: 9, loss: 10.118277831077576, eval loss: [NA]
Epoch: 10, loss: 10.127980918884278, eval loss: [NA]
Epoch: 11, loss: 10.12500476360321, eval loss: [NA]
Epoch: 12, loss: 10.114070148468018, eval loss: [NA]
Epoch: 13, loss: 10.128362288475037, eval loss: [NA]
Epoch: 14, loss: 10.112296957969665, eval loss: [NA]
Epoch: 15, loss: 10.114558663368225, eval loss: [NA]
Epoch: 16, loss: 10.116375885009766, eval loss: [NA]
Epoch: 17, loss: 10.108225679397583, eval loss: [NA]
Epoch: 18, loss: 10.109143886566162, eval loss: [NA]
Epoch: 19, loss: 10.111956653594971, eval loss: [NA]
Epoch: 20, loss: 10.106515908241272, eval loss: [NA]
Epoch: 21, loss: 10.098996562957764, eval loss: [NA]
Epoch: 22, loss: 10.105806674957275, eval loss: [NA]
Epoch: 23, loss: 10.10120753288269, eval loss: [NA]
Epoch: 24, loss: 10.107090249061585, eval loss: [NA]
Epoch: 25, loss: 10.114739189147949, eval loss: [NA]
Epoch: 26, loss: 10.09739005088806, eval loss: [NA]
Epoch: 27, loss: 10.095786108970643, eval loss: [NA]
Epoch: 28, loss: 10.09202600479126, eval loss: [NA]
Epoch: 29, loss: 10.08804916381836, eval loss: [NA]
start update posterior model
Epoch: 0, loss: 11.975780010223389, eval loss: [NA]
Epoch: 1, loss: 11.975561470985413, eval loss: [NA]
Epoch: 2, loss: 11.969978532791139, eval loss: [NA]
Epoch: 3, loss: 11.97010934829712, eval loss: [NA]
Epoch: 4, loss: 11.965711178779602, eval loss: [NA]
Epoch: 5, loss: 11.964181108474731, eval loss: [NA]
Epoch: 6, loss: 11.965441370010376, eval loss: [NA]
Epoch: 7, loss: 11.96598638534546, eval loss: [NA]
Epoch: 8, loss: 11.968786449432374, eval loss: [NA]
Epoch: 9, loss: 11.967795267105103, eval loss: [NA]
Epoch: 10, loss: 11.965663223266601, eval loss: [NA]
Epoch: 11, loss: 11.964450554847717, eval loss: [NA]
Epoch: 12, loss: 11.971018257141113, eval loss: [NA]
Epoch: 13, loss: 11.967223892211914, eval loss: [NA]
Epoch: 14, loss: 11.964238572120667, eval loss: [NA]
Epoch: 15, loss: 11.969649014472962, eval loss: [NA]
Epoch: 16, loss: 11.967883658409118, eval loss: [NA]
Epoch: 17, loss: 11.968091111183167, eval loss: [NA]
Epoch: 18, loss: 11.964769048690796, eval loss: [NA]
Epoch: 19, loss: 11.966006851196289, eval loss: [NA]
Epoch: 20, loss: 11.961576752662658, eval loss: [NA]
Epoch: 21, loss: 11.963408637046815, eval loss: [NA]
Epoch: 22, loss: 11.967065501213074, eval loss: [NA]
Epoch: 23, loss: 11.968728289604186, eval loss: [NA]
Epoch: 24, loss: 11.962058434486389, eval loss: [NA]
Epoch: 25, loss: 11.963985495567321, eval loss: [NA]
Epoch: 26, loss: 11.963419609069824, eval loss: [NA]
Epoch: 27, loss: 11.96412579536438, eval loss: [NA]
Epoch: 28, loss: 11.965618844032287, eval loss: [NA]
Epoch: 29, loss: 11.966857204437256, eval loss: [NA]
Iteration: 4
start update likelihood model
Epoch: 0, loss: 10.093354153633118, eval loss: [NA]
Epoch: 1, loss: 10.087956638336182, eval loss: [NA]
Epoch: 2, loss: 10.073543553352357, eval loss: [NA]
Epoch: 3, loss: 10.076639065742492, eval loss: [NA]
Epoch: 4, loss: 10.06350703716278, eval loss: [NA]
Epoch: 5, loss: 10.061947622299193, eval loss: [NA]
Epoch: 6, loss: 10.065695548057557, eval loss: [NA]
Epoch: 7, loss: 10.068688082695008, eval loss: [NA]
Epoch: 8, loss: 10.065393686294556, eval loss: [NA]
Epoch: 9, loss: 10.054660339355468, eval loss: [NA]
Epoch: 10, loss: 10.05788652420044, eval loss: [NA]
Epoch: 11, loss: 10.060679478645325, eval loss: [NA]
Epoch: 12, loss: 10.06417760372162, eval loss: [NA]
Epoch: 13, loss: 10.060882411003114, eval loss: [NA]
Epoch: 14, loss: 10.054173126220704, eval loss: [NA]
Epoch: 15, loss: 10.05230495452881, eval loss: [NA]
Epoch: 16, loss: 10.059376940727233, eval loss: [NA]
Epoch: 17, loss: 10.049793853759766, eval loss: [NA]
Epoch: 18, loss: 10.04522313594818, eval loss: [NA]
Epoch: 19, loss: 10.038526163101196, eval loss: [NA]
Epoch: 20, loss: 10.042963485717774, eval loss: [NA]
Epoch: 21, loss: 10.049271531105042, eval loss: [NA]
Epoch: 22, loss: 10.041878724098206, eval loss: [NA]
Epoch: 23, loss: 10.040854535102845, eval loss: [NA]
Epoch: 24, loss: 10.039566369056702, eval loss: [NA]
Epoch: 25, loss: 10.038719773292542, eval loss: [NA]
Epoch: 26, loss: 10.038585424423218, eval loss: [NA]
Epoch: 27, loss: 10.040855202674866, eval loss: [NA]
Epoch: 28, loss: 10.03626305103302, eval loss: [NA]
Epoch: 29, loss: 10.045251727104187, eval loss: [NA]
start update posterior model
Epoch: 0, loss: 11.80763069152832, eval loss: [NA]
Epoch: 1, loss: 11.812273774147034, eval loss: [NA]
Epoch: 2, loss: 11.810462279319763, eval loss: [NA]
Epoch: 3, loss: 11.803842010498046, eval loss: [NA]
Epoch: 4, loss: 11.807255973815918, eval loss: [NA]
Epoch: 5, loss: 11.80846700668335, eval loss: [NA]
Epoch: 6, loss: 11.806999864578247, eval loss: [NA]
Epoch: 7, loss: 11.80637276172638, eval loss: [NA]
Epoch: 8, loss: 11.808233728408814, eval loss: [NA]
Epoch: 9, loss: 11.808477215766906, eval loss: [NA]
Epoch: 10, loss: 11.806077494621277, eval loss: [NA]
Epoch: 11, loss: 11.80695625782013, eval loss: [NA]
Epoch: 12, loss: 11.807983503341674, eval loss: [NA]
Epoch: 13, loss: 11.80961585521698, eval loss: [NA]
Epoch: 14, loss: 11.804928932189942, eval loss: [NA]
Epoch: 15, loss: 11.808477153778076, eval loss: [NA]
Epoch: 16, loss: 11.811680111885071, eval loss: [NA]
Epoch: 17, loss: 11.805494594573975, eval loss: [NA]
Epoch: 18, loss: 11.803821210861207, eval loss: [NA]
Epoch: 19, loss: 11.804289116859437, eval loss: [NA]
Epoch: 20, loss: 11.804986763000489, eval loss: [NA]
Epoch: 21, loss: 11.806562905311585, eval loss: [NA]
Epoch: 22, loss: 11.80391541481018, eval loss: [NA]
Epoch: 23, loss: 11.807500095367432, eval loss: [NA]
Epoch: 24, loss: 11.809320459365845, eval loss: [NA]
Epoch: 25, loss: 11.80501841545105, eval loss: [NA]
Epoch: 26, loss: 11.804090914726258, eval loss: [NA]
Epoch: 27, loss: 11.80584934234619, eval loss: [NA]
Epoch: 28, loss: 11.80820867061615, eval loss: [NA]
Epoch: 29, loss: 11.80729944705963, eval loss: [NA]

Runtime:589.46
[3.9822935007440794e+17, 0.0037, 0.0132, 0.0159]
[634061952.0, 1.3379, 1.3558, 1.3968]
[12559062138880.0, 1.3672, 1.3933, 1.3849]
KL div untrained: 4.406989672167844e+17
KL div trained: 0.001
