Input args:
Dim: 2
seed: 49
seed_data: 10
/home/samwiq/spa/seq-posterior-approx-w-nf-dev/mv_gaussian/low_dim_w_five_obs/lunarc
/home/samwiq/spa/seq-posterior-approx-w-nf-dev
tensor(2.5846e+11, grad_fn=<MeanBackward0>)
tensor(1.4024e+11, grad_fn=<MeanBackward0>)
tensor([ 1.3672e+12, -2.6434e+10,  6.6892e+09,  2.9417e+03,  9.8021e+06,
         2.0213e+08,  5.2302e+06, -2.6362e+06,  1.6020e+05, -3.8107e+03],
       grad_fn=<MeanBackward1>)
tensor([1.0376e+13, 2.2138e+11, 1.2378e+11, 4.3333e+04, 7.9661e+07, 3.2894e+09,
        8.6005e+07, 4.2809e+07, 7.8770e+06, 4.7334e+04],
       grad_fn=<StdBackward1>)
tensor([-6.8805,  2.7954, -4.4386,  4.5903, -6.4539,  3.3223, -3.3887,  6.4672,
        -5.8037,  3.2751])
start full training
Iteration: 1
start update likelihood model
Epoch: 0, loss: 19.06851171016693, eval loss: [NA]
Epoch: 1, loss: 12.789069333076476, eval loss: [NA]
Epoch: 2, loss: 10.939863309860229, eval loss: [NA]
Epoch: 3, loss: 10.539449610710143, eval loss: [NA]
Epoch: 4, loss: 10.418634862899781, eval loss: [NA]
Epoch: 5, loss: 10.350614309310913, eval loss: [NA]
Epoch: 6, loss: 10.33908938884735, eval loss: [NA]
Epoch: 7, loss: 10.314279546737671, eval loss: [NA]
Epoch: 8, loss: 10.299578404426574, eval loss: [NA]
Epoch: 9, loss: 10.291144380569458, eval loss: [NA]
Epoch: 10, loss: 10.267847995758057, eval loss: [NA]
Epoch: 11, loss: 10.272702450752258, eval loss: [NA]
Epoch: 12, loss: 10.25972548007965, eval loss: [NA]
Epoch: 13, loss: 10.249651026725768, eval loss: [NA]
Epoch: 14, loss: 10.250316343307496, eval loss: [NA]
Epoch: 15, loss: 10.216552920341492, eval loss: [NA]
Epoch: 16, loss: 10.246074213981629, eval loss: [NA]
Epoch: 17, loss: 10.223525142669677, eval loss: [NA]
Epoch: 18, loss: 10.211117014884948, eval loss: [NA]
Epoch: 19, loss: 10.21672553062439, eval loss: [NA]
Epoch: 20, loss: 10.214724626541138, eval loss: [NA]
Epoch: 21, loss: 10.199997324943542, eval loss: [NA]
Epoch: 22, loss: 10.203173656463623, eval loss: [NA]
Epoch: 23, loss: 10.190907759666443, eval loss: [NA]
Epoch: 24, loss: 10.213340735435485, eval loss: [NA]
start update posterior model from prior pred - hot start
Epoch: 0, loss: 2.0053718295693397, eval loss: [NA]
Epoch: 1, loss: 0.9377009877562523, eval loss: [NA]
Epoch: 2, loss: 0.6453662456572056, eval loss: [NA]
Epoch: 3, loss: 0.6214618175476789, eval loss: [NA]
Epoch: 4, loss: 0.536445640027523, eval loss: [NA]
start update posterior model
Epoch: 0, loss: 22.430915069580077, eval loss: [NA]
Epoch: 1, loss: 21.065871000289917, eval loss: [NA]
Epoch: 2, loss: 21.07574405670166, eval loss: [NA]
Epoch: 3, loss: 21.062550706863405, eval loss: [NA]
Epoch: 4, loss: 21.09817234992981, eval loss: [NA]
Epoch: 5, loss: 21.079250955581664, eval loss: [NA]
Epoch: 6, loss: 21.071502885818482, eval loss: [NA]
Epoch: 7, loss: 21.1123410987854, eval loss: [NA]
Epoch: 8, loss: 21.102481727600097, eval loss: [NA]
Epoch: 9, loss: 21.08480311393738, eval loss: [NA]
Epoch: 10, loss: 21.104293966293334, eval loss: [NA]
Epoch: 11, loss: 21.071766986846924, eval loss: [NA]
Epoch: 12, loss: 21.108169231414795, eval loss: [NA]
Epoch: 13, loss: 21.108420181274415, eval loss: [NA]
Epoch: 14, loss: 21.080394716262816, eval loss: [NA]
Epoch: 15, loss: 21.0754195022583, eval loss: [NA]
Epoch: 16, loss: 21.09708351135254, eval loss: [NA]
Epoch: 17, loss: 21.07354477882385, eval loss: [NA]
Epoch: 18, loss: 21.090870532989502, eval loss: [NA]
Epoch: 19, loss: 21.06593250274658, eval loss: [NA]
Epoch: 20, loss: 21.081955404281615, eval loss: [NA]
Epoch: 21, loss: 21.08390815734863, eval loss: [NA]
Epoch: 22, loss: 21.142229166030884, eval loss: [NA]
Epoch: 23, loss: 21.094380893707275, eval loss: [NA]
Epoch: 24, loss: 21.060286073684694, eval loss: [NA]
Epoch: 25, loss: 21.080734691619874, eval loss: [NA]
Epoch: 26, loss: 21.074397926330565, eval loss: [NA]
Epoch: 27, loss: 21.066420364379884, eval loss: [NA]
Epoch: 28, loss: 21.070547103881836, eval loss: [NA]
Epoch: 29, loss: 21.05873929977417, eval loss: [NA]
Iteration: 2
start update likelihood model
Epoch: 0, loss: 10.70168541431427, eval loss: [NA]
Epoch: 1, loss: 10.383539662361144, eval loss: [NA]
Epoch: 2, loss: 10.352264037132263, eval loss: [NA]
Epoch: 3, loss: 10.286346135139466, eval loss: [NA]
Epoch: 4, loss: 10.28843521118164, eval loss: [NA]
Epoch: 5, loss: 10.254607243537903, eval loss: [NA]
Epoch: 6, loss: 10.238057956695556, eval loss: [NA]
Epoch: 7, loss: 10.246905546188355, eval loss: [NA]
Epoch: 8, loss: 10.206966166496278, eval loss: [NA]
Epoch: 9, loss: 10.27418562412262, eval loss: [NA]
Epoch: 10, loss: 10.2176464509964, eval loss: [NA]
Epoch: 11, loss: 10.202450895309449, eval loss: [NA]
Epoch: 12, loss: 10.209694204330445, eval loss: [NA]
Epoch: 13, loss: 10.206859588623047, eval loss: [NA]
Epoch: 14, loss: 10.228930749893188, eval loss: [NA]
Epoch: 15, loss: 10.212754302024841, eval loss: [NA]
Epoch: 16, loss: 10.194239382743836, eval loss: [NA]
Epoch: 17, loss: 10.19142234325409, eval loss: [NA]
Epoch: 18, loss: 10.237426581382751, eval loss: [NA]
Epoch: 19, loss: 10.231476125717164, eval loss: [NA]
Epoch: 20, loss: 10.188686056137085, eval loss: [NA]
Epoch: 21, loss: 10.218569350242614, eval loss: [NA]
Epoch: 22, loss: 10.211761803627015, eval loss: [NA]
Epoch: 23, loss: 10.187365260124206, eval loss: [NA]
Epoch: 24, loss: 10.209883952140808, eval loss: [NA]
Epoch: 25, loss: 10.197368736267089, eval loss: [NA]
Epoch: 26, loss: 10.16415156364441, eval loss: [NA]
Epoch: 27, loss: 10.176816811561585, eval loss: [NA]
Epoch: 28, loss: 10.178585262298585, eval loss: [NA]
Epoch: 29, loss: 10.145682048797607, eval loss: [NA]
start update posterior model
Epoch: 0, loss: 20.10076252937317, eval loss: [NA]
Epoch: 1, loss: 20.0974254989624, eval loss: [NA]
Epoch: 2, loss: 20.09961030960083, eval loss: [NA]
Epoch: 3, loss: 20.08402488708496, eval loss: [NA]
Epoch: 4, loss: 20.111714124679565, eval loss: [NA]
Epoch: 5, loss: 20.07981108665466, eval loss: [NA]
Epoch: 6, loss: 20.104074602127074, eval loss: [NA]
Epoch: 7, loss: 20.07156973838806, eval loss: [NA]
Epoch: 8, loss: 20.084494609832763, eval loss: [NA]
Epoch: 9, loss: 20.106427574157713, eval loss: [NA]
Epoch: 10, loss: 20.086529264450075, eval loss: [NA]
Epoch: 11, loss: 20.0809916973114, eval loss: [NA]
Epoch: 12, loss: 20.09040959358215, eval loss: [NA]
Epoch: 13, loss: 20.12976896286011, eval loss: [NA]
Epoch: 14, loss: 20.065880212783814, eval loss: [NA]
Epoch: 15, loss: 20.07282530784607, eval loss: [NA]
Epoch: 16, loss: 20.09462805747986, eval loss: [NA]
Epoch: 17, loss: 20.073525161743163, eval loss: [NA]
Epoch: 18, loss: 20.09050355911255, eval loss: [NA]
Epoch: 19, loss: 20.099318714141845, eval loss: [NA]
Epoch: 20, loss: 20.06988606452942, eval loss: [NA]
Epoch: 21, loss: 20.082830247879027, eval loss: [NA]
Epoch: 22, loss: 20.075964365005493, eval loss: [NA]
Epoch: 23, loss: 20.082289838790892, eval loss: [NA]
Epoch: 24, loss: 20.07182682991028, eval loss: [NA]
Epoch: 25, loss: 20.073359003067015, eval loss: [NA]
Epoch: 26, loss: 20.08119665145874, eval loss: [NA]
Epoch: 27, loss: 20.065959663391112, eval loss: [NA]
Epoch: 28, loss: 20.11167242050171, eval loss: [NA]
Epoch: 29, loss: 20.0744727230072, eval loss: [NA]
Iteration: 3
start update likelihood model
Epoch: 0, loss: 10.212199048995972, eval loss: [NA]
Epoch: 1, loss: 10.188779578208923, eval loss: [NA]
Epoch: 2, loss: 10.18800944328308, eval loss: [NA]
Epoch: 3, loss: 10.164000382423401, eval loss: [NA]
Epoch: 4, loss: 10.183798537254333, eval loss: [NA]
Epoch: 5, loss: 10.17643045425415, eval loss: [NA]
Epoch: 6, loss: 10.181900911331176, eval loss: [NA]
Epoch: 7, loss: 10.197189331054688, eval loss: [NA]
Epoch: 8, loss: 10.170605273246766, eval loss: [NA]
Epoch: 9, loss: 10.158459467887878, eval loss: [NA]
Epoch: 10, loss: 10.16082920074463, eval loss: [NA]
Epoch: 11, loss: 10.166104836463928, eval loss: [NA]
Epoch: 12, loss: 10.173309955596924, eval loss: [NA]
Epoch: 13, loss: 10.191800289154052, eval loss: [NA]
Epoch: 14, loss: 10.141389708518982, eval loss: [NA]
Epoch: 15, loss: 10.15874635696411, eval loss: [NA]
Epoch: 16, loss: 10.13727499961853, eval loss: [NA]
Epoch: 17, loss: 10.182441191673279, eval loss: [NA]
Epoch: 18, loss: 10.143143167495728, eval loss: [NA]
Epoch: 19, loss: 10.152153596878051, eval loss: [NA]
Epoch: 20, loss: 10.141253628730773, eval loss: [NA]
Epoch: 21, loss: 10.15254108428955, eval loss: [NA]
Epoch: 22, loss: 10.116468729972839, eval loss: [NA]
Epoch: 23, loss: 10.167381777763367, eval loss: [NA]
Epoch: 24, loss: 10.135736212730407, eval loss: [NA]
Epoch: 25, loss: 10.126804223060608, eval loss: [NA]
Epoch: 26, loss: 10.156248931884766, eval loss: [NA]
Epoch: 27, loss: 10.142127423286437, eval loss: [NA]
Epoch: 28, loss: 10.122121315002442, eval loss: [NA]
Epoch: 29, loss: 10.136796054840088, eval loss: [NA]
start update posterior model
Epoch: 0, loss: 20.68529850959778, eval loss: [NA]
Epoch: 1, loss: 20.693304691314697, eval loss: [NA]
Epoch: 2, loss: 20.69396080970764, eval loss: [NA]
Epoch: 3, loss: 20.709799060821535, eval loss: [NA]
Epoch: 4, loss: 20.701822443008425, eval loss: [NA]
Epoch: 5, loss: 20.70881754875183, eval loss: [NA]
Epoch: 6, loss: 20.697644090652467, eval loss: [NA]
Epoch: 7, loss: 20.697369203567504, eval loss: [NA]
Epoch: 8, loss: 20.70309907913208, eval loss: [NA]
Epoch: 9, loss: 20.701680889129637, eval loss: [NA]
Epoch: 10, loss: 20.685073099136353, eval loss: [NA]
Epoch: 11, loss: 20.70252201080322, eval loss: [NA]
Epoch: 12, loss: 20.697009925842284, eval loss: [NA]
Epoch: 13, loss: 20.70355776786804, eval loss: [NA]
Epoch: 14, loss: 20.692923765182496, eval loss: [NA]
Epoch: 15, loss: 20.69793867111206, eval loss: [NA]
Epoch: 16, loss: 20.707957315444947, eval loss: [NA]
Epoch: 17, loss: 20.68766258239746, eval loss: [NA]
Epoch: 18, loss: 20.69073929786682, eval loss: [NA]
Epoch: 19, loss: 20.68091226577759, eval loss: [NA]
Epoch: 20, loss: 20.685264902114866, eval loss: [NA]
Epoch: 21, loss: 20.68934720993042, eval loss: [NA]
Epoch: 22, loss: 20.703530015945436, eval loss: [NA]
Epoch: 23, loss: 20.69215319633484, eval loss: [NA]
Epoch: 24, loss: 20.70136109352112, eval loss: [NA]
Epoch: 25, loss: 20.695145626068115, eval loss: [NA]
Epoch: 26, loss: 20.702218284606932, eval loss: [NA]
Epoch: 27, loss: 20.699959840774536, eval loss: [NA]
Epoch: 28, loss: 20.693174409866334, eval loss: [NA]
Epoch: 29, loss: 20.69036325454712, eval loss: [NA]
Iteration: 4
start update likelihood model
Epoch: 0, loss: 10.187076706886291, eval loss: [NA]
Epoch: 1, loss: 10.148685374259948, eval loss: [NA]
Epoch: 2, loss: 10.187982444763184, eval loss: [NA]
Epoch: 3, loss: 10.193355598449706, eval loss: [NA]
Epoch: 4, loss: 10.172168135643005, eval loss: [NA]
Epoch: 5, loss: 10.155884160995484, eval loss: [NA]
Epoch: 6, loss: 10.152655878067016, eval loss: [NA]
Epoch: 7, loss: 10.137725076675416, eval loss: [NA]
Epoch: 8, loss: 10.122606749534606, eval loss: [NA]
Epoch: 9, loss: 10.165215263366699, eval loss: [NA]
Epoch: 10, loss: 10.140895924568177, eval loss: [NA]
Epoch: 11, loss: 10.141005234718323, eval loss: [NA]
Epoch: 12, loss: 10.14752525806427, eval loss: [NA]
Epoch: 13, loss: 10.139202408790588, eval loss: [NA]
Epoch: 14, loss: 10.133415207862853, eval loss: [NA]
Epoch: 15, loss: 10.143368015289306, eval loss: [NA]
Epoch: 16, loss: 10.125993580818177, eval loss: [NA]
Epoch: 17, loss: 10.134420056343078, eval loss: [NA]
Epoch: 18, loss: 10.146338634490967, eval loss: [NA]
Epoch: 19, loss: 10.129515824317933, eval loss: [NA]
Epoch: 20, loss: 10.127191576957703, eval loss: [NA]
Epoch: 21, loss: 10.136038398742675, eval loss: [NA]
Epoch: 22, loss: 10.139358549118041, eval loss: [NA]
Epoch: 23, loss: 10.123962845802307, eval loss: [NA]
Epoch: 24, loss: 10.132965812683105, eval loss: [NA]
Epoch: 25, loss: 10.106144008636475, eval loss: [NA]
Epoch: 26, loss: 10.133127980232238, eval loss: [NA]
Epoch: 27, loss: 10.116970562934876, eval loss: [NA]
Epoch: 28, loss: 10.116900463104248, eval loss: [NA]
Epoch: 29, loss: 10.107900981903077, eval loss: [NA]
start update posterior model
Epoch: 0, loss: 18.947200183868407, eval loss: [NA]
Epoch: 1, loss: 18.916174812316896, eval loss: [NA]
Epoch: 2, loss: 18.918894033432007, eval loss: [NA]
Epoch: 3, loss: 18.921165170669557, eval loss: [NA]
Epoch: 4, loss: 18.91705771446228, eval loss: [NA]
Epoch: 5, loss: 18.916486415863037, eval loss: [NA]
Epoch: 6, loss: 18.926015195846556, eval loss: [NA]
Epoch: 7, loss: 18.917644262313843, eval loss: [NA]
Epoch: 8, loss: 18.92255069732666, eval loss: [NA]
Epoch: 9, loss: 18.9324888420105, eval loss: [NA]
Epoch: 10, loss: 18.922087593078615, eval loss: [NA]
Epoch: 11, loss: 18.921519861221313, eval loss: [NA]
Epoch: 12, loss: 18.921228570938112, eval loss: [NA]
Epoch: 13, loss: 18.917690534591674, eval loss: [NA]
Epoch: 14, loss: 18.920747995376587, eval loss: [NA]
Epoch: 15, loss: 18.926358194351195, eval loss: [NA]
Epoch: 16, loss: 18.920118770599366, eval loss: [NA]
Epoch: 17, loss: 18.92058163642883, eval loss: [NA]
Epoch: 18, loss: 18.92680432319641, eval loss: [NA]
Epoch: 19, loss: 18.948277130126954, eval loss: [NA]
Epoch: 20, loss: 18.920850925445556, eval loss: [NA]
Epoch: 21, loss: 18.921256647109985, eval loss: [NA]
Epoch: 22, loss: 18.932029943466187, eval loss: [NA]
Epoch: 23, loss: 18.91574188232422, eval loss: [NA]
Epoch: 24, loss: 18.93102608680725, eval loss: [NA]
Epoch: 25, loss: 18.924949436187745, eval loss: [NA]
Epoch: 26, loss: 18.927037601470946, eval loss: [NA]
Epoch: 27, loss: 18.92421332359314, eval loss: [NA]
Epoch: 28, loss: 18.924588022232054, eval loss: [NA]
Epoch: 29, loss: 18.910356693267822, eval loss: [NA]

Runtime:601.03
[43386298.7551, 0.155, 0.0072, 0.0401]
[140242272256.0, 1.7666, 1.5659, 1.5598]
[258457518080.0, 1.4209, 1.374, 1.3821]
KL div untrained: 21032235.842
KL div trained: 0.0199
