Input args:
Dim: 2
seed: 46
seed_data: 10
/home/samwiq/snpla/seq-posterior-approx-w-nf-dev/mv_gaussian/low_dim_w_five_obs/lunarc
/home/samwiq/snpla/seq-posterior-approx-w-nf-dev
tensor(1.5106e+12, grad_fn=<MeanBackward0>)
tensor(5.7590e+08, grad_fn=<MeanBackward0>)
tensor([ 5.6016e+09, -1.4624e+08,  4.6109e+05,  1.0937e+01,  2.2483e+01,
         1.5091e+05,  6.8124e+04, -1.9637e+03,  5.1533e+03,  5.3512e+00],
       grad_fn=<MeanBackward1>)
tensor([1.6156e+11, 4.4556e+09, 2.1277e+08, 2.2444e+02, 6.7124e+02, 3.7742e+06,
        2.0760e+06, 4.9129e+04, 1.6278e+05, 3.2066e+01],
       grad_fn=<StdBackward1>)
tensor([-0.4500,  1.2252,  1.1246,  2.7623,  0.2518,  2.1228,  0.3045,  1.0465,
        -0.3703,  1.8242])
start full training
Iteration: 1
start update likelihood model
Epoch: 0, loss: 21.022103576660157, eval loss: [NA]
Epoch: 1, loss: 14.883976874351502, eval loss: [NA]
Epoch: 2, loss: 12.253771328926087, eval loss: [NA]
Epoch: 3, loss: 10.981527829170227, eval loss: [NA]
Epoch: 4, loss: 10.599751009941102, eval loss: [NA]
Epoch: 5, loss: 10.505298199653625, eval loss: [NA]
Epoch: 6, loss: 10.447547931671142, eval loss: [NA]
Epoch: 7, loss: 10.391286859512329, eval loss: [NA]
Epoch: 8, loss: 10.37714141845703, eval loss: [NA]
Epoch: 9, loss: 10.365556678771974, eval loss: [NA]
Epoch: 10, loss: 10.326528463363648, eval loss: [NA]
Epoch: 11, loss: 10.325811710357666, eval loss: [NA]
Epoch: 12, loss: 10.323674192428589, eval loss: [NA]
Epoch: 13, loss: 10.303005475997924, eval loss: [NA]
Epoch: 14, loss: 10.2786665391922, eval loss: [NA]
Epoch: 15, loss: 10.285625495910644, eval loss: [NA]
Epoch: 16, loss: 10.271626420021057, eval loss: [NA]
Epoch: 17, loss: 10.282100172042847, eval loss: [NA]
Epoch: 18, loss: 10.257974038124084, eval loss: [NA]
Epoch: 19, loss: 10.282275414466858, eval loss: [NA]
Epoch: 20, loss: 10.256025214195251, eval loss: [NA]
Epoch: 21, loss: 10.260551671981812, eval loss: [NA]
Epoch: 22, loss: 10.250672874450684, eval loss: [NA]
Epoch: 23, loss: 10.248779230117798, eval loss: [NA]
Epoch: 24, loss: 10.247107462882996, eval loss: [NA]
start update posterior model from prior pred - hot start
Epoch: 0, loss: 2.0490032920241354, eval loss: [NA]
Epoch: 1, loss: 0.9094584199786186, eval loss: [NA]
Epoch: 2, loss: 0.659290791451931, eval loss: [NA]
Epoch: 3, loss: 0.572177458256483, eval loss: [NA]
Epoch: 4, loss: 0.5721995311230421, eval loss: [NA]
start update posterior model
Epoch: 0, loss: 14.485403370857238, eval loss: [NA]
Epoch: 1, loss: 14.4887699842453, eval loss: [NA]
Epoch: 2, loss: 14.477835116386414, eval loss: [NA]
Epoch: 3, loss: 14.472825736999512, eval loss: [NA]
Epoch: 4, loss: 14.483373827934265, eval loss: [NA]
Epoch: 5, loss: 14.480572700500488, eval loss: [NA]
Epoch: 6, loss: 14.474716854095458, eval loss: [NA]
Epoch: 7, loss: 14.478813133239747, eval loss: [NA]
Epoch: 8, loss: 14.475562357902527, eval loss: [NA]
Epoch: 9, loss: 14.476458296775817, eval loss: [NA]
Epoch: 10, loss: 14.476021432876587, eval loss: [NA]
Epoch: 11, loss: 14.475791511535645, eval loss: [NA]
Epoch: 12, loss: 14.476437563896178, eval loss: [NA]
Epoch: 13, loss: 14.471519899368285, eval loss: [NA]
Epoch: 14, loss: 14.476675934791565, eval loss: [NA]
Epoch: 15, loss: 14.47839497089386, eval loss: [NA]
Epoch: 16, loss: 14.480846285820007, eval loss: [NA]
Epoch: 17, loss: 14.471359367370605, eval loss: [NA]
Epoch: 18, loss: 14.476102848052978, eval loss: [NA]
Epoch: 19, loss: 14.478745517730713, eval loss: [NA]
Epoch: 20, loss: 14.476330904960632, eval loss: [NA]
Epoch: 21, loss: 14.469772734642028, eval loss: [NA]
Epoch: 22, loss: 14.471057300567628, eval loss: [NA]
Epoch: 23, loss: 14.468199834823608, eval loss: [NA]
Epoch: 24, loss: 14.475788316726685, eval loss: [NA]
Epoch: 25, loss: 14.472895889282226, eval loss: [NA]
Epoch: 26, loss: 14.467021164894105, eval loss: [NA]
Epoch: 27, loss: 14.471604347229004, eval loss: [NA]
Epoch: 28, loss: 14.470536522865295, eval loss: [NA]
Epoch: 29, loss: 14.469011921882629, eval loss: [NA]
Iteration: 2
start update likelihood model
Epoch: 0, loss: 10.1241916847229, eval loss: [NA]
Epoch: 1, loss: 10.106676878929138, eval loss: [NA]
Epoch: 2, loss: 10.097898197174072, eval loss: [NA]
Epoch: 3, loss: 10.100232267379761, eval loss: [NA]
Epoch: 4, loss: 10.103425750732422, eval loss: [NA]
Epoch: 5, loss: 10.096395292282104, eval loss: [NA]
Epoch: 6, loss: 10.100290837287902, eval loss: [NA]
Epoch: 7, loss: 10.104567213058472, eval loss: [NA]
Epoch: 8, loss: 10.092723426818848, eval loss: [NA]
Epoch: 9, loss: 10.098456511497497, eval loss: [NA]
Epoch: 10, loss: 10.106705045700073, eval loss: [NA]
Epoch: 11, loss: 10.101363306045533, eval loss: [NA]
Epoch: 12, loss: 10.10280580997467, eval loss: [NA]
Epoch: 13, loss: 10.098200564384461, eval loss: [NA]
Epoch: 14, loss: 10.100912051200867, eval loss: [NA]
Epoch: 15, loss: 10.079571800231934, eval loss: [NA]
Epoch: 16, loss: 10.076390080451965, eval loss: [NA]
Epoch: 17, loss: 10.077375302314758, eval loss: [NA]
Epoch: 18, loss: 10.08080883026123, eval loss: [NA]
Epoch: 19, loss: 10.086740708351135, eval loss: [NA]
Epoch: 20, loss: 10.076147041320802, eval loss: [NA]
Epoch: 21, loss: 10.078039174079896, eval loss: [NA]
Epoch: 22, loss: 10.085909662246705, eval loss: [NA]
Epoch: 23, loss: 10.09552031993866, eval loss: [NA]
Epoch: 24, loss: 10.071479687690735, eval loss: [NA]
Epoch: 25, loss: 10.076422657966614, eval loss: [NA]
Epoch: 26, loss: 10.069255118370057, eval loss: [NA]
Epoch: 27, loss: 10.071801624298097, eval loss: [NA]
Epoch: 28, loss: 10.06932008266449, eval loss: [NA]
Epoch: 29, loss: 10.070440759658814, eval loss: [NA]
start update posterior model
Epoch: 0, loss: 14.366933813095093, eval loss: [NA]
Epoch: 1, loss: 14.362251167297364, eval loss: [NA]
Epoch: 2, loss: 14.363907046318054, eval loss: [NA]
Epoch: 3, loss: 14.369938826560974, eval loss: [NA]
Epoch: 4, loss: 14.365415272712708, eval loss: [NA]
Epoch: 5, loss: 14.364635348320007, eval loss: [NA]
Epoch: 6, loss: 14.363780884742736, eval loss: [NA]
Epoch: 7, loss: 14.363036170005799, eval loss: [NA]
Epoch: 8, loss: 14.363567323684693, eval loss: [NA]
Epoch: 9, loss: 14.36104444026947, eval loss: [NA]
Epoch: 10, loss: 14.361526327133179, eval loss: [NA]
Epoch: 11, loss: 14.362714047431945, eval loss: [NA]
Epoch: 12, loss: 14.362462453842163, eval loss: [NA]
Epoch: 13, loss: 14.367697315216065, eval loss: [NA]
Epoch: 14, loss: 14.364548621177674, eval loss: [NA]
Epoch: 15, loss: 14.363852467536926, eval loss: [NA]
Epoch: 16, loss: 14.36225305557251, eval loss: [NA]
Epoch: 17, loss: 14.363315467834473, eval loss: [NA]
Epoch: 18, loss: 14.363695044517517, eval loss: [NA]
Epoch: 19, loss: 14.361002545356751, eval loss: [NA]
Epoch: 20, loss: 14.364590940475464, eval loss: [NA]
Epoch: 21, loss: 14.364460377693176, eval loss: [NA]
Epoch: 22, loss: 14.357583632469177, eval loss: [NA]
Epoch: 23, loss: 14.362378396987914, eval loss: [NA]
Epoch: 24, loss: 14.362228479385376, eval loss: [NA]
Epoch: 25, loss: 14.36306173801422, eval loss: [NA]
Epoch: 26, loss: 14.361631698608399, eval loss: [NA]
Epoch: 27, loss: 14.365343675613403, eval loss: [NA]
Epoch: 28, loss: 14.358973026275635, eval loss: [NA]
Epoch: 29, loss: 14.359226460456847, eval loss: [NA]
Iteration: 3
start update likelihood model
Epoch: 0, loss: 10.085093517303466, eval loss: [NA]
Epoch: 1, loss: 10.073164377212525, eval loss: [NA]
Epoch: 2, loss: 10.07066376209259, eval loss: [NA]
Epoch: 3, loss: 10.064458374977113, eval loss: [NA]
Epoch: 4, loss: 10.057144193649291, eval loss: [NA]
Epoch: 5, loss: 10.059289598464966, eval loss: [NA]
Epoch: 6, loss: 10.06128008365631, eval loss: [NA]
Epoch: 7, loss: 10.051914091110229, eval loss: [NA]
Epoch: 8, loss: 10.049676342010498, eval loss: [NA]
Epoch: 9, loss: 10.052021803855895, eval loss: [NA]
Epoch: 10, loss: 10.057401223182678, eval loss: [NA]
Epoch: 11, loss: 10.05417995452881, eval loss: [NA]
Epoch: 12, loss: 10.039236388206483, eval loss: [NA]
Epoch: 13, loss: 10.04960012435913, eval loss: [NA]
Epoch: 14, loss: 10.041797795295714, eval loss: [NA]
Epoch: 15, loss: 10.035802302360535, eval loss: [NA]
Epoch: 16, loss: 10.045797653198242, eval loss: [NA]
Epoch: 17, loss: 10.037551345825195, eval loss: [NA]
Epoch: 18, loss: 10.032448287010192, eval loss: [NA]
Epoch: 19, loss: 10.04285475730896, eval loss: [NA]
Epoch: 20, loss: 10.028489122390747, eval loss: [NA]
Epoch: 21, loss: 10.031615347862244, eval loss: [NA]
Epoch: 22, loss: 10.03420548915863, eval loss: [NA]
Epoch: 23, loss: 10.041658897399902, eval loss: [NA]
Epoch: 24, loss: 10.02559422969818, eval loss: [NA]
Epoch: 25, loss: 10.022016162872314, eval loss: [NA]
Epoch: 26, loss: 10.03152952671051, eval loss: [NA]
Epoch: 27, loss: 10.029836149215699, eval loss: [NA]
Epoch: 28, loss: 10.023529992103576, eval loss: [NA]
Epoch: 29, loss: 10.02754427433014, eval loss: [NA]
start update posterior model
Epoch: 0, loss: 14.410398392677306, eval loss: [NA]
Epoch: 1, loss: 14.404425730705261, eval loss: [NA]
Epoch: 2, loss: 14.400324354171753, eval loss: [NA]
Epoch: 3, loss: 14.403144564628601, eval loss: [NA]
Epoch: 4, loss: 14.400127625465393, eval loss: [NA]
Epoch: 5, loss: 14.399257082939148, eval loss: [NA]
Epoch: 6, loss: 14.411616744995117, eval loss: [NA]
Epoch: 7, loss: 14.401218614578248, eval loss: [NA]
Epoch: 8, loss: 14.39623963356018, eval loss: [NA]
Epoch: 9, loss: 14.399599318504334, eval loss: [NA]
Epoch: 10, loss: 14.39802655696869, eval loss: [NA]
Epoch: 11, loss: 14.399654760360718, eval loss: [NA]
Epoch: 12, loss: 14.39808657169342, eval loss: [NA]
Epoch: 13, loss: 14.397236199378968, eval loss: [NA]
Epoch: 14, loss: 14.400626459121703, eval loss: [NA]
Epoch: 15, loss: 14.398983550071716, eval loss: [NA]
Epoch: 16, loss: 14.400563621520996, eval loss: [NA]
Epoch: 17, loss: 14.399314556121826, eval loss: [NA]
Epoch: 18, loss: 14.396491665840148, eval loss: [NA]
Epoch: 19, loss: 14.39942807674408, eval loss: [NA]
Epoch: 20, loss: 14.40117202281952, eval loss: [NA]
Epoch: 21, loss: 14.397241907119751, eval loss: [NA]
Epoch: 22, loss: 14.401936621665955, eval loss: [NA]
Epoch: 23, loss: 14.399347014427185, eval loss: [NA]
Epoch: 24, loss: 14.398007078170776, eval loss: [NA]
Epoch: 25, loss: 14.39717749595642, eval loss: [NA]
Epoch: 26, loss: 14.396887068748475, eval loss: [NA]
Epoch: 27, loss: 14.399766678810119, eval loss: [NA]
Epoch: 28, loss: 14.39620475769043, eval loss: [NA]
Epoch: 29, loss: 14.398468036651611, eval loss: [NA]
Iteration: 4
start update likelihood model
Epoch: 0, loss: 10.066129450798035, eval loss: [NA]
Epoch: 1, loss: 10.055146050453185, eval loss: [NA]
Epoch: 2, loss: 10.047918314933776, eval loss: [NA]
Epoch: 3, loss: 10.041138110160828, eval loss: [NA]
Epoch: 4, loss: 10.040067014694214, eval loss: [NA]
Epoch: 5, loss: 10.03729145526886, eval loss: [NA]
Epoch: 6, loss: 10.038539342880249, eval loss: [NA]
Epoch: 7, loss: 10.038740077018737, eval loss: [NA]
Epoch: 8, loss: 10.040079565048218, eval loss: [NA]
Epoch: 9, loss: 10.039960165023803, eval loss: [NA]
Epoch: 10, loss: 10.034451794624328, eval loss: [NA]
Epoch: 11, loss: 10.030926804542542, eval loss: [NA]
Epoch: 12, loss: 10.038251056671143, eval loss: [NA]
Epoch: 13, loss: 10.025814847946167, eval loss: [NA]
Epoch: 14, loss: 10.031619610786437, eval loss: [NA]
Epoch: 15, loss: 10.027830891609192, eval loss: [NA]
Epoch: 16, loss: 10.030624465942383, eval loss: [NA]
Epoch: 17, loss: 10.028285884857178, eval loss: [NA]
Epoch: 18, loss: 10.02546763420105, eval loss: [NA]
Epoch: 19, loss: 10.024129405021668, eval loss: [NA]
Epoch: 20, loss: 10.02145724773407, eval loss: [NA]
Epoch: 21, loss: 10.019260339736938, eval loss: [NA]
Epoch: 22, loss: 10.021809124946595, eval loss: [NA]
Epoch: 23, loss: 10.011916704177857, eval loss: [NA]
Epoch: 24, loss: 10.021888217926026, eval loss: [NA]
Epoch: 25, loss: 10.01377896785736, eval loss: [NA]
Epoch: 26, loss: 10.0113374042511, eval loss: [NA]
Epoch: 27, loss: 10.010525088310242, eval loss: [NA]
Epoch: 28, loss: 10.013986349105835, eval loss: [NA]
Epoch: 29, loss: 10.00163950920105, eval loss: [NA]
start update posterior model
Epoch: 0, loss: 14.291653594970704, eval loss: [NA]
Epoch: 1, loss: 14.286500015258788, eval loss: [NA]
Epoch: 2, loss: 14.286140699386596, eval loss: [NA]
Epoch: 3, loss: 14.285571994781494, eval loss: [NA]
Epoch: 4, loss: 14.285436096191406, eval loss: [NA]
Epoch: 5, loss: 14.28618178844452, eval loss: [NA]
Epoch: 6, loss: 14.286392483711243, eval loss: [NA]
Epoch: 7, loss: 14.287596316337586, eval loss: [NA]
Epoch: 8, loss: 14.287449359893799, eval loss: [NA]
Epoch: 9, loss: 14.285343260765076, eval loss: [NA]
Epoch: 10, loss: 14.287195253372193, eval loss: [NA]
Epoch: 11, loss: 14.28343168735504, eval loss: [NA]
Epoch: 12, loss: 14.29144302368164, eval loss: [NA]
Epoch: 13, loss: 14.28628258228302, eval loss: [NA]
Epoch: 14, loss: 14.285782403945923, eval loss: [NA]
Epoch: 15, loss: 14.288902697563172, eval loss: [NA]
Epoch: 16, loss: 14.283627905845641, eval loss: [NA]
Epoch: 17, loss: 14.28443564414978, eval loss: [NA]
Epoch: 18, loss: 14.28605709552765, eval loss: [NA]
Epoch: 19, loss: 14.285017056465149, eval loss: [NA]
Epoch: 20, loss: 14.28995958328247, eval loss: [NA]
Epoch: 21, loss: 14.285655603408813, eval loss: [NA]
Epoch: 22, loss: 14.284223070144654, eval loss: [NA]
Epoch: 23, loss: 14.284287390708924, eval loss: [NA]
Epoch: 24, loss: 14.287315883636474, eval loss: [NA]
Epoch: 25, loss: 14.285884923934937, eval loss: [NA]
Epoch: 26, loss: 14.282900643348693, eval loss: [NA]
Epoch: 27, loss: 14.282137322425843, eval loss: [NA]
Epoch: 28, loss: 14.284275612831117, eval loss: [NA]
Epoch: 29, loss: 14.284270811080933, eval loss: [NA]

Runtime:607.58
[132165842903.3862, 0.0097, 0.0138, 0.0095]
[575896448.0, 1.1784, 1.165, 1.1581]
[1510568099840.0, 1.3971, 1.3679, 1.4124]
KL div untrained: 116321812853.5948
KL div trained: 0.0215
