Input args:
Dim: 2
seed: 33
seed_data: 10
/home/samwiq/snpla/seq-posterior-approx-w-nf-dev/mv_gaussian/low_dim_w_five_obs/lunarc
/home/samwiq/snpla/seq-posterior-approx-w-nf-dev
tensor(5.7863e+12, grad_fn=<MeanBackward0>)
tensor(6.5860e+08, grad_fn=<MeanBackward0>)
tensor([ 6.4048e+09, -1.7178e+08, -2.6579e+06,  1.2490e+03,  5.8380e+04,
         8.5336e+04,  3.7811e+04, -1.1413e+03,  2.8662e+03, -1.5405e+01],
       grad_fn=<MeanBackward1>)
tensor([1.1030e+11, 3.0416e+09, 1.2979e+08, 3.6309e+04, 1.2850e+06, 1.9840e+06,
        1.0733e+06, 2.5763e+04, 8.4161e+04, 6.4480e+02],
       grad_fn=<StdBackward1>)
tensor([ 4.0900,  0.4088,  2.2699, -1.4159, -0.0398, -4.0895,  2.5841, -0.7083,
         1.3405, -2.4450])
start full training
Iteration: 1
start update likelihood model
Epoch: 0, loss: 20.73965358734131, eval loss: [NA]
Epoch: 1, loss: 14.368009238243102, eval loss: [NA]
Epoch: 2, loss: 11.865428266525269, eval loss: [NA]
Epoch: 3, loss: 10.924063839912414, eval loss: [NA]
Epoch: 4, loss: 10.53758756160736, eval loss: [NA]
Epoch: 5, loss: 10.405833511352538, eval loss: [NA]
Epoch: 6, loss: 10.331122064590454, eval loss: [NA]
Epoch: 7, loss: 10.339598197937011, eval loss: [NA]
Epoch: 8, loss: 10.322586545944214, eval loss: [NA]
Epoch: 9, loss: 10.275366115570069, eval loss: [NA]
Epoch: 10, loss: 10.251289873123168, eval loss: [NA]
Epoch: 11, loss: 10.221007642745972, eval loss: [NA]
Epoch: 12, loss: 10.220404591560364, eval loss: [NA]
Epoch: 13, loss: 10.208999161720277, eval loss: [NA]
Epoch: 14, loss: 10.193033103942872, eval loss: [NA]
Epoch: 15, loss: 10.192267608642577, eval loss: [NA]
Epoch: 16, loss: 10.168199062347412, eval loss: [NA]
Epoch: 17, loss: 10.19886109828949, eval loss: [NA]
Epoch: 18, loss: 10.15874318599701, eval loss: [NA]
Epoch: 19, loss: 10.177111935615539, eval loss: [NA]
Epoch: 20, loss: 10.168751854896545, eval loss: [NA]
Epoch: 21, loss: 10.181603736877442, eval loss: [NA]
Epoch: 22, loss: 10.137713112831115, eval loss: [NA]
Epoch: 23, loss: 10.142304735183716, eval loss: [NA]
Epoch: 24, loss: 10.145384068489074, eval loss: [NA]
start update posterior model from prior pred - hot start
Epoch: 0, loss: 2.083202741444111, eval loss: [NA]
Epoch: 1, loss: 0.8431377300620079, eval loss: [NA]
Epoch: 2, loss: 0.6983023642003536, eval loss: [NA]
Epoch: 3, loss: 0.5765822260826826, eval loss: [NA]
Epoch: 4, loss: 0.5434852962195873, eval loss: [NA]
start update posterior model
Epoch: 0, loss: 15.172625713348388, eval loss: [NA]
Epoch: 1, loss: 15.082470774650574, eval loss: [NA]
Epoch: 2, loss: 15.078864731788634, eval loss: [NA]
Epoch: 3, loss: 15.082994990348816, eval loss: [NA]
Epoch: 4, loss: 15.071215977668762, eval loss: [NA]
Epoch: 5, loss: 15.077274603843689, eval loss: [NA]
Epoch: 6, loss: 15.085203413963319, eval loss: [NA]
Epoch: 7, loss: 15.062963910102845, eval loss: [NA]
Epoch: 8, loss: 15.068097982406616, eval loss: [NA]
Epoch: 9, loss: 15.062401180267335, eval loss: [NA]
Epoch: 10, loss: 15.074703288078307, eval loss: [NA]
Epoch: 11, loss: 15.066942820549011, eval loss: [NA]
Epoch: 12, loss: 15.069031729698182, eval loss: [NA]
Epoch: 13, loss: 15.065629782676696, eval loss: [NA]
Epoch: 14, loss: 15.069241075515746, eval loss: [NA]
Epoch: 15, loss: 15.062159428596496, eval loss: [NA]
Epoch: 16, loss: 15.055322132110597, eval loss: [NA]
Epoch: 17, loss: 15.06782277584076, eval loss: [NA]
Epoch: 18, loss: 15.080451798439025, eval loss: [NA]
Epoch: 19, loss: 15.062150902748108, eval loss: [NA]
Epoch: 20, loss: 15.06179811000824, eval loss: [NA]
Epoch: 21, loss: 15.072752251625062, eval loss: [NA]
Epoch: 22, loss: 15.067098622322083, eval loss: [NA]
Epoch: 23, loss: 15.060485491752624, eval loss: [NA]
Epoch: 24, loss: 15.05597131729126, eval loss: [NA]
Epoch: 25, loss: 15.058671736717224, eval loss: [NA]
Epoch: 26, loss: 15.051765103340148, eval loss: [NA]
Epoch: 27, loss: 15.056637988090515, eval loss: [NA]
Epoch: 28, loss: 15.05924943447113, eval loss: [NA]
Epoch: 29, loss: 15.055603380203246, eval loss: [NA]
Iteration: 2
start update likelihood model
Epoch: 0, loss: 10.18664541721344, eval loss: [NA]
Epoch: 1, loss: 10.177130117416382, eval loss: [NA]
Epoch: 2, loss: 10.152027850151063, eval loss: [NA]
Epoch: 3, loss: 10.134099345207215, eval loss: [NA]
Epoch: 4, loss: 10.132809977531434, eval loss: [NA]
Epoch: 5, loss: 10.157807731628418, eval loss: [NA]
Epoch: 6, loss: 10.151143307685851, eval loss: [NA]
Epoch: 7, loss: 10.120567049980163, eval loss: [NA]
Epoch: 8, loss: 10.126459679603578, eval loss: [NA]
Epoch: 9, loss: 10.133844165802001, eval loss: [NA]
Epoch: 10, loss: 10.135580925941467, eval loss: [NA]
Epoch: 11, loss: 10.132866158485413, eval loss: [NA]
Epoch: 12, loss: 10.129585728645324, eval loss: [NA]
Epoch: 13, loss: 10.127647552490235, eval loss: [NA]
Epoch: 14, loss: 10.118830547332763, eval loss: [NA]
Epoch: 15, loss: 10.124778957366944, eval loss: [NA]
Epoch: 16, loss: 10.12019428730011, eval loss: [NA]
Epoch: 17, loss: 10.11677917957306, eval loss: [NA]
Epoch: 18, loss: 10.11116289138794, eval loss: [NA]
Epoch: 19, loss: 10.102918438911438, eval loss: [NA]
Epoch: 20, loss: 10.117847409248352, eval loss: [NA]
Epoch: 21, loss: 10.114263949394227, eval loss: [NA]
Epoch: 22, loss: 10.124566369056701, eval loss: [NA]
Epoch: 23, loss: 10.110285358428955, eval loss: [NA]
Epoch: 24, loss: 10.102179589271545, eval loss: [NA]
Epoch: 25, loss: 10.100306644439698, eval loss: [NA]
Epoch: 26, loss: 10.104577322006225, eval loss: [NA]
Epoch: 27, loss: 10.096020231246948, eval loss: [NA]
Epoch: 28, loss: 10.094170522689819, eval loss: [NA]
Epoch: 29, loss: 10.094560561180115, eval loss: [NA]
start update posterior model
Epoch: 0, loss: 14.627758493423462, eval loss: [NA]
Epoch: 1, loss: 14.621637301445007, eval loss: [NA]
Epoch: 2, loss: 14.619944849014281, eval loss: [NA]
Epoch: 3, loss: 14.617002625465393, eval loss: [NA]
Epoch: 4, loss: 14.621892285346984, eval loss: [NA]
Epoch: 5, loss: 14.610210437774658, eval loss: [NA]
Epoch: 6, loss: 14.619085240364075, eval loss: [NA]
Epoch: 7, loss: 14.613220458030701, eval loss: [NA]
Epoch: 8, loss: 14.611706910133362, eval loss: [NA]
Epoch: 9, loss: 14.609567174911499, eval loss: [NA]
Epoch: 10, loss: 14.609882898330689, eval loss: [NA]
Epoch: 11, loss: 14.615610189437866, eval loss: [NA]
Epoch: 12, loss: 14.610487294197082, eval loss: [NA]
Epoch: 13, loss: 14.610786204338075, eval loss: [NA]
Epoch: 14, loss: 14.609844026565552, eval loss: [NA]
Epoch: 15, loss: 14.615644154548646, eval loss: [NA]
Epoch: 16, loss: 14.609923586845397, eval loss: [NA]
Epoch: 17, loss: 14.619447889328002, eval loss: [NA]
Epoch: 18, loss: 14.609723854064942, eval loss: [NA]
Epoch: 19, loss: 14.60816725730896, eval loss: [NA]
Epoch: 20, loss: 14.611854314804077, eval loss: [NA]
Epoch: 21, loss: 14.612866482734681, eval loss: [NA]
Epoch: 22, loss: 14.610553846359252, eval loss: [NA]
Epoch: 23, loss: 14.613010950088501, eval loss: [NA]
Epoch: 24, loss: 14.617242155075074, eval loss: [NA]
Epoch: 25, loss: 14.612381744384766, eval loss: [NA]
Epoch: 26, loss: 14.608421087265015, eval loss: [NA]
Epoch: 27, loss: 14.614634199142456, eval loss: [NA]
Epoch: 28, loss: 14.607223215103149, eval loss: [NA]
Epoch: 29, loss: 14.606958813667298, eval loss: [NA]
Iteration: 3
start update likelihood model
Epoch: 0, loss: 10.121392993927001, eval loss: [NA]
Epoch: 1, loss: 10.107080211639405, eval loss: [NA]
Epoch: 2, loss: 10.110458817481994, eval loss: [NA]
Epoch: 3, loss: 10.092371077537537, eval loss: [NA]
Epoch: 4, loss: 10.094900856018066, eval loss: [NA]
Epoch: 5, loss: 10.100314922332764, eval loss: [NA]
Epoch: 6, loss: 10.079235401153564, eval loss: [NA]
Epoch: 7, loss: 10.09664674282074, eval loss: [NA]
Epoch: 8, loss: 10.08819664478302, eval loss: [NA]
Epoch: 9, loss: 10.086162276268006, eval loss: [NA]
Epoch: 10, loss: 10.082201704978942, eval loss: [NA]
Epoch: 11, loss: 10.087990446090698, eval loss: [NA]
Epoch: 12, loss: 10.079670996665955, eval loss: [NA]
Epoch: 13, loss: 10.070692028999328, eval loss: [NA]
Epoch: 14, loss: 10.081241087913513, eval loss: [NA]
Epoch: 15, loss: 10.065086174011231, eval loss: [NA]
Epoch: 16, loss: 10.074886465072632, eval loss: [NA]
Epoch: 17, loss: 10.060289516448975, eval loss: [NA]
Epoch: 18, loss: 10.067384843826295, eval loss: [NA]
Epoch: 19, loss: 10.064736971855163, eval loss: [NA]
Epoch: 20, loss: 10.071490139961243, eval loss: [NA]
Epoch: 21, loss: 10.067554559707641, eval loss: [NA]
Epoch: 22, loss: 10.063999562263488, eval loss: [NA]
Epoch: 23, loss: 10.052967538833618, eval loss: [NA]
Epoch: 24, loss: 10.08661654472351, eval loss: [NA]
Epoch: 25, loss: 10.071218681335449, eval loss: [NA]
Epoch: 26, loss: 10.065135955810547, eval loss: [NA]
Epoch: 27, loss: 10.044844999313355, eval loss: [NA]
Epoch: 28, loss: 10.045483350753784, eval loss: [NA]
Epoch: 29, loss: 10.058181314468383, eval loss: [NA]
start update posterior model
Epoch: 0, loss: 14.42761191368103, eval loss: [NA]
Epoch: 1, loss: 14.426995763778686, eval loss: [NA]
Epoch: 2, loss: 14.430560703277587, eval loss: [NA]
Epoch: 3, loss: 14.428074150085449, eval loss: [NA]
Epoch: 4, loss: 14.420876383781433, eval loss: [NA]
Epoch: 5, loss: 14.430262413024902, eval loss: [NA]
Epoch: 6, loss: 14.433274760246277, eval loss: [NA]
Epoch: 7, loss: 14.430035672187806, eval loss: [NA]
Epoch: 8, loss: 14.428321676254273, eval loss: [NA]
Epoch: 9, loss: 14.421825881004333, eval loss: [NA]
Epoch: 10, loss: 14.42637396812439, eval loss: [NA]
Epoch: 11, loss: 14.426328148841858, eval loss: [NA]
Epoch: 12, loss: 14.424984202384948, eval loss: [NA]
Epoch: 13, loss: 14.422482686042786, eval loss: [NA]
Epoch: 14, loss: 14.431300578117371, eval loss: [NA]
Epoch: 15, loss: 14.428860263824463, eval loss: [NA]
Epoch: 16, loss: 14.426961283683777, eval loss: [NA]
Epoch: 17, loss: 14.4306360912323, eval loss: [NA]
Epoch: 18, loss: 14.422854027748109, eval loss: [NA]
Epoch: 19, loss: 14.434108920097351, eval loss: [NA]
Epoch: 20, loss: 14.426122555732727, eval loss: [NA]
Epoch: 21, loss: 14.42492552280426, eval loss: [NA]
Epoch: 22, loss: 14.425518226623534, eval loss: [NA]
Epoch: 23, loss: 14.424367117881776, eval loss: [NA]
Epoch: 24, loss: 14.42168972015381, eval loss: [NA]
Epoch: 25, loss: 14.429751863479614, eval loss: [NA]
Epoch: 26, loss: 14.424569811820984, eval loss: [NA]
Epoch: 27, loss: 14.421878957748413, eval loss: [NA]
Epoch: 28, loss: 14.423175625801086, eval loss: [NA]
Epoch: 29, loss: 14.420854783058166, eval loss: [NA]
Iteration: 4
start update likelihood model
Epoch: 0, loss: 10.106742262840271, eval loss: [NA]
Epoch: 1, loss: 10.079362983703612, eval loss: [NA]
Epoch: 2, loss: 10.08964563369751, eval loss: [NA]
Epoch: 3, loss: 10.079658007621765, eval loss: [NA]
Epoch: 4, loss: 10.085565633773804, eval loss: [NA]
Epoch: 5, loss: 10.076675524711609, eval loss: [NA]
Epoch: 6, loss: 10.081961979866028, eval loss: [NA]
Epoch: 7, loss: 10.068091917037965, eval loss: [NA]
Epoch: 8, loss: 10.074005846977235, eval loss: [NA]
Epoch: 9, loss: 10.064264698028564, eval loss: [NA]
Epoch: 10, loss: 10.055471100807189, eval loss: [NA]
Epoch: 11, loss: 10.05725628376007, eval loss: [NA]
Epoch: 12, loss: 10.065188155174255, eval loss: [NA]
Epoch: 13, loss: 10.063129215240478, eval loss: [NA]
Epoch: 14, loss: 10.073505945205689, eval loss: [NA]
Epoch: 15, loss: 10.054580817222595, eval loss: [NA]
Epoch: 16, loss: 10.065718426704407, eval loss: [NA]
Epoch: 17, loss: 10.057213425636292, eval loss: [NA]
Epoch: 18, loss: 10.061822104454041, eval loss: [NA]
Epoch: 19, loss: 10.064208273887635, eval loss: [NA]
Epoch: 20, loss: 10.059133024215699, eval loss: [NA]
Epoch: 21, loss: 10.062713408470154, eval loss: [NA]
Epoch: 22, loss: 10.055728635787965, eval loss: [NA]
Epoch: 23, loss: 10.04677873134613, eval loss: [NA]
Epoch: 24, loss: 10.055897936820983, eval loss: [NA]
Epoch: 25, loss: 10.044999055862426, eval loss: [NA]
Epoch: 26, loss: 10.042354278564453, eval loss: [NA]
Epoch: 27, loss: 10.041716570854186, eval loss: [NA]
Epoch: 28, loss: 10.045977563858033, eval loss: [NA]
Epoch: 29, loss: 10.045126276016235, eval loss: [NA]
start update posterior model
Epoch: 0, loss: 14.25448226928711, eval loss: [NA]
Epoch: 1, loss: 14.256793141365051, eval loss: [NA]
Epoch: 2, loss: 14.250738830566407, eval loss: [NA]
Epoch: 3, loss: 14.253568396568298, eval loss: [NA]
Epoch: 4, loss: 14.25183898448944, eval loss: [NA]
Epoch: 5, loss: 14.253496069908142, eval loss: [NA]
Epoch: 6, loss: 14.253290495872498, eval loss: [NA]
Epoch: 7, loss: 14.254760007858277, eval loss: [NA]
Epoch: 8, loss: 14.249791111946106, eval loss: [NA]
Epoch: 9, loss: 14.248669395446777, eval loss: [NA]
Epoch: 10, loss: 14.254921236038207, eval loss: [NA]
Epoch: 11, loss: 14.252641348838806, eval loss: [NA]
Epoch: 12, loss: 14.251972022056579, eval loss: [NA]
Epoch: 13, loss: 14.249463896751404, eval loss: [NA]
Epoch: 14, loss: 14.251913752555847, eval loss: [NA]
Epoch: 15, loss: 14.251574139595032, eval loss: [NA]
Epoch: 16, loss: 14.252924299240112, eval loss: [NA]
Epoch: 17, loss: 14.25043387889862, eval loss: [NA]
Epoch: 18, loss: 14.252606964111328, eval loss: [NA]
Epoch: 19, loss: 14.247559409141541, eval loss: [NA]
Epoch: 20, loss: 14.250726385116577, eval loss: [NA]
Epoch: 21, loss: 14.25471540927887, eval loss: [NA]
Epoch: 22, loss: 14.252329521179199, eval loss: [NA]
Epoch: 23, loss: 14.253554372787475, eval loss: [NA]
Epoch: 24, loss: 14.25343409538269, eval loss: [NA]
Epoch: 25, loss: 14.249108324050903, eval loss: [NA]
Epoch: 26, loss: 14.24750078678131, eval loss: [NA]
Epoch: 27, loss: 14.247949590682984, eval loss: [NA]
Epoch: 28, loss: 14.260290207862854, eval loss: [NA]
Epoch: 29, loss: 14.247206811904908, eval loss: [NA]

Runtime:578.49
[3.686157305795006e+17, 0.021, 0.0357, 0.0057]
[658603840.0, 1.5955, 1.6567, 1.6088]
[5786303987712.0, 1.4174, 1.3885, 1.3839]
KL div untrained: 4.78313916579475e+17
KL div trained: 0.0059
