Input args:
Dim: 2
seed: 26
seed_data: 10
/home/samwiq/spa/seq-posterior-approx-w-nf-dev/mv_gaussian/low_dim_w_five_obs/lunarc
/home/samwiq/spa/seq-posterior-approx-w-nf-dev
tensor(2.3627e+13, grad_fn=<MeanBackward0>)
tensor(1.2477e+10, grad_fn=<MeanBackward0>)
tensor([ 1.2135e+11, -3.2212e+09, -2.7790e+07,  2.9468e+03,  3.6683e+04,
         2.3091e+06,  1.4743e+06, -3.0030e+04,  1.1271e+05,  5.5453e+01],
       grad_fn=<MeanBackward1>)
tensor([2.8287e+12, 7.8066e+10, 3.1867e+09, 8.6859e+04, 6.4307e+05, 4.1421e+07,
        3.6370e+07, 5.3834e+05, 2.8511e+06, 1.1023e+03],
       grad_fn=<StdBackward1>)
tensor([-3.1520, -4.4602, -3.0925, -3.8739, -0.0739, -1.2137, -1.3187, -2.1858,
        -2.2290, -3.3217])
start full training
Iteration: 1
start update likelihood model
Epoch: 0, loss: 19.168250560760498, eval loss: [NA]
Epoch: 1, loss: 13.000007257461547, eval loss: [NA]
Epoch: 2, loss: 10.90225670337677, eval loss: [NA]
Epoch: 3, loss: 10.534555468559265, eval loss: [NA]
Epoch: 4, loss: 10.395431718826295, eval loss: [NA]
Epoch: 5, loss: 10.328459234237672, eval loss: [NA]
Epoch: 6, loss: 10.315927453041077, eval loss: [NA]
Epoch: 7, loss: 10.292563905715943, eval loss: [NA]
Epoch: 8, loss: 10.281544499397278, eval loss: [NA]
Epoch: 9, loss: 10.25763705253601, eval loss: [NA]
Epoch: 10, loss: 10.241301317214965, eval loss: [NA]
Epoch: 11, loss: 10.267206983566284, eval loss: [NA]
Epoch: 12, loss: 10.206949105262757, eval loss: [NA]
Epoch: 13, loss: 10.215552358627319, eval loss: [NA]
Epoch: 14, loss: 10.207886300086976, eval loss: [NA]
Epoch: 15, loss: 10.202434782981873, eval loss: [NA]
Epoch: 16, loss: 10.240921640396119, eval loss: [NA]
Epoch: 17, loss: 10.210705895423889, eval loss: [NA]
Epoch: 18, loss: 10.202964453697204, eval loss: [NA]
Epoch: 19, loss: 10.19060402393341, eval loss: [NA]
Epoch: 20, loss: 10.177558326721192, eval loss: [NA]
Epoch: 21, loss: 10.186823825836182, eval loss: [NA]
Epoch: 22, loss: 10.183275337219237, eval loss: [NA]
Epoch: 23, loss: 10.164148330688477, eval loss: [NA]
Epoch: 24, loss: 10.17282289981842, eval loss: [NA]
start update posterior model from prior pred - hot start
Epoch: 0, loss: 2.050437970161438, eval loss: [NA]
Epoch: 1, loss: 0.8866963863372803, eval loss: [NA]
Epoch: 2, loss: 0.6622526372969151, eval loss: [NA]
Epoch: 3, loss: 0.5987229058146477, eval loss: [NA]
Epoch: 4, loss: 0.5847806364297867, eval loss: [NA]
start update posterior model
Epoch: 0, loss: 12.951281270980836, eval loss: [NA]
Epoch: 1, loss: 12.920214223861695, eval loss: [NA]
Epoch: 2, loss: 12.909040660858155, eval loss: [NA]
Epoch: 3, loss: 12.898037571907043, eval loss: [NA]
Epoch: 4, loss: 12.904964265823365, eval loss: [NA]
Epoch: 5, loss: 12.890601358413697, eval loss: [NA]
Epoch: 6, loss: 12.902551527023315, eval loss: [NA]
Epoch: 7, loss: 12.900466136932373, eval loss: [NA]
Epoch: 8, loss: 12.896042852401733, eval loss: [NA]
Epoch: 9, loss: 12.892409143447876, eval loss: [NA]
Epoch: 10, loss: 12.885463180541992, eval loss: [NA]
Epoch: 11, loss: 12.885263471603393, eval loss: [NA]
Epoch: 12, loss: 12.899711890220642, eval loss: [NA]
Epoch: 13, loss: 12.884054551124573, eval loss: [NA]
Epoch: 14, loss: 12.891009106636048, eval loss: [NA]
Epoch: 15, loss: 12.88661024093628, eval loss: [NA]
Epoch: 16, loss: 12.897102460861205, eval loss: [NA]
Epoch: 17, loss: 12.897677097320557, eval loss: [NA]
Epoch: 18, loss: 12.876011309623719, eval loss: [NA]
Epoch: 19, loss: 12.880584988594055, eval loss: [NA]
Epoch: 20, loss: 12.883367042541504, eval loss: [NA]
Epoch: 21, loss: 12.886544389724731, eval loss: [NA]
Epoch: 22, loss: 12.876455173492431, eval loss: [NA]
Epoch: 23, loss: 12.877774114608764, eval loss: [NA]
Epoch: 24, loss: 12.881349654197694, eval loss: [NA]
Epoch: 25, loss: 12.87930238723755, eval loss: [NA]
Epoch: 26, loss: 12.882572093009948, eval loss: [NA]
Epoch: 27, loss: 12.881903252601624, eval loss: [NA]
Epoch: 28, loss: 12.87527811050415, eval loss: [NA]
Epoch: 29, loss: 12.87535488128662, eval loss: [NA]
Iteration: 2
start update likelihood model
Epoch: 0, loss: 10.243519458770752, eval loss: [NA]
Epoch: 1, loss: 10.200667576789856, eval loss: [NA]
Epoch: 2, loss: 10.191729278564454, eval loss: [NA]
Epoch: 3, loss: 10.181995849609375, eval loss: [NA]
Epoch: 4, loss: 10.159443526268005, eval loss: [NA]
Epoch: 5, loss: 10.179887037277222, eval loss: [NA]
Epoch: 6, loss: 10.15603630065918, eval loss: [NA]
Epoch: 7, loss: 10.15442632675171, eval loss: [NA]
Epoch: 8, loss: 10.136657991409301, eval loss: [NA]
Epoch: 9, loss: 10.145560727119445, eval loss: [NA]
Epoch: 10, loss: 10.152551980018616, eval loss: [NA]
Epoch: 11, loss: 10.161065096855163, eval loss: [NA]
Epoch: 12, loss: 10.142989153861999, eval loss: [NA]
Epoch: 13, loss: 10.155781946182252, eval loss: [NA]
Epoch: 14, loss: 10.14866572856903, eval loss: [NA]
Epoch: 15, loss: 10.147780232429504, eval loss: [NA]
Epoch: 16, loss: 10.131663031578064, eval loss: [NA]
Epoch: 17, loss: 10.145422883033753, eval loss: [NA]
Epoch: 18, loss: 10.148558835983277, eval loss: [NA]
Epoch: 19, loss: 10.127970399856567, eval loss: [NA]
Epoch: 20, loss: 10.133729796409607, eval loss: [NA]
Epoch: 21, loss: 10.143469042778015, eval loss: [NA]
Epoch: 22, loss: 10.138849859237672, eval loss: [NA]
Epoch: 23, loss: 10.136802306175232, eval loss: [NA]
Epoch: 24, loss: 10.133426556587219, eval loss: [NA]
Epoch: 25, loss: 10.135745439529419, eval loss: [NA]
Epoch: 26, loss: 10.138400278091432, eval loss: [NA]
Epoch: 27, loss: 10.129357466697693, eval loss: [NA]
Epoch: 28, loss: 10.141940302848816, eval loss: [NA]
Epoch: 29, loss: 10.140570192337035, eval loss: [NA]
start update posterior model
Epoch: 0, loss: 13.56573688030243, eval loss: [NA]
Epoch: 1, loss: 13.561620063781739, eval loss: [NA]
Epoch: 2, loss: 13.564767923355102, eval loss: [NA]
Epoch: 3, loss: 13.562892260551452, eval loss: [NA]
Epoch: 4, loss: 13.567318577766418, eval loss: [NA]
Epoch: 5, loss: 13.567516222000123, eval loss: [NA]
Epoch: 6, loss: 13.569353351593017, eval loss: [NA]
Epoch: 7, loss: 13.563751182556153, eval loss: [NA]
Epoch: 8, loss: 13.569939856529237, eval loss: [NA]
Epoch: 9, loss: 13.567801723480224, eval loss: [NA]
Epoch: 10, loss: 13.56200182914734, eval loss: [NA]
Epoch: 11, loss: 13.568975982666016, eval loss: [NA]
Epoch: 12, loss: 13.571376342773437, eval loss: [NA]
Epoch: 13, loss: 13.559626779556275, eval loss: [NA]
Epoch: 14, loss: 13.567038617134095, eval loss: [NA]
Epoch: 15, loss: 13.566926507949828, eval loss: [NA]
Epoch: 16, loss: 13.566387100219726, eval loss: [NA]
Epoch: 17, loss: 13.564510231018067, eval loss: [NA]
Epoch: 18, loss: 13.557089796066284, eval loss: [NA]
Epoch: 19, loss: 13.574970784187316, eval loss: [NA]
Epoch: 20, loss: 13.559707140922546, eval loss: [NA]
Epoch: 21, loss: 13.567880034446716, eval loss: [NA]
Epoch: 22, loss: 13.559408240318298, eval loss: [NA]
Epoch: 23, loss: 13.557101221084595, eval loss: [NA]
Epoch: 24, loss: 13.567198224067688, eval loss: [NA]
Epoch: 25, loss: 13.568219132423401, eval loss: [NA]
Epoch: 26, loss: 13.563796834945679, eval loss: [NA]
Epoch: 27, loss: 13.565741596221924, eval loss: [NA]
Epoch: 28, loss: 13.564656763076782, eval loss: [NA]
Epoch: 29, loss: 13.559517455101012, eval loss: [NA]
Iteration: 3
start update likelihood model
Epoch: 0, loss: 10.146649446487427, eval loss: [NA]
Epoch: 1, loss: 10.127070474624634, eval loss: [NA]
Epoch: 2, loss: 10.1228094291687, eval loss: [NA]
Epoch: 3, loss: 10.117968301773072, eval loss: [NA]
Epoch: 4, loss: 10.111265444755555, eval loss: [NA]
Epoch: 5, loss: 10.120064892768859, eval loss: [NA]
Epoch: 6, loss: 10.099276123046875, eval loss: [NA]
Epoch: 7, loss: 10.114925017356873, eval loss: [NA]
Epoch: 8, loss: 10.108986372947692, eval loss: [NA]
Epoch: 9, loss: 10.106127524375916, eval loss: [NA]
Epoch: 10, loss: 10.108455772399902, eval loss: [NA]
Epoch: 11, loss: 10.110259132385254, eval loss: [NA]
Epoch: 12, loss: 10.095026116371155, eval loss: [NA]
Epoch: 13, loss: 10.094272742271423, eval loss: [NA]
Epoch: 14, loss: 10.105257716178894, eval loss: [NA]
Epoch: 15, loss: 10.091762261390686, eval loss: [NA]
Epoch: 16, loss: 10.088844256401062, eval loss: [NA]
Epoch: 17, loss: 10.100658006668091, eval loss: [NA]
Epoch: 18, loss: 10.092592949867248, eval loss: [NA]
Epoch: 19, loss: 10.091680264472961, eval loss: [NA]
Epoch: 20, loss: 10.082578377723694, eval loss: [NA]
Epoch: 21, loss: 10.064439630508422, eval loss: [NA]
Epoch: 22, loss: 10.084847731590271, eval loss: [NA]
Epoch: 23, loss: 10.08394859790802, eval loss: [NA]
Epoch: 24, loss: 10.077104439735413, eval loss: [NA]
Epoch: 25, loss: 10.07963632106781, eval loss: [NA]
Epoch: 26, loss: 10.069985628128052, eval loss: [NA]
Epoch: 27, loss: 10.09249882221222, eval loss: [NA]
Epoch: 28, loss: 10.075609750747681, eval loss: [NA]
Epoch: 29, loss: 10.07727810382843, eval loss: [NA]
start update posterior model
Epoch: 0, loss: 13.626269965171813, eval loss: [NA]
Epoch: 1, loss: 13.622874488830567, eval loss: [NA]
Epoch: 2, loss: 13.612559156417847, eval loss: [NA]
Epoch: 3, loss: 13.614542603492737, eval loss: [NA]
Epoch: 4, loss: 13.622774829864502, eval loss: [NA]
Epoch: 5, loss: 13.611404042243958, eval loss: [NA]
Epoch: 6, loss: 13.617434787750245, eval loss: [NA]
Epoch: 7, loss: 13.617626934051513, eval loss: [NA]
Epoch: 8, loss: 13.61717625617981, eval loss: [NA]
Epoch: 9, loss: 13.62395655632019, eval loss: [NA]
Epoch: 10, loss: 13.616031103134155, eval loss: [NA]
Epoch: 11, loss: 13.624099893569946, eval loss: [NA]
Epoch: 12, loss: 13.614710760116576, eval loss: [NA]
Epoch: 13, loss: 13.61364851474762, eval loss: [NA]
Epoch: 14, loss: 13.617140669822692, eval loss: [NA]
Epoch: 15, loss: 13.616223602294921, eval loss: [NA]
Epoch: 16, loss: 13.620166454315186, eval loss: [NA]
Epoch: 17, loss: 13.621820735931397, eval loss: [NA]
Epoch: 18, loss: 13.620230112075806, eval loss: [NA]
Epoch: 19, loss: 13.612685089111329, eval loss: [NA]
Epoch: 20, loss: 13.610105876922608, eval loss: [NA]
Epoch: 21, loss: 13.611407380104065, eval loss: [NA]
Epoch: 22, loss: 13.62408844947815, eval loss: [NA]
Epoch: 23, loss: 13.616369590759277, eval loss: [NA]
Epoch: 24, loss: 13.614069075584412, eval loss: [NA]
Epoch: 25, loss: 13.61262059211731, eval loss: [NA]
Epoch: 26, loss: 13.615851798057555, eval loss: [NA]
Epoch: 27, loss: 13.617739343643189, eval loss: [NA]
Epoch: 28, loss: 13.620454058647155, eval loss: [NA]
Epoch: 29, loss: 13.616966671943665, eval loss: [NA]
Iteration: 4
start update likelihood model
Epoch: 0, loss: 10.082351040840148, eval loss: [NA]
Epoch: 1, loss: 10.075192770957948, eval loss: [NA]
Epoch: 2, loss: 10.068913836479187, eval loss: [NA]
Epoch: 3, loss: 10.056367592811585, eval loss: [NA]
Epoch: 4, loss: 10.060654501914978, eval loss: [NA]
Epoch: 5, loss: 10.068473429679871, eval loss: [NA]
Epoch: 6, loss: 10.060024528503417, eval loss: [NA]
Epoch: 7, loss: 10.05933521747589, eval loss: [NA]
Epoch: 8, loss: 10.054156517982483, eval loss: [NA]
Epoch: 9, loss: 10.054390363693237, eval loss: [NA]
Epoch: 10, loss: 10.055374698638916, eval loss: [NA]
Epoch: 11, loss: 10.058556175231933, eval loss: [NA]
Epoch: 12, loss: 10.053633074760437, eval loss: [NA]
Epoch: 13, loss: 10.048811268806457, eval loss: [NA]
Epoch: 14, loss: 10.054239511489868, eval loss: [NA]
Epoch: 15, loss: 10.053805966377258, eval loss: [NA]
Epoch: 16, loss: 10.041427726745605, eval loss: [NA]
Epoch: 17, loss: 10.039017815589904, eval loss: [NA]
Epoch: 18, loss: 10.041852250099183, eval loss: [NA]
Epoch: 19, loss: 10.04445008277893, eval loss: [NA]
Epoch: 20, loss: 10.044317798614502, eval loss: [NA]
Epoch: 21, loss: 10.037889442443849, eval loss: [NA]
Epoch: 22, loss: 10.040766324996948, eval loss: [NA]
Epoch: 23, loss: 10.042194652557374, eval loss: [NA]
Epoch: 24, loss: 10.037502942085267, eval loss: [NA]
Epoch: 25, loss: 10.035013422966003, eval loss: [NA]
Epoch: 26, loss: 10.036855306625366, eval loss: [NA]
Epoch: 27, loss: 10.035525617599488, eval loss: [NA]
Epoch: 28, loss: 10.028529348373413, eval loss: [NA]
Epoch: 29, loss: 10.027376980781556, eval loss: [NA]
start update posterior model
Epoch: 0, loss: 12.778180284500122, eval loss: [NA]
Epoch: 1, loss: 12.773317952156066, eval loss: [NA]
Epoch: 2, loss: 12.775397963523865, eval loss: [NA]
Epoch: 3, loss: 12.768741431236267, eval loss: [NA]
Epoch: 4, loss: 12.774535059928894, eval loss: [NA]
Epoch: 5, loss: 12.776060137748718, eval loss: [NA]
Epoch: 6, loss: 12.778082103729249, eval loss: [NA]
Epoch: 7, loss: 12.768789849281312, eval loss: [NA]
Epoch: 8, loss: 12.775067667961121, eval loss: [NA]
Epoch: 9, loss: 12.772470555305482, eval loss: [NA]
Epoch: 10, loss: 12.767830157279969, eval loss: [NA]
Epoch: 11, loss: 12.772784881591797, eval loss: [NA]
Epoch: 12, loss: 12.776369633674621, eval loss: [NA]
Epoch: 13, loss: 12.767964434623718, eval loss: [NA]
Epoch: 14, loss: 12.776136636734009, eval loss: [NA]
Epoch: 15, loss: 12.773376159667968, eval loss: [NA]
Epoch: 16, loss: 12.774095573425292, eval loss: [NA]
Epoch: 17, loss: 12.767857217788697, eval loss: [NA]
Epoch: 18, loss: 12.770599093437195, eval loss: [NA]
Epoch: 19, loss: 12.769893431663514, eval loss: [NA]
Epoch: 20, loss: 12.775470609664916, eval loss: [NA]
Epoch: 21, loss: 12.771966786384583, eval loss: [NA]
Epoch: 22, loss: 12.765052661895751, eval loss: [NA]
Epoch: 23, loss: 12.771416177749634, eval loss: [NA]
Epoch: 24, loss: 12.768390164375305, eval loss: [NA]
Epoch: 25, loss: 12.774678654670716, eval loss: [NA]
Epoch: 26, loss: 12.770723185539246, eval loss: [NA]
Epoch: 27, loss: 12.771423096656799, eval loss: [NA]
Epoch: 28, loss: 12.769249534606933, eval loss: [NA]
Epoch: 29, loss: 12.770802836418152, eval loss: [NA]

Runtime:577.81
[3.182221531319208e+18, 0.0044, 0.0135, 0.0086]
[12477291520.0, 1.3433, 1.3796, 1.3753]
[23626623483904.0, 1.355, 1.3931, 1.4178]
KL div untrained: 3.5433021934751186e+18
KL div trained: 0.0253
