Input args:
Dim: 2
seed: 8
seed_data: 10
/home/samwiq/spa/seq-posterior-approx-w-nf-dev/mv_gaussian/low_dim_w_five_obs/lunarc
/home/samwiq/spa/seq-posterior-approx-w-nf-dev
tensor(1.9972e+12, grad_fn=<MeanBackward0>)
tensor(3.7524e+10, grad_fn=<MeanBackward0>)
tensor([ 3.6491e+11, -9.7571e+09, -1.3253e+08,  2.9199e+01,  8.5045e+05,
         5.6213e+06,  3.9313e+06, -7.3610e+04,  3.0112e+05, -3.5541e+02],
       grad_fn=<MeanBackward1>)
tensor([6.0045e+12, 1.6569e+11, 7.0462e+09, 7.0964e+02, 1.3180e+07, 1.0243e+08,
        7.6639e+07, 1.3325e+06, 6.0082e+06, 7.4379e+03],
       grad_fn=<StdBackward1>)
tensor([ 0.9260, -2.9856,  1.1985, -2.0846, -0.1463, -3.8626,  0.4379, -3.0580,
        -1.1963, -4.4669])
start full training
Iteration: 1
start update likelihood model
Epoch: 0, loss: 19.718003888130188, eval loss: [NA]
Epoch: 1, loss: 13.395498304367065, eval loss: [NA]
Epoch: 2, loss: 11.294766850471497, eval loss: [NA]
Epoch: 3, loss: 10.562625107765198, eval loss: [NA]
Epoch: 4, loss: 10.405664067268372, eval loss: [NA]
Epoch: 5, loss: 10.363944454193115, eval loss: [NA]
Epoch: 6, loss: 10.324262237548828, eval loss: [NA]
Epoch: 7, loss: 10.289268927574158, eval loss: [NA]
Epoch: 8, loss: 10.270029034614563, eval loss: [NA]
Epoch: 9, loss: 10.228197717666626, eval loss: [NA]
Epoch: 10, loss: 10.267157292366027, eval loss: [NA]
Epoch: 11, loss: 10.208785696029663, eval loss: [NA]
Epoch: 12, loss: 10.206147637367248, eval loss: [NA]
Epoch: 13, loss: 10.203841419219971, eval loss: [NA]
Epoch: 14, loss: 10.190034070014953, eval loss: [NA]
Epoch: 15, loss: 10.168281965255737, eval loss: [NA]
Epoch: 16, loss: 10.176579127311706, eval loss: [NA]
Epoch: 17, loss: 10.177049551010132, eval loss: [NA]
Epoch: 18, loss: 10.174923825263978, eval loss: [NA]
Epoch: 19, loss: 10.165425276756286, eval loss: [NA]
Epoch: 20, loss: 10.1456303358078, eval loss: [NA]
Epoch: 21, loss: 10.157430992126464, eval loss: [NA]
Epoch: 22, loss: 10.154726538658142, eval loss: [NA]
Epoch: 23, loss: 10.161789865493775, eval loss: [NA]
Epoch: 24, loss: 10.151433000564575, eval loss: [NA]
start update posterior model from prior pred - hot start
Epoch: 0, loss: 1.938216864168644, eval loss: [NA]
Epoch: 1, loss: 0.8415185506641865, eval loss: [NA]
Epoch: 2, loss: 0.6311832839995623, eval loss: [NA]
Epoch: 3, loss: 0.5801854705065489, eval loss: [NA]
Epoch: 4, loss: 0.5519908985123039, eval loss: [NA]
start update posterior model
Epoch: 0, loss: 12.583272929191589, eval loss: [NA]
Epoch: 1, loss: 12.547556867599488, eval loss: [NA]
Epoch: 2, loss: 12.563002257347106, eval loss: [NA]
Epoch: 3, loss: 12.52266505241394, eval loss: [NA]
Epoch: 4, loss: 12.523972482681275, eval loss: [NA]
Epoch: 5, loss: 12.53738474369049, eval loss: [NA]
Epoch: 6, loss: 12.540177898406982, eval loss: [NA]
Epoch: 7, loss: 12.528311238288879, eval loss: [NA]
Epoch: 8, loss: 12.527013430595398, eval loss: [NA]
Epoch: 9, loss: 12.524554777145386, eval loss: [NA]
Epoch: 10, loss: 12.53163544178009, eval loss: [NA]
Epoch: 11, loss: 12.518016562461852, eval loss: [NA]
Epoch: 12, loss: 12.518839416503907, eval loss: [NA]
Epoch: 13, loss: 12.519419302940369, eval loss: [NA]
Epoch: 14, loss: 12.509147067070007, eval loss: [NA]
Epoch: 15, loss: 12.538426127433777, eval loss: [NA]
Epoch: 16, loss: 12.527589673995971, eval loss: [NA]
Epoch: 17, loss: 12.52244429588318, eval loss: [NA]
Epoch: 18, loss: 12.519538831710815, eval loss: [NA]
Epoch: 19, loss: 12.532535667419433, eval loss: [NA]
Epoch: 20, loss: 12.520179042816162, eval loss: [NA]
Epoch: 21, loss: 12.5122021818161, eval loss: [NA]
Epoch: 22, loss: 12.521645455360412, eval loss: [NA]
Epoch: 23, loss: 12.51755958557129, eval loss: [NA]
Epoch: 24, loss: 12.515274515151978, eval loss: [NA]
Epoch: 25, loss: 12.52099648475647, eval loss: [NA]
Epoch: 26, loss: 12.517491431236268, eval loss: [NA]
Epoch: 27, loss: 12.508135600090027, eval loss: [NA]
Epoch: 28, loss: 12.51473349571228, eval loss: [NA]
Epoch: 29, loss: 12.523777117729187, eval loss: [NA]
Iteration: 2
start update likelihood model
Epoch: 0, loss: 10.2062850856781, eval loss: [NA]
Epoch: 1, loss: 10.188895750045777, eval loss: [NA]
Epoch: 2, loss: 10.183044753074647, eval loss: [NA]
Epoch: 3, loss: 10.148034458160401, eval loss: [NA]
Epoch: 4, loss: 10.151234760284424, eval loss: [NA]
Epoch: 5, loss: 10.142126016616821, eval loss: [NA]
Epoch: 6, loss: 10.155292105674743, eval loss: [NA]
Epoch: 7, loss: 10.137418508529663, eval loss: [NA]
Epoch: 8, loss: 10.154698386192322, eval loss: [NA]
Epoch: 9, loss: 10.141131825447083, eval loss: [NA]
Epoch: 10, loss: 10.135124702453613, eval loss: [NA]
Epoch: 11, loss: 10.129702863693238, eval loss: [NA]
Epoch: 12, loss: 10.135858697891235, eval loss: [NA]
Epoch: 13, loss: 10.125154762268066, eval loss: [NA]
Epoch: 14, loss: 10.13543394088745, eval loss: [NA]
Epoch: 15, loss: 10.129874520301819, eval loss: [NA]
Epoch: 16, loss: 10.124986124038696, eval loss: [NA]
Epoch: 17, loss: 10.129033136367799, eval loss: [NA]
Epoch: 18, loss: 10.137619194984437, eval loss: [NA]
Epoch: 19, loss: 10.12640365600586, eval loss: [NA]
Epoch: 20, loss: 10.113775238990783, eval loss: [NA]
Epoch: 21, loss: 10.112921404838563, eval loss: [NA]
Epoch: 22, loss: 10.117766270637512, eval loss: [NA]
Epoch: 23, loss: 10.114166407585143, eval loss: [NA]
Epoch: 24, loss: 10.118176698684692, eval loss: [NA]
Epoch: 25, loss: 10.113853192329406, eval loss: [NA]
Epoch: 26, loss: 10.12136842250824, eval loss: [NA]
Epoch: 27, loss: 10.107969441413879, eval loss: [NA]
Epoch: 28, loss: 10.105721402168275, eval loss: [NA]
Epoch: 29, loss: 10.10905333518982, eval loss: [NA]
start update posterior model
Epoch: 0, loss: 12.526035661697387, eval loss: [NA]
Epoch: 1, loss: 12.519128861427307, eval loss: [NA]
Epoch: 2, loss: 12.526311297416687, eval loss: [NA]
Epoch: 3, loss: 12.527654886245728, eval loss: [NA]
Epoch: 4, loss: 12.523743095397949, eval loss: [NA]
Epoch: 5, loss: 12.531133203506469, eval loss: [NA]
Epoch: 6, loss: 12.542265934944153, eval loss: [NA]
Epoch: 7, loss: 12.520024361610412, eval loss: [NA]
Epoch: 8, loss: 12.524572019577027, eval loss: [NA]
Epoch: 9, loss: 12.522354574203492, eval loss: [NA]
Epoch: 10, loss: 12.520405869483948, eval loss: [NA]
Epoch: 11, loss: 12.52893546104431, eval loss: [NA]
Epoch: 12, loss: 12.525713682174683, eval loss: [NA]
Epoch: 13, loss: 12.525781898498535, eval loss: [NA]
Epoch: 14, loss: 12.520506854057311, eval loss: [NA]
Epoch: 15, loss: 12.523282523155212, eval loss: [NA]
Epoch: 16, loss: 12.516039180755616, eval loss: [NA]
Epoch: 17, loss: 12.523588953018189, eval loss: [NA]
Epoch: 18, loss: 12.519506068229676, eval loss: [NA]
Epoch: 19, loss: 12.517330570220947, eval loss: [NA]
Epoch: 20, loss: 12.522983250617981, eval loss: [NA]
Epoch: 21, loss: 12.522176818847656, eval loss: [NA]
Epoch: 22, loss: 12.515766472816468, eval loss: [NA]
Epoch: 23, loss: 12.516947884559631, eval loss: [NA]
Epoch: 24, loss: 12.536820802688599, eval loss: [NA]
Epoch: 25, loss: 12.518020806312562, eval loss: [NA]
Epoch: 26, loss: 12.52104651927948, eval loss: [NA]
Epoch: 27, loss: 12.514092268943786, eval loss: [NA]
Epoch: 28, loss: 12.51720917224884, eval loss: [NA]
Epoch: 29, loss: 12.513792543411254, eval loss: [NA]
Iteration: 3
start update likelihood model
Epoch: 0, loss: 10.12586438179016, eval loss: [NA]
Epoch: 1, loss: 10.122349200248719, eval loss: [NA]
Epoch: 2, loss: 10.101120471954346, eval loss: [NA]
Epoch: 3, loss: 10.10033845424652, eval loss: [NA]
Epoch: 4, loss: 10.10188286304474, eval loss: [NA]
Epoch: 5, loss: 10.096965570449829, eval loss: [NA]
Epoch: 6, loss: 10.08688603401184, eval loss: [NA]
Epoch: 7, loss: 10.078858532905578, eval loss: [NA]
Epoch: 8, loss: 10.083751378059388, eval loss: [NA]
Epoch: 9, loss: 10.091281127929687, eval loss: [NA]
Epoch: 10, loss: 10.076210765838622, eval loss: [NA]
Epoch: 11, loss: 10.086538386344909, eval loss: [NA]
Epoch: 12, loss: 10.090068554878235, eval loss: [NA]
Epoch: 13, loss: 10.090327706336975, eval loss: [NA]
Epoch: 14, loss: 10.072518229484558, eval loss: [NA]
Epoch: 15, loss: 10.078861250877381, eval loss: [NA]
Epoch: 16, loss: 10.077262477874756, eval loss: [NA]
Epoch: 17, loss: 10.076645011901855, eval loss: [NA]
Epoch: 18, loss: 10.067073879241944, eval loss: [NA]
Epoch: 19, loss: 10.084333257675171, eval loss: [NA]
Epoch: 20, loss: 10.075641627311706, eval loss: [NA]
Epoch: 21, loss: 10.05425925731659, eval loss: [NA]
Epoch: 22, loss: 10.071385893821716, eval loss: [NA]
Epoch: 23, loss: 10.051216621398925, eval loss: [NA]
Epoch: 24, loss: 10.071950869560242, eval loss: [NA]
Epoch: 25, loss: 10.063658328056336, eval loss: [NA]
Epoch: 26, loss: 10.06475372314453, eval loss: [NA]
Epoch: 27, loss: 10.04766014099121, eval loss: [NA]
Epoch: 28, loss: 10.054039273262024, eval loss: [NA]
Epoch: 29, loss: 10.051437692642212, eval loss: [NA]
start update posterior model
Epoch: 0, loss: 12.815828266143798, eval loss: [NA]
Epoch: 1, loss: 12.814275522232055, eval loss: [NA]
Epoch: 2, loss: 12.810574450492858, eval loss: [NA]
Epoch: 3, loss: 12.814779896736145, eval loss: [NA]
Epoch: 4, loss: 12.820759429931641, eval loss: [NA]
Epoch: 5, loss: 12.819058046340942, eval loss: [NA]
Epoch: 6, loss: 12.813170461654662, eval loss: [NA]
Epoch: 7, loss: 12.817895126342773, eval loss: [NA]
Epoch: 8, loss: 12.814064311981202, eval loss: [NA]
Epoch: 9, loss: 12.810560398101806, eval loss: [NA]
Epoch: 10, loss: 12.81683015346527, eval loss: [NA]
Epoch: 11, loss: 12.812109184265136, eval loss: [NA]
Epoch: 12, loss: 12.812959218025208, eval loss: [NA]
Epoch: 13, loss: 12.812499842643739, eval loss: [NA]
Epoch: 14, loss: 12.817430143356324, eval loss: [NA]
Epoch: 15, loss: 12.816377530097961, eval loss: [NA]
Epoch: 16, loss: 12.819151139259338, eval loss: [NA]
Epoch: 17, loss: 12.815663237571716, eval loss: [NA]
Epoch: 18, loss: 12.815986895561219, eval loss: [NA]
Epoch: 19, loss: 12.81448073387146, eval loss: [NA]
Epoch: 20, loss: 12.813829202651977, eval loss: [NA]
Epoch: 21, loss: 12.811937670707703, eval loss: [NA]
Epoch: 22, loss: 12.817072558403016, eval loss: [NA]
Epoch: 23, loss: 12.81309651851654, eval loss: [NA]
Epoch: 24, loss: 12.812168679237367, eval loss: [NA]
Epoch: 25, loss: 12.8127534532547, eval loss: [NA]
Epoch: 26, loss: 12.808656163215637, eval loss: [NA]
Epoch: 27, loss: 12.811207756996154, eval loss: [NA]
Epoch: 28, loss: 12.820893602371216, eval loss: [NA]
Epoch: 29, loss: 12.808900327682496, eval loss: [NA]
Iteration: 4
start update likelihood model
Epoch: 0, loss: 10.14233127117157, eval loss: [NA]
Epoch: 1, loss: 10.11557583808899, eval loss: [NA]
Epoch: 2, loss: 10.117541222572326, eval loss: [NA]
Epoch: 3, loss: 10.121952285766602, eval loss: [NA]
Epoch: 4, loss: 10.100817766189575, eval loss: [NA]
Epoch: 5, loss: 10.10482060432434, eval loss: [NA]
Epoch: 6, loss: 10.099155554771423, eval loss: [NA]
Epoch: 7, loss: 10.093421697616577, eval loss: [NA]
Epoch: 8, loss: 10.098522572517394, eval loss: [NA]
Epoch: 9, loss: 10.091112484931946, eval loss: [NA]
Epoch: 10, loss: 10.088125171661376, eval loss: [NA]
Epoch: 11, loss: 10.089731950759887, eval loss: [NA]
Epoch: 12, loss: 10.093904809951782, eval loss: [NA]
Epoch: 13, loss: 10.093430509567261, eval loss: [NA]
Epoch: 14, loss: 10.09419891357422, eval loss: [NA]
Epoch: 15, loss: 10.086122570037842, eval loss: [NA]
Epoch: 16, loss: 10.082998580932617, eval loss: [NA]
Epoch: 17, loss: 10.08729965209961, eval loss: [NA]
Epoch: 18, loss: 10.086638498306275, eval loss: [NA]
Epoch: 19, loss: 10.079760193824768, eval loss: [NA]
Epoch: 20, loss: 10.077068390846252, eval loss: [NA]
Epoch: 21, loss: 10.074509825706482, eval loss: [NA]
Epoch: 22, loss: 10.082253813743591, eval loss: [NA]
Epoch: 23, loss: 10.079989519119263, eval loss: [NA]
Epoch: 24, loss: 10.080003352165223, eval loss: [NA]
Epoch: 25, loss: 10.067750806808471, eval loss: [NA]
Epoch: 26, loss: 10.072793159484863, eval loss: [NA]
Epoch: 27, loss: 10.078315010070801, eval loss: [NA]
Epoch: 28, loss: 10.074985165596008, eval loss: [NA]
Epoch: 29, loss: 10.062209815979005, eval loss: [NA]
start update posterior model
Epoch: 0, loss: 12.824273195266723, eval loss: [NA]
Epoch: 1, loss: 12.823286108970642, eval loss: [NA]
Epoch: 2, loss: 12.82325279712677, eval loss: [NA]
Epoch: 3, loss: 12.816562929153442, eval loss: [NA]
Epoch: 4, loss: 12.827822608947754, eval loss: [NA]
Epoch: 5, loss: 12.815217571258545, eval loss: [NA]
Epoch: 6, loss: 12.822801795005798, eval loss: [NA]
Epoch: 7, loss: 12.824051351547242, eval loss: [NA]
Epoch: 8, loss: 12.825053358078003, eval loss: [NA]
Epoch: 9, loss: 12.814534039497376, eval loss: [NA]
Epoch: 10, loss: 12.818027358055115, eval loss: [NA]
Epoch: 11, loss: 12.819917602539062, eval loss: [NA]
Epoch: 12, loss: 12.81865611553192, eval loss: [NA]
Epoch: 13, loss: 12.819931268692017, eval loss: [NA]
Epoch: 14, loss: 12.81513780117035, eval loss: [NA]
Epoch: 15, loss: 12.815191431045532, eval loss: [NA]
Epoch: 16, loss: 12.81563591480255, eval loss: [NA]
Epoch: 17, loss: 12.81427252292633, eval loss: [NA]
Epoch: 18, loss: 12.817139496803284, eval loss: [NA]
Epoch: 19, loss: 12.819227356910705, eval loss: [NA]
Epoch: 20, loss: 12.820256466865539, eval loss: [NA]
Epoch: 21, loss: 12.81651927471161, eval loss: [NA]
Epoch: 22, loss: 12.815117673873901, eval loss: [NA]
Epoch: 23, loss: 12.81295286655426, eval loss: [NA]
Epoch: 24, loss: 12.81465618133545, eval loss: [NA]
Epoch: 25, loss: 12.814396419525146, eval loss: [NA]
Epoch: 26, loss: 12.815040626525878, eval loss: [NA]
Epoch: 27, loss: 12.815895447731018, eval loss: [NA]
Epoch: 28, loss: 12.821530799865723, eval loss: [NA]
Epoch: 29, loss: 12.818873147964478, eval loss: [NA]

Runtime:658.86
[6.626115607525827e+19, 0.0066, 0.01, 0.0042]
[37523922944.0, 1.2073, 1.1884, 1.1968]
[1997164118016.0, 1.3678, 1.3805, 1.377]
KL div untrained: 7.2814509121785545e+19
KL div trained: 0.0079
