Input args:
Dim: 2
seed: 38
seed_data: 10
/home/samwiq/snpla/seq-posterior-approx-w-nf-dev/mv_gaussian/low_dim_w_five_obs/lunarc
/home/samwiq/snpla/seq-posterior-approx-w-nf-dev
tensor(3.6284e+12, grad_fn=<MeanBackward0>)
tensor(2.0656e+11, grad_fn=<MeanBackward0>)
tensor([ 2.0081e+12, -5.5418e+10, -1.9557e+09,  9.4822e+02,  1.5216e+06,
         2.6179e+05,  2.4720e+07, -4.3272e+03,  1.9370e+06, -8.1999e+02],
       grad_fn=<MeanBackward1>)
tensor([6.0033e+13, 1.6574e+12, 5.8978e+10, 2.6337e+04, 2.6972e+07, 6.2031e+06,
        7.7200e+08, 7.8829e+04, 6.0504e+07, 1.4953e+04],
       grad_fn=<StdBackward1>)
tensor([ 5.1408,  2.2010,  3.1560, -0.2481,  3.3036,  0.2155,  4.0883,  0.7936,
         1.6894, -1.0061])
start full training
Iteration: 1
start update likelihood model
Epoch: 0, loss: 20.19856854438782, eval loss: [NA]
Epoch: 1, loss: 14.17762186050415, eval loss: [NA]
Epoch: 2, loss: 11.469703660011291, eval loss: [NA]
Epoch: 3, loss: 10.654183211326599, eval loss: [NA]
Epoch: 4, loss: 10.474482612609863, eval loss: [NA]
Epoch: 5, loss: 10.429911255836487, eval loss: [NA]
Epoch: 6, loss: 10.374149146080017, eval loss: [NA]
Epoch: 7, loss: 10.340787830352783, eval loss: [NA]
Epoch: 8, loss: 10.297723717689514, eval loss: [NA]
Epoch: 9, loss: 10.279677629470825, eval loss: [NA]
Epoch: 10, loss: 10.290157618522644, eval loss: [NA]
Epoch: 11, loss: 10.28146059513092, eval loss: [NA]
Epoch: 12, loss: 10.253054428100587, eval loss: [NA]
Epoch: 13, loss: 10.240070986747742, eval loss: [NA]
Epoch: 14, loss: 10.25441267490387, eval loss: [NA]
Epoch: 15, loss: 10.226469140052796, eval loss: [NA]
Epoch: 16, loss: 10.211279606819152, eval loss: [NA]
Epoch: 17, loss: 10.229965734481812, eval loss: [NA]
Epoch: 18, loss: 10.20439546108246, eval loss: [NA]
Epoch: 19, loss: 10.218705310821534, eval loss: [NA]
Epoch: 20, loss: 10.210315804481507, eval loss: [NA]
Epoch: 21, loss: 10.19357102394104, eval loss: [NA]
Epoch: 22, loss: 10.20720178604126, eval loss: [NA]
Epoch: 23, loss: 10.189723229408264, eval loss: [NA]
Epoch: 24, loss: 10.191082916259766, eval loss: [NA]
start update posterior model from prior pred - hot start
Epoch: 0, loss: 2.675274460315704, eval loss: [NA]
Epoch: 1, loss: 1.0186579886078835, eval loss: [NA]
Epoch: 2, loss: 0.7436112512648105, eval loss: [NA]
Epoch: 3, loss: 0.6180249406397342, eval loss: [NA]
Epoch: 4, loss: 0.5735926507413387, eval loss: [NA]
start update posterior model
Epoch: 0, loss: 14.909178609848022, eval loss: [NA]
Epoch: 1, loss: 14.846403245925904, eval loss: [NA]
Epoch: 2, loss: 14.828665714263916, eval loss: [NA]
Epoch: 3, loss: 14.830471849441528, eval loss: [NA]
Epoch: 4, loss: 14.810018682479859, eval loss: [NA]
Epoch: 5, loss: 14.821546840667725, eval loss: [NA]
Epoch: 6, loss: 14.82089877128601, eval loss: [NA]
Epoch: 7, loss: 14.802345447540283, eval loss: [NA]
Epoch: 8, loss: 14.816713752746582, eval loss: [NA]
Epoch: 9, loss: 14.820946197509766, eval loss: [NA]
Epoch: 10, loss: 14.813156824111939, eval loss: [NA]
Epoch: 11, loss: 14.817348728179931, eval loss: [NA]
Epoch: 12, loss: 14.816585464477539, eval loss: [NA]
Epoch: 13, loss: 14.812806425094605, eval loss: [NA]
Epoch: 14, loss: 14.812932724952697, eval loss: [NA]
Epoch: 15, loss: 14.796291666030884, eval loss: [NA]
Epoch: 16, loss: 14.804241099357604, eval loss: [NA]
Epoch: 17, loss: 14.80077108860016, eval loss: [NA]
Epoch: 18, loss: 14.803345742225646, eval loss: [NA]
Epoch: 19, loss: 14.811587028503418, eval loss: [NA]
Epoch: 20, loss: 14.81219503879547, eval loss: [NA]
Epoch: 21, loss: 14.80582884311676, eval loss: [NA]
Epoch: 22, loss: 14.813457674980164, eval loss: [NA]
Epoch: 23, loss: 14.800953073501587, eval loss: [NA]
Epoch: 24, loss: 14.815564522743225, eval loss: [NA]
Epoch: 25, loss: 14.795645108222962, eval loss: [NA]
Epoch: 26, loss: 14.79764768600464, eval loss: [NA]
Epoch: 27, loss: 14.80382975101471, eval loss: [NA]
Epoch: 28, loss: 14.799297566413879, eval loss: [NA]
Epoch: 29, loss: 14.807005605697633, eval loss: [NA]
Iteration: 2
start update likelihood model
Epoch: 0, loss: 10.184890398979187, eval loss: [NA]
Epoch: 1, loss: 10.105725636482239, eval loss: [NA]
Epoch: 2, loss: 10.101493353843688, eval loss: [NA]
Epoch: 3, loss: 10.104174528121948, eval loss: [NA]
Epoch: 4, loss: 10.096332306861877, eval loss: [NA]
Epoch: 5, loss: 10.096521515846252, eval loss: [NA]
Epoch: 6, loss: 10.110714235305785, eval loss: [NA]
Epoch: 7, loss: 10.098067517280578, eval loss: [NA]
Epoch: 8, loss: 10.082568135261536, eval loss: [NA]
Epoch: 9, loss: 10.07691014289856, eval loss: [NA]
Epoch: 10, loss: 10.082459268569947, eval loss: [NA]
Epoch: 11, loss: 10.108177275657654, eval loss: [NA]
Epoch: 12, loss: 10.074999117851258, eval loss: [NA]
Epoch: 13, loss: 10.068507256507873, eval loss: [NA]
Epoch: 14, loss: 10.064341597557068, eval loss: [NA]
Epoch: 15, loss: 10.08075029850006, eval loss: [NA]
Epoch: 16, loss: 10.058266034126282, eval loss: [NA]
Epoch: 17, loss: 10.084637989997864, eval loss: [NA]
Epoch: 18, loss: 10.060327429771423, eval loss: [NA]
Epoch: 19, loss: 10.061009850502014, eval loss: [NA]
Epoch: 20, loss: 10.057282700538636, eval loss: [NA]
Epoch: 21, loss: 10.054675617218017, eval loss: [NA]
Epoch: 22, loss: 10.064186162948609, eval loss: [NA]
Epoch: 23, loss: 10.04647198677063, eval loss: [NA]
Epoch: 24, loss: 10.07239103794098, eval loss: [NA]
Epoch: 25, loss: 10.067634434700013, eval loss: [NA]
Epoch: 26, loss: 10.067602105140686, eval loss: [NA]
Epoch: 27, loss: 10.038600368499756, eval loss: [NA]
Epoch: 28, loss: 10.039957375526429, eval loss: [NA]
Epoch: 29, loss: 10.054946718215943, eval loss: [NA]
start update posterior model
Epoch: 0, loss: 13.97554220199585, eval loss: [NA]
Epoch: 1, loss: 13.972675743103027, eval loss: [NA]
Epoch: 2, loss: 13.991268105506897, eval loss: [NA]
Epoch: 3, loss: 13.968802242279052, eval loss: [NA]
Epoch: 4, loss: 13.97490538597107, eval loss: [NA]
Epoch: 5, loss: 13.981470108032227, eval loss: [NA]
Epoch: 6, loss: 13.979289813041687, eval loss: [NA]
Epoch: 7, loss: 13.968001728057862, eval loss: [NA]
Epoch: 8, loss: 13.970716257095336, eval loss: [NA]
Epoch: 9, loss: 13.969522194862366, eval loss: [NA]
Epoch: 10, loss: 13.974980058670043, eval loss: [NA]
Epoch: 11, loss: 13.968508253097534, eval loss: [NA]
Epoch: 12, loss: 13.975087051391602, eval loss: [NA]
Epoch: 13, loss: 13.97392855644226, eval loss: [NA]
Epoch: 14, loss: 13.975287194252013, eval loss: [NA]
Epoch: 15, loss: 13.985075187683105, eval loss: [NA]
Epoch: 16, loss: 13.9710085105896, eval loss: [NA]
Epoch: 17, loss: 13.976321268081666, eval loss: [NA]
Epoch: 18, loss: 13.970203042030334, eval loss: [NA]
Epoch: 19, loss: 13.971714334487915, eval loss: [NA]
Epoch: 20, loss: 13.97027006626129, eval loss: [NA]
Epoch: 21, loss: 13.97821084022522, eval loss: [NA]
Epoch: 22, loss: 13.98120222568512, eval loss: [NA]
Epoch: 23, loss: 13.9714626121521, eval loss: [NA]
Epoch: 24, loss: 13.96692774772644, eval loss: [NA]
Epoch: 25, loss: 13.964811110496521, eval loss: [NA]
Epoch: 26, loss: 13.969360461235047, eval loss: [NA]
Epoch: 27, loss: 13.975880661010741, eval loss: [NA]
Epoch: 28, loss: 13.970252709388733, eval loss: [NA]
Epoch: 29, loss: 13.970211067199706, eval loss: [NA]
Iteration: 3
start update likelihood model
Epoch: 0, loss: 10.104017481803893, eval loss: [NA]
Epoch: 1, loss: 10.096553802490234, eval loss: [NA]
Epoch: 2, loss: 10.085156140327454, eval loss: [NA]
Epoch: 3, loss: 10.085072412490845, eval loss: [NA]
Epoch: 4, loss: 10.083982820510863, eval loss: [NA]
Epoch: 5, loss: 10.09081651210785, eval loss: [NA]
Epoch: 6, loss: 10.073911418914795, eval loss: [NA]
Epoch: 7, loss: 10.086784462928772, eval loss: [NA]
Epoch: 8, loss: 10.081877512931824, eval loss: [NA]
Epoch: 9, loss: 10.065074968338013, eval loss: [NA]
Epoch: 10, loss: 10.078736510276794, eval loss: [NA]
Epoch: 11, loss: 10.069483199119567, eval loss: [NA]
Epoch: 12, loss: 10.068713941574096, eval loss: [NA]
Epoch: 13, loss: 10.06864194393158, eval loss: [NA]
Epoch: 14, loss: 10.066527791023255, eval loss: [NA]
Epoch: 15, loss: 10.079902548789978, eval loss: [NA]
Epoch: 16, loss: 10.053049907684326, eval loss: [NA]
Epoch: 17, loss: 10.06405086517334, eval loss: [NA]
Epoch: 18, loss: 10.05827359676361, eval loss: [NA]
Epoch: 19, loss: 10.054030351638794, eval loss: [NA]
Epoch: 20, loss: 10.051712784767151, eval loss: [NA]
Epoch: 21, loss: 10.058756985664367, eval loss: [NA]
Epoch: 22, loss: 10.068831915855407, eval loss: [NA]
Epoch: 23, loss: 10.0463924741745, eval loss: [NA]
Epoch: 24, loss: 10.048685212135315, eval loss: [NA]
Epoch: 25, loss: 10.059009003639222, eval loss: [NA]
Epoch: 26, loss: 10.047421555519104, eval loss: [NA]
Epoch: 27, loss: 10.040302696228027, eval loss: [NA]
Epoch: 28, loss: 10.04835201740265, eval loss: [NA]
Epoch: 29, loss: 10.041027159690858, eval loss: [NA]
start update posterior model
Epoch: 0, loss: 13.376436910629273, eval loss: [NA]
Epoch: 1, loss: 13.379473938941956, eval loss: [NA]
Epoch: 2, loss: 13.378249053955079, eval loss: [NA]
Epoch: 3, loss: 13.392741842269897, eval loss: [NA]
Epoch: 4, loss: 13.382292351722718, eval loss: [NA]
Epoch: 5, loss: 13.386361632347107, eval loss: [NA]
Epoch: 6, loss: 13.379574284553527, eval loss: [NA]
Epoch: 7, loss: 13.375243501663208, eval loss: [NA]
Epoch: 8, loss: 13.38238386631012, eval loss: [NA]
Epoch: 9, loss: 13.379958438873292, eval loss: [NA]
Epoch: 10, loss: 13.37712282180786, eval loss: [NA]
Epoch: 11, loss: 13.377324290275574, eval loss: [NA]
Epoch: 12, loss: 13.381442203521729, eval loss: [NA]
Epoch: 13, loss: 13.377988076210022, eval loss: [NA]
Epoch: 14, loss: 13.376645073890685, eval loss: [NA]
Epoch: 15, loss: 13.378267068862915, eval loss: [NA]
Epoch: 16, loss: 13.381819548606872, eval loss: [NA]
Epoch: 17, loss: 13.380373225212097, eval loss: [NA]
Epoch: 18, loss: 13.378533658981324, eval loss: [NA]
Epoch: 19, loss: 13.376630172729492, eval loss: [NA]
Epoch: 20, loss: 13.379174261093139, eval loss: [NA]
Epoch: 21, loss: 13.382040524482727, eval loss: [NA]
Epoch: 22, loss: 13.374543342590332, eval loss: [NA]
Epoch: 23, loss: 13.380389189720153, eval loss: [NA]
Epoch: 24, loss: 13.385980348587037, eval loss: [NA]
Epoch: 25, loss: 13.37426393032074, eval loss: [NA]
Epoch: 26, loss: 13.382470135688783, eval loss: [NA]
Epoch: 27, loss: 13.376098284721374, eval loss: [NA]
Epoch: 28, loss: 13.378901691436768, eval loss: [NA]
Epoch: 29, loss: 13.376031045913697, eval loss: [NA]
Iteration: 4
start update likelihood model
Epoch: 0, loss: 10.116784248352051, eval loss: [NA]
Epoch: 1, loss: 10.090572180747985, eval loss: [NA]
Epoch: 2, loss: 10.099981632232666, eval loss: [NA]
Epoch: 3, loss: 10.091280002593994, eval loss: [NA]
Epoch: 4, loss: 10.09210099697113, eval loss: [NA]
Epoch: 5, loss: 10.085275316238404, eval loss: [NA]
Epoch: 6, loss: 10.080805540084839, eval loss: [NA]
Epoch: 7, loss: 10.082342028617859, eval loss: [NA]
Epoch: 8, loss: 10.093809866905213, eval loss: [NA]
Epoch: 9, loss: 10.068236184120178, eval loss: [NA]
Epoch: 10, loss: 10.077740802764893, eval loss: [NA]
Epoch: 11, loss: 10.062517099380493, eval loss: [NA]
Epoch: 12, loss: 10.075273633003235, eval loss: [NA]
Epoch: 13, loss: 10.058902778625487, eval loss: [NA]
Epoch: 14, loss: 10.078171925544739, eval loss: [NA]
Epoch: 15, loss: 10.069140915870667, eval loss: [NA]
Epoch: 16, loss: 10.066081099510193, eval loss: [NA]
Epoch: 17, loss: 10.06792453289032, eval loss: [NA]
Epoch: 18, loss: 10.077125296592712, eval loss: [NA]
Epoch: 19, loss: 10.069794607162475, eval loss: [NA]
Epoch: 20, loss: 10.057025327682496, eval loss: [NA]
Epoch: 21, loss: 10.055719857215882, eval loss: [NA]
Epoch: 22, loss: 10.070564422607422, eval loss: [NA]
Epoch: 23, loss: 10.053178806304931, eval loss: [NA]
Epoch: 24, loss: 10.047008328437805, eval loss: [NA]
Epoch: 25, loss: 10.067124199867248, eval loss: [NA]
Epoch: 26, loss: 10.042206964492799, eval loss: [NA]
Epoch: 27, loss: 10.0511749458313, eval loss: [NA]
Epoch: 28, loss: 10.055651087760925, eval loss: [NA]
Epoch: 29, loss: 10.055969491004944, eval loss: [NA]
start update posterior model
Epoch: 0, loss: 14.540017814636231, eval loss: [NA]
Epoch: 1, loss: 14.536816029548644, eval loss: [NA]
Epoch: 2, loss: 14.544949450492858, eval loss: [NA]
Epoch: 3, loss: 14.540226030349732, eval loss: [NA]
Epoch: 4, loss: 14.538523864746093, eval loss: [NA]
Epoch: 5, loss: 14.543724822998048, eval loss: [NA]
Epoch: 6, loss: 14.53978711128235, eval loss: [NA]
Epoch: 7, loss: 14.538530631065369, eval loss: [NA]
Epoch: 8, loss: 14.536195726394654, eval loss: [NA]
Epoch: 9, loss: 14.543428416252135, eval loss: [NA]
Epoch: 10, loss: 14.540786056518554, eval loss: [NA]
Epoch: 11, loss: 14.54276180267334, eval loss: [NA]
Epoch: 12, loss: 14.536872639656067, eval loss: [NA]
Epoch: 13, loss: 14.543237280845641, eval loss: [NA]
Epoch: 14, loss: 14.539137802124024, eval loss: [NA]
Epoch: 15, loss: 14.546438598632813, eval loss: [NA]
Epoch: 16, loss: 14.538790168762207, eval loss: [NA]
Epoch: 17, loss: 14.54000412940979, eval loss: [NA]
Epoch: 18, loss: 14.539348044395446, eval loss: [NA]
Epoch: 19, loss: 14.540305104255676, eval loss: [NA]
Epoch: 20, loss: 14.54082612991333, eval loss: [NA]
Epoch: 21, loss: 14.538109798431396, eval loss: [NA]
Epoch: 22, loss: 14.537514715194702, eval loss: [NA]
Epoch: 23, loss: 14.538542098999024, eval loss: [NA]
Epoch: 24, loss: 14.535901660919189, eval loss: [NA]
Epoch: 25, loss: 14.541613011360168, eval loss: [NA]
Epoch: 26, loss: 14.540280241966247, eval loss: [NA]
Epoch: 27, loss: 14.539802212715148, eval loss: [NA]
Epoch: 28, loss: 14.542176933288575, eval loss: [NA]
Epoch: 29, loss: 14.53605152130127, eval loss: [NA]

Runtime:582.6
[3.8970134062740695e+18, 0.0167, 0.0083, 0.0074]
[206555627520.0, 1.376, 1.3846, 1.2972]
[3628443369472.0, 1.3805, 1.3861, 1.3591]
KL div untrained: 3.438717818863999e+18
KL div trained: 0.0012
