Input args:
Dim: 2
seed: 40
seed_data: 10
/home/samwiq/spa/seq-posterior-approx-w-nf-dev/mv_gaussian/low_dim_w_five_obs/lunarc
/home/samwiq/spa/seq-posterior-approx-w-nf-dev
tensor(5.9334e+11, grad_fn=<MeanBackward0>)
tensor(2.1480e+11, grad_fn=<MeanBackward0>)
tensor([ 2.0883e+12, -5.7576e+10, -1.9945e+09,  3.5611e+02,  1.7060e+06,
         1.2535e+06,  2.5593e+07, -1.7323e+04,  2.0042e+06, -9.0156e+02],
       grad_fn=<MeanBackward1>)
tensor([6.2858e+13, 1.7354e+12, 6.1763e+10, 7.2683e+03, 3.3093e+07, 2.8581e+07,
        8.0823e+08, 3.7086e+05, 6.3344e+07, 1.8366e+04],
       grad_fn=<StdBackward1>)
tensor([ 3.1770,  0.2196,  3.1237,  0.1125,  1.5780, -0.9509,  3.4752,  0.8462,
         2.7172, -0.4549])
start full training
Iteration: 1
start update likelihood model
Epoch: 0, loss: 21.13083267211914, eval loss: [NA]
Epoch: 1, loss: 14.9407612657547, eval loss: [NA]
Epoch: 2, loss: 12.232199840545654, eval loss: [NA]
Epoch: 3, loss: 10.917560892105103, eval loss: [NA]
Epoch: 4, loss: 10.624683775901794, eval loss: [NA]
Epoch: 5, loss: 10.503985586166381, eval loss: [NA]
Epoch: 6, loss: 10.435711965560913, eval loss: [NA]
Epoch: 7, loss: 10.351376504898072, eval loss: [NA]
Epoch: 8, loss: 10.348776516914368, eval loss: [NA]
Epoch: 9, loss: 10.322614598274232, eval loss: [NA]
Epoch: 10, loss: 10.286838068962098, eval loss: [NA]
Epoch: 11, loss: 10.27811658859253, eval loss: [NA]
Epoch: 12, loss: 10.286305384635925, eval loss: [NA]
Epoch: 13, loss: 10.266190357208252, eval loss: [NA]
Epoch: 14, loss: 10.298052306175231, eval loss: [NA]
Epoch: 15, loss: 10.255865745544433, eval loss: [NA]
Epoch: 16, loss: 10.239794745445252, eval loss: [NA]
Epoch: 17, loss: 10.232482161521911, eval loss: [NA]
Epoch: 18, loss: 10.224346289634704, eval loss: [NA]
Epoch: 19, loss: 10.24751793861389, eval loss: [NA]
Epoch: 20, loss: 10.251325693130493, eval loss: [NA]
Epoch: 21, loss: 10.20918848514557, eval loss: [NA]
Epoch: 22, loss: 10.240847396850587, eval loss: [NA]
Epoch: 23, loss: 10.22238049030304, eval loss: [NA]
Epoch: 24, loss: 10.200157570838929, eval loss: [NA]
start update posterior model from prior pred - hot start
Epoch: 0, loss: 2.0806132712960244, eval loss: [NA]
Epoch: 1, loss: 0.853727581501007, eval loss: [NA]
Epoch: 2, loss: 0.6709316227585077, eval loss: [NA]
Epoch: 3, loss: 0.5577999240159989, eval loss: [NA]
Epoch: 4, loss: 0.5479667877405882, eval loss: [NA]
start update posterior model
Epoch: 0, loss: 11.942341084480285, eval loss: [NA]
Epoch: 1, loss: 11.930573534965514, eval loss: [NA]
Epoch: 2, loss: 11.925697064399719, eval loss: [NA]
Epoch: 3, loss: 11.91938434123993, eval loss: [NA]
Epoch: 4, loss: 11.898867273330689, eval loss: [NA]
Epoch: 5, loss: 11.909729623794556, eval loss: [NA]
Epoch: 6, loss: 11.89513373374939, eval loss: [NA]
Epoch: 7, loss: 11.902955565452576, eval loss: [NA]
Epoch: 8, loss: 11.895400314331054, eval loss: [NA]
Epoch: 9, loss: 11.908555564880372, eval loss: [NA]
Epoch: 10, loss: 11.90182017803192, eval loss: [NA]
Epoch: 11, loss: 11.896509251594544, eval loss: [NA]
Epoch: 12, loss: 11.891672172546386, eval loss: [NA]
Epoch: 13, loss: 11.897768816947938, eval loss: [NA]
Epoch: 14, loss: 11.890311970710755, eval loss: [NA]
Epoch: 15, loss: 11.907468676567078, eval loss: [NA]
Epoch: 16, loss: 11.90492453098297, eval loss: [NA]
Epoch: 17, loss: 11.890365424156188, eval loss: [NA]
Epoch: 18, loss: 11.889730677604675, eval loss: [NA]
Epoch: 19, loss: 11.89418218612671, eval loss: [NA]
Epoch: 20, loss: 11.890741152763367, eval loss: [NA]
Epoch: 21, loss: 11.895164866447448, eval loss: [NA]
Epoch: 22, loss: 11.899191317558289, eval loss: [NA]
Epoch: 23, loss: 11.898989515304566, eval loss: [NA]
Epoch: 24, loss: 11.891253528594971, eval loss: [NA]
Epoch: 25, loss: 11.893988547325135, eval loss: [NA]
Epoch: 26, loss: 11.882061381340026, eval loss: [NA]
Epoch: 27, loss: 11.8897718334198, eval loss: [NA]
Epoch: 28, loss: 11.892966694831848, eval loss: [NA]
Epoch: 29, loss: 11.913840899467468, eval loss: [NA]
Iteration: 2
start update likelihood model
Epoch: 0, loss: 10.15725929737091, eval loss: [NA]
Epoch: 1, loss: 10.114487223625183, eval loss: [NA]
Epoch: 2, loss: 10.099162540435792, eval loss: [NA]
Epoch: 3, loss: 10.109164886474609, eval loss: [NA]
Epoch: 4, loss: 10.089767336845398, eval loss: [NA]
Epoch: 5, loss: 10.102320857048035, eval loss: [NA]
Epoch: 6, loss: 10.089759020805358, eval loss: [NA]
Epoch: 7, loss: 10.088470845222473, eval loss: [NA]
Epoch: 8, loss: 10.07967026233673, eval loss: [NA]
Epoch: 9, loss: 10.090000619888306, eval loss: [NA]
Epoch: 10, loss: 10.09780818939209, eval loss: [NA]
Epoch: 11, loss: 10.079200053215027, eval loss: [NA]
Epoch: 12, loss: 10.079652876853944, eval loss: [NA]
Epoch: 13, loss: 10.089386291503907, eval loss: [NA]
Epoch: 14, loss: 10.071212663650513, eval loss: [NA]
Epoch: 15, loss: 10.092971296310425, eval loss: [NA]
Epoch: 16, loss: 10.07919466495514, eval loss: [NA]
Epoch: 17, loss: 10.082413468360901, eval loss: [NA]
Epoch: 18, loss: 10.070319681167602, eval loss: [NA]
Epoch: 19, loss: 10.068377113342285, eval loss: [NA]
Epoch: 20, loss: 10.071117835044861, eval loss: [NA]
Epoch: 21, loss: 10.051002407073975, eval loss: [NA]
Epoch: 22, loss: 10.078031425476075, eval loss: [NA]
Epoch: 23, loss: 10.06817415714264, eval loss: [NA]
Epoch: 24, loss: 10.064893350601196, eval loss: [NA]
Epoch: 25, loss: 10.06296901702881, eval loss: [NA]
Epoch: 26, loss: 10.053714995384217, eval loss: [NA]
Epoch: 27, loss: 10.05173816204071, eval loss: [NA]
Epoch: 28, loss: 10.051480150222778, eval loss: [NA]
Epoch: 29, loss: 10.049604911804199, eval loss: [NA]
start update posterior model
Epoch: 0, loss: 11.869182295799256, eval loss: [NA]
Epoch: 1, loss: 11.864646644592286, eval loss: [NA]
Epoch: 2, loss: 11.854371790885926, eval loss: [NA]
Epoch: 3, loss: 11.862479963302611, eval loss: [NA]
Epoch: 4, loss: 11.863880023956298, eval loss: [NA]
Epoch: 5, loss: 11.855973811149598, eval loss: [NA]
Epoch: 6, loss: 11.860175576210022, eval loss: [NA]
Epoch: 7, loss: 11.853087253570557, eval loss: [NA]
Epoch: 8, loss: 11.862004652023316, eval loss: [NA]
Epoch: 9, loss: 11.859939026832581, eval loss: [NA]
Epoch: 10, loss: 11.852701811790466, eval loss: [NA]
Epoch: 11, loss: 11.857634010314941, eval loss: [NA]
Epoch: 12, loss: 11.862384095191956, eval loss: [NA]
Epoch: 13, loss: 11.855085191726685, eval loss: [NA]
Epoch: 14, loss: 11.858530197143555, eval loss: [NA]
Epoch: 15, loss: 11.850995526313781, eval loss: [NA]
Epoch: 16, loss: 11.863835687637328, eval loss: [NA]
Epoch: 17, loss: 11.856826100349426, eval loss: [NA]
Epoch: 18, loss: 11.86502115726471, eval loss: [NA]
Epoch: 19, loss: 11.853077793121338, eval loss: [NA]
Epoch: 20, loss: 11.859144525527954, eval loss: [NA]
Epoch: 21, loss: 11.855412340164184, eval loss: [NA]
Epoch: 22, loss: 11.85287284374237, eval loss: [NA]
Epoch: 23, loss: 11.858106055259704, eval loss: [NA]
Epoch: 24, loss: 11.853220181465149, eval loss: [NA]
Epoch: 25, loss: 11.853796086311341, eval loss: [NA]
Epoch: 26, loss: 11.859580731391906, eval loss: [NA]
Epoch: 27, loss: 11.859052319526672, eval loss: [NA]
Epoch: 28, loss: 11.849465999603272, eval loss: [NA]
Epoch: 29, loss: 11.852864112854004, eval loss: [NA]
Iteration: 3
start update likelihood model
Epoch: 0, loss: 10.150141716003418, eval loss: [NA]
Epoch: 1, loss: 10.134401636123657, eval loss: [NA]
Epoch: 2, loss: 10.132092504501342, eval loss: [NA]
Epoch: 3, loss: 10.127244682312012, eval loss: [NA]
Epoch: 4, loss: 10.12237072467804, eval loss: [NA]
Epoch: 5, loss: 10.108309698104858, eval loss: [NA]
Epoch: 6, loss: 10.118938617706299, eval loss: [NA]
Epoch: 7, loss: 10.117090620994567, eval loss: [NA]
Epoch: 8, loss: 10.114510006904602, eval loss: [NA]
Epoch: 9, loss: 10.113434119224548, eval loss: [NA]
Epoch: 10, loss: 10.112630939483642, eval loss: [NA]
Epoch: 11, loss: 10.113746123313904, eval loss: [NA]
Epoch: 12, loss: 10.103265738487243, eval loss: [NA]
Epoch: 13, loss: 10.105846276283264, eval loss: [NA]
Epoch: 14, loss: 10.100496282577515, eval loss: [NA]
Epoch: 15, loss: 10.098057336807251, eval loss: [NA]
Epoch: 16, loss: 10.101291031837464, eval loss: [NA]
Epoch: 17, loss: 10.099120516777038, eval loss: [NA]
Epoch: 18, loss: 10.09932363510132, eval loss: [NA]
Epoch: 19, loss: 10.089450578689576, eval loss: [NA]
Epoch: 20, loss: 10.09558976650238, eval loss: [NA]
Epoch: 21, loss: 10.093918662071228, eval loss: [NA]
Epoch: 22, loss: 10.093387355804444, eval loss: [NA]
Epoch: 23, loss: 10.088066172599792, eval loss: [NA]
Epoch: 24, loss: 10.08468351840973, eval loss: [NA]
Epoch: 25, loss: 10.085600595474244, eval loss: [NA]
Epoch: 26, loss: 10.084931092262268, eval loss: [NA]
Epoch: 27, loss: 10.079278178215027, eval loss: [NA]
Epoch: 28, loss: 10.088534121513367, eval loss: [NA]
Epoch: 29, loss: 10.092786645889282, eval loss: [NA]
start update posterior model
Epoch: 0, loss: 11.941566891670227, eval loss: [NA]
Epoch: 1, loss: 11.942474908828736, eval loss: [NA]
Epoch: 2, loss: 11.943321590423585, eval loss: [NA]
Epoch: 3, loss: 11.950753765106201, eval loss: [NA]
Epoch: 4, loss: 11.936465492248535, eval loss: [NA]
Epoch: 5, loss: 11.937810115814209, eval loss: [NA]
Epoch: 6, loss: 11.94072543144226, eval loss: [NA]
Epoch: 7, loss: 11.94469054222107, eval loss: [NA]
Epoch: 8, loss: 11.939674158096313, eval loss: [NA]
Epoch: 9, loss: 11.939373803138732, eval loss: [NA]
Epoch: 10, loss: 11.945111899375915, eval loss: [NA]
Epoch: 11, loss: 11.945422344207763, eval loss: [NA]
Epoch: 12, loss: 11.936599535942078, eval loss: [NA]
Epoch: 13, loss: 11.93804162979126, eval loss: [NA]
Epoch: 14, loss: 11.93548460483551, eval loss: [NA]
Epoch: 15, loss: 11.947881174087524, eval loss: [NA]
Epoch: 16, loss: 11.942899732589721, eval loss: [NA]
Epoch: 17, loss: 11.93762423992157, eval loss: [NA]
Epoch: 18, loss: 11.937776279449462, eval loss: [NA]
Epoch: 19, loss: 11.937502732276917, eval loss: [NA]
Epoch: 20, loss: 11.93962785243988, eval loss: [NA]
Epoch: 21, loss: 11.935277032852174, eval loss: [NA]
Epoch: 22, loss: 11.943688430786132, eval loss: [NA]
Epoch: 23, loss: 11.935706877708435, eval loss: [NA]
Epoch: 24, loss: 11.937881231307983, eval loss: [NA]
Epoch: 25, loss: 11.941981449127198, eval loss: [NA]
Epoch: 26, loss: 11.937569336891174, eval loss: [NA]
Epoch: 27, loss: 11.938131875991822, eval loss: [NA]
Epoch: 28, loss: 11.935215229988097, eval loss: [NA]
Epoch: 29, loss: 11.936212124824523, eval loss: [NA]
Iteration: 4
start update likelihood model
Epoch: 0, loss: 10.088126049041747, eval loss: [NA]
Epoch: 1, loss: 10.069962859153748, eval loss: [NA]
Epoch: 2, loss: 10.06460479259491, eval loss: [NA]
Epoch: 3, loss: 10.074810762405395, eval loss: [NA]
Epoch: 4, loss: 10.064661393165588, eval loss: [NA]
Epoch: 5, loss: 10.065708146095275, eval loss: [NA]
Epoch: 6, loss: 10.066360354423523, eval loss: [NA]
Epoch: 7, loss: 10.050199270248413, eval loss: [NA]
Epoch: 8, loss: 10.06250337600708, eval loss: [NA]
Epoch: 9, loss: 10.050456600189209, eval loss: [NA]
Epoch: 10, loss: 10.051354413032533, eval loss: [NA]
Epoch: 11, loss: 10.055005416870117, eval loss: [NA]
Epoch: 12, loss: 10.057392649650573, eval loss: [NA]
Epoch: 13, loss: 10.057508783340454, eval loss: [NA]
Epoch: 14, loss: 10.048495049476623, eval loss: [NA]
Epoch: 15, loss: 10.045343790054321, eval loss: [NA]
Epoch: 16, loss: 10.048615183830261, eval loss: [NA]
Epoch: 17, loss: 10.054598627090455, eval loss: [NA]
Epoch: 18, loss: 10.038380732536316, eval loss: [NA]
Epoch: 19, loss: 10.032792801856994, eval loss: [NA]
Epoch: 20, loss: 10.046764526367188, eval loss: [NA]
Epoch: 21, loss: 10.038928656578063, eval loss: [NA]
Epoch: 22, loss: 10.036358318328858, eval loss: [NA]
Epoch: 23, loss: 10.035553650856018, eval loss: [NA]
Epoch: 24, loss: 10.0404025888443, eval loss: [NA]
Epoch: 25, loss: 10.045951228141785, eval loss: [NA]
Epoch: 26, loss: 10.032255210876464, eval loss: [NA]
Epoch: 27, loss: 10.027665700912475, eval loss: [NA]
Epoch: 28, loss: 10.039854583740235, eval loss: [NA]
Epoch: 29, loss: 10.034014706611634, eval loss: [NA]
start update posterior model
Epoch: 0, loss: 11.883082518577575, eval loss: [NA]
Epoch: 1, loss: 11.883610243797301, eval loss: [NA]
Epoch: 2, loss: 11.878071498870849, eval loss: [NA]
Epoch: 3, loss: 11.88365436077118, eval loss: [NA]
Epoch: 4, loss: 11.875749235153199, eval loss: [NA]
Epoch: 5, loss: 11.882035255432129, eval loss: [NA]
Epoch: 6, loss: 11.873403506278992, eval loss: [NA]
Epoch: 7, loss: 11.87649133682251, eval loss: [NA]
Epoch: 8, loss: 11.873984208106995, eval loss: [NA]
Epoch: 9, loss: 11.887089395523072, eval loss: [NA]
Epoch: 10, loss: 11.8842019033432, eval loss: [NA]
Epoch: 11, loss: 11.873507542610168, eval loss: [NA]
Epoch: 12, loss: 11.874828968048096, eval loss: [NA]
Epoch: 13, loss: 11.877876467704773, eval loss: [NA]
Epoch: 14, loss: 11.876038064956665, eval loss: [NA]
Epoch: 15, loss: 11.874470882415771, eval loss: [NA]
Epoch: 16, loss: 11.880403957366944, eval loss: [NA]
Epoch: 17, loss: 11.880738005638122, eval loss: [NA]
Epoch: 18, loss: 11.880237941741944, eval loss: [NA]
Epoch: 19, loss: 11.874847946166993, eval loss: [NA]
Epoch: 20, loss: 11.876352181434632, eval loss: [NA]
Epoch: 21, loss: 11.872032732963563, eval loss: [NA]
Epoch: 22, loss: 11.873125410079956, eval loss: [NA]
Epoch: 23, loss: 11.875371685028076, eval loss: [NA]
Epoch: 24, loss: 11.87638081073761, eval loss: [NA]
Epoch: 25, loss: 11.876325817108155, eval loss: [NA]
Epoch: 26, loss: 11.87688175201416, eval loss: [NA]
Epoch: 27, loss: 11.876335196495056, eval loss: [NA]
Epoch: 28, loss: 11.880453476905823, eval loss: [NA]
Epoch: 29, loss: 11.878889589309692, eval loss: [NA]

Runtime:592.34
[5.3061981177737176e+16, 0.0104, 0.015, 0.0058]
[214804152320.0, 1.2936, 1.2691, 1.2772]
[593341513728.0, 1.3781, 1.3787, 1.4136]
KL div untrained: 4.087798844869097e+16
KL div trained: 0.0134
