Input args:
Dim: 2
seed: 1
seed_data: 10
/home/samwiq/spa/seq-posterior-approx-w-nf-dev/mv_gaussian/low_dim_w_five_obs/lunarc
/home/samwiq/spa/seq-posterior-approx-w-nf-dev
tensor(5.4424e+12, grad_fn=<MeanBackward0>)
tensor(5.9693e+10, grad_fn=<MeanBackward0>)
tensor([ 5.8033e+11, -1.6018e+10, -5.6733e+08,  4.0453e+02,  1.0428e+03,
         7.0946e+04,  7.4622e+06, -9.1946e+02,  5.8472e+05,  1.2708e+01],
       grad_fn=<MeanBackward1>)
tensor([1.3607e+13, 3.7565e+11, 1.3368e+10, 1.2086e+04, 2.5074e+04, 1.3052e+06,
        1.7502e+08, 1.6924e+04, 1.3717e+07, 2.1971e+02],
       grad_fn=<StdBackward1>)
tensor([ 2.2575,  1.4950,  1.5514,  0.8996,  0.9468, -0.0109, -0.3141, -1.1053,
         0.2689, -0.8532])
start full training
Iteration: 1
start update likelihood model
Epoch: 0, loss: 18.846521816253663, eval loss: [NA]
Epoch: 1, loss: 12.74275676727295, eval loss: [NA]
Epoch: 2, loss: 11.007575941085815, eval loss: [NA]
Epoch: 3, loss: 10.539785885810852, eval loss: [NA]
Epoch: 4, loss: 10.435227341651917, eval loss: [NA]
Epoch: 5, loss: 10.372645220756532, eval loss: [NA]
Epoch: 6, loss: 10.320766611099243, eval loss: [NA]
Epoch: 7, loss: 10.312903456687927, eval loss: [NA]
Epoch: 8, loss: 10.305884647369385, eval loss: [NA]
Epoch: 9, loss: 10.267776317596436, eval loss: [NA]
Epoch: 10, loss: 10.242446432113647, eval loss: [NA]
Epoch: 11, loss: 10.27602283000946, eval loss: [NA]
Epoch: 12, loss: 10.26461462020874, eval loss: [NA]
Epoch: 13, loss: 10.238269438743592, eval loss: [NA]
Epoch: 14, loss: 10.261720614433289, eval loss: [NA]
Epoch: 15, loss: 10.211072325706482, eval loss: [NA]
Epoch: 16, loss: 10.207017011642456, eval loss: [NA]
Epoch: 17, loss: 10.240347905158997, eval loss: [NA]
Epoch: 18, loss: 10.193385162353515, eval loss: [NA]
Epoch: 19, loss: 10.203629426956176, eval loss: [NA]
Epoch: 20, loss: 10.192581529617309, eval loss: [NA]
Epoch: 21, loss: 10.192100896835328, eval loss: [NA]
Epoch: 22, loss: 10.209142355918884, eval loss: [NA]
Epoch: 23, loss: 10.17975516796112, eval loss: [NA]
Epoch: 24, loss: 10.18334179878235, eval loss: [NA]
start update posterior model from prior pred - hot start
Epoch: 0, loss: 2.097871218919754, eval loss: [NA]
Epoch: 1, loss: 0.875352260619402, eval loss: [NA]
Epoch: 2, loss: 0.703415217101574, eval loss: [NA]
Epoch: 3, loss: 0.5661746344715357, eval loss: [NA]
Epoch: 4, loss: 0.5257925730198622, eval loss: [NA]
start update posterior model
Epoch: 0, loss: 11.21573399066925, eval loss: [NA]
Epoch: 1, loss: 11.203299236297607, eval loss: [NA]
Epoch: 2, loss: 11.202909450531006, eval loss: [NA]
Epoch: 3, loss: 11.20455590248108, eval loss: [NA]
Epoch: 4, loss: 11.211938462257386, eval loss: [NA]
Epoch: 5, loss: 11.203948874473571, eval loss: [NA]
Epoch: 6, loss: 11.20619511604309, eval loss: [NA]
Epoch: 7, loss: 11.199693489074708, eval loss: [NA]
Epoch: 8, loss: 11.200121665000916, eval loss: [NA]
Epoch: 9, loss: 11.198543248176575, eval loss: [NA]
Epoch: 10, loss: 11.19999289035797, eval loss: [NA]
Epoch: 11, loss: 11.202295827865601, eval loss: [NA]
Epoch: 12, loss: 11.203470454216003, eval loss: [NA]
Epoch: 13, loss: 11.199844465255737, eval loss: [NA]
Epoch: 14, loss: 11.201727457046509, eval loss: [NA]
Epoch: 15, loss: 11.203589191436768, eval loss: [NA]
Epoch: 16, loss: 11.200785732269287, eval loss: [NA]
Epoch: 17, loss: 11.203366165161134, eval loss: [NA]
Epoch: 18, loss: 11.195348143577576, eval loss: [NA]
Epoch: 19, loss: 11.19879294872284, eval loss: [NA]
Epoch: 20, loss: 11.196714820861816, eval loss: [NA]
Epoch: 21, loss: 11.200227174758911, eval loss: [NA]
Epoch: 22, loss: 11.199464945793151, eval loss: [NA]
Epoch: 23, loss: 11.20022825717926, eval loss: [NA]
Epoch: 24, loss: 11.194421586990357, eval loss: [NA]
Epoch: 25, loss: 11.196299295425415, eval loss: [NA]
Epoch: 26, loss: 11.195634140968323, eval loss: [NA]
Epoch: 27, loss: 11.195201058387756, eval loss: [NA]
Epoch: 28, loss: 11.198896856307984, eval loss: [NA]
Epoch: 29, loss: 11.196368503570557, eval loss: [NA]
Iteration: 2
start update likelihood model
Epoch: 0, loss: 10.106752762794494, eval loss: [NA]
Epoch: 1, loss: 10.095176296234131, eval loss: [NA]
Epoch: 2, loss: 10.08108745098114, eval loss: [NA]
Epoch: 3, loss: 10.086355714797973, eval loss: [NA]
Epoch: 4, loss: 10.081919174194336, eval loss: [NA]
Epoch: 5, loss: 10.088129081726073, eval loss: [NA]
Epoch: 6, loss: 10.08416383266449, eval loss: [NA]
Epoch: 7, loss: 10.085573105812072, eval loss: [NA]
Epoch: 8, loss: 10.080752763748169, eval loss: [NA]
Epoch: 9, loss: 10.089429278373718, eval loss: [NA]
Epoch: 10, loss: 10.075552220344543, eval loss: [NA]
Epoch: 11, loss: 10.078569617271423, eval loss: [NA]
Epoch: 12, loss: 10.074316163063049, eval loss: [NA]
Epoch: 13, loss: 10.070905981063843, eval loss: [NA]
Epoch: 14, loss: 10.07323369026184, eval loss: [NA]
Epoch: 15, loss: 10.076843304634094, eval loss: [NA]
Epoch: 16, loss: 10.07173490524292, eval loss: [NA]
Epoch: 17, loss: 10.0769757604599, eval loss: [NA]
Epoch: 18, loss: 10.076000270843506, eval loss: [NA]
Epoch: 19, loss: 10.079004635810852, eval loss: [NA]
Epoch: 20, loss: 10.070561952590943, eval loss: [NA]
Epoch: 21, loss: 10.0690958070755, eval loss: [NA]
Epoch: 22, loss: 10.068105707168579, eval loss: [NA]
Epoch: 23, loss: 10.055607647895814, eval loss: [NA]
Epoch: 24, loss: 10.06097149848938, eval loss: [NA]
Epoch: 25, loss: 10.065596632957458, eval loss: [NA]
Epoch: 26, loss: 10.052667684555054, eval loss: [NA]
Epoch: 27, loss: 10.053745336532593, eval loss: [NA]
Epoch: 28, loss: 10.055695862770081, eval loss: [NA]
Epoch: 29, loss: 10.055975189208985, eval loss: [NA]
start update posterior model
Epoch: 0, loss: 11.16171685218811, eval loss: [NA]
Epoch: 1, loss: 11.15319544315338, eval loss: [NA]
Epoch: 2, loss: 11.153846464157105, eval loss: [NA]
Epoch: 3, loss: 11.155628328323365, eval loss: [NA]
Epoch: 4, loss: 11.153062562942505, eval loss: [NA]
Epoch: 5, loss: 11.15302936553955, eval loss: [NA]
Epoch: 6, loss: 11.152021842002869, eval loss: [NA]
Epoch: 7, loss: 11.149633221626281, eval loss: [NA]
Epoch: 8, loss: 11.151804132461548, eval loss: [NA]
Epoch: 9, loss: 11.150990624427795, eval loss: [NA]
Epoch: 10, loss: 11.1565500831604, eval loss: [NA]
Epoch: 11, loss: 11.158264532089234, eval loss: [NA]
Epoch: 12, loss: 11.153234133720398, eval loss: [NA]
Epoch: 13, loss: 11.153441619873046, eval loss: [NA]
Epoch: 14, loss: 11.154378457069397, eval loss: [NA]
Epoch: 15, loss: 11.15388340473175, eval loss: [NA]
Epoch: 16, loss: 11.150528144836425, eval loss: [NA]
Epoch: 17, loss: 11.151555280685425, eval loss: [NA]
Epoch: 18, loss: 11.15203878879547, eval loss: [NA]
Epoch: 19, loss: 11.150714826583862, eval loss: [NA]
Epoch: 20, loss: 11.150217542648315, eval loss: [NA]
Epoch: 21, loss: 11.147731518745422, eval loss: [NA]
Epoch: 22, loss: 11.153284611701965, eval loss: [NA]
Epoch: 23, loss: 11.149743342399598, eval loss: [NA]
Epoch: 24, loss: 11.151518483161926, eval loss: [NA]
Epoch: 25, loss: 11.151743602752685, eval loss: [NA]
Epoch: 26, loss: 11.148622961044312, eval loss: [NA]
Epoch: 27, loss: 11.15076063632965, eval loss: [NA]
Epoch: 28, loss: 11.149497094154357, eval loss: [NA]
Epoch: 29, loss: 11.151092877388, eval loss: [NA]
Iteration: 3
start update likelihood model
Epoch: 0, loss: 10.115033326148987, eval loss: [NA]
Epoch: 1, loss: 10.092271237373351, eval loss: [NA]
Epoch: 2, loss: 10.085688695907592, eval loss: [NA]
Epoch: 3, loss: 10.078925318717957, eval loss: [NA]
Epoch: 4, loss: 10.087942190170288, eval loss: [NA]
Epoch: 5, loss: 10.071884326934814, eval loss: [NA]
Epoch: 6, loss: 10.072712593078613, eval loss: [NA]
Epoch: 7, loss: 10.073800902366639, eval loss: [NA]
Epoch: 8, loss: 10.066069631576537, eval loss: [NA]
Epoch: 9, loss: 10.078797416687012, eval loss: [NA]
Epoch: 10, loss: 10.05845600605011, eval loss: [NA]
Epoch: 11, loss: 10.075749192237854, eval loss: [NA]
Epoch: 12, loss: 10.0614101934433, eval loss: [NA]
Epoch: 13, loss: 10.067084760665894, eval loss: [NA]
Epoch: 14, loss: 10.06269679069519, eval loss: [NA]
Epoch: 15, loss: 10.057060546875, eval loss: [NA]
Epoch: 16, loss: 10.05730541229248, eval loss: [NA]
Epoch: 17, loss: 10.054440703392029, eval loss: [NA]
Epoch: 18, loss: 10.04742908000946, eval loss: [NA]
Epoch: 19, loss: 10.04817605495453, eval loss: [NA]
Epoch: 20, loss: 10.047554712295533, eval loss: [NA]
Epoch: 21, loss: 10.049638028144836, eval loss: [NA]
Epoch: 22, loss: 10.044476108551025, eval loss: [NA]
Epoch: 23, loss: 10.04661461353302, eval loss: [NA]
Epoch: 24, loss: 10.041958408355713, eval loss: [NA]
Epoch: 25, loss: 10.043354544639588, eval loss: [NA]
Epoch: 26, loss: 10.035338816642762, eval loss: [NA]
Epoch: 27, loss: 10.03132800579071, eval loss: [NA]
Epoch: 28, loss: 10.041081147193909, eval loss: [NA]
Epoch: 29, loss: 10.028907241821289, eval loss: [NA]
start update posterior model
Epoch: 0, loss: 11.262905764579774, eval loss: [NA]
Epoch: 1, loss: 11.257446355819702, eval loss: [NA]
Epoch: 2, loss: 11.264160375595093, eval loss: [NA]
Epoch: 3, loss: 11.260475678443909, eval loss: [NA]
Epoch: 4, loss: 11.260850114822388, eval loss: [NA]
Epoch: 5, loss: 11.261897649765015, eval loss: [NA]
Epoch: 6, loss: 11.262347955703735, eval loss: [NA]
Epoch: 7, loss: 11.259408626556397, eval loss: [NA]
Epoch: 8, loss: 11.260599479675292, eval loss: [NA]
Epoch: 9, loss: 11.258876032829285, eval loss: [NA]
Epoch: 10, loss: 11.258375520706176, eval loss: [NA]
Epoch: 11, loss: 11.261572866439819, eval loss: [NA]
Epoch: 12, loss: 11.262890858650207, eval loss: [NA]
Epoch: 13, loss: 11.26160879611969, eval loss: [NA]
Epoch: 14, loss: 11.260651025772095, eval loss: [NA]
Epoch: 15, loss: 11.25681676864624, eval loss: [NA]
Epoch: 16, loss: 11.259971370697022, eval loss: [NA]
Epoch: 17, loss: 11.261289949417113, eval loss: [NA]
Epoch: 18, loss: 11.259830317497254, eval loss: [NA]
Epoch: 19, loss: 11.261816654205322, eval loss: [NA]
Epoch: 20, loss: 11.260700225830078, eval loss: [NA]
Epoch: 21, loss: 11.258274703025817, eval loss: [NA]
Epoch: 22, loss: 11.258502736091614, eval loss: [NA]
Epoch: 23, loss: 11.263458881378174, eval loss: [NA]
Epoch: 24, loss: 11.257564778327941, eval loss: [NA]
Epoch: 25, loss: 11.259454188346863, eval loss: [NA]
Epoch: 26, loss: 11.260177574157716, eval loss: [NA]
Epoch: 27, loss: 11.260151324272156, eval loss: [NA]
Epoch: 28, loss: 11.259133133888245, eval loss: [NA]
Epoch: 29, loss: 11.260312781333923, eval loss: [NA]
Iteration: 4
start update likelihood model
Epoch: 0, loss: 10.094260234832763, eval loss: [NA]
Epoch: 1, loss: 10.076101694107056, eval loss: [NA]
Epoch: 2, loss: 10.072114567756653, eval loss: [NA]
Epoch: 3, loss: 10.063093800544738, eval loss: [NA]
Epoch: 4, loss: 10.061879234313965, eval loss: [NA]
Epoch: 5, loss: 10.058499445915222, eval loss: [NA]
Epoch: 6, loss: 10.059032573699952, eval loss: [NA]
Epoch: 7, loss: 10.052321076393127, eval loss: [NA]
Epoch: 8, loss: 10.053842606544494, eval loss: [NA]
Epoch: 9, loss: 10.048036489486694, eval loss: [NA]
Epoch: 10, loss: 10.049608907699586, eval loss: [NA]
Epoch: 11, loss: 10.049378652572631, eval loss: [NA]
Epoch: 12, loss: 10.044680156707763, eval loss: [NA]
Epoch: 13, loss: 10.051353249549866, eval loss: [NA]
Epoch: 14, loss: 10.04106776714325, eval loss: [NA]
Epoch: 15, loss: 10.04782600402832, eval loss: [NA]
Epoch: 16, loss: 10.041529879570007, eval loss: [NA]
Epoch: 17, loss: 10.037891335487366, eval loss: [NA]
Epoch: 18, loss: 10.040291571617127, eval loss: [NA]
Epoch: 19, loss: 10.031454238891602, eval loss: [NA]
Epoch: 20, loss: 10.038418283462525, eval loss: [NA]
Epoch: 21, loss: 10.030259609222412, eval loss: [NA]
Epoch: 22, loss: 10.025378770828247, eval loss: [NA]
Epoch: 23, loss: 10.025001802444457, eval loss: [NA]
Epoch: 24, loss: 10.021757431030274, eval loss: [NA]
Epoch: 25, loss: 10.02523030757904, eval loss: [NA]
Epoch: 26, loss: 10.018720989227296, eval loss: [NA]
Epoch: 27, loss: 10.022253918647767, eval loss: [NA]
Epoch: 28, loss: 10.023316750526428, eval loss: [NA]
Epoch: 29, loss: 10.013687663078308, eval loss: [NA]
start update posterior model
Epoch: 0, loss: 11.355426406860351, eval loss: [NA]
Epoch: 1, loss: 11.355345511436463, eval loss: [NA]
Epoch: 2, loss: 11.355191407203675, eval loss: [NA]
Epoch: 3, loss: 11.353950161933898, eval loss: [NA]
Epoch: 4, loss: 11.35576560497284, eval loss: [NA]
Epoch: 5, loss: 11.354112114906311, eval loss: [NA]
Epoch: 6, loss: 11.35449408531189, eval loss: [NA]
Epoch: 7, loss: 11.352044849395751, eval loss: [NA]
Epoch: 8, loss: 11.350411677360535, eval loss: [NA]
Epoch: 9, loss: 11.352869067192078, eval loss: [NA]
Epoch: 10, loss: 11.35244240283966, eval loss: [NA]
Epoch: 11, loss: 11.351239590644836, eval loss: [NA]
Epoch: 12, loss: 11.352978978157044, eval loss: [NA]
Epoch: 13, loss: 11.350307903289796, eval loss: [NA]
Epoch: 14, loss: 11.352884984016418, eval loss: [NA]
Epoch: 15, loss: 11.35324845790863, eval loss: [NA]
Epoch: 16, loss: 11.351926531791687, eval loss: [NA]
Epoch: 17, loss: 11.350237255096436, eval loss: [NA]
Epoch: 18, loss: 11.352766499519348, eval loss: [NA]
Epoch: 19, loss: 11.350832395553589, eval loss: [NA]
Epoch: 20, loss: 11.3514896774292, eval loss: [NA]
Epoch: 21, loss: 11.355352034568787, eval loss: [NA]
Epoch: 22, loss: 11.352562246322632, eval loss: [NA]
Epoch: 23, loss: 11.352007403373719, eval loss: [NA]
Epoch: 24, loss: 11.350367484092713, eval loss: [NA]
Epoch: 25, loss: 11.352399291992187, eval loss: [NA]
Epoch: 26, loss: 11.34985719680786, eval loss: [NA]
Epoch: 27, loss: 11.354439496994019, eval loss: [NA]
Epoch: 28, loss: 11.350667510032654, eval loss: [NA]
Epoch: 29, loss: 11.353680424690246, eval loss: [NA]

Runtime:582.21
[3846914795753621.0, 0.0188, 0.0191, 0.0054]
[59692937216.0, 1.3073, 1.3209, 1.3502]
[5442410381312.0, 1.3735, 1.378, 1.3896]
KL div untrained: 6905589668491874.0
KL div trained: 0.0016
