Input args:
Dim: 2
seed: 21
seed_data: 10
/home/samwiq/snpla/seq-posterior-approx-w-nf-dev/mv_gaussian/low_dim_w_five_obs/lunarc
/home/samwiq/snpla/seq-posterior-approx-w-nf-dev
tensor(4.6014e+13, grad_fn=<MeanBackward0>)
tensor(5.2789e+09, grad_fn=<MeanBackward0>)
tensor([ 5.1325e+10, -1.4069e+09, -4.3276e+07,  2.5866e+02, -3.1103e+00,
         1.8084e+05,  6.5550e+05, -2.3474e+03,  5.1153e+04,  8.2882e+00],
       grad_fn=<MeanBackward1>)
tensor([1.6115e+12, 4.4489e+10, 1.5893e+09, 6.4645e+03, 1.0886e+02, 3.6471e+06,
        2.0729e+07, 4.7388e+04, 1.6246e+06, 9.6030e+01],
       grad_fn=<StdBackward1>)
tensor([ 0.3690, -1.0083, -0.6645, -1.9805, -0.1852, -2.4619,  1.9413,  0.9507,
         1.0120, -0.1592])
start full training
Iteration: 1
start update likelihood model
Epoch: 0, loss: 19.89134838104248, eval loss: [NA]
Epoch: 1, loss: 13.464858617782593, eval loss: [NA]
Epoch: 2, loss: 11.193945927619934, eval loss: [NA]
Epoch: 3, loss: 10.546836338043214, eval loss: [NA]
Epoch: 4, loss: 10.44562213420868, eval loss: [NA]
Epoch: 5, loss: 10.400065650939942, eval loss: [NA]
Epoch: 6, loss: 10.321330785751343, eval loss: [NA]
Epoch: 7, loss: 10.292867069244386, eval loss: [NA]
Epoch: 8, loss: 10.27626277923584, eval loss: [NA]
Epoch: 9, loss: 10.268521780967712, eval loss: [NA]
Epoch: 10, loss: 10.257473859786987, eval loss: [NA]
Epoch: 11, loss: 10.260745406150818, eval loss: [NA]
Epoch: 12, loss: 10.231363167762757, eval loss: [NA]
Epoch: 13, loss: 10.241590743064881, eval loss: [NA]
Epoch: 14, loss: 10.206804385185242, eval loss: [NA]
Epoch: 15, loss: 10.21179696559906, eval loss: [NA]
Epoch: 16, loss: 10.221996960639954, eval loss: [NA]
Epoch: 17, loss: 10.19442181110382, eval loss: [NA]
Epoch: 18, loss: 10.220671429634095, eval loss: [NA]
Epoch: 19, loss: 10.178872661590576, eval loss: [NA]
Epoch: 20, loss: 10.185645141601562, eval loss: [NA]
Epoch: 21, loss: 10.181516919136048, eval loss: [NA]
Epoch: 22, loss: 10.14982617855072, eval loss: [NA]
Epoch: 23, loss: 10.175374670028686, eval loss: [NA]
Epoch: 24, loss: 10.165848417282104, eval loss: [NA]
start update posterior model from prior pred - hot start
Epoch: 0, loss: 2.068121314048767, eval loss: [NA]
Epoch: 1, loss: 0.878341760635376, eval loss: [NA]
Epoch: 2, loss: 0.6648389048874378, eval loss: [NA]
Epoch: 3, loss: 0.57769780497998, eval loss: [NA]
Epoch: 4, loss: 0.5586641193926334, eval loss: [NA]
start update posterior model
Epoch: 0, loss: 13.809925274848938, eval loss: [NA]
Epoch: 1, loss: 13.82121808052063, eval loss: [NA]
Epoch: 2, loss: 13.805215497016906, eval loss: [NA]
Epoch: 3, loss: 13.795769329071044, eval loss: [NA]
Epoch: 4, loss: 13.811344108581544, eval loss: [NA]
Epoch: 5, loss: 13.7994304895401, eval loss: [NA]
Epoch: 6, loss: 13.799013319015502, eval loss: [NA]
Epoch: 7, loss: 13.800051574707032, eval loss: [NA]
Epoch: 8, loss: 13.799465599060058, eval loss: [NA]
Epoch: 9, loss: 13.802116270065307, eval loss: [NA]
Epoch: 10, loss: 13.797307415008545, eval loss: [NA]
Epoch: 11, loss: 13.806403150558472, eval loss: [NA]
Epoch: 12, loss: 13.80218053340912, eval loss: [NA]
Epoch: 13, loss: 13.807148327827454, eval loss: [NA]
Epoch: 14, loss: 13.797438654899597, eval loss: [NA]
Epoch: 15, loss: 13.8000554895401, eval loss: [NA]
Epoch: 16, loss: 13.79519003868103, eval loss: [NA]
Epoch: 17, loss: 13.79558738231659, eval loss: [NA]
Epoch: 18, loss: 13.799071159362793, eval loss: [NA]
Epoch: 19, loss: 13.798769521713258, eval loss: [NA]
Epoch: 20, loss: 13.796875419616699, eval loss: [NA]
Epoch: 21, loss: 13.795091986656189, eval loss: [NA]
Epoch: 22, loss: 13.797687849998475, eval loss: [NA]
Epoch: 23, loss: 13.798492188453674, eval loss: [NA]
Epoch: 24, loss: 13.795454730987549, eval loss: [NA]
Epoch: 25, loss: 13.794927716255188, eval loss: [NA]
Epoch: 26, loss: 13.797587251663208, eval loss: [NA]
Epoch: 27, loss: 13.793689918518066, eval loss: [NA]
Epoch: 28, loss: 13.794370121955872, eval loss: [NA]
Epoch: 29, loss: 13.796562495231628, eval loss: [NA]
Iteration: 2
start update likelihood model
Epoch: 0, loss: 10.127535514831543, eval loss: [NA]
Epoch: 1, loss: 10.08558696269989, eval loss: [NA]
Epoch: 2, loss: 10.087685089111329, eval loss: [NA]
Epoch: 3, loss: 10.091035714149475, eval loss: [NA]
Epoch: 4, loss: 10.092049579620362, eval loss: [NA]
Epoch: 5, loss: 10.091305179595947, eval loss: [NA]
Epoch: 6, loss: 10.096435804367065, eval loss: [NA]
Epoch: 7, loss: 10.083981223106385, eval loss: [NA]
Epoch: 8, loss: 10.093713283538818, eval loss: [NA]
Epoch: 9, loss: 10.082641234397888, eval loss: [NA]
Epoch: 10, loss: 10.08147409915924, eval loss: [NA]
Epoch: 11, loss: 10.089640517234802, eval loss: [NA]
Epoch: 12, loss: 10.080922589302062, eval loss: [NA]
Epoch: 13, loss: 10.080640230178833, eval loss: [NA]
Epoch: 14, loss: 10.077630724906921, eval loss: [NA]
Epoch: 15, loss: 10.086645374298095, eval loss: [NA]
Epoch: 16, loss: 10.086180210113525, eval loss: [NA]
Epoch: 17, loss: 10.091645121574402, eval loss: [NA]
Epoch: 18, loss: 10.091698098182679, eval loss: [NA]
Epoch: 19, loss: 10.082867074012757, eval loss: [NA]
Epoch: 20, loss: 10.06993890762329, eval loss: [NA]
Epoch: 21, loss: 10.07472825050354, eval loss: [NA]
Epoch: 22, loss: 10.072421193122864, eval loss: [NA]
Epoch: 23, loss: 10.06975670337677, eval loss: [NA]
Epoch: 24, loss: 10.075440196990966, eval loss: [NA]
Epoch: 25, loss: 10.068318085670471, eval loss: [NA]
Epoch: 26, loss: 10.063674011230468, eval loss: [NA]
Epoch: 27, loss: 10.063002943992615, eval loss: [NA]
Epoch: 28, loss: 10.055119290351868, eval loss: [NA]
Epoch: 29, loss: 10.054366374015808, eval loss: [NA]
start update posterior model
Epoch: 0, loss: 14.545586671829223, eval loss: [NA]
Epoch: 1, loss: 14.550003652572633, eval loss: [NA]
Epoch: 2, loss: 14.546549859046936, eval loss: [NA]
Epoch: 3, loss: 14.550002150535583, eval loss: [NA]
Epoch: 4, loss: 14.541770372390747, eval loss: [NA]
Epoch: 5, loss: 14.542892217636108, eval loss: [NA]
Epoch: 6, loss: 14.54002398967743, eval loss: [NA]
Epoch: 7, loss: 14.540611281394959, eval loss: [NA]
Epoch: 8, loss: 14.541263270378114, eval loss: [NA]
Epoch: 9, loss: 14.541839065551757, eval loss: [NA]
Epoch: 10, loss: 14.550171303749085, eval loss: [NA]
Epoch: 11, loss: 14.541108708381653, eval loss: [NA]
Epoch: 12, loss: 14.540073342323304, eval loss: [NA]
Epoch: 13, loss: 14.540954995155335, eval loss: [NA]
Epoch: 14, loss: 14.541155519485473, eval loss: [NA]
Epoch: 15, loss: 14.546102695465088, eval loss: [NA]
Epoch: 16, loss: 14.54128351688385, eval loss: [NA]
Epoch: 17, loss: 14.542281022071839, eval loss: [NA]
Epoch: 18, loss: 14.539909315109252, eval loss: [NA]
Epoch: 19, loss: 14.539826107025146, eval loss: [NA]
Epoch: 20, loss: 14.543210196495057, eval loss: [NA]
Epoch: 21, loss: 14.540174584388733, eval loss: [NA]
Epoch: 22, loss: 14.540119996070862, eval loss: [NA]
Epoch: 23, loss: 14.54207245349884, eval loss: [NA]
Epoch: 24, loss: 14.541282877922058, eval loss: [NA]
Epoch: 25, loss: 14.537977094650268, eval loss: [NA]
Epoch: 26, loss: 14.540106883049011, eval loss: [NA]
Epoch: 27, loss: 14.54486614704132, eval loss: [NA]
Epoch: 28, loss: 14.540218210220337, eval loss: [NA]
Epoch: 29, loss: 14.540063276290894, eval loss: [NA]
Iteration: 3
start update likelihood model
Epoch: 0, loss: 10.120275588035584, eval loss: [NA]
Epoch: 1, loss: 10.09654501914978, eval loss: [NA]
Epoch: 2, loss: 10.092717280387879, eval loss: [NA]
Epoch: 3, loss: 10.098691926002502, eval loss: [NA]
Epoch: 4, loss: 10.084614858627319, eval loss: [NA]
Epoch: 5, loss: 10.083452625274658, eval loss: [NA]
Epoch: 6, loss: 10.082215104103089, eval loss: [NA]
Epoch: 7, loss: 10.078101205825806, eval loss: [NA]
Epoch: 8, loss: 10.080464396476746, eval loss: [NA]
Epoch: 9, loss: 10.078830661773681, eval loss: [NA]
Epoch: 10, loss: 10.067946796417237, eval loss: [NA]
Epoch: 11, loss: 10.065661988258363, eval loss: [NA]
Epoch: 12, loss: 10.069575181007385, eval loss: [NA]
Epoch: 13, loss: 10.080130743980408, eval loss: [NA]
Epoch: 14, loss: 10.063003759384156, eval loss: [NA]
Epoch: 15, loss: 10.06838758468628, eval loss: [NA]
Epoch: 16, loss: 10.06539170742035, eval loss: [NA]
Epoch: 17, loss: 10.06052755355835, eval loss: [NA]
Epoch: 18, loss: 10.060700778961182, eval loss: [NA]
Epoch: 19, loss: 10.05951810836792, eval loss: [NA]
Epoch: 20, loss: 10.057783336639405, eval loss: [NA]
Epoch: 21, loss: 10.05739504814148, eval loss: [NA]
Epoch: 22, loss: 10.05459870815277, eval loss: [NA]
Epoch: 23, loss: 10.05672966003418, eval loss: [NA]
Epoch: 24, loss: 10.051624507904053, eval loss: [NA]
Epoch: 25, loss: 10.059965586662292, eval loss: [NA]
Epoch: 26, loss: 10.048694167137146, eval loss: [NA]
Epoch: 27, loss: 10.043218874931336, eval loss: [NA]
Epoch: 28, loss: 10.041351389884948, eval loss: [NA]
Epoch: 29, loss: 10.045152487754821, eval loss: [NA]
start update posterior model
Epoch: 0, loss: 14.217951283454894, eval loss: [NA]
Epoch: 1, loss: 14.209979948997498, eval loss: [NA]
Epoch: 2, loss: 14.212369031906128, eval loss: [NA]
Epoch: 3, loss: 14.211785364151002, eval loss: [NA]
Epoch: 4, loss: 14.208942551612854, eval loss: [NA]
Epoch: 5, loss: 14.208949303627014, eval loss: [NA]
Epoch: 6, loss: 14.205183291435242, eval loss: [NA]
Epoch: 7, loss: 14.205359058380127, eval loss: [NA]
Epoch: 8, loss: 14.207812151908875, eval loss: [NA]
Epoch: 9, loss: 14.208299760818482, eval loss: [NA]
Epoch: 10, loss: 14.205391302108765, eval loss: [NA]
Epoch: 11, loss: 14.203627710342408, eval loss: [NA]
Epoch: 12, loss: 14.20600085258484, eval loss: [NA]
Epoch: 13, loss: 14.203090047836303, eval loss: [NA]
Epoch: 14, loss: 14.20566545009613, eval loss: [NA]
Epoch: 15, loss: 14.205201478004456, eval loss: [NA]
Epoch: 16, loss: 14.204023017883301, eval loss: [NA]
Epoch: 17, loss: 14.203314266204835, eval loss: [NA]
Epoch: 18, loss: 14.204037070274353, eval loss: [NA]
Epoch: 19, loss: 14.205291657447814, eval loss: [NA]
Epoch: 20, loss: 14.204773240089416, eval loss: [NA]
Epoch: 21, loss: 14.205367493629456, eval loss: [NA]
Epoch: 22, loss: 14.205179748535157, eval loss: [NA]
Epoch: 23, loss: 14.204967575073242, eval loss: [NA]
Epoch: 24, loss: 14.20211941242218, eval loss: [NA]
Epoch: 25, loss: 14.204656167030334, eval loss: [NA]
Epoch: 26, loss: 14.205805211067199, eval loss: [NA]
Epoch: 27, loss: 14.20719524860382, eval loss: [NA]
Epoch: 28, loss: 14.205316319465638, eval loss: [NA]
Epoch: 29, loss: 14.204489860534668, eval loss: [NA]
Iteration: 4
start update likelihood model
Epoch: 0, loss: 10.058748002052306, eval loss: [NA]
Epoch: 1, loss: 10.054425311088561, eval loss: [NA]
Epoch: 2, loss: 10.037679090499878, eval loss: [NA]
Epoch: 3, loss: 10.049587969779969, eval loss: [NA]
Epoch: 4, loss: 10.037372875213624, eval loss: [NA]
Epoch: 5, loss: 10.034728865623475, eval loss: [NA]
Epoch: 6, loss: 10.032806916236877, eval loss: [NA]
Epoch: 7, loss: 10.029217610359192, eval loss: [NA]
Epoch: 8, loss: 10.02602984905243, eval loss: [NA]
Epoch: 9, loss: 10.02626582622528, eval loss: [NA]
Epoch: 10, loss: 10.028074831962586, eval loss: [NA]
Epoch: 11, loss: 10.0294469165802, eval loss: [NA]
Epoch: 12, loss: 10.028728260993958, eval loss: [NA]
Epoch: 13, loss: 10.021273069381714, eval loss: [NA]
Epoch: 14, loss: 10.020218148231507, eval loss: [NA]
Epoch: 15, loss: 10.018677253723144, eval loss: [NA]
Epoch: 16, loss: 10.01952075958252, eval loss: [NA]
Epoch: 17, loss: 10.014254479408264, eval loss: [NA]
Epoch: 18, loss: 10.009203143119812, eval loss: [NA]
Epoch: 19, loss: 10.012686786651612, eval loss: [NA]
Epoch: 20, loss: 10.010130968093872, eval loss: [NA]
Epoch: 21, loss: 10.01804407119751, eval loss: [NA]
Epoch: 22, loss: 10.008852171897889, eval loss: [NA]
Epoch: 23, loss: 10.010791935920714, eval loss: [NA]
Epoch: 24, loss: 10.006336402893066, eval loss: [NA]
Epoch: 25, loss: 10.009633593559265, eval loss: [NA]
Epoch: 26, loss: 9.999468054771423, eval loss: [NA]
Epoch: 27, loss: 10.006580157279968, eval loss: [NA]
Epoch: 28, loss: 9.99816017627716, eval loss: [NA]
Epoch: 29, loss: 9.994947228431702, eval loss: [NA]
start update posterior model
Epoch: 0, loss: 14.3189808177948, eval loss: [NA]
Epoch: 1, loss: 14.317163949012757, eval loss: [NA]
Epoch: 2, loss: 14.313761072158814, eval loss: [NA]
Epoch: 3, loss: 14.313653373718262, eval loss: [NA]
Epoch: 4, loss: 14.316544127464294, eval loss: [NA]
Epoch: 5, loss: 14.316293816566468, eval loss: [NA]
Epoch: 6, loss: 14.315164561271667, eval loss: [NA]
Epoch: 7, loss: 14.311695585250854, eval loss: [NA]
Epoch: 8, loss: 14.313370804786683, eval loss: [NA]
Epoch: 9, loss: 14.313602538108826, eval loss: [NA]
Epoch: 10, loss: 14.316306090354919, eval loss: [NA]
Epoch: 11, loss: 14.310978984832763, eval loss: [NA]
Epoch: 12, loss: 14.311865549087525, eval loss: [NA]
Epoch: 13, loss: 14.313636779785156, eval loss: [NA]
Epoch: 14, loss: 14.314055314064026, eval loss: [NA]
Epoch: 15, loss: 14.310743589401245, eval loss: [NA]
Epoch: 16, loss: 14.312021565437316, eval loss: [NA]
Epoch: 17, loss: 14.309651560783387, eval loss: [NA]
Epoch: 18, loss: 14.312822818756104, eval loss: [NA]
Epoch: 19, loss: 14.310160946846008, eval loss: [NA]
Epoch: 20, loss: 14.314304823875426, eval loss: [NA]
Epoch: 21, loss: 14.310678353309632, eval loss: [NA]
Epoch: 22, loss: 14.31589201450348, eval loss: [NA]
Epoch: 23, loss: 14.314541049003601, eval loss: [NA]
Epoch: 24, loss: 14.311159930229188, eval loss: [NA]
Epoch: 25, loss: 14.307815551757812, eval loss: [NA]
Epoch: 26, loss: 14.313164315223695, eval loss: [NA]
Epoch: 27, loss: 14.30980339050293, eval loss: [NA]
Epoch: 28, loss: 14.313109111785888, eval loss: [NA]
Epoch: 29, loss: 14.311919770240785, eval loss: [NA]

Runtime:628.99
[438214095818464.6, 0.0036, 0.0347, 0.0013]
[5278943744.0, 1.3092, 1.3317, 1.3355]
[46013532340224.0, 1.3848, 1.4164, 1.412]
KL div untrained: 443931102375235.94
KL div trained: 0.0139
