Input args:
Dim: 2
seed: 34
seed_data: 10
/home/samwiq/spa/seq-posterior-approx-w-nf-dev/mv_gaussian/low_dim_w_five_obs/lunarc
/home/samwiq/spa/seq-posterior-approx-w-nf-dev
tensor(4.5938e+12, grad_fn=<MeanBackward0>)
tensor(7.4302e+10, grad_fn=<MeanBackward0>)
tensor([ 7.2239e+11, -1.9865e+10, -6.5177e+08,  3.2239e+03,  2.3300e+06,
         1.2019e+06,  7.5714e+06, -1.7026e+04,  5.9183e+05, -1.1918e+03],
       grad_fn=<MeanBackward1>)
tensor([1.3700e+13, 3.7822e+11, 1.3534e+10, 4.8310e+04, 3.2274e+07, 3.9803e+07,
        1.7474e+08, 5.1690e+05, 1.3695e+07, 1.7881e+04],
       grad_fn=<StdBackward1>)
tensor([ 4.8537,  1.1178,  3.6198, -0.2370,  2.3276, -1.3037,  2.4439, -1.5010,
         4.6191,  1.1044])
start full training
Iteration: 1
start update likelihood model
Epoch: 0, loss: 20.884337768554687, eval loss: [NA]
Epoch: 1, loss: 14.564358739852905, eval loss: [NA]
Epoch: 2, loss: 12.051260557174682, eval loss: [NA]
Epoch: 3, loss: 10.92268002986908, eval loss: [NA]
Epoch: 4, loss: 10.566520409584045, eval loss: [NA]
Epoch: 5, loss: 10.466492438316346, eval loss: [NA]
Epoch: 6, loss: 10.419208283424377, eval loss: [NA]
Epoch: 7, loss: 10.325297842025757, eval loss: [NA]
Epoch: 8, loss: 10.364642267227174, eval loss: [NA]
Epoch: 9, loss: 10.32497612953186, eval loss: [NA]
Epoch: 10, loss: 10.253899688720702, eval loss: [NA]
Epoch: 11, loss: 10.25466995716095, eval loss: [NA]
Epoch: 12, loss: 10.267446141242981, eval loss: [NA]
Epoch: 13, loss: 10.248138651847839, eval loss: [NA]
Epoch: 14, loss: 10.23226058959961, eval loss: [NA]
Epoch: 15, loss: 10.234261631965637, eval loss: [NA]
Epoch: 16, loss: 10.244923496246338, eval loss: [NA]
Epoch: 17, loss: 10.224846668243408, eval loss: [NA]
Epoch: 18, loss: 10.203464617729187, eval loss: [NA]
Epoch: 19, loss: 10.220668702125549, eval loss: [NA]
Epoch: 20, loss: 10.20029291152954, eval loss: [NA]
Epoch: 21, loss: 10.215015678405761, eval loss: [NA]
Epoch: 22, loss: 10.193930854797363, eval loss: [NA]
Epoch: 23, loss: 10.206870846748352, eval loss: [NA]
Epoch: 24, loss: 10.171939635276795, eval loss: [NA]
start update posterior model from prior pred - hot start
Epoch: 0, loss: 2.197632674574852, eval loss: [NA]
Epoch: 1, loss: 0.8904653742909432, eval loss: [NA]
Epoch: 2, loss: 0.7341837839782238, eval loss: [NA]
Epoch: 3, loss: 0.5879343792051077, eval loss: [NA]
Epoch: 4, loss: 0.5628597155585885, eval loss: [NA]
start update posterior model
Epoch: 0, loss: 12.968790793418885, eval loss: [NA]
Epoch: 1, loss: 12.875028562545776, eval loss: [NA]
Epoch: 2, loss: 12.893238129615783, eval loss: [NA]
Epoch: 3, loss: 12.868964653015137, eval loss: [NA]
Epoch: 4, loss: 12.87049723148346, eval loss: [NA]
Epoch: 5, loss: 12.8687783908844, eval loss: [NA]
Epoch: 6, loss: 12.846764922142029, eval loss: [NA]
Epoch: 7, loss: 12.849601669311523, eval loss: [NA]
Epoch: 8, loss: 12.867437419891358, eval loss: [NA]
Epoch: 9, loss: 12.836039032936096, eval loss: [NA]
Epoch: 10, loss: 12.86400589466095, eval loss: [NA]
Epoch: 11, loss: 12.860993828773498, eval loss: [NA]
Epoch: 12, loss: 12.837826428413392, eval loss: [NA]
Epoch: 13, loss: 12.836896243095397, eval loss: [NA]
Epoch: 14, loss: 12.838262166976929, eval loss: [NA]
Epoch: 15, loss: 12.868104095458984, eval loss: [NA]
Epoch: 16, loss: 12.839621648788452, eval loss: [NA]
Epoch: 17, loss: 12.838402843475341, eval loss: [NA]
Epoch: 18, loss: 12.83568504333496, eval loss: [NA]
Epoch: 19, loss: 12.850234894752502, eval loss: [NA]
Epoch: 20, loss: 12.843516874313355, eval loss: [NA]
Epoch: 21, loss: 12.852204217910767, eval loss: [NA]
Epoch: 22, loss: 12.829425497055054, eval loss: [NA]
Epoch: 23, loss: 12.837153463363647, eval loss: [NA]
Epoch: 24, loss: 12.834189710617066, eval loss: [NA]
Epoch: 25, loss: 12.861453247070312, eval loss: [NA]
Epoch: 26, loss: 12.829925723075867, eval loss: [NA]
Epoch: 27, loss: 12.832159457206727, eval loss: [NA]
Epoch: 28, loss: 12.852463822364808, eval loss: [NA]
Epoch: 29, loss: 12.831764731407166, eval loss: [NA]
Iteration: 2
start update likelihood model
Epoch: 0, loss: 10.212567219734192, eval loss: [NA]
Epoch: 1, loss: 10.184612979888916, eval loss: [NA]
Epoch: 2, loss: 10.16228907585144, eval loss: [NA]
Epoch: 3, loss: 10.183551287651062, eval loss: [NA]
Epoch: 4, loss: 10.129107789993286, eval loss: [NA]
Epoch: 5, loss: 10.114502420425415, eval loss: [NA]
Epoch: 6, loss: 10.13146243095398, eval loss: [NA]
Epoch: 7, loss: 10.103470487594604, eval loss: [NA]
Epoch: 8, loss: 10.122923860549927, eval loss: [NA]
Epoch: 9, loss: 10.135564923286438, eval loss: [NA]
Epoch: 10, loss: 10.113042640686036, eval loss: [NA]
Epoch: 11, loss: 10.122888817787171, eval loss: [NA]
Epoch: 12, loss: 10.116747832298278, eval loss: [NA]
Epoch: 13, loss: 10.107422733306885, eval loss: [NA]
Epoch: 14, loss: 10.121833415031434, eval loss: [NA]
Epoch: 15, loss: 10.109581761360168, eval loss: [NA]
Epoch: 16, loss: 10.118994789123535, eval loss: [NA]
Epoch: 17, loss: 10.134324202537536, eval loss: [NA]
Epoch: 18, loss: 10.089943065643311, eval loss: [NA]
Epoch: 19, loss: 10.10288426876068, eval loss: [NA]
Epoch: 20, loss: 10.095338273048402, eval loss: [NA]
Epoch: 21, loss: 10.095720539093017, eval loss: [NA]
Epoch: 22, loss: 10.081468605995179, eval loss: [NA]
Epoch: 23, loss: 10.101240940093994, eval loss: [NA]
Epoch: 24, loss: 10.08548589706421, eval loss: [NA]
Epoch: 25, loss: 10.08127716064453, eval loss: [NA]
Epoch: 26, loss: 10.079366450309754, eval loss: [NA]
Epoch: 27, loss: 10.098419580459595, eval loss: [NA]
Epoch: 28, loss: 10.078712944984437, eval loss: [NA]
Epoch: 29, loss: 10.093702573776245, eval loss: [NA]
start update posterior model
Epoch: 0, loss: 12.607993512153625, eval loss: [NA]
Epoch: 1, loss: 12.605619349479674, eval loss: [NA]
Epoch: 2, loss: 12.614345650672913, eval loss: [NA]
Epoch: 3, loss: 12.5957493019104, eval loss: [NA]
Epoch: 4, loss: 12.592039275169373, eval loss: [NA]
Epoch: 5, loss: 12.601097898483276, eval loss: [NA]
Epoch: 6, loss: 12.61771782398224, eval loss: [NA]
Epoch: 7, loss: 12.600133848190307, eval loss: [NA]
Epoch: 8, loss: 12.59622714996338, eval loss: [NA]
Epoch: 9, loss: 12.606443719863892, eval loss: [NA]
Epoch: 10, loss: 12.593215117454529, eval loss: [NA]
Epoch: 11, loss: 12.596034178733825, eval loss: [NA]
Epoch: 12, loss: 12.595384259223938, eval loss: [NA]
Epoch: 13, loss: 12.60664186000824, eval loss: [NA]
Epoch: 14, loss: 12.5936678981781, eval loss: [NA]
Epoch: 15, loss: 12.593739681243896, eval loss: [NA]
Epoch: 16, loss: 12.59339777469635, eval loss: [NA]
Epoch: 17, loss: 12.596468110084533, eval loss: [NA]
Epoch: 18, loss: 12.612607669830322, eval loss: [NA]
Epoch: 19, loss: 12.59401725769043, eval loss: [NA]
Epoch: 20, loss: 12.619522013664245, eval loss: [NA]
Epoch: 21, loss: 12.600652475357055, eval loss: [NA]
Epoch: 22, loss: 12.590201048851013, eval loss: [NA]
Epoch: 23, loss: 12.60065674304962, eval loss: [NA]
Epoch: 24, loss: 12.60012852191925, eval loss: [NA]
Epoch: 25, loss: 12.590791578292846, eval loss: [NA]
Epoch: 26, loss: 12.592123918533325, eval loss: [NA]
Epoch: 27, loss: 12.59784523010254, eval loss: [NA]
Epoch: 28, loss: 12.596679110527038, eval loss: [NA]
Epoch: 29, loss: 12.60018533706665, eval loss: [NA]
Iteration: 3
start update likelihood model
Epoch: 0, loss: 10.141937646865845, eval loss: [NA]
Epoch: 1, loss: 10.134849472045898, eval loss: [NA]
Epoch: 2, loss: 10.12808180809021, eval loss: [NA]
Epoch: 3, loss: 10.098632469177247, eval loss: [NA]
Epoch: 4, loss: 10.104004492759705, eval loss: [NA]
Epoch: 5, loss: 10.107437472343445, eval loss: [NA]
Epoch: 6, loss: 10.096874880790711, eval loss: [NA]
Epoch: 7, loss: 10.112509350776673, eval loss: [NA]
Epoch: 8, loss: 10.095658931732178, eval loss: [NA]
Epoch: 9, loss: 10.089688262939454, eval loss: [NA]
Epoch: 10, loss: 10.091524772644043, eval loss: [NA]
Epoch: 11, loss: 10.096083035469055, eval loss: [NA]
Epoch: 12, loss: 10.083118414878845, eval loss: [NA]
Epoch: 13, loss: 10.083305344581603, eval loss: [NA]
Epoch: 14, loss: 10.10264253616333, eval loss: [NA]
Epoch: 15, loss: 10.08281418800354, eval loss: [NA]
Epoch: 16, loss: 10.078217601776123, eval loss: [NA]
Epoch: 17, loss: 10.078757619857788, eval loss: [NA]
Epoch: 18, loss: 10.085818209648131, eval loss: [NA]
Epoch: 19, loss: 10.074095201492309, eval loss: [NA]
Epoch: 20, loss: 10.07435103416443, eval loss: [NA]
Epoch: 21, loss: 10.072023272514343, eval loss: [NA]
Epoch: 22, loss: 10.078965377807616, eval loss: [NA]
Epoch: 23, loss: 10.06684271812439, eval loss: [NA]
Epoch: 24, loss: 10.047797751426696, eval loss: [NA]
Epoch: 25, loss: 10.07136170387268, eval loss: [NA]
Epoch: 26, loss: 10.065736088752747, eval loss: [NA]
Epoch: 27, loss: 10.061969451904297, eval loss: [NA]
Epoch: 28, loss: 10.055710220336914, eval loss: [NA]
Epoch: 29, loss: 10.066030111312866, eval loss: [NA]
start update posterior model
Epoch: 0, loss: 12.62072895526886, eval loss: [NA]
Epoch: 1, loss: 12.643999857902527, eval loss: [NA]
Epoch: 2, loss: 12.617842683792114, eval loss: [NA]
Epoch: 3, loss: 12.61884114742279, eval loss: [NA]
Epoch: 4, loss: 12.617567811012268, eval loss: [NA]
Epoch: 5, loss: 12.622783665657044, eval loss: [NA]
Epoch: 6, loss: 12.628732495307922, eval loss: [NA]
Epoch: 7, loss: 12.621810612678528, eval loss: [NA]
Epoch: 8, loss: 12.622734370231628, eval loss: [NA]
Epoch: 9, loss: 12.630321340560913, eval loss: [NA]
Epoch: 10, loss: 12.6175288438797, eval loss: [NA]
Epoch: 11, loss: 12.615143585205079, eval loss: [NA]
Epoch: 12, loss: 12.617669534683227, eval loss: [NA]
Epoch: 13, loss: 12.622509741783142, eval loss: [NA]
Epoch: 14, loss: 12.620479168891906, eval loss: [NA]
Epoch: 15, loss: 12.627905883789062, eval loss: [NA]
Epoch: 16, loss: 12.618873167037965, eval loss: [NA]
Epoch: 17, loss: 12.620792322158813, eval loss: [NA]
Epoch: 18, loss: 12.611890473365783, eval loss: [NA]
Epoch: 19, loss: 12.613888120651245, eval loss: [NA]
Epoch: 20, loss: 12.626799807548522, eval loss: [NA]
Epoch: 21, loss: 12.624775695800782, eval loss: [NA]
Epoch: 22, loss: 12.623009581565857, eval loss: [NA]
Epoch: 23, loss: 12.617146697044372, eval loss: [NA]
Epoch: 24, loss: 12.631175856590271, eval loss: [NA]
Epoch: 25, loss: 12.627474732398987, eval loss: [NA]
Epoch: 26, loss: 12.614898438453674, eval loss: [NA]
Epoch: 27, loss: 12.615714011192322, eval loss: [NA]
Epoch: 28, loss: 12.614960794448853, eval loss: [NA]
Epoch: 29, loss: 12.615542535781861, eval loss: [NA]
Iteration: 4
start update likelihood model
Epoch: 0, loss: 10.089090881347657, eval loss: [NA]
Epoch: 1, loss: 10.087265768051147, eval loss: [NA]
Epoch: 2, loss: 10.069774689674377, eval loss: [NA]
Epoch: 3, loss: 10.074253668785095, eval loss: [NA]
Epoch: 4, loss: 10.066699733734131, eval loss: [NA]
Epoch: 5, loss: 10.058609480857848, eval loss: [NA]
Epoch: 6, loss: 10.066604952812195, eval loss: [NA]
Epoch: 7, loss: 10.06181728363037, eval loss: [NA]
Epoch: 8, loss: 10.06361258506775, eval loss: [NA]
Epoch: 9, loss: 10.054196372032166, eval loss: [NA]
Epoch: 10, loss: 10.047998843193055, eval loss: [NA]
Epoch: 11, loss: 10.071506118774414, eval loss: [NA]
Epoch: 12, loss: 10.054580936431885, eval loss: [NA]
Epoch: 13, loss: 10.04890576839447, eval loss: [NA]
Epoch: 14, loss: 10.044578280448913, eval loss: [NA]
Epoch: 15, loss: 10.041119451522826, eval loss: [NA]
Epoch: 16, loss: 10.040325508117675, eval loss: [NA]
Epoch: 17, loss: 10.039726085662842, eval loss: [NA]
Epoch: 18, loss: 10.048139853477478, eval loss: [NA]
Epoch: 19, loss: 10.031287021636963, eval loss: [NA]
Epoch: 20, loss: 10.05502607345581, eval loss: [NA]
Epoch: 21, loss: 10.046468787193298, eval loss: [NA]
Epoch: 22, loss: 10.047000832557679, eval loss: [NA]
Epoch: 23, loss: 10.03972511768341, eval loss: [NA]
Epoch: 24, loss: 10.043419437408447, eval loss: [NA]
Epoch: 25, loss: 10.031485471725464, eval loss: [NA]
Epoch: 26, loss: 10.027053470611571, eval loss: [NA]
Epoch: 27, loss: 10.03318398475647, eval loss: [NA]
Epoch: 28, loss: 10.025769090652465, eval loss: [NA]
Epoch: 29, loss: 10.034879808425904, eval loss: [NA]
start update posterior model
Epoch: 0, loss: 12.481629042625427, eval loss: [NA]
Epoch: 1, loss: 12.481474385261535, eval loss: [NA]
Epoch: 2, loss: 12.480312595367431, eval loss: [NA]
Epoch: 3, loss: 12.477348775863648, eval loss: [NA]
Epoch: 4, loss: 12.480391459465027, eval loss: [NA]
Epoch: 5, loss: 12.488529353141784, eval loss: [NA]
Epoch: 6, loss: 12.477908000946044, eval loss: [NA]
Epoch: 7, loss: 12.481296195983887, eval loss: [NA]
Epoch: 8, loss: 12.474556093215943, eval loss: [NA]
Epoch: 9, loss: 12.482136254310609, eval loss: [NA]
Epoch: 10, loss: 12.485841274261475, eval loss: [NA]
Epoch: 11, loss: 12.477686285972595, eval loss: [NA]
Epoch: 12, loss: 12.478341007232666, eval loss: [NA]
Epoch: 13, loss: 12.483192019462585, eval loss: [NA]
Epoch: 14, loss: 12.480683875083923, eval loss: [NA]
Epoch: 15, loss: 12.478558897972107, eval loss: [NA]
Epoch: 16, loss: 12.479190459251404, eval loss: [NA]
Epoch: 17, loss: 12.478298716545105, eval loss: [NA]
Epoch: 18, loss: 12.477712898254394, eval loss: [NA]
Epoch: 19, loss: 12.476372890472412, eval loss: [NA]
Epoch: 20, loss: 12.475310640335083, eval loss: [NA]
Epoch: 21, loss: 12.487702422142029, eval loss: [NA]
Epoch: 22, loss: 12.474064402580261, eval loss: [NA]
Epoch: 23, loss: 12.472872772216796, eval loss: [NA]
Epoch: 24, loss: 12.472936148643493, eval loss: [NA]
Epoch: 25, loss: 12.476095337867736, eval loss: [NA]
Epoch: 26, loss: 12.476531615257263, eval loss: [NA]
Epoch: 27, loss: 12.47277509689331, eval loss: [NA]
Epoch: 28, loss: 12.483537487983703, eval loss: [NA]
Epoch: 29, loss: 12.476098470687866, eval loss: [NA]

Runtime:611.23
[1.51808481875473e+18, 0.0052, 0.0011, 0.0035]
[74301751296.0, 1.3684, 1.3588, 1.3618]
[4593761648640.0, 1.403, 1.3847, 1.3914]
KL div untrained: 2.01223065008448e+18
KL div trained: 0.0073
