Input args:
Dim: 2
seed: 14
seed_data: 10
/home/samwiq/snpla/seq-posterior-approx-w-nf-dev/mv_gaussian/low_dim_w_five_obs/lunarc
/home/samwiq/snpla/seq-posterior-approx-w-nf-dev
tensor(4.0799e+12, grad_fn=<MeanBackward0>)
tensor(2.5180e+08, grad_fn=<MeanBackward0>)
tensor([ 2.4533e+09, -5.2031e+07,  8.7402e+06,  2.6576e+01,  1.6791e+04,
         2.8023e+05,  1.2117e+04, -3.6482e+03,  5.9601e+02,  1.3102e+01],
       grad_fn=<MeanBackward1>)
tensor([3.7008e+10, 9.1906e+08, 3.0228e+08, 7.6190e+02, 5.0290e+05, 8.0065e+06,
        2.3305e+05, 1.0405e+05, 2.0497e+04, 2.2387e+02],
       grad_fn=<StdBackward1>)
tensor([-3.4617, -2.1955, -3.1526, -2.0579, -2.6527, -1.0362, -0.7816,  0.1561,
        -2.3898, -0.7673])
start full training
Iteration: 1
start update likelihood model
Epoch: 0, loss: 19.86515732765198, eval loss: [NA]
Epoch: 1, loss: 13.559459409713746, eval loss: [NA]
Epoch: 2, loss: 11.11667347431183, eval loss: [NA]
Epoch: 3, loss: 10.551539573669434, eval loss: [NA]
Epoch: 4, loss: 10.377498536109924, eval loss: [NA]
Epoch: 5, loss: 10.369442038536071, eval loss: [NA]
Epoch: 6, loss: 10.28644100666046, eval loss: [NA]
Epoch: 7, loss: 10.268644127845764, eval loss: [NA]
Epoch: 8, loss: 10.288018898963928, eval loss: [NA]
Epoch: 9, loss: 10.276555666923523, eval loss: [NA]
Epoch: 10, loss: 10.226812810897828, eval loss: [NA]
Epoch: 11, loss: 10.203664150238037, eval loss: [NA]
Epoch: 12, loss: 10.195020771026611, eval loss: [NA]
Epoch: 13, loss: 10.174149136543274, eval loss: [NA]
Epoch: 14, loss: 10.19165542125702, eval loss: [NA]
Epoch: 15, loss: 10.177192683219909, eval loss: [NA]
Epoch: 16, loss: 10.199125442504883, eval loss: [NA]
Epoch: 17, loss: 10.20596381187439, eval loss: [NA]
Epoch: 18, loss: 10.177466635704041, eval loss: [NA]
Epoch: 19, loss: 10.16711416721344, eval loss: [NA]
Epoch: 20, loss: 10.16710811138153, eval loss: [NA]
Epoch: 21, loss: 10.174956545829772, eval loss: [NA]
Epoch: 22, loss: 10.142882509231567, eval loss: [NA]
Epoch: 23, loss: 10.166896510124207, eval loss: [NA]
Epoch: 24, loss: 10.142645878791809, eval loss: [NA]
start update posterior model from prior pred - hot start
Epoch: 0, loss: 2.114155355095863, eval loss: [NA]
Epoch: 1, loss: 0.869884188324213, eval loss: [NA]
Epoch: 2, loss: 0.6900856298208237, eval loss: [NA]
Epoch: 3, loss: 0.5961850395053625, eval loss: [NA]
Epoch: 4, loss: 0.5350158859789371, eval loss: [NA]
start update posterior model
Epoch: 0, loss: 13.397676587104797, eval loss: [NA]
Epoch: 1, loss: 13.388359847068786, eval loss: [NA]
Epoch: 2, loss: 13.368806462287903, eval loss: [NA]
Epoch: 3, loss: 13.361125121116638, eval loss: [NA]
Epoch: 4, loss: 13.365036773681641, eval loss: [NA]
Epoch: 5, loss: 13.37994665145874, eval loss: [NA]
Epoch: 6, loss: 13.364862675666808, eval loss: [NA]
Epoch: 7, loss: 13.350801849365235, eval loss: [NA]
Epoch: 8, loss: 13.360426559448243, eval loss: [NA]
Epoch: 9, loss: 13.370600237846375, eval loss: [NA]
Epoch: 10, loss: 13.361011877059937, eval loss: [NA]
Epoch: 11, loss: 13.354261102676391, eval loss: [NA]
Epoch: 12, loss: 13.353948144912719, eval loss: [NA]
Epoch: 13, loss: 13.349652638435364, eval loss: [NA]
Epoch: 14, loss: 13.377353382110595, eval loss: [NA]
Epoch: 15, loss: 13.356273922920227, eval loss: [NA]
Epoch: 16, loss: 13.358916368484497, eval loss: [NA]
Epoch: 17, loss: 13.352497849464417, eval loss: [NA]
Epoch: 18, loss: 13.365325136184692, eval loss: [NA]
Epoch: 19, loss: 13.364102687835693, eval loss: [NA]
Epoch: 20, loss: 13.355045018196106, eval loss: [NA]
Epoch: 21, loss: 13.349017930030822, eval loss: [NA]
Epoch: 22, loss: 13.352302904129028, eval loss: [NA]
Epoch: 23, loss: 13.350098409652709, eval loss: [NA]
Epoch: 24, loss: 13.353775281906128, eval loss: [NA]
Epoch: 25, loss: 13.352083082199096, eval loss: [NA]
Epoch: 26, loss: 13.361445565223693, eval loss: [NA]
Epoch: 27, loss: 13.347399592399597, eval loss: [NA]
Epoch: 28, loss: 13.3504341173172, eval loss: [NA]
Epoch: 29, loss: 13.350737090110778, eval loss: [NA]
Iteration: 2
start update likelihood model
Epoch: 0, loss: 10.135772485733032, eval loss: [NA]
Epoch: 1, loss: 10.121340379714965, eval loss: [NA]
Epoch: 2, loss: 10.123062081336975, eval loss: [NA]
Epoch: 3, loss: 10.109818015098572, eval loss: [NA]
Epoch: 4, loss: 10.10138045310974, eval loss: [NA]
Epoch: 5, loss: 10.090037045478821, eval loss: [NA]
Epoch: 6, loss: 10.102406163215637, eval loss: [NA]
Epoch: 7, loss: 10.107589778900147, eval loss: [NA]
Epoch: 8, loss: 10.1271680021286, eval loss: [NA]
Epoch: 9, loss: 10.0952548122406, eval loss: [NA]
Epoch: 10, loss: 10.085367097854615, eval loss: [NA]
Epoch: 11, loss: 10.106529078483582, eval loss: [NA]
Epoch: 12, loss: 10.090083713531493, eval loss: [NA]
Epoch: 13, loss: 10.089925799369812, eval loss: [NA]
Epoch: 14, loss: 10.094770979881286, eval loss: [NA]
Epoch: 15, loss: 10.092981405258179, eval loss: [NA]
Epoch: 16, loss: 10.087434267997741, eval loss: [NA]
Epoch: 17, loss: 10.094364104270936, eval loss: [NA]
Epoch: 18, loss: 10.08048095703125, eval loss: [NA]
Epoch: 19, loss: 10.074264721870422, eval loss: [NA]
Epoch: 20, loss: 10.080314230918884, eval loss: [NA]
Epoch: 21, loss: 10.07517273902893, eval loss: [NA]
Epoch: 22, loss: 10.084586048126221, eval loss: [NA]
Epoch: 23, loss: 10.071983695030212, eval loss: [NA]
Epoch: 24, loss: 10.0649688911438, eval loss: [NA]
Epoch: 25, loss: 10.080263690948486, eval loss: [NA]
Epoch: 26, loss: 10.074633874893188, eval loss: [NA]
Epoch: 27, loss: 10.074539170265197, eval loss: [NA]
Epoch: 28, loss: 10.062052969932557, eval loss: [NA]
Epoch: 29, loss: 10.07351894378662, eval loss: [NA]
start update posterior model
Epoch: 0, loss: 13.445636677742005, eval loss: [NA]
Epoch: 1, loss: 13.448820061683655, eval loss: [NA]
Epoch: 2, loss: 13.45320327758789, eval loss: [NA]
Epoch: 3, loss: 13.4500071144104, eval loss: [NA]
Epoch: 4, loss: 13.443916912078857, eval loss: [NA]
Epoch: 5, loss: 13.443041996955872, eval loss: [NA]
Epoch: 6, loss: 13.443762726783753, eval loss: [NA]
Epoch: 7, loss: 13.440591049194335, eval loss: [NA]
Epoch: 8, loss: 13.446569895744323, eval loss: [NA]
Epoch: 9, loss: 13.4425510597229, eval loss: [NA]
Epoch: 10, loss: 13.441669406890869, eval loss: [NA]
Epoch: 11, loss: 13.439666385650634, eval loss: [NA]
Epoch: 12, loss: 13.452162408828736, eval loss: [NA]
Epoch: 13, loss: 13.444559898376465, eval loss: [NA]
Epoch: 14, loss: 13.438660421371459, eval loss: [NA]
Epoch: 15, loss: 13.439848461151122, eval loss: [NA]
Epoch: 16, loss: 13.446847224235535, eval loss: [NA]
Epoch: 17, loss: 13.44637333869934, eval loss: [NA]
Epoch: 18, loss: 13.442363367080688, eval loss: [NA]
Epoch: 19, loss: 13.439617042541505, eval loss: [NA]
Epoch: 20, loss: 13.446129727363587, eval loss: [NA]
Epoch: 21, loss: 13.441966438293457, eval loss: [NA]
Epoch: 22, loss: 13.44173309326172, eval loss: [NA]
Epoch: 23, loss: 13.439854955673217, eval loss: [NA]
Epoch: 24, loss: 13.450772080421448, eval loss: [NA]
Epoch: 25, loss: 13.438987984657288, eval loss: [NA]
Epoch: 26, loss: 13.436481347084046, eval loss: [NA]
Epoch: 27, loss: 13.436556243896485, eval loss: [NA]
Epoch: 28, loss: 13.43911784172058, eval loss: [NA]
Epoch: 29, loss: 13.444482417106629, eval loss: [NA]
Iteration: 3
start update likelihood model
Epoch: 0, loss: 10.152507491111756, eval loss: [NA]
Epoch: 1, loss: 10.136512989997863, eval loss: [NA]
Epoch: 2, loss: 10.135231304168702, eval loss: [NA]
Epoch: 3, loss: 10.128490290641786, eval loss: [NA]
Epoch: 4, loss: 10.133006792068482, eval loss: [NA]
Epoch: 5, loss: 10.122028903961182, eval loss: [NA]
Epoch: 6, loss: 10.119835081100463, eval loss: [NA]
Epoch: 7, loss: 10.115514268875122, eval loss: [NA]
Epoch: 8, loss: 10.120498247146607, eval loss: [NA]
Epoch: 9, loss: 10.121107840538025, eval loss: [NA]
Epoch: 10, loss: 10.109175667762756, eval loss: [NA]
Epoch: 11, loss: 10.11292323589325, eval loss: [NA]
Epoch: 12, loss: 10.11265748500824, eval loss: [NA]
Epoch: 13, loss: 10.104520282745362, eval loss: [NA]
Epoch: 14, loss: 10.111426439285278, eval loss: [NA]
Epoch: 15, loss: 10.103605327606202, eval loss: [NA]
Epoch: 16, loss: 10.102866697311402, eval loss: [NA]
Epoch: 17, loss: 10.112788271903991, eval loss: [NA]
Epoch: 18, loss: 10.094491400718688, eval loss: [NA]
Epoch: 19, loss: 10.092600913047791, eval loss: [NA]
Epoch: 20, loss: 10.096549625396728, eval loss: [NA]
Epoch: 21, loss: 10.09139358997345, eval loss: [NA]
Epoch: 22, loss: 10.09904658794403, eval loss: [NA]
Epoch: 23, loss: 10.10261769771576, eval loss: [NA]
Epoch: 24, loss: 10.090190181732178, eval loss: [NA]
Epoch: 25, loss: 10.089334387779235, eval loss: [NA]
Epoch: 26, loss: 10.087831673622132, eval loss: [NA]
Epoch: 27, loss: 10.086970329284668, eval loss: [NA]
Epoch: 28, loss: 10.081237001419067, eval loss: [NA]
Epoch: 29, loss: 10.094402980804443, eval loss: [NA]
start update posterior model
Epoch: 0, loss: 12.910451340675355, eval loss: [NA]
Epoch: 1, loss: 12.91214210510254, eval loss: [NA]
Epoch: 2, loss: 12.907498517036437, eval loss: [NA]
Epoch: 3, loss: 12.911290812492371, eval loss: [NA]
Epoch: 4, loss: 12.912215814590454, eval loss: [NA]
Epoch: 5, loss: 12.914216132164002, eval loss: [NA]
Epoch: 6, loss: 12.909199929237365, eval loss: [NA]
Epoch: 7, loss: 12.905835452079772, eval loss: [NA]
Epoch: 8, loss: 12.90831458568573, eval loss: [NA]
Epoch: 9, loss: 12.91150260925293, eval loss: [NA]
Epoch: 10, loss: 12.91877375125885, eval loss: [NA]
Epoch: 11, loss: 12.909699363708496, eval loss: [NA]
Epoch: 12, loss: 12.909819931983948, eval loss: [NA]
Epoch: 13, loss: 12.909065179824829, eval loss: [NA]
Epoch: 14, loss: 12.908141732215881, eval loss: [NA]
Epoch: 15, loss: 12.911712536811828, eval loss: [NA]
Epoch: 16, loss: 12.90712106704712, eval loss: [NA]
Epoch: 17, loss: 12.909423389434814, eval loss: [NA]
Epoch: 18, loss: 12.911153502464295, eval loss: [NA]
Epoch: 19, loss: 12.909842224121094, eval loss: [NA]
Epoch: 20, loss: 12.905244040489197, eval loss: [NA]
Epoch: 21, loss: 12.914561185836792, eval loss: [NA]
Epoch: 22, loss: 12.912421035766602, eval loss: [NA]
Epoch: 23, loss: 12.904182991981507, eval loss: [NA]
Epoch: 24, loss: 12.908276495933533, eval loss: [NA]
Epoch: 25, loss: 12.911188611984253, eval loss: [NA]
Epoch: 26, loss: 12.908319525718689, eval loss: [NA]
Epoch: 27, loss: 12.904962582588196, eval loss: [NA]
Epoch: 28, loss: 12.909395761489868, eval loss: [NA]
Epoch: 29, loss: 12.908006558418274, eval loss: [NA]
Iteration: 4
start update likelihood model
Epoch: 0, loss: 10.08447205543518, eval loss: [NA]
Epoch: 1, loss: 10.080639114379883, eval loss: [NA]
Epoch: 2, loss: 10.074402408599854, eval loss: [NA]
Epoch: 3, loss: 10.063295288085937, eval loss: [NA]
Epoch: 4, loss: 10.0583012342453, eval loss: [NA]
Epoch: 5, loss: 10.07269832611084, eval loss: [NA]
Epoch: 6, loss: 10.047442526817322, eval loss: [NA]
Epoch: 7, loss: 10.05458737373352, eval loss: [NA]
Epoch: 8, loss: 10.04906304359436, eval loss: [NA]
Epoch: 9, loss: 10.052418208122253, eval loss: [NA]
Epoch: 10, loss: 10.051378717422486, eval loss: [NA]
Epoch: 11, loss: 10.06153968334198, eval loss: [NA]
Epoch: 12, loss: 10.047720856666565, eval loss: [NA]
Epoch: 13, loss: 10.043574848175048, eval loss: [NA]
Epoch: 14, loss: 10.037655048370361, eval loss: [NA]
Epoch: 15, loss: 10.04055425643921, eval loss: [NA]
Epoch: 16, loss: 10.050974521636963, eval loss: [NA]
Epoch: 17, loss: 10.036569294929505, eval loss: [NA]
Epoch: 18, loss: 10.040668244361877, eval loss: [NA]
Epoch: 19, loss: 10.040132331848145, eval loss: [NA]
Epoch: 20, loss: 10.035395293235778, eval loss: [NA]
Epoch: 21, loss: 10.041803855895996, eval loss: [NA]
Epoch: 22, loss: 10.037245707511902, eval loss: [NA]
Epoch: 23, loss: 10.041871771812438, eval loss: [NA]
Epoch: 24, loss: 10.031150288581848, eval loss: [NA]
Epoch: 25, loss: 10.028883395195008, eval loss: [NA]
Epoch: 26, loss: 10.02903670310974, eval loss: [NA]
Epoch: 27, loss: 10.034412240982055, eval loss: [NA]
Epoch: 28, loss: 10.024632925987243, eval loss: [NA]
Epoch: 29, loss: 10.01383716583252, eval loss: [NA]
start update posterior model
Epoch: 0, loss: 13.146596899032593, eval loss: [NA]
Epoch: 1, loss: 13.140457978248596, eval loss: [NA]
Epoch: 2, loss: 13.137445015907288, eval loss: [NA]
Epoch: 3, loss: 13.134613075256347, eval loss: [NA]
Epoch: 4, loss: 13.134837746620178, eval loss: [NA]
Epoch: 5, loss: 13.135986342430115, eval loss: [NA]
Epoch: 6, loss: 13.140070524215698, eval loss: [NA]
Epoch: 7, loss: 13.135648260116577, eval loss: [NA]
Epoch: 8, loss: 13.134206109046936, eval loss: [NA]
Epoch: 9, loss: 13.134621877670288, eval loss: [NA]
Epoch: 10, loss: 13.137477746009827, eval loss: [NA]
Epoch: 11, loss: 13.143513808250427, eval loss: [NA]
Epoch: 12, loss: 13.138538184165954, eval loss: [NA]
Epoch: 13, loss: 13.138271565437316, eval loss: [NA]
Epoch: 14, loss: 13.142279028892517, eval loss: [NA]
Epoch: 15, loss: 13.139129076004028, eval loss: [NA]
Epoch: 16, loss: 13.130858044624329, eval loss: [NA]
Epoch: 17, loss: 13.133708019256591, eval loss: [NA]
Epoch: 18, loss: 13.133625426292419, eval loss: [NA]
Epoch: 19, loss: 13.139699296951294, eval loss: [NA]
Epoch: 20, loss: 13.14204321861267, eval loss: [NA]
Epoch: 21, loss: 13.141241087913514, eval loss: [NA]
Epoch: 22, loss: 13.13436255455017, eval loss: [NA]
Epoch: 23, loss: 13.13290804862976, eval loss: [NA]
Epoch: 24, loss: 13.141643190383911, eval loss: [NA]
Epoch: 25, loss: 13.136499361991882, eval loss: [NA]
Epoch: 26, loss: 13.138401117324829, eval loss: [NA]
Epoch: 27, loss: 13.145290946960449, eval loss: [NA]
Epoch: 28, loss: 13.139978804588317, eval loss: [NA]
Epoch: 29, loss: 13.13338255405426, eval loss: [NA]

Runtime:623.64
[8065772612903707.0, 0.0065, 0.0142, 0.0065]
[251804016.0, 1.2754, 1.2652, 1.2518]
[4079907241984.0, 1.3871, 1.373, 1.3959]
KL div untrained: 5972875560529584.0
KL div trained: 0.0148
