Input args:
Dim: 2
seed: 9
seed_data: 10
/home/samwiq/spa/seq-posterior-approx-w-nf-dev/mv_gaussian/low_dim_w_five_obs/lunarc
/home/samwiq/spa/seq-posterior-approx-w-nf-dev
tensor(9.0174e+10, grad_fn=<MeanBackward0>)
tensor(4.2637e+11, grad_fn=<MeanBackward0>)
tensor([ 4.1472e+12, -1.0881e+11,  6.5494e+06,  4.7758e+02,  4.8691e+07,
         9.7742e+07,  1.5501e+07, -1.3015e+06,  1.0913e+06, -2.5370e+04],
       grad_fn=<MeanBackward1>)
tensor([8.7990e+13, 2.4254e+12, 9.2523e+10, 5.1325e+03, 1.5239e+09, 1.1075e+09,
        2.5415e+08, 1.4380e+07, 1.9973e+07, 8.2701e+05],
       grad_fn=<StdBackward1>)
tensor([ 0.1527,  5.0296, -0.1720,  4.1212,  1.6518,  6.0040,  0.5523,  4.8475,
         0.9799,  5.5771])
start full training
Iteration: 1
start update likelihood model
Epoch: 0, loss: 19.17564139842987, eval loss: [NA]
Epoch: 1, loss: 13.065828204154968, eval loss: [NA]
Epoch: 2, loss: 11.041933908462525, eval loss: [NA]
Epoch: 3, loss: 10.62146577358246, eval loss: [NA]
Epoch: 4, loss: 10.400002813339233, eval loss: [NA]
Epoch: 5, loss: 10.353297810554505, eval loss: [NA]
Epoch: 6, loss: 10.34873622894287, eval loss: [NA]
Epoch: 7, loss: 10.295840277671815, eval loss: [NA]
Epoch: 8, loss: 10.29063789844513, eval loss: [NA]
Epoch: 9, loss: 10.27752857685089, eval loss: [NA]
Epoch: 10, loss: 10.255226740837097, eval loss: [NA]
Epoch: 11, loss: 10.249786448478698, eval loss: [NA]
Epoch: 12, loss: 10.233690280914306, eval loss: [NA]
Epoch: 13, loss: 10.236863865852357, eval loss: [NA]
Epoch: 14, loss: 10.25307342529297, eval loss: [NA]
Epoch: 15, loss: 10.214450750350952, eval loss: [NA]
Epoch: 16, loss: 10.200933508872986, eval loss: [NA]
Epoch: 17, loss: 10.196979055404663, eval loss: [NA]
Epoch: 18, loss: 10.216489624977111, eval loss: [NA]
Epoch: 19, loss: 10.209151163101197, eval loss: [NA]
Epoch: 20, loss: 10.187528266906739, eval loss: [NA]
Epoch: 21, loss: 10.18939007282257, eval loss: [NA]
Epoch: 22, loss: 10.206064176559448, eval loss: [NA]
Epoch: 23, loss: 10.186067962646485, eval loss: [NA]
Epoch: 24, loss: 10.181545300483704, eval loss: [NA]
start update posterior model from prior pred - hot start
Epoch: 0, loss: 2.166052969992161, eval loss: [NA]
Epoch: 1, loss: 0.8610036511719227, eval loss: [NA]
Epoch: 2, loss: 0.718191998153925, eval loss: [NA]
Epoch: 3, loss: 0.5729172561317682, eval loss: [NA]
Epoch: 4, loss: 0.5565285822749138, eval loss: [NA]
start update posterior model
Epoch: 0, loss: 13.285990171432495, eval loss: [NA]
Epoch: 1, loss: 13.228090558052063, eval loss: [NA]
Epoch: 2, loss: 13.236296782493591, eval loss: [NA]
Epoch: 3, loss: 13.194371705055238, eval loss: [NA]
Epoch: 4, loss: 13.204830040931702, eval loss: [NA]
Epoch: 5, loss: 13.215109004974366, eval loss: [NA]
Epoch: 6, loss: 13.193564524650574, eval loss: [NA]
Epoch: 7, loss: 13.198561782836913, eval loss: [NA]
Epoch: 8, loss: 13.189398894309997, eval loss: [NA]
Epoch: 9, loss: 13.20195412158966, eval loss: [NA]
Epoch: 10, loss: 13.190576786994933, eval loss: [NA]
Epoch: 11, loss: 13.190584044456482, eval loss: [NA]
Epoch: 12, loss: 13.193226175308228, eval loss: [NA]
Epoch: 13, loss: 13.1900896692276, eval loss: [NA]
Epoch: 14, loss: 13.202228240966797, eval loss: [NA]
Epoch: 15, loss: 13.1978200674057, eval loss: [NA]
Epoch: 16, loss: 13.188523364067077, eval loss: [NA]
Epoch: 17, loss: 13.185612206459046, eval loss: [NA]
Epoch: 18, loss: 13.196983160972595, eval loss: [NA]
Epoch: 19, loss: 13.18995066165924, eval loss: [NA]
Epoch: 20, loss: 13.180767045021057, eval loss: [NA]
Epoch: 21, loss: 13.197094273567199, eval loss: [NA]
Epoch: 22, loss: 13.197418932914735, eval loss: [NA]
Epoch: 23, loss: 13.182256903648376, eval loss: [NA]
Epoch: 24, loss: 13.183767657279969, eval loss: [NA]
Epoch: 25, loss: 13.190150136947631, eval loss: [NA]
Epoch: 26, loss: 13.186897473335266, eval loss: [NA]
Epoch: 27, loss: 13.180377464294434, eval loss: [NA]
Epoch: 28, loss: 13.177959814071656, eval loss: [NA]
Epoch: 29, loss: 13.188813815116882, eval loss: [NA]
Iteration: 2
start update likelihood model
Epoch: 0, loss: 10.299816145896912, eval loss: [NA]
Epoch: 1, loss: 10.20257004261017, eval loss: [NA]
Epoch: 2, loss: 10.199310593605041, eval loss: [NA]
Epoch: 3, loss: 10.186843361854553, eval loss: [NA]
Epoch: 4, loss: 10.16614019870758, eval loss: [NA]
Epoch: 5, loss: 10.158547568321229, eval loss: [NA]
Epoch: 6, loss: 10.169035620689392, eval loss: [NA]
Epoch: 7, loss: 10.173240237236023, eval loss: [NA]
Epoch: 8, loss: 10.167942214012147, eval loss: [NA]
Epoch: 9, loss: 10.157324953079224, eval loss: [NA]
Epoch: 10, loss: 10.151756830215454, eval loss: [NA]
Epoch: 11, loss: 10.150423769950867, eval loss: [NA]
Epoch: 12, loss: 10.15580232143402, eval loss: [NA]
Epoch: 13, loss: 10.146235990524293, eval loss: [NA]
Epoch: 14, loss: 10.150819511413575, eval loss: [NA]
Epoch: 15, loss: 10.142152237892152, eval loss: [NA]
Epoch: 16, loss: 10.151631717681886, eval loss: [NA]
Epoch: 17, loss: 10.155380411148071, eval loss: [NA]
Epoch: 18, loss: 10.131116571426391, eval loss: [NA]
Epoch: 19, loss: 10.134055547714233, eval loss: [NA]
Epoch: 20, loss: 10.13012215614319, eval loss: [NA]
Epoch: 21, loss: 10.114749646186828, eval loss: [NA]
Epoch: 22, loss: 10.138290648460389, eval loss: [NA]
Epoch: 23, loss: 10.13383201599121, eval loss: [NA]
Epoch: 24, loss: 10.125850710868836, eval loss: [NA]
Epoch: 25, loss: 10.121652312278748, eval loss: [NA]
Epoch: 26, loss: 10.117895908355713, eval loss: [NA]
Epoch: 27, loss: 10.120832271575928, eval loss: [NA]
Epoch: 28, loss: 10.1237845993042, eval loss: [NA]
Epoch: 29, loss: 10.124754538536072, eval loss: [NA]
start update posterior model
Epoch: 0, loss: 13.465044717788697, eval loss: [NA]
Epoch: 1, loss: 13.462426781654358, eval loss: [NA]
Epoch: 2, loss: 13.459936819076539, eval loss: [NA]
Epoch: 3, loss: 13.461150512695312, eval loss: [NA]
Epoch: 4, loss: 13.457589693069458, eval loss: [NA]
Epoch: 5, loss: 13.462031154632568, eval loss: [NA]
Epoch: 6, loss: 13.451357131004334, eval loss: [NA]
Epoch: 7, loss: 13.45573405265808, eval loss: [NA]
Epoch: 8, loss: 13.458654866218566, eval loss: [NA]
Epoch: 9, loss: 13.46400339603424, eval loss: [NA]
Epoch: 10, loss: 13.45359977722168, eval loss: [NA]
Epoch: 11, loss: 13.463730101585389, eval loss: [NA]
Epoch: 12, loss: 13.466068620681762, eval loss: [NA]
Epoch: 13, loss: 13.454730858802796, eval loss: [NA]
Epoch: 14, loss: 13.45393521785736, eval loss: [NA]
Epoch: 15, loss: 13.460296211242676, eval loss: [NA]
Epoch: 16, loss: 13.466832194328308, eval loss: [NA]
Epoch: 17, loss: 13.456510167121888, eval loss: [NA]
Epoch: 18, loss: 13.45555450439453, eval loss: [NA]
Epoch: 19, loss: 13.456281552314758, eval loss: [NA]
Epoch: 20, loss: 13.453209381103516, eval loss: [NA]
Epoch: 21, loss: 13.449325575828553, eval loss: [NA]
Epoch: 22, loss: 13.45203830242157, eval loss: [NA]
Epoch: 23, loss: 13.451253991127015, eval loss: [NA]
Epoch: 24, loss: 13.451123280525207, eval loss: [NA]
Epoch: 25, loss: 13.46182644367218, eval loss: [NA]
Epoch: 26, loss: 13.462753801345825, eval loss: [NA]
Epoch: 27, loss: 13.449115600585937, eval loss: [NA]
Epoch: 28, loss: 13.45231369972229, eval loss: [NA]
Epoch: 29, loss: 13.449981055259705, eval loss: [NA]
Iteration: 3
start update likelihood model
Epoch: 0, loss: 10.121650085449218, eval loss: [NA]
Epoch: 1, loss: 10.100506887435913, eval loss: [NA]
Epoch: 2, loss: 10.09538504600525, eval loss: [NA]
Epoch: 3, loss: 10.100610346794129, eval loss: [NA]
Epoch: 4, loss: 10.095520248413086, eval loss: [NA]
Epoch: 5, loss: 10.092914528846741, eval loss: [NA]
Epoch: 6, loss: 10.076129961013795, eval loss: [NA]
Epoch: 7, loss: 10.074992179870605, eval loss: [NA]
Epoch: 8, loss: 10.068023657798767, eval loss: [NA]
Epoch: 9, loss: 10.082126445770264, eval loss: [NA]
Epoch: 10, loss: 10.078251838684082, eval loss: [NA]
Epoch: 11, loss: 10.069239501953126, eval loss: [NA]
Epoch: 12, loss: 10.082980647087098, eval loss: [NA]
Epoch: 13, loss: 10.064589576721191, eval loss: [NA]
Epoch: 14, loss: 10.074130754470826, eval loss: [NA]
Epoch: 15, loss: 10.076255860328674, eval loss: [NA]
Epoch: 16, loss: 10.062331199645996, eval loss: [NA]
Epoch: 17, loss: 10.066507105827332, eval loss: [NA]
Epoch: 18, loss: 10.05961169242859, eval loss: [NA]
Epoch: 19, loss: 10.063182106018067, eval loss: [NA]
Epoch: 20, loss: 10.068352632522583, eval loss: [NA]
Epoch: 21, loss: 10.056990284919738, eval loss: [NA]
Epoch: 22, loss: 10.050673303604126, eval loss: [NA]
Epoch: 23, loss: 10.04730721473694, eval loss: [NA]
Epoch: 24, loss: 10.058669576644897, eval loss: [NA]
Epoch: 25, loss: 10.056189513206482, eval loss: [NA]
Epoch: 26, loss: 10.048601160049438, eval loss: [NA]
Epoch: 27, loss: 10.043712043762207, eval loss: [NA]
Epoch: 28, loss: 10.04150463104248, eval loss: [NA]
Epoch: 29, loss: 10.047750835418702, eval loss: [NA]
start update posterior model
Epoch: 0, loss: 13.48032865524292, eval loss: [NA]
Epoch: 1, loss: 13.483650946617127, eval loss: [NA]
Epoch: 2, loss: 13.486611561775208, eval loss: [NA]
Epoch: 3, loss: 13.482072758674622, eval loss: [NA]
Epoch: 4, loss: 13.474869904518128, eval loss: [NA]
Epoch: 5, loss: 13.483113384246826, eval loss: [NA]
Epoch: 6, loss: 13.485415921211242, eval loss: [NA]
Epoch: 7, loss: 13.484148287773133, eval loss: [NA]
Epoch: 8, loss: 13.482765355110168, eval loss: [NA]
Epoch: 9, loss: 13.481060671806336, eval loss: [NA]
Epoch: 10, loss: 13.483163738250733, eval loss: [NA]
Epoch: 11, loss: 13.47047149658203, eval loss: [NA]
Epoch: 12, loss: 13.478408131599426, eval loss: [NA]
Epoch: 13, loss: 13.48008608341217, eval loss: [NA]
Epoch: 14, loss: 13.47710337638855, eval loss: [NA]
Epoch: 15, loss: 13.481558799743652, eval loss: [NA]
Epoch: 16, loss: 13.489105277061462, eval loss: [NA]
Epoch: 17, loss: 13.483112154006959, eval loss: [NA]
Epoch: 18, loss: 13.481699318885804, eval loss: [NA]
Epoch: 19, loss: 13.483154602050782, eval loss: [NA]
Epoch: 20, loss: 13.481687130928039, eval loss: [NA]
Epoch: 21, loss: 13.473473167419433, eval loss: [NA]
Epoch: 22, loss: 13.474720392227173, eval loss: [NA]
Epoch: 23, loss: 13.47574564933777, eval loss: [NA]
Epoch: 24, loss: 13.479136009216308, eval loss: [NA]
Epoch: 25, loss: 13.481854004859924, eval loss: [NA]
Epoch: 26, loss: 13.482254991531372, eval loss: [NA]
Epoch: 27, loss: 13.473989505767822, eval loss: [NA]
Epoch: 28, loss: 13.480140280723571, eval loss: [NA]
Epoch: 29, loss: 13.477992844581603, eval loss: [NA]
Iteration: 4
start update likelihood model
Epoch: 0, loss: 10.076684918403625, eval loss: [NA]
Epoch: 1, loss: 10.073064713478088, eval loss: [NA]
Epoch: 2, loss: 10.07896942615509, eval loss: [NA]
Epoch: 3, loss: 10.063366303443908, eval loss: [NA]
Epoch: 4, loss: 10.06492913722992, eval loss: [NA]
Epoch: 5, loss: 10.06335774898529, eval loss: [NA]
Epoch: 6, loss: 10.062877135276795, eval loss: [NA]
Epoch: 7, loss: 10.050470113754272, eval loss: [NA]
Epoch: 8, loss: 10.070753173828125, eval loss: [NA]
Epoch: 9, loss: 10.06094871044159, eval loss: [NA]
Epoch: 10, loss: 10.055187349319459, eval loss: [NA]
Epoch: 11, loss: 10.056740345954895, eval loss: [NA]
Epoch: 12, loss: 10.055009360313415, eval loss: [NA]
Epoch: 13, loss: 10.063371167182922, eval loss: [NA]
Epoch: 14, loss: 10.047480835914612, eval loss: [NA]
Epoch: 15, loss: 10.050870237350464, eval loss: [NA]
Epoch: 16, loss: 10.048154854774475, eval loss: [NA]
Epoch: 17, loss: 10.046033887863159, eval loss: [NA]
Epoch: 18, loss: 10.050130462646484, eval loss: [NA]
Epoch: 19, loss: 10.044990901947022, eval loss: [NA]
Epoch: 20, loss: 10.049901704788208, eval loss: [NA]
Epoch: 21, loss: 10.04327838420868, eval loss: [NA]
Epoch: 22, loss: 10.04954864501953, eval loss: [NA]
Epoch: 23, loss: 10.04083731651306, eval loss: [NA]
Epoch: 24, loss: 10.040578227043152, eval loss: [NA]
Epoch: 25, loss: 10.035909905433655, eval loss: [NA]
Epoch: 26, loss: 10.046585960388184, eval loss: [NA]
Epoch: 27, loss: 10.039006857872009, eval loss: [NA]
Epoch: 28, loss: 10.038565502166747, eval loss: [NA]
Epoch: 29, loss: 10.042536725997925, eval loss: [NA]
start update posterior model
Epoch: 0, loss: 13.159077248573304, eval loss: [NA]
Epoch: 1, loss: 13.154221329689026, eval loss: [NA]
Epoch: 2, loss: 13.157631068229675, eval loss: [NA]
Epoch: 3, loss: 13.155639991760253, eval loss: [NA]
Epoch: 4, loss: 13.15115303993225, eval loss: [NA]
Epoch: 5, loss: 13.155924477577209, eval loss: [NA]
Epoch: 6, loss: 13.15407250404358, eval loss: [NA]
Epoch: 7, loss: 13.156968445777894, eval loss: [NA]
Epoch: 8, loss: 13.160641169548034, eval loss: [NA]
Epoch: 9, loss: 13.152882204055786, eval loss: [NA]
Epoch: 10, loss: 13.154083075523376, eval loss: [NA]
Epoch: 11, loss: 13.153734822273254, eval loss: [NA]
Epoch: 12, loss: 13.157380108833314, eval loss: [NA]
Epoch: 13, loss: 13.161518077850342, eval loss: [NA]
Epoch: 14, loss: 13.170171389579773, eval loss: [NA]
Epoch: 15, loss: 13.157929601669311, eval loss: [NA]
Epoch: 16, loss: 13.151763124465942, eval loss: [NA]
Epoch: 17, loss: 13.157306852340698, eval loss: [NA]
Epoch: 18, loss: 13.159366288185119, eval loss: [NA]
Epoch: 19, loss: 13.158312163352967, eval loss: [NA]
Epoch: 20, loss: 13.156285166740417, eval loss: [NA]
Epoch: 21, loss: 13.158593473434449, eval loss: [NA]
Epoch: 22, loss: 13.153176097869872, eval loss: [NA]
Epoch: 23, loss: 13.15480037689209, eval loss: [NA]
Epoch: 24, loss: 13.15226143836975, eval loss: [NA]
Epoch: 25, loss: 13.154058284759522, eval loss: [NA]
Epoch: 26, loss: 13.15921715259552, eval loss: [NA]
Epoch: 27, loss: 13.16357605934143, eval loss: [NA]
Epoch: 28, loss: 13.154283208847046, eval loss: [NA]
Epoch: 29, loss: 13.154211959838868, eval loss: [NA]

Runtime:667.97
[1120998866.3921, 0.0134, 0.0084, 0.0069]
[426368270336.0, 1.2519, 1.2397, 1.2429]
[90173865984.0, 1.3785, 1.3874, 1.421]
KL div untrained: 158074441.6645
KL div trained: 0.0054
