Input args:
Dim: 2
seed: 12
seed_data: 10
/home/samwiq/spa/seq-posterior-approx-w-nf-dev/mv_gaussian/low_dim_w_five_obs/lunarc
/home/samwiq/spa/seq-posterior-approx-w-nf-dev
tensor(6.6709e+12, grad_fn=<MeanBackward0>)
tensor(5.1353e+11, grad_fn=<MeanBackward0>)
tensor([ 4.9926e+12, -1.3756e+11, -4.7089e+09,  2.4699e+03,  1.0886e+05,
         4.9482e+06,  6.4012e+07, -6.4378e+04,  5.0107e+06,  6.7270e+01],
       grad_fn=<MeanBackward1>)
tensor([1.2958e+14, 3.5775e+12, 1.2734e+11, 7.2580e+04, 3.4414e+06, 6.6744e+07,
        1.6668e+09, 8.6743e+05, 1.3064e+08, 2.5787e+03],
       grad_fn=<StdBackward1>)
tensor([-0.7298, -3.8459, -0.5424, -2.9815,  0.4471, -2.5302, -1.1373, -4.1014,
        -0.4217, -3.0542])
start full training
Iteration: 1
start update likelihood model
Epoch: 0, loss: 19.864188017845155, eval loss: [NA]
Epoch: 1, loss: 13.44725088596344, eval loss: [NA]
Epoch: 2, loss: 11.057384572029115, eval loss: [NA]
Epoch: 3, loss: 10.545208368301392, eval loss: [NA]
Epoch: 4, loss: 10.448711862564087, eval loss: [NA]
Epoch: 5, loss: 10.399797019958497, eval loss: [NA]
Epoch: 6, loss: 10.330838050842285, eval loss: [NA]
Epoch: 7, loss: 10.259503116607666, eval loss: [NA]
Epoch: 8, loss: 10.277373685836793, eval loss: [NA]
Epoch: 9, loss: 10.277391567230225, eval loss: [NA]
Epoch: 10, loss: 10.263748378753663, eval loss: [NA]
Epoch: 11, loss: 10.227535395622253, eval loss: [NA]
Epoch: 12, loss: 10.27099123954773, eval loss: [NA]
Epoch: 13, loss: 10.23807403087616, eval loss: [NA]
Epoch: 14, loss: 10.208893842697144, eval loss: [NA]
Epoch: 15, loss: 10.192566561698914, eval loss: [NA]
Epoch: 16, loss: 10.224127402305603, eval loss: [NA]
Epoch: 17, loss: 10.206051115989686, eval loss: [NA]
Epoch: 18, loss: 10.195894846916199, eval loss: [NA]
Epoch: 19, loss: 10.178483262062073, eval loss: [NA]
Epoch: 20, loss: 10.19495484828949, eval loss: [NA]
Epoch: 21, loss: 10.195048341751098, eval loss: [NA]
Epoch: 22, loss: 10.18033164024353, eval loss: [NA]
Epoch: 23, loss: 10.155308094024658, eval loss: [NA]
Epoch: 24, loss: 10.181908359527588, eval loss: [NA]
start update posterior model from prior pred - hot start
Epoch: 0, loss: 2.236330960392952, eval loss: [NA]
Epoch: 1, loss: 0.9062170258164406, eval loss: [NA]
Epoch: 2, loss: 0.6717976047098637, eval loss: [NA]
Epoch: 3, loss: 0.5953188225626945, eval loss: [NA]
Epoch: 4, loss: 0.5732138689607382, eval loss: [NA]
start update posterior model
Epoch: 0, loss: 11.886628122329713, eval loss: [NA]
Epoch: 1, loss: 11.853586277961732, eval loss: [NA]
Epoch: 2, loss: 11.846053390502929, eval loss: [NA]
Epoch: 3, loss: 11.845800170898437, eval loss: [NA]
Epoch: 4, loss: 11.85313702583313, eval loss: [NA]
Epoch: 5, loss: 11.836556453704834, eval loss: [NA]
Epoch: 6, loss: 11.836877059936523, eval loss: [NA]
Epoch: 7, loss: 11.835182900428771, eval loss: [NA]
Epoch: 8, loss: 11.835320863723755, eval loss: [NA]
Epoch: 9, loss: 11.841400079727173, eval loss: [NA]
Epoch: 10, loss: 11.835428051948547, eval loss: [NA]
Epoch: 11, loss: 11.84909674167633, eval loss: [NA]
Epoch: 12, loss: 11.828909006118774, eval loss: [NA]
Epoch: 13, loss: 11.833376688957214, eval loss: [NA]
Epoch: 14, loss: 11.826987948417663, eval loss: [NA]
Epoch: 15, loss: 11.824134583473205, eval loss: [NA]
Epoch: 16, loss: 11.826880221366883, eval loss: [NA]
Epoch: 17, loss: 11.829331378936768, eval loss: [NA]
Epoch: 18, loss: 11.824916791915893, eval loss: [NA]
Epoch: 19, loss: 11.827570457458496, eval loss: [NA]
Epoch: 20, loss: 11.828658995628357, eval loss: [NA]
Epoch: 21, loss: 11.824921016693116, eval loss: [NA]
Epoch: 22, loss: 11.833522992134094, eval loss: [NA]
Epoch: 23, loss: 11.825931358337403, eval loss: [NA]
Epoch: 24, loss: 11.82576958656311, eval loss: [NA]
Epoch: 25, loss: 11.820919194221496, eval loss: [NA]
Epoch: 26, loss: 11.8197345495224, eval loss: [NA]
Epoch: 27, loss: 11.82537217617035, eval loss: [NA]
Epoch: 28, loss: 11.830863089561463, eval loss: [NA]
Epoch: 29, loss: 11.824669156074524, eval loss: [NA]
Iteration: 2
start update likelihood model
Epoch: 0, loss: 10.14686164855957, eval loss: [NA]
Epoch: 1, loss: 10.127669639587403, eval loss: [NA]
Epoch: 2, loss: 10.124840707778931, eval loss: [NA]
Epoch: 3, loss: 10.102507982254028, eval loss: [NA]
Epoch: 4, loss: 10.122963881492614, eval loss: [NA]
Epoch: 5, loss: 10.104479117393494, eval loss: [NA]
Epoch: 6, loss: 10.119531421661376, eval loss: [NA]
Epoch: 7, loss: 10.098681139945985, eval loss: [NA]
Epoch: 8, loss: 10.102083721160888, eval loss: [NA]
Epoch: 9, loss: 10.09741955280304, eval loss: [NA]
Epoch: 10, loss: 10.092893762588501, eval loss: [NA]
Epoch: 11, loss: 10.110993676185608, eval loss: [NA]
Epoch: 12, loss: 10.08604383468628, eval loss: [NA]
Epoch: 13, loss: 10.101163640022278, eval loss: [NA]
Epoch: 14, loss: 10.08468020915985, eval loss: [NA]
Epoch: 15, loss: 10.076150975227357, eval loss: [NA]
Epoch: 16, loss: 10.084265036582947, eval loss: [NA]
Epoch: 17, loss: 10.076719813346863, eval loss: [NA]
Epoch: 18, loss: 10.06997287273407, eval loss: [NA]
Epoch: 19, loss: 10.078797001838684, eval loss: [NA]
Epoch: 20, loss: 10.09687758922577, eval loss: [NA]
Epoch: 21, loss: 10.073151059150696, eval loss: [NA]
Epoch: 22, loss: 10.056133604049682, eval loss: [NA]
Epoch: 23, loss: 10.101644673347472, eval loss: [NA]
Epoch: 24, loss: 10.078541784286498, eval loss: [NA]
Epoch: 25, loss: 10.080380778312684, eval loss: [NA]
Epoch: 26, loss: 10.059868521690369, eval loss: [NA]
Epoch: 27, loss: 10.06800320148468, eval loss: [NA]
Epoch: 28, loss: 10.086569480895996, eval loss: [NA]
Epoch: 29, loss: 10.073280634880065, eval loss: [NA]
start update posterior model
Epoch: 0, loss: 11.493027596473693, eval loss: [NA]
Epoch: 1, loss: 11.492936477661132, eval loss: [NA]
Epoch: 2, loss: 11.488355655670166, eval loss: [NA]
Epoch: 3, loss: 11.494936442375183, eval loss: [NA]
Epoch: 4, loss: 11.488638663291932, eval loss: [NA]
Epoch: 5, loss: 11.491765217781067, eval loss: [NA]
Epoch: 6, loss: 11.500391855239869, eval loss: [NA]
Epoch: 7, loss: 11.487866697311402, eval loss: [NA]
Epoch: 8, loss: 11.487314705848695, eval loss: [NA]
Epoch: 9, loss: 11.501302242279053, eval loss: [NA]
Epoch: 10, loss: 11.489144425392151, eval loss: [NA]
Epoch: 11, loss: 11.495803785324096, eval loss: [NA]
Epoch: 12, loss: 11.498509860038757, eval loss: [NA]
Epoch: 13, loss: 11.485735635757447, eval loss: [NA]
Epoch: 14, loss: 11.490693979263305, eval loss: [NA]
Epoch: 15, loss: 11.488090167045593, eval loss: [NA]
Epoch: 16, loss: 11.49152967453003, eval loss: [NA]
Epoch: 17, loss: 11.48957299232483, eval loss: [NA]
Epoch: 18, loss: 11.49097779750824, eval loss: [NA]
Epoch: 19, loss: 11.487246508598327, eval loss: [NA]
Epoch: 20, loss: 11.485218076705932, eval loss: [NA]
Epoch: 21, loss: 11.488259658813476, eval loss: [NA]
Epoch: 22, loss: 11.492450132369996, eval loss: [NA]
Epoch: 23, loss: 11.481800880432129, eval loss: [NA]
Epoch: 24, loss: 11.491333465576172, eval loss: [NA]
Epoch: 25, loss: 11.484053683280944, eval loss: [NA]
Epoch: 26, loss: 11.48244987487793, eval loss: [NA]
Epoch: 27, loss: 11.488371934890747, eval loss: [NA]
Epoch: 28, loss: 11.494046697616577, eval loss: [NA]
Epoch: 29, loss: 11.483285555839538, eval loss: [NA]
Iteration: 3
start update likelihood model
Epoch: 0, loss: 10.134471197128295, eval loss: [NA]
Epoch: 1, loss: 10.108728785514831, eval loss: [NA]
Epoch: 2, loss: 10.11242078781128, eval loss: [NA]
Epoch: 3, loss: 10.113984227180481, eval loss: [NA]
Epoch: 4, loss: 10.10258496284485, eval loss: [NA]
Epoch: 5, loss: 10.093382816314698, eval loss: [NA]
Epoch: 6, loss: 10.094929685592652, eval loss: [NA]
Epoch: 7, loss: 10.098112154006959, eval loss: [NA]
Epoch: 8, loss: 10.0949631690979, eval loss: [NA]
Epoch: 9, loss: 10.092255277633667, eval loss: [NA]
Epoch: 10, loss: 10.09093297958374, eval loss: [NA]
Epoch: 11, loss: 10.086973223686218, eval loss: [NA]
Epoch: 12, loss: 10.093057036399841, eval loss: [NA]
Epoch: 13, loss: 10.075978698730468, eval loss: [NA]
Epoch: 14, loss: 10.091132187843323, eval loss: [NA]
Epoch: 15, loss: 10.08074360370636, eval loss: [NA]
Epoch: 16, loss: 10.081046180725098, eval loss: [NA]
Epoch: 17, loss: 10.07982319355011, eval loss: [NA]
Epoch: 18, loss: 10.079936060905457, eval loss: [NA]
Epoch: 19, loss: 10.070881886482239, eval loss: [NA]
Epoch: 20, loss: 10.077569642066955, eval loss: [NA]
Epoch: 21, loss: 10.077987976074219, eval loss: [NA]
Epoch: 22, loss: 10.067254800796508, eval loss: [NA]
Epoch: 23, loss: 10.0746351146698, eval loss: [NA]
Epoch: 24, loss: 10.063341684341431, eval loss: [NA]
Epoch: 25, loss: 10.080890855789185, eval loss: [NA]
Epoch: 26, loss: 10.059390802383422, eval loss: [NA]
Epoch: 27, loss: 10.059909591674804, eval loss: [NA]
Epoch: 28, loss: 10.055051784515381, eval loss: [NA]
Epoch: 29, loss: 10.06503366470337, eval loss: [NA]
start update posterior model
Epoch: 0, loss: 12.057136793136596, eval loss: [NA]
Epoch: 1, loss: 12.057036671638489, eval loss: [NA]
Epoch: 2, loss: 12.063233394622802, eval loss: [NA]
Epoch: 3, loss: 12.056981887817383, eval loss: [NA]
Epoch: 4, loss: 12.056227641105652, eval loss: [NA]
Epoch: 5, loss: 12.05688956260681, eval loss: [NA]
Epoch: 6, loss: 12.061335620880127, eval loss: [NA]
Epoch: 7, loss: 12.07009030342102, eval loss: [NA]
Epoch: 8, loss: 12.058028173446655, eval loss: [NA]
Epoch: 9, loss: 12.055912504196167, eval loss: [NA]
Epoch: 10, loss: 12.05938648223877, eval loss: [NA]
Epoch: 11, loss: 12.057118916511536, eval loss: [NA]
Epoch: 12, loss: 12.056174578666687, eval loss: [NA]
Epoch: 13, loss: 12.057339615821839, eval loss: [NA]
Epoch: 14, loss: 12.05618025779724, eval loss: [NA]
Epoch: 15, loss: 12.056606984138488, eval loss: [NA]
Epoch: 16, loss: 12.060492119789124, eval loss: [NA]
Epoch: 17, loss: 12.056627855300903, eval loss: [NA]
Epoch: 18, loss: 12.064214062690734, eval loss: [NA]
Epoch: 19, loss: 12.05377941608429, eval loss: [NA]
Epoch: 20, loss: 12.057138867378235, eval loss: [NA]
Epoch: 21, loss: 12.056034817695618, eval loss: [NA]
Epoch: 22, loss: 12.05649097442627, eval loss: [NA]
Epoch: 23, loss: 12.056275835037232, eval loss: [NA]
Epoch: 24, loss: 12.056386938095093, eval loss: [NA]
Epoch: 25, loss: 12.054633769989014, eval loss: [NA]
Epoch: 26, loss: 12.054943370819093, eval loss: [NA]
Epoch: 27, loss: 12.056979241371154, eval loss: [NA]
Epoch: 28, loss: 12.057065992355346, eval loss: [NA]
Epoch: 29, loss: 12.055870590209961, eval loss: [NA]
Iteration: 4
start update likelihood model
Epoch: 0, loss: 10.114229183197022, eval loss: [NA]
Epoch: 1, loss: 10.103358640670777, eval loss: [NA]
Epoch: 2, loss: 10.09854311466217, eval loss: [NA]
Epoch: 3, loss: 10.07987726211548, eval loss: [NA]
Epoch: 4, loss: 10.095916843414306, eval loss: [NA]
Epoch: 5, loss: 10.09337345123291, eval loss: [NA]
Epoch: 6, loss: 10.082823576927185, eval loss: [NA]
Epoch: 7, loss: 10.075618314743043, eval loss: [NA]
Epoch: 8, loss: 10.082184529304504, eval loss: [NA]
Epoch: 9, loss: 10.086086249351501, eval loss: [NA]
Epoch: 10, loss: 10.074094877243041, eval loss: [NA]
Epoch: 11, loss: 10.082297167778016, eval loss: [NA]
Epoch: 12, loss: 10.075100464820862, eval loss: [NA]
Epoch: 13, loss: 10.069015488624572, eval loss: [NA]
Epoch: 14, loss: 10.070859279632568, eval loss: [NA]
Epoch: 15, loss: 10.08234960079193, eval loss: [NA]
Epoch: 16, loss: 10.072167639732362, eval loss: [NA]
Epoch: 17, loss: 10.061588745117188, eval loss: [NA]
Epoch: 18, loss: 10.071560945510864, eval loss: [NA]
Epoch: 19, loss: 10.071776781082153, eval loss: [NA]
Epoch: 20, loss: 10.05889015197754, eval loss: [NA]
Epoch: 21, loss: 10.063185482025146, eval loss: [NA]
Epoch: 22, loss: 10.063731470108031, eval loss: [NA]
Epoch: 23, loss: 10.062141122817993, eval loss: [NA]
Epoch: 24, loss: 10.060347714424132, eval loss: [NA]
Epoch: 25, loss: 10.052452421188354, eval loss: [NA]
Epoch: 26, loss: 10.050401792526245, eval loss: [NA]
Epoch: 27, loss: 10.06177544593811, eval loss: [NA]
Epoch: 28, loss: 10.055921902656555, eval loss: [NA]
Epoch: 29, loss: 10.052214646339417, eval loss: [NA]
start update posterior model
Epoch: 0, loss: 11.680335965156555, eval loss: [NA]
Epoch: 1, loss: 11.663872451782227, eval loss: [NA]
Epoch: 2, loss: 11.664673666954041, eval loss: [NA]
Epoch: 3, loss: 11.667985486984254, eval loss: [NA]
Epoch: 4, loss: 11.660174741744996, eval loss: [NA]
Epoch: 5, loss: 11.66945816040039, eval loss: [NA]
Epoch: 6, loss: 11.667865443229676, eval loss: [NA]
Epoch: 7, loss: 11.671338677406311, eval loss: [NA]
Epoch: 8, loss: 11.664442367553711, eval loss: [NA]
Epoch: 9, loss: 11.664945254325866, eval loss: [NA]
Epoch: 10, loss: 11.659871592521668, eval loss: [NA]
Epoch: 11, loss: 11.663703317642211, eval loss: [NA]
Epoch: 12, loss: 11.663154644966125, eval loss: [NA]
Epoch: 13, loss: 11.663688788414001, eval loss: [NA]
Epoch: 14, loss: 11.662661790847778, eval loss: [NA]
Epoch: 15, loss: 11.670653944015504, eval loss: [NA]
Epoch: 16, loss: 11.66238618850708, eval loss: [NA]
Epoch: 17, loss: 11.664629731178284, eval loss: [NA]
Epoch: 18, loss: 11.663944292068482, eval loss: [NA]
Epoch: 19, loss: 11.666441326141358, eval loss: [NA]
Epoch: 20, loss: 11.657125878334046, eval loss: [NA]
Epoch: 21, loss: 11.664830403327942, eval loss: [NA]
Epoch: 22, loss: 11.6656760597229, eval loss: [NA]
Epoch: 23, loss: 11.663757758140564, eval loss: [NA]
Epoch: 24, loss: 11.66345941066742, eval loss: [NA]
Epoch: 25, loss: 11.66241364479065, eval loss: [NA]
Epoch: 26, loss: 11.66062801361084, eval loss: [NA]
Epoch: 27, loss: 11.662617502212525, eval loss: [NA]
Epoch: 28, loss: 11.666365189552307, eval loss: [NA]
Epoch: 29, loss: 11.665289850234986, eval loss: [NA]

Runtime:603.64
[1.9908086382991247e+18, 0.0031, 0.0118, 0.0349]
[513528201216.0, 1.0814, 1.079, 1.0726]
[6670926741504.0, 1.3814, 1.378, 1.394]
KL div untrained: 1.520566463488017e+18
KL div trained: 0.019
