Input args:
Dim: 2
seed: 2
seed_data: 10
/home/samwiq/snpla/seq-posterior-approx-w-nf-dev/mv_gaussian/2d w 5 obs/lunarc
/home/samwiq/snpla/seq-posterior-approx-w-nf-dev/mv_gaussian
tensor(6.6672e+14, grad_fn=<MeanBackward0>)
tensor(802625.6250, grad_fn=<MeanBackward0>)
tensor([ 7.6404e+06,  1.1678e+05, -9.9464e+03, -3.8862e+04, -1.0170e+05,
         1.0637e+05,  3.1680e+03,  2.5844e+03, -1.3353e+02, -8.5093e+02],
       grad_fn=<MeanBackward1>)
tensor([1.2193e+08, 1.7263e+06, 2.6441e+05, 3.0717e+05, 2.4035e+06, 2.5615e+06,
        7.8206e+04, 2.2674e+04, 2.8758e+03, 9.5120e+03],
       grad_fn=<StdBackward1>)
tensor([ 1.3391, -0.1074,  0.5010, -1.3290,  2.1069,  0.5312,  1.5520,  0.3921,
         0.4158, -1.3569])
start full training
Iteration: 1
start update likelihood model
Epoch: 0, loss: 19.08234793186188, eval loss: [NA]
Epoch: 1, loss: 12.928185195922852, eval loss: [NA]
Epoch: 2, loss: 11.032971086502075, eval loss: [NA]
Epoch: 3, loss: 10.599908742904663, eval loss: [NA]
Epoch: 4, loss: 10.499074220657349, eval loss: [NA]
Epoch: 5, loss: 10.366051487922668, eval loss: [NA]
Epoch: 6, loss: 10.390156636238098, eval loss: [NA]
Epoch: 7, loss: 10.360826926231384, eval loss: [NA]
Epoch: 8, loss: 10.307068219184876, eval loss: [NA]
Epoch: 9, loss: 10.28450463294983, eval loss: [NA]
Epoch: 10, loss: 10.269781918525696, eval loss: [NA]
Epoch: 11, loss: 10.276948304176331, eval loss: [NA]
Epoch: 12, loss: 10.277272524833679, eval loss: [NA]
Epoch: 13, loss: 10.232755026817323, eval loss: [NA]
Epoch: 14, loss: 10.242472534179688, eval loss: [NA]
Epoch: 15, loss: 10.213873834609986, eval loss: [NA]
Epoch: 16, loss: 10.21868013381958, eval loss: [NA]
Epoch: 17, loss: 10.2192551612854, eval loss: [NA]
Epoch: 18, loss: 10.225306181907653, eval loss: [NA]
Epoch: 19, loss: 10.225485515594482, eval loss: [NA]
Epoch: 20, loss: 10.220613508224487, eval loss: [NA]
Epoch: 21, loss: 10.207986431121826, eval loss: [NA]
Epoch: 22, loss: 10.194209365844726, eval loss: [NA]
Epoch: 23, loss: 10.197029509544372, eval loss: [NA]
Epoch: 24, loss: 10.211131868362427, eval loss: [NA]
start update posterior model from prior pred - hot start
Epoch: 0, loss: 2.4076730969548223, eval loss: [NA]
Epoch: 1, loss: 0.9972226382791995, eval loss: [NA]
Epoch: 2, loss: 0.7641300590336323, eval loss: [NA]
Epoch: 3, loss: 0.6097078225016594, eval loss: [NA]
Epoch: 4, loss: 0.6011845260858536, eval loss: [NA]
start update posterior model
Epoch: 0, loss: 11.091853966712952, eval loss: [NA]
Epoch: 1, loss: 11.084468579292297, eval loss: [NA]
Epoch: 2, loss: 11.085912427902223, eval loss: [NA]
Epoch: 3, loss: 11.08463749885559, eval loss: [NA]
Epoch: 4, loss: 11.083173780441284, eval loss: [NA]
Epoch: 5, loss: 11.095152912139893, eval loss: [NA]
Epoch: 6, loss: 11.084761028289796, eval loss: [NA]
Epoch: 7, loss: 11.077652130126953, eval loss: [NA]
Epoch: 8, loss: 11.082922339439392, eval loss: [NA]
Epoch: 9, loss: 11.08357551574707, eval loss: [NA]
Epoch: 10, loss: 11.08200394630432, eval loss: [NA]
Epoch: 11, loss: 11.081634216308593, eval loss: [NA]
Epoch: 12, loss: 11.085505423545838, eval loss: [NA]
Epoch: 13, loss: 11.082380952835083, eval loss: [NA]
Epoch: 14, loss: 11.084042496681214, eval loss: [NA]
Epoch: 15, loss: 11.081506309509278, eval loss: [NA]
Epoch: 16, loss: 11.081434478759766, eval loss: [NA]
Epoch: 17, loss: 11.081915111541749, eval loss: [NA]
Epoch: 18, loss: 11.07942181110382, eval loss: [NA]
Epoch: 19, loss: 11.080712513923645, eval loss: [NA]
Epoch: 20, loss: 11.083297595977783, eval loss: [NA]
Epoch: 21, loss: 11.076270251274108, eval loss: [NA]
Epoch: 22, loss: 11.080238809585572, eval loss: [NA]
Epoch: 23, loss: 11.079802284240722, eval loss: [NA]
Epoch: 24, loss: 11.078999400138855, eval loss: [NA]
Epoch: 25, loss: 11.080239043235778, eval loss: [NA]
Epoch: 26, loss: 11.078313522338867, eval loss: [NA]
Epoch: 27, loss: 11.077518453598023, eval loss: [NA]
Epoch: 28, loss: 11.080558333396912, eval loss: [NA]
Epoch: 29, loss: 11.078134346008301, eval loss: [NA]
Iteration: 2
start update likelihood model
Epoch: 0, loss: 10.111164507865906, eval loss: [NA]
Epoch: 1, loss: 10.098516793251038, eval loss: [NA]
Epoch: 2, loss: 10.100862851142884, eval loss: [NA]
Epoch: 3, loss: 10.094917802810668, eval loss: [NA]
Epoch: 4, loss: 10.085719594955444, eval loss: [NA]
Epoch: 5, loss: 10.091669478416442, eval loss: [NA]
Epoch: 6, loss: 10.09731219291687, eval loss: [NA]
Epoch: 7, loss: 10.088322086334228, eval loss: [NA]
Epoch: 8, loss: 10.100483217239379, eval loss: [NA]
Epoch: 9, loss: 10.08677279472351, eval loss: [NA]
Epoch: 10, loss: 10.088529138565063, eval loss: [NA]
Epoch: 11, loss: 10.091026992797852, eval loss: [NA]
Epoch: 12, loss: 10.090122528076172, eval loss: [NA]
Epoch: 13, loss: 10.099503421783448, eval loss: [NA]
Epoch: 14, loss: 10.08330795288086, eval loss: [NA]
Epoch: 15, loss: 10.08561713695526, eval loss: [NA]
Epoch: 16, loss: 10.085415453910828, eval loss: [NA]
Epoch: 17, loss: 10.084645743370055, eval loss: [NA]
Epoch: 18, loss: 10.080148887634277, eval loss: [NA]
Epoch: 19, loss: 10.08365138053894, eval loss: [NA]
Epoch: 20, loss: 10.083286147117615, eval loss: [NA]
Epoch: 21, loss: 10.07866951942444, eval loss: [NA]
Epoch: 22, loss: 10.071435642242431, eval loss: [NA]
Epoch: 23, loss: 10.083740782737731, eval loss: [NA]
Epoch: 24, loss: 10.065801792144775, eval loss: [NA]
Epoch: 25, loss: 10.066032781600953, eval loss: [NA]
Epoch: 26, loss: 10.074478998184205, eval loss: [NA]
Epoch: 27, loss: 10.081444554328918, eval loss: [NA]
Epoch: 28, loss: 10.072679891586304, eval loss: [NA]
Epoch: 29, loss: 10.061228580474854, eval loss: [NA]
start update posterior model
Epoch: 0, loss: 10.903671622276306, eval loss: [NA]
Epoch: 1, loss: 10.905712418556213, eval loss: [NA]
Epoch: 2, loss: 10.905615973472596, eval loss: [NA]
Epoch: 3, loss: 10.900286102294922, eval loss: [NA]
Epoch: 4, loss: 10.900689349174499, eval loss: [NA]
Epoch: 5, loss: 10.901165885925293, eval loss: [NA]
Epoch: 6, loss: 10.89975914478302, eval loss: [NA]
Epoch: 7, loss: 10.896978540420532, eval loss: [NA]
Epoch: 8, loss: 10.896984367370605, eval loss: [NA]
Epoch: 9, loss: 10.896167030334473, eval loss: [NA]
Epoch: 10, loss: 10.897036609649659, eval loss: [NA]
Epoch: 11, loss: 10.897875084877015, eval loss: [NA]
Epoch: 12, loss: 10.899703435897827, eval loss: [NA]
Epoch: 13, loss: 10.897168822288513, eval loss: [NA]
Epoch: 14, loss: 10.894645867347718, eval loss: [NA]
Epoch: 15, loss: 10.894472918510438, eval loss: [NA]
Epoch: 16, loss: 10.893152041435242, eval loss: [NA]
Epoch: 17, loss: 10.895940332412719, eval loss: [NA]
Epoch: 18, loss: 10.897744822502137, eval loss: [NA]
Epoch: 19, loss: 10.895722718238831, eval loss: [NA]
Epoch: 20, loss: 10.907362298965454, eval loss: [NA]
Epoch: 21, loss: 10.894488625526428, eval loss: [NA]
Epoch: 22, loss: 10.901916298866272, eval loss: [NA]
Epoch: 23, loss: 10.892608861923218, eval loss: [NA]
Epoch: 24, loss: 10.895699157714844, eval loss: [NA]
Epoch: 25, loss: 10.89374538898468, eval loss: [NA]
Epoch: 26, loss: 10.894115643501282, eval loss: [NA]
Epoch: 27, loss: 10.893439869880677, eval loss: [NA]
Epoch: 28, loss: 10.893820371627807, eval loss: [NA]
Epoch: 29, loss: 10.893577728271485, eval loss: [NA]
Iteration: 3
start update likelihood model
Epoch: 0, loss: 10.099854788780213, eval loss: [NA]
Epoch: 1, loss: 10.099820876121521, eval loss: [NA]
Epoch: 2, loss: 10.08323844909668, eval loss: [NA]
Epoch: 3, loss: 10.077764267921447, eval loss: [NA]
Epoch: 4, loss: 10.074142961502075, eval loss: [NA]
Epoch: 5, loss: 10.07105872631073, eval loss: [NA]
Epoch: 6, loss: 10.06598771095276, eval loss: [NA]
Epoch: 7, loss: 10.07114146709442, eval loss: [NA]
Epoch: 8, loss: 10.064635434150695, eval loss: [NA]
Epoch: 9, loss: 10.062536067962647, eval loss: [NA]
Epoch: 10, loss: 10.084950261116028, eval loss: [NA]
Epoch: 11, loss: 10.053413157463075, eval loss: [NA]
Epoch: 12, loss: 10.054492979049682, eval loss: [NA]
Epoch: 13, loss: 10.049100675582885, eval loss: [NA]
Epoch: 14, loss: 10.041854848861695, eval loss: [NA]
Epoch: 15, loss: 10.039680318832398, eval loss: [NA]
Epoch: 16, loss: 10.037065539360047, eval loss: [NA]
Epoch: 17, loss: 10.039266819953918, eval loss: [NA]
Epoch: 18, loss: 10.033393049240113, eval loss: [NA]
Epoch: 19, loss: 10.037174806594848, eval loss: [NA]
Epoch: 20, loss: 10.036448884010316, eval loss: [NA]
Epoch: 21, loss: 10.051479206085205, eval loss: [NA]
Epoch: 22, loss: 10.037460384368897, eval loss: [NA]
Epoch: 23, loss: 10.019779415130616, eval loss: [NA]
Epoch: 24, loss: 10.025451130867005, eval loss: [NA]
Epoch: 25, loss: 10.02631642818451, eval loss: [NA]
Epoch: 26, loss: 10.024642972946166, eval loss: [NA]
Epoch: 27, loss: 10.02751955986023, eval loss: [NA]
Epoch: 28, loss: 10.01642107963562, eval loss: [NA]
Epoch: 29, loss: 10.014094424247741, eval loss: [NA]
start update posterior model
Epoch: 0, loss: 10.679011998176575, eval loss: [NA]
Epoch: 1, loss: 10.675107083320619, eval loss: [NA]
Epoch: 2, loss: 10.669960446357727, eval loss: [NA]
Epoch: 3, loss: 10.673480415344239, eval loss: [NA]
Epoch: 4, loss: 10.67364417552948, eval loss: [NA]
Epoch: 5, loss: 10.66928557395935, eval loss: [NA]
Epoch: 6, loss: 10.673089270591737, eval loss: [NA]
Epoch: 7, loss: 10.678431792259216, eval loss: [NA]
Epoch: 8, loss: 10.668593325614928, eval loss: [NA]
Epoch: 9, loss: 10.672153916358948, eval loss: [NA]
Epoch: 10, loss: 10.671974744796753, eval loss: [NA]
Epoch: 11, loss: 10.67134352684021, eval loss: [NA]
Epoch: 12, loss: 10.672174224853515, eval loss: [NA]
Epoch: 13, loss: 10.66780957698822, eval loss: [NA]
Epoch: 14, loss: 10.670425872802735, eval loss: [NA]
Epoch: 15, loss: 10.665980677604676, eval loss: [NA]
Epoch: 16, loss: 10.664796590805054, eval loss: [NA]
Epoch: 17, loss: 10.67089982509613, eval loss: [NA]
Epoch: 18, loss: 10.671682653427125, eval loss: [NA]
Epoch: 19, loss: 10.674305810928345, eval loss: [NA]
Epoch: 20, loss: 10.673464784622192, eval loss: [NA]
Epoch: 21, loss: 10.665704231262207, eval loss: [NA]
Epoch: 22, loss: 10.668418765068054, eval loss: [NA]
Epoch: 23, loss: 10.665099821090699, eval loss: [NA]
Epoch: 24, loss: 10.668603992462158, eval loss: [NA]
Epoch: 25, loss: 10.667391905784607, eval loss: [NA]
Epoch: 26, loss: 10.669260168075562, eval loss: [NA]
Epoch: 27, loss: 10.670773582458496, eval loss: [NA]
Epoch: 28, loss: 10.669161772727966, eval loss: [NA]
Epoch: 29, loss: 10.66903567314148, eval loss: [NA]
Iteration: 4
start update likelihood model
Epoch: 0, loss: 10.124673314094544, eval loss: [NA]
Epoch: 1, loss: 10.10743288040161, eval loss: [NA]
Epoch: 2, loss: 10.109275388717652, eval loss: [NA]
Epoch: 3, loss: 10.10278160572052, eval loss: [NA]
Epoch: 4, loss: 10.098581647872924, eval loss: [NA]
Epoch: 5, loss: 10.095385880470277, eval loss: [NA]
Epoch: 6, loss: 10.091260766983032, eval loss: [NA]
Epoch: 7, loss: 10.082947087287902, eval loss: [NA]
Epoch: 8, loss: 10.087610607147218, eval loss: [NA]
Epoch: 9, loss: 10.087783575057983, eval loss: [NA]
Epoch: 10, loss: 10.085473794937133, eval loss: [NA]
Epoch: 11, loss: 10.085353593826294, eval loss: [NA]
Epoch: 12, loss: 10.085505623817443, eval loss: [NA]
Epoch: 13, loss: 10.077780046463012, eval loss: [NA]
Epoch: 14, loss: 10.083494415283203, eval loss: [NA]
Epoch: 15, loss: 10.077268924713135, eval loss: [NA]
Epoch: 16, loss: 10.074970140457154, eval loss: [NA]
Epoch: 17, loss: 10.07354105949402, eval loss: [NA]
Epoch: 18, loss: 10.073406724929809, eval loss: [NA]
Epoch: 19, loss: 10.0752507686615, eval loss: [NA]
Epoch: 20, loss: 10.066648645401001, eval loss: [NA]
Epoch: 21, loss: 10.072272272109986, eval loss: [NA]
Epoch: 22, loss: 10.067385416030884, eval loss: [NA]
Epoch: 23, loss: 10.063344326019287, eval loss: [NA]
Epoch: 24, loss: 10.06411421775818, eval loss: [NA]
Epoch: 25, loss: 10.057288732528686, eval loss: [NA]
Epoch: 26, loss: 10.051667380332947, eval loss: [NA]
Epoch: 27, loss: 10.053371777534485, eval loss: [NA]
Epoch: 28, loss: 10.054695477485657, eval loss: [NA]
Epoch: 29, loss: 10.052190461158752, eval loss: [NA]
start update posterior model
Epoch: 0, loss: 11.24640974998474, eval loss: [NA]
Epoch: 1, loss: 11.241507587432862, eval loss: [NA]
Epoch: 2, loss: 11.244788026809692, eval loss: [NA]
Epoch: 3, loss: 11.240755925178528, eval loss: [NA]
Epoch: 4, loss: 11.24175763130188, eval loss: [NA]
Epoch: 5, loss: 11.244881224632262, eval loss: [NA]
Epoch: 6, loss: 11.244282522201537, eval loss: [NA]
Epoch: 7, loss: 11.2425808095932, eval loss: [NA]
Epoch: 8, loss: 11.243801298141479, eval loss: [NA]
Epoch: 9, loss: 11.245970559120178, eval loss: [NA]
Epoch: 10, loss: 11.243465361595154, eval loss: [NA]
Epoch: 11, loss: 11.241883997917176, eval loss: [NA]
Epoch: 12, loss: 11.240990195274353, eval loss: [NA]
Epoch: 13, loss: 11.244020586013795, eval loss: [NA]
Epoch: 14, loss: 11.241843752861023, eval loss: [NA]
Epoch: 15, loss: 11.240980687141418, eval loss: [NA]
Epoch: 16, loss: 11.240798511505126, eval loss: [NA]
Epoch: 17, loss: 11.242127351760864, eval loss: [NA]
Epoch: 18, loss: 11.242704973220825, eval loss: [NA]
Epoch: 19, loss: 11.238435769081116, eval loss: [NA]
Epoch: 20, loss: 11.240471081733704, eval loss: [NA]
Epoch: 21, loss: 11.243599696159363, eval loss: [NA]
Epoch: 22, loss: 11.241347036361695, eval loss: [NA]
Epoch: 23, loss: 11.241771321296692, eval loss: [NA]
Epoch: 24, loss: 11.241545791625976, eval loss: [NA]
Epoch: 25, loss: 11.249151544570923, eval loss: [NA]
Epoch: 26, loss: 11.24526861667633, eval loss: [NA]
Epoch: 27, loss: 11.241344199180602, eval loss: [NA]
Epoch: 28, loss: 11.243754682540894, eval loss: [NA]
Epoch: 29, loss: 11.239059085845946, eval loss: [NA]

Runtime:608.74
[619.2057, 0.0069, 0.0122, 0.023]
[802625.625, 1.1315, 1.1548, 1.1327]
[666724215029760.0, 1.3835, 1.3917, 1.3575]
KL div untrained: 689.7532
KL div trained: 0.0053
