Input args:
Dim: 2
seed: 5
seed_data: 10
/home/samwiq/snpla/seq-posterior-approx-w-nf-dev/mv_gaussian/2d w 5 obs/lunarc
/home/samwiq/snpla/seq-posterior-approx-w-nf-dev/mv_gaussian
tensor(3.3244e+16, grad_fn=<MeanBackward0>)
tensor(6.8842e+09, grad_fn=<MeanBackward0>)
tensor([-6.7376e+10, -1.4425e+09,  1.9230e+01,  2.7008e+00,  2.2651e+07,
        -4.4392e+05,  3.5061e+04, -5.9393e+00,  7.5937e+01,  3.0223e+02],
       grad_fn=<MeanBackward1>)
tensor([2.0230e+12, 4.3312e+10, 6.8197e+02, 1.4754e+01, 6.8009e+08, 1.3331e+07,
        1.0534e+06, 1.0804e+01, 2.3499e+03, 9.6642e+03],
       grad_fn=<StdBackward1>)
tensor([-1.6616, -2.1609, -1.7456, -1.7803, -1.3209, -0.8756, -2.7388, -3.3261,
        -0.3453, -0.9167])
start full training
Iteration: 1
start update likelihood model
Epoch: 0, loss: 18.18411319255829, eval loss: [NA]
Epoch: 1, loss: 12.607811579704284, eval loss: [NA]
Epoch: 2, loss: 10.91604232788086, eval loss: [NA]
Epoch: 3, loss: 10.58026478767395, eval loss: [NA]
Epoch: 4, loss: 10.480241532325744, eval loss: [NA]
Epoch: 5, loss: 10.385167198181152, eval loss: [NA]
Epoch: 6, loss: 10.366269345283508, eval loss: [NA]
Epoch: 7, loss: 10.345286331176759, eval loss: [NA]
Epoch: 8, loss: 10.321869406700134, eval loss: [NA]
Epoch: 9, loss: 10.304532532691956, eval loss: [NA]
Epoch: 10, loss: 10.281180224418641, eval loss: [NA]
Epoch: 11, loss: 10.269943265914916, eval loss: [NA]
Epoch: 12, loss: 10.246124420166016, eval loss: [NA]
Epoch: 13, loss: 10.271500034332275, eval loss: [NA]
Epoch: 14, loss: 10.266236567497254, eval loss: [NA]
Epoch: 15, loss: 10.234892539978027, eval loss: [NA]
Epoch: 16, loss: 10.252342195510865, eval loss: [NA]
Epoch: 17, loss: 10.269829602241517, eval loss: [NA]
Epoch: 18, loss: 10.214708371162414, eval loss: [NA]
Epoch: 19, loss: 10.207490348815918, eval loss: [NA]
Epoch: 20, loss: 10.215011162757873, eval loss: [NA]
Epoch: 21, loss: 10.209344201087951, eval loss: [NA]
Epoch: 22, loss: 10.203039817810058, eval loss: [NA]
Epoch: 23, loss: 10.200107107162475, eval loss: [NA]
Epoch: 24, loss: 10.20120687007904, eval loss: [NA]
start update posterior model from prior pred - hot start
Epoch: 0, loss: 1.9955345270037652, eval loss: [NA]
Epoch: 1, loss: 0.8945151092112065, eval loss: [NA]
Epoch: 2, loss: 0.7132973028719425, eval loss: [NA]
Epoch: 3, loss: 0.6246958710253239, eval loss: [NA]
Epoch: 4, loss: 0.571431743875146, eval loss: [NA]
start update posterior model
Epoch: 0, loss: 13.540858879089356, eval loss: [NA]
Epoch: 1, loss: 13.540921268463135, eval loss: [NA]
Epoch: 2, loss: 13.530669102668762, eval loss: [NA]
Epoch: 3, loss: 13.519260945320129, eval loss: [NA]
Epoch: 4, loss: 13.516468849182129, eval loss: [NA]
Epoch: 5, loss: 13.532424230575561, eval loss: [NA]
Epoch: 6, loss: 13.525213179588318, eval loss: [NA]
Epoch: 7, loss: 13.525967917442323, eval loss: [NA]
Epoch: 8, loss: 13.526970500946044, eval loss: [NA]
Epoch: 9, loss: 13.514613027572631, eval loss: [NA]
Epoch: 10, loss: 13.510573482513427, eval loss: [NA]
Epoch: 11, loss: 13.530392355918885, eval loss: [NA]
Epoch: 12, loss: 13.528904953002929, eval loss: [NA]
Epoch: 13, loss: 13.526402230262756, eval loss: [NA]
Epoch: 14, loss: 13.513441796302795, eval loss: [NA]
Epoch: 15, loss: 13.512124619483949, eval loss: [NA]
Epoch: 16, loss: 13.51381245136261, eval loss: [NA]
Epoch: 17, loss: 13.51957100868225, eval loss: [NA]
Epoch: 18, loss: 13.51062032699585, eval loss: [NA]
Epoch: 19, loss: 13.508730344772339, eval loss: [NA]
Epoch: 20, loss: 13.512541847229004, eval loss: [NA]
Epoch: 21, loss: 13.517334342002869, eval loss: [NA]
Epoch: 22, loss: 13.512727580070496, eval loss: [NA]
Epoch: 23, loss: 13.515444626808167, eval loss: [NA]
Epoch: 24, loss: 13.513942546844483, eval loss: [NA]
Epoch: 25, loss: 13.511504473686218, eval loss: [NA]
Epoch: 26, loss: 13.507900404930115, eval loss: [NA]
Epoch: 27, loss: 13.516987242698669, eval loss: [NA]
Epoch: 28, loss: 13.50988862991333, eval loss: [NA]
Epoch: 29, loss: 13.511841497421266, eval loss: [NA]
Iteration: 2
start update likelihood model
Epoch: 0, loss: 10.134449305534362, eval loss: [NA]
Epoch: 1, loss: 10.111019949913025, eval loss: [NA]
Epoch: 2, loss: 10.10452461719513, eval loss: [NA]
Epoch: 3, loss: 10.117182536125183, eval loss: [NA]
Epoch: 4, loss: 10.113339562416076, eval loss: [NA]
Epoch: 5, loss: 10.109573159217835, eval loss: [NA]
Epoch: 6, loss: 10.14912693977356, eval loss: [NA]
Epoch: 7, loss: 10.11185866355896, eval loss: [NA]
Epoch: 8, loss: 10.101978678703308, eval loss: [NA]
Epoch: 9, loss: 10.106664667129516, eval loss: [NA]
Epoch: 10, loss: 10.102448849678039, eval loss: [NA]
Epoch: 11, loss: 10.098947606086732, eval loss: [NA]
Epoch: 12, loss: 10.095184550285339, eval loss: [NA]
Epoch: 13, loss: 10.110956325531006, eval loss: [NA]
Epoch: 14, loss: 10.09236918926239, eval loss: [NA]
Epoch: 15, loss: 10.091713123321533, eval loss: [NA]
Epoch: 16, loss: 10.09159321784973, eval loss: [NA]
Epoch: 17, loss: 10.098156943321229, eval loss: [NA]
Epoch: 18, loss: 10.104123916625976, eval loss: [NA]
Epoch: 19, loss: 10.084196500778198, eval loss: [NA]
Epoch: 20, loss: 10.080640025138855, eval loss: [NA]
Epoch: 21, loss: 10.090055027008056, eval loss: [NA]
Epoch: 22, loss: 10.086832051277161, eval loss: [NA]
Epoch: 23, loss: 10.088856091499329, eval loss: [NA]
Epoch: 24, loss: 10.080444078445435, eval loss: [NA]
Epoch: 25, loss: 10.073551239967346, eval loss: [NA]
Epoch: 26, loss: 10.077475919723511, eval loss: [NA]
Epoch: 27, loss: 10.071901698112487, eval loss: [NA]
Epoch: 28, loss: 10.072290062904358, eval loss: [NA]
Epoch: 29, loss: 10.062853422164917, eval loss: [NA]
start update posterior model
Epoch: 0, loss: 13.845541796684266, eval loss: [NA]
Epoch: 1, loss: 13.846972560882568, eval loss: [NA]
Epoch: 2, loss: 13.848866963386536, eval loss: [NA]
Epoch: 3, loss: 13.852314720153808, eval loss: [NA]
Epoch: 4, loss: 13.847669959068298, eval loss: [NA]
Epoch: 5, loss: 13.84956196308136, eval loss: [NA]
Epoch: 6, loss: 13.85036211490631, eval loss: [NA]
Epoch: 7, loss: 13.84794238090515, eval loss: [NA]
Epoch: 8, loss: 13.853238487243653, eval loss: [NA]
Epoch: 9, loss: 13.851821069717408, eval loss: [NA]
Epoch: 10, loss: 13.846695790290832, eval loss: [NA]
Epoch: 11, loss: 13.851132559776307, eval loss: [NA]
Epoch: 12, loss: 13.840222477912903, eval loss: [NA]
Epoch: 13, loss: 13.844302039146424, eval loss: [NA]
Epoch: 14, loss: 13.848917241096496, eval loss: [NA]
Epoch: 15, loss: 13.84152473449707, eval loss: [NA]
Epoch: 16, loss: 13.848109760284423, eval loss: [NA]
Epoch: 17, loss: 13.84831268787384, eval loss: [NA]
Epoch: 18, loss: 13.842507386207581, eval loss: [NA]
Epoch: 19, loss: 13.843276076316833, eval loss: [NA]
Epoch: 20, loss: 13.845203852653503, eval loss: [NA]
Epoch: 21, loss: 13.839233965873719, eval loss: [NA]
Epoch: 22, loss: 13.839605026245117, eval loss: [NA]
Epoch: 23, loss: 13.841411647796631, eval loss: [NA]
Epoch: 24, loss: 13.839672136306763, eval loss: [NA]
Epoch: 25, loss: 13.849577569961548, eval loss: [NA]
Epoch: 26, loss: 13.842306056022643, eval loss: [NA]
Epoch: 27, loss: 13.84555480480194, eval loss: [NA]
Epoch: 28, loss: 13.845156564712525, eval loss: [NA]
Epoch: 29, loss: 13.84317868232727, eval loss: [NA]
Iteration: 3
start update likelihood model
Epoch: 0, loss: 10.163443942070007, eval loss: [NA]
Epoch: 1, loss: 10.131389403343201, eval loss: [NA]
Epoch: 2, loss: 10.128464579582214, eval loss: [NA]
Epoch: 3, loss: 10.12122130393982, eval loss: [NA]
Epoch: 4, loss: 10.125764832496642, eval loss: [NA]
Epoch: 5, loss: 10.118400659561157, eval loss: [NA]
Epoch: 6, loss: 10.118316221237183, eval loss: [NA]
Epoch: 7, loss: 10.107525687217713, eval loss: [NA]
Epoch: 8, loss: 10.099064688682557, eval loss: [NA]
Epoch: 9, loss: 10.101509914398193, eval loss: [NA]
Epoch: 10, loss: 10.100932803153992, eval loss: [NA]
Epoch: 11, loss: 10.103843021392823, eval loss: [NA]
Epoch: 12, loss: 10.104387822151184, eval loss: [NA]
Epoch: 13, loss: 10.100799317359924, eval loss: [NA]
Epoch: 14, loss: 10.09458589553833, eval loss: [NA]
Epoch: 15, loss: 10.086157727241517, eval loss: [NA]
Epoch: 16, loss: 10.09569950580597, eval loss: [NA]
Epoch: 17, loss: 10.096204633712768, eval loss: [NA]
Epoch: 18, loss: 10.091835546493531, eval loss: [NA]
Epoch: 19, loss: 10.087258810997008, eval loss: [NA]
Epoch: 20, loss: 10.086459364891052, eval loss: [NA]
Epoch: 21, loss: 10.09015187740326, eval loss: [NA]
Epoch: 22, loss: 10.08504614830017, eval loss: [NA]
Epoch: 23, loss: 10.086759405136108, eval loss: [NA]
Epoch: 24, loss: 10.083386373519897, eval loss: [NA]
Epoch: 25, loss: 10.078634805679322, eval loss: [NA]
Epoch: 26, loss: 10.0788445186615, eval loss: [NA]
Epoch: 27, loss: 10.074882254600524, eval loss: [NA]
Epoch: 28, loss: 10.079971327781678, eval loss: [NA]
Epoch: 29, loss: 10.070144968032837, eval loss: [NA]
start update posterior model
Epoch: 0, loss: 14.13234637260437, eval loss: [NA]
Epoch: 1, loss: 14.124713587760926, eval loss: [NA]
Epoch: 2, loss: 14.132197051048278, eval loss: [NA]
Epoch: 3, loss: 14.134128847122192, eval loss: [NA]
Epoch: 4, loss: 14.126727457046508, eval loss: [NA]
Epoch: 5, loss: 14.12937421798706, eval loss: [NA]
Epoch: 6, loss: 14.125753054618835, eval loss: [NA]
Epoch: 7, loss: 14.127241320610047, eval loss: [NA]
Epoch: 8, loss: 14.125479869842529, eval loss: [NA]
Epoch: 9, loss: 14.127959184646606, eval loss: [NA]
Epoch: 10, loss: 14.122705383300781, eval loss: [NA]
Epoch: 11, loss: 14.126102070808411, eval loss: [NA]
Epoch: 12, loss: 14.127908101081848, eval loss: [NA]
Epoch: 13, loss: 14.124302062988281, eval loss: [NA]
Epoch: 14, loss: 14.124600992202758, eval loss: [NA]
Epoch: 15, loss: 14.125388512611389, eval loss: [NA]
Epoch: 16, loss: 14.125408091545104, eval loss: [NA]
Epoch: 17, loss: 14.124689841270447, eval loss: [NA]
Epoch: 18, loss: 14.123022480010986, eval loss: [NA]
Epoch: 19, loss: 14.130566229820252, eval loss: [NA]
Epoch: 20, loss: 14.132381148338318, eval loss: [NA]
Epoch: 21, loss: 14.121746668815613, eval loss: [NA]
Epoch: 22, loss: 14.12518461227417, eval loss: [NA]
Epoch: 23, loss: 14.123417382240296, eval loss: [NA]
Epoch: 24, loss: 14.122584290504456, eval loss: [NA]
Epoch: 25, loss: 14.125398449897766, eval loss: [NA]
Epoch: 26, loss: 14.12563018321991, eval loss: [NA]
Epoch: 27, loss: 14.124652271270753, eval loss: [NA]
Epoch: 28, loss: 14.128351130485534, eval loss: [NA]
Epoch: 29, loss: 14.124511752128601, eval loss: [NA]
Iteration: 4
start update likelihood model
Epoch: 0, loss: 10.066459035873413, eval loss: [NA]
Epoch: 1, loss: 10.049588775634765, eval loss: [NA]
Epoch: 2, loss: 10.043681812286376, eval loss: [NA]
Epoch: 3, loss: 10.046113443374633, eval loss: [NA]
Epoch: 4, loss: 10.043638033866882, eval loss: [NA]
Epoch: 5, loss: 10.031962294578552, eval loss: [NA]
Epoch: 6, loss: 10.026362552642823, eval loss: [NA]
Epoch: 7, loss: 10.028895239830018, eval loss: [NA]
Epoch: 8, loss: 10.029271321296692, eval loss: [NA]
Epoch: 9, loss: 10.026187534332275, eval loss: [NA]
Epoch: 10, loss: 10.022728681564331, eval loss: [NA]
Epoch: 11, loss: 10.021166648864746, eval loss: [NA]
Epoch: 12, loss: 10.021462874412537, eval loss: [NA]
Epoch: 13, loss: 10.022011437416076, eval loss: [NA]
Epoch: 14, loss: 10.01271116733551, eval loss: [NA]
Epoch: 15, loss: 10.023137717247009, eval loss: [NA]
Epoch: 16, loss: 10.02434145450592, eval loss: [NA]
Epoch: 17, loss: 10.00767921924591, eval loss: [NA]
Epoch: 18, loss: 10.011016855239868, eval loss: [NA]
Epoch: 19, loss: 10.014878869056702, eval loss: [NA]
Epoch: 20, loss: 10.012515392303467, eval loss: [NA]
Epoch: 21, loss: 10.006387128829957, eval loss: [NA]
Epoch: 22, loss: 10.018718342781067, eval loss: [NA]
Epoch: 23, loss: 10.01157681465149, eval loss: [NA]
Epoch: 24, loss: 10.00421510696411, eval loss: [NA]
Epoch: 25, loss: 10.000904560089111, eval loss: [NA]
Epoch: 26, loss: 9.998698964118958, eval loss: [NA]
Epoch: 27, loss: 9.997527847290039, eval loss: [NA]
Epoch: 28, loss: 10.000589709281922, eval loss: [NA]
Epoch: 29, loss: 9.993965530395508, eval loss: [NA]
start update posterior model
Epoch: 0, loss: 13.961014184951782, eval loss: [NA]
Epoch: 1, loss: 13.955646634101868, eval loss: [NA]
Epoch: 2, loss: 13.956144104003906, eval loss: [NA]
Epoch: 3, loss: 13.956421818733215, eval loss: [NA]
Epoch: 4, loss: 13.954418377876282, eval loss: [NA]
Epoch: 5, loss: 13.955671091079711, eval loss: [NA]
Epoch: 6, loss: 13.955884618759155, eval loss: [NA]
Epoch: 7, loss: 13.961943712234497, eval loss: [NA]
Epoch: 8, loss: 13.959902005195618, eval loss: [NA]
Epoch: 9, loss: 13.951794686317443, eval loss: [NA]
Epoch: 10, loss: 13.964115228652954, eval loss: [NA]
Epoch: 11, loss: 13.953269181251526, eval loss: [NA]
Epoch: 12, loss: 13.955764894485474, eval loss: [NA]
Epoch: 13, loss: 13.955536708831787, eval loss: [NA]
Epoch: 14, loss: 13.954582962989807, eval loss: [NA]
Epoch: 15, loss: 13.954937462806702, eval loss: [NA]
Epoch: 16, loss: 13.959167747497558, eval loss: [NA]
Epoch: 17, loss: 13.955237112045289, eval loss: [NA]
Epoch: 18, loss: 13.954521741867065, eval loss: [NA]
Epoch: 19, loss: 13.953782806396484, eval loss: [NA]
Epoch: 20, loss: 13.954147319793702, eval loss: [NA]
Epoch: 21, loss: 13.958701400756835, eval loss: [NA]
Epoch: 22, loss: 13.951793661117554, eval loss: [NA]
Epoch: 23, loss: 13.953190875053405, eval loss: [NA]
Epoch: 24, loss: 13.953904371261597, eval loss: [NA]
Epoch: 25, loss: 13.956194252967835, eval loss: [NA]
Epoch: 26, loss: 13.9521626663208, eval loss: [NA]
Epoch: 27, loss: 13.954275321960449, eval loss: [NA]
Epoch: 28, loss: 13.952086935043335, eval loss: [NA]
Epoch: 29, loss: 13.956599245071411, eval loss: [NA]

Runtime:610.77
[183384.2118, 0.0258, 0.0475, 0.0297]
[6884206592.0, 1.21, 1.2409, 1.2723]
[3.324399391132877e+16, 1.3819, 1.389, 1.4085]
KL div untrained: 1351.6552
KL div trained: 0.0161
