Input args:
Dim: 2
seed: 5
seed_data: 10
/home/samwiq/snpla/seq-posterior-approx-w-nf-dev/mv_gaussian/2d w 5 obs/lunarc
/home/samwiq/snpla/seq-posterior-approx-w-nf-dev/mv_gaussian
tensor(3.3244e+16, grad_fn=<MeanBackward0>)
tensor(6.8842e+09, grad_fn=<MeanBackward0>)
tensor([-6.7376e+10, -1.4425e+09,  1.9230e+01,  2.7008e+00,  2.2651e+07,
        -4.4392e+05,  3.5061e+04, -5.9393e+00,  7.5937e+01,  3.0223e+02],
       grad_fn=<MeanBackward1>)
tensor([2.0230e+12, 4.3312e+10, 6.8197e+02, 1.4754e+01, 6.8009e+08, 1.3331e+07,
        1.0534e+06, 1.0804e+01, 2.3499e+03, 9.6642e+03],
       grad_fn=<StdBackward1>)
tensor([-1.6616, -2.1609, -1.7456, -1.7803, -1.3209, -0.8756, -2.7388, -3.3261,
        -0.3453, -0.9167])
start full training
Iteration: 1
start update likelihood model
Epoch: 0, loss: 18.18411319255829, eval loss: [NA]
Epoch: 1, loss: 12.607811579704284, eval loss: [NA]
Epoch: 2, loss: 10.91604232788086, eval loss: [NA]
Epoch: 3, loss: 10.58026478767395, eval loss: [NA]
Epoch: 4, loss: 10.480241532325744, eval loss: [NA]
Epoch: 5, loss: 10.385167198181152, eval loss: [NA]
Epoch: 6, loss: 10.366269345283508, eval loss: [NA]
Epoch: 7, loss: 10.345286331176759, eval loss: [NA]
Epoch: 8, loss: 10.321869406700134, eval loss: [NA]
Epoch: 9, loss: 10.304532532691956, eval loss: [NA]
Epoch: 10, loss: 10.281180224418641, eval loss: [NA]
Epoch: 11, loss: 10.269943265914916, eval loss: [NA]
Epoch: 12, loss: 10.246124420166016, eval loss: [NA]
Epoch: 13, loss: 10.271500034332275, eval loss: [NA]
Epoch: 14, loss: 10.266236567497254, eval loss: [NA]
Epoch: 15, loss: 10.234892539978027, eval loss: [NA]
Epoch: 16, loss: 10.252342195510865, eval loss: [NA]
Epoch: 17, loss: 10.269829602241517, eval loss: [NA]
Epoch: 18, loss: 10.214708371162414, eval loss: [NA]
Epoch: 19, loss: 10.207490348815918, eval loss: [NA]
Epoch: 20, loss: 10.215011162757873, eval loss: [NA]
Epoch: 21, loss: 10.209344201087951, eval loss: [NA]
Epoch: 22, loss: 10.203039817810058, eval loss: [NA]
Epoch: 23, loss: 10.200107107162475, eval loss: [NA]
Epoch: 24, loss: 10.20120687007904, eval loss: [NA]
start update posterior model
Epoch: 0, loss: 25.177814893722534, eval loss: [NA]
Epoch: 1, loss: 13.544030294418334, eval loss: [NA]
Epoch: 2, loss: 13.530569753646851, eval loss: [NA]
Epoch: 3, loss: 13.51913553237915, eval loss: [NA]
Epoch: 4, loss: 13.51771499156952, eval loss: [NA]
Epoch: 5, loss: 13.525226945877074, eval loss: [NA]
Epoch: 6, loss: 13.520358424186707, eval loss: [NA]
Epoch: 7, loss: 13.518700489997864, eval loss: [NA]
Epoch: 8, loss: 13.522538208961487, eval loss: [NA]
Epoch: 9, loss: 13.514665274620056, eval loss: [NA]
Epoch: 10, loss: 13.511238656044007, eval loss: [NA]
Epoch: 11, loss: 13.512072877883911, eval loss: [NA]
Epoch: 12, loss: 13.51494210243225, eval loss: [NA]
Epoch: 13, loss: 13.513284416198731, eval loss: [NA]
Epoch: 14, loss: 13.512789459228516, eval loss: [NA]
Epoch: 15, loss: 13.525043625831604, eval loss: [NA]
Epoch: 16, loss: 13.513283867835998, eval loss: [NA]
Epoch: 17, loss: 13.518884830474853, eval loss: [NA]
Epoch: 18, loss: 13.517378873825074, eval loss: [NA]
Epoch: 19, loss: 13.52492244720459, eval loss: [NA]
Epoch: 20, loss: 13.514686980247497, eval loss: [NA]
Epoch: 21, loss: 13.525427346229554, eval loss: [NA]
Epoch: 22, loss: 13.522057857513428, eval loss: [NA]
Epoch: 23, loss: 13.515725078582763, eval loss: [NA]
Epoch: 24, loss: 13.510248985290527, eval loss: [NA]
Epoch: 25, loss: 13.523680272102355, eval loss: [NA]
Epoch: 26, loss: 13.513120627403259, eval loss: [NA]
Epoch: 27, loss: 13.518203492164611, eval loss: [NA]
Epoch: 28, loss: 13.512233982086181, eval loss: [NA]
Epoch: 29, loss: 13.519843292236327, eval loss: [NA]
Iteration: 2
start update likelihood model
Epoch: 0, loss: 10.172742476463318, eval loss: [NA]
Epoch: 1, loss: 10.15134313583374, eval loss: [NA]
Epoch: 2, loss: 10.149153361320495, eval loss: [NA]
Epoch: 3, loss: 10.142725958824158, eval loss: [NA]
Epoch: 4, loss: 10.150100421905517, eval loss: [NA]
Epoch: 5, loss: 10.144970831871033, eval loss: [NA]
Epoch: 6, loss: 10.130586638450623, eval loss: [NA]
Epoch: 7, loss: 10.14185050010681, eval loss: [NA]
Epoch: 8, loss: 10.140218591690063, eval loss: [NA]
Epoch: 9, loss: 10.12660457611084, eval loss: [NA]
Epoch: 10, loss: 10.13547788619995, eval loss: [NA]
Epoch: 11, loss: 10.131318078041076, eval loss: [NA]
Epoch: 12, loss: 10.145315518379212, eval loss: [NA]
Epoch: 13, loss: 10.141855788230895, eval loss: [NA]
Epoch: 14, loss: 10.1299738407135, eval loss: [NA]
Epoch: 15, loss: 10.130870118141175, eval loss: [NA]
Epoch: 16, loss: 10.12520176410675, eval loss: [NA]
Epoch: 17, loss: 10.131178851127624, eval loss: [NA]
Epoch: 18, loss: 10.126283164024352, eval loss: [NA]
Epoch: 19, loss: 10.113605093955993, eval loss: [NA]
Epoch: 20, loss: 10.112438983917237, eval loss: [NA]
Epoch: 21, loss: 10.122010030746459, eval loss: [NA]
Epoch: 22, loss: 10.104006676673889, eval loss: [NA]
Epoch: 23, loss: 10.119770441055298, eval loss: [NA]
Epoch: 24, loss: 10.116278972625732, eval loss: [NA]
Epoch: 25, loss: 10.1140114402771, eval loss: [NA]
Epoch: 26, loss: 10.120493202209472, eval loss: [NA]
Epoch: 27, loss: 10.114091610908508, eval loss: [NA]
Epoch: 28, loss: 10.104560041427613, eval loss: [NA]
Epoch: 29, loss: 10.11197214126587, eval loss: [NA]
start update posterior model
Epoch: 0, loss: 13.734887161254882, eval loss: [NA]
Epoch: 1, loss: 13.723669176101685, eval loss: [NA]
Epoch: 2, loss: 13.711297454833984, eval loss: [NA]
Epoch: 3, loss: 13.721238770484923, eval loss: [NA]
Epoch: 4, loss: 13.704336514472962, eval loss: [NA]
Epoch: 5, loss: 13.705978150367736, eval loss: [NA]
Epoch: 6, loss: 13.707419428825379, eval loss: [NA]
Epoch: 7, loss: 13.717257070541383, eval loss: [NA]
Epoch: 8, loss: 13.705406703948974, eval loss: [NA]
Epoch: 9, loss: 13.71354603767395, eval loss: [NA]
Epoch: 10, loss: 13.717403779029846, eval loss: [NA]
Epoch: 11, loss: 13.719609446525574, eval loss: [NA]
Epoch: 12, loss: 13.707270045280456, eval loss: [NA]
Epoch: 13, loss: 13.70406017780304, eval loss: [NA]
Epoch: 14, loss: 13.704531626701355, eval loss: [NA]
Epoch: 15, loss: 13.70956507205963, eval loss: [NA]
Epoch: 16, loss: 13.720429372787475, eval loss: [NA]
Epoch: 17, loss: 13.711519751548767, eval loss: [NA]
Epoch: 18, loss: 13.704129662513733, eval loss: [NA]
Epoch: 19, loss: 13.706197109222412, eval loss: [NA]
Epoch: 20, loss: 13.703330721855163, eval loss: [NA]
Epoch: 21, loss: 13.696869578361511, eval loss: [NA]
Epoch: 22, loss: 13.716852679252625, eval loss: [NA]
Epoch: 23, loss: 13.713249983787536, eval loss: [NA]
Epoch: 24, loss: 13.71393548488617, eval loss: [NA]
Epoch: 25, loss: 13.70201295375824, eval loss: [NA]
Epoch: 26, loss: 13.704721593856812, eval loss: [NA]
Epoch: 27, loss: 13.70489206314087, eval loss: [NA]
Epoch: 28, loss: 13.698773546218872, eval loss: [NA]
Epoch: 29, loss: 13.714460673332214, eval loss: [NA]
Iteration: 3
start update likelihood model
Epoch: 0, loss: 10.12904860496521, eval loss: [NA]
Epoch: 1, loss: 10.114129152297973, eval loss: [NA]
Epoch: 2, loss: 10.11159833908081, eval loss: [NA]
Epoch: 3, loss: 10.09971692085266, eval loss: [NA]
Epoch: 4, loss: 10.09325804233551, eval loss: [NA]
Epoch: 5, loss: 10.093428225517274, eval loss: [NA]
Epoch: 6, loss: 10.08789484500885, eval loss: [NA]
Epoch: 7, loss: 10.0838108253479, eval loss: [NA]
Epoch: 8, loss: 10.090247721672059, eval loss: [NA]
Epoch: 9, loss: 10.085368218421936, eval loss: [NA]
Epoch: 10, loss: 10.078905119895936, eval loss: [NA]
Epoch: 11, loss: 10.086095757484436, eval loss: [NA]
Epoch: 12, loss: 10.077528505325317, eval loss: [NA]
Epoch: 13, loss: 10.066499528884888, eval loss: [NA]
Epoch: 14, loss: 10.071815567016602, eval loss: [NA]
Epoch: 15, loss: 10.068861722946167, eval loss: [NA]
Epoch: 16, loss: 10.063493542671203, eval loss: [NA]
Epoch: 17, loss: 10.064621810913087, eval loss: [NA]
Epoch: 18, loss: 10.068247961997987, eval loss: [NA]
Epoch: 19, loss: 10.0621147441864, eval loss: [NA]
Epoch: 20, loss: 10.074267930984497, eval loss: [NA]
Epoch: 21, loss: 10.052899656295777, eval loss: [NA]
Epoch: 22, loss: 10.052663359642029, eval loss: [NA]
Epoch: 23, loss: 10.0661993598938, eval loss: [NA]
Epoch: 24, loss: 10.04554982662201, eval loss: [NA]
Epoch: 25, loss: 10.05374701499939, eval loss: [NA]
Epoch: 26, loss: 10.046586408615113, eval loss: [NA]
Epoch: 27, loss: 10.043256392478943, eval loss: [NA]
Epoch: 28, loss: 10.048485913276672, eval loss: [NA]
Epoch: 29, loss: 10.047463164329528, eval loss: [NA]
start update posterior model
Epoch: 0, loss: 13.777571330070495, eval loss: [NA]
Epoch: 1, loss: 13.769217567443848, eval loss: [NA]
Epoch: 2, loss: 13.76929374217987, eval loss: [NA]
Epoch: 3, loss: 13.76273446559906, eval loss: [NA]
Epoch: 4, loss: 13.76373034954071, eval loss: [NA]
Epoch: 5, loss: 13.771130805015565, eval loss: [NA]
Epoch: 6, loss: 13.766183075904847, eval loss: [NA]
Epoch: 7, loss: 13.773372759819031, eval loss: [NA]
Epoch: 8, loss: 13.766741032600402, eval loss: [NA]
Epoch: 9, loss: 13.771493453979492, eval loss: [NA]
Epoch: 10, loss: 13.772672758102416, eval loss: [NA]
Epoch: 11, loss: 13.775860195159913, eval loss: [NA]
Epoch: 12, loss: 13.771264929771423, eval loss: [NA]
Epoch: 13, loss: 13.762518858909607, eval loss: [NA]
Epoch: 14, loss: 13.768463287353516, eval loss: [NA]
Epoch: 15, loss: 13.767383990287781, eval loss: [NA]
Epoch: 16, loss: 13.764498476982117, eval loss: [NA]
Epoch: 17, loss: 13.769739203453064, eval loss: [NA]
Epoch: 18, loss: 13.766149492263795, eval loss: [NA]
Epoch: 19, loss: 13.767668180465698, eval loss: [NA]
Epoch: 20, loss: 13.759462599754334, eval loss: [NA]
Epoch: 21, loss: 13.766946668624877, eval loss: [NA]
Epoch: 22, loss: 13.766690673828125, eval loss: [NA]
Epoch: 23, loss: 13.767570781707764, eval loss: [NA]
Epoch: 24, loss: 13.766939640045166, eval loss: [NA]
Epoch: 25, loss: 13.765897107124328, eval loss: [NA]
Epoch: 26, loss: 13.762934041023254, eval loss: [NA]
Epoch: 27, loss: 13.764813351631165, eval loss: [NA]
Epoch: 28, loss: 13.761996760368348, eval loss: [NA]
Epoch: 29, loss: 13.763466153144837, eval loss: [NA]
Iteration: 4
start update likelihood model
Epoch: 0, loss: 10.05514479160309, eval loss: [NA]
Epoch: 1, loss: 10.043693151473999, eval loss: [NA]
Epoch: 2, loss: 10.036024794578552, eval loss: [NA]
Epoch: 3, loss: 10.03542040348053, eval loss: [NA]
Epoch: 4, loss: 10.033405117988586, eval loss: [NA]
Epoch: 5, loss: 10.028734016418458, eval loss: [NA]
Epoch: 6, loss: 10.031054630279542, eval loss: [NA]
Epoch: 7, loss: 10.030492267608643, eval loss: [NA]
Epoch: 8, loss: 10.022809600830078, eval loss: [NA]
Epoch: 9, loss: 10.023144607543946, eval loss: [NA]
Epoch: 10, loss: 10.03861268043518, eval loss: [NA]
Epoch: 11, loss: 10.018167133331298, eval loss: [NA]
Epoch: 12, loss: 10.017791013717652, eval loss: [NA]
Epoch: 13, loss: 10.017470531463623, eval loss: [NA]
Epoch: 14, loss: 10.02213279724121, eval loss: [NA]
Epoch: 15, loss: 10.017432870864868, eval loss: [NA]
Epoch: 16, loss: 10.01980531692505, eval loss: [NA]
Epoch: 17, loss: 10.013836021423339, eval loss: [NA]
Epoch: 18, loss: 10.007255363464356, eval loss: [NA]
Epoch: 19, loss: 10.014754548072816, eval loss: [NA]
Epoch: 20, loss: 10.01035017967224, eval loss: [NA]
Epoch: 21, loss: 10.004040842056275, eval loss: [NA]
Epoch: 22, loss: 10.008831582069398, eval loss: [NA]
Epoch: 23, loss: 10.005099720954895, eval loss: [NA]
Epoch: 24, loss: 9.997347359657288, eval loss: [NA]
Epoch: 25, loss: 10.00625084400177, eval loss: [NA]
Epoch: 26, loss: 10.002058877944947, eval loss: [NA]
Epoch: 27, loss: 9.992253813743591, eval loss: [NA]
Epoch: 28, loss: 10.0001362991333, eval loss: [NA]
Epoch: 29, loss: 9.989689111709595, eval loss: [NA]
start update posterior model
Epoch: 0, loss: 13.812737407684326, eval loss: [NA]
Epoch: 1, loss: 13.808406262397765, eval loss: [NA]
Epoch: 2, loss: 13.80522503376007, eval loss: [NA]
Epoch: 3, loss: 13.808103671073914, eval loss: [NA]
Epoch: 4, loss: 13.805003042221069, eval loss: [NA]
Epoch: 5, loss: 13.803646664619446, eval loss: [NA]
Epoch: 6, loss: 13.810152730941773, eval loss: [NA]
Epoch: 7, loss: 13.806666412353515, eval loss: [NA]
Epoch: 8, loss: 13.800299019813538, eval loss: [NA]
Epoch: 9, loss: 13.80252408027649, eval loss: [NA]
Epoch: 10, loss: 13.807434029579163, eval loss: [NA]
Epoch: 11, loss: 13.797710809707642, eval loss: [NA]
Epoch: 12, loss: 13.809167938232422, eval loss: [NA]
Epoch: 13, loss: 13.801660203933716, eval loss: [NA]
Epoch: 14, loss: 13.79797562122345, eval loss: [NA]
Epoch: 15, loss: 13.808023438453674, eval loss: [NA]
Epoch: 16, loss: 13.804733200073242, eval loss: [NA]
Epoch: 17, loss: 13.804225797653197, eval loss: [NA]
Epoch: 18, loss: 13.799252305030823, eval loss: [NA]
Epoch: 19, loss: 13.79777144908905, eval loss: [NA]
Epoch: 20, loss: 13.79719608783722, eval loss: [NA]
Epoch: 21, loss: 13.80190281867981, eval loss: [NA]
Epoch: 22, loss: 13.803500938415528, eval loss: [NA]
Epoch: 23, loss: 13.801573700904846, eval loss: [NA]
Epoch: 24, loss: 13.79937430381775, eval loss: [NA]
Epoch: 25, loss: 13.801020345687867, eval loss: [NA]
Epoch: 26, loss: 13.80337456703186, eval loss: [NA]
Epoch: 27, loss: 13.799214062690735, eval loss: [NA]
Epoch: 28, loss: 13.8003235912323, eval loss: [NA]
Epoch: 29, loss: 13.798322010040284, eval loss: [NA]

Runtime:576.98
[183384.2118, 0.0536, 0.0366, 0.0158]
[6884206592.0, 1.1808, 1.2692, 1.2431]
[3.324399391132877e+16, 1.379, 1.3765, 1.3773]
KL div untrained: 1351.6552
KL div trained: 0.0211
