Input args:
Dim: 2
seed: 9
seed_data: 10
/home/samwiq/spa/seq-posterior-approx-w-nf-dev/mv_gaussian/2d w 5 obs/lunarc
/home/samwiq/spa/seq-posterior-approx-w-nf-dev/mv_gaussian
tensor(7.9056e+12, grad_fn=<MeanBackward0>)
tensor(2.5405e+11, grad_fn=<MeanBackward0>)
tensor([ 5.3305e+03,  2.4295e+12, -1.0751e+11,  2.9995e+09, -2.2765e+03,
        -3.6994e+03, -4.5211e+08,  5.5070e+07, -1.3191e+06, -3.9278e+04],
       grad_fn=<MeanBackward1>)
tensor([3.8651e+04, 5.4122e+13, 2.3951e+12, 6.6821e+10, 3.5482e+04, 8.8163e+04,
        1.0072e+10, 1.2268e+09, 2.9387e+07, 8.7429e+05],
       grad_fn=<StdBackward1>)
tensor([ 0.1527,  5.0296, -0.1720,  4.1212,  1.6518,  6.0040,  0.5523,  4.8475,
         0.9799,  5.5771])
start full training
Iteration: 1
start update likelihood model
Epoch: 0, loss: 19.25149821281433, eval loss: [NA]
Epoch: 1, loss: 13.031015515327454, eval loss: [NA]
Epoch: 2, loss: 11.033936123847962, eval loss: [NA]
Epoch: 3, loss: 10.630945329666138, eval loss: [NA]
Epoch: 4, loss: 10.470927133560181, eval loss: [NA]
Epoch: 5, loss: 10.411370944976806, eval loss: [NA]
Epoch: 6, loss: 10.331533427238464, eval loss: [NA]
Epoch: 7, loss: 10.319933385849, eval loss: [NA]
Epoch: 8, loss: 10.300892777442932, eval loss: [NA]
Epoch: 9, loss: 10.29243679523468, eval loss: [NA]
Epoch: 10, loss: 10.247359256744385, eval loss: [NA]
Epoch: 11, loss: 10.260567660331725, eval loss: [NA]
Epoch: 12, loss: 10.263877129554748, eval loss: [NA]
Epoch: 13, loss: 10.218893051147461, eval loss: [NA]
Epoch: 14, loss: 10.21488498210907, eval loss: [NA]
Epoch: 15, loss: 10.208205485343933, eval loss: [NA]
Epoch: 16, loss: 10.210268139839172, eval loss: [NA]
Epoch: 17, loss: 10.201306610107421, eval loss: [NA]
Epoch: 18, loss: 10.230629200935363, eval loss: [NA]
Epoch: 19, loss: 10.21161754131317, eval loss: [NA]
Epoch: 20, loss: 10.191063256263734, eval loss: [NA]
Epoch: 21, loss: 10.192882747650147, eval loss: [NA]
Epoch: 22, loss: 10.181098923683166, eval loss: [NA]
Epoch: 23, loss: 10.177675638198853, eval loss: [NA]
Epoch: 24, loss: 10.170069198608399, eval loss: [NA]
start update posterior model
Epoch: 0, loss: 9.760330019305262e+27, eval loss: [NA]
Epoch: 1, loss: 2.2729698320625266e+28, eval loss: [NA]
Epoch: 2, loss: 2.537276834920877e+28, eval loss: [NA]
Epoch: 3, loss: 1.2157366241041803e+28, eval loss: [NA]
Epoch: 4, loss: 2.427513744409541e+28, eval loss: [NA]
Epoch: 5, loss: 1.9224092035207814e+28, eval loss: [NA]
Epoch: 6, loss: 2.4671982437966218e+28, eval loss: [NA]
Epoch: 7, loss: 1.8679496488298724e+28, eval loss: [NA]
Epoch: 8, loss: 2.4501442050249865e+28, eval loss: [NA]
Epoch: 9, loss: 5.52531084088598e+27, eval loss: [NA]
Epoch: 10, loss: 2.6879734829534715e+28, eval loss: [NA]
Epoch: 11, loss: 4.7912598804078777e+27, eval loss: [NA]
Epoch: 12, loss: 6.357177589369079e+27, eval loss: [NA]
Epoch: 13, loss: 1.6220299312969728e+28, eval loss: [NA]
Epoch: 14, loss: 1.8326122358705204e+28, eval loss: [NA]
Epoch: 15, loss: 1.856801991499357e+28, eval loss: [NA]
Epoch: 16, loss: 6.178753300854723e+27, eval loss: [NA]
Epoch: 17, loss: 2.6249119156021566e+28, eval loss: [NA]
Epoch: 18, loss: 2.397610045593689e+28, eval loss: [NA]
Epoch: 19, loss: 1.4276134575927855e+28, eval loss: [NA]
Epoch: 20, loss: 1.72900162454038e+28, eval loss: [NA]
Epoch: 21, loss: 9.672750881750509e+27, eval loss: [NA]
Epoch: 22, loss: 4.8325571707157237e+27, eval loss: [NA]
Epoch: 23, loss: 5.827324416021983e+27, eval loss: [NA]
Epoch: 24, loss: 1.0678381307648634e+28, eval loss: [NA]
Epoch: 25, loss: 1.122628415549092e+28, eval loss: [NA]
Epoch: 26, loss: 2.6041703892968317e+28, eval loss: [NA]
Epoch: 27, loss: 2.343938872638973e+28, eval loss: [NA]
Epoch: 28, loss: 2.488472334144275e+28, eval loss: [NA]
Epoch: 29, loss: 9.98091059214096e+27, eval loss: [NA]
Iteration: 2
start update likelihood model
Epoch: 0, loss: nan, eval loss: [NA]
Epoch: 1, loss: nan, eval loss: [NA]
Epoch: 2, loss: nan, eval loss: [NA]
Epoch: 3, loss: nan, eval loss: [NA]
Epoch: 4, loss: nan, eval loss: [NA]
Epoch: 5, loss: nan, eval loss: [NA]
Epoch: 6, loss: nan, eval loss: [NA]
Epoch: 7, loss: nan, eval loss: [NA]
Epoch: 8, loss: nan, eval loss: [NA]
Epoch: 9, loss: nan, eval loss: [NA]
Epoch: 10, loss: nan, eval loss: [NA]
Epoch: 11, loss: nan, eval loss: [NA]
Epoch: 12, loss: nan, eval loss: [NA]
Epoch: 13, loss: nan, eval loss: [NA]
Epoch: 14, loss: nan, eval loss: [NA]
Epoch: 15, loss: nan, eval loss: [NA]
Epoch: 16, loss: nan, eval loss: [NA]
Epoch: 17, loss: nan, eval loss: [NA]
Epoch: 18, loss: nan, eval loss: [NA]
Epoch: 19, loss: nan, eval loss: [NA]
Epoch: 20, loss: nan, eval loss: [NA]
Epoch: 21, loss: nan, eval loss: [NA]
Epoch: 22, loss: nan, eval loss: [NA]
Epoch: 23, loss: nan, eval loss: [NA]
Epoch: 24, loss: nan, eval loss: [NA]
Epoch: 25, loss: nan, eval loss: [NA]
Epoch: 26, loss: nan, eval loss: [NA]
Epoch: 27, loss: nan, eval loss: [NA]
Epoch: 28, loss: nan, eval loss: [NA]
Epoch: 29, loss: nan, eval loss: [NA]
start update posterior model
Epoch: 0, loss: 0.0, eval loss: [NA]
Epoch: 1, loss: 0.0, eval loss: [NA]
Epoch: 2, loss: 0.0, eval loss: [NA]
Epoch: 3, loss: 0.0, eval loss: [NA]
Epoch: 4, loss: 0.0, eval loss: [NA]
Epoch: 5, loss: 0.0, eval loss: [NA]
Epoch: 6, loss: 0.0, eval loss: [NA]
Epoch: 7, loss: 0.0, eval loss: [NA]
Epoch: 8, loss: 0.0, eval loss: [NA]
Epoch: 9, loss: 0.0, eval loss: [NA]
Epoch: 10, loss: 0.0, eval loss: [NA]
Epoch: 11, loss: 0.0, eval loss: [NA]
Epoch: 12, loss: 0.0, eval loss: [NA]
Epoch: 13, loss: 0.0, eval loss: [NA]
Epoch: 14, loss: 0.0, eval loss: [NA]
Epoch: 15, loss: 0.0, eval loss: [NA]
Epoch: 16, loss: 0.0, eval loss: [NA]
Epoch: 17, loss: 0.0, eval loss: [NA]
Epoch: 18, loss: 0.0, eval loss: [NA]
Epoch: 19, loss: 0.0, eval loss: [NA]
Epoch: 20, loss: 0.0, eval loss: [NA]
Epoch: 21, loss: 0.0, eval loss: [NA]
Epoch: 22, loss: 0.0, eval loss: [NA]
Epoch: 23, loss: 0.0, eval loss: [NA]
Epoch: 24, loss: 0.0, eval loss: [NA]
Epoch: 25, loss: 0.0, eval loss: [NA]
Epoch: 26, loss: 0.0, eval loss: [NA]
Epoch: 27, loss: 0.0, eval loss: [NA]
Epoch: 28, loss: 0.0, eval loss: [NA]
Epoch: 29, loss: 0.0, eval loss: [NA]
Iteration: 3
start update likelihood model
Epoch: 0, loss: nan, eval loss: [NA]
Epoch: 1, loss: nan, eval loss: [NA]
Epoch: 2, loss: nan, eval loss: [NA]
Epoch: 3, loss: nan, eval loss: [NA]
Epoch: 4, loss: nan, eval loss: [NA]
Epoch: 5, loss: nan, eval loss: [NA]
Epoch: 6, loss: nan, eval loss: [NA]
Epoch: 7, loss: nan, eval loss: [NA]
Epoch: 8, loss: nan, eval loss: [NA]
Epoch: 9, loss: nan, eval loss: [NA]
Epoch: 10, loss: nan, eval loss: [NA]
Epoch: 11, loss: nan, eval loss: [NA]
Epoch: 12, loss: nan, eval loss: [NA]
Epoch: 13, loss: nan, eval loss: [NA]
Epoch: 14, loss: nan, eval loss: [NA]
Epoch: 15, loss: nan, eval loss: [NA]
Epoch: 16, loss: nan, eval loss: [NA]
Epoch: 17, loss: nan, eval loss: [NA]
Epoch: 18, loss: nan, eval loss: [NA]
Epoch: 19, loss: nan, eval loss: [NA]
Epoch: 20, loss: nan, eval loss: [NA]
Epoch: 21, loss: nan, eval loss: [NA]
Epoch: 22, loss: nan, eval loss: [NA]
Epoch: 23, loss: nan, eval loss: [NA]
Epoch: 24, loss: nan, eval loss: [NA]
Epoch: 25, loss: nan, eval loss: [NA]
Epoch: 26, loss: nan, eval loss: [NA]
Epoch: 27, loss: nan, eval loss: [NA]
Epoch: 28, loss: nan, eval loss: [NA]
Epoch: 29, loss: nan, eval loss: [NA]
start update posterior model
Epoch: 0, loss: 0.0, eval loss: [NA]
Epoch: 1, loss: 0.0, eval loss: [NA]
Epoch: 2, loss: 0.0, eval loss: [NA]
Epoch: 3, loss: 0.0, eval loss: [NA]
Epoch: 4, loss: 0.0, eval loss: [NA]
Epoch: 5, loss: 0.0, eval loss: [NA]
Epoch: 6, loss: 0.0, eval loss: [NA]
Epoch: 7, loss: 0.0, eval loss: [NA]
Epoch: 8, loss: 0.0, eval loss: [NA]
Epoch: 9, loss: 0.0, eval loss: [NA]
Epoch: 10, loss: 0.0, eval loss: [NA]
Epoch: 11, loss: 0.0, eval loss: [NA]
Epoch: 12, loss: 0.0, eval loss: [NA]
Epoch: 13, loss: 0.0, eval loss: [NA]
Epoch: 14, loss: 0.0, eval loss: [NA]
Epoch: 15, loss: 0.0, eval loss: [NA]
Epoch: 16, loss: 0.0, eval loss: [NA]
Epoch: 17, loss: 0.0, eval loss: [NA]
Epoch: 18, loss: 0.0, eval loss: [NA]
Epoch: 19, loss: 0.0, eval loss: [NA]
Epoch: 20, loss: 0.0, eval loss: [NA]
Epoch: 21, loss: 0.0, eval loss: [NA]
Epoch: 22, loss: 0.0, eval loss: [NA]
Epoch: 23, loss: 0.0, eval loss: [NA]
Epoch: 24, loss: 0.0, eval loss: [NA]
Epoch: 25, loss: 0.0, eval loss: [NA]
Epoch: 26, loss: 0.0, eval loss: [NA]
Epoch: 27, loss: 0.0, eval loss: [NA]
Epoch: 28, loss: 0.0, eval loss: [NA]
Epoch: 29, loss: 0.0, eval loss: [NA]
Iteration: 4
start update likelihood model
Epoch: 0, loss: nan, eval loss: [NA]
Epoch: 1, loss: nan, eval loss: [NA]
Epoch: 2, loss: nan, eval loss: [NA]
Epoch: 3, loss: nan, eval loss: [NA]
Epoch: 4, loss: nan, eval loss: [NA]
Epoch: 5, loss: nan, eval loss: [NA]
Epoch: 6, loss: nan, eval loss: [NA]
Epoch: 7, loss: nan, eval loss: [NA]
Epoch: 8, loss: nan, eval loss: [NA]
Epoch: 9, loss: nan, eval loss: [NA]
Epoch: 10, loss: nan, eval loss: [NA]
Epoch: 11, loss: nan, eval loss: [NA]
Epoch: 12, loss: nan, eval loss: [NA]
Epoch: 13, loss: nan, eval loss: [NA]
Epoch: 14, loss: nan, eval loss: [NA]
Epoch: 15, loss: nan, eval loss: [NA]
Epoch: 16, loss: nan, eval loss: [NA]
Epoch: 17, loss: nan, eval loss: [NA]
Epoch: 18, loss: nan, eval loss: [NA]
Epoch: 19, loss: nan, eval loss: [NA]
Epoch: 20, loss: nan, eval loss: [NA]
Epoch: 21, loss: nan, eval loss: [NA]
Epoch: 22, loss: nan, eval loss: [NA]
Epoch: 23, loss: nan, eval loss: [NA]
Epoch: 24, loss: nan, eval loss: [NA]
Epoch: 25, loss: nan, eval loss: [NA]
Epoch: 26, loss: nan, eval loss: [NA]
Epoch: 27, loss: nan, eval loss: [NA]
Epoch: 28, loss: nan, eval loss: [NA]
Epoch: 29, loss: nan, eval loss: [NA]
start update posterior model
Epoch: 0, loss: 0.0, eval loss: [NA]
Epoch: 1, loss: 0.0, eval loss: [NA]
Epoch: 2, loss: 0.0, eval loss: [NA]
Epoch: 3, loss: 0.0, eval loss: [NA]
Epoch: 4, loss: 0.0, eval loss: [NA]
Epoch: 5, loss: 0.0, eval loss: [NA]
Epoch: 6, loss: 0.0, eval loss: [NA]
Epoch: 7, loss: 0.0, eval loss: [NA]
Epoch: 8, loss: 0.0, eval loss: [NA]
Epoch: 9, loss: 0.0, eval loss: [NA]
Epoch: 10, loss: 0.0, eval loss: [NA]
Epoch: 11, loss: 0.0, eval loss: [NA]
Epoch: 12, loss: 0.0, eval loss: [NA]
Epoch: 13, loss: 0.0, eval loss: [NA]
Epoch: 14, loss: 0.0, eval loss: [NA]
Epoch: 15, loss: 0.0, eval loss: [NA]
Epoch: 16, loss: 0.0, eval loss: [NA]
Epoch: 17, loss: 0.0, eval loss: [NA]
Epoch: 18, loss: 0.0, eval loss: [NA]
Epoch: 19, loss: 0.0, eval loss: [NA]
Epoch: 20, loss: 0.0, eval loss: [NA]
Epoch: 21, loss: 0.0, eval loss: [NA]
Epoch: 22, loss: 0.0, eval loss: [NA]
Epoch: 23, loss: 0.0, eval loss: [NA]
Epoch: 24, loss: 0.0, eval loss: [NA]
Epoch: 25, loss: 0.0, eval loss: [NA]
Epoch: 26, loss: 0.0, eval loss: [NA]
Epoch: 27, loss: 0.0, eval loss: [NA]
Epoch: 28, loss: 0.0, eval loss: [NA]
Epoch: 29, loss: 0.0, eval loss: [NA]

Runtime:396.14
[2.748971745607958e+21, 1.4430638839268268e+22, 4.148905419467188e+21, 1.7321318689986553e+22]
[254049681408.0, 1.3081, nan, nan]
[7905615544320.0, 1.3886, nan, nan]
KL div untrained: 5.701746391657524e+19
KL div trained: 5.727046152796265e+19
