Input args:
Dim: 2
seed: 10
seed_data: 10
/home/samwiq/spa/seq-posterior-approx-w-nf-dev/mv_gaussian/2d w 5 obs/lunarc
/home/samwiq/spa/seq-posterior-approx-w-nf-dev/mv_gaussian
tensor(1.2073e+21, grad_fn=<MeanBackward0>)
tensor(1.3610e+12, grad_fn=<MeanBackward0>)
tensor([-1.3121e+13,  4.0863e+11,  7.8610e+10,  8.3463e+04,  3.2669e+04,
         1.6172e+09,  2.0394e+07,  1.6112e+06,  7.0810e+04, -1.9301e+03],
       grad_fn=<MeanBackward1>)
tensor([2.7136e+14, 8.4501e+12, 1.6250e+12, 8.8794e+05, 3.5057e+05, 3.3447e+10,
        4.6132e+08, 4.8689e+07, 1.1961e+06, 4.4867e+04],
       grad_fn=<StdBackward1>)
tensor([-2.0528, -3.3627, -1.7006, -3.0799, -0.2618, -1.2785, -2.3681, -3.6668,
        -2.7483, -3.0060])
start full training
Iteration: 1
start update likelihood model
Epoch: 0, loss: 18.674385890960693, eval loss: [NA]
Epoch: 1, loss: 12.964799790382385, eval loss: [NA]
Epoch: 2, loss: 10.977177987098694, eval loss: [NA]
Epoch: 3, loss: 10.55563290119171, eval loss: [NA]
Epoch: 4, loss: 10.455293469429016, eval loss: [NA]
Epoch: 5, loss: 10.398297700881958, eval loss: [NA]
Epoch: 6, loss: 10.347035145759582, eval loss: [NA]
Epoch: 7, loss: 10.328161163330078, eval loss: [NA]
Epoch: 8, loss: 10.296093349456788, eval loss: [NA]
Epoch: 9, loss: 10.26272964477539, eval loss: [NA]
Epoch: 10, loss: 10.267868137359619, eval loss: [NA]
Epoch: 11, loss: 10.258447675704955, eval loss: [NA]
Epoch: 12, loss: 10.240764627456665, eval loss: [NA]
Epoch: 13, loss: 10.213294649124146, eval loss: [NA]
Epoch: 14, loss: 10.244446053504944, eval loss: [NA]
Epoch: 15, loss: 10.238178248405456, eval loss: [NA]
Epoch: 16, loss: 10.206325759887696, eval loss: [NA]
Epoch: 17, loss: 10.20095121383667, eval loss: [NA]
Epoch: 18, loss: 10.229616560935973, eval loss: [NA]
Epoch: 19, loss: 10.216775269508362, eval loss: [NA]
Epoch: 20, loss: 10.202521080970763, eval loss: [NA]
Epoch: 21, loss: 10.210914807319641, eval loss: [NA]
Epoch: 22, loss: 10.194957332611084, eval loss: [NA]
Epoch: 23, loss: 10.17359094619751, eval loss: [NA]
Epoch: 24, loss: 10.201884107589722, eval loss: [NA]
start update posterior model
Epoch: 0, loss: 2598.6200710487365, eval loss: [NA]
Epoch: 1, loss: 17.940942335128785, eval loss: [NA]
Epoch: 2, loss: 15.507649798393249, eval loss: [NA]
Epoch: 3, loss: 15.228641700744628, eval loss: [NA]
Epoch: 4, loss: 15.18382270336151, eval loss: [NA]
Epoch: 5, loss: 15.179115414619446, eval loss: [NA]
Epoch: 6, loss: 15.171015043258667, eval loss: [NA]
Epoch: 7, loss: 15.17105417728424, eval loss: [NA]
Epoch: 8, loss: 15.167627973556518, eval loss: [NA]
Epoch: 9, loss: 15.16859016418457, eval loss: [NA]
Epoch: 10, loss: 15.17151683330536, eval loss: [NA]
Epoch: 11, loss: 15.165931677818298, eval loss: [NA]
Epoch: 12, loss: 15.169828052520751, eval loss: [NA]
Epoch: 13, loss: 15.161890969276428, eval loss: [NA]
Epoch: 14, loss: 15.167175798416137, eval loss: [NA]
Epoch: 15, loss: 15.161358556747437, eval loss: [NA]
Epoch: 16, loss: 15.164266004562378, eval loss: [NA]
Epoch: 17, loss: 15.161136531829834, eval loss: [NA]
Epoch: 18, loss: 15.159314970970154, eval loss: [NA]
Epoch: 19, loss: 15.163026843070984, eval loss: [NA]
Epoch: 20, loss: 15.159245862960816, eval loss: [NA]
Epoch: 21, loss: 15.163210754394532, eval loss: [NA]
Epoch: 22, loss: 15.160418186187744, eval loss: [NA]
Epoch: 23, loss: 15.161411743164063, eval loss: [NA]
Epoch: 24, loss: 15.164671320915222, eval loss: [NA]
Epoch: 25, loss: 15.164417953491212, eval loss: [NA]
Epoch: 26, loss: 15.1603586769104, eval loss: [NA]
Epoch: 27, loss: 15.162154526710511, eval loss: [NA]
Epoch: 28, loss: 15.157662272453308, eval loss: [NA]
Epoch: 29, loss: 15.16338800907135, eval loss: [NA]
Iteration: 2
start update likelihood model
Epoch: 0, loss: 10.136979212760926, eval loss: [NA]
Epoch: 1, loss: 10.119228944778442, eval loss: [NA]
Epoch: 2, loss: 10.105045499801635, eval loss: [NA]
Epoch: 3, loss: 10.097846570014953, eval loss: [NA]
Epoch: 4, loss: 10.099096703529359, eval loss: [NA]
Epoch: 5, loss: 10.09285427570343, eval loss: [NA]
Epoch: 6, loss: 10.11277663230896, eval loss: [NA]
Epoch: 7, loss: 10.098799381256104, eval loss: [NA]
Epoch: 8, loss: 10.08352496623993, eval loss: [NA]
Epoch: 9, loss: 10.11311101436615, eval loss: [NA]
Epoch: 10, loss: 10.104750061035157, eval loss: [NA]
Epoch: 11, loss: 10.09418869972229, eval loss: [NA]
Epoch: 12, loss: 10.085355777740478, eval loss: [NA]
Epoch: 13, loss: 10.091280827522278, eval loss: [NA]
Epoch: 14, loss: 10.078102850914002, eval loss: [NA]
Epoch: 15, loss: 10.084017057418823, eval loss: [NA]
Epoch: 16, loss: 10.07798291683197, eval loss: [NA]
Epoch: 17, loss: 10.074758267402649, eval loss: [NA]
Epoch: 18, loss: 10.075026788711547, eval loss: [NA]
Epoch: 19, loss: 10.080814681053162, eval loss: [NA]
Epoch: 20, loss: 10.075213479995728, eval loss: [NA]
Epoch: 21, loss: 10.075407967567443, eval loss: [NA]
Epoch: 22, loss: 10.05878607749939, eval loss: [NA]
Epoch: 23, loss: 10.077467427253723, eval loss: [NA]
Epoch: 24, loss: 10.058602514266967, eval loss: [NA]
Epoch: 25, loss: 10.067847414016724, eval loss: [NA]
Epoch: 26, loss: 10.075141024589538, eval loss: [NA]
Epoch: 27, loss: 10.05606969833374, eval loss: [NA]
Epoch: 28, loss: 10.047536959648133, eval loss: [NA]
Epoch: 29, loss: 10.052464528083801, eval loss: [NA]
start update posterior model
Epoch: 0, loss: 15.540612845420837, eval loss: [NA]
Epoch: 1, loss: 15.53697328567505, eval loss: [NA]
Epoch: 2, loss: 15.538422455787659, eval loss: [NA]
Epoch: 3, loss: 15.541690135002137, eval loss: [NA]
Epoch: 4, loss: 15.539467787742614, eval loss: [NA]
Epoch: 5, loss: 15.537349886894226, eval loss: [NA]
Epoch: 6, loss: 15.538324704170227, eval loss: [NA]
Epoch: 7, loss: 15.538829441070556, eval loss: [NA]
Epoch: 8, loss: 15.53881730079651, eval loss: [NA]
Epoch: 9, loss: 15.53750768661499, eval loss: [NA]
Epoch: 10, loss: 15.534598383903504, eval loss: [NA]
Epoch: 11, loss: 15.542987961769104, eval loss: [NA]
Epoch: 12, loss: 15.534854283332825, eval loss: [NA]
Epoch: 13, loss: 15.537330179214477, eval loss: [NA]
Epoch: 14, loss: 15.540091843605042, eval loss: [NA]
Epoch: 15, loss: 15.537036418914795, eval loss: [NA]
Epoch: 16, loss: 15.535140137672425, eval loss: [NA]
Epoch: 17, loss: 15.53579351425171, eval loss: [NA]
Epoch: 18, loss: 15.54423593044281, eval loss: [NA]
Epoch: 19, loss: 15.539934840202331, eval loss: [NA]
Epoch: 20, loss: 15.538186569213867, eval loss: [NA]
Epoch: 21, loss: 15.538759093284607, eval loss: [NA]
Epoch: 22, loss: 15.537737793922425, eval loss: [NA]
Epoch: 23, loss: 15.539876918792725, eval loss: [NA]
Epoch: 24, loss: 15.535946340560914, eval loss: [NA]
Epoch: 25, loss: 15.537238264083863, eval loss: [NA]
Epoch: 26, loss: 15.537735433578492, eval loss: [NA]
Epoch: 27, loss: 15.545845551490784, eval loss: [NA]
Epoch: 28, loss: 15.535814490318298, eval loss: [NA]
Epoch: 29, loss: 15.535978946685791, eval loss: [NA]
Iteration: 3
start update likelihood model
Epoch: 0, loss: 10.137348628044128, eval loss: [NA]
Epoch: 1, loss: 10.12413067817688, eval loss: [NA]
Epoch: 2, loss: 10.126991968154908, eval loss: [NA]
Epoch: 3, loss: 10.10883137702942, eval loss: [NA]
Epoch: 4, loss: 10.11797960281372, eval loss: [NA]
Epoch: 5, loss: 10.107870016098023, eval loss: [NA]
Epoch: 6, loss: 10.102268509864807, eval loss: [NA]
Epoch: 7, loss: 10.100801119804382, eval loss: [NA]
Epoch: 8, loss: 10.099144668579102, eval loss: [NA]
Epoch: 9, loss: 10.084738101959228, eval loss: [NA]
Epoch: 10, loss: 10.096111001968383, eval loss: [NA]
Epoch: 11, loss: 10.094366569519043, eval loss: [NA]
Epoch: 12, loss: 10.097386603355408, eval loss: [NA]
Epoch: 13, loss: 10.088813529014587, eval loss: [NA]
Epoch: 14, loss: 10.0868878698349, eval loss: [NA]
Epoch: 15, loss: 10.073967294692993, eval loss: [NA]
Epoch: 16, loss: 10.082787737846374, eval loss: [NA]
Epoch: 17, loss: 10.079880409240722, eval loss: [NA]
Epoch: 18, loss: 10.074891271591186, eval loss: [NA]
Epoch: 19, loss: 10.084555144309997, eval loss: [NA]
Epoch: 20, loss: 10.07604305267334, eval loss: [NA]
Epoch: 21, loss: 10.06883502483368, eval loss: [NA]
Epoch: 22, loss: 10.075424909591675, eval loss: [NA]
Epoch: 23, loss: 10.072429776191711, eval loss: [NA]
Epoch: 24, loss: 10.064936599731446, eval loss: [NA]
Epoch: 25, loss: 10.066788425445557, eval loss: [NA]
Epoch: 26, loss: 10.061578183174133, eval loss: [NA]
Epoch: 27, loss: 10.075595569610595, eval loss: [NA]
Epoch: 28, loss: 10.066563963890076, eval loss: [NA]
Epoch: 29, loss: 10.06570001602173, eval loss: [NA]
start update posterior model
Epoch: 0, loss: 15.175154247283935, eval loss: [NA]
Epoch: 1, loss: 15.181014914512634, eval loss: [NA]
Epoch: 2, loss: 15.179363780021667, eval loss: [NA]
Epoch: 3, loss: 15.18009407043457, eval loss: [NA]
Epoch: 4, loss: 15.182694821357726, eval loss: [NA]
Epoch: 5, loss: 15.17858178138733, eval loss: [NA]
Epoch: 6, loss: 15.177099866867065, eval loss: [NA]
Epoch: 7, loss: 15.17671437740326, eval loss: [NA]
Epoch: 8, loss: 15.175225772857665, eval loss: [NA]
Epoch: 9, loss: 15.174649386405944, eval loss: [NA]
Epoch: 10, loss: 15.17419144153595, eval loss: [NA]
Epoch: 11, loss: 15.174750723838805, eval loss: [NA]
Epoch: 12, loss: 15.176336584091187, eval loss: [NA]
Epoch: 13, loss: 15.177869815826416, eval loss: [NA]
Epoch: 14, loss: 15.17649631023407, eval loss: [NA]
Epoch: 15, loss: 15.179923496246339, eval loss: [NA]
Epoch: 16, loss: 15.175932931900025, eval loss: [NA]
Epoch: 17, loss: 15.18428322315216, eval loss: [NA]
Epoch: 18, loss: 15.176502680778503, eval loss: [NA]
Epoch: 19, loss: 15.183769745826721, eval loss: [NA]
Epoch: 20, loss: 15.185013403892517, eval loss: [NA]
Epoch: 21, loss: 15.176190452575684, eval loss: [NA]
Epoch: 22, loss: 15.180076475143432, eval loss: [NA]
Epoch: 23, loss: 15.176709876060485, eval loss: [NA]
Epoch: 24, loss: 15.175544381141663, eval loss: [NA]
Epoch: 25, loss: 15.18989734172821, eval loss: [NA]
Epoch: 26, loss: 15.178190360069275, eval loss: [NA]
Epoch: 27, loss: 15.181110329627991, eval loss: [NA]
Epoch: 28, loss: 15.174848532676696, eval loss: [NA]
Epoch: 29, loss: 15.183825616836549, eval loss: [NA]
Iteration: 4
start update likelihood model
Epoch: 0, loss: 10.04757788181305, eval loss: [NA]
Epoch: 1, loss: 10.034774713516235, eval loss: [NA]
Epoch: 2, loss: 10.020288529396057, eval loss: [NA]
Epoch: 3, loss: 10.017947454452514, eval loss: [NA]
Epoch: 4, loss: 10.021298222541809, eval loss: [NA]
Epoch: 5, loss: 10.017738409042359, eval loss: [NA]
Epoch: 6, loss: 10.01559371471405, eval loss: [NA]
Epoch: 7, loss: 10.015567755699157, eval loss: [NA]
Epoch: 8, loss: 10.003971538543702, eval loss: [NA]
Epoch: 9, loss: 10.031497263908387, eval loss: [NA]
Epoch: 10, loss: 10.021649198532105, eval loss: [NA]
Epoch: 11, loss: 10.000671024322509, eval loss: [NA]
Epoch: 12, loss: 10.010697298049926, eval loss: [NA]
Epoch: 13, loss: 10.000779409408569, eval loss: [NA]
Epoch: 14, loss: 10.005935564041138, eval loss: [NA]
Epoch: 15, loss: 10.003265953063964, eval loss: [NA]
Epoch: 16, loss: 10.007333402633668, eval loss: [NA]
Epoch: 17, loss: 9.999976568222046, eval loss: [NA]
Epoch: 18, loss: 9.998492588996887, eval loss: [NA]
Epoch: 19, loss: 9.996264963150024, eval loss: [NA]
Epoch: 20, loss: 10.002866234779358, eval loss: [NA]
Epoch: 21, loss: 10.002670645713806, eval loss: [NA]
Epoch: 22, loss: 9.995204010009765, eval loss: [NA]
Epoch: 23, loss: 10.00186846256256, eval loss: [NA]
Epoch: 24, loss: 9.990782036781312, eval loss: [NA]
Epoch: 25, loss: 9.996902222633361, eval loss: [NA]
Epoch: 26, loss: 9.989206585884094, eval loss: [NA]
Epoch: 27, loss: 9.990921144485474, eval loss: [NA]
Epoch: 28, loss: 9.988642911911011, eval loss: [NA]
Epoch: 29, loss: 9.981821656227112, eval loss: [NA]
start update posterior model
Epoch: 0, loss: 14.941941294670105, eval loss: [NA]
Epoch: 1, loss: 14.949157757759094, eval loss: [NA]
Epoch: 2, loss: 14.957457227706909, eval loss: [NA]
Epoch: 3, loss: 14.956420536041259, eval loss: [NA]
Epoch: 4, loss: 14.934412879943848, eval loss: [NA]
Epoch: 5, loss: 14.93698148727417, eval loss: [NA]
Epoch: 6, loss: 14.952962169647217, eval loss: [NA]
Epoch: 7, loss: 14.953358597755432, eval loss: [NA]
Epoch: 8, loss: 14.94902223110199, eval loss: [NA]
Epoch: 9, loss: 14.945285739898681, eval loss: [NA]
Epoch: 10, loss: 14.947372794151306, eval loss: [NA]
Epoch: 11, loss: 14.944902486801148, eval loss: [NA]
Epoch: 12, loss: 14.935322489738464, eval loss: [NA]
Epoch: 13, loss: 14.94556044101715, eval loss: [NA]
Epoch: 14, loss: 14.944574012756348, eval loss: [NA]
Epoch: 15, loss: 14.948964638710022, eval loss: [NA]
Epoch: 16, loss: 14.948993730545045, eval loss: [NA]
Epoch: 17, loss: 14.978535962104797, eval loss: [NA]
Epoch: 18, loss: 14.947579097747802, eval loss: [NA]
Epoch: 19, loss: 14.943551836013794, eval loss: [NA]
Epoch: 20, loss: 14.958222851753234, eval loss: [NA]
Epoch: 21, loss: 14.940940284729004, eval loss: [NA]
Epoch: 22, loss: 14.93984652042389, eval loss: [NA]
Epoch: 23, loss: 14.950409455299377, eval loss: [NA]
Epoch: 24, loss: 14.945441641807555, eval loss: [NA]
Epoch: 25, loss: 14.95047224521637, eval loss: [NA]
Epoch: 26, loss: 14.955833811759948, eval loss: [NA]
Epoch: 27, loss: 14.95832435131073, eval loss: [NA]
Epoch: 28, loss: 14.947019152641296, eval loss: [NA]
Epoch: 29, loss: 14.944468460083009, eval loss: [NA]

Runtime:570.8
[10110.1044, 0.014, 0.0032, 0.0207]
[1361035132928.0, 1.2697, 1.2879, 1.2961]
[1.207301344207439e+21, 1.3804, 1.3806, 1.3879]
KL div untrained: 11541.3587
KL div trained: 0.0111
