Input args:
Dim: 2
seed: 2
seed_data: 10
/home/samwiq/spa/seq-posterior-approx-w-nf-dev/mv_gaussian/2d w 5 obs/lunarc
/home/samwiq/spa/seq-posterior-approx-w-nf-dev/mv_gaussian
tensor(6.6672e+14, grad_fn=<MeanBackward0>)
tensor(802625.6250, grad_fn=<MeanBackward0>)
tensor([ 7.6404e+06,  1.1678e+05, -9.9464e+03, -3.8862e+04, -1.0170e+05,
         1.0637e+05,  3.1680e+03,  2.5844e+03, -1.3353e+02, -8.5093e+02],
       grad_fn=<MeanBackward1>)
tensor([1.2193e+08, 1.7263e+06, 2.6441e+05, 3.0717e+05, 2.4035e+06, 2.5615e+06,
        7.8206e+04, 2.2674e+04, 2.8758e+03, 9.5120e+03],
       grad_fn=<StdBackward1>)
tensor([ 1.3391, -0.1074,  0.5010, -1.3290,  2.1069,  0.5312,  1.5520,  0.3921,
         0.4158, -1.3569])
start full training
Iteration: 1
start update likelihood model
Epoch: 0, loss: 19.08234793186188, eval loss: [NA]
Epoch: 1, loss: 12.928185195922852, eval loss: [NA]
Epoch: 2, loss: 11.032971086502075, eval loss: [NA]
Epoch: 3, loss: 10.599908742904663, eval loss: [NA]
Epoch: 4, loss: 10.499074220657349, eval loss: [NA]
Epoch: 5, loss: 10.366051487922668, eval loss: [NA]
Epoch: 6, loss: 10.390156636238098, eval loss: [NA]
Epoch: 7, loss: 10.360826926231384, eval loss: [NA]
Epoch: 8, loss: 10.307068219184876, eval loss: [NA]
Epoch: 9, loss: 10.28450463294983, eval loss: [NA]
Epoch: 10, loss: 10.269781918525696, eval loss: [NA]
Epoch: 11, loss: 10.276948304176331, eval loss: [NA]
Epoch: 12, loss: 10.277272524833679, eval loss: [NA]
Epoch: 13, loss: 10.232755026817323, eval loss: [NA]
Epoch: 14, loss: 10.242472534179688, eval loss: [NA]
Epoch: 15, loss: 10.213873834609986, eval loss: [NA]
Epoch: 16, loss: 10.21868013381958, eval loss: [NA]
Epoch: 17, loss: 10.2192551612854, eval loss: [NA]
Epoch: 18, loss: 10.225306181907653, eval loss: [NA]
Epoch: 19, loss: 10.225485515594482, eval loss: [NA]
Epoch: 20, loss: 10.220613508224487, eval loss: [NA]
Epoch: 21, loss: 10.207986431121826, eval loss: [NA]
Epoch: 22, loss: 10.194209365844726, eval loss: [NA]
Epoch: 23, loss: 10.197029509544372, eval loss: [NA]
Epoch: 24, loss: 10.211131868362427, eval loss: [NA]
start update posterior model
Epoch: 0, loss: 25.420062088966368, eval loss: [NA]
Epoch: 1, loss: 11.085228180885315, eval loss: [NA]
Epoch: 2, loss: 11.072106900215148, eval loss: [NA]
Epoch: 3, loss: 11.07400695323944, eval loss: [NA]
Epoch: 4, loss: 11.07398907661438, eval loss: [NA]
Epoch: 5, loss: 11.07438967704773, eval loss: [NA]
Epoch: 6, loss: 11.075503778457641, eval loss: [NA]
Epoch: 7, loss: 11.072678904533387, eval loss: [NA]
Epoch: 8, loss: 11.0744846200943, eval loss: [NA]
Epoch: 9, loss: 11.081961803436279, eval loss: [NA]
Epoch: 10, loss: 11.078059549331664, eval loss: [NA]
Epoch: 11, loss: 11.077478308677673, eval loss: [NA]
Epoch: 12, loss: 11.081432657241821, eval loss: [NA]
Epoch: 13, loss: 11.079841976165772, eval loss: [NA]
Epoch: 14, loss: 11.078236889839172, eval loss: [NA]
Epoch: 15, loss: 11.087965297698975, eval loss: [NA]
Epoch: 16, loss: 11.083450613021851, eval loss: [NA]
Epoch: 17, loss: 11.081066460609437, eval loss: [NA]
Epoch: 18, loss: 11.085211977958679, eval loss: [NA]
Epoch: 19, loss: 11.08366579055786, eval loss: [NA]
Epoch: 20, loss: 11.079591636657716, eval loss: [NA]
Epoch: 21, loss: 11.085494031906128, eval loss: [NA]
Epoch: 22, loss: 11.08527853012085, eval loss: [NA]
Epoch: 23, loss: 11.086381435394287, eval loss: [NA]
Epoch: 24, loss: 11.100334105491639, eval loss: [NA]
Epoch: 25, loss: 11.085943303108216, eval loss: [NA]
Epoch: 26, loss: 11.082647428512573, eval loss: [NA]
Epoch: 27, loss: 11.079237070083618, eval loss: [NA]
Epoch: 28, loss: 11.091298813819884, eval loss: [NA]
Epoch: 29, loss: 11.085450539588928, eval loss: [NA]
Iteration: 2
start update likelihood model
Epoch: 0, loss: 10.10728401184082, eval loss: [NA]
Epoch: 1, loss: 10.10494947910309, eval loss: [NA]
Epoch: 2, loss: 10.098622102737426, eval loss: [NA]
Epoch: 3, loss: 10.09463650226593, eval loss: [NA]
Epoch: 4, loss: 10.08903380870819, eval loss: [NA]
Epoch: 5, loss: 10.088375449180603, eval loss: [NA]
Epoch: 6, loss: 10.089391407966614, eval loss: [NA]
Epoch: 7, loss: 10.074057855606078, eval loss: [NA]
Epoch: 8, loss: 10.083184413909912, eval loss: [NA]
Epoch: 9, loss: 10.0965860414505, eval loss: [NA]
Epoch: 10, loss: 10.105331192016601, eval loss: [NA]
Epoch: 11, loss: 10.079608635902405, eval loss: [NA]
Epoch: 12, loss: 10.096346430778503, eval loss: [NA]
Epoch: 13, loss: 10.089513478279114, eval loss: [NA]
Epoch: 14, loss: 10.087827653884888, eval loss: [NA]
Epoch: 15, loss: 10.080469808578492, eval loss: [NA]
Epoch: 16, loss: 10.083080925941466, eval loss: [NA]
Epoch: 17, loss: 10.074245476722718, eval loss: [NA]
Epoch: 18, loss: 10.083275756835938, eval loss: [NA]
Epoch: 19, loss: 10.07183545589447, eval loss: [NA]
Epoch: 20, loss: 10.075058274269104, eval loss: [NA]
Epoch: 21, loss: 10.090972385406495, eval loss: [NA]
Epoch: 22, loss: 10.05690800666809, eval loss: [NA]
Epoch: 23, loss: 10.081826152801513, eval loss: [NA]
Epoch: 24, loss: 10.068570704460145, eval loss: [NA]
Epoch: 25, loss: 10.060355978012085, eval loss: [NA]
Epoch: 26, loss: 10.065817484855652, eval loss: [NA]
Epoch: 27, loss: 10.068717169761658, eval loss: [NA]
Epoch: 28, loss: 10.061753582954406, eval loss: [NA]
Epoch: 29, loss: 10.047132511138916, eval loss: [NA]
start update posterior model
Epoch: 0, loss: 11.059399509429932, eval loss: [NA]
Epoch: 1, loss: 11.04738516330719, eval loss: [NA]
Epoch: 2, loss: 11.046921916007996, eval loss: [NA]
Epoch: 3, loss: 11.05101312160492, eval loss: [NA]
Epoch: 4, loss: 11.046745896339417, eval loss: [NA]
Epoch: 5, loss: 11.035721654891967, eval loss: [NA]
Epoch: 6, loss: 11.039527173042297, eval loss: [NA]
Epoch: 7, loss: 11.037916264533997, eval loss: [NA]
Epoch: 8, loss: 11.032138557434083, eval loss: [NA]
Epoch: 9, loss: 11.039500665664672, eval loss: [NA]
Epoch: 10, loss: 11.043598442077636, eval loss: [NA]
Epoch: 11, loss: 11.042703065872193, eval loss: [NA]
Epoch: 12, loss: 11.040995388031005, eval loss: [NA]
Epoch: 13, loss: 11.034900579452515, eval loss: [NA]
Epoch: 14, loss: 11.04201524734497, eval loss: [NA]
Epoch: 15, loss: 11.047084937095642, eval loss: [NA]
Epoch: 16, loss: 11.040442891120911, eval loss: [NA]
Epoch: 17, loss: 11.037973909378051, eval loss: [NA]
Epoch: 18, loss: 11.033189520835876, eval loss: [NA]
Epoch: 19, loss: 11.036795182228088, eval loss: [NA]
Epoch: 20, loss: 11.03664722919464, eval loss: [NA]
Epoch: 21, loss: 11.032184500694274, eval loss: [NA]
Epoch: 22, loss: 11.034283266067504, eval loss: [NA]
Epoch: 23, loss: 11.035553178787232, eval loss: [NA]
Epoch: 24, loss: 11.039322652816772, eval loss: [NA]
Epoch: 25, loss: 11.040931663513184, eval loss: [NA]
Epoch: 26, loss: 11.043982100486755, eval loss: [NA]
Epoch: 27, loss: 11.0330597782135, eval loss: [NA]
Epoch: 28, loss: 11.034026927947998, eval loss: [NA]
Epoch: 29, loss: 11.034428296089173, eval loss: [NA]
Iteration: 3
start update likelihood model
Epoch: 0, loss: 10.143438200950623, eval loss: [NA]
Epoch: 1, loss: 10.109176230430602, eval loss: [NA]
Epoch: 2, loss: 10.116207089424133, eval loss: [NA]
Epoch: 3, loss: 10.10206636428833, eval loss: [NA]
Epoch: 4, loss: 10.08908212184906, eval loss: [NA]
Epoch: 5, loss: 10.096374745368957, eval loss: [NA]
Epoch: 6, loss: 10.101931419372558, eval loss: [NA]
Epoch: 7, loss: 10.094350061416627, eval loss: [NA]
Epoch: 8, loss: 10.082926077842712, eval loss: [NA]
Epoch: 9, loss: 10.073702573776245, eval loss: [NA]
Epoch: 10, loss: 10.074800357818603, eval loss: [NA]
Epoch: 11, loss: 10.079068927764892, eval loss: [NA]
Epoch: 12, loss: 10.073339748382569, eval loss: [NA]
Epoch: 13, loss: 10.083098359107971, eval loss: [NA]
Epoch: 14, loss: 10.076679019927978, eval loss: [NA]
Epoch: 15, loss: 10.065918703079223, eval loss: [NA]
Epoch: 16, loss: 10.070143909454346, eval loss: [NA]
Epoch: 17, loss: 10.070814933776855, eval loss: [NA]
Epoch: 18, loss: 10.058968024253845, eval loss: [NA]
Epoch: 19, loss: 10.062736573219299, eval loss: [NA]
Epoch: 20, loss: 10.056349458694458, eval loss: [NA]
Epoch: 21, loss: 10.076257939338683, eval loss: [NA]
Epoch: 22, loss: 10.059844512939453, eval loss: [NA]
Epoch: 23, loss: 10.054871888160706, eval loss: [NA]
Epoch: 24, loss: 10.050633254051208, eval loss: [NA]
Epoch: 25, loss: 10.046000986099243, eval loss: [NA]
Epoch: 26, loss: 10.059330806732177, eval loss: [NA]
Epoch: 27, loss: 10.04345232963562, eval loss: [NA]
Epoch: 28, loss: 10.055337567329406, eval loss: [NA]
Epoch: 29, loss: 10.047118496894836, eval loss: [NA]
start update posterior model
Epoch: 0, loss: 11.12343897819519, eval loss: [NA]
Epoch: 1, loss: 11.119689559936523, eval loss: [NA]
Epoch: 2, loss: 11.118901042938232, eval loss: [NA]
Epoch: 3, loss: 11.117040033340453, eval loss: [NA]
Epoch: 4, loss: 11.128591289520264, eval loss: [NA]
Epoch: 5, loss: 11.120310935974121, eval loss: [NA]
Epoch: 6, loss: 11.116807971000672, eval loss: [NA]
Epoch: 7, loss: 11.119566535949707, eval loss: [NA]
Epoch: 8, loss: 11.121914091110229, eval loss: [NA]
Epoch: 9, loss: 11.120347414016724, eval loss: [NA]
Epoch: 10, loss: 11.116953358650207, eval loss: [NA]
Epoch: 11, loss: 11.11490870475769, eval loss: [NA]
Epoch: 12, loss: 11.126125807762145, eval loss: [NA]
Epoch: 13, loss: 11.121443758010864, eval loss: [NA]
Epoch: 14, loss: 11.124908418655396, eval loss: [NA]
Epoch: 15, loss: 11.117156624794006, eval loss: [NA]
Epoch: 16, loss: 11.115590710639953, eval loss: [NA]
Epoch: 17, loss: 11.117834029197693, eval loss: [NA]
Epoch: 18, loss: 11.11606086730957, eval loss: [NA]
Epoch: 19, loss: 11.12022849559784, eval loss: [NA]
Epoch: 20, loss: 11.115336890220641, eval loss: [NA]
Epoch: 21, loss: 11.117619757652283, eval loss: [NA]
Epoch: 22, loss: 11.113918828964234, eval loss: [NA]
Epoch: 23, loss: 11.116596269607545, eval loss: [NA]
Epoch: 24, loss: 11.112699742317199, eval loss: [NA]
Epoch: 25, loss: 11.113474164009094, eval loss: [NA]
Epoch: 26, loss: 11.119810471534729, eval loss: [NA]
Epoch: 27, loss: 11.115551314353944, eval loss: [NA]
Epoch: 28, loss: 11.119597101211548, eval loss: [NA]
Epoch: 29, loss: 11.11164716720581, eval loss: [NA]
Iteration: 4
start update likelihood model
Epoch: 0, loss: 10.090068426132202, eval loss: [NA]
Epoch: 1, loss: 10.075297050476074, eval loss: [NA]
Epoch: 2, loss: 10.073269190788269, eval loss: [NA]
Epoch: 3, loss: 10.068875279426575, eval loss: [NA]
Epoch: 4, loss: 10.057812480926513, eval loss: [NA]
Epoch: 5, loss: 10.060863695144654, eval loss: [NA]
Epoch: 6, loss: 10.057537112236023, eval loss: [NA]
Epoch: 7, loss: 10.050510969161987, eval loss: [NA]
Epoch: 8, loss: 10.059230222702027, eval loss: [NA]
Epoch: 9, loss: 10.048439230918884, eval loss: [NA]
Epoch: 10, loss: 10.047982988357544, eval loss: [NA]
Epoch: 11, loss: 10.048769907951355, eval loss: [NA]
Epoch: 12, loss: 10.035916233062744, eval loss: [NA]
Epoch: 13, loss: 10.04120728969574, eval loss: [NA]
Epoch: 14, loss: 10.037362551689148, eval loss: [NA]
Epoch: 15, loss: 10.045119547843933, eval loss: [NA]
Epoch: 16, loss: 10.03880524635315, eval loss: [NA]
Epoch: 17, loss: 10.039172940254211, eval loss: [NA]
Epoch: 18, loss: 10.031300234794617, eval loss: [NA]
Epoch: 19, loss: 10.035866537094115, eval loss: [NA]
Epoch: 20, loss: 10.032617268562317, eval loss: [NA]
Epoch: 21, loss: 10.030571212768555, eval loss: [NA]
Epoch: 22, loss: 10.023556175231933, eval loss: [NA]
Epoch: 23, loss: 10.023461837768554, eval loss: [NA]
Epoch: 24, loss: 10.022891874313354, eval loss: [NA]
Epoch: 25, loss: 10.01463532447815, eval loss: [NA]
Epoch: 26, loss: 10.021223120689392, eval loss: [NA]
Epoch: 27, loss: 10.020440483093262, eval loss: [NA]
Epoch: 28, loss: 10.01764178276062, eval loss: [NA]
Epoch: 29, loss: 10.011178784370422, eval loss: [NA]
start update posterior model
Epoch: 0, loss: 10.742448830604554, eval loss: [NA]
Epoch: 1, loss: 10.7428861951828, eval loss: [NA]
Epoch: 2, loss: 10.738882718086243, eval loss: [NA]
Epoch: 3, loss: 10.740982117652893, eval loss: [NA]
Epoch: 4, loss: 10.744116506576539, eval loss: [NA]
Epoch: 5, loss: 10.740762491226196, eval loss: [NA]
Epoch: 6, loss: 10.741968154907227, eval loss: [NA]
Epoch: 7, loss: 10.747322206497193, eval loss: [NA]
Epoch: 8, loss: 10.74167929172516, eval loss: [NA]
Epoch: 9, loss: 10.73769317626953, eval loss: [NA]
Epoch: 10, loss: 10.739259314537048, eval loss: [NA]
Epoch: 11, loss: 10.737849354743958, eval loss: [NA]
Epoch: 12, loss: 10.74204387664795, eval loss: [NA]
Epoch: 13, loss: 10.741910209655762, eval loss: [NA]
Epoch: 14, loss: 10.736679010391235, eval loss: [NA]
Epoch: 15, loss: 10.73784017086029, eval loss: [NA]
Epoch: 16, loss: 10.739278435707092, eval loss: [NA]
Epoch: 17, loss: 10.740065784454346, eval loss: [NA]
Epoch: 18, loss: 10.73890115737915, eval loss: [NA]
Epoch: 19, loss: 10.74065519809723, eval loss: [NA]
Epoch: 20, loss: 10.73996223449707, eval loss: [NA]
Epoch: 21, loss: 10.73822648525238, eval loss: [NA]
Epoch: 22, loss: 10.738343663215637, eval loss: [NA]
Epoch: 23, loss: 10.746882705688476, eval loss: [NA]
Epoch: 24, loss: 10.739700574874878, eval loss: [NA]
Epoch: 25, loss: 10.740310778617859, eval loss: [NA]
Epoch: 26, loss: 10.739415702819825, eval loss: [NA]
Epoch: 27, loss: 10.740292129516602, eval loss: [NA]
Epoch: 28, loss: 10.740529880523681, eval loss: [NA]
Epoch: 29, loss: 10.737313580513, eval loss: [NA]

Runtime:558.4
[619.2057, 0.0677, 0.0318, 0.006]
[802625.625, 1.1607, 1.1413, 1.1947]
[666724215029760.0, 1.3924, 1.3937, 1.3974]
KL div untrained: 689.7532
KL div trained: 0.003
