Input args:
Dim: 2
seed: 4
seed_data: 10
/home/samwiq/spa/seq-posterior-approx-w-nf-dev/mv_gaussian/2d w 5 obs/lunarc
/home/samwiq/spa/seq-posterior-approx-w-nf-dev/mv_gaussian
tensor(1.7049e+17, grad_fn=<MeanBackward0>)
tensor(94187048., grad_fn=<MeanBackward0>)
tensor([ 2.1648e+05, -1.7427e+05,  9.0658e+08,  5.5014e+01,  1.0907e+07,
        -2.2507e+07,  6.8831e+04, -9.7584e+03,  5.1371e+05, -1.6655e+04],
       grad_fn=<MeanBackward1>)
tensor([3.3035e+06, 2.6591e+06, 2.8622e+10, 1.4394e+03, 1.3903e+08, 7.2409e+08,
        1.7462e+06, 1.7799e+05, 1.6233e+07, 5.2692e+05],
       grad_fn=<StdBackward1>)
tensor([-5.4795, -1.3369, -0.9523,  3.5409, -2.1759,  1.8250, -5.2685, -0.8735,
        -2.5820,  1.8081])
start full training
Iteration: 1
start update likelihood model
Epoch: 0, loss: 17.901628241539, eval loss: [NA]
Epoch: 1, loss: 12.416900277137756, eval loss: [NA]
Epoch: 2, loss: 10.974033975601197, eval loss: [NA]
Epoch: 3, loss: 10.540337896347046, eval loss: [NA]
Epoch: 4, loss: 10.425648956298827, eval loss: [NA]
Epoch: 5, loss: 10.358750023841857, eval loss: [NA]
Epoch: 6, loss: 10.334725360870362, eval loss: [NA]
Epoch: 7, loss: 10.28336863040924, eval loss: [NA]
Epoch: 8, loss: 10.30778248310089, eval loss: [NA]
Epoch: 9, loss: 10.28413143634796, eval loss: [NA]
Epoch: 10, loss: 10.241553630828857, eval loss: [NA]
Epoch: 11, loss: 10.222553071975709, eval loss: [NA]
Epoch: 12, loss: 10.23390145778656, eval loss: [NA]
Epoch: 13, loss: 10.201467385292053, eval loss: [NA]
Epoch: 14, loss: 10.223653597831726, eval loss: [NA]
Epoch: 15, loss: 10.219331068992615, eval loss: [NA]
Epoch: 16, loss: 10.195626282691956, eval loss: [NA]
Epoch: 17, loss: 10.207691831588745, eval loss: [NA]
Epoch: 18, loss: 10.18405300617218, eval loss: [NA]
Epoch: 19, loss: 10.194637222290039, eval loss: [NA]
Epoch: 20, loss: 10.176321558952331, eval loss: [NA]
Epoch: 21, loss: 10.187946090698242, eval loss: [NA]
Epoch: 22, loss: 10.182947163581849, eval loss: [NA]
Epoch: 23, loss: 10.165138053894044, eval loss: [NA]
Epoch: 24, loss: 10.173831110000611, eval loss: [NA]
start update posterior model from prior pred - hot start
Epoch: 0, loss: 2.384140617251396, eval loss: [NA]
Epoch: 1, loss: 0.9040277166664601, eval loss: [NA]
Epoch: 2, loss: 0.6366009585559368, eval loss: [NA]
Epoch: 3, loss: 0.5803922186046839, eval loss: [NA]
Epoch: 4, loss: 0.5734522044658661, eval loss: [NA]
start update posterior model
Epoch: 0, loss: 17.347012252807616, eval loss: [NA]
Epoch: 1, loss: 17.275490093231202, eval loss: [NA]
Epoch: 2, loss: 17.251082878112793, eval loss: [NA]
Epoch: 3, loss: 17.242438526153563, eval loss: [NA]
Epoch: 4, loss: 17.239634714126588, eval loss: [NA]
Epoch: 5, loss: 17.260518255233766, eval loss: [NA]
Epoch: 6, loss: 17.267566318511964, eval loss: [NA]
Epoch: 7, loss: 17.260818433761596, eval loss: [NA]
Epoch: 8, loss: 17.274389848709106, eval loss: [NA]
Epoch: 9, loss: 17.226356592178345, eval loss: [NA]
Epoch: 10, loss: 17.228818464279176, eval loss: [NA]
Epoch: 11, loss: 17.24030478477478, eval loss: [NA]
Epoch: 12, loss: 17.235836973190306, eval loss: [NA]
Epoch: 13, loss: 17.231919803619384, eval loss: [NA]
Epoch: 14, loss: 17.246648836135865, eval loss: [NA]
Epoch: 15, loss: 17.230115365982055, eval loss: [NA]
Epoch: 16, loss: 17.245672979354858, eval loss: [NA]
Epoch: 17, loss: 17.220070390701295, eval loss: [NA]
Epoch: 18, loss: 17.243457355499267, eval loss: [NA]
Epoch: 19, loss: 17.23615746498108, eval loss: [NA]
Epoch: 20, loss: 17.23795313835144, eval loss: [NA]
Epoch: 21, loss: 17.24616000175476, eval loss: [NA]
Epoch: 22, loss: 17.22750499725342, eval loss: [NA]
Epoch: 23, loss: 17.23649827003479, eval loss: [NA]
Epoch: 24, loss: 17.23054612159729, eval loss: [NA]
Epoch: 25, loss: 17.226958322525025, eval loss: [NA]
Epoch: 26, loss: 17.240499210357665, eval loss: [NA]
Epoch: 27, loss: 17.23144441604614, eval loss: [NA]
Epoch: 28, loss: 17.223294181823732, eval loss: [NA]
Epoch: 29, loss: 17.226070213317872, eval loss: [NA]
Iteration: 2
start update likelihood model
Epoch: 0, loss: 10.256397376060486, eval loss: [NA]
Epoch: 1, loss: 10.219000306129455, eval loss: [NA]
Epoch: 2, loss: 10.199282650947572, eval loss: [NA]
Epoch: 3, loss: 10.172348446846009, eval loss: [NA]
Epoch: 4, loss: 10.184187412261963, eval loss: [NA]
Epoch: 5, loss: 10.168830971717835, eval loss: [NA]
Epoch: 6, loss: 10.18179452419281, eval loss: [NA]
Epoch: 7, loss: 10.183120765686034, eval loss: [NA]
Epoch: 8, loss: 10.176774349212646, eval loss: [NA]
Epoch: 9, loss: 10.171321878433227, eval loss: [NA]
Epoch: 10, loss: 10.147433514595031, eval loss: [NA]
Epoch: 11, loss: 10.153079710006715, eval loss: [NA]
Epoch: 12, loss: 10.164835596084595, eval loss: [NA]
Epoch: 13, loss: 10.150472025871277, eval loss: [NA]
Epoch: 14, loss: 10.172929649353028, eval loss: [NA]
Epoch: 15, loss: 10.165498452186585, eval loss: [NA]
Epoch: 16, loss: 10.155789322853089, eval loss: [NA]
Epoch: 17, loss: 10.140451431274414, eval loss: [NA]
Epoch: 18, loss: 10.164317979812623, eval loss: [NA]
Epoch: 19, loss: 10.142871108055115, eval loss: [NA]
Epoch: 20, loss: 10.153067455291747, eval loss: [NA]
Epoch: 21, loss: 10.136586837768554, eval loss: [NA]
Epoch: 22, loss: 10.156141185760498, eval loss: [NA]
Epoch: 23, loss: 10.135443687438965, eval loss: [NA]
Epoch: 24, loss: 10.140624389648437, eval loss: [NA]
Epoch: 25, loss: 10.12353051662445, eval loss: [NA]
Epoch: 26, loss: 10.128221807479859, eval loss: [NA]
Epoch: 27, loss: 10.123341116905213, eval loss: [NA]
Epoch: 28, loss: 10.11846408367157, eval loss: [NA]
Epoch: 29, loss: 10.128712635040284, eval loss: [NA]
start update posterior model
Epoch: 0, loss: 16.237805042266846, eval loss: [NA]
Epoch: 1, loss: 16.224691610336304, eval loss: [NA]
Epoch: 2, loss: 16.22809700012207, eval loss: [NA]
Epoch: 3, loss: 16.23017833709717, eval loss: [NA]
Epoch: 4, loss: 16.233688526153564, eval loss: [NA]
Epoch: 5, loss: 16.23012716293335, eval loss: [NA]
Epoch: 6, loss: 16.225278577804566, eval loss: [NA]
Epoch: 7, loss: 16.222375478744507, eval loss: [NA]
Epoch: 8, loss: 16.226306009292603, eval loss: [NA]
Epoch: 9, loss: 16.227237157821655, eval loss: [NA]
Epoch: 10, loss: 16.23132131576538, eval loss: [NA]
Epoch: 11, loss: 16.222568883895875, eval loss: [NA]
Epoch: 12, loss: 16.22327712059021, eval loss: [NA]
Epoch: 13, loss: 16.224964485168456, eval loss: [NA]
Epoch: 14, loss: 16.236131191253662, eval loss: [NA]
Epoch: 15, loss: 16.22982238769531, eval loss: [NA]
Epoch: 16, loss: 16.22594084739685, eval loss: [NA]
Epoch: 17, loss: 16.237019653320313, eval loss: [NA]
Epoch: 18, loss: 16.22292681694031, eval loss: [NA]
Epoch: 19, loss: 16.222412796020507, eval loss: [NA]
Epoch: 20, loss: 16.224421663284303, eval loss: [NA]
Epoch: 21, loss: 16.22710129737854, eval loss: [NA]
Epoch: 22, loss: 16.221679306030275, eval loss: [NA]
Epoch: 23, loss: 16.2273521232605, eval loss: [NA]
Epoch: 24, loss: 16.219465827941896, eval loss: [NA]
Epoch: 25, loss: 16.232711000442507, eval loss: [NA]
Epoch: 26, loss: 16.22058259010315, eval loss: [NA]
Epoch: 27, loss: 16.219943075180055, eval loss: [NA]
Epoch: 28, loss: 16.225964498519897, eval loss: [NA]
Epoch: 29, loss: 16.23231855392456, eval loss: [NA]
Iteration: 3
start update likelihood model
Epoch: 0, loss: 10.174713973999024, eval loss: [NA]
Epoch: 1, loss: 10.15926619052887, eval loss: [NA]
Epoch: 2, loss: 10.143568735122681, eval loss: [NA]
Epoch: 3, loss: 10.138929595947266, eval loss: [NA]
Epoch: 4, loss: 10.137596831321716, eval loss: [NA]
Epoch: 5, loss: 10.13659739971161, eval loss: [NA]
Epoch: 6, loss: 10.153606977462768, eval loss: [NA]
Epoch: 7, loss: 10.122253484725952, eval loss: [NA]
Epoch: 8, loss: 10.129578995704652, eval loss: [NA]
Epoch: 9, loss: 10.111916551589966, eval loss: [NA]
Epoch: 10, loss: 10.123364644050598, eval loss: [NA]
Epoch: 11, loss: 10.121727747917175, eval loss: [NA]
Epoch: 12, loss: 10.116797151565551, eval loss: [NA]
Epoch: 13, loss: 10.09853024482727, eval loss: [NA]
Epoch: 14, loss: 10.114746322631836, eval loss: [NA]
Epoch: 15, loss: 10.123374423980714, eval loss: [NA]
Epoch: 16, loss: 10.12138529777527, eval loss: [NA]
Epoch: 17, loss: 10.104447083473206, eval loss: [NA]
Epoch: 18, loss: 10.107395725250244, eval loss: [NA]
Epoch: 19, loss: 10.108876852989196, eval loss: [NA]
Epoch: 20, loss: 10.112442293167113, eval loss: [NA]
Epoch: 21, loss: 10.092454504966735, eval loss: [NA]
Epoch: 22, loss: 10.099386506080627, eval loss: [NA]
Epoch: 23, loss: 10.097194409370422, eval loss: [NA]
Epoch: 24, loss: 10.097595205307007, eval loss: [NA]
Epoch: 25, loss: 10.111503562927247, eval loss: [NA]
Epoch: 26, loss: 10.0941100025177, eval loss: [NA]
Epoch: 27, loss: 10.100603485107422, eval loss: [NA]
Epoch: 28, loss: 10.087934522628784, eval loss: [NA]
Epoch: 29, loss: 10.082997860908508, eval loss: [NA]
start update posterior model
Epoch: 0, loss: 16.540454072952272, eval loss: [NA]
Epoch: 1, loss: 16.54736618041992, eval loss: [NA]
Epoch: 2, loss: 16.53528744697571, eval loss: [NA]
Epoch: 3, loss: 16.53896869659424, eval loss: [NA]
Epoch: 4, loss: 16.537812099456787, eval loss: [NA]
Epoch: 5, loss: 16.53932421684265, eval loss: [NA]
Epoch: 6, loss: 16.547106075286866, eval loss: [NA]
Epoch: 7, loss: 16.54851710319519, eval loss: [NA]
Epoch: 8, loss: 16.54045440673828, eval loss: [NA]
Epoch: 9, loss: 16.535848264694213, eval loss: [NA]
Epoch: 10, loss: 16.54216883659363, eval loss: [NA]
Epoch: 11, loss: 16.540320100784303, eval loss: [NA]
Epoch: 12, loss: 16.535605754852295, eval loss: [NA]
Epoch: 13, loss: 16.53901191711426, eval loss: [NA]
Epoch: 14, loss: 16.540883255004882, eval loss: [NA]
Epoch: 15, loss: 16.53816135406494, eval loss: [NA]
Epoch: 16, loss: 16.53574001312256, eval loss: [NA]
Epoch: 17, loss: 16.542882261276244, eval loss: [NA]
Epoch: 18, loss: 16.539575634002684, eval loss: [NA]
Epoch: 19, loss: 16.537839622497557, eval loss: [NA]
Epoch: 20, loss: 16.537551336288452, eval loss: [NA]
Epoch: 21, loss: 16.535011253356934, eval loss: [NA]
Epoch: 22, loss: 16.534201641082763, eval loss: [NA]
Epoch: 23, loss: 16.53332064628601, eval loss: [NA]
Epoch: 24, loss: 16.53059093475342, eval loss: [NA]
Epoch: 25, loss: 16.543426723480223, eval loss: [NA]
Epoch: 26, loss: 16.538312997817993, eval loss: [NA]
Epoch: 27, loss: 16.534956912994385, eval loss: [NA]
Epoch: 28, loss: 16.54118585586548, eval loss: [NA]
Epoch: 29, loss: 16.54022515296936, eval loss: [NA]
Iteration: 4
start update likelihood model
Epoch: 0, loss: 10.100217089653015, eval loss: [NA]
Epoch: 1, loss: 10.081884508132935, eval loss: [NA]
Epoch: 2, loss: 10.085466918945313, eval loss: [NA]
Epoch: 3, loss: 10.078825120925904, eval loss: [NA]
Epoch: 4, loss: 10.072888531684875, eval loss: [NA]
Epoch: 5, loss: 10.07816728591919, eval loss: [NA]
Epoch: 6, loss: 10.067887244224549, eval loss: [NA]
Epoch: 7, loss: 10.059211044311523, eval loss: [NA]
Epoch: 8, loss: 10.059310626983642, eval loss: [NA]
Epoch: 9, loss: 10.05922607421875, eval loss: [NA]
Epoch: 10, loss: 10.050187368392944, eval loss: [NA]
Epoch: 11, loss: 10.060520415306092, eval loss: [NA]
Epoch: 12, loss: 10.06131844520569, eval loss: [NA]
Epoch: 13, loss: 10.0576234292984, eval loss: [NA]
Epoch: 14, loss: 10.079505367279053, eval loss: [NA]
Epoch: 15, loss: 10.046525835990906, eval loss: [NA]
Epoch: 16, loss: 10.043309149742127, eval loss: [NA]
Epoch: 17, loss: 10.058350319862365, eval loss: [NA]
Epoch: 18, loss: 10.056404814720153, eval loss: [NA]
Epoch: 19, loss: 10.0525053024292, eval loss: [NA]
Epoch: 20, loss: 10.04511965751648, eval loss: [NA]
Epoch: 21, loss: 10.045914320945739, eval loss: [NA]
Epoch: 22, loss: 10.050203518867493, eval loss: [NA]
Epoch: 23, loss: 10.051564183235168, eval loss: [NA]
Epoch: 24, loss: 10.041598520278932, eval loss: [NA]
Epoch: 25, loss: 10.041860284805297, eval loss: [NA]
Epoch: 26, loss: 10.04723370552063, eval loss: [NA]
Epoch: 27, loss: 10.046081123352051, eval loss: [NA]
Epoch: 28, loss: 10.029615244865418, eval loss: [NA]
Epoch: 29, loss: 10.03561074733734, eval loss: [NA]
start update posterior model
Epoch: 0, loss: 16.84991602897644, eval loss: [NA]
Epoch: 1, loss: 16.84746169090271, eval loss: [NA]
Epoch: 2, loss: 16.855550365447996, eval loss: [NA]
Epoch: 3, loss: 16.84913890838623, eval loss: [NA]
Epoch: 4, loss: 16.846309337615967, eval loss: [NA]
Epoch: 5, loss: 16.856097621917726, eval loss: [NA]
Epoch: 6, loss: 16.843736209869384, eval loss: [NA]
Epoch: 7, loss: 16.845400505065918, eval loss: [NA]
Epoch: 8, loss: 16.84778422355652, eval loss: [NA]
Epoch: 9, loss: 16.84663579940796, eval loss: [NA]
Epoch: 10, loss: 16.84476516723633, eval loss: [NA]
Epoch: 11, loss: 16.854456739425657, eval loss: [NA]
Epoch: 12, loss: 16.860630416870116, eval loss: [NA]
Epoch: 13, loss: 16.84299229621887, eval loss: [NA]
Epoch: 14, loss: 16.84611541748047, eval loss: [NA]
Epoch: 15, loss: 16.851315088272095, eval loss: [NA]
Epoch: 16, loss: 16.843836860656737, eval loss: [NA]
Epoch: 17, loss: 16.843532485961916, eval loss: [NA]
Epoch: 18, loss: 16.85396077156067, eval loss: [NA]
Epoch: 19, loss: 16.839608325958253, eval loss: [NA]
Epoch: 20, loss: 16.847590036392212, eval loss: [NA]
Epoch: 21, loss: 16.84983649253845, eval loss: [NA]
Epoch: 22, loss: 16.84450860977173, eval loss: [NA]
Epoch: 23, loss: 16.84535934448242, eval loss: [NA]
Epoch: 24, loss: 16.84949737548828, eval loss: [NA]
Epoch: 25, loss: 16.851588106155397, eval loss: [NA]
Epoch: 26, loss: 16.84557523727417, eval loss: [NA]
Epoch: 27, loss: 16.844924802780152, eval loss: [NA]
Epoch: 28, loss: 16.843308477401735, eval loss: [NA]
Epoch: 29, loss: 16.84370958328247, eval loss: [NA]

Runtime:650.82
[3.623322218793654e+18, 0.0105, 0.0135, 0.0019]
[94187048.0, 1.8025, 1.8585, 1.8657]
[1.7048898451275776e+17, 1.3919, 1.3919, 1.4055]
KL div untrained: 5.221390087364604e+18
KL div trained: 0.0091
