Input args:
Dim: 2
seed: 7
seed_data: 10
/home/samwiq/snpla/seq-posterior-approx-w-nf-dev/mv_gaussian/2d w 5 obs/lunarc
/home/samwiq/snpla/seq-posterior-approx-w-nf-dev/mv_gaussian
tensor(1.0439e+10, grad_fn=<MeanBackward0>)
tensor(11180340., grad_fn=<MeanBackward0>)
tensor([ 3.1254e+07, -7.2120e+07, -4.3044e+06,  3.9579e+05,  4.6356e+05,
         2.8914e+04,  2.2047e+03, -3.2294e+03,  1.7545e+03, -7.2910e+01],
       grad_fn=<MeanBackward1>)
tensor([3.2326e+08, 5.5808e+08, 5.3545e+07, 2.2620e+07, 5.6582e+06, 3.4801e+05,
        2.4439e+04, 4.2196e+04, 2.1173e+04, 7.7340e+02],
       grad_fn=<StdBackward1>)
tensor([-0.5011,  1.8690,  0.7865,  2.4942,  1.6625,  3.4749, -0.7470,  1.7802,
        -0.1656,  1.3073])
start full training
Iteration: 1
start update likelihood model
Epoch: 0, loss: 17.59478147983551, eval loss: [NA]
Epoch: 1, loss: 12.347410178184509, eval loss: [NA]
Epoch: 2, loss: 10.893347187042236, eval loss: [NA]
Epoch: 3, loss: 10.560518975257873, eval loss: [NA]
Epoch: 4, loss: 10.453216938972473, eval loss: [NA]
Epoch: 5, loss: 10.363150367736816, eval loss: [NA]
Epoch: 6, loss: 10.34731632232666, eval loss: [NA]
Epoch: 7, loss: 10.306407899856568, eval loss: [NA]
Epoch: 8, loss: 10.298551411628724, eval loss: [NA]
Epoch: 9, loss: 10.288726706504821, eval loss: [NA]
Epoch: 10, loss: 10.292346382141114, eval loss: [NA]
Epoch: 11, loss: 10.259459509849549, eval loss: [NA]
Epoch: 12, loss: 10.260458998680114, eval loss: [NA]
Epoch: 13, loss: 10.222801432609558, eval loss: [NA]
Epoch: 14, loss: 10.238506450653077, eval loss: [NA]
Epoch: 15, loss: 10.223624458312988, eval loss: [NA]
Epoch: 16, loss: 10.218440222740174, eval loss: [NA]
Epoch: 17, loss: 10.245406136512756, eval loss: [NA]
Epoch: 18, loss: 10.207900190353394, eval loss: [NA]
Epoch: 19, loss: 10.220135231018066, eval loss: [NA]
Epoch: 20, loss: 10.226362824440002, eval loss: [NA]
Epoch: 21, loss: 10.192719006538391, eval loss: [NA]
Epoch: 22, loss: 10.203355898857117, eval loss: [NA]
Epoch: 23, loss: 10.191275939941406, eval loss: [NA]
Epoch: 24, loss: 10.197533130645752, eval loss: [NA]
start update posterior model from prior pred - hot start
Epoch: 0, loss: 2.1410295593738558, eval loss: [NA]
Epoch: 1, loss: 0.8931772384047508, eval loss: [NA]
Epoch: 2, loss: 0.6780043795704842, eval loss: [NA]
Epoch: 3, loss: 0.5629118092358112, eval loss: [NA]
Epoch: 4, loss: 0.5438275632262229, eval loss: [NA]
start update posterior model
Epoch: 0, loss: 14.334517030715942, eval loss: [NA]
Epoch: 1, loss: 14.290237283706665, eval loss: [NA]
Epoch: 2, loss: 14.301539587974549, eval loss: [NA]
Epoch: 3, loss: 14.297942447662354, eval loss: [NA]
Epoch: 4, loss: 14.282467956542968, eval loss: [NA]
Epoch: 5, loss: 14.28102366924286, eval loss: [NA]
Epoch: 6, loss: 14.286255340576172, eval loss: [NA]
Epoch: 7, loss: 14.278779697418212, eval loss: [NA]
Epoch: 8, loss: 14.28292986869812, eval loss: [NA]
Epoch: 9, loss: 14.287286248207092, eval loss: [NA]
Epoch: 10, loss: 14.281881160736084, eval loss: [NA]
Epoch: 11, loss: 14.29234850883484, eval loss: [NA]
Epoch: 12, loss: 14.276958384513854, eval loss: [NA]
Epoch: 13, loss: 14.280789942741395, eval loss: [NA]
Epoch: 14, loss: 14.278100304603576, eval loss: [NA]
Epoch: 15, loss: 14.279496712684631, eval loss: [NA]
Epoch: 16, loss: 14.27356101512909, eval loss: [NA]
Epoch: 17, loss: 14.27981939315796, eval loss: [NA]
Epoch: 18, loss: 14.279158720970154, eval loss: [NA]
Epoch: 19, loss: 14.281207027435302, eval loss: [NA]
Epoch: 20, loss: 14.281175241470336, eval loss: [NA]
Epoch: 21, loss: 14.279944996833802, eval loss: [NA]
Epoch: 22, loss: 14.279489583969116, eval loss: [NA]
Epoch: 23, loss: 14.280320806503296, eval loss: [NA]
Epoch: 24, loss: 14.274824256896972, eval loss: [NA]
Epoch: 25, loss: 14.283432445526124, eval loss: [NA]
Epoch: 26, loss: 14.274834623336792, eval loss: [NA]
Epoch: 27, loss: 14.283061099052428, eval loss: [NA]
Epoch: 28, loss: 14.276714186668396, eval loss: [NA]
Epoch: 29, loss: 14.273095030784607, eval loss: [NA]
Iteration: 2
start update likelihood model
Epoch: 0, loss: 10.161129417419433, eval loss: [NA]
Epoch: 1, loss: 10.120235571861267, eval loss: [NA]
Epoch: 2, loss: 10.14266134262085, eval loss: [NA]
Epoch: 3, loss: 10.141046872138977, eval loss: [NA]
Epoch: 4, loss: 10.118181180953979, eval loss: [NA]
Epoch: 5, loss: 10.124141821861267, eval loss: [NA]
Epoch: 6, loss: 10.133769912719726, eval loss: [NA]
Epoch: 7, loss: 10.122241291999817, eval loss: [NA]
Epoch: 8, loss: 10.117937235832214, eval loss: [NA]
Epoch: 9, loss: 10.115469436645508, eval loss: [NA]
Epoch: 10, loss: 10.115720901489258, eval loss: [NA]
Epoch: 11, loss: 10.11256103515625, eval loss: [NA]
Epoch: 12, loss: 10.116912536621093, eval loss: [NA]
Epoch: 13, loss: 10.119263396263122, eval loss: [NA]
Epoch: 14, loss: 10.10714786529541, eval loss: [NA]
Epoch: 15, loss: 10.112523398399354, eval loss: [NA]
Epoch: 16, loss: 10.103008041381836, eval loss: [NA]
Epoch: 17, loss: 10.109508113861084, eval loss: [NA]
Epoch: 18, loss: 10.092265982627868, eval loss: [NA]
Epoch: 19, loss: 10.099943323135376, eval loss: [NA]
Epoch: 20, loss: 10.101555695533753, eval loss: [NA]
Epoch: 21, loss: 10.106544222831726, eval loss: [NA]
Epoch: 22, loss: 10.09924644947052, eval loss: [NA]
Epoch: 23, loss: 10.101376967430115, eval loss: [NA]
Epoch: 24, loss: 10.099384088516235, eval loss: [NA]
Epoch: 25, loss: 10.095048298835755, eval loss: [NA]
Epoch: 26, loss: 10.081765217781067, eval loss: [NA]
Epoch: 27, loss: 10.084213271141053, eval loss: [NA]
Epoch: 28, loss: 10.08991720199585, eval loss: [NA]
Epoch: 29, loss: 10.07798602104187, eval loss: [NA]
start update posterior model
Epoch: 0, loss: 14.076202993392945, eval loss: [NA]
Epoch: 1, loss: 14.058626718521118, eval loss: [NA]
Epoch: 2, loss: 14.056353368759154, eval loss: [NA]
Epoch: 3, loss: 14.058203854560851, eval loss: [NA]
Epoch: 4, loss: 14.059779620170593, eval loss: [NA]
Epoch: 5, loss: 14.05397533416748, eval loss: [NA]
Epoch: 6, loss: 14.058649244308471, eval loss: [NA]
Epoch: 7, loss: 14.05638665676117, eval loss: [NA]
Epoch: 8, loss: 14.056291689872742, eval loss: [NA]
Epoch: 9, loss: 14.062233529090882, eval loss: [NA]
Epoch: 10, loss: 14.058667540550232, eval loss: [NA]
Epoch: 11, loss: 14.058557448387146, eval loss: [NA]
Epoch: 12, loss: 14.058744168281555, eval loss: [NA]
Epoch: 13, loss: 14.058434224128723, eval loss: [NA]
Epoch: 14, loss: 14.05527976989746, eval loss: [NA]
Epoch: 15, loss: 14.0520965051651, eval loss: [NA]
Epoch: 16, loss: 14.058922448158263, eval loss: [NA]
Epoch: 17, loss: 14.054333367347716, eval loss: [NA]
Epoch: 18, loss: 14.057653288841248, eval loss: [NA]
Epoch: 19, loss: 14.051803526878357, eval loss: [NA]
Epoch: 20, loss: 14.054832067489624, eval loss: [NA]
Epoch: 21, loss: 14.05989233970642, eval loss: [NA]
Epoch: 22, loss: 14.061755337715148, eval loss: [NA]
Epoch: 23, loss: 14.060591449737549, eval loss: [NA]
Epoch: 24, loss: 14.061440329551697, eval loss: [NA]
Epoch: 25, loss: 14.058637475967407, eval loss: [NA]
Epoch: 26, loss: 14.056092157363892, eval loss: [NA]
Epoch: 27, loss: 14.05541410446167, eval loss: [NA]
Epoch: 28, loss: 14.055942664146423, eval loss: [NA]
Epoch: 29, loss: 14.050920062065124, eval loss: [NA]
Iteration: 3
start update likelihood model
Epoch: 0, loss: 10.131281471252441, eval loss: [NA]
Epoch: 1, loss: 10.090048828125, eval loss: [NA]
Epoch: 2, loss: 10.09172142982483, eval loss: [NA]
Epoch: 3, loss: 10.09341046333313, eval loss: [NA]
Epoch: 4, loss: 10.083740520477296, eval loss: [NA]
Epoch: 5, loss: 10.079458479881287, eval loss: [NA]
Epoch: 6, loss: 10.082107710838319, eval loss: [NA]
Epoch: 7, loss: 10.07785321712494, eval loss: [NA]
Epoch: 8, loss: 10.086307411193848, eval loss: [NA]
Epoch: 9, loss: 10.07308662891388, eval loss: [NA]
Epoch: 10, loss: 10.0645685338974, eval loss: [NA]
Epoch: 11, loss: 10.063953323364258, eval loss: [NA]
Epoch: 12, loss: 10.071034798622131, eval loss: [NA]
Epoch: 13, loss: 10.065232367515565, eval loss: [NA]
Epoch: 14, loss: 10.060424246788024, eval loss: [NA]
Epoch: 15, loss: 10.059250655174255, eval loss: [NA]
Epoch: 16, loss: 10.058135819435119, eval loss: [NA]
Epoch: 17, loss: 10.060251188278198, eval loss: [NA]
Epoch: 18, loss: 10.050179653167724, eval loss: [NA]
Epoch: 19, loss: 10.055557503700257, eval loss: [NA]
Epoch: 20, loss: 10.056517333984376, eval loss: [NA]
Epoch: 21, loss: 10.039964928627015, eval loss: [NA]
Epoch: 22, loss: 10.04699734210968, eval loss: [NA]
Epoch: 23, loss: 10.061941614151001, eval loss: [NA]
Epoch: 24, loss: 10.045669932365417, eval loss: [NA]
Epoch: 25, loss: 10.049941401481629, eval loss: [NA]
Epoch: 26, loss: 10.045546569824218, eval loss: [NA]
Epoch: 27, loss: 10.041705598831177, eval loss: [NA]
Epoch: 28, loss: 10.042682709693908, eval loss: [NA]
Epoch: 29, loss: 10.03875590801239, eval loss: [NA]
start update posterior model
Epoch: 0, loss: 13.47733163356781, eval loss: [NA]
Epoch: 1, loss: 13.476505432128906, eval loss: [NA]
Epoch: 2, loss: 13.475889024734498, eval loss: [NA]
Epoch: 3, loss: 13.47162519454956, eval loss: [NA]
Epoch: 4, loss: 13.470564284324645, eval loss: [NA]
Epoch: 5, loss: 13.47409698009491, eval loss: [NA]
Epoch: 6, loss: 13.473856959342957, eval loss: [NA]
Epoch: 7, loss: 13.469349126815796, eval loss: [NA]
Epoch: 8, loss: 13.469303069114686, eval loss: [NA]
Epoch: 9, loss: 13.478438386917114, eval loss: [NA]
Epoch: 10, loss: 13.471502041816711, eval loss: [NA]
Epoch: 11, loss: 13.471654376983643, eval loss: [NA]
Epoch: 12, loss: 13.46983024597168, eval loss: [NA]
Epoch: 13, loss: 13.471127285957337, eval loss: [NA]
Epoch: 14, loss: 13.473200621604919, eval loss: [NA]
Epoch: 15, loss: 13.472684831619263, eval loss: [NA]
Epoch: 16, loss: 13.476644768714905, eval loss: [NA]
Epoch: 17, loss: 13.471935973167419, eval loss: [NA]
Epoch: 18, loss: 13.468323240280151, eval loss: [NA]
Epoch: 19, loss: 13.466297569274902, eval loss: [NA]
Epoch: 20, loss: 13.469543871879578, eval loss: [NA]
Epoch: 21, loss: 13.474850392341613, eval loss: [NA]
Epoch: 22, loss: 13.471642575263978, eval loss: [NA]
Epoch: 23, loss: 13.470353507995606, eval loss: [NA]
Epoch: 24, loss: 13.47151099205017, eval loss: [NA]
Epoch: 25, loss: 13.468415007591247, eval loss: [NA]
Epoch: 26, loss: 13.466715803146363, eval loss: [NA]
Epoch: 27, loss: 13.468706798553466, eval loss: [NA]
Epoch: 28, loss: 13.471166796684265, eval loss: [NA]
Epoch: 29, loss: 13.467455673217774, eval loss: [NA]
Iteration: 4
start update likelihood model
Epoch: 0, loss: 10.099922523498535, eval loss: [NA]
Epoch: 1, loss: 10.085840020179749, eval loss: [NA]
Epoch: 2, loss: 10.070682601928711, eval loss: [NA]
Epoch: 3, loss: 10.071829023361206, eval loss: [NA]
Epoch: 4, loss: 10.066940970420838, eval loss: [NA]
Epoch: 5, loss: 10.071081347465515, eval loss: [NA]
Epoch: 6, loss: 10.066951422691345, eval loss: [NA]
Epoch: 7, loss: 10.064331669807434, eval loss: [NA]
Epoch: 8, loss: 10.05734375, eval loss: [NA]
Epoch: 9, loss: 10.05869204044342, eval loss: [NA]
Epoch: 10, loss: 10.057746315002442, eval loss: [NA]
Epoch: 11, loss: 10.061075296401977, eval loss: [NA]
Epoch: 12, loss: 10.05825523853302, eval loss: [NA]
Epoch: 13, loss: 10.046170520782471, eval loss: [NA]
Epoch: 14, loss: 10.045253505706787, eval loss: [NA]
Epoch: 15, loss: 10.052092671394348, eval loss: [NA]
Epoch: 16, loss: 10.055207142829895, eval loss: [NA]
Epoch: 17, loss: 10.043722434043884, eval loss: [NA]
Epoch: 18, loss: 10.05705937385559, eval loss: [NA]
Epoch: 19, loss: 10.05497697353363, eval loss: [NA]
Epoch: 20, loss: 10.04564799308777, eval loss: [NA]
Epoch: 21, loss: 10.039052567481995, eval loss: [NA]
Epoch: 22, loss: 10.041728539466858, eval loss: [NA]
Epoch: 23, loss: 10.03326382637024, eval loss: [NA]
Epoch: 24, loss: 10.038997373580933, eval loss: [NA]
Epoch: 25, loss: 10.03404923915863, eval loss: [NA]
Epoch: 26, loss: 10.034476656913757, eval loss: [NA]
Epoch: 27, loss: 10.02574411869049, eval loss: [NA]
Epoch: 28, loss: 10.026243653297424, eval loss: [NA]
Epoch: 29, loss: 10.024670686721802, eval loss: [NA]
start update posterior model
Epoch: 0, loss: 13.87696886062622, eval loss: [NA]
Epoch: 1, loss: 13.872784352302551, eval loss: [NA]
Epoch: 2, loss: 13.870324444770812, eval loss: [NA]
Epoch: 3, loss: 13.871662392616273, eval loss: [NA]
Epoch: 4, loss: 13.869594221115113, eval loss: [NA]
Epoch: 5, loss: 13.871564569473266, eval loss: [NA]
Epoch: 6, loss: 13.87069281578064, eval loss: [NA]
Epoch: 7, loss: 13.87039674282074, eval loss: [NA]
Epoch: 8, loss: 13.868181853294372, eval loss: [NA]
Epoch: 9, loss: 13.869174089431763, eval loss: [NA]
Epoch: 10, loss: 13.870661058425902, eval loss: [NA]
Epoch: 11, loss: 13.8687956905365, eval loss: [NA]
Epoch: 12, loss: 13.868150115013123, eval loss: [NA]
Epoch: 13, loss: 13.873254837989807, eval loss: [NA]
Epoch: 14, loss: 13.866405415534974, eval loss: [NA]
Epoch: 15, loss: 13.86839626789093, eval loss: [NA]
Epoch: 16, loss: 13.868881549835205, eval loss: [NA]
Epoch: 17, loss: 13.866246256828308, eval loss: [NA]
Epoch: 18, loss: 13.872308588027954, eval loss: [NA]
Epoch: 19, loss: 13.87011239051819, eval loss: [NA]
Epoch: 20, loss: 13.869055128097534, eval loss: [NA]
Epoch: 21, loss: 13.870824270248413, eval loss: [NA]
Epoch: 22, loss: 13.86768711566925, eval loss: [NA]
Epoch: 23, loss: 13.872279047966003, eval loss: [NA]
Epoch: 24, loss: 13.865935754776, eval loss: [NA]
Epoch: 25, loss: 13.867867217063903, eval loss: [NA]
Epoch: 26, loss: 13.86658486366272, eval loss: [NA]
Epoch: 27, loss: 13.865714135169982, eval loss: [NA]
Epoch: 28, loss: 13.871757144927978, eval loss: [NA]
Epoch: 29, loss: 13.868250975608825, eval loss: [NA]

Runtime:592.62
[1.3243626202773882e+16, 0.0309, 0.0088, 0.0082]
[11180340.0, 1.2231, 1.2494, 1.2274]
[10438675456.0, 1.3805, 1.4001, 1.3799]
KL div untrained: 7543865639161056.0
KL div trained: 0.012
