Input args:
Dim: 2
seed: 8
seed_data: 10
/home/samwiq/snpla/seq-posterior-approx-w-nf-dev/mv_gaussian/2d w 5 obs/lunarc
/home/samwiq/snpla/seq-posterior-approx-w-nf-dev/mv_gaussian
tensor(1.5451e+11, grad_fn=<MeanBackward0>)
tensor(2.5347e+08, grad_fn=<MeanBackward0>)
tensor([-2.4765e+09, -4.9411e+05, -4.1450e+07, -5.3221e+06, -1.4788e+06,
         1.9763e+04, -2.3763e+02, -1.2810e+04, -4.1314e+03,  1.7582e+03],
       grad_fn=<MeanBackward1>)
tensor([4.9632e+10, 1.4478e+07, 8.2663e+08, 1.0787e+08, 3.0399e+07, 6.2310e+05,
        7.4170e+03, 3.2516e+05, 1.2255e+05, 4.6496e+04],
       grad_fn=<StdBackward1>)
tensor([ 0.9260, -2.9856,  1.1985, -2.0846, -0.1463, -3.8626,  0.4379, -3.0580,
        -1.1963, -4.4669])
start full training
Iteration: 1
start update likelihood model
Epoch: 0, loss: 18.444827580451964, eval loss: [NA]
Epoch: 1, loss: 12.497714204788208, eval loss: [NA]
Epoch: 2, loss: 10.818216943740845, eval loss: [NA]
Epoch: 3, loss: 10.514717316627502, eval loss: [NA]
Epoch: 4, loss: 10.408012900352478, eval loss: [NA]
Epoch: 5, loss: 10.340340008735657, eval loss: [NA]
Epoch: 6, loss: 10.314828472137451, eval loss: [NA]
Epoch: 7, loss: 10.288572816848754, eval loss: [NA]
Epoch: 8, loss: 10.295130476951599, eval loss: [NA]
Epoch: 9, loss: 10.289034676551818, eval loss: [NA]
Epoch: 10, loss: 10.247102169990539, eval loss: [NA]
Epoch: 11, loss: 10.239252634048462, eval loss: [NA]
Epoch: 12, loss: 10.23603666305542, eval loss: [NA]
Epoch: 13, loss: 10.214753184318543, eval loss: [NA]
Epoch: 14, loss: 10.192960453033447, eval loss: [NA]
Epoch: 15, loss: 10.210890574455261, eval loss: [NA]
Epoch: 16, loss: 10.20225329875946, eval loss: [NA]
Epoch: 17, loss: 10.224236545562745, eval loss: [NA]
Epoch: 18, loss: 10.202683968544006, eval loss: [NA]
Epoch: 19, loss: 10.177429265975952, eval loss: [NA]
Epoch: 20, loss: 10.177578501701355, eval loss: [NA]
Epoch: 21, loss: 10.19179678440094, eval loss: [NA]
Epoch: 22, loss: 10.176779141426087, eval loss: [NA]
Epoch: 23, loss: 10.174744796752929, eval loss: [NA]
Epoch: 24, loss: 10.187819123268127, eval loss: [NA]
start update posterior model
Epoch: 0, loss: 118685.01794173241, eval loss: [NA]
Epoch: 1, loss: 13.543155212402343, eval loss: [NA]
Epoch: 2, loss: 12.684156246185303, eval loss: [NA]
Epoch: 3, loss: 12.525434198379516, eval loss: [NA]
Epoch: 4, loss: 12.478781371116638, eval loss: [NA]
Epoch: 5, loss: 12.46161859035492, eval loss: [NA]
Epoch: 6, loss: 12.453135991096497, eval loss: [NA]
Epoch: 7, loss: 12.45074022769928, eval loss: [NA]
Epoch: 8, loss: 12.450388526916504, eval loss: [NA]
Epoch: 9, loss: 12.449878907203674, eval loss: [NA]
Epoch: 10, loss: 12.45038393497467, eval loss: [NA]
Epoch: 11, loss: 12.446412816047669, eval loss: [NA]
Epoch: 12, loss: 12.455805335044861, eval loss: [NA]
Epoch: 13, loss: 12.45408682346344, eval loss: [NA]
Epoch: 14, loss: 12.449459233283996, eval loss: [NA]
Epoch: 15, loss: 12.460522470474244, eval loss: [NA]
Epoch: 16, loss: 12.446954798698425, eval loss: [NA]
Epoch: 17, loss: 12.458021926879884, eval loss: [NA]
Epoch: 18, loss: 12.448340654373169, eval loss: [NA]
Epoch: 19, loss: 12.452689805030822, eval loss: [NA]
Epoch: 20, loss: 12.452400422096252, eval loss: [NA]
Epoch: 21, loss: 12.444270930290223, eval loss: [NA]
Epoch: 22, loss: 12.457796573638916, eval loss: [NA]
Epoch: 23, loss: 12.44800072669983, eval loss: [NA]
Epoch: 24, loss: 12.45029336452484, eval loss: [NA]
Epoch: 25, loss: 12.452556438446045, eval loss: [NA]
Epoch: 26, loss: 12.459787559509277, eval loss: [NA]
Epoch: 27, loss: 12.452955155372619, eval loss: [NA]
Epoch: 28, loss: 12.452278981208801, eval loss: [NA]
Epoch: 29, loss: 12.452938127517701, eval loss: [NA]
Iteration: 2
start update likelihood model
Epoch: 0, loss: 10.198837685585023, eval loss: [NA]
Epoch: 1, loss: 10.16985414981842, eval loss: [NA]
Epoch: 2, loss: 10.140672807693482, eval loss: [NA]
Epoch: 3, loss: 10.141497950553894, eval loss: [NA]
Epoch: 4, loss: 10.141625108718872, eval loss: [NA]
Epoch: 5, loss: 10.135711207389832, eval loss: [NA]
Epoch: 6, loss: 10.13504189491272, eval loss: [NA]
Epoch: 7, loss: 10.132850666046142, eval loss: [NA]
Epoch: 8, loss: 10.11505952835083, eval loss: [NA]
Epoch: 9, loss: 10.12675778388977, eval loss: [NA]
Epoch: 10, loss: 10.130602869987488, eval loss: [NA]
Epoch: 11, loss: 10.112921748161316, eval loss: [NA]
Epoch: 12, loss: 10.12486912727356, eval loss: [NA]
Epoch: 13, loss: 10.125489525794983, eval loss: [NA]
Epoch: 14, loss: 10.11087541103363, eval loss: [NA]
Epoch: 15, loss: 10.121206288337708, eval loss: [NA]
Epoch: 16, loss: 10.108582038879394, eval loss: [NA]
Epoch: 17, loss: 10.113531131744384, eval loss: [NA]
Epoch: 18, loss: 10.10050670146942, eval loss: [NA]
Epoch: 19, loss: 10.114847979545594, eval loss: [NA]
Epoch: 20, loss: 10.110373668670654, eval loss: [NA]
Epoch: 21, loss: 10.10461419582367, eval loss: [NA]
Epoch: 22, loss: 10.103485832214355, eval loss: [NA]
Epoch: 23, loss: 10.097782015800476, eval loss: [NA]
Epoch: 24, loss: 10.100970363616943, eval loss: [NA]
Epoch: 25, loss: 10.09942024230957, eval loss: [NA]
Epoch: 26, loss: 10.094484114646912, eval loss: [NA]
Epoch: 27, loss: 10.092930731773377, eval loss: [NA]
Epoch: 28, loss: 10.098958678245545, eval loss: [NA]
Epoch: 29, loss: 10.108263397216797, eval loss: [NA]
start update posterior model
Epoch: 0, loss: 12.533355603218078, eval loss: [NA]
Epoch: 1, loss: 12.526533308029174, eval loss: [NA]
Epoch: 2, loss: 12.517183585166931, eval loss: [NA]
Epoch: 3, loss: 12.520348520278931, eval loss: [NA]
Epoch: 4, loss: 12.519697947502136, eval loss: [NA]
Epoch: 5, loss: 12.524000864028931, eval loss: [NA]
Epoch: 6, loss: 12.533017873764038, eval loss: [NA]
Epoch: 7, loss: 12.532983503341676, eval loss: [NA]
Epoch: 8, loss: 12.516722311973572, eval loss: [NA]
Epoch: 9, loss: 12.515635795593262, eval loss: [NA]
Epoch: 10, loss: 12.514226274490357, eval loss: [NA]
Epoch: 11, loss: 12.520306611061097, eval loss: [NA]
Epoch: 12, loss: 12.522885241508483, eval loss: [NA]
Epoch: 13, loss: 12.516195797920227, eval loss: [NA]
Epoch: 14, loss: 12.514624733924865, eval loss: [NA]
Epoch: 15, loss: 12.52148973941803, eval loss: [NA]
Epoch: 16, loss: 12.51006314277649, eval loss: [NA]
Epoch: 17, loss: 12.512762560844422, eval loss: [NA]
Epoch: 18, loss: 12.513156170845031, eval loss: [NA]
Epoch: 19, loss: 12.529248900413513, eval loss: [NA]
Epoch: 20, loss: 12.52009861946106, eval loss: [NA]
Epoch: 21, loss: 12.519900527000427, eval loss: [NA]
Epoch: 22, loss: 12.515796394348145, eval loss: [NA]
Epoch: 23, loss: 12.517459568977356, eval loss: [NA]
Epoch: 24, loss: 12.511314272880554, eval loss: [NA]
Epoch: 25, loss: 12.513568868637085, eval loss: [NA]
Epoch: 26, loss: 12.51072561264038, eval loss: [NA]
Epoch: 27, loss: 12.519624853134156, eval loss: [NA]
Epoch: 28, loss: 12.518156847953797, eval loss: [NA]
Epoch: 29, loss: 12.51524121761322, eval loss: [NA]
Iteration: 3
start update likelihood model
Epoch: 0, loss: 10.160548667907715, eval loss: [NA]
Epoch: 1, loss: 10.131072950363158, eval loss: [NA]
Epoch: 2, loss: 10.12967212677002, eval loss: [NA]
Epoch: 3, loss: 10.118771891593934, eval loss: [NA]
Epoch: 4, loss: 10.113985514640808, eval loss: [NA]
Epoch: 5, loss: 10.123929243087769, eval loss: [NA]
Epoch: 6, loss: 10.11340503692627, eval loss: [NA]
Epoch: 7, loss: 10.102611255645751, eval loss: [NA]
Epoch: 8, loss: 10.119351048469543, eval loss: [NA]
Epoch: 9, loss: 10.106336526870727, eval loss: [NA]
Epoch: 10, loss: 10.09683922767639, eval loss: [NA]
Epoch: 11, loss: 10.098328719139099, eval loss: [NA]
Epoch: 12, loss: 10.10850332736969, eval loss: [NA]
Epoch: 13, loss: 10.103639006614685, eval loss: [NA]
Epoch: 14, loss: 10.100811567306518, eval loss: [NA]
Epoch: 15, loss: 10.088279280662537, eval loss: [NA]
Epoch: 16, loss: 10.094810066223145, eval loss: [NA]
Epoch: 17, loss: 10.095255250930785, eval loss: [NA]
Epoch: 18, loss: 10.089720730781556, eval loss: [NA]
Epoch: 19, loss: 10.094928889274597, eval loss: [NA]
Epoch: 20, loss: 10.085899882316589, eval loss: [NA]
Epoch: 21, loss: 10.071662588119507, eval loss: [NA]
Epoch: 22, loss: 10.087650227546693, eval loss: [NA]
Epoch: 23, loss: 10.088421535491943, eval loss: [NA]
Epoch: 24, loss: 10.08556363105774, eval loss: [NA]
Epoch: 25, loss: 10.078971705436707, eval loss: [NA]
Epoch: 26, loss: 10.073549394607545, eval loss: [NA]
Epoch: 27, loss: 10.07509087562561, eval loss: [NA]
Epoch: 28, loss: 10.063946251869202, eval loss: [NA]
Epoch: 29, loss: 10.070256004333496, eval loss: [NA]
start update posterior model
Epoch: 0, loss: 12.4809033203125, eval loss: [NA]
Epoch: 1, loss: 12.46818214416504, eval loss: [NA]
Epoch: 2, loss: 12.465187110900878, eval loss: [NA]
Epoch: 3, loss: 12.46633568763733, eval loss: [NA]
Epoch: 4, loss: 12.466888217926025, eval loss: [NA]
Epoch: 5, loss: 12.471471819877625, eval loss: [NA]
Epoch: 6, loss: 12.460989007949829, eval loss: [NA]
Epoch: 7, loss: 12.465324077606201, eval loss: [NA]
Epoch: 8, loss: 12.458395118713378, eval loss: [NA]
Epoch: 9, loss: 12.461303081512451, eval loss: [NA]
Epoch: 10, loss: 12.46681031703949, eval loss: [NA]
Epoch: 11, loss: 12.466833004951477, eval loss: [NA]
Epoch: 12, loss: 12.465452575683594, eval loss: [NA]
Epoch: 13, loss: 12.462328906059264, eval loss: [NA]
Epoch: 14, loss: 12.468494958877564, eval loss: [NA]
Epoch: 15, loss: 12.46710859298706, eval loss: [NA]
Epoch: 16, loss: 12.47084837436676, eval loss: [NA]
Epoch: 17, loss: 12.472439427375793, eval loss: [NA]
Epoch: 18, loss: 12.468169999122619, eval loss: [NA]
Epoch: 19, loss: 12.458616585731507, eval loss: [NA]
Epoch: 20, loss: 12.462603173255921, eval loss: [NA]
Epoch: 21, loss: 12.464793672561646, eval loss: [NA]
Epoch: 22, loss: 12.46248420715332, eval loss: [NA]
Epoch: 23, loss: 12.463294820785523, eval loss: [NA]
Epoch: 24, loss: 12.460998406410217, eval loss: [NA]
Epoch: 25, loss: 12.467927041053771, eval loss: [NA]
Epoch: 26, loss: 12.459657788276672, eval loss: [NA]
Epoch: 27, loss: 12.462095532417298, eval loss: [NA]
Epoch: 28, loss: 12.466592659950257, eval loss: [NA]
Epoch: 29, loss: 12.465846300125122, eval loss: [NA]
Iteration: 4
start update likelihood model
Epoch: 0, loss: 10.123250603675842, eval loss: [NA]
Epoch: 1, loss: 10.100940279960632, eval loss: [NA]
Epoch: 2, loss: 10.08643482685089, eval loss: [NA]
Epoch: 3, loss: 10.08637412071228, eval loss: [NA]
Epoch: 4, loss: 10.085076999664306, eval loss: [NA]
Epoch: 5, loss: 10.088554968833924, eval loss: [NA]
Epoch: 6, loss: 10.080559854507447, eval loss: [NA]
Epoch: 7, loss: 10.084702572822572, eval loss: [NA]
Epoch: 8, loss: 10.074195914268493, eval loss: [NA]
Epoch: 9, loss: 10.084025659561156, eval loss: [NA]
Epoch: 10, loss: 10.077250332832337, eval loss: [NA]
Epoch: 11, loss: 10.08267635345459, eval loss: [NA]
Epoch: 12, loss: 10.081876244544983, eval loss: [NA]
Epoch: 13, loss: 10.069287447929382, eval loss: [NA]
Epoch: 14, loss: 10.06880639076233, eval loss: [NA]
Epoch: 15, loss: 10.076069097518921, eval loss: [NA]
Epoch: 16, loss: 10.072884583473206, eval loss: [NA]
Epoch: 17, loss: 10.073282618522644, eval loss: [NA]
Epoch: 18, loss: 10.065297756195069, eval loss: [NA]
Epoch: 19, loss: 10.066464309692384, eval loss: [NA]
Epoch: 20, loss: 10.062656798362731, eval loss: [NA]
Epoch: 21, loss: 10.070497069358826, eval loss: [NA]
Epoch: 22, loss: 10.052525696754456, eval loss: [NA]
Epoch: 23, loss: 10.055765409469604, eval loss: [NA]
Epoch: 24, loss: 10.048580594062805, eval loss: [NA]
Epoch: 25, loss: 10.064584646224976, eval loss: [NA]
Epoch: 26, loss: 10.051392078399658, eval loss: [NA]
Epoch: 27, loss: 10.049255423545837, eval loss: [NA]
Epoch: 28, loss: 10.05657299041748, eval loss: [NA]
Epoch: 29, loss: 10.05067018032074, eval loss: [NA]
start update posterior model
Epoch: 0, loss: 12.648369703292847, eval loss: [NA]
Epoch: 1, loss: 12.643343076705932, eval loss: [NA]
Epoch: 2, loss: 12.637653231620789, eval loss: [NA]
Epoch: 3, loss: 12.640425848960877, eval loss: [NA]
Epoch: 4, loss: 12.644279880523682, eval loss: [NA]
Epoch: 5, loss: 12.63970482826233, eval loss: [NA]
Epoch: 6, loss: 12.638913025856018, eval loss: [NA]
Epoch: 7, loss: 12.6428400182724, eval loss: [NA]
Epoch: 8, loss: 12.64031252861023, eval loss: [NA]
Epoch: 9, loss: 12.639188299179077, eval loss: [NA]
Epoch: 10, loss: 12.639768705368041, eval loss: [NA]
Epoch: 11, loss: 12.647389631271363, eval loss: [NA]
Epoch: 12, loss: 12.644768414497376, eval loss: [NA]
Epoch: 13, loss: 12.644744882583618, eval loss: [NA]
Epoch: 14, loss: 12.646926288604737, eval loss: [NA]
Epoch: 15, loss: 12.648241662979126, eval loss: [NA]
Epoch: 16, loss: 12.638773918151855, eval loss: [NA]
Epoch: 17, loss: 12.638035769462585, eval loss: [NA]
Epoch: 18, loss: 12.634302740097047, eval loss: [NA]
Epoch: 19, loss: 12.641771850585938, eval loss: [NA]
Epoch: 20, loss: 12.635617518424988, eval loss: [NA]
Epoch: 21, loss: 12.639877562522889, eval loss: [NA]
Epoch: 22, loss: 12.637784719467163, eval loss: [NA]
Epoch: 23, loss: 12.641007914543152, eval loss: [NA]
Epoch: 24, loss: 12.641637997627258, eval loss: [NA]
Epoch: 25, loss: 12.645945439338684, eval loss: [NA]
Epoch: 26, loss: 12.63379469871521, eval loss: [NA]
Epoch: 27, loss: 12.642806720733642, eval loss: [NA]
Epoch: 28, loss: 12.638900032043457, eval loss: [NA]
Epoch: 29, loss: 12.636358280181884, eval loss: [NA]

Runtime:567.06
[135508259758.8671, 0.008, 0.0197, 0.0015]
[253468400.0, 1.224, 1.2321, 1.2169]
[154507018240.0, 1.3848, 1.3795, 1.3923]
KL div untrained: 25652152817131.145
KL div trained: 0.0149
