Input args:
Dim: 2
seed: 6
seed_data: 10
/home/samwiq/spa/seq-posterior-approx-w-nf-dev/mv_gaussian/2d w 5 obs/lunarc
/home/samwiq/spa/seq-posterior-approx-w-nf-dev/mv_gaussian
tensor(7.4360e+24, grad_fn=<MeanBackward0>)
tensor(5.5890e+18, grad_fn=<MeanBackward0>)
tensor([ 4.1240e+19,  1.4525e+19, -1.1142e+04, -1.2174e+17, -8.6890e+11,
        -3.3590e+15,  1.2022e+14, -1.7033e+12, -5.0726e+11, -1.6927e+11],
       grad_fn=<MeanBackward1>)
tensor([3.6401e+20, 1.2821e+20, 1.2086e+05, 1.0746e+18, 4.2591e+12, 2.9647e+16,
        1.0702e+15, 1.5161e+13, 1.5169e+13, 5.0670e+12],
       grad_fn=<StdBackward1>)
tensor([-6.3982, -4.8545, -3.3454, -1.6092, -5.9239, -3.9370, -2.4774, -0.2256,
        -1.9124, -0.2989])
start full training
Iteration: 1
start update likelihood model
Epoch: 0, loss: 17.804726881980898, eval loss: [NA]
Epoch: 1, loss: 12.530041670799255, eval loss: [NA]
Epoch: 2, loss: 11.02063877105713, eval loss: [NA]
Epoch: 3, loss: 10.580001134872436, eval loss: [NA]
Epoch: 4, loss: 10.484782185554504, eval loss: [NA]
Epoch: 5, loss: 10.412699084281922, eval loss: [NA]
Epoch: 6, loss: 10.328880076408387, eval loss: [NA]
Epoch: 7, loss: 10.339013423919678, eval loss: [NA]
Epoch: 8, loss: 10.31284170627594, eval loss: [NA]
Epoch: 9, loss: 10.280177431106567, eval loss: [NA]
Epoch: 10, loss: 10.290620832443237, eval loss: [NA]
Epoch: 11, loss: 10.27013840675354, eval loss: [NA]
Epoch: 12, loss: 10.257913632392883, eval loss: [NA]
Epoch: 13, loss: 10.272025499343872, eval loss: [NA]
Epoch: 14, loss: 10.25229733467102, eval loss: [NA]
Epoch: 15, loss: 10.229825696945191, eval loss: [NA]
Epoch: 16, loss: 10.213743085861205, eval loss: [NA]
Epoch: 17, loss: 10.208233060836791, eval loss: [NA]
Epoch: 18, loss: 10.230309505462646, eval loss: [NA]
Epoch: 19, loss: 10.216329927444457, eval loss: [NA]
Epoch: 20, loss: 10.201745834350586, eval loss: [NA]
Epoch: 21, loss: 10.21132785320282, eval loss: [NA]
Epoch: 22, loss: 10.196350245475768, eval loss: [NA]
Epoch: 23, loss: 10.178151469230652, eval loss: [NA]
Epoch: 24, loss: 10.196499710083009, eval loss: [NA]
start update posterior model from prior pred - hot start
Epoch: 0, loss: 2.347691979408264, eval loss: [NA]
Epoch: 1, loss: 0.9277713431417942, eval loss: [NA]
Epoch: 2, loss: 0.6193544447422028, eval loss: [NA]
Epoch: 3, loss: 0.561843043640256, eval loss: [NA]
Epoch: 4, loss: 0.5691219610720872, eval loss: [NA]
start update posterior model
Epoch: 0, loss: 18.27577625274658, eval loss: [NA]
Epoch: 1, loss: 18.200851793289186, eval loss: [NA]
Epoch: 2, loss: 18.19848792076111, eval loss: [NA]
Epoch: 3, loss: 18.184675493240356, eval loss: [NA]
Epoch: 4, loss: 18.207901706695555, eval loss: [NA]
Epoch: 5, loss: 18.20587525367737, eval loss: [NA]
Epoch: 6, loss: 18.19656741142273, eval loss: [NA]
Epoch: 7, loss: 18.183810720443727, eval loss: [NA]
Epoch: 8, loss: 18.19530161857605, eval loss: [NA]
Epoch: 9, loss: 18.16815095901489, eval loss: [NA]
Epoch: 10, loss: 18.203023414611817, eval loss: [NA]
Epoch: 11, loss: 18.17713577270508, eval loss: [NA]
Epoch: 12, loss: 18.170702962875367, eval loss: [NA]
Epoch: 13, loss: 18.189148406982422, eval loss: [NA]
Epoch: 14, loss: 18.17571159362793, eval loss: [NA]
Epoch: 15, loss: 18.183897542953492, eval loss: [NA]
Epoch: 16, loss: 18.16791769981384, eval loss: [NA]
Epoch: 17, loss: 18.19806803703308, eval loss: [NA]
Epoch: 18, loss: 18.16781168937683, eval loss: [NA]
Epoch: 19, loss: 18.182776889801026, eval loss: [NA]
Epoch: 20, loss: 18.17996241569519, eval loss: [NA]
Epoch: 21, loss: 18.19394100189209, eval loss: [NA]
Epoch: 22, loss: 18.168297595977783, eval loss: [NA]
Epoch: 23, loss: 18.179052381515504, eval loss: [NA]
Epoch: 24, loss: 18.16768196105957, eval loss: [NA]
Epoch: 25, loss: 18.163838424682616, eval loss: [NA]
Epoch: 26, loss: 18.17461441040039, eval loss: [NA]
Epoch: 27, loss: 18.178867950439454, eval loss: [NA]
Epoch: 28, loss: 18.174284648895263, eval loss: [NA]
Epoch: 29, loss: 18.164904804229735, eval loss: [NA]
Iteration: 2
start update likelihood model
Epoch: 0, loss: 10.206835136413574, eval loss: [NA]
Epoch: 1, loss: 10.189873032569885, eval loss: [NA]
Epoch: 2, loss: 10.15146523475647, eval loss: [NA]
Epoch: 3, loss: 10.122001967430116, eval loss: [NA]
Epoch: 4, loss: 10.12262979030609, eval loss: [NA]
Epoch: 5, loss: 10.126316938400269, eval loss: [NA]
Epoch: 6, loss: 10.131381845474243, eval loss: [NA]
Epoch: 7, loss: 10.102651777267456, eval loss: [NA]
Epoch: 8, loss: 10.099961929321289, eval loss: [NA]
Epoch: 9, loss: 10.102420449256897, eval loss: [NA]
Epoch: 10, loss: 10.106184720993042, eval loss: [NA]
Epoch: 11, loss: 10.104478216171264, eval loss: [NA]
Epoch: 12, loss: 10.10170494556427, eval loss: [NA]
Epoch: 13, loss: 10.082936658859253, eval loss: [NA]
Epoch: 14, loss: 10.087785229682922, eval loss: [NA]
Epoch: 15, loss: 10.10909104347229, eval loss: [NA]
Epoch: 16, loss: 10.100666298866273, eval loss: [NA]
Epoch: 17, loss: 10.088104329109193, eval loss: [NA]
Epoch: 18, loss: 10.097517232894898, eval loss: [NA]
Epoch: 19, loss: 10.074552817344665, eval loss: [NA]
Epoch: 20, loss: 10.086134295463562, eval loss: [NA]
Epoch: 21, loss: 10.094760665893554, eval loss: [NA]
Epoch: 22, loss: 10.072759914398194, eval loss: [NA]
Epoch: 23, loss: 10.07030228614807, eval loss: [NA]
Epoch: 24, loss: 10.098004007339478, eval loss: [NA]
Epoch: 25, loss: 10.068845801353454, eval loss: [NA]
Epoch: 26, loss: 10.071350598335266, eval loss: [NA]
Epoch: 27, loss: 10.065266528129577, eval loss: [NA]
Epoch: 28, loss: 10.064455184936524, eval loss: [NA]
Epoch: 29, loss: 10.07033221244812, eval loss: [NA]
start update posterior model
Epoch: 0, loss: 18.070185480117797, eval loss: [NA]
Epoch: 1, loss: 18.03434003829956, eval loss: [NA]
Epoch: 2, loss: 18.051837730407716, eval loss: [NA]
Epoch: 3, loss: 18.037546119689942, eval loss: [NA]
Epoch: 4, loss: 18.051961412429808, eval loss: [NA]
Epoch: 5, loss: 18.035827102661134, eval loss: [NA]
Epoch: 6, loss: 18.05038438796997, eval loss: [NA]
Epoch: 7, loss: 18.03081358909607, eval loss: [NA]
Epoch: 8, loss: 18.04667682647705, eval loss: [NA]
Epoch: 9, loss: 18.038666315078736, eval loss: [NA]
Epoch: 10, loss: 18.044553089141846, eval loss: [NA]
Epoch: 11, loss: 18.042324657440187, eval loss: [NA]
Epoch: 12, loss: 18.042578268051148, eval loss: [NA]
Epoch: 13, loss: 18.03444269180298, eval loss: [NA]
Epoch: 14, loss: 18.036412048339844, eval loss: [NA]
Epoch: 15, loss: 18.03206247329712, eval loss: [NA]
Epoch: 16, loss: 18.0369633102417, eval loss: [NA]
Epoch: 17, loss: 18.04052721977234, eval loss: [NA]
Epoch: 18, loss: 18.031555528640748, eval loss: [NA]
Epoch: 19, loss: 18.034296140670776, eval loss: [NA]
Epoch: 20, loss: 18.036866216659547, eval loss: [NA]
Epoch: 21, loss: 18.033634757995607, eval loss: [NA]
Epoch: 22, loss: 18.044129924774168, eval loss: [NA]
Epoch: 23, loss: 18.03913246154785, eval loss: [NA]
Epoch: 24, loss: 18.04026162147522, eval loss: [NA]
Epoch: 25, loss: 18.042575302124025, eval loss: [NA]
Epoch: 26, loss: 18.04019115447998, eval loss: [NA]
Epoch: 27, loss: 18.036229057312013, eval loss: [NA]
Epoch: 28, loss: 18.02805046081543, eval loss: [NA]
Epoch: 29, loss: 18.041263065338136, eval loss: [NA]
Iteration: 3
start update likelihood model
Epoch: 0, loss: 10.119737610816955, eval loss: [NA]
Epoch: 1, loss: 10.097040581703187, eval loss: [NA]
Epoch: 2, loss: 10.11347852230072, eval loss: [NA]
Epoch: 3, loss: 10.108230485916138, eval loss: [NA]
Epoch: 4, loss: 10.094609298706054, eval loss: [NA]
Epoch: 5, loss: 10.09593509197235, eval loss: [NA]
Epoch: 6, loss: 10.082348308563233, eval loss: [NA]
Epoch: 7, loss: 10.082242002487183, eval loss: [NA]
Epoch: 8, loss: 10.08251317024231, eval loss: [NA]
Epoch: 9, loss: 10.085157036781311, eval loss: [NA]
Epoch: 10, loss: 10.095197820663453, eval loss: [NA]
Epoch: 11, loss: 10.069029779434205, eval loss: [NA]
Epoch: 12, loss: 10.085666313171387, eval loss: [NA]
Epoch: 13, loss: 10.07714478969574, eval loss: [NA]
Epoch: 14, loss: 10.080088295936584, eval loss: [NA]
Epoch: 15, loss: 10.084864592552185, eval loss: [NA]
Epoch: 16, loss: 10.080716848373413, eval loss: [NA]
Epoch: 17, loss: 10.06645989894867, eval loss: [NA]
Epoch: 18, loss: 10.07823802947998, eval loss: [NA]
Epoch: 19, loss: 10.058697872161865, eval loss: [NA]
Epoch: 20, loss: 10.06746099472046, eval loss: [NA]
Epoch: 21, loss: 10.083257608413696, eval loss: [NA]
Epoch: 22, loss: 10.056169114112855, eval loss: [NA]
Epoch: 23, loss: 10.057065868377686, eval loss: [NA]
Epoch: 24, loss: 10.050906286239623, eval loss: [NA]
Epoch: 25, loss: 10.05992184638977, eval loss: [NA]
Epoch: 26, loss: 10.059072604179383, eval loss: [NA]
Epoch: 27, loss: 10.055933380126953, eval loss: [NA]
Epoch: 28, loss: 10.05420886516571, eval loss: [NA]
Epoch: 29, loss: 10.051178789138794, eval loss: [NA]
start update posterior model
Epoch: 0, loss: 18.191478233337403, eval loss: [NA]
Epoch: 1, loss: 18.186253271102906, eval loss: [NA]
Epoch: 2, loss: 18.191534824371338, eval loss: [NA]
Epoch: 3, loss: 18.180296487808228, eval loss: [NA]
Epoch: 4, loss: 18.19949676513672, eval loss: [NA]
Epoch: 5, loss: 18.2008523273468, eval loss: [NA]
Epoch: 6, loss: 18.188358345031737, eval loss: [NA]
Epoch: 7, loss: 18.19081320762634, eval loss: [NA]
Epoch: 8, loss: 18.19130117416382, eval loss: [NA]
Epoch: 9, loss: 18.189912014007568, eval loss: [NA]
Epoch: 10, loss: 18.19207883834839, eval loss: [NA]
Epoch: 11, loss: 18.197078428268433, eval loss: [NA]
Epoch: 12, loss: 18.19084609031677, eval loss: [NA]
Epoch: 13, loss: 18.18463746070862, eval loss: [NA]
Epoch: 14, loss: 18.202328004837035, eval loss: [NA]
Epoch: 15, loss: 18.185453929901122, eval loss: [NA]
Epoch: 16, loss: 18.185814962387084, eval loss: [NA]
Epoch: 17, loss: 18.18784827232361, eval loss: [NA]
Epoch: 18, loss: 18.193643083572386, eval loss: [NA]
Epoch: 19, loss: 18.19585124015808, eval loss: [NA]
Epoch: 20, loss: 18.18331448554993, eval loss: [NA]
Epoch: 21, loss: 18.18837405204773, eval loss: [NA]
Epoch: 22, loss: 18.191735792160035, eval loss: [NA]
Epoch: 23, loss: 18.19411735534668, eval loss: [NA]
Epoch: 24, loss: 18.183576898574827, eval loss: [NA]
Epoch: 25, loss: 18.194376621246338, eval loss: [NA]
Epoch: 26, loss: 18.183930950164793, eval loss: [NA]
Epoch: 27, loss: 18.19061526298523, eval loss: [NA]
Epoch: 28, loss: 18.191776571273802, eval loss: [NA]
Epoch: 29, loss: 18.184315366744997, eval loss: [NA]
Iteration: 4
start update likelihood model
Epoch: 0, loss: 10.105135049819946, eval loss: [NA]
Epoch: 1, loss: 10.116666221618653, eval loss: [NA]
Epoch: 2, loss: 10.082119512557984, eval loss: [NA]
Epoch: 3, loss: 10.093534665107727, eval loss: [NA]
Epoch: 4, loss: 10.072493529319763, eval loss: [NA]
Epoch: 5, loss: 10.071767191886902, eval loss: [NA]
Epoch: 6, loss: 10.086224889755249, eval loss: [NA]
Epoch: 7, loss: 10.079042410850525, eval loss: [NA]
Epoch: 8, loss: 10.075153045654297, eval loss: [NA]
Epoch: 9, loss: 10.076959328651428, eval loss: [NA]
Epoch: 10, loss: 10.063514289855958, eval loss: [NA]
Epoch: 11, loss: 10.072723455429077, eval loss: [NA]
Epoch: 12, loss: 10.061092004776, eval loss: [NA]
Epoch: 13, loss: 10.070589790344238, eval loss: [NA]
Epoch: 14, loss: 10.063470268249512, eval loss: [NA]
Epoch: 15, loss: 10.058753318786621, eval loss: [NA]
Epoch: 16, loss: 10.074583659172058, eval loss: [NA]
Epoch: 17, loss: 10.040590529441834, eval loss: [NA]
Epoch: 18, loss: 10.053158440589904, eval loss: [NA]
Epoch: 19, loss: 10.054328603744507, eval loss: [NA]
Epoch: 20, loss: 10.056098976135253, eval loss: [NA]
Epoch: 21, loss: 10.052782273292541, eval loss: [NA]
Epoch: 22, loss: 10.056481046676636, eval loss: [NA]
Epoch: 23, loss: 10.046804833412171, eval loss: [NA]
Epoch: 24, loss: 10.05798451423645, eval loss: [NA]
Epoch: 25, loss: 10.04810797214508, eval loss: [NA]
Epoch: 26, loss: 10.043275070190429, eval loss: [NA]
Epoch: 27, loss: 10.046540508270263, eval loss: [NA]
Epoch: 28, loss: 10.03805220603943, eval loss: [NA]
Epoch: 29, loss: 10.036391921043396, eval loss: [NA]
start update posterior model
Epoch: 0, loss: 18.334350090026856, eval loss: [NA]
Epoch: 1, loss: 18.322463207244873, eval loss: [NA]
Epoch: 2, loss: 18.32457880973816, eval loss: [NA]
Epoch: 3, loss: 18.32461968421936, eval loss: [NA]
Epoch: 4, loss: 18.328493900299073, eval loss: [NA]
Epoch: 5, loss: 18.33337851524353, eval loss: [NA]
Epoch: 6, loss: 18.324712047576906, eval loss: [NA]
Epoch: 7, loss: 18.329742317199706, eval loss: [NA]
Epoch: 8, loss: 18.34050922393799, eval loss: [NA]
Epoch: 9, loss: 18.32762155532837, eval loss: [NA]
Epoch: 10, loss: 18.33783242225647, eval loss: [NA]
Epoch: 11, loss: 18.330008888244627, eval loss: [NA]
Epoch: 12, loss: 18.330207424163817, eval loss: [NA]
Epoch: 13, loss: 18.317099771499635, eval loss: [NA]
Epoch: 14, loss: 18.32968673706055, eval loss: [NA]
Epoch: 15, loss: 18.324406852722166, eval loss: [NA]
Epoch: 16, loss: 18.334849519729616, eval loss: [NA]
Epoch: 17, loss: 18.326707096099852, eval loss: [NA]
Epoch: 18, loss: 18.333490953445434, eval loss: [NA]
Epoch: 19, loss: 18.3167947101593, eval loss: [NA]
Epoch: 20, loss: 18.318776502609253, eval loss: [NA]
Epoch: 21, loss: 18.328019971847535, eval loss: [NA]
Epoch: 22, loss: 18.328805265426634, eval loss: [NA]
Epoch: 23, loss: 18.32254014968872, eval loss: [NA]
Epoch: 24, loss: 18.321436977386476, eval loss: [NA]
Epoch: 25, loss: 18.329363069534303, eval loss: [NA]
Epoch: 26, loss: 18.326695528030395, eval loss: [NA]
Epoch: 27, loss: 18.323850002288818, eval loss: [NA]
Epoch: 28, loss: 18.32505253791809, eval loss: [NA]
Epoch: 29, loss: 18.32713586807251, eval loss: [NA]

Runtime:573.88
[271316839192894.94, 0.0534, 0.0066, 0.0075]
[5.588961090252833e+18, 1.9172, 1.8716, 1.8935]
[7.435976499214946e+24, 1.403, 1.3675, 1.3897]
KL div untrained: 293815089388484.06
KL div trained: 0.0182
