Input args:
Dim: 2
seed: 3
seed_data: 10
/home/samwiq/snpla/seq-posterior-approx-w-nf-dev/mv_gaussian/2d w 5 obs/lunarc
/home/samwiq/snpla/seq-posterior-approx-w-nf-dev/mv_gaussian
tensor(1.8358e+16, grad_fn=<MeanBackward0>)
tensor(51227332., grad_fn=<MeanBackward0>)
tensor([-4.8237e+08, -2.8071e+07,  9.1108e+05,  1.9974e+03,  8.6892e+05,
         5.1193e+03, -1.8829e+00, -4.9163e+02,  3.1655e+02,  7.0196e+00],
       grad_fn=<MeanBackward1>)
tensor([1.0106e+10, 5.8786e+08, 1.9121e+07, 2.3729e+04, 1.6476e+07, 7.0738e+05,
        3.6636e+01, 9.6038e+03, 7.9080e+03, 3.4437e+02],
       grad_fn=<StdBackward1>)
tensor([ 2.7419,  1.4270,  1.9009,  0.2732,  1.8506, -0.0556,  2.1935,  1.1706,
         0.1064, -0.9865])
start full training
Iteration: 1
start update likelihood model
Epoch: 0, loss: 17.004121046066285, eval loss: [NA]
Epoch: 1, loss: 12.038550114631652, eval loss: [NA]
Epoch: 2, loss: 10.857665758132935, eval loss: [NA]
Epoch: 3, loss: 10.553792576789856, eval loss: [NA]
Epoch: 4, loss: 10.398967900276183, eval loss: [NA]
Epoch: 5, loss: 10.376645421981811, eval loss: [NA]
Epoch: 6, loss: 10.332056713104247, eval loss: [NA]
Epoch: 7, loss: 10.316171493530273, eval loss: [NA]
Epoch: 8, loss: 10.290636143684388, eval loss: [NA]
Epoch: 9, loss: 10.284689741134644, eval loss: [NA]
Epoch: 10, loss: 10.265115852355956, eval loss: [NA]
Epoch: 11, loss: 10.24774962902069, eval loss: [NA]
Epoch: 12, loss: 10.26518886089325, eval loss: [NA]
Epoch: 13, loss: 10.216396307945251, eval loss: [NA]
Epoch: 14, loss: 10.242298083305359, eval loss: [NA]
Epoch: 15, loss: 10.221680903434754, eval loss: [NA]
Epoch: 16, loss: 10.22844337940216, eval loss: [NA]
Epoch: 17, loss: 10.216531567573547, eval loss: [NA]
Epoch: 18, loss: 10.229464735984802, eval loss: [NA]
Epoch: 19, loss: 10.21084183216095, eval loss: [NA]
Epoch: 20, loss: 10.197885446548462, eval loss: [NA]
Epoch: 21, loss: 10.184551248550415, eval loss: [NA]
Epoch: 22, loss: 10.17958894252777, eval loss: [NA]
Epoch: 23, loss: 10.177839040756226, eval loss: [NA]
Epoch: 24, loss: 10.183135809898376, eval loss: [NA]
start update posterior model
Epoch: 0, loss: 1470780163.7488053, eval loss: [NA]
Epoch: 1, loss: 13.474888610839844, eval loss: [NA]
Epoch: 2, loss: 13.381647658348083, eval loss: [NA]
Epoch: 3, loss: 13.360233821868896, eval loss: [NA]
Epoch: 4, loss: 13.356575288772582, eval loss: [NA]
Epoch: 5, loss: 13.3567715549469, eval loss: [NA]
Epoch: 6, loss: 13.357563724517822, eval loss: [NA]
Epoch: 7, loss: 13.350883884429932, eval loss: [NA]
Epoch: 8, loss: 13.369018239974976, eval loss: [NA]
Epoch: 9, loss: 13.350118622779846, eval loss: [NA]
Epoch: 10, loss: 13.34979383468628, eval loss: [NA]
Epoch: 11, loss: 13.349958682060242, eval loss: [NA]
Epoch: 12, loss: 13.34950276374817, eval loss: [NA]
Epoch: 13, loss: 13.350859384536744, eval loss: [NA]
Epoch: 14, loss: 13.348883233070374, eval loss: [NA]
Epoch: 15, loss: 13.35612491607666, eval loss: [NA]
Epoch: 16, loss: 13.354751119613647, eval loss: [NA]
Epoch: 17, loss: 13.347213654518127, eval loss: [NA]
Epoch: 18, loss: 13.348231902122498, eval loss: [NA]
Epoch: 19, loss: 13.345928854942322, eval loss: [NA]
Epoch: 20, loss: 13.346568126678466, eval loss: [NA]
Epoch: 21, loss: 13.347154097557068, eval loss: [NA]
Epoch: 22, loss: 13.345417761802674, eval loss: [NA]
Epoch: 23, loss: 13.356903100013733, eval loss: [NA]
Epoch: 24, loss: 13.348628368377685, eval loss: [NA]
Epoch: 25, loss: 13.350193758010864, eval loss: [NA]
Epoch: 26, loss: 13.347360010147094, eval loss: [NA]
Epoch: 27, loss: 13.355439710617066, eval loss: [NA]
Epoch: 28, loss: 13.348379254341125, eval loss: [NA]
Epoch: 29, loss: 13.351468238830567, eval loss: [NA]
Iteration: 2
start update likelihood model
Epoch: 0, loss: 10.180507102012633, eval loss: [NA]
Epoch: 1, loss: 10.169516711235046, eval loss: [NA]
Epoch: 2, loss: 10.156147713661193, eval loss: [NA]
Epoch: 3, loss: 10.149119763374328, eval loss: [NA]
Epoch: 4, loss: 10.161376905441283, eval loss: [NA]
Epoch: 5, loss: 10.144467425346374, eval loss: [NA]
Epoch: 6, loss: 10.152186870574951, eval loss: [NA]
Epoch: 7, loss: 10.14594376564026, eval loss: [NA]
Epoch: 8, loss: 10.139892525672913, eval loss: [NA]
Epoch: 9, loss: 10.14962477684021, eval loss: [NA]
Epoch: 10, loss: 10.138399400711059, eval loss: [NA]
Epoch: 11, loss: 10.144312386512757, eval loss: [NA]
Epoch: 12, loss: 10.1333846616745, eval loss: [NA]
Epoch: 13, loss: 10.137448930740357, eval loss: [NA]
Epoch: 14, loss: 10.134815802574158, eval loss: [NA]
Epoch: 15, loss: 10.142841863632203, eval loss: [NA]
Epoch: 16, loss: 10.12527820110321, eval loss: [NA]
Epoch: 17, loss: 10.146378855705262, eval loss: [NA]
Epoch: 18, loss: 10.124881477355958, eval loss: [NA]
Epoch: 19, loss: 10.128967204093932, eval loss: [NA]
Epoch: 20, loss: 10.13025954246521, eval loss: [NA]
Epoch: 21, loss: 10.120127415657043, eval loss: [NA]
Epoch: 22, loss: 10.119666056632996, eval loss: [NA]
Epoch: 23, loss: 10.114196739196778, eval loss: [NA]
Epoch: 24, loss: 10.110090227127076, eval loss: [NA]
Epoch: 25, loss: 10.109407629966736, eval loss: [NA]
Epoch: 26, loss: 10.123628206253052, eval loss: [NA]
Epoch: 27, loss: 10.11516641139984, eval loss: [NA]
Epoch: 28, loss: 10.112093486785888, eval loss: [NA]
Epoch: 29, loss: 10.104411988258361, eval loss: [NA]
start update posterior model
Epoch: 0, loss: 13.20046389579773, eval loss: [NA]
Epoch: 1, loss: 13.203480281829833, eval loss: [NA]
Epoch: 2, loss: 13.201869940757751, eval loss: [NA]
Epoch: 3, loss: 13.19461497783661, eval loss: [NA]
Epoch: 4, loss: 13.190782246589661, eval loss: [NA]
Epoch: 5, loss: 13.191503982543946, eval loss: [NA]
Epoch: 6, loss: 13.1950723361969, eval loss: [NA]
Epoch: 7, loss: 13.196307744979858, eval loss: [NA]
Epoch: 8, loss: 13.195240349769593, eval loss: [NA]
Epoch: 9, loss: 13.19355152606964, eval loss: [NA]
Epoch: 10, loss: 13.193839144706725, eval loss: [NA]
Epoch: 11, loss: 13.195991287231445, eval loss: [NA]
Epoch: 12, loss: 13.193041996955872, eval loss: [NA]
Epoch: 13, loss: 13.205954518318176, eval loss: [NA]
Epoch: 14, loss: 13.192992024421692, eval loss: [NA]
Epoch: 15, loss: 13.186472635269165, eval loss: [NA]
Epoch: 16, loss: 13.194533162117004, eval loss: [NA]
Epoch: 17, loss: 13.194564275741577, eval loss: [NA]
Epoch: 18, loss: 13.191361775398255, eval loss: [NA]
Epoch: 19, loss: 13.189870734214782, eval loss: [NA]
Epoch: 20, loss: 13.192673692703247, eval loss: [NA]
Epoch: 21, loss: 13.193517441749572, eval loss: [NA]
Epoch: 22, loss: 13.202780370712281, eval loss: [NA]
Epoch: 23, loss: 13.192216501235961, eval loss: [NA]
Epoch: 24, loss: 13.192154259681702, eval loss: [NA]
Epoch: 25, loss: 13.194161977767944, eval loss: [NA]
Epoch: 26, loss: 13.190319633483886, eval loss: [NA]
Epoch: 27, loss: 13.195789756774902, eval loss: [NA]
Epoch: 28, loss: 13.187856731414795, eval loss: [NA]
Epoch: 29, loss: 13.19099130153656, eval loss: [NA]
Iteration: 3
start update likelihood model
Epoch: 0, loss: 10.10978394985199, eval loss: [NA]
Epoch: 1, loss: 10.090574951171876, eval loss: [NA]
Epoch: 2, loss: 10.081418662071227, eval loss: [NA]
Epoch: 3, loss: 10.07749979019165, eval loss: [NA]
Epoch: 4, loss: 10.07913209438324, eval loss: [NA]
Epoch: 5, loss: 10.069642210006714, eval loss: [NA]
Epoch: 6, loss: 10.072031931877136, eval loss: [NA]
Epoch: 7, loss: 10.058107981681824, eval loss: [NA]
Epoch: 8, loss: 10.063509855270386, eval loss: [NA]
Epoch: 9, loss: 10.061733531951905, eval loss: [NA]
Epoch: 10, loss: 10.051028838157654, eval loss: [NA]
Epoch: 11, loss: 10.064563493728638, eval loss: [NA]
Epoch: 12, loss: 10.051114192008972, eval loss: [NA]
Epoch: 13, loss: 10.041314449310303, eval loss: [NA]
Epoch: 14, loss: 10.042408690452575, eval loss: [NA]
Epoch: 15, loss: 10.052444586753845, eval loss: [NA]
Epoch: 16, loss: 10.04468897819519, eval loss: [NA]
Epoch: 17, loss: 10.040959162712097, eval loss: [NA]
Epoch: 18, loss: 10.047498064041138, eval loss: [NA]
Epoch: 19, loss: 10.045169591903687, eval loss: [NA]
Epoch: 20, loss: 10.039383478164673, eval loss: [NA]
Epoch: 21, loss: 10.037548475265503, eval loss: [NA]
Epoch: 22, loss: 10.038302755355835, eval loss: [NA]
Epoch: 23, loss: 10.03776351928711, eval loss: [NA]
Epoch: 24, loss: 10.03107225894928, eval loss: [NA]
Epoch: 25, loss: 10.033097834587098, eval loss: [NA]
Epoch: 26, loss: 10.033237652778626, eval loss: [NA]
Epoch: 27, loss: 10.031497321128846, eval loss: [NA]
Epoch: 28, loss: 10.022536144256591, eval loss: [NA]
Epoch: 29, loss: 10.024778809547424, eval loss: [NA]
start update posterior model
Epoch: 0, loss: 12.910420694351195, eval loss: [NA]
Epoch: 1, loss: 12.911409950256347, eval loss: [NA]
Epoch: 2, loss: 12.908005518913269, eval loss: [NA]
Epoch: 3, loss: 12.912067255973817, eval loss: [NA]
Epoch: 4, loss: 12.911333060264587, eval loss: [NA]
Epoch: 5, loss: 12.90983175754547, eval loss: [NA]
Epoch: 6, loss: 12.91189070224762, eval loss: [NA]
Epoch: 7, loss: 12.913551530838014, eval loss: [NA]
Epoch: 8, loss: 12.912276697158813, eval loss: [NA]
Epoch: 9, loss: 12.91235731124878, eval loss: [NA]
Epoch: 10, loss: 12.905481128692626, eval loss: [NA]
Epoch: 11, loss: 12.910159544944763, eval loss: [NA]
Epoch: 12, loss: 12.910138430595397, eval loss: [NA]
Epoch: 13, loss: 12.906084489822387, eval loss: [NA]
Epoch: 14, loss: 12.906679067611694, eval loss: [NA]
Epoch: 15, loss: 12.908922724723816, eval loss: [NA]
Epoch: 16, loss: 12.90843204498291, eval loss: [NA]
Epoch: 17, loss: 12.907253270149232, eval loss: [NA]
Epoch: 18, loss: 12.907726907730103, eval loss: [NA]
Epoch: 19, loss: 12.908441524505616, eval loss: [NA]
Epoch: 20, loss: 12.91081223487854, eval loss: [NA]
Epoch: 21, loss: 12.906842441558839, eval loss: [NA]
Epoch: 22, loss: 12.904278092384338, eval loss: [NA]
Epoch: 23, loss: 12.90687665462494, eval loss: [NA]
Epoch: 24, loss: 12.9088246011734, eval loss: [NA]
Epoch: 25, loss: 12.905582618713378, eval loss: [NA]
Epoch: 26, loss: 12.911128363609315, eval loss: [NA]
Epoch: 27, loss: 12.90639021396637, eval loss: [NA]
Epoch: 28, loss: 12.906691217422486, eval loss: [NA]
Epoch: 29, loss: 12.90351480960846, eval loss: [NA]
Iteration: 4
start update likelihood model
Epoch: 0, loss: 10.05238184928894, eval loss: [NA]
Epoch: 1, loss: 10.01843014717102, eval loss: [NA]
Epoch: 2, loss: 10.025480818748473, eval loss: [NA]
Epoch: 3, loss: 10.015634188652038, eval loss: [NA]
Epoch: 4, loss: 10.012496976852416, eval loss: [NA]
Epoch: 5, loss: 10.010884118080138, eval loss: [NA]
Epoch: 6, loss: 10.011807041168213, eval loss: [NA]
Epoch: 7, loss: 10.014765677452088, eval loss: [NA]
Epoch: 8, loss: 10.00308096408844, eval loss: [NA]
Epoch: 9, loss: 9.999955415725708, eval loss: [NA]
Epoch: 10, loss: 9.996042113304139, eval loss: [NA]
Epoch: 11, loss: 10.000710616111755, eval loss: [NA]
Epoch: 12, loss: 10.000463671684265, eval loss: [NA]
Epoch: 13, loss: 9.995227465629577, eval loss: [NA]
Epoch: 14, loss: 9.999304642677307, eval loss: [NA]
Epoch: 15, loss: 10.000077538490295, eval loss: [NA]
Epoch: 16, loss: 9.990701608657837, eval loss: [NA]
Epoch: 17, loss: 9.993139014244079, eval loss: [NA]
Epoch: 18, loss: 9.991250371932983, eval loss: [NA]
Epoch: 19, loss: 9.982037978172302, eval loss: [NA]
Epoch: 20, loss: 9.9811532497406, eval loss: [NA]
Epoch: 21, loss: 9.978586735725402, eval loss: [NA]
Epoch: 22, loss: 9.985887479782104, eval loss: [NA]
Epoch: 23, loss: 9.97980351448059, eval loss: [NA]
Epoch: 24, loss: 9.97218237876892, eval loss: [NA]
Epoch: 25, loss: 9.972929697036744, eval loss: [NA]
Epoch: 26, loss: 9.975896716117859, eval loss: [NA]
Epoch: 27, loss: 9.971010537147523, eval loss: [NA]
Epoch: 28, loss: 9.971585969924927, eval loss: [NA]
Epoch: 29, loss: 9.970835456848144, eval loss: [NA]
start update posterior model
Epoch: 0, loss: 12.983487277030944, eval loss: [NA]
Epoch: 1, loss: 12.97647581577301, eval loss: [NA]
Epoch: 2, loss: 12.978883862495422, eval loss: [NA]
Epoch: 3, loss: 12.975258193016053, eval loss: [NA]
Epoch: 4, loss: 12.974897689819336, eval loss: [NA]
Epoch: 5, loss: 12.978130393028259, eval loss: [NA]
Epoch: 6, loss: 12.974583501815795, eval loss: [NA]
Epoch: 7, loss: 12.973876695632935, eval loss: [NA]
Epoch: 8, loss: 12.972797508239745, eval loss: [NA]
Epoch: 9, loss: 12.972357711791993, eval loss: [NA]
Epoch: 10, loss: 12.972724752426148, eval loss: [NA]
Epoch: 11, loss: 12.971895718574524, eval loss: [NA]
Epoch: 12, loss: 12.97310076713562, eval loss: [NA]
Epoch: 13, loss: 12.972790741920472, eval loss: [NA]
Epoch: 14, loss: 12.97767306804657, eval loss: [NA]
Epoch: 15, loss: 12.97318618297577, eval loss: [NA]
Epoch: 16, loss: 12.976855959892273, eval loss: [NA]
Epoch: 17, loss: 12.97449947834015, eval loss: [NA]
Epoch: 18, loss: 12.973023853302003, eval loss: [NA]
Epoch: 19, loss: 12.974773750305175, eval loss: [NA]
Epoch: 20, loss: 12.973388199806214, eval loss: [NA]
Epoch: 21, loss: 12.971078577041625, eval loss: [NA]
Epoch: 22, loss: 12.971882100105285, eval loss: [NA]
Epoch: 23, loss: 12.973842859268188, eval loss: [NA]
Epoch: 24, loss: 12.970594973564149, eval loss: [NA]
Epoch: 25, loss: 12.972827658653259, eval loss: [NA]
Epoch: 26, loss: 12.97550898551941, eval loss: [NA]
Epoch: 27, loss: 12.972035980224609, eval loss: [NA]
Epoch: 28, loss: 12.974038457870483, eval loss: [NA]
Epoch: 29, loss: 12.971936521530152, eval loss: [NA]

Runtime:571.22
[7152085057.7593, 0.0142, 0.0142, 0.0024]
[51227332.0, 1.1615, 1.232, 1.2115]
[1.8357716720287744e+16, 1.3964, 1.3785, 1.391]
KL div untrained: 13252274198.7366
KL div trained: 0.0162
