Input args:
Dim: 2
seed: 8
seed_data: 10
/home/samwiq/spa/seq-posterior-approx-w-nf-dev/mv_gaussian/2d w 5 obs/lunarc
/home/samwiq/spa/seq-posterior-approx-w-nf-dev/mv_gaussian
tensor(1.5451e+11, grad_fn=<MeanBackward0>)
tensor(2.5347e+08, grad_fn=<MeanBackward0>)
tensor([-2.4765e+09, -4.9411e+05, -4.1450e+07, -5.3221e+06, -1.4788e+06,
         1.9763e+04, -2.3763e+02, -1.2810e+04, -4.1314e+03,  1.7582e+03],
       grad_fn=<MeanBackward1>)
tensor([4.9632e+10, 1.4478e+07, 8.2663e+08, 1.0787e+08, 3.0399e+07, 6.2310e+05,
        7.4170e+03, 3.2516e+05, 1.2255e+05, 4.6496e+04],
       grad_fn=<StdBackward1>)
tensor([ 0.9260, -2.9856,  1.1985, -2.0846, -0.1463, -3.8626,  0.4379, -3.0580,
        -1.1963, -4.4669])
start full training
Iteration: 1
start update likelihood model
Epoch: 0, loss: 18.444827580451964, eval loss: [NA]
Epoch: 1, loss: 12.497714204788208, eval loss: [NA]
Epoch: 2, loss: 10.818216943740845, eval loss: [NA]
Epoch: 3, loss: 10.514717316627502, eval loss: [NA]
Epoch: 4, loss: 10.408012900352478, eval loss: [NA]
Epoch: 5, loss: 10.340340008735657, eval loss: [NA]
Epoch: 6, loss: 10.314828472137451, eval loss: [NA]
Epoch: 7, loss: 10.288572816848754, eval loss: [NA]
Epoch: 8, loss: 10.295130476951599, eval loss: [NA]
Epoch: 9, loss: 10.289034676551818, eval loss: [NA]
Epoch: 10, loss: 10.247102169990539, eval loss: [NA]
Epoch: 11, loss: 10.239252634048462, eval loss: [NA]
Epoch: 12, loss: 10.23603666305542, eval loss: [NA]
Epoch: 13, loss: 10.214753184318543, eval loss: [NA]
Epoch: 14, loss: 10.192960453033447, eval loss: [NA]
Epoch: 15, loss: 10.210890574455261, eval loss: [NA]
Epoch: 16, loss: 10.20225329875946, eval loss: [NA]
Epoch: 17, loss: 10.224236545562745, eval loss: [NA]
Epoch: 18, loss: 10.202683968544006, eval loss: [NA]
Epoch: 19, loss: 10.177429265975952, eval loss: [NA]
Epoch: 20, loss: 10.177578501701355, eval loss: [NA]
Epoch: 21, loss: 10.19179678440094, eval loss: [NA]
Epoch: 22, loss: 10.176779141426087, eval loss: [NA]
Epoch: 23, loss: 10.174744796752929, eval loss: [NA]
Epoch: 24, loss: 10.187819123268127, eval loss: [NA]
start update posterior model from prior pred - hot start
Epoch: 0, loss: 1.9488631832599639, eval loss: [NA]
Epoch: 1, loss: 0.8790473389625549, eval loss: [NA]
Epoch: 2, loss: 0.6676781861484051, eval loss: [NA]
Epoch: 3, loss: 0.6021306467056274, eval loss: [NA]
Epoch: 4, loss: 0.5761884485930204, eval loss: [NA]
start update posterior model
Epoch: 0, loss: 12.52123498916626, eval loss: [NA]
Epoch: 1, loss: 12.473902311325073, eval loss: [NA]
Epoch: 2, loss: 12.511157741546631, eval loss: [NA]
Epoch: 3, loss: 12.463319211006164, eval loss: [NA]
Epoch: 4, loss: 12.464823875427246, eval loss: [NA]
Epoch: 5, loss: 12.474909768104553, eval loss: [NA]
Epoch: 6, loss: 12.468732981681823, eval loss: [NA]
Epoch: 7, loss: 12.459013738632201, eval loss: [NA]
Epoch: 8, loss: 12.466643552780152, eval loss: [NA]
Epoch: 9, loss: 12.46661717414856, eval loss: [NA]
Epoch: 10, loss: 12.454917058944702, eval loss: [NA]
Epoch: 11, loss: 12.467256364822388, eval loss: [NA]
Epoch: 12, loss: 12.458546290397644, eval loss: [NA]
Epoch: 13, loss: 12.461408185958863, eval loss: [NA]
Epoch: 14, loss: 12.467059507369996, eval loss: [NA]
Epoch: 15, loss: 12.46778555393219, eval loss: [NA]
Epoch: 16, loss: 12.454250044822693, eval loss: [NA]
Epoch: 17, loss: 12.460755200386048, eval loss: [NA]
Epoch: 18, loss: 12.455668587684631, eval loss: [NA]
Epoch: 19, loss: 12.46085853099823, eval loss: [NA]
Epoch: 20, loss: 12.46358268737793, eval loss: [NA]
Epoch: 21, loss: 12.473711762428284, eval loss: [NA]
Epoch: 22, loss: 12.459547357559204, eval loss: [NA]
Epoch: 23, loss: 12.457087149620056, eval loss: [NA]
Epoch: 24, loss: 12.46268177986145, eval loss: [NA]
Epoch: 25, loss: 12.448932752609252, eval loss: [NA]
Epoch: 26, loss: 12.45239537715912, eval loss: [NA]
Epoch: 27, loss: 12.449972696304322, eval loss: [NA]
Epoch: 28, loss: 12.450900588035584, eval loss: [NA]
Epoch: 29, loss: 12.466035614013672, eval loss: [NA]
Iteration: 2
start update likelihood model
Epoch: 0, loss: 10.183213000297547, eval loss: [NA]
Epoch: 1, loss: 10.149056267738342, eval loss: [NA]
Epoch: 2, loss: 10.138438210487365, eval loss: [NA]
Epoch: 3, loss: 10.146871662139892, eval loss: [NA]
Epoch: 4, loss: 10.130925359725952, eval loss: [NA]
Epoch: 5, loss: 10.112284235954284, eval loss: [NA]
Epoch: 6, loss: 10.108766775131226, eval loss: [NA]
Epoch: 7, loss: 10.119232802391052, eval loss: [NA]
Epoch: 8, loss: 10.12024015903473, eval loss: [NA]
Epoch: 9, loss: 10.125897560119629, eval loss: [NA]
Epoch: 10, loss: 10.105600209236146, eval loss: [NA]
Epoch: 11, loss: 10.114701228141785, eval loss: [NA]
Epoch: 12, loss: 10.125813479423522, eval loss: [NA]
Epoch: 13, loss: 10.101268668174743, eval loss: [NA]
Epoch: 14, loss: 10.13214059829712, eval loss: [NA]
Epoch: 15, loss: 10.103213505744934, eval loss: [NA]
Epoch: 16, loss: 10.107377829551696, eval loss: [NA]
Epoch: 17, loss: 10.104045085906982, eval loss: [NA]
Epoch: 18, loss: 10.098569493293763, eval loss: [NA]
Epoch: 19, loss: 10.098709206581116, eval loss: [NA]
Epoch: 20, loss: 10.093352851867676, eval loss: [NA]
Epoch: 21, loss: 10.10057110786438, eval loss: [NA]
Epoch: 22, loss: 10.104342679977417, eval loss: [NA]
Epoch: 23, loss: 10.115317306518556, eval loss: [NA]
Epoch: 24, loss: 10.095146522521972, eval loss: [NA]
Epoch: 25, loss: 10.08999948978424, eval loss: [NA]
Epoch: 26, loss: 10.08031153678894, eval loss: [NA]
Epoch: 27, loss: 10.102310681343079, eval loss: [NA]
Epoch: 28, loss: 10.073985118865966, eval loss: [NA]
Epoch: 29, loss: 10.093209748268128, eval loss: [NA]
start update posterior model
Epoch: 0, loss: 12.581475811004639, eval loss: [NA]
Epoch: 1, loss: 12.575853176116944, eval loss: [NA]
Epoch: 2, loss: 12.577924389839172, eval loss: [NA]
Epoch: 3, loss: 12.589247479438782, eval loss: [NA]
Epoch: 4, loss: 12.580274667739868, eval loss: [NA]
Epoch: 5, loss: 12.579525098800659, eval loss: [NA]
Epoch: 6, loss: 12.57781964302063, eval loss: [NA]
Epoch: 7, loss: 12.582628636360168, eval loss: [NA]
Epoch: 8, loss: 12.575875062942504, eval loss: [NA]
Epoch: 9, loss: 12.578779311180115, eval loss: [NA]
Epoch: 10, loss: 12.585183305740356, eval loss: [NA]
Epoch: 11, loss: 12.584780077934266, eval loss: [NA]
Epoch: 12, loss: 12.576344733238221, eval loss: [NA]
Epoch: 13, loss: 12.578830704689025, eval loss: [NA]
Epoch: 14, loss: 12.576503806114196, eval loss: [NA]
Epoch: 15, loss: 12.572620372772217, eval loss: [NA]
Epoch: 16, loss: 12.585398621559143, eval loss: [NA]
Epoch: 17, loss: 12.580110540390015, eval loss: [NA]
Epoch: 18, loss: 12.580503973960877, eval loss: [NA]
Epoch: 19, loss: 12.575149269104005, eval loss: [NA]
Epoch: 20, loss: 12.57758955001831, eval loss: [NA]
Epoch: 21, loss: 12.57255075931549, eval loss: [NA]
Epoch: 22, loss: 12.581650977134705, eval loss: [NA]
Epoch: 23, loss: 12.5779749584198, eval loss: [NA]
Epoch: 24, loss: 12.574729499816895, eval loss: [NA]
Epoch: 25, loss: 12.576433134078979, eval loss: [NA]
Epoch: 26, loss: 12.58358736038208, eval loss: [NA]
Epoch: 27, loss: 12.576808800697327, eval loss: [NA]
Epoch: 28, loss: 12.582807245254516, eval loss: [NA]
Epoch: 29, loss: 12.571582689285279, eval loss: [NA]
Iteration: 3
start update likelihood model
Epoch: 0, loss: 10.126394295692444, eval loss: [NA]
Epoch: 1, loss: 10.12207009792328, eval loss: [NA]
Epoch: 2, loss: 10.116914539337158, eval loss: [NA]
Epoch: 3, loss: 10.11754331588745, eval loss: [NA]
Epoch: 4, loss: 10.119080967903137, eval loss: [NA]
Epoch: 5, loss: 10.108147735595702, eval loss: [NA]
Epoch: 6, loss: 10.100003452301026, eval loss: [NA]
Epoch: 7, loss: 10.101121082305909, eval loss: [NA]
Epoch: 8, loss: 10.103306860923768, eval loss: [NA]
Epoch: 9, loss: 10.093356175422668, eval loss: [NA]
Epoch: 10, loss: 10.094836220741271, eval loss: [NA]
Epoch: 11, loss: 10.087215013504029, eval loss: [NA]
Epoch: 12, loss: 10.093696308135986, eval loss: [NA]
Epoch: 13, loss: 10.092805805206298, eval loss: [NA]
Epoch: 14, loss: 10.078589291572571, eval loss: [NA]
Epoch: 15, loss: 10.085376224517823, eval loss: [NA]
Epoch: 16, loss: 10.086190013885497, eval loss: [NA]
Epoch: 17, loss: 10.078178124427795, eval loss: [NA]
Epoch: 18, loss: 10.072360615730286, eval loss: [NA]
Epoch: 19, loss: 10.076182851791382, eval loss: [NA]
Epoch: 20, loss: 10.090520119667053, eval loss: [NA]
Epoch: 21, loss: 10.070051879882813, eval loss: [NA]
Epoch: 22, loss: 10.069617476463318, eval loss: [NA]
Epoch: 23, loss: 10.067535462379455, eval loss: [NA]
Epoch: 24, loss: 10.076231303215026, eval loss: [NA]
Epoch: 25, loss: 10.06901415348053, eval loss: [NA]
Epoch: 26, loss: 10.067901940345765, eval loss: [NA]
Epoch: 27, loss: 10.06853196144104, eval loss: [NA]
Epoch: 28, loss: 10.078409752845765, eval loss: [NA]
Epoch: 29, loss: 10.062761192321778, eval loss: [NA]
start update posterior model
Epoch: 0, loss: 12.922836728096009, eval loss: [NA]
Epoch: 1, loss: 12.918184385299682, eval loss: [NA]
Epoch: 2, loss: 12.917687783241272, eval loss: [NA]
Epoch: 3, loss: 12.92040542125702, eval loss: [NA]
Epoch: 4, loss: 12.9217041015625, eval loss: [NA]
Epoch: 5, loss: 12.923221249580383, eval loss: [NA]
Epoch: 6, loss: 12.917645497322082, eval loss: [NA]
Epoch: 7, loss: 12.921142535209656, eval loss: [NA]
Epoch: 8, loss: 12.92225344657898, eval loss: [NA]
Epoch: 9, loss: 12.918580799102783, eval loss: [NA]
Epoch: 10, loss: 12.91624921798706, eval loss: [NA]
Epoch: 11, loss: 12.91895278930664, eval loss: [NA]
Epoch: 12, loss: 12.925214648246765, eval loss: [NA]
Epoch: 13, loss: 12.919168238639832, eval loss: [NA]
Epoch: 14, loss: 12.92215006828308, eval loss: [NA]
Epoch: 15, loss: 12.92771345615387, eval loss: [NA]
Epoch: 16, loss: 12.922836837768555, eval loss: [NA]
Epoch: 17, loss: 12.922198662757873, eval loss: [NA]
Epoch: 18, loss: 12.917638311386108, eval loss: [NA]
Epoch: 19, loss: 12.915145559310913, eval loss: [NA]
Epoch: 20, loss: 12.923557977676392, eval loss: [NA]
Epoch: 21, loss: 12.918293952941895, eval loss: [NA]
Epoch: 22, loss: 12.92154121875763, eval loss: [NA]
Epoch: 23, loss: 12.922752571105956, eval loss: [NA]
Epoch: 24, loss: 12.917287745475768, eval loss: [NA]
Epoch: 25, loss: 12.92163722038269, eval loss: [NA]
Epoch: 26, loss: 12.9189302444458, eval loss: [NA]
Epoch: 27, loss: 12.919071755409242, eval loss: [NA]
Epoch: 28, loss: 12.918465185165406, eval loss: [NA]
Epoch: 29, loss: 12.915966124534608, eval loss: [NA]
Iteration: 4
start update likelihood model
Epoch: 0, loss: 10.116156239509582, eval loss: [NA]
Epoch: 1, loss: 10.111197037696838, eval loss: [NA]
Epoch: 2, loss: 10.108461837768555, eval loss: [NA]
Epoch: 3, loss: 10.098505682945252, eval loss: [NA]
Epoch: 4, loss: 10.089233984947205, eval loss: [NA]
Epoch: 5, loss: 10.097386455535888, eval loss: [NA]
Epoch: 6, loss: 10.094545030593872, eval loss: [NA]
Epoch: 7, loss: 10.101827673912048, eval loss: [NA]
Epoch: 8, loss: 10.088616390228271, eval loss: [NA]
Epoch: 9, loss: 10.101838965415954, eval loss: [NA]
Epoch: 10, loss: 10.079519577026367, eval loss: [NA]
Epoch: 11, loss: 10.087655324935913, eval loss: [NA]
Epoch: 12, loss: 10.088564195632934, eval loss: [NA]
Epoch: 13, loss: 10.082939991950989, eval loss: [NA]
Epoch: 14, loss: 10.089074597358703, eval loss: [NA]
Epoch: 15, loss: 10.077527327537537, eval loss: [NA]
Epoch: 16, loss: 10.082142038345337, eval loss: [NA]
Epoch: 17, loss: 10.068547940254211, eval loss: [NA]
Epoch: 18, loss: 10.073389701843261, eval loss: [NA]
Epoch: 19, loss: 10.077585830688477, eval loss: [NA]
Epoch: 20, loss: 10.066518592834473, eval loss: [NA]
Epoch: 21, loss: 10.084804058074951, eval loss: [NA]
Epoch: 22, loss: 10.076573944091797, eval loss: [NA]
Epoch: 23, loss: 10.068174414634704, eval loss: [NA]
Epoch: 24, loss: 10.069343733787537, eval loss: [NA]
Epoch: 25, loss: 10.078264284133912, eval loss: [NA]
Epoch: 26, loss: 10.06858476638794, eval loss: [NA]
Epoch: 27, loss: 10.05431073665619, eval loss: [NA]
Epoch: 28, loss: 10.069302277565003, eval loss: [NA]
Epoch: 29, loss: 10.066492290496827, eval loss: [NA]
start update posterior model
Epoch: 0, loss: 13.030903782844543, eval loss: [NA]
Epoch: 1, loss: 13.024175662994384, eval loss: [NA]
Epoch: 2, loss: 13.029085340499877, eval loss: [NA]
Epoch: 3, loss: 13.026975717544556, eval loss: [NA]
Epoch: 4, loss: 13.026194772720338, eval loss: [NA]
Epoch: 5, loss: 13.022092909812928, eval loss: [NA]
Epoch: 6, loss: 13.027274646759032, eval loss: [NA]
Epoch: 7, loss: 13.026628351211547, eval loss: [NA]
Epoch: 8, loss: 13.02361159324646, eval loss: [NA]
Epoch: 9, loss: 13.024239535331725, eval loss: [NA]
Epoch: 10, loss: 13.027793736457825, eval loss: [NA]
Epoch: 11, loss: 13.0241082239151, eval loss: [NA]
Epoch: 12, loss: 13.023877654075623, eval loss: [NA]
Epoch: 13, loss: 13.023900771141053, eval loss: [NA]
Epoch: 14, loss: 13.02549566268921, eval loss: [NA]
Epoch: 15, loss: 13.025717043876648, eval loss: [NA]
Epoch: 16, loss: 13.022771110534668, eval loss: [NA]
Epoch: 17, loss: 13.02031265258789, eval loss: [NA]
Epoch: 18, loss: 13.024506793022155, eval loss: [NA]
Epoch: 19, loss: 13.020951523780823, eval loss: [NA]
Epoch: 20, loss: 13.025304126739503, eval loss: [NA]
Epoch: 21, loss: 13.024616599082947, eval loss: [NA]
Epoch: 22, loss: 13.024975876808167, eval loss: [NA]
Epoch: 23, loss: 13.029109282493591, eval loss: [NA]
Epoch: 24, loss: 13.023849205970764, eval loss: [NA]
Epoch: 25, loss: 13.020834307670594, eval loss: [NA]
Epoch: 26, loss: 13.023776788711547, eval loss: [NA]
Epoch: 27, loss: 13.021013836860657, eval loss: [NA]
Epoch: 28, loss: 13.024358401298523, eval loss: [NA]
Epoch: 29, loss: 13.02903866291046, eval loss: [NA]

Runtime:601.94
[135508259758.8671, 0.0097, 0.0148, 0.0183]
[253468400.0, 1.2067, 1.194, 1.2107]
[154507018240.0, 1.3962, 1.3722, 1.3872]
KL div untrained: 25652152817131.145
KL div trained: 0.0201
