Input args:
Dim: 2
seed: 3
seed_data: 10
/home/samwiq/snpla/seq-posterior-approx-w-nf-dev/mv_gaussian/2d w 5 obs/lunarc
/home/samwiq/snpla/seq-posterior-approx-w-nf-dev/mv_gaussian
tensor(1.8358e+16, grad_fn=<MeanBackward0>)
tensor(51227332., grad_fn=<MeanBackward0>)
tensor([-4.8237e+08, -2.8071e+07,  9.1108e+05,  1.9974e+03,  8.6892e+05,
         5.1193e+03, -1.8829e+00, -4.9163e+02,  3.1655e+02,  7.0196e+00],
       grad_fn=<MeanBackward1>)
tensor([1.0106e+10, 5.8786e+08, 1.9121e+07, 2.3729e+04, 1.6476e+07, 7.0738e+05,
        3.6636e+01, 9.6038e+03, 7.9080e+03, 3.4437e+02],
       grad_fn=<StdBackward1>)
tensor([ 2.7419,  1.4270,  1.9009,  0.2732,  1.8506, -0.0556,  2.1935,  1.1706,
         0.1064, -0.9865])
start full training
Iteration: 1
start update likelihood model
Epoch: 0, loss: 17.004121046066285, eval loss: [NA]
Epoch: 1, loss: 12.038550114631652, eval loss: [NA]
Epoch: 2, loss: 10.857665758132935, eval loss: [NA]
Epoch: 3, loss: 10.553792576789856, eval loss: [NA]
Epoch: 4, loss: 10.398967900276183, eval loss: [NA]
Epoch: 5, loss: 10.376645421981811, eval loss: [NA]
Epoch: 6, loss: 10.332056713104247, eval loss: [NA]
Epoch: 7, loss: 10.316171493530273, eval loss: [NA]
Epoch: 8, loss: 10.290636143684388, eval loss: [NA]
Epoch: 9, loss: 10.284689741134644, eval loss: [NA]
Epoch: 10, loss: 10.265115852355956, eval loss: [NA]
Epoch: 11, loss: 10.24774962902069, eval loss: [NA]
Epoch: 12, loss: 10.26518886089325, eval loss: [NA]
Epoch: 13, loss: 10.216396307945251, eval loss: [NA]
Epoch: 14, loss: 10.242298083305359, eval loss: [NA]
Epoch: 15, loss: 10.221680903434754, eval loss: [NA]
Epoch: 16, loss: 10.22844337940216, eval loss: [NA]
Epoch: 17, loss: 10.216531567573547, eval loss: [NA]
Epoch: 18, loss: 10.229464735984802, eval loss: [NA]
Epoch: 19, loss: 10.21084183216095, eval loss: [NA]
Epoch: 20, loss: 10.197885446548462, eval loss: [NA]
Epoch: 21, loss: 10.184551248550415, eval loss: [NA]
Epoch: 22, loss: 10.17958894252777, eval loss: [NA]
Epoch: 23, loss: 10.177839040756226, eval loss: [NA]
Epoch: 24, loss: 10.183135809898376, eval loss: [NA]
start update posterior model from prior pred - hot start
Epoch: 0, loss: 2.378956246972084, eval loss: [NA]
Epoch: 1, loss: 0.991333432495594, eval loss: [NA]
Epoch: 2, loss: 0.6980119022727013, eval loss: [NA]
Epoch: 3, loss: 0.5651480359584093, eval loss: [NA]
Epoch: 4, loss: 0.5913553108274937, eval loss: [NA]
start update posterior model
Epoch: 0, loss: 13.37509895324707, eval loss: [NA]
Epoch: 1, loss: 13.360473046302795, eval loss: [NA]
Epoch: 2, loss: 13.36307300567627, eval loss: [NA]
Epoch: 3, loss: 13.357652978897095, eval loss: [NA]
Epoch: 4, loss: 13.369105491638184, eval loss: [NA]
Epoch: 5, loss: 13.359019312858582, eval loss: [NA]
Epoch: 6, loss: 13.356729793548585, eval loss: [NA]
Epoch: 7, loss: 13.357424654960631, eval loss: [NA]
Epoch: 8, loss: 13.35207947254181, eval loss: [NA]
Epoch: 9, loss: 13.356616706848145, eval loss: [NA]
Epoch: 10, loss: 13.35475546836853, eval loss: [NA]
Epoch: 11, loss: 13.353254866600036, eval loss: [NA]
Epoch: 12, loss: 13.3499685049057, eval loss: [NA]
Epoch: 13, loss: 13.354057536125183, eval loss: [NA]
Epoch: 14, loss: 13.346108746528625, eval loss: [NA]
Epoch: 15, loss: 13.350254640579223, eval loss: [NA]
Epoch: 16, loss: 13.352602014541626, eval loss: [NA]
Epoch: 17, loss: 13.349415035247803, eval loss: [NA]
Epoch: 18, loss: 13.346945958137512, eval loss: [NA]
Epoch: 19, loss: 13.342723670005798, eval loss: [NA]
Epoch: 20, loss: 13.346748399734498, eval loss: [NA]
Epoch: 21, loss: 13.351011385917664, eval loss: [NA]
Epoch: 22, loss: 13.350150895118713, eval loss: [NA]
Epoch: 23, loss: 13.346619420051574, eval loss: [NA]
Epoch: 24, loss: 13.348461308479308, eval loss: [NA]
Epoch: 25, loss: 13.352913136482238, eval loss: [NA]
Epoch: 26, loss: 13.35753318309784, eval loss: [NA]
Epoch: 27, loss: 13.344986972808838, eval loss: [NA]
Epoch: 28, loss: 13.344619369506836, eval loss: [NA]
Epoch: 29, loss: 13.348825120925904, eval loss: [NA]
Iteration: 2
start update likelihood model
Epoch: 0, loss: 10.144808506965637, eval loss: [NA]
Epoch: 1, loss: 10.129220480918883, eval loss: [NA]
Epoch: 2, loss: 10.133008804321289, eval loss: [NA]
Epoch: 3, loss: 10.119574480056762, eval loss: [NA]
Epoch: 4, loss: 10.12762279033661, eval loss: [NA]
Epoch: 5, loss: 10.129770369529725, eval loss: [NA]
Epoch: 6, loss: 10.11576828956604, eval loss: [NA]
Epoch: 7, loss: 10.125771021842956, eval loss: [NA]
Epoch: 8, loss: 10.113978581428528, eval loss: [NA]
Epoch: 9, loss: 10.122033128738403, eval loss: [NA]
Epoch: 10, loss: 10.114859738349914, eval loss: [NA]
Epoch: 11, loss: 10.111418614387512, eval loss: [NA]
Epoch: 12, loss: 10.10102427482605, eval loss: [NA]
Epoch: 13, loss: 10.0993949842453, eval loss: [NA]
Epoch: 14, loss: 10.104683003425599, eval loss: [NA]
Epoch: 15, loss: 10.118352661132812, eval loss: [NA]
Epoch: 16, loss: 10.1051527261734, eval loss: [NA]
Epoch: 17, loss: 10.096102476119995, eval loss: [NA]
Epoch: 18, loss: 10.10670090675354, eval loss: [NA]
Epoch: 19, loss: 10.104413990974427, eval loss: [NA]
Epoch: 20, loss: 10.108895931243897, eval loss: [NA]
Epoch: 21, loss: 10.097866802215576, eval loss: [NA]
Epoch: 22, loss: 10.097891998291015, eval loss: [NA]
Epoch: 23, loss: 10.104796566963195, eval loss: [NA]
Epoch: 24, loss: 10.090246214866639, eval loss: [NA]
Epoch: 25, loss: 10.091867141723633, eval loss: [NA]
Epoch: 26, loss: 10.083999395370483, eval loss: [NA]
Epoch: 27, loss: 10.086805691719055, eval loss: [NA]
Epoch: 28, loss: 10.08010754585266, eval loss: [NA]
Epoch: 29, loss: 10.0760764503479, eval loss: [NA]
start update posterior model
Epoch: 0, loss: 12.947842025756836, eval loss: [NA]
Epoch: 1, loss: 12.932112584114074, eval loss: [NA]
Epoch: 2, loss: 12.939781122207641, eval loss: [NA]
Epoch: 3, loss: 12.935214948654174, eval loss: [NA]
Epoch: 4, loss: 12.939039106369018, eval loss: [NA]
Epoch: 5, loss: 12.932591013908386, eval loss: [NA]
Epoch: 6, loss: 12.933524250984192, eval loss: [NA]
Epoch: 7, loss: 12.934184627532959, eval loss: [NA]
Epoch: 8, loss: 12.934670300483704, eval loss: [NA]
Epoch: 9, loss: 12.937741546630859, eval loss: [NA]
Epoch: 10, loss: 12.936677212715148, eval loss: [NA]
Epoch: 11, loss: 12.93065791130066, eval loss: [NA]
Epoch: 12, loss: 12.930499649047851, eval loss: [NA]
Epoch: 13, loss: 12.933486022949218, eval loss: [NA]
Epoch: 14, loss: 12.935230102539062, eval loss: [NA]
Epoch: 15, loss: 12.934444551467896, eval loss: [NA]
Epoch: 16, loss: 12.934244141578674, eval loss: [NA]
Epoch: 17, loss: 12.934705209732055, eval loss: [NA]
Epoch: 18, loss: 12.931463537216187, eval loss: [NA]
Epoch: 19, loss: 12.933896589279176, eval loss: [NA]
Epoch: 20, loss: 12.930139031410217, eval loss: [NA]
Epoch: 21, loss: 12.934295649528503, eval loss: [NA]
Epoch: 22, loss: 12.931787447929382, eval loss: [NA]
Epoch: 23, loss: 12.932691435813904, eval loss: [NA]
Epoch: 24, loss: 12.932737202644349, eval loss: [NA]
Epoch: 25, loss: 12.934232878684998, eval loss: [NA]
Epoch: 26, loss: 12.931960120201111, eval loss: [NA]
Epoch: 27, loss: 12.931887865066528, eval loss: [NA]
Epoch: 28, loss: 12.93354425907135, eval loss: [NA]
Epoch: 29, loss: 12.930418043136596, eval loss: [NA]
Iteration: 3
start update likelihood model
Epoch: 0, loss: 10.085209612846375, eval loss: [NA]
Epoch: 1, loss: 10.083927998542785, eval loss: [NA]
Epoch: 2, loss: 10.080569553375245, eval loss: [NA]
Epoch: 3, loss: 10.069999051094054, eval loss: [NA]
Epoch: 4, loss: 10.065934281349183, eval loss: [NA]
Epoch: 5, loss: 10.060688762664794, eval loss: [NA]
Epoch: 6, loss: 10.056402397155761, eval loss: [NA]
Epoch: 7, loss: 10.062083749771118, eval loss: [NA]
Epoch: 8, loss: 10.051157379150391, eval loss: [NA]
Epoch: 9, loss: 10.046196503639221, eval loss: [NA]
Epoch: 10, loss: 10.056287693977357, eval loss: [NA]
Epoch: 11, loss: 10.036026396751403, eval loss: [NA]
Epoch: 12, loss: 10.050087652206422, eval loss: [NA]
Epoch: 13, loss: 10.046743521690368, eval loss: [NA]
Epoch: 14, loss: 10.052267909049988, eval loss: [NA]
Epoch: 15, loss: 10.042286639213563, eval loss: [NA]
Epoch: 16, loss: 10.04131537437439, eval loss: [NA]
Epoch: 17, loss: 10.031328563690186, eval loss: [NA]
Epoch: 18, loss: 10.035500078201293, eval loss: [NA]
Epoch: 19, loss: 10.027980766296388, eval loss: [NA]
Epoch: 20, loss: 10.031509084701538, eval loss: [NA]
Epoch: 21, loss: 10.035852785110473, eval loss: [NA]
Epoch: 22, loss: 10.02602011680603, eval loss: [NA]
Epoch: 23, loss: 10.02681821346283, eval loss: [NA]
Epoch: 24, loss: 10.030919260978699, eval loss: [NA]
Epoch: 25, loss: 10.015577235221862, eval loss: [NA]
Epoch: 26, loss: 10.021469445228577, eval loss: [NA]
Epoch: 27, loss: 10.02258957862854, eval loss: [NA]
Epoch: 28, loss: 10.012425241470337, eval loss: [NA]
Epoch: 29, loss: 10.017023644447328, eval loss: [NA]
start update posterior model
Epoch: 0, loss: 12.96143343925476, eval loss: [NA]
Epoch: 1, loss: 12.956251344680787, eval loss: [NA]
Epoch: 2, loss: 12.9557874250412, eval loss: [NA]
Epoch: 3, loss: 12.952602138519287, eval loss: [NA]
Epoch: 4, loss: 12.952143211364746, eval loss: [NA]
Epoch: 5, loss: 12.951914553642274, eval loss: [NA]
Epoch: 6, loss: 12.955930309295654, eval loss: [NA]
Epoch: 7, loss: 12.956291851997376, eval loss: [NA]
Epoch: 8, loss: 12.954981656074525, eval loss: [NA]
Epoch: 9, loss: 12.952940979003905, eval loss: [NA]
Epoch: 10, loss: 12.95228413105011, eval loss: [NA]
Epoch: 11, loss: 12.952659726142883, eval loss: [NA]
Epoch: 12, loss: 12.950462322235108, eval loss: [NA]
Epoch: 13, loss: 12.951994681358338, eval loss: [NA]
Epoch: 14, loss: 12.9502162027359, eval loss: [NA]
Epoch: 15, loss: 12.955336384773254, eval loss: [NA]
Epoch: 16, loss: 12.94933931350708, eval loss: [NA]
Epoch: 17, loss: 12.951810493469239, eval loss: [NA]
Epoch: 18, loss: 12.953346257209779, eval loss: [NA]
Epoch: 19, loss: 12.949759140014649, eval loss: [NA]
Epoch: 20, loss: 12.950607061386108, eval loss: [NA]
Epoch: 21, loss: 12.948793883323669, eval loss: [NA]
Epoch: 22, loss: 12.950821413993836, eval loss: [NA]
Epoch: 23, loss: 12.950310206413269, eval loss: [NA]
Epoch: 24, loss: 12.947501826286317, eval loss: [NA]
Epoch: 25, loss: 12.950614099502564, eval loss: [NA]
Epoch: 26, loss: 12.950771350860595, eval loss: [NA]
Epoch: 27, loss: 12.955220212936402, eval loss: [NA]
Epoch: 28, loss: 12.950937685966492, eval loss: [NA]
Epoch: 29, loss: 12.956597151756286, eval loss: [NA]
Iteration: 4
start update likelihood model
Epoch: 0, loss: 10.053469910621644, eval loss: [NA]
Epoch: 1, loss: 10.036407237052918, eval loss: [NA]
Epoch: 2, loss: 10.019865527153016, eval loss: [NA]
Epoch: 3, loss: 10.023171224594115, eval loss: [NA]
Epoch: 4, loss: 10.013078851699829, eval loss: [NA]
Epoch: 5, loss: 10.01411793231964, eval loss: [NA]
Epoch: 6, loss: 10.010157985687256, eval loss: [NA]
Epoch: 7, loss: 10.017547235488891, eval loss: [NA]
Epoch: 8, loss: 10.004703392982483, eval loss: [NA]
Epoch: 9, loss: 10.013363275527954, eval loss: [NA]
Epoch: 10, loss: 10.004916729927062, eval loss: [NA]
Epoch: 11, loss: 9.99592933177948, eval loss: [NA]
Epoch: 12, loss: 9.997027416229248, eval loss: [NA]
Epoch: 13, loss: 10.007494082450867, eval loss: [NA]
Epoch: 14, loss: 9.99631164073944, eval loss: [NA]
Epoch: 15, loss: 9.995041766166686, eval loss: [NA]
Epoch: 16, loss: 9.997611255645753, eval loss: [NA]
Epoch: 17, loss: 9.992325401306152, eval loss: [NA]
Epoch: 18, loss: 10.00406466960907, eval loss: [NA]
Epoch: 19, loss: 9.99862545967102, eval loss: [NA]
Epoch: 20, loss: 9.993471436500549, eval loss: [NA]
Epoch: 21, loss: 9.979066133499146, eval loss: [NA]
Epoch: 22, loss: 9.97955428123474, eval loss: [NA]
Epoch: 23, loss: 9.97737708568573, eval loss: [NA]
Epoch: 24, loss: 9.978063702583313, eval loss: [NA]
Epoch: 25, loss: 9.977365112304687, eval loss: [NA]
Epoch: 26, loss: 9.973291053771973, eval loss: [NA]
Epoch: 27, loss: 9.976261043548584, eval loss: [NA]
Epoch: 28, loss: 9.972390365600585, eval loss: [NA]
Epoch: 29, loss: 9.96666536808014, eval loss: [NA]
start update posterior model
Epoch: 0, loss: 12.865537509918212, eval loss: [NA]
Epoch: 1, loss: 12.864003400802613, eval loss: [NA]
Epoch: 2, loss: 12.858471479415893, eval loss: [NA]
Epoch: 3, loss: 12.861294312477112, eval loss: [NA]
Epoch: 4, loss: 12.859556221961975, eval loss: [NA]
Epoch: 5, loss: 12.861646218299866, eval loss: [NA]
Epoch: 6, loss: 12.859448232650756, eval loss: [NA]
Epoch: 7, loss: 12.861078505516053, eval loss: [NA]
Epoch: 8, loss: 12.862398934364318, eval loss: [NA]
Epoch: 9, loss: 12.86067744255066, eval loss: [NA]
Epoch: 10, loss: 12.859283876419067, eval loss: [NA]
Epoch: 11, loss: 12.858579216003418, eval loss: [NA]
Epoch: 12, loss: 12.863387999534607, eval loss: [NA]
Epoch: 13, loss: 12.864180388450622, eval loss: [NA]
Epoch: 14, loss: 12.861291675567626, eval loss: [NA]
Epoch: 15, loss: 12.862119359970093, eval loss: [NA]
Epoch: 16, loss: 12.863054013252258, eval loss: [NA]
Epoch: 17, loss: 12.861157107353211, eval loss: [NA]
Epoch: 18, loss: 12.857160468101501, eval loss: [NA]
Epoch: 19, loss: 12.859809002876283, eval loss: [NA]
Epoch: 20, loss: 12.864799089431763, eval loss: [NA]
Epoch: 21, loss: 12.859855608940125, eval loss: [NA]
Epoch: 22, loss: 12.859419174194336, eval loss: [NA]
Epoch: 23, loss: 12.860828928947448, eval loss: [NA]
Epoch: 24, loss: 12.858130068778992, eval loss: [NA]
Epoch: 25, loss: 12.861590557098388, eval loss: [NA]
Epoch: 26, loss: 12.861299614906311, eval loss: [NA]
Epoch: 27, loss: 12.858736357688905, eval loss: [NA]
Epoch: 28, loss: 12.859999313354493, eval loss: [NA]
Epoch: 29, loss: 12.858086824417114, eval loss: [NA]

Runtime:617.61
[7152085057.7593, 0.0315, 0.0198, 0.0182]
[51227332.0, 1.1724, 1.1976, 1.1852]
[1.8357716720287744e+16, 1.3739, 1.3909, 1.3907]
KL div untrained: 13252274198.7366
KL div trained: 0.0176
