Input args:
Dim: 2
seed: 10
seed_data: 10
/home/samwiq/snpla/seq-posterior-approx-w-nf-dev/mv_gaussian/2d w 5 obs/lunarc
/home/samwiq/snpla/seq-posterior-approx-w-nf-dev/mv_gaussian
tensor(1.2073e+21, grad_fn=<MeanBackward0>)
tensor(1.3610e+12, grad_fn=<MeanBackward0>)
tensor([-1.3121e+13,  4.0863e+11,  7.8610e+10,  8.3463e+04,  3.2669e+04,
         1.6172e+09,  2.0394e+07,  1.6112e+06,  7.0810e+04, -1.9301e+03],
       grad_fn=<MeanBackward1>)
tensor([2.7136e+14, 8.4501e+12, 1.6250e+12, 8.8794e+05, 3.5057e+05, 3.3447e+10,
        4.6132e+08, 4.8689e+07, 1.1961e+06, 4.4867e+04],
       grad_fn=<StdBackward1>)
tensor([-2.0528, -3.3627, -1.7006, -3.0799, -0.2618, -1.2785, -2.3681, -3.6668,
        -2.7483, -3.0060])
start full training
Iteration: 1
start update likelihood model
Epoch: 0, loss: 18.674385890960693, eval loss: [NA]
Epoch: 1, loss: 12.964799790382385, eval loss: [NA]
Epoch: 2, loss: 10.977177987098694, eval loss: [NA]
Epoch: 3, loss: 10.55563290119171, eval loss: [NA]
Epoch: 4, loss: 10.455293469429016, eval loss: [NA]
Epoch: 5, loss: 10.398297700881958, eval loss: [NA]
Epoch: 6, loss: 10.347035145759582, eval loss: [NA]
Epoch: 7, loss: 10.328161163330078, eval loss: [NA]
Epoch: 8, loss: 10.296093349456788, eval loss: [NA]
Epoch: 9, loss: 10.26272964477539, eval loss: [NA]
Epoch: 10, loss: 10.267868137359619, eval loss: [NA]
Epoch: 11, loss: 10.258447675704955, eval loss: [NA]
Epoch: 12, loss: 10.240764627456665, eval loss: [NA]
Epoch: 13, loss: 10.213294649124146, eval loss: [NA]
Epoch: 14, loss: 10.244446053504944, eval loss: [NA]
Epoch: 15, loss: 10.238178248405456, eval loss: [NA]
Epoch: 16, loss: 10.206325759887696, eval loss: [NA]
Epoch: 17, loss: 10.20095121383667, eval loss: [NA]
Epoch: 18, loss: 10.229616560935973, eval loss: [NA]
Epoch: 19, loss: 10.216775269508362, eval loss: [NA]
Epoch: 20, loss: 10.202521080970763, eval loss: [NA]
Epoch: 21, loss: 10.210914807319641, eval loss: [NA]
Epoch: 22, loss: 10.194957332611084, eval loss: [NA]
Epoch: 23, loss: 10.17359094619751, eval loss: [NA]
Epoch: 24, loss: 10.201884107589722, eval loss: [NA]
start update posterior model from prior pred - hot start
Epoch: 0, loss: 2.4122261321544647, eval loss: [NA]
Epoch: 1, loss: 0.9989277178049087, eval loss: [NA]
Epoch: 2, loss: 0.7146873241662979, eval loss: [NA]
Epoch: 3, loss: 0.6161253291368485, eval loss: [NA]
Epoch: 4, loss: 0.5636947757005691, eval loss: [NA]
start update posterior model
Epoch: 0, loss: 15.23441819190979, eval loss: [NA]
Epoch: 1, loss: 15.214854407310487, eval loss: [NA]
Epoch: 2, loss: 15.194866771697997, eval loss: [NA]
Epoch: 3, loss: 15.196723337173461, eval loss: [NA]
Epoch: 4, loss: 15.180749325752258, eval loss: [NA]
Epoch: 5, loss: 15.177384281158448, eval loss: [NA]
Epoch: 6, loss: 15.188520946502685, eval loss: [NA]
Epoch: 7, loss: 15.170155138969422, eval loss: [NA]
Epoch: 8, loss: 15.1757949924469, eval loss: [NA]
Epoch: 9, loss: 15.18354302406311, eval loss: [NA]
Epoch: 10, loss: 15.170378646850587, eval loss: [NA]
Epoch: 11, loss: 15.17211184501648, eval loss: [NA]
Epoch: 12, loss: 15.18722486972809, eval loss: [NA]
Epoch: 13, loss: 15.174649839401246, eval loss: [NA]
Epoch: 14, loss: 15.176145391464233, eval loss: [NA]
Epoch: 15, loss: 15.177765979766846, eval loss: [NA]
Epoch: 16, loss: 15.179884595870972, eval loss: [NA]
Epoch: 17, loss: 15.170175881385804, eval loss: [NA]
Epoch: 18, loss: 15.166451778411865, eval loss: [NA]
Epoch: 19, loss: 15.17345269203186, eval loss: [NA]
Epoch: 20, loss: 15.170876369476318, eval loss: [NA]
Epoch: 21, loss: 15.177193131446838, eval loss: [NA]
Epoch: 22, loss: 15.172052884101868, eval loss: [NA]
Epoch: 23, loss: 15.164258818626404, eval loss: [NA]
Epoch: 24, loss: 15.169553894996643, eval loss: [NA]
Epoch: 25, loss: 15.169805068969726, eval loss: [NA]
Epoch: 26, loss: 15.16772617816925, eval loss: [NA]
Epoch: 27, loss: 15.174424967765809, eval loss: [NA]
Epoch: 28, loss: 15.181137804985047, eval loss: [NA]
Epoch: 29, loss: 15.16895357131958, eval loss: [NA]
Iteration: 2
start update likelihood model
Epoch: 0, loss: 10.18935393333435, eval loss: [NA]
Epoch: 1, loss: 10.18442795753479, eval loss: [NA]
Epoch: 2, loss: 10.162783808708191, eval loss: [NA]
Epoch: 3, loss: 10.171847701072693, eval loss: [NA]
Epoch: 4, loss: 10.174041190147399, eval loss: [NA]
Epoch: 5, loss: 10.138659110069275, eval loss: [NA]
Epoch: 6, loss: 10.166023807525635, eval loss: [NA]
Epoch: 7, loss: 10.135824522972108, eval loss: [NA]
Epoch: 8, loss: 10.149956474304199, eval loss: [NA]
Epoch: 9, loss: 10.15217884540558, eval loss: [NA]
Epoch: 10, loss: 10.135228934288024, eval loss: [NA]
Epoch: 11, loss: 10.137923164367676, eval loss: [NA]
Epoch: 12, loss: 10.144520931243896, eval loss: [NA]
Epoch: 13, loss: 10.12166847705841, eval loss: [NA]
Epoch: 14, loss: 10.113597884178162, eval loss: [NA]
Epoch: 15, loss: 10.126871628761291, eval loss: [NA]
Epoch: 16, loss: 10.128516225814819, eval loss: [NA]
Epoch: 17, loss: 10.119576930999756, eval loss: [NA]
Epoch: 18, loss: 10.122874026298524, eval loss: [NA]
Epoch: 19, loss: 10.128494668006898, eval loss: [NA]
Epoch: 20, loss: 10.119283108711242, eval loss: [NA]
Epoch: 21, loss: 10.128677921295166, eval loss: [NA]
Epoch: 22, loss: 10.126667575836182, eval loss: [NA]
Epoch: 23, loss: 10.111751656532288, eval loss: [NA]
Epoch: 24, loss: 10.117303066253662, eval loss: [NA]
Epoch: 25, loss: 10.116847968101501, eval loss: [NA]
Epoch: 26, loss: 10.114644508361817, eval loss: [NA]
Epoch: 27, loss: 10.107106657028199, eval loss: [NA]
Epoch: 28, loss: 10.112447338104248, eval loss: [NA]
Epoch: 29, loss: 10.085978803634644, eval loss: [NA]
start update posterior model
Epoch: 0, loss: 14.830110540390015, eval loss: [NA]
Epoch: 1, loss: 14.834151906967163, eval loss: [NA]
Epoch: 2, loss: 14.833165717124938, eval loss: [NA]
Epoch: 3, loss: 14.830727205276489, eval loss: [NA]
Epoch: 4, loss: 14.826004056930541, eval loss: [NA]
Epoch: 5, loss: 14.83027168750763, eval loss: [NA]
Epoch: 6, loss: 14.839715723991395, eval loss: [NA]
Epoch: 7, loss: 14.828627634048463, eval loss: [NA]
Epoch: 8, loss: 14.826386108398438, eval loss: [NA]
Epoch: 9, loss: 14.827838912010193, eval loss: [NA]
Epoch: 10, loss: 14.833002371788025, eval loss: [NA]
Epoch: 11, loss: 14.828483777046204, eval loss: [NA]
Epoch: 12, loss: 14.82681082725525, eval loss: [NA]
Epoch: 13, loss: 14.828160996437072, eval loss: [NA]
Epoch: 14, loss: 14.832654671669006, eval loss: [NA]
Epoch: 15, loss: 14.83521897315979, eval loss: [NA]
Epoch: 16, loss: 14.822885499000549, eval loss: [NA]
Epoch: 17, loss: 14.8346346950531, eval loss: [NA]
Epoch: 18, loss: 14.8274147605896, eval loss: [NA]
Epoch: 19, loss: 14.82920060634613, eval loss: [NA]
Epoch: 20, loss: 14.826288628578187, eval loss: [NA]
Epoch: 21, loss: 14.826822595596314, eval loss: [NA]
Epoch: 22, loss: 14.829494156837463, eval loss: [NA]
Epoch: 23, loss: 14.82834481716156, eval loss: [NA]
Epoch: 24, loss: 14.825164036750794, eval loss: [NA]
Epoch: 25, loss: 14.827884893417359, eval loss: [NA]
Epoch: 26, loss: 14.836008639335633, eval loss: [NA]
Epoch: 27, loss: 14.829118027687073, eval loss: [NA]
Epoch: 28, loss: 14.822118735313415, eval loss: [NA]
Epoch: 29, loss: 14.825329632759095, eval loss: [NA]
Iteration: 3
start update likelihood model
Epoch: 0, loss: 10.14328552722931, eval loss: [NA]
Epoch: 1, loss: 10.132368083000182, eval loss: [NA]
Epoch: 2, loss: 10.128401803970338, eval loss: [NA]
Epoch: 3, loss: 10.148582062721253, eval loss: [NA]
Epoch: 4, loss: 10.12207745552063, eval loss: [NA]
Epoch: 5, loss: 10.11443325996399, eval loss: [NA]
Epoch: 6, loss: 10.107338676452637, eval loss: [NA]
Epoch: 7, loss: 10.093423023223878, eval loss: [NA]
Epoch: 8, loss: 10.109037408828735, eval loss: [NA]
Epoch: 9, loss: 10.094448671340942, eval loss: [NA]
Epoch: 10, loss: 10.103613138198853, eval loss: [NA]
Epoch: 11, loss: 10.09503101348877, eval loss: [NA]
Epoch: 12, loss: 10.095990500450135, eval loss: [NA]
Epoch: 13, loss: 10.095634670257569, eval loss: [NA]
Epoch: 14, loss: 10.096031665802002, eval loss: [NA]
Epoch: 15, loss: 10.085387940406799, eval loss: [NA]
Epoch: 16, loss: 10.091474118232727, eval loss: [NA]
Epoch: 17, loss: 10.08122901916504, eval loss: [NA]
Epoch: 18, loss: 10.096891136169434, eval loss: [NA]
Epoch: 19, loss: 10.081192703247071, eval loss: [NA]
Epoch: 20, loss: 10.087958035469056, eval loss: [NA]
Epoch: 21, loss: 10.086584186553955, eval loss: [NA]
Epoch: 22, loss: 10.065431413650513, eval loss: [NA]
Epoch: 23, loss: 10.080014357566833, eval loss: [NA]
Epoch: 24, loss: 10.070514402389527, eval loss: [NA]
Epoch: 25, loss: 10.08380606651306, eval loss: [NA]
Epoch: 26, loss: 10.078599424362183, eval loss: [NA]
Epoch: 27, loss: 10.074077019691467, eval loss: [NA]
Epoch: 28, loss: 10.070020604133607, eval loss: [NA]
Epoch: 29, loss: 10.070180535316467, eval loss: [NA]
start update posterior model
Epoch: 0, loss: 14.643399648666382, eval loss: [NA]
Epoch: 1, loss: 14.640857992172242, eval loss: [NA]
Epoch: 2, loss: 14.650808944702149, eval loss: [NA]
Epoch: 3, loss: 14.645293245315552, eval loss: [NA]
Epoch: 4, loss: 14.643294992446899, eval loss: [NA]
Epoch: 5, loss: 14.643745574951172, eval loss: [NA]
Epoch: 6, loss: 14.645188660621644, eval loss: [NA]
Epoch: 7, loss: 14.647147912979126, eval loss: [NA]
Epoch: 8, loss: 14.643239965438843, eval loss: [NA]
Epoch: 9, loss: 14.641241803169251, eval loss: [NA]
Epoch: 10, loss: 14.638211846351624, eval loss: [NA]
Epoch: 11, loss: 14.639119548797607, eval loss: [NA]
Epoch: 12, loss: 14.643860759735107, eval loss: [NA]
Epoch: 13, loss: 14.639625968933105, eval loss: [NA]
Epoch: 14, loss: 14.643514618873596, eval loss: [NA]
Epoch: 15, loss: 14.641287527084351, eval loss: [NA]
Epoch: 16, loss: 14.639571161270142, eval loss: [NA]
Epoch: 17, loss: 14.647808556556702, eval loss: [NA]
Epoch: 18, loss: 14.646483035087586, eval loss: [NA]
Epoch: 19, loss: 14.641679606437684, eval loss: [NA]
Epoch: 20, loss: 14.640900549888611, eval loss: [NA]
Epoch: 21, loss: 14.64465274810791, eval loss: [NA]
Epoch: 22, loss: 14.64839192867279, eval loss: [NA]
Epoch: 23, loss: 14.643007593154907, eval loss: [NA]
Epoch: 24, loss: 14.641724319458008, eval loss: [NA]
Epoch: 25, loss: 14.64694547176361, eval loss: [NA]
Epoch: 26, loss: 14.640888543128968, eval loss: [NA]
Epoch: 27, loss: 14.643594002723693, eval loss: [NA]
Epoch: 28, loss: 14.64660050868988, eval loss: [NA]
Epoch: 29, loss: 14.641382217407227, eval loss: [NA]
Iteration: 4
start update likelihood model
Epoch: 0, loss: 10.078077721595765, eval loss: [NA]
Epoch: 1, loss: 10.068491430282593, eval loss: [NA]
Epoch: 2, loss: 10.06242434501648, eval loss: [NA]
Epoch: 3, loss: 10.04959270477295, eval loss: [NA]
Epoch: 4, loss: 10.055818705558776, eval loss: [NA]
Epoch: 5, loss: 10.054242968559265, eval loss: [NA]
Epoch: 6, loss: 10.066697988510132, eval loss: [NA]
Epoch: 7, loss: 10.046828260421753, eval loss: [NA]
Epoch: 8, loss: 10.055131449699402, eval loss: [NA]
Epoch: 9, loss: 10.047507562637328, eval loss: [NA]
Epoch: 10, loss: 10.042186307907105, eval loss: [NA]
Epoch: 11, loss: 10.055147786140441, eval loss: [NA]
Epoch: 12, loss: 10.043987731933594, eval loss: [NA]
Epoch: 13, loss: 10.043005928993225, eval loss: [NA]
Epoch: 14, loss: 10.037833642959594, eval loss: [NA]
Epoch: 15, loss: 10.049431567192078, eval loss: [NA]
Epoch: 16, loss: 10.035084867477417, eval loss: [NA]
Epoch: 17, loss: 10.048382573127746, eval loss: [NA]
Epoch: 18, loss: 10.03603362083435, eval loss: [NA]
Epoch: 19, loss: 10.03580855846405, eval loss: [NA]
Epoch: 20, loss: 10.039602718353272, eval loss: [NA]
Epoch: 21, loss: 10.045003862380982, eval loss: [NA]
Epoch: 22, loss: 10.041727709770203, eval loss: [NA]
Epoch: 23, loss: 10.044965662956237, eval loss: [NA]
Epoch: 24, loss: 10.02729555606842, eval loss: [NA]
Epoch: 25, loss: 10.023717260360717, eval loss: [NA]
Epoch: 26, loss: 10.027649173736572, eval loss: [NA]
Epoch: 27, loss: 10.026628646850586, eval loss: [NA]
Epoch: 28, loss: 10.035588722229004, eval loss: [NA]
Epoch: 29, loss: 10.020345554351806, eval loss: [NA]
start update posterior model
Epoch: 0, loss: 14.538186926841735, eval loss: [NA]
Epoch: 1, loss: 14.534266805648803, eval loss: [NA]
Epoch: 2, loss: 14.531062116622925, eval loss: [NA]
Epoch: 3, loss: 14.532096166610717, eval loss: [NA]
Epoch: 4, loss: 14.534476461410522, eval loss: [NA]
Epoch: 5, loss: 14.53277370929718, eval loss: [NA]
Epoch: 6, loss: 14.532933712005615, eval loss: [NA]
Epoch: 7, loss: 14.536874194145202, eval loss: [NA]
Epoch: 8, loss: 14.532271819114685, eval loss: [NA]
Epoch: 9, loss: 14.532721118927002, eval loss: [NA]
Epoch: 10, loss: 14.5294881772995, eval loss: [NA]
Epoch: 11, loss: 14.53371883392334, eval loss: [NA]
Epoch: 12, loss: 14.533023824691773, eval loss: [NA]
Epoch: 13, loss: 14.532673959732056, eval loss: [NA]
Epoch: 14, loss: 14.53377935886383, eval loss: [NA]
Epoch: 15, loss: 14.53924611568451, eval loss: [NA]
Epoch: 16, loss: 14.53434151649475, eval loss: [NA]
Epoch: 17, loss: 14.528177938461305, eval loss: [NA]
Epoch: 18, loss: 14.531450357437134, eval loss: [NA]
Epoch: 19, loss: 14.529491505622865, eval loss: [NA]
Epoch: 20, loss: 14.530122227668762, eval loss: [NA]
Epoch: 21, loss: 14.536024646759033, eval loss: [NA]
Epoch: 22, loss: 14.52812698841095, eval loss: [NA]
Epoch: 23, loss: 14.529212107658386, eval loss: [NA]
Epoch: 24, loss: 14.530276136398316, eval loss: [NA]
Epoch: 25, loss: 14.528773341178894, eval loss: [NA]
Epoch: 26, loss: 14.530074110031128, eval loss: [NA]
Epoch: 27, loss: 14.53180666923523, eval loss: [NA]
Epoch: 28, loss: 14.527112874984741, eval loss: [NA]
Epoch: 29, loss: 14.52924286365509, eval loss: [NA]

Runtime:587.53
[10110.1044, 0.0108, 0.0192, 0.0252]
[1361035132928.0, 1.2379, 1.2732, 1.2759]
[1.207301344207439e+21, 1.3821, 1.3859, 1.3997]
KL div untrained: 11541.3587
KL div trained: 0.0115
