Input args:
Dim: 2
seed: 1
seed_data: 10
/home/samwiq/snpla/seq-posterior-approx-w-nf-dev/mv_gaussian/2d w 5 obs/lunarc
/home/samwiq/snpla/seq-posterior-approx-w-nf-dev/mv_gaussian
tensor(7.3163e+12, grad_fn=<MeanBackward0>)
tensor(4.7830e+13, grad_fn=<MeanBackward0>)
tensor([-4.6041e+05, -3.9589e+14, -5.0935e+13, -4.5217e+07, -2.3184e+06,
        -2.2383e+13,  8.8022e+12,  2.8637e+11, -8.3586e+09, -7.1864e+07],
       grad_fn=<MeanBackward1>)
tensor([1.0768e+07, 1.2517e+16, 1.6105e+15, 1.0750e+09, 5.5489e+07, 7.0771e+14,
        2.7831e+14, 9.0546e+12, 2.6428e+11, 2.2722e+09],
       grad_fn=<StdBackward1>)
tensor([ 2.2575,  1.4950,  1.5514,  0.8996,  0.9468, -0.0109, -0.3141, -1.1053,
         0.2689, -0.8532])
start full training
Iteration: 1
start update likelihood model
Epoch: 0, loss: 17.899057388305664, eval loss: [NA]
Epoch: 1, loss: 12.543257069587707, eval loss: [NA]
Epoch: 2, loss: 10.942695574760437, eval loss: [NA]
Epoch: 3, loss: 10.563428630828858, eval loss: [NA]
Epoch: 4, loss: 10.45095281124115, eval loss: [NA]
Epoch: 5, loss: 10.362071895599366, eval loss: [NA]
Epoch: 6, loss: 10.356957640647888, eval loss: [NA]
Epoch: 7, loss: 10.309047560691834, eval loss: [NA]
Epoch: 8, loss: 10.295744619369508, eval loss: [NA]
Epoch: 9, loss: 10.275967469215393, eval loss: [NA]
Epoch: 10, loss: 10.27361445426941, eval loss: [NA]
Epoch: 11, loss: 10.25140410900116, eval loss: [NA]
Epoch: 12, loss: 10.248990545272827, eval loss: [NA]
Epoch: 13, loss: 10.241164836883545, eval loss: [NA]
Epoch: 14, loss: 10.24613781452179, eval loss: [NA]
Epoch: 15, loss: 10.217105331420898, eval loss: [NA]
Epoch: 16, loss: 10.205856113433837, eval loss: [NA]
Epoch: 17, loss: 10.210979657173157, eval loss: [NA]
Epoch: 18, loss: 10.19429265975952, eval loss: [NA]
Epoch: 19, loss: 10.220410089492798, eval loss: [NA]
Epoch: 20, loss: 10.197458257675171, eval loss: [NA]
Epoch: 21, loss: 10.1833012008667, eval loss: [NA]
Epoch: 22, loss: 10.192274460792541, eval loss: [NA]
Epoch: 23, loss: 10.185261855125427, eval loss: [NA]
Epoch: 24, loss: 10.17883635044098, eval loss: [NA]
start update posterior model from prior pred - hot start
Epoch: 0, loss: 2.3131502544879914, eval loss: [NA]
Epoch: 1, loss: 1.053314192146063, eval loss: [NA]
Epoch: 2, loss: 0.7396953283250332, eval loss: [NA]
Epoch: 3, loss: 0.6358356612920761, eval loss: [NA]
Epoch: 4, loss: 0.5905343755334616, eval loss: [NA]
start update posterior model
Epoch: 0, loss: 11.348267030715942, eval loss: [NA]
Epoch: 1, loss: 11.338604588508606, eval loss: [NA]
Epoch: 2, loss: 11.328363733291626, eval loss: [NA]
Epoch: 3, loss: 11.324903297424317, eval loss: [NA]
Epoch: 4, loss: 11.328351373672485, eval loss: [NA]
Epoch: 5, loss: 11.337795567512511, eval loss: [NA]
Epoch: 6, loss: 11.324821262359619, eval loss: [NA]
Epoch: 7, loss: 11.33688943862915, eval loss: [NA]
Epoch: 8, loss: 11.32716368675232, eval loss: [NA]
Epoch: 9, loss: 11.328544073104858, eval loss: [NA]
Epoch: 10, loss: 11.327589383125305, eval loss: [NA]
Epoch: 11, loss: 11.328469562530518, eval loss: [NA]
Epoch: 12, loss: 11.329864778518676, eval loss: [NA]
Epoch: 13, loss: 11.32793701171875, eval loss: [NA]
Epoch: 14, loss: 11.335519256591796, eval loss: [NA]
Epoch: 15, loss: 11.328114895820617, eval loss: [NA]
Epoch: 16, loss: 11.321074347496033, eval loss: [NA]
Epoch: 17, loss: 11.3250342130661, eval loss: [NA]
Epoch: 18, loss: 11.32234359741211, eval loss: [NA]
Epoch: 19, loss: 11.322483868598939, eval loss: [NA]
Epoch: 20, loss: 11.326160650253296, eval loss: [NA]
Epoch: 21, loss: 11.329146709442139, eval loss: [NA]
Epoch: 22, loss: 11.320451035499573, eval loss: [NA]
Epoch: 23, loss: 11.3275541639328, eval loss: [NA]
Epoch: 24, loss: 11.320169277191162, eval loss: [NA]
Epoch: 25, loss: 11.322114825248718, eval loss: [NA]
Epoch: 26, loss: 11.325069618225097, eval loss: [NA]
Epoch: 27, loss: 11.321915264129638, eval loss: [NA]
Epoch: 28, loss: 11.326493325233459, eval loss: [NA]
Epoch: 29, loss: 11.317809023857116, eval loss: [NA]
Iteration: 2
start update likelihood model
Epoch: 0, loss: 10.11105872631073, eval loss: [NA]
Epoch: 1, loss: 10.084988160133362, eval loss: [NA]
Epoch: 2, loss: 10.090234541893006, eval loss: [NA]
Epoch: 3, loss: 10.073475542068481, eval loss: [NA]
Epoch: 4, loss: 10.075259790420532, eval loss: [NA]
Epoch: 5, loss: 10.089312844276428, eval loss: [NA]
Epoch: 6, loss: 10.095074710845948, eval loss: [NA]
Epoch: 7, loss: 10.080099186897279, eval loss: [NA]
Epoch: 8, loss: 10.077274270057679, eval loss: [NA]
Epoch: 9, loss: 10.072209863662719, eval loss: [NA]
Epoch: 10, loss: 10.076020126342774, eval loss: [NA]
Epoch: 11, loss: 10.068153281211853, eval loss: [NA]
Epoch: 12, loss: 10.086209535598755, eval loss: [NA]
Epoch: 13, loss: 10.067555561065674, eval loss: [NA]
Epoch: 14, loss: 10.073490071296693, eval loss: [NA]
Epoch: 15, loss: 10.069832978248597, eval loss: [NA]
Epoch: 16, loss: 10.076419224739075, eval loss: [NA]
Epoch: 17, loss: 10.073529181480408, eval loss: [NA]
Epoch: 18, loss: 10.070886297225952, eval loss: [NA]
Epoch: 19, loss: 10.058013138771058, eval loss: [NA]
Epoch: 20, loss: 10.060369310379029, eval loss: [NA]
Epoch: 21, loss: 10.058217792510986, eval loss: [NA]
Epoch: 22, loss: 10.060084176063537, eval loss: [NA]
Epoch: 23, loss: 10.08157361984253, eval loss: [NA]
Epoch: 24, loss: 10.061900997161866, eval loss: [NA]
Epoch: 25, loss: 10.058487372398377, eval loss: [NA]
Epoch: 26, loss: 10.06478277683258, eval loss: [NA]
Epoch: 27, loss: 10.045196075439453, eval loss: [NA]
Epoch: 28, loss: 10.05003002166748, eval loss: [NA]
Epoch: 29, loss: 10.047875080108643, eval loss: [NA]
start update posterior model
Epoch: 0, loss: 11.724652824401856, eval loss: [NA]
Epoch: 1, loss: 11.714711246490479, eval loss: [NA]
Epoch: 2, loss: 11.715250930786134, eval loss: [NA]
Epoch: 3, loss: 11.719684982299805, eval loss: [NA]
Epoch: 4, loss: 11.71624020576477, eval loss: [NA]
Epoch: 5, loss: 11.721473155021668, eval loss: [NA]
Epoch: 6, loss: 11.716269054412841, eval loss: [NA]
Epoch: 7, loss: 11.719633078575134, eval loss: [NA]
Epoch: 8, loss: 11.71707106590271, eval loss: [NA]
Epoch: 9, loss: 11.713753995895386, eval loss: [NA]
Epoch: 10, loss: 11.713900766372682, eval loss: [NA]
Epoch: 11, loss: 11.719461207389832, eval loss: [NA]
Epoch: 12, loss: 11.713312830924988, eval loss: [NA]
Epoch: 13, loss: 11.719091944694519, eval loss: [NA]
Epoch: 14, loss: 11.717702293395996, eval loss: [NA]
Epoch: 15, loss: 11.714331617355347, eval loss: [NA]
Epoch: 16, loss: 11.71341794013977, eval loss: [NA]
Epoch: 17, loss: 11.714756383895875, eval loss: [NA]
Epoch: 18, loss: 11.710458793640136, eval loss: [NA]
Epoch: 19, loss: 11.714240727424622, eval loss: [NA]
Epoch: 20, loss: 11.713820118904113, eval loss: [NA]
Epoch: 21, loss: 11.712347049713134, eval loss: [NA]
Epoch: 22, loss: 11.711007018089294, eval loss: [NA]
Epoch: 23, loss: 11.711405019760132, eval loss: [NA]
Epoch: 24, loss: 11.712923383712768, eval loss: [NA]
Epoch: 25, loss: 11.714725246429444, eval loss: [NA]
Epoch: 26, loss: 11.712871074676514, eval loss: [NA]
Epoch: 27, loss: 11.713734769821167, eval loss: [NA]
Epoch: 28, loss: 11.714043340682984, eval loss: [NA]
Epoch: 29, loss: 11.713096752166749, eval loss: [NA]
Iteration: 3
start update likelihood model
Epoch: 0, loss: 10.099558596611024, eval loss: [NA]
Epoch: 1, loss: 10.083691430091857, eval loss: [NA]
Epoch: 2, loss: 10.076971793174744, eval loss: [NA]
Epoch: 3, loss: 10.07758008480072, eval loss: [NA]
Epoch: 4, loss: 10.070629796981812, eval loss: [NA]
Epoch: 5, loss: 10.069777512550354, eval loss: [NA]
Epoch: 6, loss: 10.073798666000366, eval loss: [NA]
Epoch: 7, loss: 10.073304467201233, eval loss: [NA]
Epoch: 8, loss: 10.062222909927367, eval loss: [NA]
Epoch: 9, loss: 10.061122980117798, eval loss: [NA]
Epoch: 10, loss: 10.055382227897644, eval loss: [NA]
Epoch: 11, loss: 10.049998469352722, eval loss: [NA]
Epoch: 12, loss: 10.056165914535523, eval loss: [NA]
Epoch: 13, loss: 10.057459712028503, eval loss: [NA]
Epoch: 14, loss: 10.050280890464784, eval loss: [NA]
Epoch: 15, loss: 10.054169130325317, eval loss: [NA]
Epoch: 16, loss: 10.05325629234314, eval loss: [NA]
Epoch: 17, loss: 10.055884895324708, eval loss: [NA]
Epoch: 18, loss: 10.047293524742127, eval loss: [NA]
Epoch: 19, loss: 10.037090992927551, eval loss: [NA]
Epoch: 20, loss: 10.041622924804688, eval loss: [NA]
Epoch: 21, loss: 10.033338108062743, eval loss: [NA]
Epoch: 22, loss: 10.030428562164307, eval loss: [NA]
Epoch: 23, loss: 10.032195711135865, eval loss: [NA]
Epoch: 24, loss: 10.038304133415222, eval loss: [NA]
Epoch: 25, loss: 10.031382694244385, eval loss: [NA]
Epoch: 26, loss: 10.028243279457092, eval loss: [NA]
Epoch: 27, loss: 10.03503176689148, eval loss: [NA]
Epoch: 28, loss: 10.0283318567276, eval loss: [NA]
Epoch: 29, loss: 10.03150468826294, eval loss: [NA]
start update posterior model
Epoch: 0, loss: 10.992013144493104, eval loss: [NA]
Epoch: 1, loss: 10.984815278053283, eval loss: [NA]
Epoch: 2, loss: 10.988151574134827, eval loss: [NA]
Epoch: 3, loss: 10.991232008934022, eval loss: [NA]
Epoch: 4, loss: 10.984738688468934, eval loss: [NA]
Epoch: 5, loss: 10.986321396827698, eval loss: [NA]
Epoch: 6, loss: 10.984817605018616, eval loss: [NA]
Epoch: 7, loss: 10.982818236351013, eval loss: [NA]
Epoch: 8, loss: 10.987017922401428, eval loss: [NA]
Epoch: 9, loss: 10.982868161201477, eval loss: [NA]
Epoch: 10, loss: 10.986957397460937, eval loss: [NA]
Epoch: 11, loss: 10.984670333862304, eval loss: [NA]
Epoch: 12, loss: 10.982226181030274, eval loss: [NA]
Epoch: 13, loss: 10.986893048286438, eval loss: [NA]
Epoch: 14, loss: 10.982520403861999, eval loss: [NA]
Epoch: 15, loss: 10.986845970153809, eval loss: [NA]
Epoch: 16, loss: 10.983332304954528, eval loss: [NA]
Epoch: 17, loss: 10.986334748268128, eval loss: [NA]
Epoch: 18, loss: 10.987079792022705, eval loss: [NA]
Epoch: 19, loss: 10.983477478027345, eval loss: [NA]
Epoch: 20, loss: 10.98473093509674, eval loss: [NA]
Epoch: 21, loss: 10.983148093223571, eval loss: [NA]
Epoch: 22, loss: 10.984392518997192, eval loss: [NA]
Epoch: 23, loss: 10.982318305969239, eval loss: [NA]
Epoch: 24, loss: 10.986431727409363, eval loss: [NA]
Epoch: 25, loss: 10.984970693588258, eval loss: [NA]
Epoch: 26, loss: 10.982743525505066, eval loss: [NA]
Epoch: 27, loss: 10.982507033348083, eval loss: [NA]
Epoch: 28, loss: 10.984105863571166, eval loss: [NA]
Epoch: 29, loss: 10.984673862457276, eval loss: [NA]
Iteration: 4
start update likelihood model
Epoch: 0, loss: 10.08907715320587, eval loss: [NA]
Epoch: 1, loss: 10.069741215705871, eval loss: [NA]
Epoch: 2, loss: 10.069372396469117, eval loss: [NA]
Epoch: 3, loss: 10.058519268035889, eval loss: [NA]
Epoch: 4, loss: 10.052382140159606, eval loss: [NA]
Epoch: 5, loss: 10.054694509506225, eval loss: [NA]
Epoch: 6, loss: 10.061073274612427, eval loss: [NA]
Epoch: 7, loss: 10.0483194065094, eval loss: [NA]
Epoch: 8, loss: 10.055780525207519, eval loss: [NA]
Epoch: 9, loss: 10.056892104148865, eval loss: [NA]
Epoch: 10, loss: 10.05052610397339, eval loss: [NA]
Epoch: 11, loss: 10.04390247821808, eval loss: [NA]
Epoch: 12, loss: 10.04317621231079, eval loss: [NA]
Epoch: 13, loss: 10.044501781463623, eval loss: [NA]
Epoch: 14, loss: 10.0480721950531, eval loss: [NA]
Epoch: 15, loss: 10.04197024822235, eval loss: [NA]
Epoch: 16, loss: 10.038350009918213, eval loss: [NA]
Epoch: 17, loss: 10.038848032951355, eval loss: [NA]
Epoch: 18, loss: 10.034256715774536, eval loss: [NA]
Epoch: 19, loss: 10.037026681900024, eval loss: [NA]
Epoch: 20, loss: 10.03676594734192, eval loss: [NA]
Epoch: 21, loss: 10.027868523597718, eval loss: [NA]
Epoch: 22, loss: 10.026496930122375, eval loss: [NA]
Epoch: 23, loss: 10.034264531135559, eval loss: [NA]
Epoch: 24, loss: 10.027521438598633, eval loss: [NA]
Epoch: 25, loss: 10.022244453430176, eval loss: [NA]
Epoch: 26, loss: 10.024651236534119, eval loss: [NA]
Epoch: 27, loss: 10.026102485656738, eval loss: [NA]
Epoch: 28, loss: 10.017398219108582, eval loss: [NA]
Epoch: 29, loss: 10.02323847770691, eval loss: [NA]
start update posterior model
Epoch: 0, loss: 10.931248664855957, eval loss: [NA]
Epoch: 1, loss: 10.926158509254456, eval loss: [NA]
Epoch: 2, loss: 10.925337653160096, eval loss: [NA]
Epoch: 3, loss: 10.930444927215577, eval loss: [NA]
Epoch: 4, loss: 10.923889851570129, eval loss: [NA]
Epoch: 5, loss: 10.92400547504425, eval loss: [NA]
Epoch: 6, loss: 10.925620956420898, eval loss: [NA]
Epoch: 7, loss: 10.925937852859498, eval loss: [NA]
Epoch: 8, loss: 10.924975266456604, eval loss: [NA]
Epoch: 9, loss: 10.922687139511108, eval loss: [NA]
Epoch: 10, loss: 10.925352749824524, eval loss: [NA]
Epoch: 11, loss: 10.922580661773681, eval loss: [NA]
Epoch: 12, loss: 10.923390522003174, eval loss: [NA]
Epoch: 13, loss: 10.92572991847992, eval loss: [NA]
Epoch: 14, loss: 10.924932899475097, eval loss: [NA]
Epoch: 15, loss: 10.924168577194214, eval loss: [NA]
Epoch: 16, loss: 10.93151620388031, eval loss: [NA]
Epoch: 17, loss: 10.924326343536377, eval loss: [NA]
Epoch: 18, loss: 10.922747950553894, eval loss: [NA]
Epoch: 19, loss: 10.924609379768372, eval loss: [NA]
Epoch: 20, loss: 10.925074744224549, eval loss: [NA]
Epoch: 21, loss: 10.927967023849487, eval loss: [NA]
Epoch: 22, loss: 10.923250646591187, eval loss: [NA]
Epoch: 23, loss: 10.924995412826538, eval loss: [NA]
Epoch: 24, loss: 10.922657914161682, eval loss: [NA]
Epoch: 25, loss: 10.925190405845642, eval loss: [NA]
Epoch: 26, loss: 10.925225090980529, eval loss: [NA]
Epoch: 27, loss: 10.922713408470154, eval loss: [NA]
Epoch: 28, loss: 10.92349308013916, eval loss: [NA]
Epoch: 29, loss: 10.924105467796325, eval loss: [NA]

Runtime:581.59
[755821.0036, 0.0063, 0.0089, 0.0046]
[47830295117824.0, 1.3297, 1.3421, 1.3502]
[7316262879232.0, 1.3943, 1.4034, 1.423]
KL div untrained: 15773200.5221
KL div trained: 0.0081
