Input args:
Dim: 2
seed: 9
seed_data: 10
/home/samwiq/spa/seq-posterior-approx-w-nf-dev/mv_gaussian/2d w 5 obs/lunarc
/home/samwiq/spa/seq-posterior-approx-w-nf-dev/mv_gaussian
tensor(7.9056e+12, grad_fn=<MeanBackward0>)
tensor(2.5405e+11, grad_fn=<MeanBackward0>)
tensor([ 5.3305e+03,  2.4295e+12, -1.0751e+11,  2.9995e+09, -2.2765e+03,
        -3.6994e+03, -4.5211e+08,  5.5070e+07, -1.3191e+06, -3.9278e+04],
       grad_fn=<MeanBackward1>)
tensor([3.8651e+04, 5.4122e+13, 2.3951e+12, 6.6821e+10, 3.5482e+04, 8.8163e+04,
        1.0072e+10, 1.2268e+09, 2.9387e+07, 8.7429e+05],
       grad_fn=<StdBackward1>)
tensor([ 0.1527,  5.0296, -0.1720,  4.1212,  1.6518,  6.0040,  0.5523,  4.8475,
         0.9799,  5.5771])
start full training
Iteration: 1
start update likelihood model
Epoch: 0, loss: 19.25149821281433, eval loss: [NA]
Epoch: 1, loss: 13.031015515327454, eval loss: [NA]
Epoch: 2, loss: 11.033936123847962, eval loss: [NA]
Epoch: 3, loss: 10.630945329666138, eval loss: [NA]
Epoch: 4, loss: 10.470927133560181, eval loss: [NA]
Epoch: 5, loss: 10.411370944976806, eval loss: [NA]
Epoch: 6, loss: 10.331533427238464, eval loss: [NA]
Epoch: 7, loss: 10.319933385849, eval loss: [NA]
Epoch: 8, loss: 10.300892777442932, eval loss: [NA]
Epoch: 9, loss: 10.29243679523468, eval loss: [NA]
Epoch: 10, loss: 10.247359256744385, eval loss: [NA]
Epoch: 11, loss: 10.260567660331725, eval loss: [NA]
Epoch: 12, loss: 10.263877129554748, eval loss: [NA]
Epoch: 13, loss: 10.218893051147461, eval loss: [NA]
Epoch: 14, loss: 10.21488498210907, eval loss: [NA]
Epoch: 15, loss: 10.208205485343933, eval loss: [NA]
Epoch: 16, loss: 10.210268139839172, eval loss: [NA]
Epoch: 17, loss: 10.201306610107421, eval loss: [NA]
Epoch: 18, loss: 10.230629200935363, eval loss: [NA]
Epoch: 19, loss: 10.21161754131317, eval loss: [NA]
Epoch: 20, loss: 10.191063256263734, eval loss: [NA]
Epoch: 21, loss: 10.192882747650147, eval loss: [NA]
Epoch: 22, loss: 10.181098923683166, eval loss: [NA]
Epoch: 23, loss: 10.177675638198853, eval loss: [NA]
Epoch: 24, loss: 10.170069198608399, eval loss: [NA]
start update posterior model from prior pred - hot start
Epoch: 0, loss: 2.563486788868904, eval loss: [NA]
Epoch: 1, loss: 1.1439805728197099, eval loss: [NA]
Epoch: 2, loss: 0.7744223663210869, eval loss: [NA]
Epoch: 3, loss: 0.6235105863213539, eval loss: [NA]
Epoch: 4, loss: 0.5928127373754978, eval loss: [NA]
start update posterior model
Epoch: 0, loss: 14.93267140865326, eval loss: [NA]
Epoch: 1, loss: 14.795879254341125, eval loss: [NA]
Epoch: 2, loss: 14.825994982719422, eval loss: [NA]
Epoch: 3, loss: 14.77568959236145, eval loss: [NA]
Epoch: 4, loss: 14.793245463371276, eval loss: [NA]
Epoch: 5, loss: 14.81283263683319, eval loss: [NA]
Epoch: 6, loss: 14.803876791000366, eval loss: [NA]
Epoch: 7, loss: 14.786941051483154, eval loss: [NA]
Epoch: 8, loss: 14.774612212181092, eval loss: [NA]
Epoch: 9, loss: 14.781407685279847, eval loss: [NA]
Epoch: 10, loss: 14.769153170585632, eval loss: [NA]
Epoch: 11, loss: 14.783338041305543, eval loss: [NA]
Epoch: 12, loss: 14.78299554347992, eval loss: [NA]
Epoch: 13, loss: 14.765832061767577, eval loss: [NA]
Epoch: 14, loss: 14.780390958786011, eval loss: [NA]
Epoch: 15, loss: 14.776070551872253, eval loss: [NA]
Epoch: 16, loss: 14.785963301658631, eval loss: [NA]
Epoch: 17, loss: 14.782953481674195, eval loss: [NA]
Epoch: 18, loss: 14.780019693374634, eval loss: [NA]
Epoch: 19, loss: 14.767900862693786, eval loss: [NA]
Epoch: 20, loss: 14.768965721130371, eval loss: [NA]
Epoch: 21, loss: 14.779899983406066, eval loss: [NA]
Epoch: 22, loss: 14.769391770362853, eval loss: [NA]
Epoch: 23, loss: 14.775107235908509, eval loss: [NA]
Epoch: 24, loss: 14.764007639884948, eval loss: [NA]
Epoch: 25, loss: 14.777286825180054, eval loss: [NA]
Epoch: 26, loss: 14.767833981513977, eval loss: [NA]
Epoch: 27, loss: 14.7663822889328, eval loss: [NA]
Epoch: 28, loss: 14.77922212600708, eval loss: [NA]
Epoch: 29, loss: 14.769878439903259, eval loss: [NA]
Iteration: 2
start update likelihood model
Epoch: 0, loss: 10.379447379112243, eval loss: [NA]
Epoch: 1, loss: 10.266344480514526, eval loss: [NA]
Epoch: 2, loss: 10.241856808662414, eval loss: [NA]
Epoch: 3, loss: 10.224304308891297, eval loss: [NA]
Epoch: 4, loss: 10.181999373435975, eval loss: [NA]
Epoch: 5, loss: 10.206111478805543, eval loss: [NA]
Epoch: 6, loss: 10.18283152103424, eval loss: [NA]
Epoch: 7, loss: 10.177663774490357, eval loss: [NA]
Epoch: 8, loss: 10.189059572219849, eval loss: [NA]
Epoch: 9, loss: 10.180375428199769, eval loss: [NA]
Epoch: 10, loss: 10.165225014686584, eval loss: [NA]
Epoch: 11, loss: 10.177182230949402, eval loss: [NA]
Epoch: 12, loss: 10.17258626461029, eval loss: [NA]
Epoch: 13, loss: 10.17723895072937, eval loss: [NA]
Epoch: 14, loss: 10.16899752140045, eval loss: [NA]
Epoch: 15, loss: 10.181270503997803, eval loss: [NA]
Epoch: 16, loss: 10.177491207122802, eval loss: [NA]
Epoch: 17, loss: 10.167478017807007, eval loss: [NA]
Epoch: 18, loss: 10.178382635116577, eval loss: [NA]
Epoch: 19, loss: 10.180545496940614, eval loss: [NA]
Epoch: 20, loss: 10.177251229286194, eval loss: [NA]
Epoch: 21, loss: 10.16761519908905, eval loss: [NA]
Epoch: 22, loss: 10.153464603424073, eval loss: [NA]
Epoch: 23, loss: 10.158270649909973, eval loss: [NA]
Epoch: 24, loss: 10.171672086715699, eval loss: [NA]
Epoch: 25, loss: 10.154222679138183, eval loss: [NA]
Epoch: 26, loss: 10.1389120388031, eval loss: [NA]
Epoch: 27, loss: 10.154535427093506, eval loss: [NA]
Epoch: 28, loss: 10.144841370582581, eval loss: [NA]
Epoch: 29, loss: 10.164382410049438, eval loss: [NA]
start update posterior model
Epoch: 0, loss: 13.322596688270568, eval loss: [NA]
Epoch: 1, loss: 13.314184637069703, eval loss: [NA]
Epoch: 2, loss: 13.314643445014953, eval loss: [NA]
Epoch: 3, loss: 13.309079580307007, eval loss: [NA]
Epoch: 4, loss: 13.315044498443603, eval loss: [NA]
Epoch: 5, loss: 13.310581378936767, eval loss: [NA]
Epoch: 6, loss: 13.30703827381134, eval loss: [NA]
Epoch: 7, loss: 13.299771380424499, eval loss: [NA]
Epoch: 8, loss: 13.301541910171508, eval loss: [NA]
Epoch: 9, loss: 13.309247784614563, eval loss: [NA]
Epoch: 10, loss: 13.31024079799652, eval loss: [NA]
Epoch: 11, loss: 13.302995958328246, eval loss: [NA]
Epoch: 12, loss: 13.320493836402893, eval loss: [NA]
Epoch: 13, loss: 13.316690111160279, eval loss: [NA]
Epoch: 14, loss: 13.317105660438537, eval loss: [NA]
Epoch: 15, loss: 13.297771635055541, eval loss: [NA]
Epoch: 16, loss: 13.303045330047608, eval loss: [NA]
Epoch: 17, loss: 13.310723128318786, eval loss: [NA]
Epoch: 18, loss: 13.307006435394287, eval loss: [NA]
Epoch: 19, loss: 13.304561080932617, eval loss: [NA]
Epoch: 20, loss: 13.30578100681305, eval loss: [NA]
Epoch: 21, loss: 13.301028208732605, eval loss: [NA]
Epoch: 22, loss: 13.308548703193665, eval loss: [NA]
Epoch: 23, loss: 13.314913086891174, eval loss: [NA]
Epoch: 24, loss: 13.305403370857238, eval loss: [NA]
Epoch: 25, loss: 13.304971113204957, eval loss: [NA]
Epoch: 26, loss: 13.313861837387085, eval loss: [NA]
Epoch: 27, loss: 13.306179194450378, eval loss: [NA]
Epoch: 28, loss: 13.299855537414551, eval loss: [NA]
Epoch: 29, loss: 13.303238067626953, eval loss: [NA]
Iteration: 3
start update likelihood model
Epoch: 0, loss: 10.130291266441345, eval loss: [NA]
Epoch: 1, loss: 10.121802859306335, eval loss: [NA]
Epoch: 2, loss: 10.108550519943238, eval loss: [NA]
Epoch: 3, loss: 10.107085208892823, eval loss: [NA]
Epoch: 4, loss: 10.123515605926514, eval loss: [NA]
Epoch: 5, loss: 10.097950525283814, eval loss: [NA]
Epoch: 6, loss: 10.096003684997559, eval loss: [NA]
Epoch: 7, loss: 10.101726112365723, eval loss: [NA]
Epoch: 8, loss: 10.092604913711547, eval loss: [NA]
Epoch: 9, loss: 10.092152280807495, eval loss: [NA]
Epoch: 10, loss: 10.091332464218139, eval loss: [NA]
Epoch: 11, loss: 10.10439754486084, eval loss: [NA]
Epoch: 12, loss: 10.08228045463562, eval loss: [NA]
Epoch: 13, loss: 10.089553389549256, eval loss: [NA]
Epoch: 14, loss: 10.10452709197998, eval loss: [NA]
Epoch: 15, loss: 10.093452920913697, eval loss: [NA]
Epoch: 16, loss: 10.07899757862091, eval loss: [NA]
Epoch: 17, loss: 10.069490904808044, eval loss: [NA]
Epoch: 18, loss: 10.081522226333618, eval loss: [NA]
Epoch: 19, loss: 10.069524822235108, eval loss: [NA]
Epoch: 20, loss: 10.065500679016113, eval loss: [NA]
Epoch: 21, loss: 10.06663167476654, eval loss: [NA]
Epoch: 22, loss: 10.060959167480469, eval loss: [NA]
Epoch: 23, loss: 10.063261647224426, eval loss: [NA]
Epoch: 24, loss: 10.059890856742859, eval loss: [NA]
Epoch: 25, loss: 10.075129780769348, eval loss: [NA]
Epoch: 26, loss: 10.078311519622803, eval loss: [NA]
Epoch: 27, loss: 10.061497273445129, eval loss: [NA]
Epoch: 28, loss: 10.076375780105591, eval loss: [NA]
Epoch: 29, loss: 10.060031843185424, eval loss: [NA]
start update posterior model
Epoch: 0, loss: 13.419000725746155, eval loss: [NA]
Epoch: 1, loss: 13.426306638717652, eval loss: [NA]
Epoch: 2, loss: 13.420594682693482, eval loss: [NA]
Epoch: 3, loss: 13.42699809551239, eval loss: [NA]
Epoch: 4, loss: 13.416854104995728, eval loss: [NA]
Epoch: 5, loss: 13.430350761413575, eval loss: [NA]
Epoch: 6, loss: 13.424693603515625, eval loss: [NA]
Epoch: 7, loss: 13.415531830787659, eval loss: [NA]
Epoch: 8, loss: 13.421933073997497, eval loss: [NA]
Epoch: 9, loss: 13.419944968223572, eval loss: [NA]
Epoch: 10, loss: 13.428528971672058, eval loss: [NA]
Epoch: 11, loss: 13.426920595169067, eval loss: [NA]
Epoch: 12, loss: 13.420842399597168, eval loss: [NA]
Epoch: 13, loss: 13.423091406822204, eval loss: [NA]
Epoch: 14, loss: 13.417623600959779, eval loss: [NA]
Epoch: 15, loss: 13.437134013175964, eval loss: [NA]
Epoch: 16, loss: 13.415866265296936, eval loss: [NA]
Epoch: 17, loss: 13.420562200546264, eval loss: [NA]
Epoch: 18, loss: 13.431169505119323, eval loss: [NA]
Epoch: 19, loss: 13.425745182037353, eval loss: [NA]
Epoch: 20, loss: 13.417720050811768, eval loss: [NA]
Epoch: 21, loss: 13.419072313308716, eval loss: [NA]
Epoch: 22, loss: 13.43029450416565, eval loss: [NA]
Epoch: 23, loss: 13.421003742218018, eval loss: [NA]
Epoch: 24, loss: 13.424408397674561, eval loss: [NA]
Epoch: 25, loss: 13.422706642150878, eval loss: [NA]
Epoch: 26, loss: 13.41764983177185, eval loss: [NA]
Epoch: 27, loss: 13.422722816467285, eval loss: [NA]
Epoch: 28, loss: 13.420457892417907, eval loss: [NA]
Epoch: 29, loss: 13.420627760887147, eval loss: [NA]
Iteration: 4
start update likelihood model
Epoch: 0, loss: 10.098492674827575, eval loss: [NA]
Epoch: 1, loss: 10.085134420394898, eval loss: [NA]
Epoch: 2, loss: 10.078182768821716, eval loss: [NA]
Epoch: 3, loss: 10.08861180305481, eval loss: [NA]
Epoch: 4, loss: 10.08394136428833, eval loss: [NA]
Epoch: 5, loss: 10.080148606300353, eval loss: [NA]
Epoch: 6, loss: 10.06954885482788, eval loss: [NA]
Epoch: 7, loss: 10.071376132965089, eval loss: [NA]
Epoch: 8, loss: 10.07663049697876, eval loss: [NA]
Epoch: 9, loss: 10.08557698249817, eval loss: [NA]
Epoch: 10, loss: 10.067375149726868, eval loss: [NA]
Epoch: 11, loss: 10.06301263332367, eval loss: [NA]
Epoch: 12, loss: 10.069215931892394, eval loss: [NA]
Epoch: 13, loss: 10.071236200332642, eval loss: [NA]
Epoch: 14, loss: 10.08092179298401, eval loss: [NA]
Epoch: 15, loss: 10.062131695747375, eval loss: [NA]
Epoch: 16, loss: 10.062889318466187, eval loss: [NA]
Epoch: 17, loss: 10.060764746665955, eval loss: [NA]
Epoch: 18, loss: 10.05249391555786, eval loss: [NA]
Epoch: 19, loss: 10.05524808883667, eval loss: [NA]
Epoch: 20, loss: 10.062296094894409, eval loss: [NA]
Epoch: 21, loss: 10.063206992149354, eval loss: [NA]
Epoch: 22, loss: 10.046580858230591, eval loss: [NA]
Epoch: 23, loss: 10.046210012435914, eval loss: [NA]
Epoch: 24, loss: 10.04894534111023, eval loss: [NA]
Epoch: 25, loss: 10.048910779953003, eval loss: [NA]
Epoch: 26, loss: 10.036909713745118, eval loss: [NA]
Epoch: 27, loss: 10.052751960754394, eval loss: [NA]
Epoch: 28, loss: 10.035222158432006, eval loss: [NA]
Epoch: 29, loss: 10.038505148887634, eval loss: [NA]
start update posterior model
Epoch: 0, loss: 13.839412212371826, eval loss: [NA]
Epoch: 1, loss: 13.843752121925354, eval loss: [NA]
Epoch: 2, loss: 13.838833980560302, eval loss: [NA]
Epoch: 3, loss: 13.845440440177917, eval loss: [NA]
Epoch: 4, loss: 13.842505888938904, eval loss: [NA]
Epoch: 5, loss: 13.836482267379761, eval loss: [NA]
Epoch: 6, loss: 13.840126633644104, eval loss: [NA]
Epoch: 7, loss: 13.844796228408814, eval loss: [NA]
Epoch: 8, loss: 13.838757915496826, eval loss: [NA]
Epoch: 9, loss: 13.836599597930908, eval loss: [NA]
Epoch: 10, loss: 13.845252456665039, eval loss: [NA]
Epoch: 11, loss: 13.841021275520324, eval loss: [NA]
Epoch: 12, loss: 13.834448337554932, eval loss: [NA]
Epoch: 13, loss: 13.836151323318482, eval loss: [NA]
Epoch: 14, loss: 13.836136045455932, eval loss: [NA]
Epoch: 15, loss: 13.838889689445496, eval loss: [NA]
Epoch: 16, loss: 13.843646478652953, eval loss: [NA]
Epoch: 17, loss: 13.834634122848511, eval loss: [NA]
Epoch: 18, loss: 13.83664514541626, eval loss: [NA]
Epoch: 19, loss: 13.846700496673584, eval loss: [NA]
Epoch: 20, loss: 13.839731273651124, eval loss: [NA]
Epoch: 21, loss: 13.837648916244508, eval loss: [NA]
Epoch: 22, loss: 13.83586037158966, eval loss: [NA]
Epoch: 23, loss: 13.8390371799469, eval loss: [NA]
Epoch: 24, loss: 13.839663672447205, eval loss: [NA]
Epoch: 25, loss: 13.838384184837341, eval loss: [NA]
Epoch: 26, loss: 13.829813256263733, eval loss: [NA]
Epoch: 27, loss: 13.835642576217651, eval loss: [NA]
Epoch: 28, loss: 13.83562674999237, eval loss: [NA]
Epoch: 29, loss: 13.841529502868653, eval loss: [NA]

Runtime:584.34
[2.748971745607958e+21, 0.073, 0.0121, 0.0271]
[254049681408.0, 1.3391, 1.2475, 1.272]
[7905615544320.0, 1.3874, 1.3962, 1.4006]
KL div untrained: 5.701746391657524e+19
KL div trained: 0.0076
